[0.088s] Invoking command in '/home/s2c2/Desktop/SESASR/lab05/build/landmark_msgs': CMAKE_PREFIX_PATH=${CMAKE_PREFIX_PATH}:/home/s2c2/Desktop/SESASR/lab05/install/turtlebot3_perception:/home/s2c2/Desktop/SESASR/lab05/install/pf_pkg:/opt/ros/humble /usr/bin/cmake --build /home/s2c2/Desktop/SESASR/lab05/build/landmark_msgs -- -j4 -l4
[0.975s] [  2%] Built target landmark_msgs__cpp
[0.976s] [ 12%] Built target landmark_msgs__rosidl_generator_c
[0.976s] [ 12%] Built target ament_cmake_python_copy_landmark_msgs
[0.976s] [ 33%] Built target landmark_msgs__rosidl_typesupport_fastrtps_cpp
[0.977s] [ 33%] Built target landmark_msgs__rosidl_typesupport_cpp
[0.977s] [ 43%] Built target landmark_msgs__rosidl_typesupport_introspection_cpp
[0.980s] [ 53%] Built target landmark_msgs__rosidl_typesupport_fastrtps_c
[0.982s] [ 64%] Built target landmark_msgs__rosidl_typesupport_c
[0.985s] [ 74%] Built target landmark_msgs__rosidl_typesupport_introspection_c
[0.987s] [ 74%] Built target landmark_msgs
[0.988s] [ 76%] Built target landmark_msgs__py
[0.988s] [ 84%] Built target landmark_msgs__rosidl_generator_py
[0.990s] [ 89%] Built target landmark_msgs__rosidl_typesupport_introspection_c__pyext
[0.990s] [ 94%] Built target landmark_msgs__rosidl_typesupport_fastrtps_c__pyext
[0.991s] [100%] Built target landmark_msgs__rosidl_typesupport_c__pyext
[1.460s] running egg_info
[1.460s] writing landmark_msgs.egg-info/PKG-INFO
[1.460s] writing dependency_links to landmark_msgs.egg-info/dependency_links.txt
[1.460s] writing top-level names to landmark_msgs.egg-info/top_level.txt
[1.475s] reading manifest file 'landmark_msgs.egg-info/SOURCES.txt'
[1.475s] writing manifest file 'landmark_msgs.egg-info/SOURCES.txt'
[1.670s] [100%] Built target ament_cmake_python_build_landmark_msgs_egg
[1.780s] Invoked command in '/home/s2c2/Desktop/SESASR/lab05/build/landmark_msgs' returned '0': CMAKE_PREFIX_PATH=${CMAKE_PREFIX_PATH}:/home/s2c2/Desktop/SESASR/lab05/install/turtlebot3_perception:/home/s2c2/Desktop/SESASR/lab05/install/pf_pkg:/opt/ros/humble /usr/bin/cmake --build /home/s2c2/Desktop/SESASR/lab05/build/landmark_msgs -- -j4 -l4
[1.787s] Invoking command in '/home/s2c2/Desktop/SESASR/lab05/build/landmark_msgs': CMAKE_PREFIX_PATH=${CMAKE_PREFIX_PATH}:/home/s2c2/Desktop/SESASR/lab05/install/turtlebot3_perception:/home/s2c2/Desktop/SESASR/lab05/install/pf_pkg:/opt/ros/humble /usr/bin/cmake --install /home/s2c2/Desktop/SESASR/lab05/build/landmark_msgs
[1.819s] -- Install configuration: ""
[1.829s] -- Up-to-date: /home/s2c2/Desktop/SESASR/lab05/install/landmark_msgs/share/ament_index/resource_index/rosidl_interfaces/landmark_msgs
[1.830s] -- Up-to-date: /home/s2c2/Desktop/SESASR/lab05/install/landmark_msgs/include/landmark_msgs/landmark_msgs
[1.830s] -- Up-to-date: /home/s2c2/Desktop/SESASR/lab05/install/landmark_msgs/include/landmark_msgs/landmark_msgs/msg
[1.830s] -- Up-to-date: /home/s2c2/Desktop/SESASR/lab05/install/landmark_msgs/include/landmark_msgs/landmark_msgs/msg/rosidl_generator_c__visibility_control.h
[1.830s] -- Up-to-date: /home/s2c2/Desktop/SESASR/lab05/install/landmark_msgs/include/landmark_msgs/landmark_msgs/msg/detail
[1.830s] -- Up-to-date: /home/s2c2/Desktop/SESASR/lab05/install/landmark_msgs/include/landmark_msgs/landmark_msgs/msg/detail/landmark__type_support.h
[1.830s] -- Up-to-date: /home/s2c2/Desktop/SESASR/lab05/install/landmark_msgs/include/landmark_msgs/landmark_msgs/msg/detail/landmark_array__struct.h
[1.830s] -- Up-to-date: /home/s2c2/Desktop/SESASR/lab05/install/landmark_msgs/include/landmark_msgs/landmark_msgs/msg/detail/landmark__functions.c
[1.831s] -- Up-to-date: /home/s2c2/Desktop/SESASR/lab05/install/landmark_msgs/include/landmark_msgs/landmark_msgs/msg/detail/landmark_array__functions.c
[1.831s] -- Up-to-date: /home/s2c2/Desktop/SESASR/lab05/install/landmark_msgs/include/landmark_msgs/landmark_msgs/msg/detail/landmark__struct.h
[1.831s] -- Up-to-date: /home/s2c2/Desktop/SESASR/lab05/install/landmark_msgs/include/landmark_msgs/landmark_msgs/msg/detail/landmark_array__functions.h
[1.831s] -- Up-to-date: /home/s2c2/Desktop/SESASR/lab05/install/landmark_msgs/include/landmark_msgs/landmark_msgs/msg/detail/landmark__functions.h
[1.831s] -- Up-to-date: /home/s2c2/Desktop/SESASR/lab05/install/landmark_msgs/include/landmark_msgs/landmark_msgs/msg/detail/landmark_array__type_support.h
[1.832s] -- Up-to-date: /home/s2c2/Desktop/SESASR/lab05/install/landmark_msgs/include/landmark_msgs/landmark_msgs/msg/landmark.h
[1.832s] -- Up-to-date: /home/s2c2/Desktop/SESASR/lab05/install/landmark_msgs/include/landmark_msgs/landmark_msgs/msg/landmark_array.h
[1.832s] -- Up-to-date: /home/s2c2/Desktop/SESASR/lab05/install/landmark_msgs/share/landmark_msgs/environment/library_path.sh
[1.832s] -- Up-to-date: /home/s2c2/Desktop/SESASR/lab05/install/landmark_msgs/share/landmark_msgs/environment/library_path.dsv
[1.832s] -- Up-to-date: /home/s2c2/Desktop/SESASR/lab05/install/landmark_msgs/lib/liblandmark_msgs__rosidl_generator_c.so
[1.832s] -- Up-to-date: /home/s2c2/Desktop/SESASR/lab05/install/landmark_msgs/include/landmark_msgs/landmark_msgs
[1.832s] -- Up-to-date: /home/s2c2/Desktop/SESASR/lab05/install/landmark_msgs/include/landmark_msgs/landmark_msgs/msg
[1.833s] -- Up-to-date: /home/s2c2/Desktop/SESASR/lab05/install/landmark_msgs/include/landmark_msgs/landmark_msgs/msg/rosidl_typesupport_fastrtps_c__visibility_control.h
[1.833s] -- Up-to-date: /home/s2c2/Desktop/SESASR/lab05/install/landmark_msgs/include/landmark_msgs/landmark_msgs/msg/detail
[1.840s] -- Up-to-date: /home/s2c2/Desktop/SESASR/lab05/install/landmark_msgs/include/landmark_msgs/landmark_msgs/msg/detail/landmark_array__rosidl_typesupport_fastrtps_c.h
[1.841s] -- Up-to-date: /home/s2c2/Desktop/SESASR/lab05/install/landmark_msgs/include/landmark_msgs/landmark_msgs/msg/detail/landmark__rosidl_typesupport_fastrtps_c.h
[1.841s] -- Up-to-date: /home/s2c2/Desktop/SESASR/lab05/install/landmark_msgs/lib/liblandmark_msgs__rosidl_typesupport_fastrtps_c.so
[1.841s] -- Up-to-date: /home/s2c2/Desktop/SESASR/lab05/install/landmark_msgs/include/landmark_msgs/landmark_msgs
[1.842s] -- Up-to-date: /home/s2c2/Desktop/SESASR/lab05/install/landmark_msgs/include/landmark_msgs/landmark_msgs/msg
[1.842s] -- Up-to-date: /home/s2c2/Desktop/SESASR/lab05/install/landmark_msgs/include/landmark_msgs/landmark_msgs/msg/detail
[1.842s] -- Up-to-date: /home/s2c2/Desktop/SESASR/lab05/install/landmark_msgs/include/landmark_msgs/landmark_msgs/msg/detail/landmark_array__type_support.c
[1.842s] -- Up-to-date: /home/s2c2/Desktop/SESASR/lab05/install/landmark_msgs/include/landmark_msgs/landmark_msgs/msg/detail/landmark__rosidl_typesupport_introspection_c.h
[1.842s] -- Up-to-date: /home/s2c2/Desktop/SESASR/lab05/install/landmark_msgs/include/landmark_msgs/landmark_msgs/msg/detail/landmark__type_support.c
[1.843s] -- Up-to-date: /home/s2c2/Desktop/SESASR/lab05/install/landmark_msgs/include/landmark_msgs/landmark_msgs/msg/detail/landmark_array__rosidl_typesupport_introspection_c.h
[1.843s] -- Up-to-date: /home/s2c2/Desktop/SESASR/lab05/install/landmark_msgs/include/landmark_msgs/landmark_msgs/msg/rosidl_typesupport_introspection_c__visibility_control.h
[1.843s] -- Up-to-date: /home/s2c2/Desktop/SESASR/lab05/install/landmark_msgs/lib/liblandmark_msgs__rosidl_typesupport_introspection_c.so
[1.843s] -- Up-to-date: /home/s2c2/Desktop/SESASR/lab05/install/landmark_msgs/lib/liblandmark_msgs__rosidl_typesupport_c.so
[1.850s] -- Up-to-date: /home/s2c2/Desktop/SESASR/lab05/install/landmark_msgs/include/landmark_msgs/landmark_msgs
[1.850s] -- Up-to-date: /home/s2c2/Desktop/SESASR/lab05/install/landmark_msgs/include/landmark_msgs/landmark_msgs/msg
[1.850s] -- Up-to-date: /home/s2c2/Desktop/SESASR/lab05/install/landmark_msgs/include/landmark_msgs/landmark_msgs/msg/detail
[1.850s] -- Up-to-date: /home/s2c2/Desktop/SESASR/lab05/install/landmark_msgs/include/landmark_msgs/landmark_msgs/msg/detail/landmark__struct.hpp
[1.850s] -- Up-to-date: /home/s2c2/Desktop/SESASR/lab05/install/landmark_msgs/include/landmark_msgs/landmark_msgs/msg/detail/landmark__type_support.hpp
[1.851s] -- Up-to-date: /home/s2c2/Desktop/SESASR/lab05/install/landmark_msgs/include/landmark_msgs/landmark_msgs/msg/detail/landmark__builder.hpp
[1.851s] -- Up-to-date: /home/s2c2/Desktop/SESASR/lab05/install/landmark_msgs/include/landmark_msgs/landmark_msgs/msg/detail/landmark_array__traits.hpp
[1.851s] -- Up-to-date: /home/s2c2/Desktop/SESASR/lab05/install/landmark_msgs/include/landmark_msgs/landmark_msgs/msg/detail/landmark__traits.hpp
[1.851s] -- Up-to-date: /home/s2c2/Desktop/SESASR/lab05/install/landmark_msgs/include/landmark_msgs/landmark_msgs/msg/detail/landmark_array__struct.hpp
[1.851s] -- Up-to-date: /home/s2c2/Desktop/SESASR/lab05/install/landmark_msgs/include/landmark_msgs/landmark_msgs/msg/detail/landmark_array__type_support.hpp
[1.852s] -- Up-to-date: /home/s2c2/Desktop/SESASR/lab05/install/landmark_msgs/include/landmark_msgs/landmark_msgs/msg/detail/landmark_array__builder.hpp
[1.852s] -- Up-to-date: /home/s2c2/Desktop/SESASR/lab05/install/landmark_msgs/include/landmark_msgs/landmark_msgs/msg/rosidl_generator_cpp__visibility_control.hpp
[1.852s] -- Up-to-date: /home/s2c2/Desktop/SESASR/lab05/install/landmark_msgs/include/landmark_msgs/landmark_msgs/msg/landmark_array.hpp
[1.852s] -- Up-to-date: /home/s2c2/Desktop/SESASR/lab05/install/landmark_msgs/include/landmark_msgs/landmark_msgs/msg/landmark.hpp
[1.852s] -- Up-to-date: /home/s2c2/Desktop/SESASR/lab05/install/landmark_msgs/include/landmark_msgs/landmark_msgs
[1.853s] -- Up-to-date: /home/s2c2/Desktop/SESASR/lab05/install/landmark_msgs/include/landmark_msgs/landmark_msgs/msg
[1.853s] -- Up-to-date: /home/s2c2/Desktop/SESASR/lab05/install/landmark_msgs/include/landmark_msgs/landmark_msgs/msg/rosidl_typesupport_fastrtps_cpp__visibility_control.h
[1.853s] -- Up-to-date: /home/s2c2/Desktop/SESASR/lab05/install/landmark_msgs/include/landmark_msgs/landmark_msgs/msg/detail
[1.865s] -- Up-to-date: /home/s2c2/Desktop/SESASR/lab05/install/landmark_msgs/include/landmark_msgs/landmark_msgs/msg/detail/landmark__rosidl_typesupport_fastrtps_cpp.hpp
[1.866s] -- Up-to-date: /home/s2c2/Desktop/SESASR/lab05/install/landmark_msgs/include/landmark_msgs/landmark_msgs/msg/detail/dds_fastrtps
[1.866s] -- Up-to-date: /home/s2c2/Desktop/SESASR/lab05/install/landmark_msgs/include/landmark_msgs/landmark_msgs/msg/detail/landmark_array__rosidl_typesupport_fastrtps_cpp.hpp
[1.867s] -- Up-to-date: /home/s2c2/Desktop/SESASR/lab05/install/landmark_msgs/lib/liblandmark_msgs__rosidl_typesupport_fastrtps_cpp.so
[1.867s] -- Up-to-date: /home/s2c2/Desktop/SESASR/lab05/install/landmark_msgs/include/landmark_msgs/landmark_msgs
[1.868s] -- Up-to-date: /home/s2c2/Desktop/SESASR/lab05/install/landmark_msgs/include/landmark_msgs/landmark_msgs/msg
[1.868s] -- Up-to-date: /home/s2c2/Desktop/SESASR/lab05/install/landmark_msgs/include/landmark_msgs/landmark_msgs/msg/detail
[1.874s] -- Up-to-date: /home/s2c2/Desktop/SESASR/lab05/install/landmark_msgs/include/landmark_msgs/landmark_msgs/msg/detail/landmark_array__rosidl_typesupport_introspection_cpp.hpp
[1.875s] -- Up-to-date: /home/s2c2/Desktop/SESASR/lab05/install/landmark_msgs/include/landmark_msgs/landmark_msgs/msg/detail/landmark__rosidl_typesupport_introspection_cpp.hpp
[1.875s] -- Up-to-date: /home/s2c2/Desktop/SESASR/lab05/install/landmark_msgs/include/landmark_msgs/landmark_msgs/msg/detail/landmark__type_support.cpp
[1.875s] -- Up-to-date: /home/s2c2/Desktop/SESASR/lab05/install/landmark_msgs/include/landmark_msgs/landmark_msgs/msg/detail/landmark_array__type_support.cpp
[1.884s] -- Up-to-date: /home/s2c2/Desktop/SESASR/lab05/install/landmark_msgs/lib/liblandmark_msgs__rosidl_typesupport_introspection_cpp.so
[1.891s] -- Up-to-date: /home/s2c2/Desktop/SESASR/lab05/install/landmark_msgs/lib/liblandmark_msgs__rosidl_typesupport_cpp.so
[1.892s] -- Up-to-date: /home/s2c2/Desktop/SESASR/lab05/install/landmark_msgs/share/landmark_msgs/environment/pythonpath.sh
[1.892s] -- Up-to-date: /home/s2c2/Desktop/SESASR/lab05/install/landmark_msgs/share/landmark_msgs/environment/pythonpath.dsv
[1.892s] -- Up-to-date: /home/s2c2/Desktop/SESASR/lab05/install/landmark_msgs/local/lib/python3.10/dist-packages/landmark_msgs-0.0.0-py3.10.egg-info
[1.895s] -- Installing: /home/s2c2/Desktop/SESASR/lab05/install/landmark_msgs/local/lib/python3.10/dist-packages/landmark_msgs-0.0.0-py3.10.egg-info/PKG-INFO
[1.895s] -- Installing: /home/s2c2/Desktop/SESASR/lab05/install/landmark_msgs/local/lib/python3.10/dist-packages/landmark_msgs-0.0.0-py3.10.egg-info/top_level.txt
[1.902s] -- Installing: /home/s2c2/Desktop/SESASR/lab05/install/landmark_msgs/local/lib/python3.10/dist-packages/landmark_msgs-0.0.0-py3.10.egg-info/SOURCES.txt
[1.902s] -- Installing: /home/s2c2/Desktop/SESASR/lab05/install/landmark_msgs/local/lib/python3.10/dist-packages/landmark_msgs-0.0.0-py3.10.egg-info/dependency_links.txt
[1.903s] -- Up-to-date: /home/s2c2/Desktop/SESASR/lab05/install/landmark_msgs/local/lib/python3.10/dist-packages/landmark_msgs
[1.903s] -- Up-to-date: /home/s2c2/Desktop/SESASR/lab05/install/landmark_msgs/local/lib/python3.10/dist-packages/landmark_msgs/liblandmark_msgs__rosidl_generator_py.so
[1.907s] -- Up-to-date: /home/s2c2/Desktop/SESASR/lab05/install/landmark_msgs/local/lib/python3.10/dist-packages/landmark_msgs/landmark_msgs_s__rosidl_typesupport_introspection_c.cpython-310-x86_64-linux-gnu.so
[1.907s] -- Up-to-date: /home/s2c2/Desktop/SESASR/lab05/install/landmark_msgs/local/lib/python3.10/dist-packages/landmark_msgs/_landmark_msgs_s.ep.rosidl_typesupport_fastrtps_c.c
[1.908s] -- Up-to-date: /home/s2c2/Desktop/SESASR/lab05/install/landmark_msgs/local/lib/python3.10/dist-packages/landmark_msgs/__init__.py
[1.908s] -- Up-to-date: /home/s2c2/Desktop/SESASR/lab05/install/landmark_msgs/local/lib/python3.10/dist-packages/landmark_msgs/landmark_msgs_s__rosidl_typesupport_fastrtps_c.cpython-310-x86_64-linux-gnu.so
[1.908s] -- Up-to-date: /home/s2c2/Desktop/SESASR/lab05/install/landmark_msgs/local/lib/python3.10/dist-packages/landmark_msgs/_landmark_msgs_s.ep.rosidl_typesupport_c.c
[1.909s] -- Up-to-date: /home/s2c2/Desktop/SESASR/lab05/install/landmark_msgs/local/lib/python3.10/dist-packages/landmark_msgs/msg
[1.909s] -- Up-to-date: /home/s2c2/Desktop/SESASR/lab05/install/landmark_msgs/local/lib/python3.10/dist-packages/landmark_msgs/msg/__init__.py
[1.940s] -- Up-to-date: /home/s2c2/Desktop/SESASR/lab05/install/landmark_msgs/local/lib/python3.10/dist-packages/landmark_msgs/msg/_landmark.py
[1.940s] -- Up-to-date: /home/s2c2/Desktop/SESASR/lab05/install/landmark_msgs/local/lib/python3.10/dist-packages/landmark_msgs/msg/_landmark_array_s.c
[1.940s] -- Up-to-date: /home/s2c2/Desktop/SESASR/lab05/install/landmark_msgs/local/lib/python3.10/dist-packages/landmark_msgs/msg/_landmark_s.c
[1.940s] -- Up-to-date: /home/s2c2/Desktop/SESASR/lab05/install/landmark_msgs/local/lib/python3.10/dist-packages/landmark_msgs/msg/_landmark_array.py
[1.940s] -- Up-to-date: /home/s2c2/Desktop/SESASR/lab05/install/landmark_msgs/local/lib/python3.10/dist-packages/landmark_msgs/_landmark_msgs_s.ep.rosidl_typesupport_introspection_c.c
[1.941s] -- Up-to-date: /home/s2c2/Desktop/SESASR/lab05/install/landmark_msgs/local/lib/python3.10/dist-packages/landmark_msgs/landmark_msgs_s__rosidl_typesupport_c.cpython-310-x86_64-linux-gnu.so
[2.039s] Listing '/home/s2c2/Desktop/SESASR/lab05/install/landmark_msgs/local/lib/python3.10/dist-packages/landmark_msgs'...
[2.039s] Listing '/home/s2c2/Desktop/SESASR/lab05/install/landmark_msgs/local/lib/python3.10/dist-packages/landmark_msgs/msg'...
[2.049s] -- Up-to-date: /home/s2c2/Desktop/SESASR/lab05/install/landmark_msgs/local/lib/python3.10/dist-packages/landmark_msgs/landmark_msgs_s__rosidl_typesupport_fastrtps_c.cpython-310-x86_64-linux-gnu.so
[2.051s] -- Up-to-date: /home/s2c2/Desktop/SESASR/lab05/install/landmark_msgs/local/lib/python3.10/dist-packages/landmark_msgs/landmark_msgs_s__rosidl_typesupport_introspection_c.cpython-310-x86_64-linux-gnu.so
[2.054s] -- Up-to-date: /home/s2c2/Desktop/SESASR/lab05/install/landmark_msgs/local/lib/python3.10/dist-packages/landmark_msgs/landmark_msgs_s__rosidl_typesupport_c.cpython-310-x86_64-linux-gnu.so
[2.055s] -- Up-to-date: /home/s2c2/Desktop/SESASR/lab05/install/landmark_msgs/lib/liblandmark_msgs__rosidl_generator_py.so
[2.056s] -- Up-to-date: /home/s2c2/Desktop/SESASR/lab05/install/landmark_msgs/share/landmark_msgs/msg/Landmark.idl
[2.056s] -- Up-to-date: /home/s2c2/Desktop/SESASR/lab05/install/landmark_msgs/share/landmark_msgs/msg/LandmarkArray.idl
[2.059s] -- Up-to-date: /home/s2c2/Desktop/SESASR/lab05/install/landmark_msgs/share/landmark_msgs/msg/Landmark.msg
[2.060s] -- Up-to-date: /home/s2c2/Desktop/SESASR/lab05/install/landmark_msgs/share/landmark_msgs/msg/LandmarkArray.msg
[2.060s] -- Up-to-date: /home/s2c2/Desktop/SESASR/lab05/install/landmark_msgs/share/ament_index/resource_index/package_run_dependencies/landmark_msgs
[2.060s] -- Up-to-date: /home/s2c2/Desktop/SESASR/lab05/install/landmark_msgs/share/ament_index/resource_index/parent_prefix_path/landmark_msgs
[2.060s] -- Up-to-date: /home/s2c2/Desktop/SESASR/lab05/install/landmark_msgs/share/landmark_msgs/environment/ament_prefix_path.sh
[2.060s] -- Up-to-date: /home/s2c2/Desktop/SESASR/lab05/install/landmark_msgs/share/landmark_msgs/environment/ament_prefix_path.dsv
[2.060s] -- Up-to-date: /home/s2c2/Desktop/SESASR/lab05/install/landmark_msgs/share/landmark_msgs/environment/path.sh
[2.061s] -- Up-to-date: /home/s2c2/Desktop/SESASR/lab05/install/landmark_msgs/share/landmark_msgs/environment/path.dsv
[2.061s] -- Up-to-date: /home/s2c2/Desktop/SESASR/lab05/install/landmark_msgs/share/landmark_msgs/local_setup.bash
[2.061s] -- Up-to-date: /home/s2c2/Desktop/SESASR/lab05/install/landmark_msgs/share/landmark_msgs/local_setup.sh
[2.062s] -- Up-to-date: /home/s2c2/Desktop/SESASR/lab05/install/landmark_msgs/share/landmark_msgs/local_setup.zsh
[2.062s] -- Up-to-date: /home/s2c2/Desktop/SESASR/lab05/install/landmark_msgs/share/landmark_msgs/local_setup.dsv
[2.066s] -- Installing: /home/s2c2/Desktop/SESASR/lab05/install/landmark_msgs/share/landmark_msgs/package.dsv
[2.066s] -- Up-to-date: /home/s2c2/Desktop/SESASR/lab05/install/landmark_msgs/share/ament_index/resource_index/packages/landmark_msgs
[2.066s] -- Up-to-date: /home/s2c2/Desktop/SESASR/lab05/install/landmark_msgs/share/landmark_msgs/cmake/export_landmark_msgs__rosidl_generator_cExport.cmake
[2.067s] -- Up-to-date: /home/s2c2/Desktop/SESASR/lab05/install/landmark_msgs/share/landmark_msgs/cmake/export_landmark_msgs__rosidl_generator_cExport-noconfig.cmake
[2.070s] -- Up-to-date: /home/s2c2/Desktop/SESASR/lab05/install/landmark_msgs/share/landmark_msgs/cmake/export_landmark_msgs__rosidl_typesupport_fastrtps_cExport.cmake
[2.070s] -- Up-to-date: /home/s2c2/Desktop/SESASR/lab05/install/landmark_msgs/share/landmark_msgs/cmake/export_landmark_msgs__rosidl_typesupport_fastrtps_cExport-noconfig.cmake
[2.071s] -- Up-to-date: /home/s2c2/Desktop/SESASR/lab05/install/landmark_msgs/share/landmark_msgs/cmake/landmark_msgs__rosidl_typesupport_introspection_cExport.cmake
[2.071s] -- Up-to-date: /home/s2c2/Desktop/SESASR/lab05/install/landmark_msgs/share/landmark_msgs/cmake/landmark_msgs__rosidl_typesupport_introspection_cExport-noconfig.cmake
[2.075s] -- Up-to-date: /home/s2c2/Desktop/SESASR/lab05/install/landmark_msgs/share/landmark_msgs/cmake/landmark_msgs__rosidl_typesupport_cExport.cmake
[2.075s] -- Up-to-date: /home/s2c2/Desktop/SESASR/lab05/install/landmark_msgs/share/landmark_msgs/cmake/landmark_msgs__rosidl_typesupport_cExport-noconfig.cmake
[2.080s] -- Up-to-date: /home/s2c2/Desktop/SESASR/lab05/install/landmark_msgs/share/landmark_msgs/cmake/export_landmark_msgs__rosidl_generator_cppExport.cmake
[2.080s] -- Up-to-date: /home/s2c2/Desktop/SESASR/lab05/install/landmark_msgs/share/landmark_msgs/cmake/export_landmark_msgs__rosidl_typesupport_fastrtps_cppExport.cmake
[2.081s] -- Up-to-date: /home/s2c2/Desktop/SESASR/lab05/install/landmark_msgs/share/landmark_msgs/cmake/export_landmark_msgs__rosidl_typesupport_fastrtps_cppExport-noconfig.cmake
[2.086s] -- Up-to-date: /home/s2c2/Desktop/SESASR/lab05/install/landmark_msgs/share/landmark_msgs/cmake/landmark_msgs__rosidl_typesupport_introspection_cppExport.cmake
[2.088s] -- Up-to-date: /home/s2c2/Desktop/SESASR/lab05/install/landmark_msgs/share/landmark_msgs/cmake/landmark_msgs__rosidl_typesupport_introspection_cppExport-noconfig.cmake
[2.088s] -- Up-to-date: /home/s2c2/Desktop/SESASR/lab05/install/landmark_msgs/share/landmark_msgs/cmake/landmark_msgs__rosidl_typesupport_cppExport.cmake
[2.092s] -- Up-to-date: /home/s2c2/Desktop/SESASR/lab05/install/landmark_msgs/share/landmark_msgs/cmake/landmark_msgs__rosidl_typesupport_cppExport-noconfig.cmake
[2.095s] -- Up-to-date: /home/s2c2/Desktop/SESASR/lab05/install/landmark_msgs/share/landmark_msgs/cmake/export_landmark_msgs__rosidl_generator_pyExport.cmake
[2.099s] -- Up-to-date: /home/s2c2/Desktop/SESASR/lab05/install/landmark_msgs/share/landmark_msgs/cmake/export_landmark_msgs__rosidl_generator_pyExport-noconfig.cmake
[2.100s] -- Up-to-date: /home/s2c2/Desktop/SESASR/lab05/install/landmark_msgs/share/landmark_msgs/cmake/rosidl_cmake-extras.cmake
[2.100s] -- Up-to-date: /home/s2c2/Desktop/SESASR/lab05/install/landmark_msgs/share/landmark_msgs/cmake/ament_cmake_export_dependencies-extras.cmake
[2.100s] -- Up-to-date: /home/s2c2/Desktop/SESASR/lab05/install/landmark_msgs/share/landmark_msgs/cmake/ament_cmake_export_include_directories-extras.cmake
[2.101s] -- Up-to-date: /home/s2c2/Desktop/SESASR/lab05/install/landmark_msgs/share/landmark_msgs/cmake/ament_cmake_export_libraries-extras.cmake
[2.102s] -- Up-to-date: /home/s2c2/Desktop/SESASR/lab05/install/landmark_msgs/share/landmark_msgs/cmake/ament_cmake_export_targets-extras.cmake
[2.109s] -- Up-to-date: /home/s2c2/Desktop/SESASR/lab05/install/landmark_msgs/share/landmark_msgs/cmake/rosidl_cmake_export_typesupport_targets-extras.cmake
[2.109s] -- Up-to-date: /home/s2c2/Desktop/SESASR/lab05/install/landmark_msgs/share/landmark_msgs/cmake/rosidl_cmake_export_typesupport_libraries-extras.cmake
[2.110s] -- Up-to-date: /home/s2c2/Desktop/SESASR/lab05/install/landmark_msgs/share/landmark_msgs/cmake/landmark_msgsConfig.cmake
[2.110s] -- Up-to-date: /home/s2c2/Desktop/SESASR/lab05/install/landmark_msgs/share/landmark_msgs/cmake/landmark_msgsConfig-version.cmake
[2.114s] -- Up-to-date: /home/s2c2/Desktop/SESASR/lab05/install/landmark_msgs/share/landmark_msgs/package.xml
[2.121s] Invoked command in '/home/s2c2/Desktop/SESASR/lab05/build/landmark_msgs' returned '0': CMAKE_PREFIX_PATH=${CMAKE_PREFIX_PATH}:/home/s2c2/Desktop/SESASR/lab05/install/turtlebot3_perception:/home/s2c2/Desktop/SESASR/lab05/install/pf_pkg:/opt/ros/humble /usr/bin/cmake --install /home/s2c2/Desktop/SESASR/lab05/build/landmark_msgs
