[0.096s] Invoking command in '/home/lincunha/SESASR/lab02/build/turtlebot3_simulations': AMENT_PREFIX_PATH=/home/lincunha/SESASR/lab02/install/turtlebot3_gazebo:/home/lincunha/SESASR/lab02/install/turtlebot3_fake_node:${AMENT_PREFIX_PATH} CMAKE_PREFIX_PATH=/home/lincunha/SESASR/lab02/install/turtlebot3_gazebo:/home/lincunha/SESASR/lab02/install/turtlebot3_fake_node:/opt/ros/humble /usr/bin/cmake /home/lincunha/SESASR/lab02/src/turtlebot3_simulations/turtlebot3_simulations -DCMAKE_INSTALL_PREFIX=/home/lincunha/SESASR/lab02/install/turtlebot3_simulations
[0.113s] -- Found ament_cmake: 1.3.10 (/opt/ros/humble/share/ament_cmake/cmake)
[0.286s] -- Override CMake install command with custom implementation using symlinks instead of copying resources
[0.403s] -- Configuring done
[0.408s] -- Generating done
[0.411s] -- Build files have been written to: /home/lincunha/SESASR/lab02/build/turtlebot3_simulations
[0.416s] Invoked command in '/home/lincunha/SESASR/lab02/build/turtlebot3_simulations' returned '0': AMENT_PREFIX_PATH=/home/lincunha/SESASR/lab02/install/turtlebot3_gazebo:/home/lincunha/SESASR/lab02/install/turtlebot3_fake_node:${AMENT_PREFIX_PATH} CMAKE_PREFIX_PATH=/home/lincunha/SESASR/lab02/install/turtlebot3_gazebo:/home/lincunha/SESASR/lab02/install/turtlebot3_fake_node:/opt/ros/humble /usr/bin/cmake /home/lincunha/SESASR/lab02/src/turtlebot3_simulations/turtlebot3_simulations -DCMAKE_INSTALL_PREFIX=/home/lincunha/SESASR/lab02/install/turtlebot3_simulations
[0.420s] Invoking command in '/home/lincunha/SESASR/lab02/build/turtlebot3_simulations': AMENT_PREFIX_PATH=/home/lincunha/SESASR/lab02/install/turtlebot3_gazebo:/home/lincunha/SESASR/lab02/install/turtlebot3_fake_node:${AMENT_PREFIX_PATH} CMAKE_PREFIX_PATH=/home/lincunha/SESASR/lab02/install/turtlebot3_gazebo:/home/lincunha/SESASR/lab02/install/turtlebot3_fake_node:/opt/ros/humble /usr/bin/cmake --build /home/lincunha/SESASR/lab02/build/turtlebot3_simulations -- -j8 -l8
[0.472s] Invoked command in '/home/lincunha/SESASR/lab02/build/turtlebot3_simulations' returned '0': AMENT_PREFIX_PATH=/home/lincunha/SESASR/lab02/install/turtlebot3_gazebo:/home/lincunha/SESASR/lab02/install/turtlebot3_fake_node:${AMENT_PREFIX_PATH} CMAKE_PREFIX_PATH=/home/lincunha/SESASR/lab02/install/turtlebot3_gazebo:/home/lincunha/SESASR/lab02/install/turtlebot3_fake_node:/opt/ros/humble /usr/bin/cmake --build /home/lincunha/SESASR/lab02/build/turtlebot3_simulations -- -j8 -l8
[0.507s] Invoking command in '/home/lincunha/SESASR/lab02/build/turtlebot3_simulations': AMENT_PREFIX_PATH=/home/lincunha/SESASR/lab02/install/turtlebot3_gazebo:/home/lincunha/SESASR/lab02/install/turtlebot3_fake_node:${AMENT_PREFIX_PATH} CMAKE_PREFIX_PATH=/home/lincunha/SESASR/lab02/install/turtlebot3_gazebo:/home/lincunha/SESASR/lab02/install/turtlebot3_fake_node:/opt/ros/humble /usr/bin/cmake --install /home/lincunha/SESASR/lab02/build/turtlebot3_simulations
[0.517s] -- Install configuration: ""
[0.517s] -- Execute custom install script
[0.518s] -- Up-to-date symlink: /home/lincunha/SESASR/lab02/install/turtlebot3_simulations/share/ament_index/resource_index/package_run_dependencies/turtlebot3_simulations
[0.518s] -- Up-to-date symlink: /home/lincunha/SESASR/lab02/install/turtlebot3_simulations/share/ament_index/resource_index/parent_prefix_path/turtlebot3_simulations
[0.519s] -- Up-to-date symlink: /home/lincunha/SESASR/lab02/install/turtlebot3_simulations/share/turtlebot3_simulations/environment/ament_prefix_path.sh
[0.519s] -- Up-to-date symlink: /home/lincunha/SESASR/lab02/install/turtlebot3_simulations/share/turtlebot3_simulations/environment/ament_prefix_path.dsv
[0.520s] -- Up-to-date symlink: /home/lincunha/SESASR/lab02/install/turtlebot3_simulations/share/turtlebot3_simulations/environment/path.sh
[0.520s] -- Up-to-date symlink: /home/lincunha/SESASR/lab02/install/turtlebot3_simulations/share/turtlebot3_simulations/environment/path.dsv
[0.520s] -- Up-to-date symlink: /home/lincunha/SESASR/lab02/install/turtlebot3_simulations/share/turtlebot3_simulations/local_setup.bash
[0.521s] -- Up-to-date symlink: /home/lincunha/SESASR/lab02/install/turtlebot3_simulations/share/turtlebot3_simulations/local_setup.sh
[0.521s] -- Up-to-date symlink: /home/lincunha/SESASR/lab02/install/turtlebot3_simulations/share/turtlebot3_simulations/local_setup.zsh
[0.521s] -- Up-to-date symlink: /home/lincunha/SESASR/lab02/install/turtlebot3_simulations/share/turtlebot3_simulations/local_setup.dsv
[0.521s] -- Symlinking: /home/lincunha/SESASR/lab02/install/turtlebot3_simulations/share/turtlebot3_simulations/package.dsv
[0.534s] -- Up-to-date symlink: /home/lincunha/SESASR/lab02/install/turtlebot3_simulations/share/ament_index/resource_index/packages/turtlebot3_simulations
[0.535s] -- Up-to-date symlink: /home/lincunha/SESASR/lab02/install/turtlebot3_simulations/share/turtlebot3_simulations/cmake/turtlebot3_simulationsConfig.cmake
[0.535s] -- Up-to-date symlink: /home/lincunha/SESASR/lab02/install/turtlebot3_simulations/share/turtlebot3_simulations/cmake/turtlebot3_simulationsConfig-version.cmake
[0.535s] -- Up-to-date symlink: /home/lincunha/SESASR/lab02/install/turtlebot3_simulations/share/turtlebot3_simulations/package.xml
[0.539s] Invoked command in '/home/lincunha/SESASR/lab02/build/turtlebot3_simulations' returned '0': AMENT_PREFIX_PATH=/home/lincunha/SESASR/lab02/install/turtlebot3_gazebo:/home/lincunha/SESASR/lab02/install/turtlebot3_fake_node:${AMENT_PREFIX_PATH} CMAKE_PREFIX_PATH=/home/lincunha/SESASR/lab02/install/turtlebot3_gazebo:/home/lincunha/SESASR/lab02/install/turtlebot3_fake_node:/opt/ros/humble /usr/bin/cmake --install /home/lincunha/SESASR/lab02/build/turtlebot3_simulations
