[3.316s] Invoking command in '/home/s2c2/Desktop/SESASR/lab05/src/pf_pkg': PYTHONPATH=/home/s2c2/Desktop/SESASR/lab05/build/pf_pkg/prefix_override:/usr/lib/python3/dist-packages/colcon_core/task/python/colcon_distutils_commands:/home/s2c2/Desktop/SESASR/lab05/install/pf_pkg/lib/python3.10/site-packages:${PYTHONPATH} /usr/bin/python3 -W ignore:setup.py install is deprecated -W ignore:easy_install command is deprecated setup.py egg_info --egg-base ../../build/pf_pkg build --build-base /home/s2c2/Desktop/SESASR/lab05/build/pf_pkg/build install --record /home/s2c2/Desktop/SESASR/lab05/build/pf_pkg/install.log --single-version-externally-managed install_data
[4.757s] running egg_info
[4.759s] creating ../../build/pf_pkg/pf_pkg.egg-info
[4.759s] writing ../../build/pf_pkg/pf_pkg.egg-info/PKG-INFO
[4.760s] writing dependency_links to ../../build/pf_pkg/pf_pkg.egg-info/dependency_links.txt
[4.767s] writing entry points to ../../build/pf_pkg/pf_pkg.egg-info/entry_points.txt
[4.768s] writing requirements to ../../build/pf_pkg/pf_pkg.egg-info/requires.txt
[4.768s] writing top-level names to ../../build/pf_pkg/pf_pkg.egg-info/top_level.txt
[4.769s] writing manifest file '../../build/pf_pkg/pf_pkg.egg-info/SOURCES.txt'
[4.769s] reading manifest file '../../build/pf_pkg/pf_pkg.egg-info/SOURCES.txt'
[4.769s] adding license file 'LICENSE'
[4.770s] writing manifest file '../../build/pf_pkg/pf_pkg.egg-info/SOURCES.txt'
[4.771s] running build
[4.771s] running build_py
[4.772s] creating /home/s2c2/Desktop/SESASR/lab05/build/pf_pkg/build
[4.772s] creating /home/s2c2/Desktop/SESASR/lab05/build/pf_pkg/build/lib
[4.772s] creating /home/s2c2/Desktop/SESASR/lab05/build/pf_pkg/build/lib/pf_pkg
[4.773s] copying pf_pkg/utils.py -> /home/s2c2/Desktop/SESASR/lab05/build/pf_pkg/build/lib/pf_pkg
[4.773s] copying pf_pkg/__init__.py -> /home/s2c2/Desktop/SESASR/lab05/build/pf_pkg/build/lib/pf_pkg
[4.773s] copying pf_pkg/probabilistic_models.py -> /home/s2c2/Desktop/SESASR/lab05/build/pf_pkg/build/lib/pf_pkg
[4.774s] copying pf_pkg/pf.py -> /home/s2c2/Desktop/SESASR/lab05/build/pf_pkg/build/lib/pf_pkg
[4.779s] copying pf_pkg/pfpkg.py -> /home/s2c2/Desktop/SESASR/lab05/build/pf_pkg/build/lib/pf_pkg
[4.780s] running install
[4.780s] running install_lib
[4.781s] creating /home/s2c2/Desktop/SESASR/lab05/install/pf_pkg/lib/python3.10/site-packages/pf_pkg
[4.781s] copying /home/s2c2/Desktop/SESASR/lab05/build/pf_pkg/build/lib/pf_pkg/utils.py -> /home/s2c2/Desktop/SESASR/lab05/install/pf_pkg/lib/python3.10/site-packages/pf_pkg
[4.789s] copying /home/s2c2/Desktop/SESASR/lab05/build/pf_pkg/build/lib/pf_pkg/__init__.py -> /home/s2c2/Desktop/SESASR/lab05/install/pf_pkg/lib/python3.10/site-packages/pf_pkg
[4.789s] copying /home/s2c2/Desktop/SESASR/lab05/build/pf_pkg/build/lib/pf_pkg/probabilistic_models.py -> /home/s2c2/Desktop/SESASR/lab05/install/pf_pkg/lib/python3.10/site-packages/pf_pkg
[4.790s] copying /home/s2c2/Desktop/SESASR/lab05/build/pf_pkg/build/lib/pf_pkg/pf.py -> /home/s2c2/Desktop/SESASR/lab05/install/pf_pkg/lib/python3.10/site-packages/pf_pkg
[4.790s] copying /home/s2c2/Desktop/SESASR/lab05/build/pf_pkg/build/lib/pf_pkg/pfpkg.py -> /home/s2c2/Desktop/SESASR/lab05/install/pf_pkg/lib/python3.10/site-packages/pf_pkg
[4.790s] byte-compiling /home/s2c2/Desktop/SESASR/lab05/install/pf_pkg/lib/python3.10/site-packages/pf_pkg/utils.py to utils.cpython-310.pyc
[4.805s] byte-compiling /home/s2c2/Desktop/SESASR/lab05/install/pf_pkg/lib/python3.10/site-packages/pf_pkg/__init__.py to __init__.cpython-310.pyc
[4.812s] byte-compiling /home/s2c2/Desktop/SESASR/lab05/install/pf_pkg/lib/python3.10/site-packages/pf_pkg/probabilistic_models.py to probabilistic_models.cpython-310.pyc
[4.818s] byte-compiling /home/s2c2/Desktop/SESASR/lab05/install/pf_pkg/lib/python3.10/site-packages/pf_pkg/pf.py to pf.cpython-310.pyc
[4.829s] byte-compiling /home/s2c2/Desktop/SESASR/lab05/install/pf_pkg/lib/python3.10/site-packages/pf_pkg/pfpkg.py to pfpkg.cpython-310.pyc
[4.831s] running install_data
[4.832s] creating /home/s2c2/Desktop/SESASR/lab05/install/pf_pkg/share/ament_index
[4.832s] creating /home/s2c2/Desktop/SESASR/lab05/install/pf_pkg/share/ament_index/resource_index
[4.832s] creating /home/s2c2/Desktop/SESASR/lab05/install/pf_pkg/share/ament_index/resource_index/packages
[4.832s] copying resource/pf_pkg -> /home/s2c2/Desktop/SESASR/lab05/install/pf_pkg/share/ament_index/resource_index/packages
[4.838s] copying package.xml -> /home/s2c2/Desktop/SESASR/lab05/install/pf_pkg/share/pf_pkg
[4.838s] running install_egg_info
[4.845s] Copying ../../build/pf_pkg/pf_pkg.egg-info to /home/s2c2/Desktop/SESASR/lab05/install/pf_pkg/lib/python3.10/site-packages/pf_pkg-0.0.0-py3.10.egg-info
[4.856s] running install_scripts
[4.990s] Installing pf_node script to /home/s2c2/Desktop/SESASR/lab05/install/pf_pkg/lib/pf_pkg
[4.994s] writing list of installed files to '/home/s2c2/Desktop/SESASR/lab05/build/pf_pkg/install.log'
[5.107s] Invoked command in '/home/s2c2/Desktop/SESASR/lab05/src/pf_pkg' returned '0': PYTHONPATH=/home/s2c2/Desktop/SESASR/lab05/build/pf_pkg/prefix_override:/usr/lib/python3/dist-packages/colcon_core/task/python/colcon_distutils_commands:/home/s2c2/Desktop/SESASR/lab05/install/pf_pkg/lib/python3.10/site-packages:${PYTHONPATH} /usr/bin/python3 -W ignore:setup.py install is deprecated -W ignore:easy_install command is deprecated setup.py egg_info --egg-base ../../build/pf_pkg build --build-base /home/s2c2/Desktop/SESASR/lab05/build/pf_pkg/build install --record /home/s2c2/Desktop/SESASR/lab05/build/pf_pkg/install.log --single-version-externally-managed install_data
