[0.935s] Invoking command in '/home/thilevin/sesasr/SESASR/lab05/src/pf_pkg': PYTHONPATH=/home/thilevin/sesasr/SESASR/lab05/build/pf_pkg/prefix_override:/usr/lib/python3/dist-packages/colcon_core/task/python/colcon_distutils_commands:/home/thilevin/sesasr/SESASR/lab05/install/pf_pkg/lib/python3.10/site-packages:${PYTHONPATH} /usr/bin/python3 -W ignore:setup.py install is deprecated setup.py egg_info --egg-base ../../build/pf_pkg build --build-base /home/thilevin/sesasr/SESASR/lab05/build/pf_pkg/build install --record /home/thilevin/sesasr/SESASR/lab05/build/pf_pkg/install.log --single-version-externally-managed install_data
[1.173s] running egg_info
[1.174s] writing ../../build/pf_pkg/pf_pkg.egg-info/PKG-INFO
[1.185s] writing dependency_links to ../../build/pf_pkg/pf_pkg.egg-info/dependency_links.txt
[1.185s] writing entry points to ../../build/pf_pkg/pf_pkg.egg-info/entry_points.txt
[1.186s] writing requirements to ../../build/pf_pkg/pf_pkg.egg-info/requires.txt
[1.186s] writing top-level names to ../../build/pf_pkg/pf_pkg.egg-info/top_level.txt
[1.188s] reading manifest file '../../build/pf_pkg/pf_pkg.egg-info/SOURCES.txt'
[1.188s] adding license file 'LICENSE'
[1.189s] writing manifest file '../../build/pf_pkg/pf_pkg.egg-info/SOURCES.txt'
[1.190s] running build
[1.190s] running build_py
[1.190s] copying pf_pkg/utils.py -> /home/thilevin/sesasr/SESASR/lab05/build/pf_pkg/build/lib/pf_pkg
[1.191s] copying pf_pkg/pf.py -> /home/thilevin/sesasr/SESASR/lab05/build/pf_pkg/build/lib/pf_pkg
[1.191s] copying pf_pkg/probabilistic_models.py -> /home/thilevin/sesasr/SESASR/lab05/build/pf_pkg/build/lib/pf_pkg
[1.192s] copying pf_pkg/pfpkg.py -> /home/thilevin/sesasr/SESASR/lab05/build/pf_pkg/build/lib/pf_pkg
[1.192s] running install
[1.193s] running install_lib
[1.194s] copying /home/thilevin/sesasr/SESASR/lab05/build/pf_pkg/build/lib/pf_pkg/utils.py -> /home/thilevin/sesasr/SESASR/lab05/install/pf_pkg/lib/python3.10/site-packages/pf_pkg
[1.195s] copying /home/thilevin/sesasr/SESASR/lab05/build/pf_pkg/build/lib/pf_pkg/pf.py -> /home/thilevin/sesasr/SESASR/lab05/install/pf_pkg/lib/python3.10/site-packages/pf_pkg
[1.195s] copying /home/thilevin/sesasr/SESASR/lab05/build/pf_pkg/build/lib/pf_pkg/probabilistic_models.py -> /home/thilevin/sesasr/SESASR/lab05/install/pf_pkg/lib/python3.10/site-packages/pf_pkg
[1.195s] copying /home/thilevin/sesasr/SESASR/lab05/build/pf_pkg/build/lib/pf_pkg/pfpkg.py -> /home/thilevin/sesasr/SESASR/lab05/install/pf_pkg/lib/python3.10/site-packages/pf_pkg
[1.196s] byte-compiling /home/thilevin/sesasr/SESASR/lab05/install/pf_pkg/lib/python3.10/site-packages/pf_pkg/utils.py to utils.cpython-310.pyc
[1.198s] byte-compiling /home/thilevin/sesasr/SESASR/lab05/install/pf_pkg/lib/python3.10/site-packages/pf_pkg/pf.py to pf.cpython-310.pyc
[1.199s] byte-compiling /home/thilevin/sesasr/SESASR/lab05/install/pf_pkg/lib/python3.10/site-packages/pf_pkg/probabilistic_models.py to probabilistic_models.cpython-310.pyc
[1.200s] byte-compiling /home/thilevin/sesasr/SESASR/lab05/install/pf_pkg/lib/python3.10/site-packages/pf_pkg/pfpkg.py to pfpkg.cpython-310.pyc
[1.201s] running install_data
[1.201s] running install_egg_info
[1.203s] removing '/home/thilevin/sesasr/SESASR/lab05/install/pf_pkg/lib/python3.10/site-packages/pf_pkg-0.0.0-py3.10.egg-info' (and everything under it)
[1.204s] Copying ../../build/pf_pkg/pf_pkg.egg-info to /home/thilevin/sesasr/SESASR/lab05/install/pf_pkg/lib/python3.10/site-packages/pf_pkg-0.0.0-py3.10.egg-info
[1.206s] running install_scripts
[1.230s] writing list of installed files to '/home/thilevin/sesasr/SESASR/lab05/build/pf_pkg/install.log'
[1.255s] Invoked command in '/home/thilevin/sesasr/SESASR/lab05/src/pf_pkg' returned '0': PYTHONPATH=/home/thilevin/sesasr/SESASR/lab05/build/pf_pkg/prefix_override:/usr/lib/python3/dist-packages/colcon_core/task/python/colcon_distutils_commands:/home/thilevin/sesasr/SESASR/lab05/install/pf_pkg/lib/python3.10/site-packages:${PYTHONPATH} /usr/bin/python3 -W ignore:setup.py install is deprecated setup.py egg_info --egg-base ../../build/pf_pkg build --build-base /home/thilevin/sesasr/SESASR/lab05/build/pf_pkg/build install --record /home/thilevin/sesasr/SESASR/lab05/build/pf_pkg/install.log --single-version-externally-managed install_data
