[0.040s] Invoking command in '/home/thilevin/sesasr/SESASR/lab05/build/landmark_msgs': CMAKE_PREFIX_PATH=${CMAKE_PREFIX_PATH}:/home/thilevin/sesasr/SESASR/lab05/install/turtlebot3_perception:/home/thilevin/sesasr/SESASR/lab05/install/pf_pkg:/opt/ros/humble /usr/bin/cmake --build /home/thilevin/sesasr/SESASR/lab05/build/landmark_msgs -- -j12 -l12
[0.414s] [  2%] Built target landmark_msgs__cpp
[0.415s] [ 12%] Built target landmark_msgs__rosidl_generator_c
[0.415s] [ 12%] Built target ament_cmake_python_copy_landmark_msgs
[0.416s] [ 23%] Built target landmark_msgs__rosidl_typesupport_fastrtps_cpp
[0.418s] [ 33%] Built target landmark_msgs__rosidl_typesupport_cpp
[0.418s] [ 43%] Built target landmark_msgs__rosidl_typesupport_introspection_cpp
[0.419s] [ 53%] Built target landmark_msgs__rosidl_typesupport_c
[0.419s] [ 64%] Built target landmark_msgs__rosidl_typesupport_introspection_c
[0.420s] [ 74%] Built target landmark_msgs__rosidl_typesupport_fastrtps_c
[0.421s] [ 74%] Built target landmark_msgs
[0.421s] [ 76%] Built target landmark_msgs__py
[0.422s] [ 84%] Built target landmark_msgs__rosidl_generator_py
[0.422s] [ 89%] Built target landmark_msgs__rosidl_typesupport_fastrtps_c__pyext
[0.422s] [ 94%] Built target landmark_msgs__rosidl_typesupport_introspection_c__pyext
[0.422s] [100%] Built target landmark_msgs__rosidl_typesupport_c__pyext
[0.532s] running egg_info
[0.533s] writing landmark_msgs.egg-info/PKG-INFO
[0.533s] writing dependency_links to landmark_msgs.egg-info/dependency_links.txt
[0.534s] writing top-level names to landmark_msgs.egg-info/top_level.txt
[0.538s] reading manifest file 'landmark_msgs.egg-info/SOURCES.txt'
[0.539s] writing manifest file 'landmark_msgs.egg-info/SOURCES.txt'
[0.579s] [100%] Built target ament_cmake_python_build_landmark_msgs_egg
[0.596s] Invoked command in '/home/thilevin/sesasr/SESASR/lab05/build/landmark_msgs' returned '0': CMAKE_PREFIX_PATH=${CMAKE_PREFIX_PATH}:/home/thilevin/sesasr/SESASR/lab05/install/turtlebot3_perception:/home/thilevin/sesasr/SESASR/lab05/install/pf_pkg:/opt/ros/humble /usr/bin/cmake --build /home/thilevin/sesasr/SESASR/lab05/build/landmark_msgs -- -j12 -l12
[0.704s] Invoking command in '/home/thilevin/sesasr/SESASR/lab05/build/landmark_msgs': CMAKE_PREFIX_PATH=${CMAKE_PREFIX_PATH}:/home/thilevin/sesasr/SESASR/lab05/install/turtlebot3_perception:/home/thilevin/sesasr/SESASR/lab05/install/pf_pkg:/opt/ros/humble /usr/bin/cmake --install /home/thilevin/sesasr/SESASR/lab05/build/landmark_msgs
[0.711s] -- Install configuration: ""
[0.712s] -- Up-to-date: /home/thilevin/sesasr/SESASR/lab05/install/landmark_msgs/share/ament_index/resource_index/rosidl_interfaces/landmark_msgs
[0.713s] -- Up-to-date: /home/thilevin/sesasr/SESASR/lab05/install/landmark_msgs/include/landmark_msgs/landmark_msgs
[0.713s] -- Up-to-date: /home/thilevin/sesasr/SESASR/lab05/install/landmark_msgs/include/landmark_msgs/landmark_msgs/msg
[0.714s] -- Up-to-date: /home/thilevin/sesasr/SESASR/lab05/install/landmark_msgs/include/landmark_msgs/landmark_msgs/msg/rosidl_generator_c__visibility_control.h
[0.714s] -- Up-to-date: /home/thilevin/sesasr/SESASR/lab05/install/landmark_msgs/include/landmark_msgs/landmark_msgs/msg/detail
[0.715s] -- Up-to-date: /home/thilevin/sesasr/SESASR/lab05/install/landmark_msgs/include/landmark_msgs/landmark_msgs/msg/detail/landmark_array__functions.c
[0.716s] -- Up-to-date: /home/thilevin/sesasr/SESASR/lab05/install/landmark_msgs/include/landmark_msgs/landmark_msgs/msg/detail/landmark__type_support.h
[0.716s] -- Up-to-date: /home/thilevin/sesasr/SESASR/lab05/install/landmark_msgs/include/landmark_msgs/landmark_msgs/msg/detail/landmark__struct.h
[0.717s] -- Up-to-date: /home/thilevin/sesasr/SESASR/lab05/install/landmark_msgs/include/landmark_msgs/landmark_msgs/msg/detail/landmark_array__functions.h
[0.718s] -- Up-to-date: /home/thilevin/sesasr/SESASR/lab05/install/landmark_msgs/include/landmark_msgs/landmark_msgs/msg/detail/landmark__functions.c
[0.718s] -- Up-to-date: /home/thilevin/sesasr/SESASR/lab05/install/landmark_msgs/include/landmark_msgs/landmark_msgs/msg/detail/landmark_array__struct.h
[0.718s] -- Up-to-date: /home/thilevin/sesasr/SESASR/lab05/install/landmark_msgs/include/landmark_msgs/landmark_msgs/msg/detail/landmark__functions.h
[0.718s] -- Up-to-date: /home/thilevin/sesasr/SESASR/lab05/install/landmark_msgs/include/landmark_msgs/landmark_msgs/msg/detail/landmark_array__type_support.h
[0.718s] -- Up-to-date: /home/thilevin/sesasr/SESASR/lab05/install/landmark_msgs/include/landmark_msgs/landmark_msgs/msg/landmark_array.h
[0.718s] -- Up-to-date: /home/thilevin/sesasr/SESASR/lab05/install/landmark_msgs/include/landmark_msgs/landmark_msgs/msg/landmark.h
[0.718s] -- Up-to-date: /home/thilevin/sesasr/SESASR/lab05/install/landmark_msgs/share/landmark_msgs/environment/library_path.sh
[0.719s] -- Up-to-date: /home/thilevin/sesasr/SESASR/lab05/install/landmark_msgs/share/landmark_msgs/environment/library_path.dsv
[0.720s] -- Up-to-date: /home/thilevin/sesasr/SESASR/lab05/install/landmark_msgs/lib/liblandmark_msgs__rosidl_generator_c.so
[0.720s] -- Up-to-date: /home/thilevin/sesasr/SESASR/lab05/install/landmark_msgs/include/landmark_msgs/landmark_msgs
[0.720s] -- Up-to-date: /home/thilevin/sesasr/SESASR/lab05/install/landmark_msgs/include/landmark_msgs/landmark_msgs/msg
[0.720s] -- Up-to-date: /home/thilevin/sesasr/SESASR/lab05/install/landmark_msgs/include/landmark_msgs/landmark_msgs/msg/rosidl_typesupport_fastrtps_c__visibility_control.h
[0.720s] -- Up-to-date: /home/thilevin/sesasr/SESASR/lab05/install/landmark_msgs/include/landmark_msgs/landmark_msgs/msg/detail
[0.720s] -- Up-to-date: /home/thilevin/sesasr/SESASR/lab05/install/landmark_msgs/include/landmark_msgs/landmark_msgs/msg/detail/landmark_array__rosidl_typesupport_fastrtps_c.h
[0.721s] -- Up-to-date: /home/thilevin/sesasr/SESASR/lab05/install/landmark_msgs/include/landmark_msgs/landmark_msgs/msg/detail/landmark__rosidl_typesupport_fastrtps_c.h
[0.721s] -- Up-to-date: /home/thilevin/sesasr/SESASR/lab05/install/landmark_msgs/lib/liblandmark_msgs__rosidl_typesupport_fastrtps_c.so
[0.721s] -- Up-to-date: /home/thilevin/sesasr/SESASR/lab05/install/landmark_msgs/include/landmark_msgs/landmark_msgs
[0.721s] -- Up-to-date: /home/thilevin/sesasr/SESASR/lab05/install/landmark_msgs/include/landmark_msgs/landmark_msgs/msg
[0.721s] -- Up-to-date: /home/thilevin/sesasr/SESASR/lab05/install/landmark_msgs/include/landmark_msgs/landmark_msgs/msg/detail
[0.721s] -- Up-to-date: /home/thilevin/sesasr/SESASR/lab05/install/landmark_msgs/include/landmark_msgs/landmark_msgs/msg/detail/landmark_array__rosidl_typesupport_introspection_c.h
[0.721s] -- Up-to-date: /home/thilevin/sesasr/SESASR/lab05/install/landmark_msgs/include/landmark_msgs/landmark_msgs/msg/detail/landmark__type_support.c
[0.722s] -- Up-to-date: /home/thilevin/sesasr/SESASR/lab05/install/landmark_msgs/include/landmark_msgs/landmark_msgs/msg/detail/landmark_array__type_support.c
[0.724s] -- Up-to-date: /home/thilevin/sesasr/SESASR/lab05/install/landmark_msgs/include/landmark_msgs/landmark_msgs/msg/detail/landmark__rosidl_typesupport_introspection_c.h
[0.725s] -- Up-to-date: /home/thilevin/sesasr/SESASR/lab05/install/landmark_msgs/include/landmark_msgs/landmark_msgs/msg/rosidl_typesupport_introspection_c__visibility_control.h
[0.726s] -- Up-to-date: /home/thilevin/sesasr/SESASR/lab05/install/landmark_msgs/lib/liblandmark_msgs__rosidl_typesupport_introspection_c.so
[0.727s] -- Up-to-date: /home/thilevin/sesasr/SESASR/lab05/install/landmark_msgs/lib/liblandmark_msgs__rosidl_typesupport_c.so
[0.728s] -- Up-to-date: /home/thilevin/sesasr/SESASR/lab05/install/landmark_msgs/include/landmark_msgs/landmark_msgs
[0.729s] -- Up-to-date: /home/thilevin/sesasr/SESASR/lab05/install/landmark_msgs/include/landmark_msgs/landmark_msgs/msg
[0.730s] -- Up-to-date: /home/thilevin/sesasr/SESASR/lab05/install/landmark_msgs/include/landmark_msgs/landmark_msgs/msg/landmark_array.hpp
[0.730s] -- Up-to-date: /home/thilevin/sesasr/SESASR/lab05/install/landmark_msgs/include/landmark_msgs/landmark_msgs/msg/detail
[0.730s] -- Up-to-date: /home/thilevin/sesasr/SESASR/lab05/install/landmark_msgs/include/landmark_msgs/landmark_msgs/msg/detail/landmark_array__struct.hpp
[0.730s] -- Up-to-date: /home/thilevin/sesasr/SESASR/lab05/install/landmark_msgs/include/landmark_msgs/landmark_msgs/msg/detail/landmark_array__builder.hpp
[0.730s] -- Up-to-date: /home/thilevin/sesasr/SESASR/lab05/install/landmark_msgs/include/landmark_msgs/landmark_msgs/msg/detail/landmark__traits.hpp
[0.730s] -- Up-to-date: /home/thilevin/sesasr/SESASR/lab05/install/landmark_msgs/include/landmark_msgs/landmark_msgs/msg/detail/landmark_array__traits.hpp
[0.730s] -- Up-to-date: /home/thilevin/sesasr/SESASR/lab05/install/landmark_msgs/include/landmark_msgs/landmark_msgs/msg/detail/landmark__struct.hpp
[0.730s] -- Up-to-date: /home/thilevin/sesasr/SESASR/lab05/install/landmark_msgs/include/landmark_msgs/landmark_msgs/msg/detail/landmark__builder.hpp
[0.730s] -- Up-to-date: /home/thilevin/sesasr/SESASR/lab05/install/landmark_msgs/include/landmark_msgs/landmark_msgs/msg/landmark.hpp
[0.730s] -- Up-to-date: /home/thilevin/sesasr/SESASR/lab05/install/landmark_msgs/include/landmark_msgs/landmark_msgs
[0.730s] -- Up-to-date: /home/thilevin/sesasr/SESASR/lab05/install/landmark_msgs/include/landmark_msgs/landmark_msgs/msg
[0.731s] -- Up-to-date: /home/thilevin/sesasr/SESASR/lab05/install/landmark_msgs/include/landmark_msgs/landmark_msgs/msg/rosidl_typesupport_fastrtps_cpp__visibility_control.h
[0.731s] -- Up-to-date: /home/thilevin/sesasr/SESASR/lab05/install/landmark_msgs/include/landmark_msgs/landmark_msgs/msg/detail
[0.731s] -- Up-to-date: /home/thilevin/sesasr/SESASR/lab05/install/landmark_msgs/include/landmark_msgs/landmark_msgs/msg/detail/landmark__rosidl_typesupport_fastrtps_cpp.hpp
[0.731s] -- Up-to-date: /home/thilevin/sesasr/SESASR/lab05/install/landmark_msgs/include/landmark_msgs/landmark_msgs/msg/detail/landmark_array__rosidl_typesupport_fastrtps_cpp.hpp
[0.731s] -- Up-to-date: /home/thilevin/sesasr/SESASR/lab05/install/landmark_msgs/include/landmark_msgs/landmark_msgs/msg/detail/dds_fastrtps
[0.731s] -- Up-to-date: /home/thilevin/sesasr/SESASR/lab05/install/landmark_msgs/lib/liblandmark_msgs__rosidl_typesupport_fastrtps_cpp.so
[0.731s] -- Up-to-date: /home/thilevin/sesasr/SESASR/lab05/install/landmark_msgs/include/landmark_msgs/landmark_msgs
[0.731s] -- Up-to-date: /home/thilevin/sesasr/SESASR/lab05/install/landmark_msgs/include/landmark_msgs/landmark_msgs/msg
[0.731s] -- Up-to-date: /home/thilevin/sesasr/SESASR/lab05/install/landmark_msgs/include/landmark_msgs/landmark_msgs/msg/detail
[0.731s] -- Up-to-date: /home/thilevin/sesasr/SESASR/lab05/install/landmark_msgs/include/landmark_msgs/landmark_msgs/msg/detail/landmark_array__rosidl_typesupport_introspection_cpp.hpp
[0.731s] -- Up-to-date: /home/thilevin/sesasr/SESASR/lab05/install/landmark_msgs/include/landmark_msgs/landmark_msgs/msg/detail/landmark__rosidl_typesupport_introspection_cpp.hpp
[0.731s] -- Up-to-date: /home/thilevin/sesasr/SESASR/lab05/install/landmark_msgs/include/landmark_msgs/landmark_msgs/msg/detail/landmark__type_support.cpp
[0.731s] -- Up-to-date: /home/thilevin/sesasr/SESASR/lab05/install/landmark_msgs/include/landmark_msgs/landmark_msgs/msg/detail/landmark_array__type_support.cpp
[0.731s] -- Up-to-date: /home/thilevin/sesasr/SESASR/lab05/install/landmark_msgs/lib/liblandmark_msgs__rosidl_typesupport_introspection_cpp.so
[0.731s] -- Up-to-date: /home/thilevin/sesasr/SESASR/lab05/install/landmark_msgs/lib/liblandmark_msgs__rosidl_typesupport_cpp.so
[0.732s] -- Up-to-date: /home/thilevin/sesasr/SESASR/lab05/install/landmark_msgs/share/landmark_msgs/environment/pythonpath.sh
[0.732s] -- Up-to-date: /home/thilevin/sesasr/SESASR/lab05/install/landmark_msgs/share/landmark_msgs/environment/pythonpath.dsv
[0.732s] -- Up-to-date: /home/thilevin/sesasr/SESASR/lab05/install/landmark_msgs/local/lib/python3.10/dist-packages/landmark_msgs-0.0.0-py3.10.egg-info
[0.732s] -- Installing: /home/thilevin/sesasr/SESASR/lab05/install/landmark_msgs/local/lib/python3.10/dist-packages/landmark_msgs-0.0.0-py3.10.egg-info/PKG-INFO
[0.732s] -- Installing: /home/thilevin/sesasr/SESASR/lab05/install/landmark_msgs/local/lib/python3.10/dist-packages/landmark_msgs-0.0.0-py3.10.egg-info/SOURCES.txt
[0.732s] -- Installing: /home/thilevin/sesasr/SESASR/lab05/install/landmark_msgs/local/lib/python3.10/dist-packages/landmark_msgs-0.0.0-py3.10.egg-info/top_level.txt
[0.732s] -- Installing: /home/thilevin/sesasr/SESASR/lab05/install/landmark_msgs/local/lib/python3.10/dist-packages/landmark_msgs-0.0.0-py3.10.egg-info/dependency_links.txt
[0.732s] -- Up-to-date: /home/thilevin/sesasr/SESASR/lab05/install/landmark_msgs/local/lib/python3.10/dist-packages/landmark_msgs
[0.732s] -- Up-to-date: /home/thilevin/sesasr/SESASR/lab05/install/landmark_msgs/local/lib/python3.10/dist-packages/landmark_msgs/liblandmark_msgs__rosidl_generator_py.so
[0.732s] -- Up-to-date: /home/thilevin/sesasr/SESASR/lab05/install/landmark_msgs/local/lib/python3.10/dist-packages/landmark_msgs/landmark_msgs_s__rosidl_typesupport_c.cpython-310-x86_64-linux-gnu.so
[0.732s] -- Up-to-date: /home/thilevin/sesasr/SESASR/lab05/install/landmark_msgs/local/lib/python3.10/dist-packages/landmark_msgs/_landmark_msgs_s.ep.rosidl_typesupport_fastrtps_c.c
[0.732s] -- Up-to-date: /home/thilevin/sesasr/SESASR/lab05/install/landmark_msgs/local/lib/python3.10/dist-packages/landmark_msgs/msg
[0.733s] -- Up-to-date: /home/thilevin/sesasr/SESASR/lab05/install/landmark_msgs/local/lib/python3.10/dist-packages/landmark_msgs/msg/_landmark.py
[0.733s] -- Up-to-date: /home/thilevin/sesasr/SESASR/lab05/install/landmark_msgs/local/lib/python3.10/dist-packages/landmark_msgs/msg/_landmark_s.c
[0.733s] -- Up-to-date: /home/thilevin/sesasr/SESASR/lab05/install/landmark_msgs/local/lib/python3.10/dist-packages/landmark_msgs/msg/_landmark_array.py
[0.733s] -- Up-to-date: /home/thilevin/sesasr/SESASR/lab05/install/landmark_msgs/local/lib/python3.10/dist-packages/landmark_msgs/msg/_landmark_array_s.c
[0.733s] -- Up-to-date: /home/thilevin/sesasr/SESASR/lab05/install/landmark_msgs/local/lib/python3.10/dist-packages/landmark_msgs/msg/__init__.py
[0.733s] -- Up-to-date: /home/thilevin/sesasr/SESASR/lab05/install/landmark_msgs/local/lib/python3.10/dist-packages/landmark_msgs/landmark_msgs_s__rosidl_typesupport_introspection_c.cpython-310-x86_64-linux-gnu.so
[0.733s] -- Up-to-date: /home/thilevin/sesasr/SESASR/lab05/install/landmark_msgs/local/lib/python3.10/dist-packages/landmark_msgs/_landmark_msgs_s.ep.rosidl_typesupport_introspection_c.c
[0.733s] -- Up-to-date: /home/thilevin/sesasr/SESASR/lab05/install/landmark_msgs/local/lib/python3.10/dist-packages/landmark_msgs/landmark_msgs_s__rosidl_typesupport_fastrtps_c.cpython-310-x86_64-linux-gnu.so
[0.734s] -- Up-to-date: /home/thilevin/sesasr/SESASR/lab05/install/landmark_msgs/local/lib/python3.10/dist-packages/landmark_msgs/_landmark_msgs_s.ep.rosidl_typesupport_c.c
[0.734s] -- Up-to-date: /home/thilevin/sesasr/SESASR/lab05/install/landmark_msgs/local/lib/python3.10/dist-packages/landmark_msgs/__init__.py
[0.774s] Listing '/home/thilevin/sesasr/SESASR/lab05/install/landmark_msgs/local/lib/python3.10/dist-packages/landmark_msgs'...
[0.774s] Listing '/home/thilevin/sesasr/SESASR/lab05/install/landmark_msgs/local/lib/python3.10/dist-packages/landmark_msgs/msg'...
[0.775s] -- Up-to-date: /home/thilevin/sesasr/SESASR/lab05/install/landmark_msgs/local/lib/python3.10/dist-packages/landmark_msgs/landmark_msgs_s__rosidl_typesupport_fastrtps_c.cpython-310-x86_64-linux-gnu.so
[0.775s] -- Up-to-date: /home/thilevin/sesasr/SESASR/lab05/install/landmark_msgs/local/lib/python3.10/dist-packages/landmark_msgs/landmark_msgs_s__rosidl_typesupport_introspection_c.cpython-310-x86_64-linux-gnu.so
[0.776s] -- Up-to-date: /home/thilevin/sesasr/SESASR/lab05/install/landmark_msgs/local/lib/python3.10/dist-packages/landmark_msgs/landmark_msgs_s__rosidl_typesupport_c.cpython-310-x86_64-linux-gnu.so
[0.776s] -- Up-to-date: /home/thilevin/sesasr/SESASR/lab05/install/landmark_msgs/lib/liblandmark_msgs__rosidl_generator_py.so
[0.777s] -- Up-to-date: /home/thilevin/sesasr/SESASR/lab05/install/landmark_msgs/share/landmark_msgs/msg/Landmark.idl
[0.777s] -- Up-to-date: /home/thilevin/sesasr/SESASR/lab05/install/landmark_msgs/share/landmark_msgs/msg/LandmarkArray.idl
[0.777s] -- Up-to-date: /home/thilevin/sesasr/SESASR/lab05/install/landmark_msgs/share/landmark_msgs/msg/Landmark.msg
[0.778s] -- Up-to-date: /home/thilevin/sesasr/SESASR/lab05/install/landmark_msgs/share/landmark_msgs/msg/LandmarkArray.msg
[0.778s] -- Up-to-date: /home/thilevin/sesasr/SESASR/lab05/install/landmark_msgs/share/ament_index/resource_index/package_run_dependencies/landmark_msgs
[0.778s] -- Up-to-date: /home/thilevin/sesasr/SESASR/lab05/install/landmark_msgs/share/ament_index/resource_index/parent_prefix_path/landmark_msgs
[0.779s] -- Up-to-date: /home/thilevin/sesasr/SESASR/lab05/install/landmark_msgs/share/landmark_msgs/environment/ament_prefix_path.sh
[0.780s] -- Up-to-date: /home/thilevin/sesasr/SESASR/lab05/install/landmark_msgs/share/landmark_msgs/environment/ament_prefix_path.dsv
[0.782s] -- Up-to-date: /home/thilevin/sesasr/SESASR/lab05/install/landmark_msgs/share/landmark_msgs/environment/path.sh
[0.782s] -- Up-to-date: /home/thilevin/sesasr/SESASR/lab05/install/landmark_msgs/share/landmark_msgs/environment/path.dsv
[0.783s] -- Up-to-date: /home/thilevin/sesasr/SESASR/lab05/install/landmark_msgs/share/landmark_msgs/local_setup.bash
[0.784s] -- Up-to-date: /home/thilevin/sesasr/SESASR/lab05/install/landmark_msgs/share/landmark_msgs/local_setup.sh
[0.785s] -- Up-to-date: /home/thilevin/sesasr/SESASR/lab05/install/landmark_msgs/share/landmark_msgs/local_setup.zsh
[0.785s] -- Up-to-date: /home/thilevin/sesasr/SESASR/lab05/install/landmark_msgs/share/landmark_msgs/local_setup.dsv
[0.785s] -- Installing: /home/thilevin/sesasr/SESASR/lab05/install/landmark_msgs/share/landmark_msgs/package.dsv
[0.786s] -- Up-to-date: /home/thilevin/sesasr/SESASR/lab05/install/landmark_msgs/share/ament_index/resource_index/packages/landmark_msgs
[0.786s] -- Up-to-date: /home/thilevin/sesasr/SESASR/lab05/install/landmark_msgs/share/landmark_msgs/cmake/export_landmark_msgs__rosidl_generator_cExport.cmake
[0.786s] -- Up-to-date: /home/thilevin/sesasr/SESASR/lab05/install/landmark_msgs/share/landmark_msgs/cmake/export_landmark_msgs__rosidl_generator_cExport-noconfig.cmake
[0.786s] -- Up-to-date: /home/thilevin/sesasr/SESASR/lab05/install/landmark_msgs/share/landmark_msgs/cmake/export_landmark_msgs__rosidl_typesupport_fastrtps_cExport.cmake
[0.787s] -- Up-to-date: /home/thilevin/sesasr/SESASR/lab05/install/landmark_msgs/share/landmark_msgs/cmake/export_landmark_msgs__rosidl_typesupport_fastrtps_cExport-noconfig.cmake
[0.787s] -- Up-to-date: /home/thilevin/sesasr/SESASR/lab05/install/landmark_msgs/share/landmark_msgs/cmake/landmark_msgs__rosidl_typesupport_introspection_cExport.cmake
[0.787s] -- Up-to-date: /home/thilevin/sesasr/SESASR/lab05/install/landmark_msgs/share/landmark_msgs/cmake/landmark_msgs__rosidl_typesupport_introspection_cExport-noconfig.cmake
[0.787s] -- Up-to-date: /home/thilevin/sesasr/SESASR/lab05/install/landmark_msgs/share/landmark_msgs/cmake/landmark_msgs__rosidl_typesupport_cExport.cmake
[0.788s] -- Up-to-date: /home/thilevin/sesasr/SESASR/lab05/install/landmark_msgs/share/landmark_msgs/cmake/landmark_msgs__rosidl_typesupport_cExport-noconfig.cmake
[0.788s] -- Up-to-date: /home/thilevin/sesasr/SESASR/lab05/install/landmark_msgs/share/landmark_msgs/cmake/export_landmark_msgs__rosidl_generator_cppExport.cmake
[0.788s] -- Up-to-date: /home/thilevin/sesasr/SESASR/lab05/install/landmark_msgs/share/landmark_msgs/cmake/export_landmark_msgs__rosidl_typesupport_fastrtps_cppExport.cmake
[0.788s] -- Up-to-date: /home/thilevin/sesasr/SESASR/lab05/install/landmark_msgs/share/landmark_msgs/cmake/export_landmark_msgs__rosidl_typesupport_fastrtps_cppExport-noconfig.cmake
[0.789s] -- Up-to-date: /home/thilevin/sesasr/SESASR/lab05/install/landmark_msgs/share/landmark_msgs/cmake/landmark_msgs__rosidl_typesupport_introspection_cppExport.cmake
[0.789s] -- Up-to-date: /home/thilevin/sesasr/SESASR/lab05/install/landmark_msgs/share/landmark_msgs/cmake/landmark_msgs__rosidl_typesupport_introspection_cppExport-noconfig.cmake
[0.789s] -- Up-to-date: /home/thilevin/sesasr/SESASR/lab05/install/landmark_msgs/share/landmark_msgs/cmake/landmark_msgs__rosidl_typesupport_cppExport.cmake
[0.790s] -- Up-to-date: /home/thilevin/sesasr/SESASR/lab05/install/landmark_msgs/share/landmark_msgs/cmake/landmark_msgs__rosidl_typesupport_cppExport-noconfig.cmake
[0.790s] -- Up-to-date: /home/thilevin/sesasr/SESASR/lab05/install/landmark_msgs/share/landmark_msgs/cmake/export_landmark_msgs__rosidl_generator_pyExport.cmake
[0.791s] -- Up-to-date: /home/thilevin/sesasr/SESASR/lab05/install/landmark_msgs/share/landmark_msgs/cmake/export_landmark_msgs__rosidl_generator_pyExport-noconfig.cmake
[0.791s] -- Up-to-date: /home/thilevin/sesasr/SESASR/lab05/install/landmark_msgs/share/landmark_msgs/cmake/rosidl_cmake-extras.cmake
[0.791s] -- Up-to-date: /home/thilevin/sesasr/SESASR/lab05/install/landmark_msgs/share/landmark_msgs/cmake/ament_cmake_export_dependencies-extras.cmake
[0.792s] -- Up-to-date: /home/thilevin/sesasr/SESASR/lab05/install/landmark_msgs/share/landmark_msgs/cmake/ament_cmake_export_include_directories-extras.cmake
[0.792s] -- Up-to-date: /home/thilevin/sesasr/SESASR/lab05/install/landmark_msgs/share/landmark_msgs/cmake/ament_cmake_export_libraries-extras.cmake
[0.792s] -- Up-to-date: /home/thilevin/sesasr/SESASR/lab05/install/landmark_msgs/share/landmark_msgs/cmake/ament_cmake_export_targets-extras.cmake
[0.792s] -- Up-to-date: /home/thilevin/sesasr/SESASR/lab05/install/landmark_msgs/share/landmark_msgs/cmake/rosidl_cmake_export_typesupport_targets-extras.cmake
[0.792s] -- Up-to-date: /home/thilevin/sesasr/SESASR/lab05/install/landmark_msgs/share/landmark_msgs/cmake/rosidl_cmake_export_typesupport_libraries-extras.cmake
[0.793s] -- Up-to-date: /home/thilevin/sesasr/SESASR/lab05/install/landmark_msgs/share/landmark_msgs/cmake/landmark_msgsConfig.cmake
[0.793s] -- Up-to-date: /home/thilevin/sesasr/SESASR/lab05/install/landmark_msgs/share/landmark_msgs/cmake/landmark_msgsConfig-version.cmake
[0.794s] -- Up-to-date: /home/thilevin/sesasr/SESASR/lab05/install/landmark_msgs/share/landmark_msgs/package.xml
[0.794s] Invoked command in '/home/thilevin/sesasr/SESASR/lab05/build/landmark_msgs' returned '0': CMAKE_PREFIX_PATH=${CMAKE_PREFIX_PATH}:/home/thilevin/sesasr/SESASR/lab05/install/turtlebot3_perception:/home/thilevin/sesasr/SESASR/lab05/install/pf_pkg:/opt/ros/humble /usr/bin/cmake --install /home/thilevin/sesasr/SESASR/lab05/build/landmark_msgs
