[0.430s] Invoking command in '/home/lincunha/SESASR/lab02/build/turtlebot3_simulations': CMAKE_PREFIX_PATH=/home/lincunha/SESASR/lab02/install/turtlebot3_gazebo:/home/lincunha/SESASR/lab02/install/turtlebot3_fake_node:/home/lincunha/SESASR/lab02/install/turtlebot3_simulations:/home/lincunha/SESASR/lab02/install/lab02_pkg:/opt/ros/humble /usr/bin/cmake --build /home/lincunha/SESASR/lab02/build/turtlebot3_simulations -- -j8 -l8
[0.656s] Invoked command in '/home/lincunha/SESASR/lab02/build/turtlebot3_simulations' returned '0': CMAKE_PREFIX_PATH=/home/lincunha/SESASR/lab02/install/turtlebot3_gazebo:/home/lincunha/SESASR/lab02/install/turtlebot3_fake_node:/home/lincunha/SESASR/lab02/install/turtlebot3_simulations:/home/lincunha/SESASR/lab02/install/lab02_pkg:/opt/ros/humble /usr/bin/cmake --build /home/lincunha/SESASR/lab02/build/turtlebot3_simulations -- -j8 -l8
[0.792s] Invoking command in '/home/lincunha/SESASR/lab02/build/turtlebot3_simulations': CMAKE_PREFIX_PATH=/home/lincunha/SESASR/lab02/install/turtlebot3_gazebo:/home/lincunha/SESASR/lab02/install/turtlebot3_fake_node:/home/lincunha/SESASR/lab02/install/turtlebot3_simulations:/home/lincunha/SESASR/lab02/install/lab02_pkg:/opt/ros/humble /usr/bin/cmake --install /home/lincunha/SESASR/lab02/build/turtlebot3_simulations
[0.835s] -- Install configuration: ""
[0.838s] -- Execute custom install script
[0.840s] -- Up-to-date symlink: /home/lincunha/SESASR/lab02/install/turtlebot3_simulations/share/ament_index/resource_index/package_run_dependencies/turtlebot3_simulations
[0.843s] -- Up-to-date symlink: /home/lincunha/SESASR/lab02/install/turtlebot3_simulations/share/ament_index/resource_index/parent_prefix_path/turtlebot3_simulations
[0.844s] -- Up-to-date symlink: /home/lincunha/SESASR/lab02/install/turtlebot3_simulations/share/turtlebot3_simulations/environment/ament_prefix_path.sh
[0.845s] -- Up-to-date symlink: /home/lincunha/SESASR/lab02/install/turtlebot3_simulations/share/turtlebot3_simulations/environment/ament_prefix_path.dsv
[0.845s] -- Up-to-date symlink: /home/lincunha/SESASR/lab02/install/turtlebot3_simulations/share/turtlebot3_simulations/environment/path.sh
[0.849s] -- Up-to-date symlink: /home/lincunha/SESASR/lab02/install/turtlebot3_simulations/share/turtlebot3_simulations/environment/path.dsv
[0.850s] -- Up-to-date symlink: /home/lincunha/SESASR/lab02/install/turtlebot3_simulations/share/turtlebot3_simulations/local_setup.bash
[0.851s] -- Up-to-date symlink: /home/lincunha/SESASR/lab02/install/turtlebot3_simulations/share/turtlebot3_simulations/local_setup.sh
[0.851s] -- Up-to-date symlink: /home/lincunha/SESASR/lab02/install/turtlebot3_simulations/share/turtlebot3_simulations/local_setup.zsh
[0.853s] -- Up-to-date symlink: /home/lincunha/SESASR/lab02/install/turtlebot3_simulations/share/turtlebot3_simulations/local_setup.dsv
[0.854s] -- Symlinking: /home/lincunha/SESASR/lab02/install/turtlebot3_simulations/share/turtlebot3_simulations/package.dsv
[0.900s] -- Up-to-date symlink: /home/lincunha/SESASR/lab02/install/turtlebot3_simulations/share/ament_index/resource_index/packages/turtlebot3_simulations
[0.902s] -- Up-to-date symlink: /home/lincunha/SESASR/lab02/install/turtlebot3_simulations/share/turtlebot3_simulations/cmake/turtlebot3_simulationsConfig.cmake
[0.905s] -- Up-to-date symlink: /home/lincunha/SESASR/lab02/install/turtlebot3_simulations/share/turtlebot3_simulations/cmake/turtlebot3_simulationsConfig-version.cmake
[0.906s] -- Up-to-date symlink: /home/lincunha/SESASR/lab02/install/turtlebot3_simulations/share/turtlebot3_simulations/package.xml
[0.924s] Invoked command in '/home/lincunha/SESASR/lab02/build/turtlebot3_simulations' returned '0': CMAKE_PREFIX_PATH=/home/lincunha/SESASR/lab02/install/turtlebot3_gazebo:/home/lincunha/SESASR/lab02/install/turtlebot3_fake_node:/home/lincunha/SESASR/lab02/install/turtlebot3_simulations:/home/lincunha/SESASR/lab02/install/lab02_pkg:/opt/ros/humble /usr/bin/cmake --install /home/lincunha/SESASR/lab02/build/turtlebot3_simulations
