[0.089s] Invoking command in '/home/thilevin/sesasr/SESASR/lab05/build/turtlebot3_simulations': CMAKE_PREFIX_PATH=/home/thilevin/sesasr/SESASR/lab05/install/turtlebot3_fake_node:/home/thilevin/sesasr/SESASR/lab05/install/turtlebot3_simulations:/home/thilevin/sesasr/SESASR/lab05/install/turtlebot3_gazebo:/home/thilevin/sesasr/SESASR/lab05/install/landmark_msgs:/home/thilevin/sesasr/SESASR/lab05/install/turtlebot3_perception:/home/thilevin/sesasr/SESASR/lab05/install/pf_pkg:/opt/ros/humble /usr/bin/cmake --build /home/thilevin/sesasr/SESASR/lab05/build/turtlebot3_simulations -- -j12 -l12
[0.130s] Invoked command in '/home/thilevin/sesasr/SESASR/lab05/build/turtlebot3_simulations' returned '0': CMAKE_PREFIX_PATH=/home/thilevin/sesasr/SESASR/lab05/install/turtlebot3_fake_node:/home/thilevin/sesasr/SESASR/lab05/install/turtlebot3_simulations:/home/thilevin/sesasr/SESASR/lab05/install/turtlebot3_gazebo:/home/thilevin/sesasr/SESASR/lab05/install/landmark_msgs:/home/thilevin/sesasr/SESASR/lab05/install/turtlebot3_perception:/home/thilevin/sesasr/SESASR/lab05/install/pf_pkg:/opt/ros/humble /usr/bin/cmake --build /home/thilevin/sesasr/SESASR/lab05/build/turtlebot3_simulations -- -j12 -l12
[0.166s] Invoking command in '/home/thilevin/sesasr/SESASR/lab05/build/turtlebot3_simulations': CMAKE_PREFIX_PATH=/home/thilevin/sesasr/SESASR/lab05/install/turtlebot3_fake_node:/home/thilevin/sesasr/SESASR/lab05/install/turtlebot3_simulations:/home/thilevin/sesasr/SESASR/lab05/install/turtlebot3_gazebo:/home/thilevin/sesasr/SESASR/lab05/install/landmark_msgs:/home/thilevin/sesasr/SESASR/lab05/install/turtlebot3_perception:/home/thilevin/sesasr/SESASR/lab05/install/pf_pkg:/opt/ros/humble /usr/bin/cmake --install /home/thilevin/sesasr/SESASR/lab05/build/turtlebot3_simulations
[0.169s] -- Install configuration: ""
[0.169s] -- Up-to-date: /home/thilevin/sesasr/SESASR/lab05/install/turtlebot3_simulations/share/ament_index/resource_index/package_run_dependencies/turtlebot3_simulations
[0.169s] -- Up-to-date: /home/thilevin/sesasr/SESASR/lab05/install/turtlebot3_simulations/share/ament_index/resource_index/parent_prefix_path/turtlebot3_simulations
[0.170s] -- Up-to-date: /home/thilevin/sesasr/SESASR/lab05/install/turtlebot3_simulations/share/turtlebot3_simulations/environment/ament_prefix_path.sh
[0.170s] -- Up-to-date: /home/thilevin/sesasr/SESASR/lab05/install/turtlebot3_simulations/share/turtlebot3_simulations/environment/ament_prefix_path.dsv
[0.170s] -- Up-to-date: /home/thilevin/sesasr/SESASR/lab05/install/turtlebot3_simulations/share/turtlebot3_simulations/environment/path.sh
[0.170s] -- Up-to-date: /home/thilevin/sesasr/SESASR/lab05/install/turtlebot3_simulations/share/turtlebot3_simulations/environment/path.dsv
[0.170s] -- Up-to-date: /home/thilevin/sesasr/SESASR/lab05/install/turtlebot3_simulations/share/turtlebot3_simulations/local_setup.bash
[0.170s] -- Up-to-date: /home/thilevin/sesasr/SESASR/lab05/install/turtlebot3_simulations/share/turtlebot3_simulations/local_setup.sh
[0.171s] -- Up-to-date: /home/thilevin/sesasr/SESASR/lab05/install/turtlebot3_simulations/share/turtlebot3_simulations/local_setup.zsh
[0.171s] -- Up-to-date: /home/thilevin/sesasr/SESASR/lab05/install/turtlebot3_simulations/share/turtlebot3_simulations/local_setup.dsv
[0.171s] -- Installing: /home/thilevin/sesasr/SESASR/lab05/install/turtlebot3_simulations/share/turtlebot3_simulations/package.dsv
[0.171s] -- Up-to-date: /home/thilevin/sesasr/SESASR/lab05/install/turtlebot3_simulations/share/ament_index/resource_index/packages/turtlebot3_simulations
[0.172s] -- Up-to-date: /home/thilevin/sesasr/SESASR/lab05/install/turtlebot3_simulations/share/turtlebot3_simulations/cmake/turtlebot3_simulationsConfig.cmake
[0.172s] -- Up-to-date: /home/thilevin/sesasr/SESASR/lab05/install/turtlebot3_simulations/share/turtlebot3_simulations/cmake/turtlebot3_simulationsConfig-version.cmake
[0.173s] -- Up-to-date: /home/thilevin/sesasr/SESASR/lab05/install/turtlebot3_simulations/share/turtlebot3_simulations/package.xml
[0.177s] Invoked command in '/home/thilevin/sesasr/SESASR/lab05/build/turtlebot3_simulations' returned '0': CMAKE_PREFIX_PATH=/home/thilevin/sesasr/SESASR/lab05/install/turtlebot3_fake_node:/home/thilevin/sesasr/SESASR/lab05/install/turtlebot3_simulations:/home/thilevin/sesasr/SESASR/lab05/install/turtlebot3_gazebo:/home/thilevin/sesasr/SESASR/lab05/install/landmark_msgs:/home/thilevin/sesasr/SESASR/lab05/install/turtlebot3_perception:/home/thilevin/sesasr/SESASR/lab05/install/pf_pkg:/opt/ros/humble /usr/bin/cmake --install /home/thilevin/sesasr/SESASR/lab05/build/turtlebot3_simulations
