[0.188s] Invoking command in '/home/lincunha/SESASR/lab02/build/turtlebot3_gazebo': CMAKE_PREFIX_PATH=${CMAKE_PREFIX_PATH}:/home/lincunha/SESASR/lab02/install/lab02_pkg:/opt/ros/humble /usr/bin/cmake --build /home/lincunha/SESASR/lab02/build/turtlebot3_gazebo -- -j8 -l8
[0.645s] [ 25%] Built target turtlebot3_drive
[0.706s] [ 50%] Built target obstacles
[0.727s] [ 75%] Built target obstacle1
[0.744s] [100%] Built target obstacle2
[2.492s] Invoked command in '/home/lincunha/SESASR/lab02/build/turtlebot3_gazebo' returned '0': CMAKE_PREFIX_PATH=${CMAKE_PREFIX_PATH}:/home/lincunha/SESASR/lab02/install/lab02_pkg:/opt/ros/humble /usr/bin/cmake --build /home/lincunha/SESASR/lab02/build/turtlebot3_gazebo -- -j8 -l8
[2.781s] Invoking command in '/home/lincunha/SESASR/lab02/build/turtlebot3_gazebo': CMAKE_PREFIX_PATH=${CMAKE_PREFIX_PATH}:/home/lincunha/SESASR/lab02/install/lab02_pkg:/opt/ros/humble /usr/bin/cmake --install /home/lincunha/SESASR/lab02/build/turtlebot3_gazebo
[2.830s] -- Install configuration: ""
[2.842s] -- Execute custom install script
[2.844s] -- Up-to-date symlink: /home/lincunha/SESASR/lab02/install/turtlebot3_gazebo/lib/turtlebot3_gazebo/turtlebot3_drive
[2.846s] -- Up-to-date symlink: /home/lincunha/SESASR/lab02/install/turtlebot3_gazebo/share/turtlebot3_gazebo//launch/empty_world.launch.py
[2.847s] -- Up-to-date symlink: /home/lincunha/SESASR/lab02/install/turtlebot3_gazebo/share/turtlebot3_gazebo//launch/lab02.launch.py
[2.848s] -- Up-to-date symlink: /home/lincunha/SESASR/lab02/install/turtlebot3_gazebo/share/turtlebot3_gazebo//launch/robot_state_publisher.launch.py
[2.848s] -- Up-to-date symlink: /home/lincunha/SESASR/lab02/install/turtlebot3_gazebo/share/turtlebot3_gazebo//launch/spawn_turtlebot3.launch.py
[2.852s] -- Up-to-date symlink: /home/lincunha/SESASR/lab02/install/turtlebot3_gazebo/share/turtlebot3_gazebo//launch/turtlebot3_dqn_stage1.launch.py
[2.853s] -- Up-to-date symlink: /home/lincunha/SESASR/lab02/install/turtlebot3_gazebo/share/turtlebot3_gazebo//launch/turtlebot3_dqn_stage2.launch.py
[2.854s] -- Up-to-date symlink: /home/lincunha/SESASR/lab02/install/turtlebot3_gazebo/share/turtlebot3_gazebo//launch/turtlebot3_dqn_stage3.launch.py
[2.860s] -- Up-to-date symlink: /home/lincunha/SESASR/lab02/install/turtlebot3_gazebo/share/turtlebot3_gazebo//launch/turtlebot3_dqn_stage4.launch.py
[2.863s] -- Up-to-date symlink: /home/lincunha/SESASR/lab02/install/turtlebot3_gazebo/share/turtlebot3_gazebo//launch/turtlebot3_house.launch.py
[2.877s] -- Up-to-date symlink: /home/lincunha/SESASR/lab02/install/turtlebot3_gazebo/share/turtlebot3_gazebo//launch/turtlebot3_world.launch.py
[2.882s] -- Up-to-date symlink: /home/lincunha/SESASR/lab02/install/turtlebot3_gazebo/share/turtlebot3_gazebo//models/turtlebot3_burger/model-1_4.sdf
[2.882s] -- Up-to-date symlink: /home/lincunha/SESASR/lab02/install/turtlebot3_gazebo/share/turtlebot3_gazebo//models/turtlebot3_burger/model.config
[2.886s] -- Up-to-date symlink: /home/lincunha/SESASR/lab02/install/turtlebot3_gazebo/share/turtlebot3_gazebo//models/turtlebot3_burger/model.sdf
[2.893s] -- Up-to-date symlink: /home/lincunha/SESASR/lab02/install/turtlebot3_gazebo/share/turtlebot3_gazebo//models/turtlebot3_common/meshes/burger_base.dae
[2.893s] -- Up-to-date symlink: /home/lincunha/SESASR/lab02/install/turtlebot3_gazebo/share/turtlebot3_gazebo//models/turtlebot3_common/meshes/lds.dae
[2.894s] -- Up-to-date symlink: /home/lincunha/SESASR/lab02/install/turtlebot3_gazebo/share/turtlebot3_gazebo//models/turtlebot3_common/meshes/r200.dae
[2.894s] -- Up-to-date symlink: /home/lincunha/SESASR/lab02/install/turtlebot3_gazebo/share/turtlebot3_gazebo//models/turtlebot3_common/meshes/tire.dae
[2.894s] -- Up-to-date symlink: /home/lincunha/SESASR/lab02/install/turtlebot3_gazebo/share/turtlebot3_gazebo//models/turtlebot3_common/meshes/waffle_base.dae
[2.895s] -- Up-to-date symlink: /home/lincunha/SESASR/lab02/install/turtlebot3_gazebo/share/turtlebot3_gazebo//models/turtlebot3_common/meshes/waffle_pi_base.dae
[2.895s] -- Up-to-date symlink: /home/lincunha/SESASR/lab02/install/turtlebot3_gazebo/share/turtlebot3_gazebo//models/turtlebot3_common/model.config
[2.895s] -- Up-to-date symlink: /home/lincunha/SESASR/lab02/install/turtlebot3_gazebo/share/turtlebot3_gazebo//models/turtlebot3_dqn_world/goal_box/model.config
[2.897s] -- Up-to-date symlink: /home/lincunha/SESASR/lab02/install/turtlebot3_gazebo/share/turtlebot3_gazebo//models/turtlebot3_dqn_world/goal_box/model.sdf
[2.898s] -- Up-to-date symlink: /home/lincunha/SESASR/lab02/install/turtlebot3_gazebo/share/turtlebot3_gazebo//models/turtlebot3_dqn_world/inner_walls/model.config
[2.898s] -- Up-to-date symlink: /home/lincunha/SESASR/lab02/install/turtlebot3_gazebo/share/turtlebot3_gazebo//models/turtlebot3_dqn_world/inner_walls/model.sdf
[2.899s] -- Up-to-date symlink: /home/lincunha/SESASR/lab02/install/turtlebot3_gazebo/share/turtlebot3_gazebo//models/turtlebot3_dqn_world/model.config
[2.899s] -- Up-to-date symlink: /home/lincunha/SESASR/lab02/install/turtlebot3_gazebo/share/turtlebot3_gazebo//models/turtlebot3_dqn_world/model.sdf
[2.899s] -- Up-to-date symlink: /home/lincunha/SESASR/lab02/install/turtlebot3_gazebo/share/turtlebot3_gazebo//models/turtlebot3_dqn_world/obstacle1/model.config
[2.922s] -- Up-to-date symlink: /home/lincunha/SESASR/lab02/install/turtlebot3_gazebo/share/turtlebot3_gazebo//models/turtlebot3_dqn_world/obstacle1/model.sdf
[2.923s] -- Up-to-date symlink: /home/lincunha/SESASR/lab02/install/turtlebot3_gazebo/share/turtlebot3_gazebo//models/turtlebot3_dqn_world/obstacle2/model.config
[2.931s] -- Up-to-date symlink: /home/lincunha/SESASR/lab02/install/turtlebot3_gazebo/share/turtlebot3_gazebo//models/turtlebot3_dqn_world/obstacle2/model.sdf
[2.933s] -- Up-to-date symlink: /home/lincunha/SESASR/lab02/install/turtlebot3_gazebo/share/turtlebot3_gazebo//models/turtlebot3_dqn_world/obstacle_plugin/CMakeLists.txt
[2.934s] -- Up-to-date symlink: /home/lincunha/SESASR/lab02/install/turtlebot3_gazebo/share/turtlebot3_gazebo//models/turtlebot3_dqn_world/obstacle_plugin/obstacle1.cc
[2.935s] -- Up-to-date symlink: /home/lincunha/SESASR/lab02/install/turtlebot3_gazebo/share/turtlebot3_gazebo//models/turtlebot3_dqn_world/obstacle_plugin/obstacle2.cc
[2.937s] -- Up-to-date symlink: /home/lincunha/SESASR/lab02/install/turtlebot3_gazebo/share/turtlebot3_gazebo//models/turtlebot3_dqn_world/obstacle_plugin/obstacles.cc
[2.938s] -- Up-to-date symlink: /home/lincunha/SESASR/lab02/install/turtlebot3_gazebo/share/turtlebot3_gazebo//models/turtlebot3_dqn_world/obstacles/model.config
[2.939s] -- Up-to-date symlink: /home/lincunha/SESASR/lab02/install/turtlebot3_gazebo/share/turtlebot3_gazebo//models/turtlebot3_dqn_world/obstacles/model.sdf
[2.939s] -- Up-to-date symlink: /home/lincunha/SESASR/lab02/install/turtlebot3_gazebo/share/turtlebot3_gazebo//models/turtlebot3_house/model.config
[2.940s] -- Up-to-date symlink: /home/lincunha/SESASR/lab02/install/turtlebot3_gazebo/share/turtlebot3_gazebo//models/turtlebot3_house/model.sdf
[2.944s] -- Up-to-date symlink: /home/lincunha/SESASR/lab02/install/turtlebot3_gazebo/share/turtlebot3_gazebo//models/turtlebot3_waffle/model-1_4.sdf
[2.958s] -- Up-to-date symlink: /home/lincunha/SESASR/lab02/install/turtlebot3_gazebo/share/turtlebot3_gazebo//models/turtlebot3_waffle/model.config
[2.961s] -- Up-to-date symlink: /home/lincunha/SESASR/lab02/install/turtlebot3_gazebo/share/turtlebot3_gazebo//models/turtlebot3_waffle/model.sdf
[2.962s] -- Up-to-date symlink: /home/lincunha/SESASR/lab02/install/turtlebot3_gazebo/share/turtlebot3_gazebo//models/turtlebot3_waffle_pi/model-1_4_.sdf
[2.963s] -- Up-to-date symlink: /home/lincunha/SESASR/lab02/install/turtlebot3_gazebo/share/turtlebot3_gazebo//models/turtlebot3_waffle_pi/model.config
[2.964s] -- Up-to-date symlink: /home/lincunha/SESASR/lab02/install/turtlebot3_gazebo/share/turtlebot3_gazebo//models/turtlebot3_waffle_pi/model.sdf
[2.964s] -- Up-to-date symlink: /home/lincunha/SESASR/lab02/install/turtlebot3_gazebo/share/turtlebot3_gazebo//models/turtlebot3_world/meshes/hexagon.dae
[2.965s] -- Up-to-date symlink: /home/lincunha/SESASR/lab02/install/turtlebot3_gazebo/share/turtlebot3_gazebo//models/turtlebot3_world/meshes/wall.dae
[2.966s] -- Up-to-date symlink: /home/lincunha/SESASR/lab02/install/turtlebot3_gazebo/share/turtlebot3_gazebo//models/turtlebot3_world/model-1_4.sdf
[2.968s] -- Up-to-date symlink: /home/lincunha/SESASR/lab02/install/turtlebot3_gazebo/share/turtlebot3_gazebo//models/turtlebot3_world/model.config
[2.974s] -- Up-to-date symlink: /home/lincunha/SESASR/lab02/install/turtlebot3_gazebo/share/turtlebot3_gazebo//models/turtlebot3_world/model.sdf
[2.976s] -- Up-to-date symlink: /home/lincunha/SESASR/lab02/install/turtlebot3_gazebo/share/turtlebot3_gazebo//rviz/tb3_gazebo.rviz
[2.977s] -- Up-to-date symlink: /home/lincunha/SESASR/lab02/install/turtlebot3_gazebo/share/turtlebot3_gazebo//urdf/common_properties.urdf
[2.988s] -- Up-to-date symlink: /home/lincunha/SESASR/lab02/install/turtlebot3_gazebo/share/turtlebot3_gazebo//urdf/turtlebot3_burger.urdf
[2.989s] -- Up-to-date symlink: /home/lincunha/SESASR/lab02/install/turtlebot3_gazebo/share/turtlebot3_gazebo//urdf/turtlebot3_waffle.urdf
[2.993s] -- Up-to-date symlink: /home/lincunha/SESASR/lab02/install/turtlebot3_gazebo/share/turtlebot3_gazebo//urdf/turtlebot3_waffle_pi.urdf
[3.003s] -- Up-to-date symlink: /home/lincunha/SESASR/lab02/install/turtlebot3_gazebo/share/turtlebot3_gazebo//worlds/empty_world.world
[3.005s] -- Up-to-date symlink: /home/lincunha/SESASR/lab02/install/turtlebot3_gazebo/share/turtlebot3_gazebo//worlds/maze.world
[3.006s] -- Up-to-date symlink: /home/lincunha/SESASR/lab02/install/turtlebot3_gazebo/share/turtlebot3_gazebo//worlds/turtlebot3_dqn_stage1.world
[3.007s] -- Up-to-date symlink: /home/lincunha/SESASR/lab02/install/turtlebot3_gazebo/share/turtlebot3_gazebo//worlds/turtlebot3_dqn_stage2.world
[3.008s] -- Up-to-date symlink: /home/lincunha/SESASR/lab02/install/turtlebot3_gazebo/share/turtlebot3_gazebo//worlds/turtlebot3_dqn_stage3.world
[3.008s] -- Up-to-date symlink: /home/lincunha/SESASR/lab02/install/turtlebot3_gazebo/share/turtlebot3_gazebo//worlds/turtlebot3_dqn_stage4.world
[3.011s] -- Up-to-date symlink: /home/lincunha/SESASR/lab02/install/turtlebot3_gazebo/share/turtlebot3_gazebo//worlds/turtlebot3_house.world
[3.015s] -- Up-to-date symlink: /home/lincunha/SESASR/lab02/install/turtlebot3_gazebo/share/turtlebot3_gazebo//worlds/turtlebot3_world.world
[3.017s] -- Up-to-date symlink: /home/lincunha/SESASR/lab02/install/turtlebot3_gazebo/include//turtlebot3_gazebo/turtlebot3_drive.hpp
[3.025s] -- Up-to-date symlink: /home/lincunha/SESASR/lab02/install/turtlebot3_gazebo/share/turtlebot3_gazebo/environment/turtlebot3_gazebo.dsv
[3.027s] -- Up-to-date symlink: /home/lincunha/SESASR/lab02/install/turtlebot3_gazebo/share/ament_index/resource_index/package_run_dependencies/turtlebot3_gazebo
[3.028s] -- Up-to-date symlink: /home/lincunha/SESASR/lab02/install/turtlebot3_gazebo/share/ament_index/resource_index/parent_prefix_path/turtlebot3_gazebo
[3.029s] -- Up-to-date symlink: /home/lincunha/SESASR/lab02/install/turtlebot3_gazebo/share/turtlebot3_gazebo/environment/ament_prefix_path.sh
[3.032s] -- Up-to-date symlink: /home/lincunha/SESASR/lab02/install/turtlebot3_gazebo/share/turtlebot3_gazebo/environment/ament_prefix_path.dsv
[3.033s] -- Up-to-date symlink: /home/lincunha/SESASR/lab02/install/turtlebot3_gazebo/share/turtlebot3_gazebo/environment/path.sh
[3.037s] -- Up-to-date symlink: /home/lincunha/SESASR/lab02/install/turtlebot3_gazebo/share/turtlebot3_gazebo/environment/path.dsv
[3.044s] -- Up-to-date symlink: /home/lincunha/SESASR/lab02/install/turtlebot3_gazebo/share/turtlebot3_gazebo/local_setup.bash
[3.056s] -- Up-to-date symlink: /home/lincunha/SESASR/lab02/install/turtlebot3_gazebo/share/turtlebot3_gazebo/local_setup.sh
[3.057s] -- Up-to-date symlink: /home/lincunha/SESASR/lab02/install/turtlebot3_gazebo/share/turtlebot3_gazebo/local_setup.zsh
[3.059s] -- Up-to-date symlink: /home/lincunha/SESASR/lab02/install/turtlebot3_gazebo/share/turtlebot3_gazebo/local_setup.dsv
[3.061s] -- Symlinking: /home/lincunha/SESASR/lab02/install/turtlebot3_gazebo/share/turtlebot3_gazebo/package.dsv
[3.061s] -- Up-to-date symlink: /home/lincunha/SESASR/lab02/install/turtlebot3_gazebo/share/ament_index/resource_index/packages/turtlebot3_gazebo
[3.062s] -- Up-to-date symlink: /home/lincunha/SESASR/lab02/install/turtlebot3_gazebo/share/turtlebot3_gazebo/cmake/ament_cmake_export_include_directories-extras.cmake
[3.062s] -- Up-to-date symlink: /home/lincunha/SESASR/lab02/install/turtlebot3_gazebo/share/turtlebot3_gazebo/cmake/ament_cmake_export_dependencies-extras.cmake
[3.062s] -- Up-to-date symlink: /home/lincunha/SESASR/lab02/install/turtlebot3_gazebo/share/turtlebot3_gazebo/cmake/turtlebot3_gazeboConfig.cmake
[3.063s] -- Up-to-date symlink: /home/lincunha/SESASR/lab02/install/turtlebot3_gazebo/share/turtlebot3_gazebo/cmake/turtlebot3_gazeboConfig-version.cmake
[3.063s] -- Up-to-date symlink: /home/lincunha/SESASR/lab02/install/turtlebot3_gazebo/share/turtlebot3_gazebo/package.xml
[3.083s] Invoked command in '/home/lincunha/SESASR/lab02/build/turtlebot3_gazebo' returned '0': CMAKE_PREFIX_PATH=${CMAKE_PREFIX_PATH}:/home/lincunha/SESASR/lab02/install/lab02_pkg:/opt/ros/humble /usr/bin/cmake --install /home/lincunha/SESASR/lab02/build/turtlebot3_gazebo
