[6.254s] Invoking command in '/home/lincunha/SESASR/lab02/src/lab02_pkg': PYTHONPATH=/home/lincunha/SESASR/lab02/build/lab02_pkg/prefix_override:/usr/lib/python3/dist-packages/colcon_core/task/python/colcon_distutils_commands:/home/lincunha/SESASR/lab02/install/lab02_pkg/lib/python3.10/site-packages:${PYTHONPATH} /usr/bin/python3 -W ignore:setup.py install is deprecated setup.py egg_info --egg-base ../../build/lab02_pkg build --build-base /home/lincunha/SESASR/lab02/build/lab02_pkg/build install --record /home/lincunha/SESASR/lab02/build/lab02_pkg/install.log --single-version-externally-managed install_data
[8.636s] running egg_info
[8.638s] writing ../../build/lab02_pkg/lab02_pkg.egg-info/PKG-INFO
[8.640s] writing dependency_links to ../../build/lab02_pkg/lab02_pkg.egg-info/dependency_links.txt
[8.641s] writing entry points to ../../build/lab02_pkg/lab02_pkg.egg-info/entry_points.txt
[8.643s] writing requirements to ../../build/lab02_pkg/lab02_pkg.egg-info/requires.txt
[8.645s] writing top-level names to ../../build/lab02_pkg/lab02_pkg.egg-info/top_level.txt
[8.659s] reading manifest file '../../build/lab02_pkg/lab02_pkg.egg-info/SOURCES.txt'
[8.663s] adding license file 'LICENSE'
[8.668s] writing manifest file '../../build/lab02_pkg/lab02_pkg.egg-info/SOURCES.txt'
[8.669s] running build
[8.671s] running build_py
[8.672s] copying lab02_pkg/controller.py -> /home/lincunha/SESASR/lab02/build/lab02_pkg/build/lib/lab02_pkg
[8.674s] running install
[8.678s] running install_lib
[8.684s] copying /home/lincunha/SESASR/lab02/build/lab02_pkg/build/lib/lab02_pkg/controller.py -> /home/lincunha/SESASR/lab02/install/lab02_pkg/lib/python3.10/site-packages/lab02_pkg
[8.687s] byte-compiling /home/lincunha/SESASR/lab02/install/lab02_pkg/lib/python3.10/site-packages/lab02_pkg/controller.py to controller.cpython-310.pyc
[8.715s] running install_data
[8.716s] running install_egg_info
[8.727s] removing '/home/lincunha/SESASR/lab02/install/lab02_pkg/lib/python3.10/site-packages/lab02_pkg-0.0.0-py3.10.egg-info' (and everything under it)
[8.738s] Copying ../../build/lab02_pkg/lab02_pkg.egg-info to /home/lincunha/SESASR/lab02/install/lab02_pkg/lib/python3.10/site-packages/lab02_pkg-0.0.0-py3.10.egg-info
[8.745s] running install_scripts
[8.905s] Installing controller script to /home/lincunha/SESASR/lab02/install/lab02_pkg/lib/lab02_pkg
[8.909s] Installing listener script to /home/lincunha/SESASR/lab02/install/lab02_pkg/lib/lab02_pkg
[8.910s] Installing talker script to /home/lincunha/SESASR/lab02/install/lab02_pkg/lib/lab02_pkg
[8.918s] writing list of installed files to '/home/lincunha/SESASR/lab02/build/lab02_pkg/install.log'
[9.158s] Invoked command in '/home/lincunha/SESASR/lab02/src/lab02_pkg' returned '0': PYTHONPATH=/home/lincunha/SESASR/lab02/build/lab02_pkg/prefix_override:/usr/lib/python3/dist-packages/colcon_core/task/python/colcon_distutils_commands:/home/lincunha/SESASR/lab02/install/lab02_pkg/lib/python3.10/site-packages:${PYTHONPATH} /usr/bin/python3 -W ignore:setup.py install is deprecated setup.py egg_info --egg-base ../../build/lab02_pkg build --build-base /home/lincunha/SESASR/lab02/build/lab02_pkg/build install --record /home/lincunha/SESASR/lab02/build/lab02_pkg/install.log --single-version-externally-managed install_data
