[1.138s] DEBUG:colcon:Command line arguments: ['/usr/bin/colcon', 'build']
[1.139s] DEBUG:colcon:Parsed command line arguments: Namespace(log_base=None, log_level=None, verb_name='build', build_base='build', install_base='install', merge_install=False, symlink_install=False, test_result_base=None, continue_on_error=False, executor='parallel', parallel_workers=8, event_handlers=None, ignore_user_meta=False, metas=['./colcon.meta'], base_paths=['.'], packages_ignore=None, packages_ignore_regex=None, paths=None, packages_up_to=None, packages_up_to_regex=None, packages_above=None, packages_above_and_dependencies=None, packages_above_depth=None, packages_select_by_dep=None, packages_skip_by_dep=None, packages_skip_up_to=None, packages_select_build_failed=False, packages_skip_build_finished=False, packages_select_test_failures=False, packages_skip_test_passed=False, packages_select=None, packages_skip=None, packages_select_regex=None, packages_skip_regex=None, packages_start=None, packages_end=None, allow_overriding=[], cmake_args=None, cmake_target=None, cmake_target_skip_unavailable=False, cmake_clean_cache=False, cmake_clean_first=False, cmake_force_configure=False, ament_cmake_args=None, catkin_cmake_args=None, catkin_skip_building_tests=False, mixin_files=None, mixin=None, verb_parser=<colcon_mixin.mixin.mixin_argument.MixinArgumentDecorator object at 0x7f90b25f62c0>, verb_extension=<colcon_core.verb.build.BuildVerb object at 0x7f90b26fe920>, main=<bound method BuildVerb.main of <colcon_core.verb.build.BuildVerb object at 0x7f90b26fe920>>, mixin_verb=('build',))
[2.383s] Level 1:colcon.colcon_core.package_discovery:discover_packages(colcon_meta) check parameters
[2.384s] Level 1:colcon.colcon_core.package_discovery:discover_packages(recursive) check parameters
[2.384s] Level 1:colcon.colcon_core.package_discovery:discover_packages(ignore) check parameters
[2.384s] Level 1:colcon.colcon_core.package_discovery:discover_packages(path) check parameters
[2.384s] Level 1:colcon.colcon_core.package_discovery:discover_packages(colcon_meta) discover
[2.385s] Level 1:colcon.colcon_core.package_discovery:discover_packages(recursive) discover
[2.385s] INFO:colcon.colcon_core.package_discovery:Crawling recursively for packages in '/home/lincunha/SESASR/lab02'
[2.385s] Level 1:colcon.colcon_core.package_identification:_identify(.) by extensions ['ignore', 'ignore_ament_install']
[2.386s] Level 1:colcon.colcon_core.package_identification:_identify(.) by extension 'ignore'
[2.386s] Level 1:colcon.colcon_core.package_identification:_identify(.) by extension 'ignore_ament_install'
[2.386s] Level 1:colcon.colcon_core.package_identification:_identify(.) by extensions ['colcon_pkg']
[2.387s] Level 1:colcon.colcon_core.package_identification:_identify(.) by extension 'colcon_pkg'
[2.387s] Level 1:colcon.colcon_core.package_identification:_identify(.) by extensions ['colcon_meta']
[2.387s] Level 1:colcon.colcon_core.package_identification:_identify(.) by extension 'colcon_meta'
[2.387s] Level 1:colcon.colcon_core.package_identification:_identify(.) by extensions ['ros']
[2.387s] Level 1:colcon.colcon_core.package_identification:_identify(.) by extension 'ros'
[2.450s] Level 1:colcon.colcon_core.package_identification:_identify(.) by extensions ['cmake', 'python']
[2.450s] Level 1:colcon.colcon_core.package_identification:_identify(.) by extension 'cmake'
[2.451s] Level 1:colcon.colcon_core.package_identification:_identify(.) by extension 'python'
[2.451s] Level 1:colcon.colcon_core.package_identification:_identify(.) by extensions ['python_setup_py']
[2.451s] Level 1:colcon.colcon_core.package_identification:_identify(.) by extension 'python_setup_py'
[2.452s] Level 1:colcon.colcon_core.package_identification:_identify(build) by extensions ['ignore', 'ignore_ament_install']
[2.453s] Level 1:colcon.colcon_core.package_identification:_identify(build) by extension 'ignore'
[2.453s] Level 1:colcon.colcon_core.package_identification:_identify(build) ignored
[2.454s] Level 1:colcon.colcon_core.package_identification:_identify(install) by extensions ['ignore', 'ignore_ament_install']
[2.455s] Level 1:colcon.colcon_core.package_identification:_identify(install) by extension 'ignore'
[2.455s] Level 1:colcon.colcon_core.package_identification:_identify(install) ignored
[2.456s] Level 1:colcon.colcon_core.package_identification:_identify(log) by extensions ['ignore', 'ignore_ament_install']
[2.457s] Level 1:colcon.colcon_core.package_identification:_identify(log) by extension 'ignore'
[2.457s] Level 1:colcon.colcon_core.package_identification:_identify(log) ignored
[2.458s] Level 1:colcon.colcon_core.package_identification:_identify(src) by extensions ['ignore', 'ignore_ament_install']
[2.459s] Level 1:colcon.colcon_core.package_identification:_identify(src) by extension 'ignore'
[2.459s] Level 1:colcon.colcon_core.package_identification:_identify(src) by extension 'ignore_ament_install'
[2.462s] Level 1:colcon.colcon_core.package_identification:_identify(src) by extensions ['colcon_pkg']
[2.464s] Level 1:colcon.colcon_core.package_identification:_identify(src) by extension 'colcon_pkg'
[2.464s] Level 1:colcon.colcon_core.package_identification:_identify(src) by extensions ['colcon_meta']
[2.465s] Level 1:colcon.colcon_core.package_identification:_identify(src) by extension 'colcon_meta'
[2.467s] Level 1:colcon.colcon_core.package_identification:_identify(src) by extensions ['ros']
[2.467s] Level 1:colcon.colcon_core.package_identification:_identify(src) by extension 'ros'
[2.468s] Level 1:colcon.colcon_core.package_identification:_identify(src) by extensions ['cmake', 'python']
[2.469s] Level 1:colcon.colcon_core.package_identification:_identify(src) by extension 'cmake'
[2.469s] Level 1:colcon.colcon_core.package_identification:_identify(src) by extension 'python'
[2.469s] Level 1:colcon.colcon_core.package_identification:_identify(src) by extensions ['python_setup_py']
[2.470s] Level 1:colcon.colcon_core.package_identification:_identify(src) by extension 'python_setup_py'
[2.470s] Level 1:colcon.colcon_core.package_identification:_identify(src/lab02_pkg) by extensions ['ignore', 'ignore_ament_install']
[2.471s] Level 1:colcon.colcon_core.package_identification:_identify(src/lab02_pkg) by extension 'ignore'
[2.471s] Level 1:colcon.colcon_core.package_identification:_identify(src/lab02_pkg) by extension 'ignore_ament_install'
[2.472s] Level 1:colcon.colcon_core.package_identification:_identify(src/lab02_pkg) by extensions ['colcon_pkg']
[2.472s] Level 1:colcon.colcon_core.package_identification:_identify(src/lab02_pkg) by extension 'colcon_pkg'
[2.473s] Level 1:colcon.colcon_core.package_identification:_identify(src/lab02_pkg) by extensions ['colcon_meta']
[2.473s] Level 1:colcon.colcon_core.package_identification:_identify(src/lab02_pkg) by extension 'colcon_meta'
[2.473s] Level 1:colcon.colcon_core.package_identification:_identify(src/lab02_pkg) by extensions ['ros']
[2.474s] Level 1:colcon.colcon_core.package_identification:_identify(src/lab02_pkg) by extension 'ros'
[2.488s] DEBUG:colcon.colcon_core.package_identification:Package 'src/lab02_pkg' with type 'ros.ament_python' and name 'lab02_pkg'
[2.489s] Level 1:colcon.colcon_core.package_identification:_identify(src/turtlebot3_simulations) by extensions ['ignore', 'ignore_ament_install']
[2.490s] Level 1:colcon.colcon_core.package_identification:_identify(src/turtlebot3_simulations) by extension 'ignore'
[2.490s] Level 1:colcon.colcon_core.package_identification:_identify(src/turtlebot3_simulations) by extension 'ignore_ament_install'
[2.491s] Level 1:colcon.colcon_core.package_identification:_identify(src/turtlebot3_simulations) by extensions ['colcon_pkg']
[2.491s] Level 1:colcon.colcon_core.package_identification:_identify(src/turtlebot3_simulations) by extension 'colcon_pkg'
[2.492s] Level 1:colcon.colcon_core.package_identification:_identify(src/turtlebot3_simulations) by extensions ['colcon_meta']
[2.492s] Level 1:colcon.colcon_core.package_identification:_identify(src/turtlebot3_simulations) by extension 'colcon_meta'
[2.493s] Level 1:colcon.colcon_core.package_identification:_identify(src/turtlebot3_simulations) by extensions ['ros']
[2.493s] Level 1:colcon.colcon_core.package_identification:_identify(src/turtlebot3_simulations) by extension 'ros'
[2.493s] Level 1:colcon.colcon_core.package_identification:_identify(src/turtlebot3_simulations) by extensions ['cmake', 'python']
[2.494s] Level 1:colcon.colcon_core.package_identification:_identify(src/turtlebot3_simulations) by extension 'cmake'
[2.495s] Level 1:colcon.colcon_core.package_identification:_identify(src/turtlebot3_simulations) by extension 'python'
[2.495s] Level 1:colcon.colcon_core.package_identification:_identify(src/turtlebot3_simulations) by extensions ['python_setup_py']
[2.496s] Level 1:colcon.colcon_core.package_identification:_identify(src/turtlebot3_simulations) by extension 'python_setup_py'
[2.497s] Level 1:colcon.colcon_core.package_identification:_identify(src/turtlebot3_simulations/turtlebot3_fake_node) by extensions ['ignore', 'ignore_ament_install']
[2.497s] Level 1:colcon.colcon_core.package_identification:_identify(src/turtlebot3_simulations/turtlebot3_fake_node) by extension 'ignore'
[2.498s] Level 1:colcon.colcon_core.package_identification:_identify(src/turtlebot3_simulations/turtlebot3_fake_node) by extension 'ignore_ament_install'
[2.499s] Level 1:colcon.colcon_core.package_identification:_identify(src/turtlebot3_simulations/turtlebot3_fake_node) by extensions ['colcon_pkg']
[2.505s] Level 1:colcon.colcon_core.package_identification:_identify(src/turtlebot3_simulations/turtlebot3_fake_node) by extension 'colcon_pkg'
[2.505s] Level 1:colcon.colcon_core.package_identification:_identify(src/turtlebot3_simulations/turtlebot3_fake_node) by extensions ['colcon_meta']
[2.506s] Level 1:colcon.colcon_core.package_identification:_identify(src/turtlebot3_simulations/turtlebot3_fake_node) by extension 'colcon_meta'
[2.506s] Level 1:colcon.colcon_core.package_identification:_identify(src/turtlebot3_simulations/turtlebot3_fake_node) by extensions ['ros']
[2.506s] Level 1:colcon.colcon_core.package_identification:_identify(src/turtlebot3_simulations/turtlebot3_fake_node) by extension 'ros'
[2.512s] DEBUG:colcon.colcon_core.package_identification:Package 'src/turtlebot3_simulations/turtlebot3_fake_node' with type 'ros.ament_cmake' and name 'turtlebot3_fake_node'
[2.513s] Level 1:colcon.colcon_core.package_identification:_identify(src/turtlebot3_simulations/turtlebot3_gazebo) by extensions ['ignore', 'ignore_ament_install']
[2.513s] Level 1:colcon.colcon_core.package_identification:_identify(src/turtlebot3_simulations/turtlebot3_gazebo) by extension 'ignore'
[2.514s] Level 1:colcon.colcon_core.package_identification:_identify(src/turtlebot3_simulations/turtlebot3_gazebo) by extension 'ignore_ament_install'
[2.514s] Level 1:colcon.colcon_core.package_identification:_identify(src/turtlebot3_simulations/turtlebot3_gazebo) by extensions ['colcon_pkg']
[2.515s] Level 1:colcon.colcon_core.package_identification:_identify(src/turtlebot3_simulations/turtlebot3_gazebo) by extension 'colcon_pkg'
[2.515s] Level 1:colcon.colcon_core.package_identification:_identify(src/turtlebot3_simulations/turtlebot3_gazebo) by extensions ['colcon_meta']
[2.519s] Level 1:colcon.colcon_core.package_identification:_identify(src/turtlebot3_simulations/turtlebot3_gazebo) by extension 'colcon_meta'
[2.521s] Level 1:colcon.colcon_core.package_identification:_identify(src/turtlebot3_simulations/turtlebot3_gazebo) by extensions ['ros']
[2.522s] Level 1:colcon.colcon_core.package_identification:_identify(src/turtlebot3_simulations/turtlebot3_gazebo) by extension 'ros'
[2.526s] DEBUG:colcon.colcon_core.package_identification:Package 'src/turtlebot3_simulations/turtlebot3_gazebo' with type 'ros.ament_cmake' and name 'turtlebot3_gazebo'
[2.527s] Level 1:colcon.colcon_core.package_identification:_identify(src/turtlebot3_simulations/turtlebot3_ignition) by extensions ['ignore', 'ignore_ament_install']
[2.528s] Level 1:colcon.colcon_core.package_identification:_identify(src/turtlebot3_simulations/turtlebot3_ignition) by extension 'ignore'
[2.528s] Level 1:colcon.colcon_core.package_identification:_identify(src/turtlebot3_simulations/turtlebot3_ignition) ignored
[2.529s] Level 1:colcon.colcon_core.package_identification:_identify(src/turtlebot3_simulations/turtlebot3_simulations) by extensions ['ignore', 'ignore_ament_install']
[2.529s] Level 1:colcon.colcon_core.package_identification:_identify(src/turtlebot3_simulations/turtlebot3_simulations) by extension 'ignore'
[2.530s] Level 1:colcon.colcon_core.package_identification:_identify(src/turtlebot3_simulations/turtlebot3_simulations) by extension 'ignore_ament_install'
[2.530s] Level 1:colcon.colcon_core.package_identification:_identify(src/turtlebot3_simulations/turtlebot3_simulations) by extensions ['colcon_pkg']
[2.530s] Level 1:colcon.colcon_core.package_identification:_identify(src/turtlebot3_simulations/turtlebot3_simulations) by extension 'colcon_pkg'
[2.531s] Level 1:colcon.colcon_core.package_identification:_identify(src/turtlebot3_simulations/turtlebot3_simulations) by extensions ['colcon_meta']
[2.531s] Level 1:colcon.colcon_core.package_identification:_identify(src/turtlebot3_simulations/turtlebot3_simulations) by extension 'colcon_meta'
[2.531s] Level 1:colcon.colcon_core.package_identification:_identify(src/turtlebot3_simulations/turtlebot3_simulations) by extensions ['ros']
[2.531s] Level 1:colcon.colcon_core.package_identification:_identify(src/turtlebot3_simulations/turtlebot3_simulations) by extension 'ros'
[2.535s] DEBUG:colcon.colcon_core.package_identification:Package 'src/turtlebot3_simulations/turtlebot3_simulations' with type 'ros.ament_cmake' and name 'turtlebot3_simulations'
[2.535s] Level 1:colcon.colcon_core.package_discovery:discover_packages(recursive) using defaults
[2.535s] Level 1:colcon.colcon_core.package_discovery:discover_packages(ignore) discover
[2.535s] Level 1:colcon.colcon_core.package_discovery:discover_packages(ignore) using defaults
[2.535s] Level 1:colcon.colcon_core.package_discovery:discover_packages(path) discover
[2.535s] Level 1:colcon.colcon_core.package_discovery:discover_packages(path) using defaults
[2.690s] Level 1:colcon.colcon_core.package_discovery:discover_packages(prefix_path) check parameters
[2.690s] Level 1:colcon.colcon_core.package_discovery:discover_packages(prefix_path) discover
[2.702s] DEBUG:colcon.colcon_installed_package_information.package_discovery:Found 4 installed packages in /home/lincunha/SESASR/lab02/install
[2.708s] DEBUG:colcon.colcon_installed_package_information.package_discovery:Found 337 installed packages in /opt/ros/humble
[2.719s] Level 1:colcon.colcon_core.package_discovery:discover_packages(prefix_path) using defaults
[3.000s] Level 5:colcon.colcon_core.verb:set package 'lab02_pkg' build argument 'cmake_args' from command line to 'None'
[3.000s] Level 5:colcon.colcon_core.verb:set package 'lab02_pkg' build argument 'cmake_target' from command line to 'None'
[3.002s] Level 5:colcon.colcon_core.verb:set package 'lab02_pkg' build argument 'cmake_target_skip_unavailable' from command line to 'False'
[3.002s] Level 5:colcon.colcon_core.verb:set package 'lab02_pkg' build argument 'cmake_clean_cache' from command line to 'False'
[3.003s] Level 5:colcon.colcon_core.verb:set package 'lab02_pkg' build argument 'cmake_clean_first' from command line to 'False'
[3.003s] Level 5:colcon.colcon_core.verb:set package 'lab02_pkg' build argument 'cmake_force_configure' from command line to 'False'
[3.003s] Level 5:colcon.colcon_core.verb:set package 'lab02_pkg' build argument 'ament_cmake_args' from command line to 'None'
[3.003s] Level 5:colcon.colcon_core.verb:set package 'lab02_pkg' build argument 'catkin_cmake_args' from command line to 'None'
[3.003s] Level 5:colcon.colcon_core.verb:set package 'lab02_pkg' build argument 'catkin_skip_building_tests' from command line to 'False'
[3.004s] DEBUG:colcon.colcon_core.verb:Building package 'lab02_pkg' with the following arguments: {'ament_cmake_args': None, 'build_base': '/home/lincunha/SESASR/lab02/build/lab02_pkg', 'catkin_cmake_args': None, 'catkin_skip_building_tests': False, 'cmake_args': None, 'cmake_clean_cache': False, 'cmake_clean_first': False, 'cmake_force_configure': False, 'cmake_target': None, 'cmake_target_skip_unavailable': False, 'install_base': '/home/lincunha/SESASR/lab02/install/lab02_pkg', 'merge_install': False, 'path': '/home/lincunha/SESASR/lab02/src/lab02_pkg', 'symlink_install': False, 'test_result_base': None}
[3.006s] Level 5:colcon.colcon_core.verb:set package 'turtlebot3_fake_node' build argument 'cmake_args' from command line to 'None'
[3.007s] Level 5:colcon.colcon_core.verb:set package 'turtlebot3_fake_node' build argument 'cmake_target' from command line to 'None'
[3.007s] Level 5:colcon.colcon_core.verb:set package 'turtlebot3_fake_node' build argument 'cmake_target_skip_unavailable' from command line to 'False'
[3.007s] Level 5:colcon.colcon_core.verb:set package 'turtlebot3_fake_node' build argument 'cmake_clean_cache' from command line to 'False'
[3.008s] Level 5:colcon.colcon_core.verb:set package 'turtlebot3_fake_node' build argument 'cmake_clean_first' from command line to 'False'
[3.008s] Level 5:colcon.colcon_core.verb:set package 'turtlebot3_fake_node' build argument 'cmake_force_configure' from command line to 'False'
[3.008s] Level 5:colcon.colcon_core.verb:set package 'turtlebot3_fake_node' build argument 'ament_cmake_args' from command line to 'None'
[3.008s] Level 5:colcon.colcon_core.verb:set package 'turtlebot3_fake_node' build argument 'catkin_cmake_args' from command line to 'None'
[3.008s] Level 5:colcon.colcon_core.verb:set package 'turtlebot3_fake_node' build argument 'catkin_skip_building_tests' from command line to 'False'
[3.008s] DEBUG:colcon.colcon_core.verb:Building package 'turtlebot3_fake_node' with the following arguments: {'ament_cmake_args': None, 'build_base': '/home/lincunha/SESASR/lab02/build/turtlebot3_fake_node', 'catkin_cmake_args': None, 'catkin_skip_building_tests': False, 'cmake_args': None, 'cmake_clean_cache': False, 'cmake_clean_first': False, 'cmake_force_configure': False, 'cmake_target': None, 'cmake_target_skip_unavailable': False, 'install_base': '/home/lincunha/SESASR/lab02/install/turtlebot3_fake_node', 'merge_install': False, 'path': '/home/lincunha/SESASR/lab02/src/turtlebot3_simulations/turtlebot3_fake_node', 'symlink_install': False, 'test_result_base': None}
[3.011s] Level 5:colcon.colcon_core.verb:set package 'turtlebot3_gazebo' build argument 'cmake_args' from command line to 'None'
[3.012s] Level 5:colcon.colcon_core.verb:set package 'turtlebot3_gazebo' build argument 'cmake_target' from command line to 'None'
[3.012s] Level 5:colcon.colcon_core.verb:set package 'turtlebot3_gazebo' build argument 'cmake_target_skip_unavailable' from command line to 'False'
[3.013s] Level 5:colcon.colcon_core.verb:set package 'turtlebot3_gazebo' build argument 'cmake_clean_cache' from command line to 'False'
[3.014s] Level 5:colcon.colcon_core.verb:set package 'turtlebot3_gazebo' build argument 'cmake_clean_first' from command line to 'False'
[3.014s] Level 5:colcon.colcon_core.verb:set package 'turtlebot3_gazebo' build argument 'cmake_force_configure' from command line to 'False'
[3.014s] Level 5:colcon.colcon_core.verb:set package 'turtlebot3_gazebo' build argument 'ament_cmake_args' from command line to 'None'
[3.015s] Level 5:colcon.colcon_core.verb:set package 'turtlebot3_gazebo' build argument 'catkin_cmake_args' from command line to 'None'
[3.015s] Level 5:colcon.colcon_core.verb:set package 'turtlebot3_gazebo' build argument 'catkin_skip_building_tests' from command line to 'False'
[3.016s] DEBUG:colcon.colcon_core.verb:Building package 'turtlebot3_gazebo' with the following arguments: {'ament_cmake_args': None, 'build_base': '/home/lincunha/SESASR/lab02/build/turtlebot3_gazebo', 'catkin_cmake_args': None, 'catkin_skip_building_tests': False, 'cmake_args': None, 'cmake_clean_cache': False, 'cmake_clean_first': False, 'cmake_force_configure': False, 'cmake_target': None, 'cmake_target_skip_unavailable': False, 'install_base': '/home/lincunha/SESASR/lab02/install/turtlebot3_gazebo', 'merge_install': False, 'path': '/home/lincunha/SESASR/lab02/src/turtlebot3_simulations/turtlebot3_gazebo', 'symlink_install': False, 'test_result_base': None}
[3.017s] Level 5:colcon.colcon_core.verb:set package 'turtlebot3_simulations' build argument 'cmake_args' from command line to 'None'
[3.018s] Level 5:colcon.colcon_core.verb:set package 'turtlebot3_simulations' build argument 'cmake_target' from command line to 'None'
[3.018s] Level 5:colcon.colcon_core.verb:set package 'turtlebot3_simulations' build argument 'cmake_target_skip_unavailable' from command line to 'False'
[3.018s] Level 5:colcon.colcon_core.verb:set package 'turtlebot3_simulations' build argument 'cmake_clean_cache' from command line to 'False'
[3.019s] Level 5:colcon.colcon_core.verb:set package 'turtlebot3_simulations' build argument 'cmake_clean_first' from command line to 'False'
[3.019s] Level 5:colcon.colcon_core.verb:set package 'turtlebot3_simulations' build argument 'cmake_force_configure' from command line to 'False'
[3.019s] Level 5:colcon.colcon_core.verb:set package 'turtlebot3_simulations' build argument 'ament_cmake_args' from command line to 'None'
[3.019s] Level 5:colcon.colcon_core.verb:set package 'turtlebot3_simulations' build argument 'catkin_cmake_args' from command line to 'None'
[3.019s] Level 5:colcon.colcon_core.verb:set package 'turtlebot3_simulations' build argument 'catkin_skip_building_tests' from command line to 'False'
[3.019s] DEBUG:colcon.colcon_core.verb:Building package 'turtlebot3_simulations' with the following arguments: {'ament_cmake_args': None, 'build_base': '/home/lincunha/SESASR/lab02/build/turtlebot3_simulations', 'catkin_cmake_args': None, 'catkin_skip_building_tests': False, 'cmake_args': None, 'cmake_clean_cache': False, 'cmake_clean_first': False, 'cmake_force_configure': False, 'cmake_target': None, 'cmake_target_skip_unavailable': False, 'install_base': '/home/lincunha/SESASR/lab02/install/turtlebot3_simulations', 'merge_install': False, 'path': '/home/lincunha/SESASR/lab02/src/turtlebot3_simulations/turtlebot3_simulations', 'symlink_install': False, 'test_result_base': None}
[3.021s] INFO:colcon.colcon_core.executor:Executing jobs using 'parallel' executor
[3.028s] DEBUG:colcon.colcon_parallel_executor.executor.parallel:run_until_complete
[3.030s] INFO:colcon.colcon_ros.task.ament_cmake.build:Building ROS package in '/home/lincunha/SESASR/lab02/src/turtlebot3_simulations/turtlebot3_fake_node' with build type 'ament_cmake'
[3.030s] INFO:colcon.colcon_cmake.task.cmake.build:Building CMake package in '/home/lincunha/SESASR/lab02/src/turtlebot3_simulations/turtlebot3_fake_node'
[3.049s] INFO:colcon.colcon_core.plugin_system:Skipping extension 'colcon_core.shell.bat': Not used on non-Windows systems
[3.053s] INFO:colcon.colcon_core.shell:Skip shell extension 'powershell' for command environment: Not usable outside of PowerShell
[3.054s] DEBUG:colcon.colcon_core.shell:Skip shell extension 'dsv' for command environment
[3.082s] INFO:colcon.colcon_ros.task.ament_cmake.build:Building ROS package in '/home/lincunha/SESASR/lab02/src/turtlebot3_simulations/turtlebot3_gazebo' with build type 'ament_cmake'
[3.083s] INFO:colcon.colcon_cmake.task.cmake.build:Building CMake package in '/home/lincunha/SESASR/lab02/src/turtlebot3_simulations/turtlebot3_gazebo'
[3.089s] INFO:colcon.colcon_core.shell:Skip shell extension 'powershell' for command environment: Not usable outside of PowerShell
[3.089s] DEBUG:colcon.colcon_core.shell:Skip shell extension 'dsv' for command environment
[3.117s] INFO:colcon.colcon_ros.task.ament_python.build:Building ROS package in '/home/lincunha/SESASR/lab02/src/lab02_pkg' with build type 'ament_python'
[3.122s] Level 1:colcon.colcon_core.shell:create_environment_hook('lab02_pkg', 'ament_prefix_path')
[3.123s] INFO:colcon.colcon_core.shell:Creating environment hook '/home/lincunha/SESASR/lab02/install/lab02_pkg/share/lab02_pkg/hook/ament_prefix_path.ps1'
[3.127s] INFO:colcon.colcon_core.shell:Creating environment descriptor '/home/lincunha/SESASR/lab02/install/lab02_pkg/share/lab02_pkg/hook/ament_prefix_path.dsv'
[3.138s] INFO:colcon.colcon_core.shell:Creating environment hook '/home/lincunha/SESASR/lab02/install/lab02_pkg/share/lab02_pkg/hook/ament_prefix_path.sh'
[3.144s] INFO:colcon.colcon_core.shell:Skip shell extension 'powershell' for command environment: Not usable outside of PowerShell
[3.153s] DEBUG:colcon.colcon_core.shell:Skip shell extension 'dsv' for command environment
[3.236s] DEBUG:colcon.colcon_core.event_handler.log_command:Invoking command in '/home/lincunha/SESASR/lab02/build/turtlebot3_fake_node': CMAKE_PREFIX_PATH=${CMAKE_PREFIX_PATH}:/home/lincunha/SESASR/lab02/install/lab02_pkg:/opt/ros/humble /usr/bin/cmake --build /home/lincunha/SESASR/lab02/build/turtlebot3_fake_node -- -j8 -l8
[3.290s] DEBUG:colcon.colcon_core.event_handler.log_command:Invoking command in '/home/lincunha/SESASR/lab02/build/turtlebot3_gazebo': CMAKE_PREFIX_PATH=${CMAKE_PREFIX_PATH}:/home/lincunha/SESASR/lab02/install/lab02_pkg:/opt/ros/humble /usr/bin/cmake --build /home/lincunha/SESASR/lab02/build/turtlebot3_gazebo -- -j8 -l8
[6.019s] INFO:colcon.colcon_core.task.python.build:Building Python package in '/home/lincunha/SESASR/lab02/src/lab02_pkg'
[6.024s] INFO:colcon.colcon_core.shell:Skip shell extension 'powershell' for command environment: Not usable outside of PowerShell
[6.024s] DEBUG:colcon.colcon_core.shell:Skip shell extension 'dsv' for command environment
[6.091s] DEBUG:colcon.colcon_core.event_handler.log_command:Invoked command in '/home/lincunha/SESASR/lab02/build/turtlebot3_fake_node' returned '0': CMAKE_PREFIX_PATH=${CMAKE_PREFIX_PATH}:/home/lincunha/SESASR/lab02/install/lab02_pkg:/opt/ros/humble /usr/bin/cmake --build /home/lincunha/SESASR/lab02/build/turtlebot3_fake_node -- -j8 -l8
[6.101s] DEBUG:colcon.colcon_core.event_handler.log_command:Invoked command in '/home/lincunha/SESASR/lab02/build/turtlebot3_gazebo' returned '0': CMAKE_PREFIX_PATH=${CMAKE_PREFIX_PATH}:/home/lincunha/SESASR/lab02/install/lab02_pkg:/opt/ros/humble /usr/bin/cmake --build /home/lincunha/SESASR/lab02/build/turtlebot3_gazebo -- -j8 -l8
[6.330s] DEBUG:colcon.colcon_core.event_handler.log_command:Invoking command in '/home/lincunha/SESASR/lab02/build/turtlebot3_fake_node': CMAKE_PREFIX_PATH=${CMAKE_PREFIX_PATH}:/home/lincunha/SESASR/lab02/install/lab02_pkg:/opt/ros/humble /usr/bin/cmake --install /home/lincunha/SESASR/lab02/build/turtlebot3_fake_node
[6.354s] DEBUG:colcon.colcon_core.event_handler.log_command:Invoking command in '/home/lincunha/SESASR/lab02/build/turtlebot3_gazebo': CMAKE_PREFIX_PATH=${CMAKE_PREFIX_PATH}:/home/lincunha/SESASR/lab02/install/lab02_pkg:/opt/ros/humble /usr/bin/cmake --install /home/lincunha/SESASR/lab02/build/turtlebot3_gazebo
[6.521s] Level 1:colcon.colcon_core.environment:create_environment_scripts_only(turtlebot3_fake_node)
[6.586s] DEBUG:colcon.colcon_core.event_handler.log_command:Invoked command in '/home/lincunha/SESASR/lab02/build/turtlebot3_fake_node' returned '0': CMAKE_PREFIX_PATH=${CMAKE_PREFIX_PATH}:/home/lincunha/SESASR/lab02/install/lab02_pkg:/opt/ros/humble /usr/bin/cmake --install /home/lincunha/SESASR/lab02/build/turtlebot3_fake_node
[6.606s] Level 1:colcon.colcon_core.environment:checking '/home/lincunha/SESASR/lab02/install/turtlebot3_fake_node' for CMake module files
[6.615s] Level 1:colcon.colcon_core.environment:checking '/home/lincunha/SESASR/lab02/install/turtlebot3_fake_node' for CMake config files
[6.622s] Level 1:colcon.colcon_core.shell:create_environment_hook('turtlebot3_fake_node', 'cmake_prefix_path')
[6.624s] INFO:colcon.colcon_core.shell:Creating environment hook '/home/lincunha/SESASR/lab02/install/turtlebot3_fake_node/share/turtlebot3_fake_node/hook/cmake_prefix_path.ps1'
[6.635s] INFO:colcon.colcon_core.shell:Creating environment descriptor '/home/lincunha/SESASR/lab02/install/turtlebot3_fake_node/share/turtlebot3_fake_node/hook/cmake_prefix_path.dsv'
[6.641s] INFO:colcon.colcon_core.shell:Creating environment hook '/home/lincunha/SESASR/lab02/install/turtlebot3_fake_node/share/turtlebot3_fake_node/hook/cmake_prefix_path.sh'
[6.653s] Level 1:colcon.colcon_core.environment:checking '/home/lincunha/SESASR/lab02/install/turtlebot3_fake_node/lib'
[6.655s] Level 1:colcon.colcon_core.environment:checking '/home/lincunha/SESASR/lab02/install/turtlebot3_fake_node/bin'
[6.656s] Level 1:colcon.colcon_core.environment:checking '/home/lincunha/SESASR/lab02/install/turtlebot3_fake_node/lib/pkgconfig/turtlebot3_fake_node.pc'
[6.658s] Level 1:colcon.colcon_core.environment:checking '/home/lincunha/SESASR/lab02/install/turtlebot3_fake_node/lib/python3.10/site-packages'
[6.659s] Level 1:colcon.colcon_core.environment:checking '/home/lincunha/SESASR/lab02/install/turtlebot3_fake_node/bin'
[6.661s] INFO:colcon.colcon_core.shell:Creating package script '/home/lincunha/SESASR/lab02/install/turtlebot3_fake_node/share/turtlebot3_fake_node/package.ps1'
[6.665s] INFO:colcon.colcon_core.shell:Creating package descriptor '/home/lincunha/SESASR/lab02/install/turtlebot3_fake_node/share/turtlebot3_fake_node/package.dsv'
[6.669s] INFO:colcon.colcon_core.shell:Creating package script '/home/lincunha/SESASR/lab02/install/turtlebot3_fake_node/share/turtlebot3_fake_node/package.sh'
[6.675s] INFO:colcon.colcon_core.shell:Creating package script '/home/lincunha/SESASR/lab02/install/turtlebot3_fake_node/share/turtlebot3_fake_node/package.bash'
[6.679s] INFO:colcon.colcon_core.shell:Creating package script '/home/lincunha/SESASR/lab02/install/turtlebot3_fake_node/share/turtlebot3_fake_node/package.zsh'
[6.684s] Level 1:colcon.colcon_core.environment:create_file_with_runtime_dependencies(/home/lincunha/SESASR/lab02/install/turtlebot3_fake_node/share/colcon-core/packages/turtlebot3_fake_node)
[6.702s] Level 1:colcon.colcon_core.environment:create_environment_scripts_only(turtlebot3_gazebo)
[6.706s] Level 1:colcon.colcon_core.environment:checking '/home/lincunha/SESASR/lab02/install/turtlebot3_gazebo' for CMake module files
[6.709s] Level 1:colcon.colcon_core.environment:checking '/home/lincunha/SESASR/lab02/install/turtlebot3_gazebo' for CMake config files
[6.710s] Level 1:colcon.colcon_core.shell:create_environment_hook('turtlebot3_gazebo', 'cmake_prefix_path')
[6.714s] INFO:colcon.colcon_core.shell:Creating environment hook '/home/lincunha/SESASR/lab02/install/turtlebot3_gazebo/share/turtlebot3_gazebo/hook/cmake_prefix_path.ps1'
[6.722s] DEBUG:colcon.colcon_core.event_handler.log_command:Invoked command in '/home/lincunha/SESASR/lab02/build/turtlebot3_gazebo' returned '0': CMAKE_PREFIX_PATH=${CMAKE_PREFIX_PATH}:/home/lincunha/SESASR/lab02/install/lab02_pkg:/opt/ros/humble /usr/bin/cmake --install /home/lincunha/SESASR/lab02/build/turtlebot3_gazebo
[6.725s] INFO:colcon.colcon_core.shell:Creating environment descriptor '/home/lincunha/SESASR/lab02/install/turtlebot3_gazebo/share/turtlebot3_gazebo/hook/cmake_prefix_path.dsv'
[6.727s] INFO:colcon.colcon_core.shell:Creating environment hook '/home/lincunha/SESASR/lab02/install/turtlebot3_gazebo/share/turtlebot3_gazebo/hook/cmake_prefix_path.sh'
[6.738s] Level 1:colcon.colcon_core.environment:checking '/home/lincunha/SESASR/lab02/install/turtlebot3_gazebo/lib'
[6.739s] Level 1:colcon.colcon_core.environment:checking '/home/lincunha/SESASR/lab02/install/turtlebot3_gazebo/bin'
[6.739s] Level 1:colcon.colcon_core.environment:checking '/home/lincunha/SESASR/lab02/install/turtlebot3_gazebo/lib/pkgconfig/turtlebot3_gazebo.pc'
[6.740s] Level 1:colcon.colcon_core.environment:checking '/home/lincunha/SESASR/lab02/install/turtlebot3_gazebo/lib/python3.10/site-packages'
[6.742s] Level 1:colcon.colcon_core.environment:checking '/home/lincunha/SESASR/lab02/install/turtlebot3_gazebo/bin'
[6.744s] INFO:colcon.colcon_core.shell:Creating package script '/home/lincunha/SESASR/lab02/install/turtlebot3_gazebo/share/turtlebot3_gazebo/package.ps1'
[6.747s] INFO:colcon.colcon_core.shell:Creating package descriptor '/home/lincunha/SESASR/lab02/install/turtlebot3_gazebo/share/turtlebot3_gazebo/package.dsv'
[6.749s] INFO:colcon.colcon_core.shell:Creating package script '/home/lincunha/SESASR/lab02/install/turtlebot3_gazebo/share/turtlebot3_gazebo/package.sh'
[6.753s] INFO:colcon.colcon_core.shell:Creating package script '/home/lincunha/SESASR/lab02/install/turtlebot3_gazebo/share/turtlebot3_gazebo/package.bash'
[6.758s] INFO:colcon.colcon_core.shell:Creating package script '/home/lincunha/SESASR/lab02/install/turtlebot3_gazebo/share/turtlebot3_gazebo/package.zsh'
[6.764s] Level 1:colcon.colcon_core.environment:create_file_with_runtime_dependencies(/home/lincunha/SESASR/lab02/install/turtlebot3_gazebo/share/colcon-core/packages/turtlebot3_gazebo)
[6.853s] Level 1:colcon.colcon_core.environment:create_environment_scripts_only(turtlebot3_fake_node)
[6.855s] Level 1:colcon.colcon_core.environment:checking '/home/lincunha/SESASR/lab02/install/turtlebot3_fake_node' for CMake module files
[6.857s] Level 1:colcon.colcon_core.environment:checking '/home/lincunha/SESASR/lab02/install/turtlebot3_fake_node' for CMake config files
[6.860s] Level 1:colcon.colcon_core.shell:create_environment_hook('turtlebot3_fake_node', 'cmake_prefix_path')
[6.870s] INFO:colcon.colcon_core.shell:Creating environment hook '/home/lincunha/SESASR/lab02/install/turtlebot3_fake_node/share/turtlebot3_fake_node/hook/cmake_prefix_path.ps1'
[6.873s] INFO:colcon.colcon_core.shell:Creating environment descriptor '/home/lincunha/SESASR/lab02/install/turtlebot3_fake_node/share/turtlebot3_fake_node/hook/cmake_prefix_path.dsv'
[6.876s] INFO:colcon.colcon_core.shell:Creating environment hook '/home/lincunha/SESASR/lab02/install/turtlebot3_fake_node/share/turtlebot3_fake_node/hook/cmake_prefix_path.sh'
[6.879s] Level 1:colcon.colcon_core.environment:checking '/home/lincunha/SESASR/lab02/install/turtlebot3_fake_node/lib'
[6.880s] Level 1:colcon.colcon_core.environment:checking '/home/lincunha/SESASR/lab02/install/turtlebot3_fake_node/bin'
[6.880s] Level 1:colcon.colcon_core.environment:checking '/home/lincunha/SESASR/lab02/install/turtlebot3_fake_node/lib/pkgconfig/turtlebot3_fake_node.pc'
[6.882s] Level 1:colcon.colcon_core.environment:checking '/home/lincunha/SESASR/lab02/install/turtlebot3_fake_node/lib/python3.10/site-packages'
[6.883s] Level 1:colcon.colcon_core.environment:checking '/home/lincunha/SESASR/lab02/install/turtlebot3_fake_node/bin'
[6.885s] INFO:colcon.colcon_core.shell:Creating package script '/home/lincunha/SESASR/lab02/install/turtlebot3_fake_node/share/turtlebot3_fake_node/package.ps1'
[6.887s] INFO:colcon.colcon_core.shell:Creating package descriptor '/home/lincunha/SESASR/lab02/install/turtlebot3_fake_node/share/turtlebot3_fake_node/package.dsv'
[6.889s] INFO:colcon.colcon_core.shell:Creating package script '/home/lincunha/SESASR/lab02/install/turtlebot3_fake_node/share/turtlebot3_fake_node/package.sh'
[6.892s] INFO:colcon.colcon_core.shell:Creating package script '/home/lincunha/SESASR/lab02/install/turtlebot3_fake_node/share/turtlebot3_fake_node/package.bash'
[6.900s] INFO:colcon.colcon_core.shell:Creating package script '/home/lincunha/SESASR/lab02/install/turtlebot3_fake_node/share/turtlebot3_fake_node/package.zsh'
[6.903s] Level 1:colcon.colcon_core.environment:create_file_with_runtime_dependencies(/home/lincunha/SESASR/lab02/install/turtlebot3_fake_node/share/colcon-core/packages/turtlebot3_fake_node)
[7.044s] Level 1:colcon.colcon_core.environment:create_environment_scripts_only(turtlebot3_gazebo)
[7.045s] Level 1:colcon.colcon_core.environment:checking '/home/lincunha/SESASR/lab02/install/turtlebot3_gazebo' for CMake module files
[7.051s] Level 1:colcon.colcon_core.environment:checking '/home/lincunha/SESASR/lab02/install/turtlebot3_gazebo' for CMake config files
[7.057s] Level 1:colcon.colcon_core.shell:create_environment_hook('turtlebot3_gazebo', 'cmake_prefix_path')
[7.061s] INFO:colcon.colcon_core.shell:Creating environment hook '/home/lincunha/SESASR/lab02/install/turtlebot3_gazebo/share/turtlebot3_gazebo/hook/cmake_prefix_path.ps1'
[7.063s] INFO:colcon.colcon_core.shell:Creating environment descriptor '/home/lincunha/SESASR/lab02/install/turtlebot3_gazebo/share/turtlebot3_gazebo/hook/cmake_prefix_path.dsv'
[7.066s] INFO:colcon.colcon_core.shell:Creating environment hook '/home/lincunha/SESASR/lab02/install/turtlebot3_gazebo/share/turtlebot3_gazebo/hook/cmake_prefix_path.sh'
[7.070s] Level 1:colcon.colcon_core.environment:checking '/home/lincunha/SESASR/lab02/install/turtlebot3_gazebo/lib'
[7.071s] Level 1:colcon.colcon_core.environment:checking '/home/lincunha/SESASR/lab02/install/turtlebot3_gazebo/bin'
[7.072s] Level 1:colcon.colcon_core.environment:checking '/home/lincunha/SESASR/lab02/install/turtlebot3_gazebo/lib/pkgconfig/turtlebot3_gazebo.pc'
[7.073s] Level 1:colcon.colcon_core.environment:checking '/home/lincunha/SESASR/lab02/install/turtlebot3_gazebo/lib/python3.10/site-packages'
[7.074s] Level 1:colcon.colcon_core.environment:checking '/home/lincunha/SESASR/lab02/install/turtlebot3_gazebo/bin'
[7.081s] INFO:colcon.colcon_core.shell:Creating package script '/home/lincunha/SESASR/lab02/install/turtlebot3_gazebo/share/turtlebot3_gazebo/package.ps1'
[7.084s] INFO:colcon.colcon_core.shell:Creating package descriptor '/home/lincunha/SESASR/lab02/install/turtlebot3_gazebo/share/turtlebot3_gazebo/package.dsv'
[7.087s] INFO:colcon.colcon_core.shell:Creating package script '/home/lincunha/SESASR/lab02/install/turtlebot3_gazebo/share/turtlebot3_gazebo/package.sh'
[7.090s] INFO:colcon.colcon_core.shell:Creating package script '/home/lincunha/SESASR/lab02/install/turtlebot3_gazebo/share/turtlebot3_gazebo/package.bash'
[7.099s] INFO:colcon.colcon_core.shell:Creating package script '/home/lincunha/SESASR/lab02/install/turtlebot3_gazebo/share/turtlebot3_gazebo/package.zsh'
[7.105s] Level 1:colcon.colcon_core.environment:create_file_with_runtime_dependencies(/home/lincunha/SESASR/lab02/install/turtlebot3_gazebo/share/colcon-core/packages/turtlebot3_gazebo)
[7.108s] INFO:colcon.colcon_ros.task.ament_cmake.build:Building ROS package in '/home/lincunha/SESASR/lab02/src/turtlebot3_simulations/turtlebot3_simulations' with build type 'ament_cmake'
[7.109s] INFO:colcon.colcon_cmake.task.cmake.build:Building CMake package in '/home/lincunha/SESASR/lab02/src/turtlebot3_simulations/turtlebot3_simulations'
[7.115s] INFO:colcon.colcon_core.shell:Skip shell extension 'powershell' for command environment: Not usable outside of PowerShell
[7.121s] DEBUG:colcon.colcon_core.shell:Skip shell extension 'dsv' for command environment
[7.614s] DEBUG:colcon.colcon_core.event_handler.log_command:Invoking command in '/home/lincunha/SESASR/lab02/build/turtlebot3_simulations': CMAKE_PREFIX_PATH=/home/lincunha/SESASR/lab02/install/turtlebot3_gazebo:/home/lincunha/SESASR/lab02/install/turtlebot3_fake_node:/home/lincunha/SESASR/lab02/install/turtlebot3_simulations:/home/lincunha/SESASR/lab02/install/lab02_pkg:/opt/ros/humble /usr/bin/cmake --build /home/lincunha/SESASR/lab02/build/turtlebot3_simulations -- -j8 -l8
[7.872s] DEBUG:colcon.colcon_core.event_handler.log_command:Invoked command in '/home/lincunha/SESASR/lab02/build/turtlebot3_simulations' returned '0': CMAKE_PREFIX_PATH=/home/lincunha/SESASR/lab02/install/turtlebot3_gazebo:/home/lincunha/SESASR/lab02/install/turtlebot3_fake_node:/home/lincunha/SESASR/lab02/install/turtlebot3_simulations:/home/lincunha/SESASR/lab02/install/lab02_pkg:/opt/ros/humble /usr/bin/cmake --build /home/lincunha/SESASR/lab02/build/turtlebot3_simulations -- -j8 -l8
[8.018s] DEBUG:colcon.colcon_core.event_handler.log_command:Invoking command in '/home/lincunha/SESASR/lab02/build/turtlebot3_simulations': CMAKE_PREFIX_PATH=/home/lincunha/SESASR/lab02/install/turtlebot3_gazebo:/home/lincunha/SESASR/lab02/install/turtlebot3_fake_node:/home/lincunha/SESASR/lab02/install/turtlebot3_simulations:/home/lincunha/SESASR/lab02/install/lab02_pkg:/opt/ros/humble /usr/bin/cmake --install /home/lincunha/SESASR/lab02/build/turtlebot3_simulations
[8.157s] Level 1:colcon.colcon_core.environment:create_environment_scripts_only(turtlebot3_simulations)
[8.160s] Level 1:colcon.colcon_core.environment:checking '/home/lincunha/SESASR/lab02/install/turtlebot3_simulations' for CMake module files
[8.168s] DEBUG:colcon.colcon_core.event_handler.log_command:Invoked command in '/home/lincunha/SESASR/lab02/build/turtlebot3_simulations' returned '0': CMAKE_PREFIX_PATH=/home/lincunha/SESASR/lab02/install/turtlebot3_gazebo:/home/lincunha/SESASR/lab02/install/turtlebot3_fake_node:/home/lincunha/SESASR/lab02/install/turtlebot3_simulations:/home/lincunha/SESASR/lab02/install/lab02_pkg:/opt/ros/humble /usr/bin/cmake --install /home/lincunha/SESASR/lab02/build/turtlebot3_simulations
[8.175s] Level 1:colcon.colcon_core.environment:checking '/home/lincunha/SESASR/lab02/install/turtlebot3_simulations' for CMake config files
[8.176s] Level 1:colcon.colcon_core.shell:create_environment_hook('turtlebot3_simulations', 'cmake_prefix_path')
[8.178s] INFO:colcon.colcon_core.shell:Creating environment hook '/home/lincunha/SESASR/lab02/install/turtlebot3_simulations/share/turtlebot3_simulations/hook/cmake_prefix_path.ps1'
[8.183s] INFO:colcon.colcon_core.shell:Creating environment descriptor '/home/lincunha/SESASR/lab02/install/turtlebot3_simulations/share/turtlebot3_simulations/hook/cmake_prefix_path.dsv'
[8.187s] INFO:colcon.colcon_core.shell:Creating environment hook '/home/lincunha/SESASR/lab02/install/turtlebot3_simulations/share/turtlebot3_simulations/hook/cmake_prefix_path.sh'
[8.189s] Level 1:colcon.colcon_core.environment:checking '/home/lincunha/SESASR/lab02/install/turtlebot3_simulations/bin'
[8.189s] Level 1:colcon.colcon_core.environment:checking '/home/lincunha/SESASR/lab02/install/turtlebot3_simulations/lib/pkgconfig/turtlebot3_simulations.pc'
[8.191s] Level 1:colcon.colcon_core.environment:checking '/home/lincunha/SESASR/lab02/install/turtlebot3_simulations/lib/python3.10/site-packages'
[8.192s] Level 1:colcon.colcon_core.environment:checking '/home/lincunha/SESASR/lab02/install/turtlebot3_simulations/bin'
[8.194s] INFO:colcon.colcon_core.shell:Creating package script '/home/lincunha/SESASR/lab02/install/turtlebot3_simulations/share/turtlebot3_simulations/package.ps1'
[8.197s] INFO:colcon.colcon_core.shell:Creating package descriptor '/home/lincunha/SESASR/lab02/install/turtlebot3_simulations/share/turtlebot3_simulations/package.dsv'
[8.205s] INFO:colcon.colcon_core.shell:Creating package script '/home/lincunha/SESASR/lab02/install/turtlebot3_simulations/share/turtlebot3_simulations/package.sh'
[8.210s] INFO:colcon.colcon_core.shell:Creating package script '/home/lincunha/SESASR/lab02/install/turtlebot3_simulations/share/turtlebot3_simulations/package.bash'
[8.214s] INFO:colcon.colcon_core.shell:Creating package script '/home/lincunha/SESASR/lab02/install/turtlebot3_simulations/share/turtlebot3_simulations/package.zsh'
[8.216s] Level 1:colcon.colcon_core.environment:create_file_with_runtime_dependencies(/home/lincunha/SESASR/lab02/install/turtlebot3_simulations/share/colcon-core/packages/turtlebot3_simulations)
[8.373s] Level 1:colcon.colcon_core.environment:create_environment_scripts_only(turtlebot3_simulations)
[8.375s] Level 1:colcon.colcon_core.environment:checking '/home/lincunha/SESASR/lab02/install/turtlebot3_simulations' for CMake module files
[8.386s] Level 1:colcon.colcon_core.environment:checking '/home/lincunha/SESASR/lab02/install/turtlebot3_simulations' for CMake config files
[8.389s] Level 1:colcon.colcon_core.shell:create_environment_hook('turtlebot3_simulations', 'cmake_prefix_path')
[8.390s] INFO:colcon.colcon_core.shell:Creating environment hook '/home/lincunha/SESASR/lab02/install/turtlebot3_simulations/share/turtlebot3_simulations/hook/cmake_prefix_path.ps1'
[8.397s] INFO:colcon.colcon_core.shell:Creating environment descriptor '/home/lincunha/SESASR/lab02/install/turtlebot3_simulations/share/turtlebot3_simulations/hook/cmake_prefix_path.dsv'
[8.401s] INFO:colcon.colcon_core.shell:Creating environment hook '/home/lincunha/SESASR/lab02/install/turtlebot3_simulations/share/turtlebot3_simulations/hook/cmake_prefix_path.sh'
[8.406s] Level 1:colcon.colcon_core.environment:checking '/home/lincunha/SESASR/lab02/install/turtlebot3_simulations/bin'
[8.406s] Level 1:colcon.colcon_core.environment:checking '/home/lincunha/SESASR/lab02/install/turtlebot3_simulations/lib/pkgconfig/turtlebot3_simulations.pc'
[8.407s] Level 1:colcon.colcon_core.environment:checking '/home/lincunha/SESASR/lab02/install/turtlebot3_simulations/lib/python3.10/site-packages'
[8.408s] Level 1:colcon.colcon_core.environment:checking '/home/lincunha/SESASR/lab02/install/turtlebot3_simulations/bin'
[8.418s] INFO:colcon.colcon_core.shell:Creating package script '/home/lincunha/SESASR/lab02/install/turtlebot3_simulations/share/turtlebot3_simulations/package.ps1'
[8.422s] INFO:colcon.colcon_core.shell:Creating package descriptor '/home/lincunha/SESASR/lab02/install/turtlebot3_simulations/share/turtlebot3_simulations/package.dsv'
[8.424s] INFO:colcon.colcon_core.shell:Creating package script '/home/lincunha/SESASR/lab02/install/turtlebot3_simulations/share/turtlebot3_simulations/package.sh'
[8.427s] INFO:colcon.colcon_core.shell:Creating package script '/home/lincunha/SESASR/lab02/install/turtlebot3_simulations/share/turtlebot3_simulations/package.bash'
[8.429s] INFO:colcon.colcon_core.shell:Creating package script '/home/lincunha/SESASR/lab02/install/turtlebot3_simulations/share/turtlebot3_simulations/package.zsh'
[8.439s] Level 1:colcon.colcon_core.environment:create_file_with_runtime_dependencies(/home/lincunha/SESASR/lab02/install/turtlebot3_simulations/share/colcon-core/packages/turtlebot3_simulations)
[9.592s] DEBUG:colcon.colcon_core.event_handler.log_command:Invoking command in '/home/lincunha/SESASR/lab02/src/lab02_pkg': PYTHONPATH=/home/lincunha/SESASR/lab02/build/lab02_pkg/prefix_override:/usr/lib/python3/dist-packages/colcon_core/task/python/colcon_distutils_commands:/home/lincunha/SESASR/lab02/install/lab02_pkg/lib/python3.10/site-packages:${PYTHONPATH} /usr/bin/python3 -W ignore:setup.py install is deprecated setup.py egg_info --egg-base ../../build/lab02_pkg build --build-base /home/lincunha/SESASR/lab02/build/lab02_pkg/build install --record /home/lincunha/SESASR/lab02/build/lab02_pkg/install.log --single-version-externally-managed install_data
[12.188s] Level 1:colcon.colcon_core.environment:checking '/home/lincunha/SESASR/lab02/install/lab02_pkg' for CMake module files
[12.194s] DEBUG:colcon.colcon_core.event_handler.log_command:Invoked command in '/home/lincunha/SESASR/lab02/src/lab02_pkg' returned '0': PYTHONPATH=/home/lincunha/SESASR/lab02/build/lab02_pkg/prefix_override:/usr/lib/python3/dist-packages/colcon_core/task/python/colcon_distutils_commands:/home/lincunha/SESASR/lab02/install/lab02_pkg/lib/python3.10/site-packages:${PYTHONPATH} /usr/bin/python3 -W ignore:setup.py install is deprecated setup.py egg_info --egg-base ../../build/lab02_pkg build --build-base /home/lincunha/SESASR/lab02/build/lab02_pkg/build install --record /home/lincunha/SESASR/lab02/build/lab02_pkg/install.log --single-version-externally-managed install_data
[12.196s] Level 1:colcon.colcon_core.environment:checking '/home/lincunha/SESASR/lab02/install/lab02_pkg' for CMake config files
[12.201s] Level 1:colcon.colcon_core.environment:checking '/home/lincunha/SESASR/lab02/install/lab02_pkg/lib'
[12.202s] Level 1:colcon.colcon_core.environment:checking '/home/lincunha/SESASR/lab02/install/lab02_pkg/bin'
[12.203s] Level 1:colcon.colcon_core.environment:checking '/home/lincunha/SESASR/lab02/install/lab02_pkg/lib/pkgconfig/lab02_pkg.pc'
[12.204s] Level 1:colcon.colcon_core.environment:checking '/home/lincunha/SESASR/lab02/install/lab02_pkg/lib/python3.10/site-packages'
[12.204s] Level 1:colcon.colcon_core.shell:create_environment_hook('lab02_pkg', 'pythonpath')
[12.205s] INFO:colcon.colcon_core.shell:Creating environment hook '/home/lincunha/SESASR/lab02/install/lab02_pkg/share/lab02_pkg/hook/pythonpath.ps1'
[12.210s] INFO:colcon.colcon_core.shell:Creating environment descriptor '/home/lincunha/SESASR/lab02/install/lab02_pkg/share/lab02_pkg/hook/pythonpath.dsv'
[12.218s] INFO:colcon.colcon_core.shell:Creating environment hook '/home/lincunha/SESASR/lab02/install/lab02_pkg/share/lab02_pkg/hook/pythonpath.sh'
[12.222s] Level 1:colcon.colcon_core.environment:checking '/home/lincunha/SESASR/lab02/install/lab02_pkg/bin'
[12.223s] Level 1:colcon.colcon_core.environment:create_environment_scripts_only(lab02_pkg)
[12.225s] INFO:colcon.colcon_core.shell:Creating package script '/home/lincunha/SESASR/lab02/install/lab02_pkg/share/lab02_pkg/package.ps1'
[12.237s] INFO:colcon.colcon_core.shell:Creating package descriptor '/home/lincunha/SESASR/lab02/install/lab02_pkg/share/lab02_pkg/package.dsv'
[12.241s] INFO:colcon.colcon_core.shell:Creating package script '/home/lincunha/SESASR/lab02/install/lab02_pkg/share/lab02_pkg/package.sh'
[12.245s] INFO:colcon.colcon_core.shell:Creating package script '/home/lincunha/SESASR/lab02/install/lab02_pkg/share/lab02_pkg/package.bash'
[12.249s] INFO:colcon.colcon_core.shell:Creating package script '/home/lincunha/SESASR/lab02/install/lab02_pkg/share/lab02_pkg/package.zsh'
[12.253s] Level 1:colcon.colcon_core.environment:create_file_with_runtime_dependencies(/home/lincunha/SESASR/lab02/install/lab02_pkg/share/colcon-core/packages/lab02_pkg)
[12.256s] DEBUG:colcon.colcon_parallel_executor.executor.parallel:closing loop
[12.259s] DEBUG:colcon.colcon_parallel_executor.executor.parallel:loop closed
[12.260s] DEBUG:colcon.colcon_parallel_executor.executor.parallel:run_until_complete finished with '0'
[12.262s] DEBUG:colcon.colcon_core.event_reactor:joining thread
[12.458s] INFO:colcon.colcon_core.plugin_system:Skipping extension 'colcon_notification.desktop_notification.notify_send': Could not find 'notify-send'
[12.459s] INFO:colcon.colcon_core.plugin_system:Skipping extension 'colcon_notification.desktop_notification.terminal_notifier': Not used on non-Darwin systems
[12.460s] INFO:colcon.colcon_core.plugin_system:Skipping extension 'colcon_notification.desktop_notification.win32': Not used on non-Windows systems
[12.460s] INFO:colcon.colcon_notification.desktop_notification:Sending desktop notification using 'notify2'
[12.464s] DEBUG:colcon.colcon_notification.desktop_notification.notify2:Failed to initialize notify2: org.freedesktop.DBus.Error.FileNotFound: Failed to connect to socket /run/user/1000/bus: No such file or directory
[12.465s] DEBUG:colcon.colcon_core.event_reactor:joined thread
[12.467s] INFO:colcon.colcon_core.shell:Creating prefix script '/home/lincunha/SESASR/lab02/install/local_setup.ps1'
[12.474s] INFO:colcon.colcon_core.shell:Creating prefix util module '/home/lincunha/SESASR/lab02/install/_local_setup_util_ps1.py'
[12.483s] INFO:colcon.colcon_core.shell:Creating prefix chain script '/home/lincunha/SESASR/lab02/install/setup.ps1'
[12.489s] INFO:colcon.colcon_core.shell:Creating prefix script '/home/lincunha/SESASR/lab02/install/local_setup.sh'
[12.495s] INFO:colcon.colcon_core.shell:Creating prefix util module '/home/lincunha/SESASR/lab02/install/_local_setup_util_sh.py'
[12.499s] INFO:colcon.colcon_core.shell:Creating prefix chain script '/home/lincunha/SESASR/lab02/install/setup.sh'
[12.506s] INFO:colcon.colcon_core.shell:Creating prefix script '/home/lincunha/SESASR/lab02/install/local_setup.bash'
[12.510s] INFO:colcon.colcon_core.shell:Creating prefix chain script '/home/lincunha/SESASR/lab02/install/setup.bash'
[12.518s] INFO:colcon.colcon_core.shell:Creating prefix script '/home/lincunha/SESASR/lab02/install/local_setup.zsh'
[12.522s] INFO:colcon.colcon_core.shell:Creating prefix chain script '/home/lincunha/SESASR/lab02/install/setup.zsh'
