[3.124s] Invoking command in '/home/s2c2/Desktop/SESASR/lab05/src/pf_pkg': PYTHONPATH=/home/s2c2/Desktop/SESASR/lab05/build/pf_pkg/prefix_override:/usr/lib/python3/dist-packages/colcon_core/task/python/colcon_distutils_commands:/home/s2c2/Desktop/SESASR/lab05/install/pf_pkg/lib/python3.10/site-packages:${PYTHONPATH} /usr/bin/python3 -W ignore:setup.py install is deprecated -W ignore:easy_install command is deprecated setup.py egg_info --egg-base ../../build/pf_pkg build --build-base /home/s2c2/Desktop/SESASR/lab05/build/pf_pkg/build install --record /home/s2c2/Desktop/SESASR/lab05/build/pf_pkg/install.log --single-version-externally-managed install_data
[4.181s] running egg_info
[4.181s] writing ../../build/pf_pkg/pf_pkg.egg-info/PKG-INFO
[4.181s] writing dependency_links to ../../build/pf_pkg/pf_pkg.egg-info/dependency_links.txt
[4.182s] writing entry points to ../../build/pf_pkg/pf_pkg.egg-info/entry_points.txt
[4.182s] writing requirements to ../../build/pf_pkg/pf_pkg.egg-info/requires.txt
[4.182s] writing top-level names to ../../build/pf_pkg/pf_pkg.egg-info/top_level.txt
[4.188s] reading manifest file '../../build/pf_pkg/pf_pkg.egg-info/SOURCES.txt'
[4.192s] adding license file 'LICENSE'
[4.195s] writing manifest file '../../build/pf_pkg/pf_pkg.egg-info/SOURCES.txt'
[4.195s] running build
[4.195s] running build_py
[4.195s] copying pf_pkg/odomFix_node.py -> /home/s2c2/Desktop/SESASR/lab05/build/pf_pkg/build/lib/pf_pkg
[4.195s] copying pf_pkg/pfpkg.py -> /home/s2c2/Desktop/SESASR/lab05/build/pf_pkg/build/lib/pf_pkg
[4.197s] running install
[4.200s] running install_lib
[4.200s] copying /home/s2c2/Desktop/SESASR/lab05/build/pf_pkg/build/lib/pf_pkg/odomFix_node.py -> /home/s2c2/Desktop/SESASR/lab05/install/pf_pkg/lib/python3.10/site-packages/pf_pkg
[4.201s] copying /home/s2c2/Desktop/SESASR/lab05/build/pf_pkg/build/lib/pf_pkg/pfpkg.py -> /home/s2c2/Desktop/SESASR/lab05/install/pf_pkg/lib/python3.10/site-packages/pf_pkg
[4.203s] byte-compiling /home/s2c2/Desktop/SESASR/lab05/install/pf_pkg/lib/python3.10/site-packages/pf_pkg/odomFix_node.py to odomFix_node.cpython-310.pyc
[4.208s] byte-compiling /home/s2c2/Desktop/SESASR/lab05/install/pf_pkg/lib/python3.10/site-packages/pf_pkg/pfpkg.py to pfpkg.cpython-310.pyc
[4.209s] running install_data
[4.209s] running install_egg_info
[4.213s] removing '/home/s2c2/Desktop/SESASR/lab05/install/pf_pkg/lib/python3.10/site-packages/pf_pkg-0.0.0-py3.10.egg-info' (and everything under it)
[4.213s] Copying ../../build/pf_pkg/pf_pkg.egg-info to /home/s2c2/Desktop/SESASR/lab05/install/pf_pkg/lib/python3.10/site-packages/pf_pkg-0.0.0-py3.10.egg-info
[4.218s] running install_scripts
[4.271s] Installing odom_fix script to /home/s2c2/Desktop/SESASR/lab05/install/pf_pkg/lib/pf_pkg
[4.271s] Installing pf_node script to /home/s2c2/Desktop/SESASR/lab05/install/pf_pkg/lib/pf_pkg
[4.273s] writing list of installed files to '/home/s2c2/Desktop/SESASR/lab05/build/pf_pkg/install.log'
[4.364s] Invoked command in '/home/s2c2/Desktop/SESASR/lab05/src/pf_pkg' returned '0': PYTHONPATH=/home/s2c2/Desktop/SESASR/lab05/build/pf_pkg/prefix_override:/usr/lib/python3/dist-packages/colcon_core/task/python/colcon_distutils_commands:/home/s2c2/Desktop/SESASR/lab05/install/pf_pkg/lib/python3.10/site-packages:${PYTHONPATH} /usr/bin/python3 -W ignore:setup.py install is deprecated -W ignore:easy_install command is deprecated setup.py egg_info --egg-base ../../build/pf_pkg build --build-base /home/s2c2/Desktop/SESASR/lab05/build/pf_pkg/build install --record /home/s2c2/Desktop/SESASR/lab05/build/pf_pkg/install.log --single-version-externally-managed install_data
