running develop
Removing /home/lincunha/SESASR/lab02/install/lab02_pkg/lib/python3.10/site-packages/lab02-pkg.egg-link (link to .)
running egg_info
writing ../../build/lab02_pkg/lab02_pkg.egg-info/PKG-INFO
writing dependency_links to ../../build/lab02_pkg/lab02_pkg.egg-info/dependency_links.txt
writing entry points to ../../build/lab02_pkg/lab02_pkg.egg-info/entry_points.txt
writing requirements to ../../build/lab02_pkg/lab02_pkg.egg-info/requires.txt
writing top-level names to ../../build/lab02_pkg/lab02_pkg.egg-info/top_level.txt
reading manifest file '../../build/lab02_pkg/lab02_pkg.egg-info/SOURCES.txt'
adding license file 'LICENSE'
writing manifest file '../../build/lab02_pkg/lab02_pkg.egg-info/SOURCES.txt'
running build
running build_py
copying lab02_pkg/parameter_node.py -> /home/lincunha/SESASR/lab02/build/lab02_pkg/build/lib/lab02_pkg
running install
running install_lib
creating /home/lincunha/SESASR/lab02/install/lab02_pkg/lib/python3.10/site-packages/lab02_pkg
copying /home/lincunha/SESASR/lab02/build/lab02_pkg/build/lib/lab02_pkg/__init__.py -> /home/lincunha/SESASR/lab02/install/lab02_pkg/lib/python3.10/site-packages/lab02_pkg
copying /home/lincunha/SESASR/lab02/build/lab02_pkg/build/lib/lab02_pkg/parameter_node.py -> /home/lincunha/SESASR/lab02/install/lab02_pkg/lib/python3.10/site-packages/lab02_pkg
copying /home/lincunha/SESASR/lab02/build/lab02_pkg/build/lib/lab02_pkg/subscriber_member_function.py -> /home/lincunha/SESASR/lab02/install/lab02_pkg/lib/python3.10/site-packages/lab02_pkg
copying /home/lincunha/SESASR/lab02/build/lab02_pkg/build/lib/lab02_pkg/publisher_member_function.py -> /home/lincunha/SESASR/lab02/install/lab02_pkg/lib/python3.10/site-packages/lab02_pkg
byte-compiling /home/lincunha/SESASR/lab02/install/lab02_pkg/lib/python3.10/site-packages/lab02_pkg/__init__.py to __init__.cpython-310.pyc
byte-compiling /home/lincunha/SESASR/lab02/install/lab02_pkg/lib/python3.10/site-packages/lab02_pkg/parameter_node.py to parameter_node.cpython-310.pyc
byte-compiling /home/lincunha/SESASR/lab02/install/lab02_pkg/lib/python3.10/site-packages/lab02_pkg/subscriber_member_function.py to subscriber_member_function.cpython-310.pyc
byte-compiling /home/lincunha/SESASR/lab02/install/lab02_pkg/lib/python3.10/site-packages/lab02_pkg/publisher_member_function.py to publisher_member_function.cpython-310.pyc
running install_data
copying resource/lab02_pkg -> /home/lincunha/SESASR/lab02/install/lab02_pkg/share/ament_index/resource_index/packages
copying package.xml -> /home/lincunha/SESASR/lab02/install/lab02_pkg/share/lab02_pkg
running install_egg_info
Copying ../../build/lab02_pkg/lab02_pkg.egg-info to /home/lincunha/SESASR/lab02/install/lab02_pkg/lib/python3.10/site-packages/lab02_pkg-0.0.0-py3.10.egg-info
running install_scripts
Installing listener script to /home/lincunha/SESASR/lab02/install/lab02_pkg/lib/lab02_pkg
Installing talker script to /home/lincunha/SESASR/lab02/install/lab02_pkg/lib/lab02_pkg
writing list of installed files to '/home/lincunha/SESASR/lab02/build/lab02_pkg/install.log'
