[1.277s] Invoking command in '/home/lincunha/SESASR/lab02/build/lab02_pkg': PYTHONPATH=/home/lincunha/SESASR/lab02/build/lab02_pkg/prefix_override:/usr/lib/python3/dist-packages/colcon_core/task/python/colcon_distutils_commands:/home/lincunha/SESASR/lab02/install/lab02_pkg/lib/python3.10/site-packages:${PYTHONPATH} /usr/bin/python3 -W ignore:setup.py install is deprecated setup.py develop --uninstall --editable --build-directory /home/lincunha/SESASR/lab02/build/lab02_pkg/build
[1.809s] running develop
[1.809s] /usr/lib/python3/dist-packages/setuptools/command/easy_install.py:158: EasyInstallDeprecationWarning: easy_install command is deprecated. Use build and pip and other standards-based tools.
[1.809s]   warnings.warn(
[2.140s] Removing /home/lincunha/SESASR/lab02/install/lab02_pkg/lib/python3.10/site-packages/lab02-pkg.egg-link (link to .)
[2.207s] Invoked command in '/home/lincunha/SESASR/lab02/build/lab02_pkg' returned '0': PYTHONPATH=/home/lincunha/SESASR/lab02/build/lab02_pkg/prefix_override:/usr/lib/python3/dist-packages/colcon_core/task/python/colcon_distutils_commands:/home/lincunha/SESASR/lab02/install/lab02_pkg/lib/python3.10/site-packages:${PYTHONPATH} /usr/bin/python3 -W ignore:setup.py install is deprecated setup.py develop --uninstall --editable --build-directory /home/lincunha/SESASR/lab02/build/lab02_pkg/build
[2.213s] Invoking command in '/home/lincunha/SESASR/lab02/src/lab02_pkg': PYTHONPATH=/home/lincunha/SESASR/lab02/build/lab02_pkg/prefix_override:/usr/lib/python3/dist-packages/colcon_core/task/python/colcon_distutils_commands:/home/lincunha/SESASR/lab02/install/lab02_pkg/lib/python3.10/site-packages:${PYTHONPATH} /usr/bin/python3 -W ignore:setup.py install is deprecated setup.py egg_info --egg-base ../../build/lab02_pkg build --build-base /home/lincunha/SESASR/lab02/build/lab02_pkg/build install --record /home/lincunha/SESASR/lab02/build/lab02_pkg/install.log --single-version-externally-managed install_data --force
[2.681s] running egg_info
[2.682s] writing ../../build/lab02_pkg/lab02_pkg.egg-info/PKG-INFO
[2.683s] writing dependency_links to ../../build/lab02_pkg/lab02_pkg.egg-info/dependency_links.txt
[2.684s] writing entry points to ../../build/lab02_pkg/lab02_pkg.egg-info/entry_points.txt
[2.684s] writing requirements to ../../build/lab02_pkg/lab02_pkg.egg-info/requires.txt
[2.684s] writing top-level names to ../../build/lab02_pkg/lab02_pkg.egg-info/top_level.txt
[2.688s] reading manifest file '../../build/lab02_pkg/lab02_pkg.egg-info/SOURCES.txt'
[2.688s] adding license file 'LICENSE'
[2.690s] writing manifest file '../../build/lab02_pkg/lab02_pkg.egg-info/SOURCES.txt'
[2.691s] running build
[2.691s] running build_py
[2.692s] copying lab02_pkg/parameter_node.py -> /home/lincunha/SESASR/lab02/build/lab02_pkg/build/lib/lab02_pkg
[2.692s] running install
[2.693s] running install_lib
[2.694s] creating /home/lincunha/SESASR/lab02/install/lab02_pkg/lib/python3.10/site-packages/lab02_pkg
[2.695s] copying /home/lincunha/SESASR/lab02/build/lab02_pkg/build/lib/lab02_pkg/__init__.py -> /home/lincunha/SESASR/lab02/install/lab02_pkg/lib/python3.10/site-packages/lab02_pkg
[2.696s] copying /home/lincunha/SESASR/lab02/build/lab02_pkg/build/lib/lab02_pkg/parameter_node.py -> /home/lincunha/SESASR/lab02/install/lab02_pkg/lib/python3.10/site-packages/lab02_pkg
[2.697s] copying /home/lincunha/SESASR/lab02/build/lab02_pkg/build/lib/lab02_pkg/subscriber_member_function.py -> /home/lincunha/SESASR/lab02/install/lab02_pkg/lib/python3.10/site-packages/lab02_pkg
[2.697s] copying /home/lincunha/SESASR/lab02/build/lab02_pkg/build/lib/lab02_pkg/publisher_member_function.py -> /home/lincunha/SESASR/lab02/install/lab02_pkg/lib/python3.10/site-packages/lab02_pkg
[2.700s] byte-compiling /home/lincunha/SESASR/lab02/install/lab02_pkg/lib/python3.10/site-packages/lab02_pkg/__init__.py to __init__.cpython-310.pyc
[2.701s] byte-compiling /home/lincunha/SESASR/lab02/install/lab02_pkg/lib/python3.10/site-packages/lab02_pkg/parameter_node.py to parameter_node.cpython-310.pyc
[2.701s] byte-compiling /home/lincunha/SESASR/lab02/install/lab02_pkg/lib/python3.10/site-packages/lab02_pkg/subscriber_member_function.py to subscriber_member_function.cpython-310.pyc
[2.702s] byte-compiling /home/lincunha/SESASR/lab02/install/lab02_pkg/lib/python3.10/site-packages/lab02_pkg/publisher_member_function.py to publisher_member_function.cpython-310.pyc
[2.703s] running install_data
[2.704s] copying resource/lab02_pkg -> /home/lincunha/SESASR/lab02/install/lab02_pkg/share/ament_index/resource_index/packages
[2.705s] copying package.xml -> /home/lincunha/SESASR/lab02/install/lab02_pkg/share/lab02_pkg
[2.705s] running install_egg_info
[2.709s] Copying ../../build/lab02_pkg/lab02_pkg.egg-info to /home/lincunha/SESASR/lab02/install/lab02_pkg/lib/python3.10/site-packages/lab02_pkg-0.0.0-py3.10.egg-info
[2.712s] running install_scripts
[2.753s] Installing listener script to /home/lincunha/SESASR/lab02/install/lab02_pkg/lib/lab02_pkg
[2.753s] Installing talker script to /home/lincunha/SESASR/lab02/install/lab02_pkg/lib/lab02_pkg
[2.754s] writing list of installed files to '/home/lincunha/SESASR/lab02/build/lab02_pkg/install.log'
[2.813s] Invoked command in '/home/lincunha/SESASR/lab02/src/lab02_pkg' returned '0': PYTHONPATH=/home/lincunha/SESASR/lab02/build/lab02_pkg/prefix_override:/usr/lib/python3/dist-packages/colcon_core/task/python/colcon_distutils_commands:/home/lincunha/SESASR/lab02/install/lab02_pkg/lib/python3.10/site-packages:${PYTHONPATH} /usr/bin/python3 -W ignore:setup.py install is deprecated setup.py egg_info --egg-base ../../build/lab02_pkg build --build-base /home/lincunha/SESASR/lab02/build/lab02_pkg/build install --record /home/lincunha/SESASR/lab02/build/lab02_pkg/install.log --single-version-externally-managed install_data --force
