[4.046s] Invoking command in '/home/lincunha/SESASR/lab02/src/lab02_pkg': PYTHONPATH=/home/lincunha/SESASR/lab02/build/lab02_pkg/prefix_override:/usr/lib/python3/dist-packages/colcon_core/task/python/colcon_distutils_commands:/home/lincunha/SESASR/lab02/install/lab02_pkg/lib/python3.10/site-packages:${PYTHONPATH} /usr/bin/python3 -W ignore:setup.py install is deprecated setup.py egg_info --egg-base ../../build/lab02_pkg build --build-base /home/lincunha/SESASR/lab02/build/lab02_pkg/build install --record /home/lincunha/SESASR/lab02/build/lab02_pkg/install.log --single-version-externally-managed install_data
[5.668s] running egg_info
[5.671s] writing ../../build/lab02_pkg/lab02_pkg.egg-info/PKG-INFO
[5.672s] writing dependency_links to ../../build/lab02_pkg/lab02_pkg.egg-info/dependency_links.txt
[5.673s] writing entry points to ../../build/lab02_pkg/lab02_pkg.egg-info/entry_points.txt
[5.674s] writing requirements to ../../build/lab02_pkg/lab02_pkg.egg-info/requires.txt
[5.674s] writing top-level names to ../../build/lab02_pkg/lab02_pkg.egg-info/top_level.txt
[5.679s] reading manifest file '../../build/lab02_pkg/lab02_pkg.egg-info/SOURCES.txt'
[5.680s] adding license file 'LICENSE'
[5.682s] writing manifest file '../../build/lab02_pkg/lab02_pkg.egg-info/SOURCES.txt'
[5.683s] running build
[5.683s] running build_py
[5.684s] copying lab02_pkg/controller.py -> /home/lincunha/SESASR/lab02/build/lab02_pkg/build/lib/lab02_pkg
[5.686s] running install
[5.687s] running install_lib
[5.689s] copying /home/lincunha/SESASR/lab02/build/lab02_pkg/build/lib/lab02_pkg/controller.py -> /home/lincunha/SESASR/lab02/install/lab02_pkg/lib/python3.10/site-packages/lab02_pkg
[5.691s] byte-compiling /home/lincunha/SESASR/lab02/install/lab02_pkg/lib/python3.10/site-packages/lab02_pkg/controller.py to controller.cpython-310.pyc
[5.700s] running install_data
[5.702s] running install_egg_info
[5.708s] removing '/home/lincunha/SESASR/lab02/install/lab02_pkg/lib/python3.10/site-packages/lab02_pkg-0.0.0-py3.10.egg-info' (and everything under it)
[5.709s] Copying ../../build/lab02_pkg/lab02_pkg.egg-info to /home/lincunha/SESASR/lab02/install/lab02_pkg/lib/python3.10/site-packages/lab02_pkg-0.0.0-py3.10.egg-info
[5.714s] running install_scripts
[5.772s] Installing controller script to /home/lincunha/SESASR/lab02/install/lab02_pkg/lib/lab02_pkg
[5.773s] Installing listener script to /home/lincunha/SESASR/lab02/install/lab02_pkg/lib/lab02_pkg
[5.774s] Installing talker script to /home/lincunha/SESASR/lab02/install/lab02_pkg/lib/lab02_pkg
[5.776s] writing list of installed files to '/home/lincunha/SESASR/lab02/build/lab02_pkg/install.log'
[5.857s] Invoked command in '/home/lincunha/SESASR/lab02/src/lab02_pkg' returned '0': PYTHONPATH=/home/lincunha/SESASR/lab02/build/lab02_pkg/prefix_override:/usr/lib/python3/dist-packages/colcon_core/task/python/colcon_distutils_commands:/home/lincunha/SESASR/lab02/install/lab02_pkg/lib/python3.10/site-packages:${PYTHONPATH} /usr/bin/python3 -W ignore:setup.py install is deprecated setup.py egg_info --egg-base ../../build/lab02_pkg build --build-base /home/lincunha/SESASR/lab02/build/lab02_pkg/build install --record /home/lincunha/SESASR/lab02/build/lab02_pkg/install.log --single-version-externally-managed install_data
