[1.638s] Invoking command in '/home/thilevin/sesasr/SESASR/lab05/src/turtlebot3_perception/turtlebot3_perception': CMAKE_PREFIX_PATH=/home/thilevin/sesasr/SESASR/lab05/install/landmark_msgs:/home/thilevin/sesasr/SESASR/lab05/install/turtlebot3_simulations:/home/thilevin/sesasr/SESASR/lab05/install/turtlebot3_gazebo:/home/thilevin/sesasr/SESASR/lab05/install/turtlebot3_fake_node LD_LIBRARY_PATH=/home/thilevin/sesasr/SESASR/lab05/install/landmark_msgs/lib:/usr/lib/x86_64-linux-gnu/gazebo-11/plugins:/opt/ros/humble/opt/rviz_ogre_vendor/lib:/opt/ros/humble/lib/x86_64-linux-gnu:/opt/ros/humble/lib:/usr/share/gazebo/../../lib/x86_64-linux-gnu/gazebo-11/plugins:/usr/share/gazebo/../../lib/x86_64-linux-gnu/gazebo-11/plugins:/usr/share/gazebo/../../lib/x86_64-linux-gnu/gazebo-11/plugins PYTHONPATH=/home/thilevin/sesasr/SESASR/lab05/build/turtlebot3_perception/prefix_override:/usr/lib/python3/dist-packages/colcon_core/task/python/colcon_distutils_commands:/home/thilevin/sesasr/SESASR/lab05/install/turtlebot3_perception/lib/python3.10/site-packages:${PYTHONPATH} /usr/bin/python3 -W ignore:setup.py install is deprecated setup.py egg_info --egg-base ../../../build/turtlebot3_perception build --build-base /home/thilevin/sesasr/SESASR/lab05/build/turtlebot3_perception/build install --record /home/thilevin/sesasr/SESASR/lab05/build/turtlebot3_perception/install.log --single-version-externally-managed install_data
[1.951s] running egg_info
[1.952s] writing ../../../build/turtlebot3_perception/turtlebot3_perception.egg-info/PKG-INFO
[1.953s] writing dependency_links to ../../../build/turtlebot3_perception/turtlebot3_perception.egg-info/dependency_links.txt
[1.953s] writing entry points to ../../../build/turtlebot3_perception/turtlebot3_perception.egg-info/entry_points.txt
[1.954s] writing requirements to ../../../build/turtlebot3_perception/turtlebot3_perception.egg-info/requires.txt
[1.954s] writing top-level names to ../../../build/turtlebot3_perception/turtlebot3_perception.egg-info/top_level.txt
[1.958s] reading manifest file '../../../build/turtlebot3_perception/turtlebot3_perception.egg-info/SOURCES.txt'
[1.964s] adding license file 'LICENSE'
[1.965s] writing manifest file '../../../build/turtlebot3_perception/turtlebot3_perception.egg-info/SOURCES.txt'
[1.965s] running build
[1.965s] running build_py
[1.966s] running install
[1.966s] running install_lib
[1.969s] running install_data
[1.969s] running install_egg_info
[1.972s] removing '/home/thilevin/sesasr/SESASR/lab05/install/turtlebot3_perception/lib/python3.10/site-packages/turtlebot3_perception-0.0.0-py3.10.egg-info' (and everything under it)
[1.972s] Copying ../../../build/turtlebot3_perception/turtlebot3_perception.egg-info to /home/thilevin/sesasr/SESASR/lab05/install/turtlebot3_perception/lib/python3.10/site-packages/turtlebot3_perception-0.0.0-py3.10.egg-info
[1.975s] running install_scripts
[2.001s] Installing detection2landmark script to /home/thilevin/sesasr/SESASR/lab05/install/turtlebot3_perception/lib/turtlebot3_perception
[2.002s] Installing landmark_simulator script to /home/thilevin/sesasr/SESASR/lab05/install/turtlebot3_perception/lib/turtlebot3_perception
[2.002s] Installing laserscan2lines script to /home/thilevin/sesasr/SESASR/lab05/install/turtlebot3_perception/lib/turtlebot3_perception
[2.002s] writing list of installed files to '/home/thilevin/sesasr/SESASR/lab05/build/turtlebot3_perception/install.log'
[2.032s] Invoked command in '/home/thilevin/sesasr/SESASR/lab05/src/turtlebot3_perception/turtlebot3_perception' returned '0': CMAKE_PREFIX_PATH=/home/thilevin/sesasr/SESASR/lab05/install/landmark_msgs:/home/thilevin/sesasr/SESASR/lab05/install/turtlebot3_simulations:/home/thilevin/sesasr/SESASR/lab05/install/turtlebot3_gazebo:/home/thilevin/sesasr/SESASR/lab05/install/turtlebot3_fake_node LD_LIBRARY_PATH=/home/thilevin/sesasr/SESASR/lab05/install/landmark_msgs/lib:/usr/lib/x86_64-linux-gnu/gazebo-11/plugins:/opt/ros/humble/opt/rviz_ogre_vendor/lib:/opt/ros/humble/lib/x86_64-linux-gnu:/opt/ros/humble/lib:/usr/share/gazebo/../../lib/x86_64-linux-gnu/gazebo-11/plugins:/usr/share/gazebo/../../lib/x86_64-linux-gnu/gazebo-11/plugins:/usr/share/gazebo/../../lib/x86_64-linux-gnu/gazebo-11/plugins PYTHONPATH=/home/thilevin/sesasr/SESASR/lab05/build/turtlebot3_perception/prefix_override:/usr/lib/python3/dist-packages/colcon_core/task/python/colcon_distutils_commands:/home/thilevin/sesasr/SESASR/lab05/install/turtlebot3_perception/lib/python3.10/site-packages:${PYTHONPATH} /usr/bin/python3 -W ignore:setup.py install is deprecated setup.py egg_info --egg-base ../../../build/turtlebot3_perception build --build-base /home/thilevin/sesasr/SESASR/lab05/build/turtlebot3_perception/build install --record /home/thilevin/sesasr/SESASR/lab05/build/turtlebot3_perception/install.log --single-version-externally-managed install_data
