[0.059s] Invoking command in '/home/s2c2/Desktop/SESASR/lab05/build/turtlebot3_simulations': CMAKE_PREFIX_PATH=/home/s2c2/Desktop/SESASR/lab05/install/turtlebot3_fake_node:/home/s2c2/Desktop/SESASR/lab05/install/turtlebot3_simulations:/home/s2c2/Desktop/SESASR/lab05/install/turtlebot3_gazebo:/home/s2c2/Desktop/SESASR/lab05/install/landmark_msgs:/home/s2c2/Desktop/SESASR/lab05/install/turtlebot3_perception:/home/s2c2/Desktop/SESASR/lab05/install/pf_pkg:/opt/ros/humble /usr/bin/cmake --build /home/s2c2/Desktop/SESASR/lab05/build/turtlebot3_simulations -- -j4 -l4
[0.282s] Invoked command in '/home/s2c2/Desktop/SESASR/lab05/build/turtlebot3_simulations' returned '0': CMAKE_PREFIX_PATH=/home/s2c2/Desktop/SESASR/lab05/install/turtlebot3_fake_node:/home/s2c2/Desktop/SESASR/lab05/install/turtlebot3_simulations:/home/s2c2/Desktop/SESASR/lab05/install/turtlebot3_gazebo:/home/s2c2/Desktop/SESASR/lab05/install/landmark_msgs:/home/s2c2/Desktop/SESASR/lab05/install/turtlebot3_perception:/home/s2c2/Desktop/SESASR/lab05/install/pf_pkg:/opt/ros/humble /usr/bin/cmake --build /home/s2c2/Desktop/SESASR/lab05/build/turtlebot3_simulations -- -j4 -l4
[0.292s] Invoking command in '/home/s2c2/Desktop/SESASR/lab05/build/turtlebot3_simulations': CMAKE_PREFIX_PATH=/home/s2c2/Desktop/SESASR/lab05/install/turtlebot3_fake_node:/home/s2c2/Desktop/SESASR/lab05/install/turtlebot3_simulations:/home/s2c2/Desktop/SESASR/lab05/install/turtlebot3_gazebo:/home/s2c2/Desktop/SESASR/lab05/install/landmark_msgs:/home/s2c2/Desktop/SESASR/lab05/install/turtlebot3_perception:/home/s2c2/Desktop/SESASR/lab05/install/pf_pkg:/opt/ros/humble /usr/bin/cmake --install /home/s2c2/Desktop/SESASR/lab05/build/turtlebot3_simulations
[0.321s] -- Install configuration: ""
[0.321s] -- Up-to-date: /home/s2c2/Desktop/SESASR/lab05/install/turtlebot3_simulations/share/ament_index/resource_index/package_run_dependencies/turtlebot3_simulations
[0.322s] -- Up-to-date: /home/s2c2/Desktop/SESASR/lab05/install/turtlebot3_simulations/share/ament_index/resource_index/parent_prefix_path/turtlebot3_simulations
[0.322s] -- Up-to-date: /home/s2c2/Desktop/SESASR/lab05/install/turtlebot3_simulations/share/turtlebot3_simulations/environment/ament_prefix_path.sh
[0.322s] -- Up-to-date: /home/s2c2/Desktop/SESASR/lab05/install/turtlebot3_simulations/share/turtlebot3_simulations/environment/ament_prefix_path.dsv
[0.334s] -- Up-to-date: /home/s2c2/Desktop/SESASR/lab05/install/turtlebot3_simulations/share/turtlebot3_simulations/environment/path.sh
[0.335s] -- Up-to-date: /home/s2c2/Desktop/SESASR/lab05/install/turtlebot3_simulations/share/turtlebot3_simulations/environment/path.dsv
[0.335s] -- Up-to-date: /home/s2c2/Desktop/SESASR/lab05/install/turtlebot3_simulations/share/turtlebot3_simulations/local_setup.bash
[0.335s] -- Up-to-date: /home/s2c2/Desktop/SESASR/lab05/install/turtlebot3_simulations/share/turtlebot3_simulations/local_setup.sh
[0.335s] -- Up-to-date: /home/s2c2/Desktop/SESASR/lab05/install/turtlebot3_simulations/share/turtlebot3_simulations/local_setup.zsh
[0.336s] -- Up-to-date: /home/s2c2/Desktop/SESASR/lab05/install/turtlebot3_simulations/share/turtlebot3_simulations/local_setup.dsv
[0.336s] -- Installing: /home/s2c2/Desktop/SESASR/lab05/install/turtlebot3_simulations/share/turtlebot3_simulations/package.dsv
[0.336s] -- Up-to-date: /home/s2c2/Desktop/SESASR/lab05/install/turtlebot3_simulations/share/ament_index/resource_index/packages/turtlebot3_simulations
[0.343s] -- Up-to-date: /home/s2c2/Desktop/SESASR/lab05/install/turtlebot3_simulations/share/turtlebot3_simulations/cmake/turtlebot3_simulationsConfig.cmake
[0.343s] -- Up-to-date: /home/s2c2/Desktop/SESASR/lab05/install/turtlebot3_simulations/share/turtlebot3_simulations/cmake/turtlebot3_simulationsConfig-version.cmake
[0.343s] -- Up-to-date: /home/s2c2/Desktop/SESASR/lab05/install/turtlebot3_simulations/share/turtlebot3_simulations/package.xml
[0.344s] Invoked command in '/home/s2c2/Desktop/SESASR/lab05/build/turtlebot3_simulations' returned '0': CMAKE_PREFIX_PATH=/home/s2c2/Desktop/SESASR/lab05/install/turtlebot3_fake_node:/home/s2c2/Desktop/SESASR/lab05/install/turtlebot3_simulations:/home/s2c2/Desktop/SESASR/lab05/install/turtlebot3_gazebo:/home/s2c2/Desktop/SESASR/lab05/install/landmark_msgs:/home/s2c2/Desktop/SESASR/lab05/install/turtlebot3_perception:/home/s2c2/Desktop/SESASR/lab05/install/pf_pkg:/opt/ros/humble /usr/bin/cmake --install /home/s2c2/Desktop/SESASR/lab05/build/turtlebot3_simulations
