[0.107s] Invoking command in '/home/lincunha/SESASR/lab02/build/turtlebot3_fake_node': CMAKE_PREFIX_PATH=${CMAKE_PREFIX_PATH}:/home/lincunha/SESASR/lab02/install/lab02_pkg:/opt/ros/humble /usr/bin/cmake --build /home/lincunha/SESASR/lab02/build/turtlebot3_fake_node -- -j8 -l8
[0.507s] [100%] Built target turtlebot3_fake_node
[1.636s] Invoked command in '/home/lincunha/SESASR/lab02/build/turtlebot3_fake_node' returned '0': CMAKE_PREFIX_PATH=${CMAKE_PREFIX_PATH}:/home/lincunha/SESASR/lab02/install/lab02_pkg:/opt/ros/humble /usr/bin/cmake --build /home/lincunha/SESASR/lab02/build/turtlebot3_fake_node -- -j8 -l8
[1.774s] Invoking command in '/home/lincunha/SESASR/lab02/build/turtlebot3_fake_node': CMAKE_PREFIX_PATH=${CMAKE_PREFIX_PATH}:/home/lincunha/SESASR/lab02/install/lab02_pkg:/opt/ros/humble /usr/bin/cmake --install /home/lincunha/SESASR/lab02/build/turtlebot3_fake_node
[1.804s] -- Install configuration: ""
[1.806s] -- Execute custom install script
[1.810s] -- Up-to-date symlink: /home/lincunha/SESASR/lab02/install/turtlebot3_fake_node/lib/turtlebot3_fake_node/turtlebot3_fake_node
[1.814s] -- Up-to-date symlink: /home/lincunha/SESASR/lab02/install/turtlebot3_fake_node/share/turtlebot3_fake_node/launch/rviz2.launch.py
[1.815s] -- Up-to-date symlink: /home/lincunha/SESASR/lab02/install/turtlebot3_fake_node/share/turtlebot3_fake_node/launch/turtlebot3_fake_node.launch.py
[1.815s] -- Up-to-date symlink: /home/lincunha/SESASR/lab02/install/turtlebot3_fake_node/share/turtlebot3_fake_node/param/burger.yaml
[1.816s] -- Up-to-date symlink: /home/lincunha/SESASR/lab02/install/turtlebot3_fake_node/share/turtlebot3_fake_node/param/waffle.yaml
[1.816s] -- Up-to-date symlink: /home/lincunha/SESASR/lab02/install/turtlebot3_fake_node/share/turtlebot3_fake_node/param/waffle_pi.yaml
[1.817s] -- Up-to-date symlink: /home/lincunha/SESASR/lab02/install/turtlebot3_fake_node/include//turtlebot3_fake_node/turtlebot3_fake_node.hpp
[1.818s] -- Up-to-date symlink: /home/lincunha/SESASR/lab02/install/turtlebot3_fake_node/share/ament_index/resource_index/package_run_dependencies/turtlebot3_fake_node
[1.819s] -- Up-to-date symlink: /home/lincunha/SESASR/lab02/install/turtlebot3_fake_node/share/ament_index/resource_index/parent_prefix_path/turtlebot3_fake_node
[1.821s] -- Up-to-date symlink: /home/lincunha/SESASR/lab02/install/turtlebot3_fake_node/share/turtlebot3_fake_node/environment/ament_prefix_path.sh
[1.822s] -- Up-to-date symlink: /home/lincunha/SESASR/lab02/install/turtlebot3_fake_node/share/turtlebot3_fake_node/environment/ament_prefix_path.dsv
[1.824s] -- Up-to-date symlink: /home/lincunha/SESASR/lab02/install/turtlebot3_fake_node/share/turtlebot3_fake_node/environment/path.sh
[1.825s] -- Up-to-date symlink: /home/lincunha/SESASR/lab02/install/turtlebot3_fake_node/share/turtlebot3_fake_node/environment/path.dsv
[1.826s] -- Up-to-date symlink: /home/lincunha/SESASR/lab02/install/turtlebot3_fake_node/share/turtlebot3_fake_node/local_setup.bash
[1.827s] -- Up-to-date symlink: /home/lincunha/SESASR/lab02/install/turtlebot3_fake_node/share/turtlebot3_fake_node/local_setup.sh
[1.827s] -- Up-to-date symlink: /home/lincunha/SESASR/lab02/install/turtlebot3_fake_node/share/turtlebot3_fake_node/local_setup.zsh
[1.828s] -- Up-to-date symlink: /home/lincunha/SESASR/lab02/install/turtlebot3_fake_node/share/turtlebot3_fake_node/local_setup.dsv
[1.834s] -- Symlinking: /home/lincunha/SESASR/lab02/install/turtlebot3_fake_node/share/turtlebot3_fake_node/package.dsv
[1.884s] -- Up-to-date symlink: /home/lincunha/SESASR/lab02/install/turtlebot3_fake_node/share/ament_index/resource_index/packages/turtlebot3_fake_node
[1.893s] -- Up-to-date symlink: /home/lincunha/SESASR/lab02/install/turtlebot3_fake_node/share/turtlebot3_fake_node/cmake/ament_cmake_export_include_directories-extras.cmake
[1.925s] -- Up-to-date symlink: /home/lincunha/SESASR/lab02/install/turtlebot3_fake_node/share/turtlebot3_fake_node/cmake/ament_cmake_export_dependencies-extras.cmake
[1.928s] -- Up-to-date symlink: /home/lincunha/SESASR/lab02/install/turtlebot3_fake_node/share/turtlebot3_fake_node/cmake/turtlebot3_fake_nodeConfig.cmake
[1.930s] -- Up-to-date symlink: /home/lincunha/SESASR/lab02/install/turtlebot3_fake_node/share/turtlebot3_fake_node/cmake/turtlebot3_fake_nodeConfig-version.cmake
[1.931s] -- Up-to-date symlink: /home/lincunha/SESASR/lab02/install/turtlebot3_fake_node/share/turtlebot3_fake_node/package.xml
[1.984s] Invoked command in '/home/lincunha/SESASR/lab02/build/turtlebot3_fake_node' returned '0': CMAKE_PREFIX_PATH=${CMAKE_PREFIX_PATH}:/home/lincunha/SESASR/lab02/install/lab02_pkg:/opt/ros/humble /usr/bin/cmake --install /home/lincunha/SESASR/lab02/build/turtlebot3_fake_node
