[0.275s] DEBUG:colcon:Command line arguments: ['/usr/bin/colcon', 'build']
[0.275s] DEBUG:colcon:Parsed command line arguments: Namespace(log_base=None, log_level=None, verb_name='build', build_base='build', install_base='install', merge_install=False, symlink_install=False, test_result_base=None, continue_on_error=False, executor='parallel', parallel_workers=8, event_handlers=None, ignore_user_meta=False, metas=['./colcon.meta'], base_paths=['.'], packages_ignore=None, packages_ignore_regex=None, paths=None, packages_up_to=None, packages_up_to_regex=None, packages_above=None, packages_above_and_dependencies=None, packages_above_depth=None, packages_select_by_dep=None, packages_skip_by_dep=None, packages_skip_up_to=None, packages_select_build_failed=False, packages_skip_build_finished=False, packages_select_test_failures=False, packages_skip_test_passed=False, packages_select=None, packages_skip=None, packages_select_regex=None, packages_skip_regex=None, packages_start=None, packages_end=None, allow_overriding=[], cmake_args=None, cmake_target=None, cmake_target_skip_unavailable=False, cmake_clean_cache=False, cmake_clean_first=False, cmake_force_configure=False, ament_cmake_args=None, catkin_cmake_args=None, catkin_skip_building_tests=False, mixin_files=None, mixin=None, verb_parser=<colcon_mixin.mixin.mixin_argument.MixinArgumentDecorator object at 0x7fd08a63a2c0>, verb_extension=<colcon_core.verb.build.BuildVerb object at 0x7fd08a742920>, main=<bound method BuildVerb.main of <colcon_core.verb.build.BuildVerb object at 0x7fd08a742920>>, mixin_verb=('build',))
[0.545s] Level 1:colcon.colcon_core.package_discovery:discover_packages(colcon_meta) check parameters
[0.546s] Level 1:colcon.colcon_core.package_discovery:discover_packages(recursive) check parameters
[0.546s] Level 1:colcon.colcon_core.package_discovery:discover_packages(ignore) check parameters
[0.546s] Level 1:colcon.colcon_core.package_discovery:discover_packages(path) check parameters
[0.546s] Level 1:colcon.colcon_core.package_discovery:discover_packages(colcon_meta) discover
[0.546s] Level 1:colcon.colcon_core.package_discovery:discover_packages(recursive) discover
[0.546s] INFO:colcon.colcon_core.package_discovery:Crawling recursively for packages in '/home/lincunha/SESASR/lab02'
[0.546s] Level 1:colcon.colcon_core.package_identification:_identify(.) by extensions ['ignore', 'ignore_ament_install']
[0.547s] Level 1:colcon.colcon_core.package_identification:_identify(.) by extension 'ignore'
[0.547s] Level 1:colcon.colcon_core.package_identification:_identify(.) by extension 'ignore_ament_install'
[0.547s] Level 1:colcon.colcon_core.package_identification:_identify(.) by extensions ['colcon_pkg']
[0.547s] Level 1:colcon.colcon_core.package_identification:_identify(.) by extension 'colcon_pkg'
[0.547s] Level 1:colcon.colcon_core.package_identification:_identify(.) by extensions ['colcon_meta']
[0.547s] Level 1:colcon.colcon_core.package_identification:_identify(.) by extension 'colcon_meta'
[0.547s] Level 1:colcon.colcon_core.package_identification:_identify(.) by extensions ['ros']
[0.547s] Level 1:colcon.colcon_core.package_identification:_identify(.) by extension 'ros'
[0.565s] Level 1:colcon.colcon_core.package_identification:_identify(.) by extensions ['cmake', 'python']
[0.565s] Level 1:colcon.colcon_core.package_identification:_identify(.) by extension 'cmake'
[0.565s] Level 1:colcon.colcon_core.package_identification:_identify(.) by extension 'python'
[0.565s] Level 1:colcon.colcon_core.package_identification:_identify(.) by extensions ['python_setup_py']
[0.566s] Level 1:colcon.colcon_core.package_identification:_identify(.) by extension 'python_setup_py'
[0.566s] Level 1:colcon.colcon_core.package_identification:_identify(build) by extensions ['ignore', 'ignore_ament_install']
[0.566s] Level 1:colcon.colcon_core.package_identification:_identify(build) by extension 'ignore'
[0.566s] Level 1:colcon.colcon_core.package_identification:_identify(build) ignored
[0.566s] Level 1:colcon.colcon_core.package_identification:_identify(install) by extensions ['ignore', 'ignore_ament_install']
[0.567s] Level 1:colcon.colcon_core.package_identification:_identify(install) by extension 'ignore'
[0.567s] Level 1:colcon.colcon_core.package_identification:_identify(install) ignored
[0.567s] Level 1:colcon.colcon_core.package_identification:_identify(log) by extensions ['ignore', 'ignore_ament_install']
[0.567s] Level 1:colcon.colcon_core.package_identification:_identify(log) by extension 'ignore'
[0.567s] Level 1:colcon.colcon_core.package_identification:_identify(log) ignored
[0.568s] Level 1:colcon.colcon_core.package_identification:_identify(src) by extensions ['ignore', 'ignore_ament_install']
[0.568s] Level 1:colcon.colcon_core.package_identification:_identify(src) by extension 'ignore'
[0.568s] Level 1:colcon.colcon_core.package_identification:_identify(src) by extension 'ignore_ament_install'
[0.568s] Level 1:colcon.colcon_core.package_identification:_identify(src) by extensions ['colcon_pkg']
[0.568s] Level 1:colcon.colcon_core.package_identification:_identify(src) by extension 'colcon_pkg'
[0.568s] Level 1:colcon.colcon_core.package_identification:_identify(src) by extensions ['colcon_meta']
[0.568s] Level 1:colcon.colcon_core.package_identification:_identify(src) by extension 'colcon_meta'
[0.568s] Level 1:colcon.colcon_core.package_identification:_identify(src) by extensions ['ros']
[0.568s] Level 1:colcon.colcon_core.package_identification:_identify(src) by extension 'ros'
[0.568s] Level 1:colcon.colcon_core.package_identification:_identify(src) by extensions ['cmake', 'python']
[0.568s] Level 1:colcon.colcon_core.package_identification:_identify(src) by extension 'cmake'
[0.569s] Level 1:colcon.colcon_core.package_identification:_identify(src) by extension 'python'
[0.569s] Level 1:colcon.colcon_core.package_identification:_identify(src) by extensions ['python_setup_py']
[0.569s] Level 1:colcon.colcon_core.package_identification:_identify(src) by extension 'python_setup_py'
[0.569s] Level 1:colcon.colcon_core.package_identification:_identify(src/lab02_pkg) by extensions ['ignore', 'ignore_ament_install']
[0.569s] Level 1:colcon.colcon_core.package_identification:_identify(src/lab02_pkg) by extension 'ignore'
[0.569s] Level 1:colcon.colcon_core.package_identification:_identify(src/lab02_pkg) by extension 'ignore_ament_install'
[0.569s] Level 1:colcon.colcon_core.package_identification:_identify(src/lab02_pkg) by extensions ['colcon_pkg']
[0.569s] Level 1:colcon.colcon_core.package_identification:_identify(src/lab02_pkg) by extension 'colcon_pkg'
[0.569s] Level 1:colcon.colcon_core.package_identification:_identify(src/lab02_pkg) by extensions ['colcon_meta']
[0.569s] Level 1:colcon.colcon_core.package_identification:_identify(src/lab02_pkg) by extension 'colcon_meta'
[0.569s] Level 1:colcon.colcon_core.package_identification:_identify(src/lab02_pkg) by extensions ['ros']
[0.570s] Level 1:colcon.colcon_core.package_identification:_identify(src/lab02_pkg) by extension 'ros'
[0.573s] DEBUG:colcon.colcon_core.package_identification:Package 'src/lab02_pkg' with type 'ros.ament_python' and name 'lab02_pkg'
[0.574s] Level 1:colcon.colcon_core.package_identification:_identify(src/turtlebot3_simulations) by extensions ['ignore', 'ignore_ament_install']
[0.574s] Level 1:colcon.colcon_core.package_identification:_identify(src/turtlebot3_simulations) by extension 'ignore'
[0.574s] Level 1:colcon.colcon_core.package_identification:_identify(src/turtlebot3_simulations) by extension 'ignore_ament_install'
[0.574s] Level 1:colcon.colcon_core.package_identification:_identify(src/turtlebot3_simulations) by extensions ['colcon_pkg']
[0.574s] Level 1:colcon.colcon_core.package_identification:_identify(src/turtlebot3_simulations) by extension 'colcon_pkg'
[0.574s] Level 1:colcon.colcon_core.package_identification:_identify(src/turtlebot3_simulations) by extensions ['colcon_meta']
[0.575s] Level 1:colcon.colcon_core.package_identification:_identify(src/turtlebot3_simulations) by extension 'colcon_meta'
[0.575s] Level 1:colcon.colcon_core.package_identification:_identify(src/turtlebot3_simulations) by extensions ['ros']
[0.575s] Level 1:colcon.colcon_core.package_identification:_identify(src/turtlebot3_simulations) by extension 'ros'
[0.575s] Level 1:colcon.colcon_core.package_identification:_identify(src/turtlebot3_simulations) by extensions ['cmake', 'python']
[0.575s] Level 1:colcon.colcon_core.package_identification:_identify(src/turtlebot3_simulations) by extension 'cmake'
[0.575s] Level 1:colcon.colcon_core.package_identification:_identify(src/turtlebot3_simulations) by extension 'python'
[0.575s] Level 1:colcon.colcon_core.package_identification:_identify(src/turtlebot3_simulations) by extensions ['python_setup_py']
[0.575s] Level 1:colcon.colcon_core.package_identification:_identify(src/turtlebot3_simulations) by extension 'python_setup_py'
[0.576s] Level 1:colcon.colcon_core.package_identification:_identify(src/turtlebot3_simulations/turtlebot3_fake_node) by extensions ['ignore', 'ignore_ament_install']
[0.576s] Level 1:colcon.colcon_core.package_identification:_identify(src/turtlebot3_simulations/turtlebot3_fake_node) by extension 'ignore'
[0.576s] Level 1:colcon.colcon_core.package_identification:_identify(src/turtlebot3_simulations/turtlebot3_fake_node) by extension 'ignore_ament_install'
[0.576s] Level 1:colcon.colcon_core.package_identification:_identify(src/turtlebot3_simulations/turtlebot3_fake_node) by extensions ['colcon_pkg']
[0.576s] Level 1:colcon.colcon_core.package_identification:_identify(src/turtlebot3_simulations/turtlebot3_fake_node) by extension 'colcon_pkg'
[0.576s] Level 1:colcon.colcon_core.package_identification:_identify(src/turtlebot3_simulations/turtlebot3_fake_node) by extensions ['colcon_meta']
[0.576s] Level 1:colcon.colcon_core.package_identification:_identify(src/turtlebot3_simulations/turtlebot3_fake_node) by extension 'colcon_meta'
[0.576s] Level 1:colcon.colcon_core.package_identification:_identify(src/turtlebot3_simulations/turtlebot3_fake_node) by extensions ['ros']
[0.576s] Level 1:colcon.colcon_core.package_identification:_identify(src/turtlebot3_simulations/turtlebot3_fake_node) by extension 'ros'
[0.578s] DEBUG:colcon.colcon_core.package_identification:Package 'src/turtlebot3_simulations/turtlebot3_fake_node' with type 'ros.ament_cmake' and name 'turtlebot3_fake_node'
[0.578s] Level 1:colcon.colcon_core.package_identification:_identify(src/turtlebot3_simulations/turtlebot3_gazebo) by extensions ['ignore', 'ignore_ament_install']
[0.579s] Level 1:colcon.colcon_core.package_identification:_identify(src/turtlebot3_simulations/turtlebot3_gazebo) by extension 'ignore'
[0.579s] Level 1:colcon.colcon_core.package_identification:_identify(src/turtlebot3_simulations/turtlebot3_gazebo) by extension 'ignore_ament_install'
[0.579s] Level 1:colcon.colcon_core.package_identification:_identify(src/turtlebot3_simulations/turtlebot3_gazebo) by extensions ['colcon_pkg']
[0.579s] Level 1:colcon.colcon_core.package_identification:_identify(src/turtlebot3_simulations/turtlebot3_gazebo) by extension 'colcon_pkg'
[0.579s] Level 1:colcon.colcon_core.package_identification:_identify(src/turtlebot3_simulations/turtlebot3_gazebo) by extensions ['colcon_meta']
[0.579s] Level 1:colcon.colcon_core.package_identification:_identify(src/turtlebot3_simulations/turtlebot3_gazebo) by extension 'colcon_meta'
[0.579s] Level 1:colcon.colcon_core.package_identification:_identify(src/turtlebot3_simulations/turtlebot3_gazebo) by extensions ['ros']
[0.580s] Level 1:colcon.colcon_core.package_identification:_identify(src/turtlebot3_simulations/turtlebot3_gazebo) by extension 'ros'
[0.581s] DEBUG:colcon.colcon_core.package_identification:Package 'src/turtlebot3_simulations/turtlebot3_gazebo' with type 'ros.ament_cmake' and name 'turtlebot3_gazebo'
[0.581s] Level 1:colcon.colcon_core.package_identification:_identify(src/turtlebot3_simulations/turtlebot3_ignition) by extensions ['ignore', 'ignore_ament_install']
[0.582s] Level 1:colcon.colcon_core.package_identification:_identify(src/turtlebot3_simulations/turtlebot3_ignition) by extension 'ignore'
[0.582s] Level 1:colcon.colcon_core.package_identification:_identify(src/turtlebot3_simulations/turtlebot3_ignition) ignored
[0.582s] Level 1:colcon.colcon_core.package_identification:_identify(src/turtlebot3_simulations/turtlebot3_simulations) by extensions ['ignore', 'ignore_ament_install']
[0.582s] Level 1:colcon.colcon_core.package_identification:_identify(src/turtlebot3_simulations/turtlebot3_simulations) by extension 'ignore'
[0.582s] Level 1:colcon.colcon_core.package_identification:_identify(src/turtlebot3_simulations/turtlebot3_simulations) by extension 'ignore_ament_install'
[0.582s] Level 1:colcon.colcon_core.package_identification:_identify(src/turtlebot3_simulations/turtlebot3_simulations) by extensions ['colcon_pkg']
[0.582s] Level 1:colcon.colcon_core.package_identification:_identify(src/turtlebot3_simulations/turtlebot3_simulations) by extension 'colcon_pkg'
[0.582s] Level 1:colcon.colcon_core.package_identification:_identify(src/turtlebot3_simulations/turtlebot3_simulations) by extensions ['colcon_meta']
[0.582s] Level 1:colcon.colcon_core.package_identification:_identify(src/turtlebot3_simulations/turtlebot3_simulations) by extension 'colcon_meta'
[0.582s] Level 1:colcon.colcon_core.package_identification:_identify(src/turtlebot3_simulations/turtlebot3_simulations) by extensions ['ros']
[0.582s] Level 1:colcon.colcon_core.package_identification:_identify(src/turtlebot3_simulations/turtlebot3_simulations) by extension 'ros'
[0.583s] DEBUG:colcon.colcon_core.package_identification:Package 'src/turtlebot3_simulations/turtlebot3_simulations' with type 'ros.ament_cmake' and name 'turtlebot3_simulations'
[0.584s] Level 1:colcon.colcon_core.package_discovery:discover_packages(recursive) using defaults
[0.584s] Level 1:colcon.colcon_core.package_discovery:discover_packages(ignore) discover
[0.584s] Level 1:colcon.colcon_core.package_discovery:discover_packages(ignore) using defaults
[0.584s] Level 1:colcon.colcon_core.package_discovery:discover_packages(path) discover
[0.584s] Level 1:colcon.colcon_core.package_discovery:discover_packages(path) using defaults
[0.636s] Level 1:colcon.colcon_core.package_discovery:discover_packages(prefix_path) check parameters
[0.636s] Level 1:colcon.colcon_core.package_discovery:discover_packages(prefix_path) discover
[0.639s] DEBUG:colcon.colcon_installed_package_information.package_discovery:Found 4 installed packages in /home/lincunha/SESASR/lab02/install
[0.642s] DEBUG:colcon.colcon_installed_package_information.package_discovery:Found 337 installed packages in /opt/ros/humble
[0.644s] Level 1:colcon.colcon_core.package_discovery:discover_packages(prefix_path) using defaults
[0.712s] Level 5:colcon.colcon_core.verb:set package 'lab02_pkg' build argument 'cmake_args' from command line to 'None'
[0.712s] Level 5:colcon.colcon_core.verb:set package 'lab02_pkg' build argument 'cmake_target' from command line to 'None'
[0.712s] Level 5:colcon.colcon_core.verb:set package 'lab02_pkg' build argument 'cmake_target_skip_unavailable' from command line to 'False'
[0.712s] Level 5:colcon.colcon_core.verb:set package 'lab02_pkg' build argument 'cmake_clean_cache' from command line to 'False'
[0.712s] Level 5:colcon.colcon_core.verb:set package 'lab02_pkg' build argument 'cmake_clean_first' from command line to 'False'
[0.712s] Level 5:colcon.colcon_core.verb:set package 'lab02_pkg' build argument 'cmake_force_configure' from command line to 'False'
[0.712s] Level 5:colcon.colcon_core.verb:set package 'lab02_pkg' build argument 'ament_cmake_args' from command line to 'None'
[0.712s] Level 5:colcon.colcon_core.verb:set package 'lab02_pkg' build argument 'catkin_cmake_args' from command line to 'None'
[0.712s] Level 5:colcon.colcon_core.verb:set package 'lab02_pkg' build argument 'catkin_skip_building_tests' from command line to 'False'
[0.712s] DEBUG:colcon.colcon_core.verb:Building package 'lab02_pkg' with the following arguments: {'ament_cmake_args': None, 'build_base': '/home/lincunha/SESASR/lab02/build/lab02_pkg', 'catkin_cmake_args': None, 'catkin_skip_building_tests': False, 'cmake_args': None, 'cmake_clean_cache': False, 'cmake_clean_first': False, 'cmake_force_configure': False, 'cmake_target': None, 'cmake_target_skip_unavailable': False, 'install_base': '/home/lincunha/SESASR/lab02/install/lab02_pkg', 'merge_install': False, 'path': '/home/lincunha/SESASR/lab02/src/lab02_pkg', 'symlink_install': False, 'test_result_base': None}
[0.714s] Level 5:colcon.colcon_core.verb:set package 'turtlebot3_fake_node' build argument 'cmake_args' from command line to 'None'
[0.714s] Level 5:colcon.colcon_core.verb:set package 'turtlebot3_fake_node' build argument 'cmake_target' from command line to 'None'
[0.714s] Level 5:colcon.colcon_core.verb:set package 'turtlebot3_fake_node' build argument 'cmake_target_skip_unavailable' from command line to 'False'
[0.714s] Level 5:colcon.colcon_core.verb:set package 'turtlebot3_fake_node' build argument 'cmake_clean_cache' from command line to 'False'
[0.715s] Level 5:colcon.colcon_core.verb:set package 'turtlebot3_fake_node' build argument 'cmake_clean_first' from command line to 'False'
[0.715s] Level 5:colcon.colcon_core.verb:set package 'turtlebot3_fake_node' build argument 'cmake_force_configure' from command line to 'False'
[0.715s] Level 5:colcon.colcon_core.verb:set package 'turtlebot3_fake_node' build argument 'ament_cmake_args' from command line to 'None'
[0.715s] Level 5:colcon.colcon_core.verb:set package 'turtlebot3_fake_node' build argument 'catkin_cmake_args' from command line to 'None'
[0.715s] Level 5:colcon.colcon_core.verb:set package 'turtlebot3_fake_node' build argument 'catkin_skip_building_tests' from command line to 'False'
[0.715s] DEBUG:colcon.colcon_core.verb:Building package 'turtlebot3_fake_node' with the following arguments: {'ament_cmake_args': None, 'build_base': '/home/lincunha/SESASR/lab02/build/turtlebot3_fake_node', 'catkin_cmake_args': None, 'catkin_skip_building_tests': False, 'cmake_args': None, 'cmake_clean_cache': False, 'cmake_clean_first': False, 'cmake_force_configure': False, 'cmake_target': None, 'cmake_target_skip_unavailable': False, 'install_base': '/home/lincunha/SESASR/lab02/install/turtlebot3_fake_node', 'merge_install': False, 'path': '/home/lincunha/SESASR/lab02/src/turtlebot3_simulations/turtlebot3_fake_node', 'symlink_install': False, 'test_result_base': None}
[0.716s] Level 5:colcon.colcon_core.verb:set package 'turtlebot3_gazebo' build argument 'cmake_args' from command line to 'None'
[0.716s] Level 5:colcon.colcon_core.verb:set package 'turtlebot3_gazebo' build argument 'cmake_target' from command line to 'None'
[0.716s] Level 5:colcon.colcon_core.verb:set package 'turtlebot3_gazebo' build argument 'cmake_target_skip_unavailable' from command line to 'False'
[0.716s] Level 5:colcon.colcon_core.verb:set package 'turtlebot3_gazebo' build argument 'cmake_clean_cache' from command line to 'False'
[0.716s] Level 5:colcon.colcon_core.verb:set package 'turtlebot3_gazebo' build argument 'cmake_clean_first' from command line to 'False'
[0.716s] Level 5:colcon.colcon_core.verb:set package 'turtlebot3_gazebo' build argument 'cmake_force_configure' from command line to 'False'
[0.716s] Level 5:colcon.colcon_core.verb:set package 'turtlebot3_gazebo' build argument 'ament_cmake_args' from command line to 'None'
[0.716s] Level 5:colcon.colcon_core.verb:set package 'turtlebot3_gazebo' build argument 'catkin_cmake_args' from command line to 'None'
[0.716s] Level 5:colcon.colcon_core.verb:set package 'turtlebot3_gazebo' build argument 'catkin_skip_building_tests' from command line to 'False'
[0.716s] DEBUG:colcon.colcon_core.verb:Building package 'turtlebot3_gazebo' with the following arguments: {'ament_cmake_args': None, 'build_base': '/home/lincunha/SESASR/lab02/build/turtlebot3_gazebo', 'catkin_cmake_args': None, 'catkin_skip_building_tests': False, 'cmake_args': None, 'cmake_clean_cache': False, 'cmake_clean_first': False, 'cmake_force_configure': False, 'cmake_target': None, 'cmake_target_skip_unavailable': False, 'install_base': '/home/lincunha/SESASR/lab02/install/turtlebot3_gazebo', 'merge_install': False, 'path': '/home/lincunha/SESASR/lab02/src/turtlebot3_simulations/turtlebot3_gazebo', 'symlink_install': False, 'test_result_base': None}
[0.717s] Level 5:colcon.colcon_core.verb:set package 'turtlebot3_simulations' build argument 'cmake_args' from command line to 'None'
[0.717s] Level 5:colcon.colcon_core.verb:set package 'turtlebot3_simulations' build argument 'cmake_target' from command line to 'None'
[0.717s] Level 5:colcon.colcon_core.verb:set package 'turtlebot3_simulations' build argument 'cmake_target_skip_unavailable' from command line to 'False'
[0.718s] Level 5:colcon.colcon_core.verb:set package 'turtlebot3_simulations' build argument 'cmake_clean_cache' from command line to 'False'
[0.718s] Level 5:colcon.colcon_core.verb:set package 'turtlebot3_simulations' build argument 'cmake_clean_first' from command line to 'False'
[0.718s] Level 5:colcon.colcon_core.verb:set package 'turtlebot3_simulations' build argument 'cmake_force_configure' from command line to 'False'
[0.718s] Level 5:colcon.colcon_core.verb:set package 'turtlebot3_simulations' build argument 'ament_cmake_args' from command line to 'None'
[0.718s] Level 5:colcon.colcon_core.verb:set package 'turtlebot3_simulations' build argument 'catkin_cmake_args' from command line to 'None'
[0.718s] Level 5:colcon.colcon_core.verb:set package 'turtlebot3_simulations' build argument 'catkin_skip_building_tests' from command line to 'False'
[0.718s] DEBUG:colcon.colcon_core.verb:Building package 'turtlebot3_simulations' with the following arguments: {'ament_cmake_args': None, 'build_base': '/home/lincunha/SESASR/lab02/build/turtlebot3_simulations', 'catkin_cmake_args': None, 'catkin_skip_building_tests': False, 'cmake_args': None, 'cmake_clean_cache': False, 'cmake_clean_first': False, 'cmake_force_configure': False, 'cmake_target': None, 'cmake_target_skip_unavailable': False, 'install_base': '/home/lincunha/SESASR/lab02/install/turtlebot3_simulations', 'merge_install': False, 'path': '/home/lincunha/SESASR/lab02/src/turtlebot3_simulations/turtlebot3_simulations', 'symlink_install': False, 'test_result_base': None}
[0.718s] INFO:colcon.colcon_core.executor:Executing jobs using 'parallel' executor
[0.720s] DEBUG:colcon.colcon_parallel_executor.executor.parallel:run_until_complete
[0.722s] INFO:colcon.colcon_ros.task.ament_cmake.build:Building ROS package in '/home/lincunha/SESASR/lab02/src/turtlebot3_simulations/turtlebot3_fake_node' with build type 'ament_cmake'
[0.722s] INFO:colcon.colcon_cmake.task.cmake.build:Building CMake package in '/home/lincunha/SESASR/lab02/src/turtlebot3_simulations/turtlebot3_fake_node'
[0.726s] INFO:colcon.colcon_core.plugin_system:Skipping extension 'colcon_core.shell.bat': Not used on non-Windows systems
[0.727s] INFO:colcon.colcon_core.shell:Skip shell extension 'powershell' for command environment: Not usable outside of PowerShell
[0.727s] DEBUG:colcon.colcon_core.shell:Skip shell extension 'dsv' for command environment
[0.735s] INFO:colcon.colcon_ros.task.ament_cmake.build:Building ROS package in '/home/lincunha/SESASR/lab02/src/turtlebot3_simulations/turtlebot3_gazebo' with build type 'ament_cmake'
[0.735s] INFO:colcon.colcon_cmake.task.cmake.build:Building CMake package in '/home/lincunha/SESASR/lab02/src/turtlebot3_simulations/turtlebot3_gazebo'
[0.736s] INFO:colcon.colcon_core.shell:Skip shell extension 'powershell' for command environment: Not usable outside of PowerShell
[0.737s] DEBUG:colcon.colcon_core.shell:Skip shell extension 'dsv' for command environment
[0.746s] INFO:colcon.colcon_ros.task.ament_python.build:Building ROS package in '/home/lincunha/SESASR/lab02/src/lab02_pkg' with build type 'ament_python'
[0.747s] Level 1:colcon.colcon_core.shell:create_environment_hook('lab02_pkg', 'ament_prefix_path')
[0.748s] INFO:colcon.colcon_core.shell:Creating environment hook '/home/lincunha/SESASR/lab02/install/lab02_pkg/share/lab02_pkg/hook/ament_prefix_path.ps1'
[0.750s] INFO:colcon.colcon_core.shell:Creating environment descriptor '/home/lincunha/SESASR/lab02/install/lab02_pkg/share/lab02_pkg/hook/ament_prefix_path.dsv'
[0.751s] INFO:colcon.colcon_core.shell:Creating environment hook '/home/lincunha/SESASR/lab02/install/lab02_pkg/share/lab02_pkg/hook/ament_prefix_path.sh'
[0.753s] INFO:colcon.colcon_core.shell:Skip shell extension 'powershell' for command environment: Not usable outside of PowerShell
[0.754s] DEBUG:colcon.colcon_core.shell:Skip shell extension 'dsv' for command environment
[0.779s] DEBUG:colcon.colcon_core.event_handler.log_command:Invoking command in '/home/lincunha/SESASR/lab02/build/turtlebot3_fake_node': CMAKE_PREFIX_PATH=${CMAKE_PREFIX_PATH}:/home/lincunha/SESASR/lab02/install/lab02_pkg:/opt/ros/humble /usr/bin/cmake --build /home/lincunha/SESASR/lab02/build/turtlebot3_fake_node -- -j8 -l8
[0.789s] DEBUG:colcon.colcon_core.event_handler.log_command:Invoking command in '/home/lincunha/SESASR/lab02/build/turtlebot3_gazebo': CMAKE_PREFIX_PATH=${CMAKE_PREFIX_PATH}:/home/lincunha/SESASR/lab02/install/lab02_pkg:/opt/ros/humble /usr/bin/cmake --build /home/lincunha/SESASR/lab02/build/turtlebot3_gazebo -- -j8 -l8
[1.466s] INFO:colcon.colcon_core.task.python.build:Building Python package in '/home/lincunha/SESASR/lab02/src/lab02_pkg'
[1.467s] INFO:colcon.colcon_core.shell:Skip shell extension 'powershell' for command environment: Not usable outside of PowerShell
[1.467s] DEBUG:colcon.colcon_core.shell:Skip shell extension 'dsv' for command environment
[1.480s] DEBUG:colcon.colcon_core.event_handler.log_command:Invoked command in '/home/lincunha/SESASR/lab02/build/turtlebot3_fake_node' returned '0': CMAKE_PREFIX_PATH=${CMAKE_PREFIX_PATH}:/home/lincunha/SESASR/lab02/install/lab02_pkg:/opt/ros/humble /usr/bin/cmake --build /home/lincunha/SESASR/lab02/build/turtlebot3_fake_node -- -j8 -l8
[1.486s] DEBUG:colcon.colcon_core.event_handler.log_command:Invoked command in '/home/lincunha/SESASR/lab02/build/turtlebot3_gazebo' returned '0': CMAKE_PREFIX_PATH=${CMAKE_PREFIX_PATH}:/home/lincunha/SESASR/lab02/install/lab02_pkg:/opt/ros/humble /usr/bin/cmake --build /home/lincunha/SESASR/lab02/build/turtlebot3_gazebo -- -j8 -l8
[1.557s] DEBUG:colcon.colcon_core.event_handler.log_command:Invoking command in '/home/lincunha/SESASR/lab02/build/turtlebot3_fake_node': CMAKE_PREFIX_PATH=${CMAKE_PREFIX_PATH}:/home/lincunha/SESASR/lab02/install/lab02_pkg:/opt/ros/humble /usr/bin/cmake --install /home/lincunha/SESASR/lab02/build/turtlebot3_fake_node
[1.577s] DEBUG:colcon.colcon_core.event_handler.log_command:Invoking command in '/home/lincunha/SESASR/lab02/build/turtlebot3_gazebo': CMAKE_PREFIX_PATH=${CMAKE_PREFIX_PATH}:/home/lincunha/SESASR/lab02/install/lab02_pkg:/opt/ros/humble /usr/bin/cmake --install /home/lincunha/SESASR/lab02/build/turtlebot3_gazebo
[1.616s] Level 1:colcon.colcon_core.environment:create_environment_scripts_only(turtlebot3_fake_node)
[1.633s] Level 1:colcon.colcon_core.environment:checking '/home/lincunha/SESASR/lab02/install/turtlebot3_fake_node' for CMake module files
[1.641s] Level 1:colcon.colcon_core.environment:checking '/home/lincunha/SESASR/lab02/install/turtlebot3_fake_node' for CMake config files
[1.648s] DEBUG:colcon.colcon_core.event_handler.log_command:Invoked command in '/home/lincunha/SESASR/lab02/build/turtlebot3_fake_node' returned '0': CMAKE_PREFIX_PATH=${CMAKE_PREFIX_PATH}:/home/lincunha/SESASR/lab02/install/lab02_pkg:/opt/ros/humble /usr/bin/cmake --install /home/lincunha/SESASR/lab02/build/turtlebot3_fake_node
[1.654s] Level 1:colcon.colcon_core.shell:create_environment_hook('turtlebot3_fake_node', 'cmake_prefix_path')
[1.655s] INFO:colcon.colcon_core.shell:Creating environment hook '/home/lincunha/SESASR/lab02/install/turtlebot3_fake_node/share/turtlebot3_fake_node/hook/cmake_prefix_path.ps1'
[1.659s] INFO:colcon.colcon_core.shell:Creating environment descriptor '/home/lincunha/SESASR/lab02/install/turtlebot3_fake_node/share/turtlebot3_fake_node/hook/cmake_prefix_path.dsv'
[1.665s] INFO:colcon.colcon_core.shell:Creating environment hook '/home/lincunha/SESASR/lab02/install/turtlebot3_fake_node/share/turtlebot3_fake_node/hook/cmake_prefix_path.sh'
[1.669s] Level 1:colcon.colcon_core.environment:checking '/home/lincunha/SESASR/lab02/install/turtlebot3_fake_node/lib'
[1.670s] Level 1:colcon.colcon_core.environment:checking '/home/lincunha/SESASR/lab02/install/turtlebot3_fake_node/bin'
[1.671s] Level 1:colcon.colcon_core.environment:checking '/home/lincunha/SESASR/lab02/install/turtlebot3_fake_node/lib/pkgconfig/turtlebot3_fake_node.pc'
[1.671s] Level 1:colcon.colcon_core.environment:checking '/home/lincunha/SESASR/lab02/install/turtlebot3_fake_node/lib/python3.10/site-packages'
[1.672s] Level 1:colcon.colcon_core.environment:checking '/home/lincunha/SESASR/lab02/install/turtlebot3_fake_node/bin'
[1.673s] INFO:colcon.colcon_core.shell:Creating package script '/home/lincunha/SESASR/lab02/install/turtlebot3_fake_node/share/turtlebot3_fake_node/package.ps1'
[1.674s] INFO:colcon.colcon_core.shell:Creating package descriptor '/home/lincunha/SESASR/lab02/install/turtlebot3_fake_node/share/turtlebot3_fake_node/package.dsv'
[1.675s] INFO:colcon.colcon_core.shell:Creating package script '/home/lincunha/SESASR/lab02/install/turtlebot3_fake_node/share/turtlebot3_fake_node/package.sh'
[1.677s] INFO:colcon.colcon_core.shell:Creating package script '/home/lincunha/SESASR/lab02/install/turtlebot3_fake_node/share/turtlebot3_fake_node/package.bash'
[1.679s] INFO:colcon.colcon_core.shell:Creating package script '/home/lincunha/SESASR/lab02/install/turtlebot3_fake_node/share/turtlebot3_fake_node/package.zsh'
[1.683s] Level 1:colcon.colcon_core.environment:create_file_with_runtime_dependencies(/home/lincunha/SESASR/lab02/install/turtlebot3_fake_node/share/colcon-core/packages/turtlebot3_fake_node)
[1.687s] Level 1:colcon.colcon_core.environment:create_environment_scripts_only(turtlebot3_gazebo)
[1.688s] Level 1:colcon.colcon_core.environment:checking '/home/lincunha/SESASR/lab02/install/turtlebot3_gazebo' for CMake module files
[1.690s] DEBUG:colcon.colcon_core.event_handler.log_command:Invoked command in '/home/lincunha/SESASR/lab02/build/turtlebot3_gazebo' returned '0': CMAKE_PREFIX_PATH=${CMAKE_PREFIX_PATH}:/home/lincunha/SESASR/lab02/install/lab02_pkg:/opt/ros/humble /usr/bin/cmake --install /home/lincunha/SESASR/lab02/build/turtlebot3_gazebo
[1.691s] Level 1:colcon.colcon_core.environment:checking '/home/lincunha/SESASR/lab02/install/turtlebot3_gazebo' for CMake config files
[1.692s] Level 1:colcon.colcon_core.shell:create_environment_hook('turtlebot3_gazebo', 'cmake_prefix_path')
[1.693s] INFO:colcon.colcon_core.shell:Creating environment hook '/home/lincunha/SESASR/lab02/install/turtlebot3_gazebo/share/turtlebot3_gazebo/hook/cmake_prefix_path.ps1'
[1.694s] INFO:colcon.colcon_core.shell:Creating environment descriptor '/home/lincunha/SESASR/lab02/install/turtlebot3_gazebo/share/turtlebot3_gazebo/hook/cmake_prefix_path.dsv'
[1.695s] INFO:colcon.colcon_core.shell:Creating environment hook '/home/lincunha/SESASR/lab02/install/turtlebot3_gazebo/share/turtlebot3_gazebo/hook/cmake_prefix_path.sh'
[1.698s] Level 1:colcon.colcon_core.environment:checking '/home/lincunha/SESASR/lab02/install/turtlebot3_gazebo/lib'
[1.698s] Level 1:colcon.colcon_core.environment:checking '/home/lincunha/SESASR/lab02/install/turtlebot3_gazebo/bin'
[1.699s] Level 1:colcon.colcon_core.environment:checking '/home/lincunha/SESASR/lab02/install/turtlebot3_gazebo/lib/pkgconfig/turtlebot3_gazebo.pc'
[1.699s] Level 1:colcon.colcon_core.environment:checking '/home/lincunha/SESASR/lab02/install/turtlebot3_gazebo/lib/python3.10/site-packages'
[1.700s] Level 1:colcon.colcon_core.environment:checking '/home/lincunha/SESASR/lab02/install/turtlebot3_gazebo/bin'
[1.700s] INFO:colcon.colcon_core.shell:Creating package script '/home/lincunha/SESASR/lab02/install/turtlebot3_gazebo/share/turtlebot3_gazebo/package.ps1'
[1.702s] INFO:colcon.colcon_core.shell:Creating package descriptor '/home/lincunha/SESASR/lab02/install/turtlebot3_gazebo/share/turtlebot3_gazebo/package.dsv'
[1.703s] INFO:colcon.colcon_core.shell:Creating package script '/home/lincunha/SESASR/lab02/install/turtlebot3_gazebo/share/turtlebot3_gazebo/package.sh'
[1.704s] INFO:colcon.colcon_core.shell:Creating package script '/home/lincunha/SESASR/lab02/install/turtlebot3_gazebo/share/turtlebot3_gazebo/package.bash'
[1.705s] INFO:colcon.colcon_core.shell:Creating package script '/home/lincunha/SESASR/lab02/install/turtlebot3_gazebo/share/turtlebot3_gazebo/package.zsh'
[1.706s] Level 1:colcon.colcon_core.environment:create_file_with_runtime_dependencies(/home/lincunha/SESASR/lab02/install/turtlebot3_gazebo/share/colcon-core/packages/turtlebot3_gazebo)
[1.734s] Level 1:colcon.colcon_core.environment:create_environment_scripts_only(turtlebot3_fake_node)
[1.735s] Level 1:colcon.colcon_core.environment:checking '/home/lincunha/SESASR/lab02/install/turtlebot3_fake_node' for CMake module files
[1.737s] Level 1:colcon.colcon_core.environment:checking '/home/lincunha/SESASR/lab02/install/turtlebot3_fake_node' for CMake config files
[1.738s] Level 1:colcon.colcon_core.shell:create_environment_hook('turtlebot3_fake_node', 'cmake_prefix_path')
[1.738s] INFO:colcon.colcon_core.shell:Creating environment hook '/home/lincunha/SESASR/lab02/install/turtlebot3_fake_node/share/turtlebot3_fake_node/hook/cmake_prefix_path.ps1'
[1.740s] INFO:colcon.colcon_core.shell:Creating environment descriptor '/home/lincunha/SESASR/lab02/install/turtlebot3_fake_node/share/turtlebot3_fake_node/hook/cmake_prefix_path.dsv'
[1.741s] INFO:colcon.colcon_core.shell:Creating environment hook '/home/lincunha/SESASR/lab02/install/turtlebot3_fake_node/share/turtlebot3_fake_node/hook/cmake_prefix_path.sh'
[1.742s] Level 1:colcon.colcon_core.environment:checking '/home/lincunha/SESASR/lab02/install/turtlebot3_fake_node/lib'
[1.743s] Level 1:colcon.colcon_core.environment:checking '/home/lincunha/SESASR/lab02/install/turtlebot3_fake_node/bin'
[1.743s] Level 1:colcon.colcon_core.environment:checking '/home/lincunha/SESASR/lab02/install/turtlebot3_fake_node/lib/pkgconfig/turtlebot3_fake_node.pc'
[1.744s] Level 1:colcon.colcon_core.environment:checking '/home/lincunha/SESASR/lab02/install/turtlebot3_fake_node/lib/python3.10/site-packages'
[1.744s] Level 1:colcon.colcon_core.environment:checking '/home/lincunha/SESASR/lab02/install/turtlebot3_fake_node/bin'
[1.745s] INFO:colcon.colcon_core.shell:Creating package script '/home/lincunha/SESASR/lab02/install/turtlebot3_fake_node/share/turtlebot3_fake_node/package.ps1'
[1.747s] INFO:colcon.colcon_core.shell:Creating package descriptor '/home/lincunha/SESASR/lab02/install/turtlebot3_fake_node/share/turtlebot3_fake_node/package.dsv'
[1.750s] INFO:colcon.colcon_core.shell:Creating package script '/home/lincunha/SESASR/lab02/install/turtlebot3_fake_node/share/turtlebot3_fake_node/package.sh'
[1.752s] INFO:colcon.colcon_core.shell:Creating package script '/home/lincunha/SESASR/lab02/install/turtlebot3_fake_node/share/turtlebot3_fake_node/package.bash'
[1.753s] INFO:colcon.colcon_core.shell:Creating package script '/home/lincunha/SESASR/lab02/install/turtlebot3_fake_node/share/turtlebot3_fake_node/package.zsh'
[1.755s] Level 1:colcon.colcon_core.environment:create_file_with_runtime_dependencies(/home/lincunha/SESASR/lab02/install/turtlebot3_fake_node/share/colcon-core/packages/turtlebot3_fake_node)
[1.779s] Level 1:colcon.colcon_core.environment:create_environment_scripts_only(turtlebot3_gazebo)
[1.780s] Level 1:colcon.colcon_core.environment:checking '/home/lincunha/SESASR/lab02/install/turtlebot3_gazebo' for CMake module files
[1.782s] Level 1:colcon.colcon_core.environment:checking '/home/lincunha/SESASR/lab02/install/turtlebot3_gazebo' for CMake config files
[1.783s] Level 1:colcon.colcon_core.shell:create_environment_hook('turtlebot3_gazebo', 'cmake_prefix_path')
[1.784s] INFO:colcon.colcon_core.shell:Creating environment hook '/home/lincunha/SESASR/lab02/install/turtlebot3_gazebo/share/turtlebot3_gazebo/hook/cmake_prefix_path.ps1'
[1.786s] INFO:colcon.colcon_core.shell:Creating environment descriptor '/home/lincunha/SESASR/lab02/install/turtlebot3_gazebo/share/turtlebot3_gazebo/hook/cmake_prefix_path.dsv'
[1.787s] INFO:colcon.colcon_core.shell:Creating environment hook '/home/lincunha/SESASR/lab02/install/turtlebot3_gazebo/share/turtlebot3_gazebo/hook/cmake_prefix_path.sh'
[1.789s] Level 1:colcon.colcon_core.environment:checking '/home/lincunha/SESASR/lab02/install/turtlebot3_gazebo/lib'
[1.789s] Level 1:colcon.colcon_core.environment:checking '/home/lincunha/SESASR/lab02/install/turtlebot3_gazebo/bin'
[1.789s] Level 1:colcon.colcon_core.environment:checking '/home/lincunha/SESASR/lab02/install/turtlebot3_gazebo/lib/pkgconfig/turtlebot3_gazebo.pc'
[1.790s] Level 1:colcon.colcon_core.environment:checking '/home/lincunha/SESASR/lab02/install/turtlebot3_gazebo/lib/python3.10/site-packages'
[1.790s] Level 1:colcon.colcon_core.environment:checking '/home/lincunha/SESASR/lab02/install/turtlebot3_gazebo/bin'
[1.791s] INFO:colcon.colcon_core.shell:Creating package script '/home/lincunha/SESASR/lab02/install/turtlebot3_gazebo/share/turtlebot3_gazebo/package.ps1'
[1.792s] INFO:colcon.colcon_core.shell:Creating package descriptor '/home/lincunha/SESASR/lab02/install/turtlebot3_gazebo/share/turtlebot3_gazebo/package.dsv'
[1.794s] INFO:colcon.colcon_core.shell:Creating package script '/home/lincunha/SESASR/lab02/install/turtlebot3_gazebo/share/turtlebot3_gazebo/package.sh'
[1.795s] INFO:colcon.colcon_core.shell:Creating package script '/home/lincunha/SESASR/lab02/install/turtlebot3_gazebo/share/turtlebot3_gazebo/package.bash'
[1.797s] INFO:colcon.colcon_core.shell:Creating package script '/home/lincunha/SESASR/lab02/install/turtlebot3_gazebo/share/turtlebot3_gazebo/package.zsh'
[1.798s] Level 1:colcon.colcon_core.environment:create_file_with_runtime_dependencies(/home/lincunha/SESASR/lab02/install/turtlebot3_gazebo/share/colcon-core/packages/turtlebot3_gazebo)
[1.800s] INFO:colcon.colcon_ros.task.ament_cmake.build:Building ROS package in '/home/lincunha/SESASR/lab02/src/turtlebot3_simulations/turtlebot3_simulations' with build type 'ament_cmake'
[1.801s] INFO:colcon.colcon_cmake.task.cmake.build:Building CMake package in '/home/lincunha/SESASR/lab02/src/turtlebot3_simulations/turtlebot3_simulations'
[1.802s] INFO:colcon.colcon_core.shell:Skip shell extension 'powershell' for command environment: Not usable outside of PowerShell
[1.802s] DEBUG:colcon.colcon_core.shell:Skip shell extension 'dsv' for command environment
[1.935s] DEBUG:colcon.colcon_core.event_handler.log_command:Invoking command in '/home/lincunha/SESASR/lab02/build/turtlebot3_simulations': CMAKE_PREFIX_PATH=/home/lincunha/SESASR/lab02/install/turtlebot3_gazebo:/home/lincunha/SESASR/lab02/install/turtlebot3_fake_node:/home/lincunha/SESASR/lab02/install/turtlebot3_simulations:/home/lincunha/SESASR/lab02/install/lab02_pkg:/opt/ros/humble /usr/bin/cmake --build /home/lincunha/SESASR/lab02/build/turtlebot3_simulations -- -j8 -l8
[2.005s] DEBUG:colcon.colcon_core.event_handler.log_command:Invoked command in '/home/lincunha/SESASR/lab02/build/turtlebot3_simulations' returned '0': CMAKE_PREFIX_PATH=/home/lincunha/SESASR/lab02/install/turtlebot3_gazebo:/home/lincunha/SESASR/lab02/install/turtlebot3_fake_node:/home/lincunha/SESASR/lab02/install/turtlebot3_simulations:/home/lincunha/SESASR/lab02/install/lab02_pkg:/opt/ros/humble /usr/bin/cmake --build /home/lincunha/SESASR/lab02/build/turtlebot3_simulations -- -j8 -l8
[2.043s] DEBUG:colcon.colcon_core.event_handler.log_command:Invoking command in '/home/lincunha/SESASR/lab02/build/turtlebot3_simulations': CMAKE_PREFIX_PATH=/home/lincunha/SESASR/lab02/install/turtlebot3_gazebo:/home/lincunha/SESASR/lab02/install/turtlebot3_fake_node:/home/lincunha/SESASR/lab02/install/turtlebot3_simulations:/home/lincunha/SESASR/lab02/install/lab02_pkg:/opt/ros/humble /usr/bin/cmake --install /home/lincunha/SESASR/lab02/build/turtlebot3_simulations
[2.083s] Level 1:colcon.colcon_core.environment:create_environment_scripts_only(turtlebot3_simulations)
[2.084s] Level 1:colcon.colcon_core.environment:checking '/home/lincunha/SESASR/lab02/install/turtlebot3_simulations' for CMake module files
[2.085s] DEBUG:colcon.colcon_core.event_handler.log_command:Invoked command in '/home/lincunha/SESASR/lab02/build/turtlebot3_simulations' returned '0': CMAKE_PREFIX_PATH=/home/lincunha/SESASR/lab02/install/turtlebot3_gazebo:/home/lincunha/SESASR/lab02/install/turtlebot3_fake_node:/home/lincunha/SESASR/lab02/install/turtlebot3_simulations:/home/lincunha/SESASR/lab02/install/lab02_pkg:/opt/ros/humble /usr/bin/cmake --install /home/lincunha/SESASR/lab02/build/turtlebot3_simulations
[2.086s] Level 1:colcon.colcon_core.environment:checking '/home/lincunha/SESASR/lab02/install/turtlebot3_simulations' for CMake config files
[2.086s] Level 1:colcon.colcon_core.shell:create_environment_hook('turtlebot3_simulations', 'cmake_prefix_path')
[2.087s] INFO:colcon.colcon_core.shell:Creating environment hook '/home/lincunha/SESASR/lab02/install/turtlebot3_simulations/share/turtlebot3_simulations/hook/cmake_prefix_path.ps1'
[2.089s] INFO:colcon.colcon_core.shell:Creating environment descriptor '/home/lincunha/SESASR/lab02/install/turtlebot3_simulations/share/turtlebot3_simulations/hook/cmake_prefix_path.dsv'
[2.090s] INFO:colcon.colcon_core.shell:Creating environment hook '/home/lincunha/SESASR/lab02/install/turtlebot3_simulations/share/turtlebot3_simulations/hook/cmake_prefix_path.sh'
[2.092s] Level 1:colcon.colcon_core.environment:checking '/home/lincunha/SESASR/lab02/install/turtlebot3_simulations/bin'
[2.092s] Level 1:colcon.colcon_core.environment:checking '/home/lincunha/SESASR/lab02/install/turtlebot3_simulations/lib/pkgconfig/turtlebot3_simulations.pc'
[2.093s] Level 1:colcon.colcon_core.environment:checking '/home/lincunha/SESASR/lab02/install/turtlebot3_simulations/lib/python3.10/site-packages'
[2.094s] Level 1:colcon.colcon_core.environment:checking '/home/lincunha/SESASR/lab02/install/turtlebot3_simulations/bin'
[2.094s] INFO:colcon.colcon_core.shell:Creating package script '/home/lincunha/SESASR/lab02/install/turtlebot3_simulations/share/turtlebot3_simulations/package.ps1'
[2.095s] INFO:colcon.colcon_core.shell:Creating package descriptor '/home/lincunha/SESASR/lab02/install/turtlebot3_simulations/share/turtlebot3_simulations/package.dsv'
[2.096s] INFO:colcon.colcon_core.shell:Creating package script '/home/lincunha/SESASR/lab02/install/turtlebot3_simulations/share/turtlebot3_simulations/package.sh'
[2.097s] INFO:colcon.colcon_core.shell:Creating package script '/home/lincunha/SESASR/lab02/install/turtlebot3_simulations/share/turtlebot3_simulations/package.bash'
[2.098s] INFO:colcon.colcon_core.shell:Creating package script '/home/lincunha/SESASR/lab02/install/turtlebot3_simulations/share/turtlebot3_simulations/package.zsh'
[2.099s] Level 1:colcon.colcon_core.environment:create_file_with_runtime_dependencies(/home/lincunha/SESASR/lab02/install/turtlebot3_simulations/share/colcon-core/packages/turtlebot3_simulations)
[2.139s] Level 1:colcon.colcon_core.environment:create_environment_scripts_only(turtlebot3_simulations)
[2.140s] Level 1:colcon.colcon_core.environment:checking '/home/lincunha/SESASR/lab02/install/turtlebot3_simulations' for CMake module files
[2.141s] Level 1:colcon.colcon_core.environment:checking '/home/lincunha/SESASR/lab02/install/turtlebot3_simulations' for CMake config files
[2.142s] Level 1:colcon.colcon_core.shell:create_environment_hook('turtlebot3_simulations', 'cmake_prefix_path')
[2.142s] INFO:colcon.colcon_core.shell:Creating environment hook '/home/lincunha/SESASR/lab02/install/turtlebot3_simulations/share/turtlebot3_simulations/hook/cmake_prefix_path.ps1'
[2.143s] INFO:colcon.colcon_core.shell:Creating environment descriptor '/home/lincunha/SESASR/lab02/install/turtlebot3_simulations/share/turtlebot3_simulations/hook/cmake_prefix_path.dsv'
[2.145s] INFO:colcon.colcon_core.shell:Creating environment hook '/home/lincunha/SESASR/lab02/install/turtlebot3_simulations/share/turtlebot3_simulations/hook/cmake_prefix_path.sh'
[2.146s] Level 1:colcon.colcon_core.environment:checking '/home/lincunha/SESASR/lab02/install/turtlebot3_simulations/bin'
[2.147s] Level 1:colcon.colcon_core.environment:checking '/home/lincunha/SESASR/lab02/install/turtlebot3_simulations/lib/pkgconfig/turtlebot3_simulations.pc'
[2.147s] Level 1:colcon.colcon_core.environment:checking '/home/lincunha/SESASR/lab02/install/turtlebot3_simulations/lib/python3.10/site-packages'
[2.148s] Level 1:colcon.colcon_core.environment:checking '/home/lincunha/SESASR/lab02/install/turtlebot3_simulations/bin'
[2.148s] INFO:colcon.colcon_core.shell:Creating package script '/home/lincunha/SESASR/lab02/install/turtlebot3_simulations/share/turtlebot3_simulations/package.ps1'
[2.150s] INFO:colcon.colcon_core.shell:Creating package descriptor '/home/lincunha/SESASR/lab02/install/turtlebot3_simulations/share/turtlebot3_simulations/package.dsv'
[2.151s] INFO:colcon.colcon_core.shell:Creating package script '/home/lincunha/SESASR/lab02/install/turtlebot3_simulations/share/turtlebot3_simulations/package.sh'
[2.152s] INFO:colcon.colcon_core.shell:Creating package script '/home/lincunha/SESASR/lab02/install/turtlebot3_simulations/share/turtlebot3_simulations/package.bash'
[2.153s] INFO:colcon.colcon_core.shell:Creating package script '/home/lincunha/SESASR/lab02/install/turtlebot3_simulations/share/turtlebot3_simulations/package.zsh'
[2.155s] Level 1:colcon.colcon_core.environment:create_file_with_runtime_dependencies(/home/lincunha/SESASR/lab02/install/turtlebot3_simulations/share/colcon-core/packages/turtlebot3_simulations)
[2.397s] DEBUG:colcon.colcon_core.event_handler.log_command:Invoking command in '/home/lincunha/SESASR/lab02/src/lab02_pkg': PYTHONPATH=/home/lincunha/SESASR/lab02/build/lab02_pkg/prefix_override:/usr/lib/python3/dist-packages/colcon_core/task/python/colcon_distutils_commands:/home/lincunha/SESASR/lab02/install/lab02_pkg/lib/python3.10/site-packages:${PYTHONPATH} /usr/bin/python3 -W ignore:setup.py install is deprecated setup.py egg_info --egg-base ../../build/lab02_pkg build --build-base /home/lincunha/SESASR/lab02/build/lab02_pkg/build install --record /home/lincunha/SESASR/lab02/build/lab02_pkg/install.log --single-version-externally-managed install_data
[2.922s] Level 1:colcon.colcon_core.environment:checking '/home/lincunha/SESASR/lab02/install/lab02_pkg' for CMake module files
[2.923s] DEBUG:colcon.colcon_core.event_handler.log_command:Invoked command in '/home/lincunha/SESASR/lab02/src/lab02_pkg' returned '0': PYTHONPATH=/home/lincunha/SESASR/lab02/build/lab02_pkg/prefix_override:/usr/lib/python3/dist-packages/colcon_core/task/python/colcon_distutils_commands:/home/lincunha/SESASR/lab02/install/lab02_pkg/lib/python3.10/site-packages:${PYTHONPATH} /usr/bin/python3 -W ignore:setup.py install is deprecated setup.py egg_info --egg-base ../../build/lab02_pkg build --build-base /home/lincunha/SESASR/lab02/build/lab02_pkg/build install --record /home/lincunha/SESASR/lab02/build/lab02_pkg/install.log --single-version-externally-managed install_data
[2.924s] Level 1:colcon.colcon_core.environment:checking '/home/lincunha/SESASR/lab02/install/lab02_pkg' for CMake config files
[2.925s] Level 1:colcon.colcon_core.environment:checking '/home/lincunha/SESASR/lab02/install/lab02_pkg/lib'
[2.926s] Level 1:colcon.colcon_core.environment:checking '/home/lincunha/SESASR/lab02/install/lab02_pkg/bin'
[2.926s] Level 1:colcon.colcon_core.environment:checking '/home/lincunha/SESASR/lab02/install/lab02_pkg/lib/pkgconfig/lab02_pkg.pc'
[2.927s] Level 1:colcon.colcon_core.environment:checking '/home/lincunha/SESASR/lab02/install/lab02_pkg/lib/python3.10/site-packages'
[2.927s] Level 1:colcon.colcon_core.shell:create_environment_hook('lab02_pkg', 'pythonpath')
[2.928s] INFO:colcon.colcon_core.shell:Creating environment hook '/home/lincunha/SESASR/lab02/install/lab02_pkg/share/lab02_pkg/hook/pythonpath.ps1'
[2.929s] INFO:colcon.colcon_core.shell:Creating environment descriptor '/home/lincunha/SESASR/lab02/install/lab02_pkg/share/lab02_pkg/hook/pythonpath.dsv'
[2.930s] INFO:colcon.colcon_core.shell:Creating environment hook '/home/lincunha/SESASR/lab02/install/lab02_pkg/share/lab02_pkg/hook/pythonpath.sh'
[2.933s] Level 1:colcon.colcon_core.environment:checking '/home/lincunha/SESASR/lab02/install/lab02_pkg/bin'
[2.933s] Level 1:colcon.colcon_core.environment:create_environment_scripts_only(lab02_pkg)
[2.934s] INFO:colcon.colcon_core.shell:Creating package script '/home/lincunha/SESASR/lab02/install/lab02_pkg/share/lab02_pkg/package.ps1'
[2.936s] INFO:colcon.colcon_core.shell:Creating package descriptor '/home/lincunha/SESASR/lab02/install/lab02_pkg/share/lab02_pkg/package.dsv'
[2.937s] INFO:colcon.colcon_core.shell:Creating package script '/home/lincunha/SESASR/lab02/install/lab02_pkg/share/lab02_pkg/package.sh'
[2.941s] INFO:colcon.colcon_core.shell:Creating package script '/home/lincunha/SESASR/lab02/install/lab02_pkg/share/lab02_pkg/package.bash'
[2.944s] INFO:colcon.colcon_core.shell:Creating package script '/home/lincunha/SESASR/lab02/install/lab02_pkg/share/lab02_pkg/package.zsh'
[2.946s] Level 1:colcon.colcon_core.environment:create_file_with_runtime_dependencies(/home/lincunha/SESASR/lab02/install/lab02_pkg/share/colcon-core/packages/lab02_pkg)
[2.947s] DEBUG:colcon.colcon_parallel_executor.executor.parallel:closing loop
[2.947s] DEBUG:colcon.colcon_parallel_executor.executor.parallel:loop closed
[2.948s] DEBUG:colcon.colcon_parallel_executor.executor.parallel:run_until_complete finished with '0'
[2.949s] DEBUG:colcon.colcon_core.event_reactor:joining thread
[3.045s] INFO:colcon.colcon_core.plugin_system:Skipping extension 'colcon_notification.desktop_notification.notify_send': Could not find 'notify-send'
[3.045s] INFO:colcon.colcon_core.plugin_system:Skipping extension 'colcon_notification.desktop_notification.terminal_notifier': Not used on non-Darwin systems
[3.045s] INFO:colcon.colcon_core.plugin_system:Skipping extension 'colcon_notification.desktop_notification.win32': Not used on non-Windows systems
[3.046s] INFO:colcon.colcon_notification.desktop_notification:Sending desktop notification using 'notify2'
[3.046s] DEBUG:colcon.colcon_notification.desktop_notification.notify2:Failed to initialize notify2: org.freedesktop.DBus.Error.FileNotFound: Failed to connect to socket /run/user/1000/bus: No such file or directory
[3.047s] DEBUG:colcon.colcon_core.event_reactor:joined thread
[3.048s] INFO:colcon.colcon_core.shell:Creating prefix script '/home/lincunha/SESASR/lab02/install/local_setup.ps1'
[3.050s] INFO:colcon.colcon_core.shell:Creating prefix util module '/home/lincunha/SESASR/lab02/install/_local_setup_util_ps1.py'
[3.054s] INFO:colcon.colcon_core.shell:Creating prefix chain script '/home/lincunha/SESASR/lab02/install/setup.ps1'
[3.056s] INFO:colcon.colcon_core.shell:Creating prefix script '/home/lincunha/SESASR/lab02/install/local_setup.sh'
[3.058s] INFO:colcon.colcon_core.shell:Creating prefix util module '/home/lincunha/SESASR/lab02/install/_local_setup_util_sh.py'
[3.059s] INFO:colcon.colcon_core.shell:Creating prefix chain script '/home/lincunha/SESASR/lab02/install/setup.sh'
[3.062s] INFO:colcon.colcon_core.shell:Creating prefix script '/home/lincunha/SESASR/lab02/install/local_setup.bash'
[3.063s] INFO:colcon.colcon_core.shell:Creating prefix chain script '/home/lincunha/SESASR/lab02/install/setup.bash'
[3.067s] INFO:colcon.colcon_core.shell:Creating prefix script '/home/lincunha/SESASR/lab02/install/local_setup.zsh'
[3.068s] INFO:colcon.colcon_core.shell:Creating prefix chain script '/home/lincunha/SESASR/lab02/install/setup.zsh'
