[1.485s] Invoking command in '/home/s2c2/Desktop/SESASR/lab05/build/turtlebot3_gazebo': CMAKE_PREFIX_PATH=${CMAKE_PREFIX_PATH}:/home/s2c2/Desktop/SESASR/lab05/install/turtlebot3_perception:/home/s2c2/Desktop/SESASR/lab05/install/pf_pkg:/opt/ros/humble /usr/bin/cmake /home/s2c2/Desktop/SESASR/lab05/src/turtlebot3_simulations/turtlebot3_gazebo -DCMAKE_INSTALL_PREFIX=/home/s2c2/Desktop/SESASR/lab05/install/turtlebot3_gazebo
[1.692s] -- The C compiler identification is GNU 11.4.0
[1.911s] -- The CXX compiler identification is GNU 11.4.0
[1.968s] -- Detecting C compiler ABI info
[2.217s] -- Detecting C compiler ABI info - done
[2.245s] -- Check for working C compiler: /usr/bin/cc - skipped
[2.249s] -- Detecting C compile features
[2.249s] -- Detecting C compile features - done
[2.268s] -- Detecting CXX compiler ABI info
[2.562s] -- Detecting CXX compiler ABI info - done
[2.595s] -- Check for working CXX compiler: /usr/bin/c++ - skipped
[2.599s] -- Detecting CXX compile features
[2.600s] -- Detecting CXX compile features - done
[2.610s] -- Found ament_cmake: 1.3.11 (/opt/ros/humble/share/ament_cmake/cmake)
[3.064s] -- Found Python3: /usr/bin/python3 (found version "3.10.12") found components: Interpreter 
[3.574s] [33mCMake Warning (dev) at /usr/share/cmake-3.22/Modules/FindPackageHandleStandardArgs.cmake:438 (message):
[3.574s]   The package name passed to `find_package_handle_standard_args` (PkgConfig)
[3.575s]   does not match the name of the calling package (gazebo).  This can lead to
[3.575s]   problems in calling code that expects `find_package` result variables
[3.575s]   (e.g., `_FOUND`) to follow a certain pattern.
[3.575s] Call Stack (most recent call first):
[3.585s]   /usr/share/cmake-3.22/Modules/FindPkgConfig.cmake:99 (find_package_handle_standard_args)
[3.585s]   /usr/lib/x86_64-linux-gnu/cmake/gazebo/gazebo-config.cmake:72 (include)
[3.586s]   CMakeLists.txt:23 (find_package)
[3.587s] This warning is for project developers.  Use -Wno-dev to suppress it.
[3.587s] [0m
[3.587s] -- Found PkgConfig: /usr/bin/pkg-config (found version "0.29.2") 
[3.711s] -- Checking for module 'bullet>=2.82'
[3.818s] --   Found bullet, version 3.05
[4.262s] -- Found fcl: /usr/include (found suitable version "0.7.0", minimum required is "0.5.0") 
[4.476s] -- Found assimp: /usr/include (found version "5.2.0") 
[4.626s] -- Found DART: /usr/include (Required is at least version "6.6") found components: dart 
[5.500s] -- Found Boost: /usr/lib/x86_64-linux-gnu/cmake/Boost-1.74.0/BoostConfig.cmake (found suitable version "1.74.0", minimum required is "1.40.0") found components: thread system filesystem program_options regex iostreams date_time 
[5.600s] -- Found Protobuf: /usr/lib/x86_64-linux-gnu/libprotobuf.so (found version "3.12.4") 
[5.627s] -- Looking for ignition-math6 -- found version 6.15.1
[5.687s] -- Searching for dependencies of ignition-math6
[5.697s] -- Looking for OGRE...
[5.703s] -- OGRE_PREFIX_WATCH changed.
[5.735s] -- Checking for module 'OGRE'
[5.828s] --   Found OGRE, version 1.9.0
[6.243s] -- Found Ogre Ghadamon (1.9.0)
[6.307s] -- Found OGRE: optimized;/usr/lib/x86_64-linux-gnu/libOgreMain.so;debug;/usr/lib/x86_64-linux-gnu/libOgreMain.so
[6.335s] -- Looking for OGRE_Paging...
[6.367s] -- Found OGRE_Paging: optimized;/usr/lib/x86_64-linux-gnu/libOgrePaging.so;debug;/usr/lib/x86_64-linux-gnu/libOgrePaging.so
[6.369s] -- Looking for OGRE_Terrain...
[6.404s] -- Found OGRE_Terrain: optimized;/usr/lib/x86_64-linux-gnu/libOgreTerrain.so;debug;/usr/lib/x86_64-linux-gnu/libOgreTerrain.so
[6.405s] -- Looking for OGRE_Property...
[6.440s] -- Found OGRE_Property: optimized;/usr/lib/x86_64-linux-gnu/libOgreProperty.so;debug;/usr/lib/x86_64-linux-gnu/libOgreProperty.so
[6.444s] -- Looking for OGRE_RTShaderSystem...
[6.473s] -- Found OGRE_RTShaderSystem: optimized;/usr/lib/x86_64-linux-gnu/libOgreRTShaderSystem.so;debug;/usr/lib/x86_64-linux-gnu/libOgreRTShaderSystem.so
[6.473s] -- Looking for OGRE_Volume...
[6.501s] -- Found OGRE_Volume: optimized;/usr/lib/x86_64-linux-gnu/libOgreVolume.so;debug;/usr/lib/x86_64-linux-gnu/libOgreVolume.so
[6.501s] -- Looking for OGRE_Overlay...
[6.524s] -- Found OGRE_Overlay: optimized;/usr/lib/x86_64-linux-gnu/libOgreOverlay.so;debug;/usr/lib/x86_64-linux-gnu/libOgreOverlay.so
[6.950s] -- Looking for ignition-math6 -- found version 6.15.1
[6.963s] -- Looking for ignition-transport8 -- found version 8.2.1
[6.968s] -- Searching for dependencies of ignition-transport8
[7.040s] -- Found Protobuf: /usr/lib/x86_64-linux-gnu/libprotobuf.so (found suitable version "3.12.4", minimum required is "3") 
[7.070s] -- Config-file not installed for ZeroMQ -- checking for pkg-config
[7.087s] -- Checking for module 'libzmq >= 4'
[7.160s] --   Found libzmq , version 4.3.4
[7.344s] -- Found ZeroMQ: TRUE (Required is at least version "4") 
[7.376s] -- Checking for module 'uuid'
[7.432s] --   Found uuid, version 2.37.2
[7.570s] -- Found UUID: TRUE  
[7.589s] -- Looking for ignition-msgs5 -- found version 5.8.1
[7.591s] -- Searching for dependencies of ignition-msgs5
[7.647s] -- Looking for ignition-math6 -- found version 6.15.1
[7.666s] -- Checking for module 'tinyxml2'
[7.720s] --   Found tinyxml2, version 9.0.0
[7.873s] -- Looking for ignition-msgs5 -- found version 5.8.1
[7.892s] -- Looking for ignition-common3 -- found version 3.14.0
[7.892s] -- Searching for dependencies of ignition-common3
[7.898s] -- Looking for dlfcn.h - found
[7.903s] -- Looking for libdl - found
[7.909s] -- Found DL: TRUE  
[7.955s] -- Found tinyobjloader: /usr/lib/x86_64-linux-gnu/cmake/tinyobjloader/tinyobjloader-config.cmake (found version "2.0.0") 
[7.960s] -- Searching for <ignition-common3> component [graphics]
[7.973s] -- Looking for ignition-common3-graphics -- found version 3.14.0
[7.977s] -- Searching for dependencies of ignition-common3-graphics
[7.978s] -- Looking for ignition-math6 -- found version 6.15.1
[8.000s] -- Looking for ignition-fuel_tools4 -- found version 4.4.0
[8.001s] -- Searching for dependencies of ignition-fuel_tools4
[8.325s] -- Found CURL: /usr/lib/x86_64-linux-gnu/libcurl.so (found version "7.81.0")  
[8.355s] -- Checking for module 'jsoncpp'
[8.430s] --   Found jsoncpp, version 1.9.5
[8.568s] -- Found JSONCPP: TRUE  
[8.588s] -- Checking for module 'libzip'
[8.645s] --   Found libzip, version 1.7.3
[8.794s] -- Found ZIP: TRUE  
[8.795s] -- Looking for ignition-common3 -- found version 3.14.0
[8.796s] -- Looking for ignition-math6 -- found version 6.15.1
[8.798s] -- Looking for ignition-msgs5 -- found version 5.8.1
[8.824s] -- Found gazebo_ros_pkgs: 3.7.0 (/opt/ros/humble/share/gazebo_ros_pkgs/cmake)
[8.830s] -- Found geometry_msgs: 4.2.4 (/opt/ros/humble/share/geometry_msgs/cmake)
[8.921s] -- Found rosidl_generator_c: 3.1.6 (/opt/ros/humble/share/rosidl_generator_c/cmake)
[8.939s] -- Found rosidl_adapter: 3.1.6 (/opt/ros/humble/share/rosidl_adapter/cmake)
[8.967s] -- Found rosidl_generator_cpp: 3.1.6 (/opt/ros/humble/share/rosidl_generator_cpp/cmake)
[9.006s] -- Using all available rosidl_typesupport_c: rosidl_typesupport_fastrtps_c;rosidl_typesupport_introspection_c
[9.066s] -- Using all available rosidl_typesupport_cpp: rosidl_typesupport_fastrtps_cpp;rosidl_typesupport_introspection_cpp
[9.191s] -- Found nav_msgs: 4.2.4 (/opt/ros/humble/share/nav_msgs/cmake)
[9.254s] -- Found rclcpp: 16.0.11 (/opt/ros/humble/share/rclcpp/cmake)
[9.387s] -- Found rmw_implementation_cmake: 6.1.2 (/opt/ros/humble/share/rmw_implementation_cmake/cmake)
[9.409s] -- Found rmw_fastrtps_cpp: 6.2.7 (/opt/ros/humble/share/rmw_fastrtps_cpp/cmake)
[9.787s] -- Found OpenSSL: /usr/lib/x86_64-linux-gnu/libcrypto.so (found version "3.0.2")  
[9.856s] -- Found FastRTPS: /opt/ros/humble/include  
[9.993s] -- Using RMW implementation 'rmw_fastrtps_cpp' as default
[10.029s] -- Found Threads: TRUE  
[10.173s] -- Found sensor_msgs: 4.2.4 (/opt/ros/humble/share/sensor_msgs/cmake)
[10.256s] -- Found tf2: 0.25.9 (/opt/ros/humble/share/tf2/cmake)
[10.589s] -- Configuring done
[10.727s] -- Generating done
[10.772s] -- Build files have been written to: /home/s2c2/Desktop/SESASR/lab05/build/turtlebot3_gazebo
[10.817s] Invoked command in '/home/s2c2/Desktop/SESASR/lab05/build/turtlebot3_gazebo' returned '0': CMAKE_PREFIX_PATH=${CMAKE_PREFIX_PATH}:/home/s2c2/Desktop/SESASR/lab05/install/turtlebot3_perception:/home/s2c2/Desktop/SESASR/lab05/install/pf_pkg:/opt/ros/humble /usr/bin/cmake /home/s2c2/Desktop/SESASR/lab05/src/turtlebot3_simulations/turtlebot3_gazebo -DCMAKE_INSTALL_PREFIX=/home/s2c2/Desktop/SESASR/lab05/install/turtlebot3_gazebo
[10.824s] Invoking command in '/home/s2c2/Desktop/SESASR/lab05/build/turtlebot3_gazebo': CMAKE_PREFIX_PATH=${CMAKE_PREFIX_PATH}:/home/s2c2/Desktop/SESASR/lab05/install/turtlebot3_perception:/home/s2c2/Desktop/SESASR/lab05/install/pf_pkg:/opt/ros/humble /usr/bin/cmake --build /home/s2c2/Desktop/SESASR/lab05/build/turtlebot3_gazebo -- -j4 -l4
[11.025s] [ 12%] [32mBuilding CXX object CMakeFiles/turtlebot3_drive.dir/src/turtlebot3_drive.cpp.o[0m
[53.988s] [ 25%] [32m[1mLinking CXX executable turtlebot3_drive[0m
[56.060s] [ 25%] Built target turtlebot3_drive
[56.137s] [ 37%] [32mBuilding CXX object CMakeFiles/obstacles.dir/models/turtlebot3_dqn_world/obstacle_plugin/obstacles.cc.o[0m
[93.914s] [ 50%] [32m[1mLinking CXX shared library libobstacles.so[0m
[94.614s] [ 50%] Built target obstacles
[94.675s] [ 62%] [32mBuilding CXX object CMakeFiles/obstacle2.dir/models/turtlebot3_dqn_world/obstacle_plugin/obstacle2.cc.o[0m
[127.956s] [ 75%] [32m[1mLinking CXX shared library libobstacle2.so[0m
[128.654s] [ 75%] Built target obstacle2
[128.706s] [ 87%] [32mBuilding CXX object CMakeFiles/obstacle1.dir/models/turtlebot3_dqn_world/obstacle_plugin/obstacle1.cc.o[0m
[154.585s] [100%] [32m[1mLinking CXX shared library libobstacle1.so[0m
[155.166s] [100%] Built target obstacle1
[155.196s] Invoked command in '/home/s2c2/Desktop/SESASR/lab05/build/turtlebot3_gazebo' returned '0': CMAKE_PREFIX_PATH=${CMAKE_PREFIX_PATH}:/home/s2c2/Desktop/SESASR/lab05/install/turtlebot3_perception:/home/s2c2/Desktop/SESASR/lab05/install/pf_pkg:/opt/ros/humble /usr/bin/cmake --build /home/s2c2/Desktop/SESASR/lab05/build/turtlebot3_gazebo -- -j4 -l4
[155.203s] Invoking command in '/home/s2c2/Desktop/SESASR/lab05/build/turtlebot3_gazebo': CMAKE_PREFIX_PATH=${CMAKE_PREFIX_PATH}:/home/s2c2/Desktop/SESASR/lab05/install/turtlebot3_perception:/home/s2c2/Desktop/SESASR/lab05/install/pf_pkg:/opt/ros/humble /usr/bin/cmake --install /home/s2c2/Desktop/SESASR/lab05/build/turtlebot3_gazebo
[155.223s] -- Install configuration: ""
[155.224s] -- Installing: /home/s2c2/Desktop/SESASR/lab05/install/turtlebot3_gazebo/lib/turtlebot3_gazebo/turtlebot3_drive
[155.234s] -- Set runtime path of "/home/s2c2/Desktop/SESASR/lab05/install/turtlebot3_gazebo/lib/turtlebot3_gazebo/turtlebot3_drive" to ""
[155.236s] -- Installing: /home/s2c2/Desktop/SESASR/lab05/install/turtlebot3_gazebo/share/turtlebot3_gazebo//launch
[155.236s] -- Installing: /home/s2c2/Desktop/SESASR/lab05/install/turtlebot3_gazebo/share/turtlebot3_gazebo//launch/turtlebot3_house.launch.py
[155.237s] -- Installing: /home/s2c2/Desktop/SESASR/lab05/install/turtlebot3_gazebo/share/turtlebot3_gazebo//launch/lab02.launch.py
[155.237s] -- Installing: /home/s2c2/Desktop/SESASR/lab05/install/turtlebot3_gazebo/share/turtlebot3_gazebo//launch/turtlebot3_dqn_stage1.launch.py
[155.237s] -- Installing: /home/s2c2/Desktop/SESASR/lab05/install/turtlebot3_gazebo/share/turtlebot3_gazebo//launch/spawn_turtlebot3.launch.py
[155.237s] -- Installing: /home/s2c2/Desktop/SESASR/lab05/install/turtlebot3_gazebo/share/turtlebot3_gazebo//launch/turtlebot3_dqn_stage2.launch.py
[155.238s] -- Installing: /home/s2c2/Desktop/SESASR/lab05/install/turtlebot3_gazebo/share/turtlebot3_gazebo//launch/project.launch.py
[155.238s] -- Installing: /home/s2c2/Desktop/SESASR/lab05/install/turtlebot3_gazebo/share/turtlebot3_gazebo//launch/turtlebot3_world.launch.py
[155.238s] -- Installing: /home/s2c2/Desktop/SESASR/lab05/install/turtlebot3_gazebo/share/turtlebot3_gazebo//launch/empty_world.launch.py
[155.239s] -- Installing: /home/s2c2/Desktop/SESASR/lab05/install/turtlebot3_gazebo/share/turtlebot3_gazebo//launch/robot_state_publisher.launch.py
[155.239s] -- Installing: /home/s2c2/Desktop/SESASR/lab05/install/turtlebot3_gazebo/share/turtlebot3_gazebo//launch/turtlebot3_dqn_stage3.launch.py
[155.240s] -- Installing: /home/s2c2/Desktop/SESASR/lab05/install/turtlebot3_gazebo/share/turtlebot3_gazebo//launch/turtlebot3_dqn_stage4.launch.py
[155.240s] -- Installing: /home/s2c2/Desktop/SESASR/lab05/install/turtlebot3_gazebo/share/turtlebot3_gazebo//launch/lab04.launch.py
[155.242s] -- Installing: /home/s2c2/Desktop/SESASR/lab05/install/turtlebot3_gazebo/share/turtlebot3_gazebo//models
[155.243s] -- Installing: /home/s2c2/Desktop/SESASR/lab05/install/turtlebot3_gazebo/share/turtlebot3_gazebo//models/turtlebot3_waffle
[155.243s] -- Installing: /home/s2c2/Desktop/SESASR/lab05/install/turtlebot3_gazebo/share/turtlebot3_gazebo//models/turtlebot3_waffle/model-1_4.sdf
[155.248s] -- Installing: /home/s2c2/Desktop/SESASR/lab05/install/turtlebot3_gazebo/share/turtlebot3_gazebo//models/turtlebot3_waffle/model.sdf
[155.248s] -- Installing: /home/s2c2/Desktop/SESASR/lab05/install/turtlebot3_gazebo/share/turtlebot3_gazebo//models/turtlebot3_waffle/model.config
[155.248s] -- Installing: /home/s2c2/Desktop/SESASR/lab05/install/turtlebot3_gazebo/share/turtlebot3_gazebo//models/turtlebot3_dqn_world
[155.248s] -- Installing: /home/s2c2/Desktop/SESASR/lab05/install/turtlebot3_gazebo/share/turtlebot3_gazebo//models/turtlebot3_dqn_world/model.sdf
[155.251s] -- Installing: /home/s2c2/Desktop/SESASR/lab05/install/turtlebot3_gazebo/share/turtlebot3_gazebo//models/turtlebot3_dqn_world/goal_box
[155.251s] -- Installing: /home/s2c2/Desktop/SESASR/lab05/install/turtlebot3_gazebo/share/turtlebot3_gazebo//models/turtlebot3_dqn_world/goal_box/model.sdf
[155.252s] -- Installing: /home/s2c2/Desktop/SESASR/lab05/install/turtlebot3_gazebo/share/turtlebot3_gazebo//models/turtlebot3_dqn_world/goal_box/model.config
[155.252s] -- Installing: /home/s2c2/Desktop/SESASR/lab05/install/turtlebot3_gazebo/share/turtlebot3_gazebo//models/turtlebot3_dqn_world/obstacle_plugin
[155.253s] -- Installing: /home/s2c2/Desktop/SESASR/lab05/install/turtlebot3_gazebo/share/turtlebot3_gazebo//models/turtlebot3_dqn_world/obstacle_plugin/obstacles.cc
[155.254s] -- Installing: /home/s2c2/Desktop/SESASR/lab05/install/turtlebot3_gazebo/share/turtlebot3_gazebo//models/turtlebot3_dqn_world/obstacle_plugin/CMakeLists.txt
[155.254s] -- Installing: /home/s2c2/Desktop/SESASR/lab05/install/turtlebot3_gazebo/share/turtlebot3_gazebo//models/turtlebot3_dqn_world/obstacle_plugin/obstacle1.cc
[155.255s] -- Installing: /home/s2c2/Desktop/SESASR/lab05/install/turtlebot3_gazebo/share/turtlebot3_gazebo//models/turtlebot3_dqn_world/obstacle_plugin/obstacle2.cc
[155.257s] -- Installing: /home/s2c2/Desktop/SESASR/lab05/install/turtlebot3_gazebo/share/turtlebot3_gazebo//models/turtlebot3_dqn_world/obstacle2
[155.257s] -- Installing: /home/s2c2/Desktop/SESASR/lab05/install/turtlebot3_gazebo/share/turtlebot3_gazebo//models/turtlebot3_dqn_world/obstacle2/model.sdf
[155.258s] -- Installing: /home/s2c2/Desktop/SESASR/lab05/install/turtlebot3_gazebo/share/turtlebot3_gazebo//models/turtlebot3_dqn_world/obstacle2/model.config
[155.259s] -- Installing: /home/s2c2/Desktop/SESASR/lab05/install/turtlebot3_gazebo/share/turtlebot3_gazebo//models/turtlebot3_dqn_world/obstacle1
[155.259s] -- Installing: /home/s2c2/Desktop/SESASR/lab05/install/turtlebot3_gazebo/share/turtlebot3_gazebo//models/turtlebot3_dqn_world/obstacle1/model.sdf
[155.260s] -- Installing: /home/s2c2/Desktop/SESASR/lab05/install/turtlebot3_gazebo/share/turtlebot3_gazebo//models/turtlebot3_dqn_world/obstacle1/model.config
[155.262s] -- Installing: /home/s2c2/Desktop/SESASR/lab05/install/turtlebot3_gazebo/share/turtlebot3_gazebo//models/turtlebot3_dqn_world/obstacles
[155.262s] -- Installing: /home/s2c2/Desktop/SESASR/lab05/install/turtlebot3_gazebo/share/turtlebot3_gazebo//models/turtlebot3_dqn_world/obstacles/model.sdf
[155.263s] -- Installing: /home/s2c2/Desktop/SESASR/lab05/install/turtlebot3_gazebo/share/turtlebot3_gazebo//models/turtlebot3_dqn_world/obstacles/model.config
[155.265s] -- Installing: /home/s2c2/Desktop/SESASR/lab05/install/turtlebot3_gazebo/share/turtlebot3_gazebo//models/turtlebot3_dqn_world/inner_walls
[155.265s] -- Installing: /home/s2c2/Desktop/SESASR/lab05/install/turtlebot3_gazebo/share/turtlebot3_gazebo//models/turtlebot3_dqn_world/inner_walls/model.sdf
[155.266s] -- Installing: /home/s2c2/Desktop/SESASR/lab05/install/turtlebot3_gazebo/share/turtlebot3_gazebo//models/turtlebot3_dqn_world/inner_walls/model.config
[155.267s] -- Installing: /home/s2c2/Desktop/SESASR/lab05/install/turtlebot3_gazebo/share/turtlebot3_gazebo//models/turtlebot3_dqn_world/model.config
[155.269s] -- Installing: /home/s2c2/Desktop/SESASR/lab05/install/turtlebot3_gazebo/share/turtlebot3_gazebo//models/turtlebot3_common
[155.269s] -- Installing: /home/s2c2/Desktop/SESASR/lab05/install/turtlebot3_gazebo/share/turtlebot3_gazebo//models/turtlebot3_common/meshes
[155.269s] -- Installing: /home/s2c2/Desktop/SESASR/lab05/install/turtlebot3_gazebo/share/turtlebot3_gazebo//models/turtlebot3_common/meshes/waffle_pi_base.dae
[155.271s] -- Installing: /home/s2c2/Desktop/SESASR/lab05/install/turtlebot3_gazebo/share/turtlebot3_gazebo//models/turtlebot3_common/meshes/r200.dae
[155.272s] -- Installing: /home/s2c2/Desktop/SESASR/lab05/install/turtlebot3_gazebo/share/turtlebot3_gazebo//models/turtlebot3_common/meshes/burger_base.dae
[155.272s] -- Installing: /home/s2c2/Desktop/SESASR/lab05/install/turtlebot3_gazebo/share/turtlebot3_gazebo//models/turtlebot3_common/meshes/tire.dae
[155.274s] -- Installing: /home/s2c2/Desktop/SESASR/lab05/install/turtlebot3_gazebo/share/turtlebot3_gazebo//models/turtlebot3_common/meshes/waffle_base.dae
[155.274s] -- Installing: /home/s2c2/Desktop/SESASR/lab05/install/turtlebot3_gazebo/share/turtlebot3_gazebo//models/turtlebot3_common/meshes/lds.dae
[155.280s] -- Installing: /home/s2c2/Desktop/SESASR/lab05/install/turtlebot3_gazebo/share/turtlebot3_gazebo//models/turtlebot3_common/model.config
[155.281s] -- Installing: /home/s2c2/Desktop/SESASR/lab05/install/turtlebot3_gazebo/share/turtlebot3_gazebo//models/turtlebot3_world
[155.281s] -- Installing: /home/s2c2/Desktop/SESASR/lab05/install/turtlebot3_gazebo/share/turtlebot3_gazebo//models/turtlebot3_world/model-1_4.sdf
[155.281s] -- Installing: /home/s2c2/Desktop/SESASR/lab05/install/turtlebot3_gazebo/share/turtlebot3_gazebo//models/turtlebot3_world/model.sdf
[155.281s] -- Installing: /home/s2c2/Desktop/SESASR/lab05/install/turtlebot3_gazebo/share/turtlebot3_gazebo//models/turtlebot3_world/meshes
[155.281s] -- Installing: /home/s2c2/Desktop/SESASR/lab05/install/turtlebot3_gazebo/share/turtlebot3_gazebo//models/turtlebot3_world/meshes/hexagon.dae
[155.282s] -- Installing: /home/s2c2/Desktop/SESASR/lab05/install/turtlebot3_gazebo/share/turtlebot3_gazebo//models/turtlebot3_world/meshes/wall.dae
[155.282s] -- Installing: /home/s2c2/Desktop/SESASR/lab05/install/turtlebot3_gazebo/share/turtlebot3_gazebo//models/turtlebot3_world/model.config
[155.284s] -- Installing: /home/s2c2/Desktop/SESASR/lab05/install/turtlebot3_gazebo/share/turtlebot3_gazebo//models/turtlebot3_waffle_pi
[155.285s] -- Installing: /home/s2c2/Desktop/SESASR/lab05/install/turtlebot3_gazebo/share/turtlebot3_gazebo//models/turtlebot3_waffle_pi/model.sdf
[155.285s] -- Installing: /home/s2c2/Desktop/SESASR/lab05/install/turtlebot3_gazebo/share/turtlebot3_gazebo//models/turtlebot3_waffle_pi/model-1_4_.sdf
[155.285s] -- Installing: /home/s2c2/Desktop/SESASR/lab05/install/turtlebot3_gazebo/share/turtlebot3_gazebo//models/turtlebot3_waffle_pi/model.config
[155.285s] -- Installing: /home/s2c2/Desktop/SESASR/lab05/install/turtlebot3_gazebo/share/turtlebot3_gazebo//models/turtlebot3_house
[155.289s] -- Installing: /home/s2c2/Desktop/SESASR/lab05/install/turtlebot3_gazebo/share/turtlebot3_gazebo//models/turtlebot3_house/model.sdf
[155.289s] -- Installing: /home/s2c2/Desktop/SESASR/lab05/install/turtlebot3_gazebo/share/turtlebot3_gazebo//models/turtlebot3_house/model.config
[155.289s] -- Installing: /home/s2c2/Desktop/SESASR/lab05/install/turtlebot3_gazebo/share/turtlebot3_gazebo//models/turtlebot3_burger
[155.289s] -- Installing: /home/s2c2/Desktop/SESASR/lab05/install/turtlebot3_gazebo/share/turtlebot3_gazebo//models/turtlebot3_burger/model-1_4.sdf
[155.290s] -- Installing: /home/s2c2/Desktop/SESASR/lab05/install/turtlebot3_gazebo/share/turtlebot3_gazebo//models/turtlebot3_burger/model.sdf
[155.291s] -- Installing: /home/s2c2/Desktop/SESASR/lab05/install/turtlebot3_gazebo/share/turtlebot3_gazebo//models/turtlebot3_burger/model.config
[155.292s] -- Installing: /home/s2c2/Desktop/SESASR/lab05/install/turtlebot3_gazebo/share/turtlebot3_gazebo//rviz
[155.293s] -- Installing: /home/s2c2/Desktop/SESASR/lab05/install/turtlebot3_gazebo/share/turtlebot3_gazebo//rviz/tb3_gazebo.rviz
[155.294s] -- Installing: /home/s2c2/Desktop/SESASR/lab05/install/turtlebot3_gazebo/share/turtlebot3_gazebo//urdf
[155.295s] -- Installing: /home/s2c2/Desktop/SESASR/lab05/install/turtlebot3_gazebo/share/turtlebot3_gazebo//urdf/turtlebot3_waffle_pi.urdf
[155.295s] -- Installing: /home/s2c2/Desktop/SESASR/lab05/install/turtlebot3_gazebo/share/turtlebot3_gazebo//urdf/turtlebot3_burger.urdf
[155.296s] -- Installing: /home/s2c2/Desktop/SESASR/lab05/install/turtlebot3_gazebo/share/turtlebot3_gazebo//urdf/turtlebot3_waffle.urdf
[155.296s] -- Installing: /home/s2c2/Desktop/SESASR/lab05/install/turtlebot3_gazebo/share/turtlebot3_gazebo//urdf/common_properties.urdf
[155.296s] -- Installing: /home/s2c2/Desktop/SESASR/lab05/install/turtlebot3_gazebo/share/turtlebot3_gazebo//worlds
[155.297s] -- Installing: /home/s2c2/Desktop/SESASR/lab05/install/turtlebot3_gazebo/share/turtlebot3_gazebo//worlds/turtlebot3_house.world
[155.302s] -- Installing: /home/s2c2/Desktop/SESASR/lab05/install/turtlebot3_gazebo/share/turtlebot3_gazebo//worlds/turtlebot3_dqn_stage1.world
[155.302s] -- Installing: /home/s2c2/Desktop/SESASR/lab05/install/turtlebot3_gazebo/share/turtlebot3_gazebo//worlds/turtlebot3_world.world
[155.303s] -- Installing: /home/s2c2/Desktop/SESASR/lab05/install/turtlebot3_gazebo/share/turtlebot3_gazebo//worlds/turtlebot3_dqn_stage3.world
[155.303s] -- Installing: /home/s2c2/Desktop/SESASR/lab05/install/turtlebot3_gazebo/share/turtlebot3_gazebo//worlds/empty_world.world
[155.303s] -- Installing: /home/s2c2/Desktop/SESASR/lab05/install/turtlebot3_gazebo/share/turtlebot3_gazebo//worlds/hard_maze.world
[155.304s] -- Installing: /home/s2c2/Desktop/SESASR/lab05/install/turtlebot3_gazebo/share/turtlebot3_gazebo//worlds/turtlebot3_dqn_stage4.world
[155.304s] -- Installing: /home/s2c2/Desktop/SESASR/lab05/install/turtlebot3_gazebo/share/turtlebot3_gazebo//worlds/maze.world
[155.304s] -- Installing: /home/s2c2/Desktop/SESASR/lab05/install/turtlebot3_gazebo/share/turtlebot3_gazebo//worlds/turtlebot3_dqn_stage2.world
[155.306s] -- Installing: /home/s2c2/Desktop/SESASR/lab05/install/turtlebot3_gazebo/include/
[155.307s] -- Installing: /home/s2c2/Desktop/SESASR/lab05/install/turtlebot3_gazebo/include//turtlebot3_gazebo
[155.307s] -- Installing: /home/s2c2/Desktop/SESASR/lab05/install/turtlebot3_gazebo/include//turtlebot3_gazebo/turtlebot3_drive.hpp
[155.311s] -- Installing: /home/s2c2/Desktop/SESASR/lab05/install/turtlebot3_gazebo/share/turtlebot3_gazebo/environment/turtlebot3_gazebo.dsv
[155.311s] -- Installing: /home/s2c2/Desktop/SESASR/lab05/install/turtlebot3_gazebo/share/ament_index/resource_index/package_run_dependencies/turtlebot3_gazebo
[155.313s] -- Installing: /home/s2c2/Desktop/SESASR/lab05/install/turtlebot3_gazebo/share/ament_index/resource_index/parent_prefix_path/turtlebot3_gazebo
[155.314s] -- Installing: /home/s2c2/Desktop/SESASR/lab05/install/turtlebot3_gazebo/share/turtlebot3_gazebo/environment/ament_prefix_path.sh
[155.314s] -- Installing: /home/s2c2/Desktop/SESASR/lab05/install/turtlebot3_gazebo/share/turtlebot3_gazebo/environment/ament_prefix_path.dsv
[155.315s] -- Installing: /home/s2c2/Desktop/SESASR/lab05/install/turtlebot3_gazebo/share/turtlebot3_gazebo/environment/path.sh
[155.315s] -- Installing: /home/s2c2/Desktop/SESASR/lab05/install/turtlebot3_gazebo/share/turtlebot3_gazebo/environment/path.dsv
[155.318s] -- Installing: /home/s2c2/Desktop/SESASR/lab05/install/turtlebot3_gazebo/share/turtlebot3_gazebo/local_setup.bash
[155.319s] -- Installing: /home/s2c2/Desktop/SESASR/lab05/install/turtlebot3_gazebo/share/turtlebot3_gazebo/local_setup.sh
[155.321s] -- Installing: /home/s2c2/Desktop/SESASR/lab05/install/turtlebot3_gazebo/share/turtlebot3_gazebo/local_setup.zsh
[155.323s] -- Installing: /home/s2c2/Desktop/SESASR/lab05/install/turtlebot3_gazebo/share/turtlebot3_gazebo/local_setup.dsv
[155.333s] -- Installing: /home/s2c2/Desktop/SESASR/lab05/install/turtlebot3_gazebo/share/turtlebot3_gazebo/package.dsv
[155.340s] -- Installing: /home/s2c2/Desktop/SESASR/lab05/install/turtlebot3_gazebo/share/ament_index/resource_index/packages/turtlebot3_gazebo
[155.342s] -- Installing: /home/s2c2/Desktop/SESASR/lab05/install/turtlebot3_gazebo/share/turtlebot3_gazebo/cmake/ament_cmake_export_include_directories-extras.cmake
[155.344s] -- Installing: /home/s2c2/Desktop/SESASR/lab05/install/turtlebot3_gazebo/share/turtlebot3_gazebo/cmake/ament_cmake_export_dependencies-extras.cmake
[155.344s] -- Installing: /home/s2c2/Desktop/SESASR/lab05/install/turtlebot3_gazebo/share/turtlebot3_gazebo/cmake/turtlebot3_gazeboConfig.cmake
[155.344s] -- Installing: /home/s2c2/Desktop/SESASR/lab05/install/turtlebot3_gazebo/share/turtlebot3_gazebo/cmake/turtlebot3_gazeboConfig-version.cmake
[155.345s] -- Installing: /home/s2c2/Desktop/SESASR/lab05/install/turtlebot3_gazebo/share/turtlebot3_gazebo/package.xml
[155.350s] Invoked command in '/home/s2c2/Desktop/SESASR/lab05/build/turtlebot3_gazebo' returned '0': CMAKE_PREFIX_PATH=${CMAKE_PREFIX_PATH}:/home/s2c2/Desktop/SESASR/lab05/install/turtlebot3_perception:/home/s2c2/Desktop/SESASR/lab05/install/pf_pkg:/opt/ros/humble /usr/bin/cmake --install /home/s2c2/Desktop/SESASR/lab05/build/turtlebot3_gazebo
