[0.197s] Invoking command in '/home/lincunha/SESASR/lab02/build/turtlebot3_gazebo': CMAKE_PREFIX_PATH=${CMAKE_PREFIX_PATH}:/home/lincunha/SESASR/lab02/install/lab02_pkg:/opt/ros/humble /usr/bin/cmake --build /home/lincunha/SESASR/lab02/build/turtlebot3_gazebo -- -j8 -l8
[0.604s] [ 25%] Built target turtlebot3_drive
[0.698s] [ 50%] Built target obstacle1
[0.742s] [ 75%] Built target obstacles
[0.756s] [100%] Built target obstacle2
[2.321s] Invoked command in '/home/lincunha/SESASR/lab02/build/turtlebot3_gazebo' returned '0': CMAKE_PREFIX_PATH=${CMAKE_PREFIX_PATH}:/home/lincunha/SESASR/lab02/install/lab02_pkg:/opt/ros/humble /usr/bin/cmake --build /home/lincunha/SESASR/lab02/build/turtlebot3_gazebo -- -j8 -l8
[2.601s] Invoking command in '/home/lincunha/SESASR/lab02/build/turtlebot3_gazebo': CMAKE_PREFIX_PATH=${CMAKE_PREFIX_PATH}:/home/lincunha/SESASR/lab02/install/lab02_pkg:/opt/ros/humble /usr/bin/cmake --install /home/lincunha/SESASR/lab02/build/turtlebot3_gazebo
[2.650s] -- Install configuration: ""
[2.654s] -- Execute custom install script
[2.656s] -- Up-to-date symlink: /home/lincunha/SESASR/lab02/install/turtlebot3_gazebo/lib/turtlebot3_gazebo/turtlebot3_drive
[2.681s] -- Up-to-date symlink: /home/lincunha/SESASR/lab02/install/turtlebot3_gazebo/share/turtlebot3_gazebo//launch/empty_world.launch.py
[2.683s] -- Up-to-date symlink: /home/lincunha/SESASR/lab02/install/turtlebot3_gazebo/share/turtlebot3_gazebo//launch/lab02.launch.py
[2.684s] -- Up-to-date symlink: /home/lincunha/SESASR/lab02/install/turtlebot3_gazebo/share/turtlebot3_gazebo//launch/robot_state_publisher.launch.py
[2.684s] -- Up-to-date symlink: /home/lincunha/SESASR/lab02/install/turtlebot3_gazebo/share/turtlebot3_gazebo//launch/spawn_turtlebot3.launch.py
[2.684s] -- Up-to-date symlink: /home/lincunha/SESASR/lab02/install/turtlebot3_gazebo/share/turtlebot3_gazebo//launch/turtlebot3_dqn_stage1.launch.py
[2.685s] -- Up-to-date symlink: /home/lincunha/SESASR/lab02/install/turtlebot3_gazebo/share/turtlebot3_gazebo//launch/turtlebot3_dqn_stage2.launch.py
[2.685s] -- Up-to-date symlink: /home/lincunha/SESASR/lab02/install/turtlebot3_gazebo/share/turtlebot3_gazebo//launch/turtlebot3_dqn_stage3.launch.py
[2.686s] -- Up-to-date symlink: /home/lincunha/SESASR/lab02/install/turtlebot3_gazebo/share/turtlebot3_gazebo//launch/turtlebot3_dqn_stage4.launch.py
[2.688s] -- Up-to-date symlink: /home/lincunha/SESASR/lab02/install/turtlebot3_gazebo/share/turtlebot3_gazebo//launch/turtlebot3_house.launch.py
[2.689s] -- Up-to-date symlink: /home/lincunha/SESASR/lab02/install/turtlebot3_gazebo/share/turtlebot3_gazebo//launch/turtlebot3_world.launch.py
[2.689s] -- Up-to-date symlink: /home/lincunha/SESASR/lab02/install/turtlebot3_gazebo/share/turtlebot3_gazebo//models/turtlebot3_burger/model-1_4.sdf
[2.691s] -- Up-to-date symlink: /home/lincunha/SESASR/lab02/install/turtlebot3_gazebo/share/turtlebot3_gazebo//models/turtlebot3_burger/model.config
[2.694s] -- Up-to-date symlink: /home/lincunha/SESASR/lab02/install/turtlebot3_gazebo/share/turtlebot3_gazebo//models/turtlebot3_burger/model.sdf
[2.695s] -- Up-to-date symlink: /home/lincunha/SESASR/lab02/install/turtlebot3_gazebo/share/turtlebot3_gazebo//models/turtlebot3_common/meshes/burger_base.dae
[2.696s] -- Up-to-date symlink: /home/lincunha/SESASR/lab02/install/turtlebot3_gazebo/share/turtlebot3_gazebo//models/turtlebot3_common/meshes/lds.dae
[2.696s] -- Up-to-date symlink: /home/lincunha/SESASR/lab02/install/turtlebot3_gazebo/share/turtlebot3_gazebo//models/turtlebot3_common/meshes/r200.dae
[2.697s] -- Up-to-date symlink: /home/lincunha/SESASR/lab02/install/turtlebot3_gazebo/share/turtlebot3_gazebo//models/turtlebot3_common/meshes/tire.dae
[2.697s] -- Up-to-date symlink: /home/lincunha/SESASR/lab02/install/turtlebot3_gazebo/share/turtlebot3_gazebo//models/turtlebot3_common/meshes/waffle_base.dae
[2.699s] -- Up-to-date symlink: /home/lincunha/SESASR/lab02/install/turtlebot3_gazebo/share/turtlebot3_gazebo//models/turtlebot3_common/meshes/waffle_pi_base.dae
[2.703s] -- Up-to-date symlink: /home/lincunha/SESASR/lab02/install/turtlebot3_gazebo/share/turtlebot3_gazebo//models/turtlebot3_common/model.config
[2.708s] -- Up-to-date symlink: /home/lincunha/SESASR/lab02/install/turtlebot3_gazebo/share/turtlebot3_gazebo//models/turtlebot3_dqn_world/goal_box/model.config
[2.709s] -- Up-to-date symlink: /home/lincunha/SESASR/lab02/install/turtlebot3_gazebo/share/turtlebot3_gazebo//models/turtlebot3_dqn_world/goal_box/model.sdf
[2.719s] -- Up-to-date symlink: /home/lincunha/SESASR/lab02/install/turtlebot3_gazebo/share/turtlebot3_gazebo//models/turtlebot3_dqn_world/inner_walls/model.config
[2.719s] -- Up-to-date symlink: /home/lincunha/SESASR/lab02/install/turtlebot3_gazebo/share/turtlebot3_gazebo//models/turtlebot3_dqn_world/inner_walls/model.sdf
[2.720s] -- Up-to-date symlink: /home/lincunha/SESASR/lab02/install/turtlebot3_gazebo/share/turtlebot3_gazebo//models/turtlebot3_dqn_world/model.config
[2.720s] -- Up-to-date symlink: /home/lincunha/SESASR/lab02/install/turtlebot3_gazebo/share/turtlebot3_gazebo//models/turtlebot3_dqn_world/model.sdf
[2.721s] -- Up-to-date symlink: /home/lincunha/SESASR/lab02/install/turtlebot3_gazebo/share/turtlebot3_gazebo//models/turtlebot3_dqn_world/obstacle1/model.config
[2.722s] -- Up-to-date symlink: /home/lincunha/SESASR/lab02/install/turtlebot3_gazebo/share/turtlebot3_gazebo//models/turtlebot3_dqn_world/obstacle1/model.sdf
[2.722s] -- Up-to-date symlink: /home/lincunha/SESASR/lab02/install/turtlebot3_gazebo/share/turtlebot3_gazebo//models/turtlebot3_dqn_world/obstacle2/model.config
[2.723s] -- Up-to-date symlink: /home/lincunha/SESASR/lab02/install/turtlebot3_gazebo/share/turtlebot3_gazebo//models/turtlebot3_dqn_world/obstacle2/model.sdf
[2.724s] -- Up-to-date symlink: /home/lincunha/SESASR/lab02/install/turtlebot3_gazebo/share/turtlebot3_gazebo//models/turtlebot3_dqn_world/obstacle_plugin/CMakeLists.txt
[2.725s] -- Up-to-date symlink: /home/lincunha/SESASR/lab02/install/turtlebot3_gazebo/share/turtlebot3_gazebo//models/turtlebot3_dqn_world/obstacle_plugin/obstacle1.cc
[2.735s] -- Up-to-date symlink: /home/lincunha/SESASR/lab02/install/turtlebot3_gazebo/share/turtlebot3_gazebo//models/turtlebot3_dqn_world/obstacle_plugin/obstacle2.cc
[2.736s] -- Up-to-date symlink: /home/lincunha/SESASR/lab02/install/turtlebot3_gazebo/share/turtlebot3_gazebo//models/turtlebot3_dqn_world/obstacle_plugin/obstacles.cc
[2.736s] -- Up-to-date symlink: /home/lincunha/SESASR/lab02/install/turtlebot3_gazebo/share/turtlebot3_gazebo//models/turtlebot3_dqn_world/obstacles/model.config
[2.737s] -- Up-to-date symlink: /home/lincunha/SESASR/lab02/install/turtlebot3_gazebo/share/turtlebot3_gazebo//models/turtlebot3_dqn_world/obstacles/model.sdf
[2.739s] -- Up-to-date symlink: /home/lincunha/SESASR/lab02/install/turtlebot3_gazebo/share/turtlebot3_gazebo//models/turtlebot3_house/model.config
[2.740s] -- Up-to-date symlink: /home/lincunha/SESASR/lab02/install/turtlebot3_gazebo/share/turtlebot3_gazebo//models/turtlebot3_house/model.sdf
[2.741s] -- Up-to-date symlink: /home/lincunha/SESASR/lab02/install/turtlebot3_gazebo/share/turtlebot3_gazebo//models/turtlebot3_waffle/model-1_4.sdf
[2.742s] -- Up-to-date symlink: /home/lincunha/SESASR/lab02/install/turtlebot3_gazebo/share/turtlebot3_gazebo//models/turtlebot3_waffle/model.config
[2.742s] -- Up-to-date symlink: /home/lincunha/SESASR/lab02/install/turtlebot3_gazebo/share/turtlebot3_gazebo//models/turtlebot3_waffle/model.sdf
[2.743s] -- Up-to-date symlink: /home/lincunha/SESASR/lab02/install/turtlebot3_gazebo/share/turtlebot3_gazebo//models/turtlebot3_waffle_pi/model-1_4_.sdf
[2.744s] -- Up-to-date symlink: /home/lincunha/SESASR/lab02/install/turtlebot3_gazebo/share/turtlebot3_gazebo//models/turtlebot3_waffle_pi/model.config
[2.745s] -- Up-to-date symlink: /home/lincunha/SESASR/lab02/install/turtlebot3_gazebo/share/turtlebot3_gazebo//models/turtlebot3_waffle_pi/model.sdf
[2.746s] -- Up-to-date symlink: /home/lincunha/SESASR/lab02/install/turtlebot3_gazebo/share/turtlebot3_gazebo//models/turtlebot3_world/meshes/hexagon.dae
[2.746s] -- Up-to-date symlink: /home/lincunha/SESASR/lab02/install/turtlebot3_gazebo/share/turtlebot3_gazebo//models/turtlebot3_world/meshes/wall.dae
[2.758s] -- Up-to-date symlink: /home/lincunha/SESASR/lab02/install/turtlebot3_gazebo/share/turtlebot3_gazebo//models/turtlebot3_world/model-1_4.sdf
[2.759s] -- Up-to-date symlink: /home/lincunha/SESASR/lab02/install/turtlebot3_gazebo/share/turtlebot3_gazebo//models/turtlebot3_world/model.config
[2.763s] -- Up-to-date symlink: /home/lincunha/SESASR/lab02/install/turtlebot3_gazebo/share/turtlebot3_gazebo//models/turtlebot3_world/model.sdf
[2.786s] -- Up-to-date symlink: /home/lincunha/SESASR/lab02/install/turtlebot3_gazebo/share/turtlebot3_gazebo//rviz/tb3_gazebo.rviz
[2.788s] -- Up-to-date symlink: /home/lincunha/SESASR/lab02/install/turtlebot3_gazebo/share/turtlebot3_gazebo//urdf/common_properties.urdf
[2.789s] -- Up-to-date symlink: /home/lincunha/SESASR/lab02/install/turtlebot3_gazebo/share/turtlebot3_gazebo//urdf/turtlebot3_burger.urdf
[2.790s] -- Up-to-date symlink: /home/lincunha/SESASR/lab02/install/turtlebot3_gazebo/share/turtlebot3_gazebo//urdf/turtlebot3_waffle.urdf
[2.791s] -- Up-to-date symlink: /home/lincunha/SESASR/lab02/install/turtlebot3_gazebo/share/turtlebot3_gazebo//urdf/turtlebot3_waffle_pi.urdf
[2.792s] -- Up-to-date symlink: /home/lincunha/SESASR/lab02/install/turtlebot3_gazebo/share/turtlebot3_gazebo//worlds/empty_world.world
[2.798s] -- Up-to-date symlink: /home/lincunha/SESASR/lab02/install/turtlebot3_gazebo/share/turtlebot3_gazebo//worlds/maze.world
[2.799s] -- Up-to-date symlink: /home/lincunha/SESASR/lab02/install/turtlebot3_gazebo/share/turtlebot3_gazebo//worlds/turtlebot3_dqn_stage1.world
[2.804s] -- Up-to-date symlink: /home/lincunha/SESASR/lab02/install/turtlebot3_gazebo/share/turtlebot3_gazebo//worlds/turtlebot3_dqn_stage2.world
[2.805s] -- Up-to-date symlink: /home/lincunha/SESASR/lab02/install/turtlebot3_gazebo/share/turtlebot3_gazebo//worlds/turtlebot3_dqn_stage3.world
[2.806s] -- Up-to-date symlink: /home/lincunha/SESASR/lab02/install/turtlebot3_gazebo/share/turtlebot3_gazebo//worlds/turtlebot3_dqn_stage4.world
[2.806s] -- Up-to-date symlink: /home/lincunha/SESASR/lab02/install/turtlebot3_gazebo/share/turtlebot3_gazebo//worlds/turtlebot3_house.world
[2.807s] -- Up-to-date symlink: /home/lincunha/SESASR/lab02/install/turtlebot3_gazebo/share/turtlebot3_gazebo//worlds/turtlebot3_world.world
[2.807s] -- Up-to-date symlink: /home/lincunha/SESASR/lab02/install/turtlebot3_gazebo/include//turtlebot3_gazebo/turtlebot3_drive.hpp
[2.808s] -- Up-to-date symlink: /home/lincunha/SESASR/lab02/install/turtlebot3_gazebo/share/turtlebot3_gazebo/environment/turtlebot3_gazebo.dsv
[2.808s] -- Up-to-date symlink: /home/lincunha/SESASR/lab02/install/turtlebot3_gazebo/share/ament_index/resource_index/package_run_dependencies/turtlebot3_gazebo
[2.809s] -- Up-to-date symlink: /home/lincunha/SESASR/lab02/install/turtlebot3_gazebo/share/ament_index/resource_index/parent_prefix_path/turtlebot3_gazebo
[2.810s] -- Up-to-date symlink: /home/lincunha/SESASR/lab02/install/turtlebot3_gazebo/share/turtlebot3_gazebo/environment/ament_prefix_path.sh
[2.811s] -- Up-to-date symlink: /home/lincunha/SESASR/lab02/install/turtlebot3_gazebo/share/turtlebot3_gazebo/environment/ament_prefix_path.dsv
[2.821s] -- Up-to-date symlink: /home/lincunha/SESASR/lab02/install/turtlebot3_gazebo/share/turtlebot3_gazebo/environment/path.sh
[2.823s] -- Up-to-date symlink: /home/lincunha/SESASR/lab02/install/turtlebot3_gazebo/share/turtlebot3_gazebo/environment/path.dsv
[2.824s] -- Up-to-date symlink: /home/lincunha/SESASR/lab02/install/turtlebot3_gazebo/share/turtlebot3_gazebo/local_setup.bash
[2.825s] -- Up-to-date symlink: /home/lincunha/SESASR/lab02/install/turtlebot3_gazebo/share/turtlebot3_gazebo/local_setup.sh
[2.826s] -- Up-to-date symlink: /home/lincunha/SESASR/lab02/install/turtlebot3_gazebo/share/turtlebot3_gazebo/local_setup.zsh
[2.827s] -- Up-to-date symlink: /home/lincunha/SESASR/lab02/install/turtlebot3_gazebo/share/turtlebot3_gazebo/local_setup.dsv
[2.827s] -- Symlinking: /home/lincunha/SESASR/lab02/install/turtlebot3_gazebo/share/turtlebot3_gazebo/package.dsv
[2.843s] -- Up-to-date symlink: /home/lincunha/SESASR/lab02/install/turtlebot3_gazebo/share/ament_index/resource_index/packages/turtlebot3_gazebo
[2.846s] -- Up-to-date symlink: /home/lincunha/SESASR/lab02/install/turtlebot3_gazebo/share/turtlebot3_gazebo/cmake/ament_cmake_export_include_directories-extras.cmake
[2.856s] -- Up-to-date symlink: /home/lincunha/SESASR/lab02/install/turtlebot3_gazebo/share/turtlebot3_gazebo/cmake/ament_cmake_export_dependencies-extras.cmake
[2.858s] -- Up-to-date symlink: /home/lincunha/SESASR/lab02/install/turtlebot3_gazebo/share/turtlebot3_gazebo/cmake/turtlebot3_gazeboConfig.cmake
[2.860s] -- Up-to-date symlink: /home/lincunha/SESASR/lab02/install/turtlebot3_gazebo/share/turtlebot3_gazebo/cmake/turtlebot3_gazeboConfig-version.cmake
[2.868s] -- Up-to-date symlink: /home/lincunha/SESASR/lab02/install/turtlebot3_gazebo/share/turtlebot3_gazebo/package.xml
[2.943s] Invoked command in '/home/lincunha/SESASR/lab02/build/turtlebot3_gazebo' returned '0': CMAKE_PREFIX_PATH=${CMAKE_PREFIX_PATH}:/home/lincunha/SESASR/lab02/install/lab02_pkg:/opt/ros/humble /usr/bin/cmake --install /home/lincunha/SESASR/lab02/build/turtlebot3_gazebo
