[0.285s] DEBUG:colcon:Command line arguments: ['/usr/bin/colcon', 'build']
[0.285s] DEBUG:colcon:Parsed command line arguments: Namespace(log_base=None, log_level=None, verb_name='build', build_base='build', install_base='install', merge_install=False, symlink_install=False, test_result_base=None, continue_on_error=False, executor='parallel', parallel_workers=4, event_handlers=None, ignore_user_meta=False, metas=['./colcon.meta'], base_paths=['.'], packages_ignore=None, packages_ignore_regex=None, paths=None, packages_up_to=None, packages_up_to_regex=None, packages_above=None, packages_above_and_dependencies=None, packages_above_depth=None, packages_select_by_dep=None, packages_skip_by_dep=None, packages_skip_up_to=None, packages_select_build_failed=False, packages_skip_build_finished=False, packages_select_test_failures=False, packages_skip_test_passed=False, packages_select=None, packages_skip=None, packages_select_regex=None, packages_skip_regex=None, packages_start=None, packages_end=None, allow_overriding=[], cmake_args=None, cmake_target=None, cmake_target_skip_unavailable=False, cmake_clean_cache=False, cmake_clean_first=False, cmake_force_configure=False, ament_cmake_args=None, catkin_cmake_args=None, catkin_skip_building_tests=False, mixin_files=None, mixin=None, verb_parser=<colcon_mixin.mixin.mixin_argument.MixinArgumentDecorator object at 0x75e6f625f670>, verb_extension=<colcon_core.verb.build.BuildVerb object at 0x75e6f625ea10>, main=<bound method BuildVerb.main of <colcon_core.verb.build.BuildVerb object at 0x75e6f625ea10>>, mixin_verb=('build',))
[0.722s] Level 1:colcon.colcon_core.package_discovery:discover_packages(colcon_meta) check parameters
[0.722s] Level 1:colcon.colcon_core.package_discovery:discover_packages(recursive) check parameters
[0.722s] Level 1:colcon.colcon_core.package_discovery:discover_packages(ignore) check parameters
[0.722s] Level 1:colcon.colcon_core.package_discovery:discover_packages(path) check parameters
[0.722s] Level 1:colcon.colcon_core.package_discovery:discover_packages(colcon_meta) discover
[0.722s] Level 1:colcon.colcon_core.package_discovery:discover_packages(recursive) discover
[0.722s] INFO:colcon.colcon_core.package_discovery:Crawling recursively for packages in '/home/s2c2/Desktop/SESASR/lab05'
[0.723s] Level 1:colcon.colcon_core.package_identification:_identify(.) by extensions ['ignore', 'ignore_ament_install']
[0.723s] Level 1:colcon.colcon_core.package_identification:_identify(.) by extension 'ignore'
[0.723s] Level 1:colcon.colcon_core.package_identification:_identify(.) by extension 'ignore_ament_install'
[0.723s] Level 1:colcon.colcon_core.package_identification:_identify(.) by extensions ['colcon_pkg']
[0.723s] Level 1:colcon.colcon_core.package_identification:_identify(.) by extension 'colcon_pkg'
[0.723s] Level 1:colcon.colcon_core.package_identification:_identify(.) by extensions ['colcon_meta']
[0.723s] Level 1:colcon.colcon_core.package_identification:_identify(.) by extension 'colcon_meta'
[0.723s] Level 1:colcon.colcon_core.package_identification:_identify(.) by extensions ['ros']
[0.723s] Level 1:colcon.colcon_core.package_identification:_identify(.) by extension 'ros'
[0.745s] Level 1:colcon.colcon_core.package_identification:_identify(.) by extensions ['cmake', 'python']
[0.745s] Level 1:colcon.colcon_core.package_identification:_identify(.) by extension 'cmake'
[0.746s] Level 1:colcon.colcon_core.package_identification:_identify(.) by extension 'python'
[0.746s] Level 1:colcon.colcon_core.package_identification:_identify(.) by extensions ['python_setup_py']
[0.746s] Level 1:colcon.colcon_core.package_identification:_identify(.) by extension 'python_setup_py'
[0.746s] Level 1:colcon.colcon_core.package_identification:_identify(build) by extensions ['ignore', 'ignore_ament_install']
[0.746s] Level 1:colcon.colcon_core.package_identification:_identify(build) by extension 'ignore'
[0.747s] Level 1:colcon.colcon_core.package_identification:_identify(build) ignored
[0.747s] Level 1:colcon.colcon_core.package_identification:_identify(install) by extensions ['ignore', 'ignore_ament_install']
[0.747s] Level 1:colcon.colcon_core.package_identification:_identify(install) by extension 'ignore'
[0.747s] Level 1:colcon.colcon_core.package_identification:_identify(install) ignored
[0.747s] Level 1:colcon.colcon_core.package_identification:_identify(log) by extensions ['ignore', 'ignore_ament_install']
[0.747s] Level 1:colcon.colcon_core.package_identification:_identify(log) by extension 'ignore'
[0.747s] Level 1:colcon.colcon_core.package_identification:_identify(log) ignored
[0.748s] Level 1:colcon.colcon_core.package_identification:_identify(src) by extensions ['ignore', 'ignore_ament_install']
[0.748s] Level 1:colcon.colcon_core.package_identification:_identify(src) by extension 'ignore'
[0.748s] Level 1:colcon.colcon_core.package_identification:_identify(src) by extension 'ignore_ament_install'
[0.748s] Level 1:colcon.colcon_core.package_identification:_identify(src) by extensions ['colcon_pkg']
[0.748s] Level 1:colcon.colcon_core.package_identification:_identify(src) by extension 'colcon_pkg'
[0.748s] Level 1:colcon.colcon_core.package_identification:_identify(src) by extensions ['colcon_meta']
[0.748s] Level 1:colcon.colcon_core.package_identification:_identify(src) by extension 'colcon_meta'
[0.748s] Level 1:colcon.colcon_core.package_identification:_identify(src) by extensions ['ros']
[0.748s] Level 1:colcon.colcon_core.package_identification:_identify(src) by extension 'ros'
[0.748s] Level 1:colcon.colcon_core.package_identification:_identify(src) by extensions ['cmake', 'python']
[0.748s] Level 1:colcon.colcon_core.package_identification:_identify(src) by extension 'cmake'
[0.748s] Level 1:colcon.colcon_core.package_identification:_identify(src) by extension 'python'
[0.748s] Level 1:colcon.colcon_core.package_identification:_identify(src) by extensions ['python_setup_py']
[0.748s] Level 1:colcon.colcon_core.package_identification:_identify(src) by extension 'python_setup_py'
[0.749s] Level 1:colcon.colcon_core.package_identification:_identify(src/pf_pkg) by extensions ['ignore', 'ignore_ament_install']
[0.749s] Level 1:colcon.colcon_core.package_identification:_identify(src/pf_pkg) by extension 'ignore'
[0.749s] Level 1:colcon.colcon_core.package_identification:_identify(src/pf_pkg) by extension 'ignore_ament_install'
[0.749s] Level 1:colcon.colcon_core.package_identification:_identify(src/pf_pkg) by extensions ['colcon_pkg']
[0.749s] Level 1:colcon.colcon_core.package_identification:_identify(src/pf_pkg) by extension 'colcon_pkg'
[0.749s] Level 1:colcon.colcon_core.package_identification:_identify(src/pf_pkg) by extensions ['colcon_meta']
[0.749s] Level 1:colcon.colcon_core.package_identification:_identify(src/pf_pkg) by extension 'colcon_meta'
[0.749s] Level 1:colcon.colcon_core.package_identification:_identify(src/pf_pkg) by extensions ['ros']
[0.749s] Level 1:colcon.colcon_core.package_identification:_identify(src/pf_pkg) by extension 'ros'
[0.756s] DEBUG:colcon.colcon_core.package_identification:Package 'src/pf_pkg' with type 'ros.ament_python' and name 'pf_pkg'
[0.756s] Level 1:colcon.colcon_core.package_identification:_identify(src/turtlebot3_perception) by extensions ['ignore', 'ignore_ament_install']
[0.756s] Level 1:colcon.colcon_core.package_identification:_identify(src/turtlebot3_perception) by extension 'ignore'
[0.756s] Level 1:colcon.colcon_core.package_identification:_identify(src/turtlebot3_perception) by extension 'ignore_ament_install'
[0.756s] Level 1:colcon.colcon_core.package_identification:_identify(src/turtlebot3_perception) by extensions ['colcon_pkg']
[0.756s] Level 1:colcon.colcon_core.package_identification:_identify(src/turtlebot3_perception) by extension 'colcon_pkg'
[0.756s] Level 1:colcon.colcon_core.package_identification:_identify(src/turtlebot3_perception) by extensions ['colcon_meta']
[0.757s] Level 1:colcon.colcon_core.package_identification:_identify(src/turtlebot3_perception) by extension 'colcon_meta'
[0.757s] Level 1:colcon.colcon_core.package_identification:_identify(src/turtlebot3_perception) by extensions ['ros']
[0.757s] Level 1:colcon.colcon_core.package_identification:_identify(src/turtlebot3_perception) by extension 'ros'
[0.757s] Level 1:colcon.colcon_core.package_identification:_identify(src/turtlebot3_perception) by extensions ['cmake', 'python']
[0.757s] Level 1:colcon.colcon_core.package_identification:_identify(src/turtlebot3_perception) by extension 'cmake'
[0.758s] Level 1:colcon.colcon_core.package_identification:_identify(src/turtlebot3_perception) by extension 'python'
[0.758s] Level 1:colcon.colcon_core.package_identification:_identify(src/turtlebot3_perception) by extensions ['python_setup_py']
[0.758s] Level 1:colcon.colcon_core.package_identification:_identify(src/turtlebot3_perception) by extension 'python_setup_py'
[0.758s] Level 1:colcon.colcon_core.package_identification:_identify(src/turtlebot3_perception/landmark_msgs) by extensions ['ignore', 'ignore_ament_install']
[0.758s] Level 1:colcon.colcon_core.package_identification:_identify(src/turtlebot3_perception/landmark_msgs) by extension 'ignore'
[0.758s] Level 1:colcon.colcon_core.package_identification:_identify(src/turtlebot3_perception/landmark_msgs) by extension 'ignore_ament_install'
[0.758s] Level 1:colcon.colcon_core.package_identification:_identify(src/turtlebot3_perception/landmark_msgs) by extensions ['colcon_pkg']
[0.758s] Level 1:colcon.colcon_core.package_identification:_identify(src/turtlebot3_perception/landmark_msgs) by extension 'colcon_pkg'
[0.759s] Level 1:colcon.colcon_core.package_identification:_identify(src/turtlebot3_perception/landmark_msgs) by extensions ['colcon_meta']
[0.759s] Level 1:colcon.colcon_core.package_identification:_identify(src/turtlebot3_perception/landmark_msgs) by extension 'colcon_meta'
[0.759s] Level 1:colcon.colcon_core.package_identification:_identify(src/turtlebot3_perception/landmark_msgs) by extensions ['ros']
[0.759s] Level 1:colcon.colcon_core.package_identification:_identify(src/turtlebot3_perception/landmark_msgs) by extension 'ros'
[0.760s] DEBUG:colcon.colcon_core.package_identification:Package 'src/turtlebot3_perception/landmark_msgs' with type 'ros.ament_cmake' and name 'landmark_msgs'
[0.761s] Level 1:colcon.colcon_core.package_identification:_identify(src/turtlebot3_perception/turtlebot3_perception) by extensions ['ignore', 'ignore_ament_install']
[0.761s] Level 1:colcon.colcon_core.package_identification:_identify(src/turtlebot3_perception/turtlebot3_perception) by extension 'ignore'
[0.761s] Level 1:colcon.colcon_core.package_identification:_identify(src/turtlebot3_perception/turtlebot3_perception) by extension 'ignore_ament_install'
[0.761s] Level 1:colcon.colcon_core.package_identification:_identify(src/turtlebot3_perception/turtlebot3_perception) by extensions ['colcon_pkg']
[0.761s] Level 1:colcon.colcon_core.package_identification:_identify(src/turtlebot3_perception/turtlebot3_perception) by extension 'colcon_pkg'
[0.762s] Level 1:colcon.colcon_core.package_identification:_identify(src/turtlebot3_perception/turtlebot3_perception) by extensions ['colcon_meta']
[0.762s] Level 1:colcon.colcon_core.package_identification:_identify(src/turtlebot3_perception/turtlebot3_perception) by extension 'colcon_meta'
[0.762s] Level 1:colcon.colcon_core.package_identification:_identify(src/turtlebot3_perception/turtlebot3_perception) by extensions ['ros']
[0.762s] Level 1:colcon.colcon_core.package_identification:_identify(src/turtlebot3_perception/turtlebot3_perception) by extension 'ros'
[0.767s] DEBUG:colcon.colcon_core.package_identification:Package 'src/turtlebot3_perception/turtlebot3_perception' with type 'ros.ament_python' and name 'turtlebot3_perception'
[0.767s] Level 1:colcon.colcon_core.package_identification:_identify(src/turtlebot3_simulations) by extensions ['ignore', 'ignore_ament_install']
[0.767s] Level 1:colcon.colcon_core.package_identification:_identify(src/turtlebot3_simulations) by extension 'ignore'
[0.768s] Level 1:colcon.colcon_core.package_identification:_identify(src/turtlebot3_simulations) by extension 'ignore_ament_install'
[0.768s] Level 1:colcon.colcon_core.package_identification:_identify(src/turtlebot3_simulations) by extensions ['colcon_pkg']
[0.768s] Level 1:colcon.colcon_core.package_identification:_identify(src/turtlebot3_simulations) by extension 'colcon_pkg'
[0.768s] Level 1:colcon.colcon_core.package_identification:_identify(src/turtlebot3_simulations) by extensions ['colcon_meta']
[0.768s] Level 1:colcon.colcon_core.package_identification:_identify(src/turtlebot3_simulations) by extension 'colcon_meta'
[0.768s] Level 1:colcon.colcon_core.package_identification:_identify(src/turtlebot3_simulations) by extensions ['ros']
[0.768s] Level 1:colcon.colcon_core.package_identification:_identify(src/turtlebot3_simulations) by extension 'ros'
[0.768s] Level 1:colcon.colcon_core.package_identification:_identify(src/turtlebot3_simulations) by extensions ['cmake', 'python']
[0.768s] Level 1:colcon.colcon_core.package_identification:_identify(src/turtlebot3_simulations) by extension 'cmake'
[0.768s] Level 1:colcon.colcon_core.package_identification:_identify(src/turtlebot3_simulations) by extension 'python'
[0.768s] Level 1:colcon.colcon_core.package_identification:_identify(src/turtlebot3_simulations) by extensions ['python_setup_py']
[0.768s] Level 1:colcon.colcon_core.package_identification:_identify(src/turtlebot3_simulations) by extension 'python_setup_py'
[0.769s] Level 1:colcon.colcon_core.package_identification:_identify(src/turtlebot3_simulations/turtlebot3_fake_node) by extensions ['ignore', 'ignore_ament_install']
[0.769s] Level 1:colcon.colcon_core.package_identification:_identify(src/turtlebot3_simulations/turtlebot3_fake_node) by extension 'ignore'
[0.769s] Level 1:colcon.colcon_core.package_identification:_identify(src/turtlebot3_simulations/turtlebot3_fake_node) by extension 'ignore_ament_install'
[0.769s] Level 1:colcon.colcon_core.package_identification:_identify(src/turtlebot3_simulations/turtlebot3_fake_node) by extensions ['colcon_pkg']
[0.769s] Level 1:colcon.colcon_core.package_identification:_identify(src/turtlebot3_simulations/turtlebot3_fake_node) by extension 'colcon_pkg'
[0.769s] Level 1:colcon.colcon_core.package_identification:_identify(src/turtlebot3_simulations/turtlebot3_fake_node) by extensions ['colcon_meta']
[0.769s] Level 1:colcon.colcon_core.package_identification:_identify(src/turtlebot3_simulations/turtlebot3_fake_node) by extension 'colcon_meta'
[0.769s] Level 1:colcon.colcon_core.package_identification:_identify(src/turtlebot3_simulations/turtlebot3_fake_node) by extensions ['ros']
[0.769s] Level 1:colcon.colcon_core.package_identification:_identify(src/turtlebot3_simulations/turtlebot3_fake_node) by extension 'ros'
[0.771s] DEBUG:colcon.colcon_core.package_identification:Package 'src/turtlebot3_simulations/turtlebot3_fake_node' with type 'ros.ament_cmake' and name 'turtlebot3_fake_node'
[0.771s] Level 1:colcon.colcon_core.package_identification:_identify(src/turtlebot3_simulations/turtlebot3_gazebo) by extensions ['ignore', 'ignore_ament_install']
[0.772s] Level 1:colcon.colcon_core.package_identification:_identify(src/turtlebot3_simulations/turtlebot3_gazebo) by extension 'ignore'
[0.772s] Level 1:colcon.colcon_core.package_identification:_identify(src/turtlebot3_simulations/turtlebot3_gazebo) by extension 'ignore_ament_install'
[0.772s] Level 1:colcon.colcon_core.package_identification:_identify(src/turtlebot3_simulations/turtlebot3_gazebo) by extensions ['colcon_pkg']
[0.772s] Level 1:colcon.colcon_core.package_identification:_identify(src/turtlebot3_simulations/turtlebot3_gazebo) by extension 'colcon_pkg'
[0.772s] Level 1:colcon.colcon_core.package_identification:_identify(src/turtlebot3_simulations/turtlebot3_gazebo) by extensions ['colcon_meta']
[0.772s] Level 1:colcon.colcon_core.package_identification:_identify(src/turtlebot3_simulations/turtlebot3_gazebo) by extension 'colcon_meta'
[0.772s] Level 1:colcon.colcon_core.package_identification:_identify(src/turtlebot3_simulations/turtlebot3_gazebo) by extensions ['ros']
[0.772s] Level 1:colcon.colcon_core.package_identification:_identify(src/turtlebot3_simulations/turtlebot3_gazebo) by extension 'ros'
[0.774s] DEBUG:colcon.colcon_core.package_identification:Package 'src/turtlebot3_simulations/turtlebot3_gazebo' with type 'ros.ament_cmake' and name 'turtlebot3_gazebo'
[0.775s] Level 1:colcon.colcon_core.package_identification:_identify(src/turtlebot3_simulations/turtlebot3_ignition) by extensions ['ignore', 'ignore_ament_install']
[0.775s] Level 1:colcon.colcon_core.package_identification:_identify(src/turtlebot3_simulations/turtlebot3_ignition) by extension 'ignore'
[0.775s] Level 1:colcon.colcon_core.package_identification:_identify(src/turtlebot3_simulations/turtlebot3_ignition) ignored
[0.775s] Level 1:colcon.colcon_core.package_identification:_identify(src/turtlebot3_simulations/turtlebot3_simulations) by extensions ['ignore', 'ignore_ament_install']
[0.775s] Level 1:colcon.colcon_core.package_identification:_identify(src/turtlebot3_simulations/turtlebot3_simulations) by extension 'ignore'
[0.775s] Level 1:colcon.colcon_core.package_identification:_identify(src/turtlebot3_simulations/turtlebot3_simulations) by extension 'ignore_ament_install'
[0.775s] Level 1:colcon.colcon_core.package_identification:_identify(src/turtlebot3_simulations/turtlebot3_simulations) by extensions ['colcon_pkg']
[0.775s] Level 1:colcon.colcon_core.package_identification:_identify(src/turtlebot3_simulations/turtlebot3_simulations) by extension 'colcon_pkg'
[0.775s] Level 1:colcon.colcon_core.package_identification:_identify(src/turtlebot3_simulations/turtlebot3_simulations) by extensions ['colcon_meta']
[0.776s] Level 1:colcon.colcon_core.package_identification:_identify(src/turtlebot3_simulations/turtlebot3_simulations) by extension 'colcon_meta'
[0.776s] Level 1:colcon.colcon_core.package_identification:_identify(src/turtlebot3_simulations/turtlebot3_simulations) by extensions ['ros']
[0.776s] Level 1:colcon.colcon_core.package_identification:_identify(src/turtlebot3_simulations/turtlebot3_simulations) by extension 'ros'
[0.778s] DEBUG:colcon.colcon_core.package_identification:Package 'src/turtlebot3_simulations/turtlebot3_simulations' with type 'ros.ament_cmake' and name 'turtlebot3_simulations'
[0.778s] Level 1:colcon.colcon_core.package_discovery:discover_packages(recursive) using defaults
[0.779s] Level 1:colcon.colcon_core.package_discovery:discover_packages(ignore) discover
[0.779s] Level 1:colcon.colcon_core.package_discovery:discover_packages(ignore) using defaults
[0.779s] Level 1:colcon.colcon_core.package_discovery:discover_packages(path) discover
[0.779s] Level 1:colcon.colcon_core.package_discovery:discover_packages(path) using defaults
[0.865s] Level 1:colcon.colcon_core.package_discovery:discover_packages(prefix_path) check parameters
[0.866s] Level 1:colcon.colcon_core.package_discovery:discover_packages(prefix_path) discover
[0.879s] DEBUG:colcon.colcon_installed_package_information.package_discovery:Found 373 installed packages in /opt/ros/humble
[0.884s] Level 1:colcon.colcon_core.package_discovery:discover_packages(prefix_path) using defaults
[0.979s] Level 5:colcon.colcon_core.verb:set package 'landmark_msgs' build argument 'cmake_args' from command line to 'None'
[0.979s] Level 5:colcon.colcon_core.verb:set package 'landmark_msgs' build argument 'cmake_target' from command line to 'None'
[0.980s] Level 5:colcon.colcon_core.verb:set package 'landmark_msgs' build argument 'cmake_target_skip_unavailable' from command line to 'False'
[0.980s] Level 5:colcon.colcon_core.verb:set package 'landmark_msgs' build argument 'cmake_clean_cache' from command line to 'False'
[0.980s] Level 5:colcon.colcon_core.verb:set package 'landmark_msgs' build argument 'cmake_clean_first' from command line to 'False'
[0.980s] Level 5:colcon.colcon_core.verb:set package 'landmark_msgs' build argument 'cmake_force_configure' from command line to 'False'
[0.980s] Level 5:colcon.colcon_core.verb:set package 'landmark_msgs' build argument 'ament_cmake_args' from command line to 'None'
[0.980s] Level 5:colcon.colcon_core.verb:set package 'landmark_msgs' build argument 'catkin_cmake_args' from command line to 'None'
[0.980s] Level 5:colcon.colcon_core.verb:set package 'landmark_msgs' build argument 'catkin_skip_building_tests' from command line to 'False'
[0.980s] DEBUG:colcon.colcon_core.verb:Building package 'landmark_msgs' with the following arguments: {'ament_cmake_args': None, 'build_base': '/home/s2c2/Desktop/SESASR/lab05/build/landmark_msgs', 'catkin_cmake_args': None, 'catkin_skip_building_tests': False, 'cmake_args': None, 'cmake_clean_cache': False, 'cmake_clean_first': False, 'cmake_force_configure': False, 'cmake_target': None, 'cmake_target_skip_unavailable': False, 'install_base': '/home/s2c2/Desktop/SESASR/lab05/install/landmark_msgs', 'merge_install': False, 'path': '/home/s2c2/Desktop/SESASR/lab05/src/turtlebot3_perception/landmark_msgs', 'symlink_install': False, 'test_result_base': None}
[0.981s] Level 5:colcon.colcon_core.verb:set package 'pf_pkg' build argument 'cmake_args' from command line to 'None'
[0.981s] Level 5:colcon.colcon_core.verb:set package 'pf_pkg' build argument 'cmake_target' from command line to 'None'
[0.981s] Level 5:colcon.colcon_core.verb:set package 'pf_pkg' build argument 'cmake_target_skip_unavailable' from command line to 'False'
[0.981s] Level 5:colcon.colcon_core.verb:set package 'pf_pkg' build argument 'cmake_clean_cache' from command line to 'False'
[0.981s] Level 5:colcon.colcon_core.verb:set package 'pf_pkg' build argument 'cmake_clean_first' from command line to 'False'
[0.981s] Level 5:colcon.colcon_core.verb:set package 'pf_pkg' build argument 'cmake_force_configure' from command line to 'False'
[0.981s] Level 5:colcon.colcon_core.verb:set package 'pf_pkg' build argument 'ament_cmake_args' from command line to 'None'
[0.981s] Level 5:colcon.colcon_core.verb:set package 'pf_pkg' build argument 'catkin_cmake_args' from command line to 'None'
[0.981s] Level 5:colcon.colcon_core.verb:set package 'pf_pkg' build argument 'catkin_skip_building_tests' from command line to 'False'
[0.981s] DEBUG:colcon.colcon_core.verb:Building package 'pf_pkg' with the following arguments: {'ament_cmake_args': None, 'build_base': '/home/s2c2/Desktop/SESASR/lab05/build/pf_pkg', 'catkin_cmake_args': None, 'catkin_skip_building_tests': False, 'cmake_args': None, 'cmake_clean_cache': False, 'cmake_clean_first': False, 'cmake_force_configure': False, 'cmake_target': None, 'cmake_target_skip_unavailable': False, 'install_base': '/home/s2c2/Desktop/SESASR/lab05/install/pf_pkg', 'merge_install': False, 'path': '/home/s2c2/Desktop/SESASR/lab05/src/pf_pkg', 'symlink_install': False, 'test_result_base': None}
[0.982s] Level 5:colcon.colcon_core.verb:set package 'turtlebot3_fake_node' build argument 'cmake_args' from command line to 'None'
[0.983s] Level 5:colcon.colcon_core.verb:set package 'turtlebot3_fake_node' build argument 'cmake_target' from command line to 'None'
[0.983s] Level 5:colcon.colcon_core.verb:set package 'turtlebot3_fake_node' build argument 'cmake_target_skip_unavailable' from command line to 'False'
[0.983s] Level 5:colcon.colcon_core.verb:set package 'turtlebot3_fake_node' build argument 'cmake_clean_cache' from command line to 'False'
[0.983s] Level 5:colcon.colcon_core.verb:set package 'turtlebot3_fake_node' build argument 'cmake_clean_first' from command line to 'False'
[0.983s] Level 5:colcon.colcon_core.verb:set package 'turtlebot3_fake_node' build argument 'cmake_force_configure' from command line to 'False'
[0.983s] Level 5:colcon.colcon_core.verb:set package 'turtlebot3_fake_node' build argument 'ament_cmake_args' from command line to 'None'
[0.983s] Level 5:colcon.colcon_core.verb:set package 'turtlebot3_fake_node' build argument 'catkin_cmake_args' from command line to 'None'
[0.983s] Level 5:colcon.colcon_core.verb:set package 'turtlebot3_fake_node' build argument 'catkin_skip_building_tests' from command line to 'False'
[0.983s] DEBUG:colcon.colcon_core.verb:Building package 'turtlebot3_fake_node' with the following arguments: {'ament_cmake_args': None, 'build_base': '/home/s2c2/Desktop/SESASR/lab05/build/turtlebot3_fake_node', 'catkin_cmake_args': None, 'catkin_skip_building_tests': False, 'cmake_args': None, 'cmake_clean_cache': False, 'cmake_clean_first': False, 'cmake_force_configure': False, 'cmake_target': None, 'cmake_target_skip_unavailable': False, 'install_base': '/home/s2c2/Desktop/SESASR/lab05/install/turtlebot3_fake_node', 'merge_install': False, 'path': '/home/s2c2/Desktop/SESASR/lab05/src/turtlebot3_simulations/turtlebot3_fake_node', 'symlink_install': False, 'test_result_base': None}
[0.984s] Level 5:colcon.colcon_core.verb:set package 'turtlebot3_gazebo' build argument 'cmake_args' from command line to 'None'
[0.985s] Level 5:colcon.colcon_core.verb:set package 'turtlebot3_gazebo' build argument 'cmake_target' from command line to 'None'
[0.985s] Level 5:colcon.colcon_core.verb:set package 'turtlebot3_gazebo' build argument 'cmake_target_skip_unavailable' from command line to 'False'
[0.985s] Level 5:colcon.colcon_core.verb:set package 'turtlebot3_gazebo' build argument 'cmake_clean_cache' from command line to 'False'
[0.985s] Level 5:colcon.colcon_core.verb:set package 'turtlebot3_gazebo' build argument 'cmake_clean_first' from command line to 'False'
[0.985s] Level 5:colcon.colcon_core.verb:set package 'turtlebot3_gazebo' build argument 'cmake_force_configure' from command line to 'False'
[0.985s] Level 5:colcon.colcon_core.verb:set package 'turtlebot3_gazebo' build argument 'ament_cmake_args' from command line to 'None'
[0.985s] Level 5:colcon.colcon_core.verb:set package 'turtlebot3_gazebo' build argument 'catkin_cmake_args' from command line to 'None'
[0.985s] Level 5:colcon.colcon_core.verb:set package 'turtlebot3_gazebo' build argument 'catkin_skip_building_tests' from command line to 'False'
[0.985s] DEBUG:colcon.colcon_core.verb:Building package 'turtlebot3_gazebo' with the following arguments: {'ament_cmake_args': None, 'build_base': '/home/s2c2/Desktop/SESASR/lab05/build/turtlebot3_gazebo', 'catkin_cmake_args': None, 'catkin_skip_building_tests': False, 'cmake_args': None, 'cmake_clean_cache': False, 'cmake_clean_first': False, 'cmake_force_configure': False, 'cmake_target': None, 'cmake_target_skip_unavailable': False, 'install_base': '/home/s2c2/Desktop/SESASR/lab05/install/turtlebot3_gazebo', 'merge_install': False, 'path': '/home/s2c2/Desktop/SESASR/lab05/src/turtlebot3_simulations/turtlebot3_gazebo', 'symlink_install': False, 'test_result_base': None}
[0.986s] Level 5:colcon.colcon_core.verb:set package 'turtlebot3_perception' build argument 'cmake_args' from command line to 'None'
[0.986s] Level 5:colcon.colcon_core.verb:set package 'turtlebot3_perception' build argument 'cmake_target' from command line to 'None'
[0.986s] Level 5:colcon.colcon_core.verb:set package 'turtlebot3_perception' build argument 'cmake_target_skip_unavailable' from command line to 'False'
[0.986s] Level 5:colcon.colcon_core.verb:set package 'turtlebot3_perception' build argument 'cmake_clean_cache' from command line to 'False'
[0.986s] Level 5:colcon.colcon_core.verb:set package 'turtlebot3_perception' build argument 'cmake_clean_first' from command line to 'False'
[0.986s] Level 5:colcon.colcon_core.verb:set package 'turtlebot3_perception' build argument 'cmake_force_configure' from command line to 'False'
[0.986s] Level 5:colcon.colcon_core.verb:set package 'turtlebot3_perception' build argument 'ament_cmake_args' from command line to 'None'
[0.986s] Level 5:colcon.colcon_core.verb:set package 'turtlebot3_perception' build argument 'catkin_cmake_args' from command line to 'None'
[0.987s] Level 5:colcon.colcon_core.verb:set package 'turtlebot3_perception' build argument 'catkin_skip_building_tests' from command line to 'False'
[0.987s] DEBUG:colcon.colcon_core.verb:Building package 'turtlebot3_perception' with the following arguments: {'ament_cmake_args': None, 'build_base': '/home/s2c2/Desktop/SESASR/lab05/build/turtlebot3_perception', 'catkin_cmake_args': None, 'catkin_skip_building_tests': False, 'cmake_args': None, 'cmake_clean_cache': False, 'cmake_clean_first': False, 'cmake_force_configure': False, 'cmake_target': None, 'cmake_target_skip_unavailable': False, 'install_base': '/home/s2c2/Desktop/SESASR/lab05/install/turtlebot3_perception', 'merge_install': False, 'path': '/home/s2c2/Desktop/SESASR/lab05/src/turtlebot3_perception/turtlebot3_perception', 'symlink_install': False, 'test_result_base': None}
[0.987s] Level 5:colcon.colcon_core.verb:set package 'turtlebot3_simulations' build argument 'cmake_args' from command line to 'None'
[0.987s] Level 5:colcon.colcon_core.verb:set package 'turtlebot3_simulations' build argument 'cmake_target' from command line to 'None'
[0.987s] Level 5:colcon.colcon_core.verb:set package 'turtlebot3_simulations' build argument 'cmake_target_skip_unavailable' from command line to 'False'
[0.987s] Level 5:colcon.colcon_core.verb:set package 'turtlebot3_simulations' build argument 'cmake_clean_cache' from command line to 'False'
[0.988s] Level 5:colcon.colcon_core.verb:set package 'turtlebot3_simulations' build argument 'cmake_clean_first' from command line to 'False'
[0.988s] Level 5:colcon.colcon_core.verb:set package 'turtlebot3_simulations' build argument 'cmake_force_configure' from command line to 'False'
[0.988s] Level 5:colcon.colcon_core.verb:set package 'turtlebot3_simulations' build argument 'ament_cmake_args' from command line to 'None'
[0.988s] Level 5:colcon.colcon_core.verb:set package 'turtlebot3_simulations' build argument 'catkin_cmake_args' from command line to 'None'
[0.988s] Level 5:colcon.colcon_core.verb:set package 'turtlebot3_simulations' build argument 'catkin_skip_building_tests' from command line to 'False'
[0.988s] DEBUG:colcon.colcon_core.verb:Building package 'turtlebot3_simulations' with the following arguments: {'ament_cmake_args': None, 'build_base': '/home/s2c2/Desktop/SESASR/lab05/build/turtlebot3_simulations', 'catkin_cmake_args': None, 'catkin_skip_building_tests': False, 'cmake_args': None, 'cmake_clean_cache': False, 'cmake_clean_first': False, 'cmake_force_configure': False, 'cmake_target': None, 'cmake_target_skip_unavailable': False, 'install_base': '/home/s2c2/Desktop/SESASR/lab05/install/turtlebot3_simulations', 'merge_install': False, 'path': '/home/s2c2/Desktop/SESASR/lab05/src/turtlebot3_simulations/turtlebot3_simulations', 'symlink_install': False, 'test_result_base': None}
[0.988s] INFO:colcon.colcon_core.executor:Executing jobs using 'parallel' executor
[0.990s] DEBUG:colcon.colcon_parallel_executor.executor.parallel:run_until_complete
[0.992s] INFO:colcon.colcon_ros.task.ament_cmake.build:Building ROS package in '/home/s2c2/Desktop/SESASR/lab05/src/turtlebot3_perception/landmark_msgs' with build type 'ament_cmake'
[0.992s] INFO:colcon.colcon_cmake.task.cmake.build:Building CMake package in '/home/s2c2/Desktop/SESASR/lab05/src/turtlebot3_perception/landmark_msgs'
[1.002s] INFO:colcon.colcon_core.plugin_system:Skipping extension 'colcon_core.shell.bat': Not used on non-Windows systems
[1.003s] INFO:colcon.colcon_core.shell:Skip shell extension 'powershell' for command environment: Not usable outside of PowerShell
[1.003s] DEBUG:colcon.colcon_core.shell:Skip shell extension 'dsv' for command environment
[1.012s] INFO:colcon.colcon_ros.task.ament_cmake.build:Building ROS package in '/home/s2c2/Desktop/SESASR/lab05/src/turtlebot3_simulations/turtlebot3_fake_node' with build type 'ament_cmake'
[1.013s] INFO:colcon.colcon_cmake.task.cmake.build:Building CMake package in '/home/s2c2/Desktop/SESASR/lab05/src/turtlebot3_simulations/turtlebot3_fake_node'
[1.013s] INFO:colcon.colcon_core.shell:Skip shell extension 'powershell' for command environment: Not usable outside of PowerShell
[1.013s] DEBUG:colcon.colcon_core.shell:Skip shell extension 'dsv' for command environment
[1.026s] INFO:colcon.colcon_ros.task.ament_python.build:Building ROS package in '/home/s2c2/Desktop/SESASR/lab05/src/pf_pkg' with build type 'ament_python'
[1.026s] Level 1:colcon.colcon_core.shell:create_environment_hook('pf_pkg', 'ament_prefix_path')
[1.027s] INFO:colcon.colcon_core.shell:Creating environment hook '/home/s2c2/Desktop/SESASR/lab05/install/pf_pkg/share/pf_pkg/hook/ament_prefix_path.ps1'
[1.030s] INFO:colcon.colcon_core.shell:Creating environment descriptor '/home/s2c2/Desktop/SESASR/lab05/install/pf_pkg/share/pf_pkg/hook/ament_prefix_path.dsv'
[1.033s] INFO:colcon.colcon_core.shell:Creating environment hook '/home/s2c2/Desktop/SESASR/lab05/install/pf_pkg/share/pf_pkg/hook/ament_prefix_path.sh'
[1.036s] INFO:colcon.colcon_core.shell:Skip shell extension 'powershell' for command environment: Not usable outside of PowerShell
[1.036s] DEBUG:colcon.colcon_core.shell:Skip shell extension 'dsv' for command environment
[1.045s] INFO:colcon.colcon_ros.task.ament_cmake.build:Building ROS package in '/home/s2c2/Desktop/SESASR/lab05/src/turtlebot3_simulations/turtlebot3_gazebo' with build type 'ament_cmake'
[1.046s] INFO:colcon.colcon_cmake.task.cmake.build:Building CMake package in '/home/s2c2/Desktop/SESASR/lab05/src/turtlebot3_simulations/turtlebot3_gazebo'
[1.047s] INFO:colcon.colcon_core.shell:Skip shell extension 'powershell' for command environment: Not usable outside of PowerShell
[1.047s] DEBUG:colcon.colcon_core.shell:Skip shell extension 'dsv' for command environment
[1.069s] DEBUG:colcon.colcon_core.event_handler.log_command:Invoking command in '/home/s2c2/Desktop/SESASR/lab05/build/landmark_msgs': CMAKE_PREFIX_PATH=/opt/ros/humble /usr/bin/cmake --build /home/s2c2/Desktop/SESASR/lab05/build/landmark_msgs -- -j4 -l4
[1.086s] DEBUG:colcon.colcon_core.event_handler.log_command:Invoking command in '/home/s2c2/Desktop/SESASR/lab05/build/turtlebot3_fake_node': CMAKE_PREFIX_PATH=/opt/ros/humble /usr/bin/cmake --build /home/s2c2/Desktop/SESASR/lab05/build/turtlebot3_fake_node -- -j4 -l4
[1.757s] INFO:colcon.colcon_core.task.python.build:Building Python package in '/home/s2c2/Desktop/SESASR/lab05/src/pf_pkg'
[1.758s] INFO:colcon.colcon_core.shell:Skip shell extension 'powershell' for command environment: Not usable outside of PowerShell
[1.759s] DEBUG:colcon.colcon_core.shell:Skip shell extension 'dsv' for command environment
[1.809s] DEBUG:colcon.colcon_core.event_handler.log_command:Invoking command in '/home/s2c2/Desktop/SESASR/lab05/build/turtlebot3_gazebo': CMAKE_PREFIX_PATH=/opt/ros/humble /usr/bin/cmake --build /home/s2c2/Desktop/SESASR/lab05/build/turtlebot3_gazebo -- -j4 -l4
[1.810s] DEBUG:colcon.colcon_core.event_handler.log_command:Invoked command in '/home/s2c2/Desktop/SESASR/lab05/build/turtlebot3_fake_node' returned '0': CMAKE_PREFIX_PATH=/opt/ros/humble /usr/bin/cmake --build /home/s2c2/Desktop/SESASR/lab05/build/turtlebot3_fake_node -- -j4 -l4
[1.832s] DEBUG:colcon.colcon_core.event_handler.log_command:Invoking command in '/home/s2c2/Desktop/SESASR/lab05/build/turtlebot3_fake_node': CMAKE_PREFIX_PATH=/opt/ros/humble /usr/bin/cmake --install /home/s2c2/Desktop/SESASR/lab05/build/turtlebot3_fake_node
[1.891s] Level 1:colcon.colcon_core.environment:create_environment_scripts_only(turtlebot3_fake_node)
[1.892s] DEBUG:colcon.colcon_core.event_handler.log_command:Invoked command in '/home/s2c2/Desktop/SESASR/lab05/build/turtlebot3_fake_node' returned '0': CMAKE_PREFIX_PATH=/opt/ros/humble /usr/bin/cmake --install /home/s2c2/Desktop/SESASR/lab05/build/turtlebot3_fake_node
[1.901s] Level 1:colcon.colcon_core.environment:checking '/home/s2c2/Desktop/SESASR/lab05/install/turtlebot3_fake_node' for CMake module files
[1.902s] Level 1:colcon.colcon_core.environment:checking '/home/s2c2/Desktop/SESASR/lab05/install/turtlebot3_fake_node' for CMake config files
[1.903s] Level 1:colcon.colcon_core.shell:create_environment_hook('turtlebot3_fake_node', 'cmake_prefix_path')
[1.904s] INFO:colcon.colcon_core.shell:Creating environment hook '/home/s2c2/Desktop/SESASR/lab05/install/turtlebot3_fake_node/share/turtlebot3_fake_node/hook/cmake_prefix_path.ps1'
[1.906s] INFO:colcon.colcon_core.shell:Creating environment descriptor '/home/s2c2/Desktop/SESASR/lab05/install/turtlebot3_fake_node/share/turtlebot3_fake_node/hook/cmake_prefix_path.dsv'
[1.908s] INFO:colcon.colcon_core.shell:Creating environment hook '/home/s2c2/Desktop/SESASR/lab05/install/turtlebot3_fake_node/share/turtlebot3_fake_node/hook/cmake_prefix_path.sh'
[1.910s] Level 1:colcon.colcon_core.environment:checking '/home/s2c2/Desktop/SESASR/lab05/install/turtlebot3_fake_node/lib'
[1.911s] Level 1:colcon.colcon_core.environment:checking '/home/s2c2/Desktop/SESASR/lab05/install/turtlebot3_fake_node/bin'
[1.911s] Level 1:colcon.colcon_core.environment:checking '/home/s2c2/Desktop/SESASR/lab05/install/turtlebot3_fake_node/lib/pkgconfig/turtlebot3_fake_node.pc'
[1.912s] Level 1:colcon.colcon_core.environment:checking '/home/s2c2/Desktop/SESASR/lab05/install/turtlebot3_fake_node/lib/python3.10/site-packages'
[1.912s] Level 1:colcon.colcon_core.environment:checking '/home/s2c2/Desktop/SESASR/lab05/install/turtlebot3_fake_node/bin'
[1.913s] INFO:colcon.colcon_core.shell:Creating package script '/home/s2c2/Desktop/SESASR/lab05/install/turtlebot3_fake_node/share/turtlebot3_fake_node/package.ps1'
[1.918s] INFO:colcon.colcon_core.shell:Creating package descriptor '/home/s2c2/Desktop/SESASR/lab05/install/turtlebot3_fake_node/share/turtlebot3_fake_node/package.dsv'
[1.921s] INFO:colcon.colcon_core.shell:Creating package script '/home/s2c2/Desktop/SESASR/lab05/install/turtlebot3_fake_node/share/turtlebot3_fake_node/package.sh'
[1.928s] INFO:colcon.colcon_core.shell:Creating package script '/home/s2c2/Desktop/SESASR/lab05/install/turtlebot3_fake_node/share/turtlebot3_fake_node/package.bash'
[1.933s] INFO:colcon.colcon_core.shell:Creating package script '/home/s2c2/Desktop/SESASR/lab05/install/turtlebot3_fake_node/share/turtlebot3_fake_node/package.zsh'
[1.939s] Level 1:colcon.colcon_core.environment:create_file_with_runtime_dependencies(/home/s2c2/Desktop/SESASR/lab05/install/turtlebot3_fake_node/share/colcon-core/packages/turtlebot3_fake_node)
[1.945s] Level 1:colcon.colcon_core.environment:create_environment_scripts_only(turtlebot3_fake_node)
[1.945s] Level 1:colcon.colcon_core.environment:checking '/home/s2c2/Desktop/SESASR/lab05/install/turtlebot3_fake_node' for CMake module files
[1.946s] Level 1:colcon.colcon_core.environment:checking '/home/s2c2/Desktop/SESASR/lab05/install/turtlebot3_fake_node' for CMake config files
[1.950s] Level 1:colcon.colcon_core.shell:create_environment_hook('turtlebot3_fake_node', 'cmake_prefix_path')
[1.951s] INFO:colcon.colcon_core.shell:Creating environment hook '/home/s2c2/Desktop/SESASR/lab05/install/turtlebot3_fake_node/share/turtlebot3_fake_node/hook/cmake_prefix_path.ps1'
[1.955s] INFO:colcon.colcon_core.shell:Creating environment descriptor '/home/s2c2/Desktop/SESASR/lab05/install/turtlebot3_fake_node/share/turtlebot3_fake_node/hook/cmake_prefix_path.dsv'
[1.957s] INFO:colcon.colcon_core.shell:Creating environment hook '/home/s2c2/Desktop/SESASR/lab05/install/turtlebot3_fake_node/share/turtlebot3_fake_node/hook/cmake_prefix_path.sh'
[1.959s] Level 1:colcon.colcon_core.environment:checking '/home/s2c2/Desktop/SESASR/lab05/install/turtlebot3_fake_node/lib'
[1.960s] Level 1:colcon.colcon_core.environment:checking '/home/s2c2/Desktop/SESASR/lab05/install/turtlebot3_fake_node/bin'
[1.960s] Level 1:colcon.colcon_core.environment:checking '/home/s2c2/Desktop/SESASR/lab05/install/turtlebot3_fake_node/lib/pkgconfig/turtlebot3_fake_node.pc'
[1.961s] Level 1:colcon.colcon_core.environment:checking '/home/s2c2/Desktop/SESASR/lab05/install/turtlebot3_fake_node/lib/python3.10/site-packages'
[1.962s] Level 1:colcon.colcon_core.environment:checking '/home/s2c2/Desktop/SESASR/lab05/install/turtlebot3_fake_node/bin'
[1.962s] INFO:colcon.colcon_core.shell:Creating package script '/home/s2c2/Desktop/SESASR/lab05/install/turtlebot3_fake_node/share/turtlebot3_fake_node/package.ps1'
[1.964s] INFO:colcon.colcon_core.shell:Creating package descriptor '/home/s2c2/Desktop/SESASR/lab05/install/turtlebot3_fake_node/share/turtlebot3_fake_node/package.dsv'
[1.966s] INFO:colcon.colcon_core.shell:Creating package script '/home/s2c2/Desktop/SESASR/lab05/install/turtlebot3_fake_node/share/turtlebot3_fake_node/package.sh'
[1.968s] INFO:colcon.colcon_core.shell:Creating package script '/home/s2c2/Desktop/SESASR/lab05/install/turtlebot3_fake_node/share/turtlebot3_fake_node/package.bash'
[1.970s] INFO:colcon.colcon_core.shell:Creating package script '/home/s2c2/Desktop/SESASR/lab05/install/turtlebot3_fake_node/share/turtlebot3_fake_node/package.zsh'
[1.972s] Level 1:colcon.colcon_core.environment:create_file_with_runtime_dependencies(/home/s2c2/Desktop/SESASR/lab05/install/turtlebot3_fake_node/share/colcon-core/packages/turtlebot3_fake_node)
[1.977s] INFO:colcon.colcon_ros.task.ament_cmake.build:Building ROS package in '/home/s2c2/Desktop/SESASR/lab05/src/turtlebot3_simulations/turtlebot3_simulations' with build type 'ament_cmake'
[1.979s] INFO:colcon.colcon_cmake.task.cmake.build:Building CMake package in '/home/s2c2/Desktop/SESASR/lab05/src/turtlebot3_simulations/turtlebot3_simulations'
[1.979s] INFO:colcon.colcon_core.shell:Skip shell extension 'powershell' for command environment: Not usable outside of PowerShell
[1.979s] DEBUG:colcon.colcon_core.shell:Skip shell extension 'dsv' for command environment
[2.027s] DEBUG:colcon.colcon_core.event_handler.log_command:Invoking command in '/home/s2c2/Desktop/SESASR/lab05/build/turtlebot3_simulations': AMENT_PREFIX_PATH=/home/s2c2/Desktop/SESASR/lab05/install/turtlebot3_fake_node:${AMENT_PREFIX_PATH} CMAKE_PREFIX_PATH=/home/s2c2/Desktop/SESASR/lab05/install/turtlebot3_fake_node:/opt/ros/humble /usr/bin/cmake --build /home/s2c2/Desktop/SESASR/lab05/build/turtlebot3_simulations -- -j4 -l4
[2.233s] DEBUG:colcon.colcon_core.event_handler.log_command:Invoked command in '/home/s2c2/Desktop/SESASR/lab05/build/turtlebot3_simulations' returned '0': AMENT_PREFIX_PATH=/home/s2c2/Desktop/SESASR/lab05/install/turtlebot3_fake_node:${AMENT_PREFIX_PATH} CMAKE_PREFIX_PATH=/home/s2c2/Desktop/SESASR/lab05/install/turtlebot3_fake_node:/opt/ros/humble /usr/bin/cmake --build /home/s2c2/Desktop/SESASR/lab05/build/turtlebot3_simulations -- -j4 -l4
[2.244s] DEBUG:colcon.colcon_core.event_handler.log_command:Invoking command in '/home/s2c2/Desktop/SESASR/lab05/build/turtlebot3_simulations': AMENT_PREFIX_PATH=/home/s2c2/Desktop/SESASR/lab05/install/turtlebot3_fake_node:${AMENT_PREFIX_PATH} CMAKE_PREFIX_PATH=/home/s2c2/Desktop/SESASR/lab05/install/turtlebot3_fake_node:/opt/ros/humble /usr/bin/cmake --install /home/s2c2/Desktop/SESASR/lab05/build/turtlebot3_simulations
[2.327s] Level 1:colcon.colcon_core.environment:create_environment_scripts_only(turtlebot3_simulations)
[2.328s] Level 1:colcon.colcon_core.environment:checking '/home/s2c2/Desktop/SESASR/lab05/install/turtlebot3_simulations' for CMake module files
[2.329s] DEBUG:colcon.colcon_core.event_handler.log_command:Invoked command in '/home/s2c2/Desktop/SESASR/lab05/build/turtlebot3_simulations' returned '0': AMENT_PREFIX_PATH=/home/s2c2/Desktop/SESASR/lab05/install/turtlebot3_fake_node:${AMENT_PREFIX_PATH} CMAKE_PREFIX_PATH=/home/s2c2/Desktop/SESASR/lab05/install/turtlebot3_fake_node:/opt/ros/humble /usr/bin/cmake --install /home/s2c2/Desktop/SESASR/lab05/build/turtlebot3_simulations
[2.332s] Level 1:colcon.colcon_core.environment:checking '/home/s2c2/Desktop/SESASR/lab05/install/turtlebot3_simulations' for CMake config files
[2.338s] Level 1:colcon.colcon_core.shell:create_environment_hook('turtlebot3_simulations', 'cmake_prefix_path')
[2.343s] INFO:colcon.colcon_core.shell:Creating environment hook '/home/s2c2/Desktop/SESASR/lab05/install/turtlebot3_simulations/share/turtlebot3_simulations/hook/cmake_prefix_path.ps1'
[2.356s] INFO:colcon.colcon_core.shell:Creating environment descriptor '/home/s2c2/Desktop/SESASR/lab05/install/turtlebot3_simulations/share/turtlebot3_simulations/hook/cmake_prefix_path.dsv'
[2.364s] INFO:colcon.colcon_core.shell:Creating environment hook '/home/s2c2/Desktop/SESASR/lab05/install/turtlebot3_simulations/share/turtlebot3_simulations/hook/cmake_prefix_path.sh'
[2.372s] Level 1:colcon.colcon_core.environment:checking '/home/s2c2/Desktop/SESASR/lab05/install/turtlebot3_simulations/bin'
[2.372s] Level 1:colcon.colcon_core.environment:checking '/home/s2c2/Desktop/SESASR/lab05/install/turtlebot3_simulations/lib/pkgconfig/turtlebot3_simulations.pc'
[2.373s] Level 1:colcon.colcon_core.environment:checking '/home/s2c2/Desktop/SESASR/lab05/install/turtlebot3_simulations/lib/python3.10/site-packages'
[2.373s] Level 1:colcon.colcon_core.environment:checking '/home/s2c2/Desktop/SESASR/lab05/install/turtlebot3_simulations/bin'
[2.379s] INFO:colcon.colcon_core.shell:Creating package script '/home/s2c2/Desktop/SESASR/lab05/install/turtlebot3_simulations/share/turtlebot3_simulations/package.ps1'
[2.382s] INFO:colcon.colcon_core.shell:Creating package descriptor '/home/s2c2/Desktop/SESASR/lab05/install/turtlebot3_simulations/share/turtlebot3_simulations/package.dsv'
[2.383s] INFO:colcon.colcon_core.shell:Creating package script '/home/s2c2/Desktop/SESASR/lab05/install/turtlebot3_simulations/share/turtlebot3_simulations/package.sh'
[2.385s] INFO:colcon.colcon_core.shell:Creating package script '/home/s2c2/Desktop/SESASR/lab05/install/turtlebot3_simulations/share/turtlebot3_simulations/package.bash'
[2.387s] INFO:colcon.colcon_core.shell:Creating package script '/home/s2c2/Desktop/SESASR/lab05/install/turtlebot3_simulations/share/turtlebot3_simulations/package.zsh'
[2.389s] Level 1:colcon.colcon_core.environment:create_file_with_runtime_dependencies(/home/s2c2/Desktop/SESASR/lab05/install/turtlebot3_simulations/share/colcon-core/packages/turtlebot3_simulations)
[2.390s] Level 1:colcon.colcon_core.environment:create_environment_scripts_only(turtlebot3_simulations)
[2.391s] Level 1:colcon.colcon_core.environment:checking '/home/s2c2/Desktop/SESASR/lab05/install/turtlebot3_simulations' for CMake module files
[2.392s] Level 1:colcon.colcon_core.environment:checking '/home/s2c2/Desktop/SESASR/lab05/install/turtlebot3_simulations' for CMake config files
[2.393s] Level 1:colcon.colcon_core.shell:create_environment_hook('turtlebot3_simulations', 'cmake_prefix_path')
[2.394s] INFO:colcon.colcon_core.shell:Creating environment hook '/home/s2c2/Desktop/SESASR/lab05/install/turtlebot3_simulations/share/turtlebot3_simulations/hook/cmake_prefix_path.ps1'
[2.397s] INFO:colcon.colcon_core.shell:Creating environment descriptor '/home/s2c2/Desktop/SESASR/lab05/install/turtlebot3_simulations/share/turtlebot3_simulations/hook/cmake_prefix_path.dsv'
[2.399s] INFO:colcon.colcon_core.shell:Creating environment hook '/home/s2c2/Desktop/SESASR/lab05/install/turtlebot3_simulations/share/turtlebot3_simulations/hook/cmake_prefix_path.sh'
[2.401s] Level 1:colcon.colcon_core.environment:checking '/home/s2c2/Desktop/SESASR/lab05/install/turtlebot3_simulations/bin'
[2.401s] Level 1:colcon.colcon_core.environment:checking '/home/s2c2/Desktop/SESASR/lab05/install/turtlebot3_simulations/lib/pkgconfig/turtlebot3_simulations.pc'
[2.402s] Level 1:colcon.colcon_core.environment:checking '/home/s2c2/Desktop/SESASR/lab05/install/turtlebot3_simulations/lib/python3.10/site-packages'
[2.402s] Level 1:colcon.colcon_core.environment:checking '/home/s2c2/Desktop/SESASR/lab05/install/turtlebot3_simulations/bin'
[2.403s] INFO:colcon.colcon_core.shell:Creating package script '/home/s2c2/Desktop/SESASR/lab05/install/turtlebot3_simulations/share/turtlebot3_simulations/package.ps1'
[2.405s] INFO:colcon.colcon_core.shell:Creating package descriptor '/home/s2c2/Desktop/SESASR/lab05/install/turtlebot3_simulations/share/turtlebot3_simulations/package.dsv'
[2.407s] INFO:colcon.colcon_core.shell:Creating package script '/home/s2c2/Desktop/SESASR/lab05/install/turtlebot3_simulations/share/turtlebot3_simulations/package.sh'
[2.412s] INFO:colcon.colcon_core.shell:Creating package script '/home/s2c2/Desktop/SESASR/lab05/install/turtlebot3_simulations/share/turtlebot3_simulations/package.bash'
[2.413s] INFO:colcon.colcon_core.shell:Creating package script '/home/s2c2/Desktop/SESASR/lab05/install/turtlebot3_simulations/share/turtlebot3_simulations/package.zsh'
[2.415s] Level 1:colcon.colcon_core.environment:create_file_with_runtime_dependencies(/home/s2c2/Desktop/SESASR/lab05/install/turtlebot3_simulations/share/colcon-core/packages/turtlebot3_simulations)
[2.421s] DEBUG:colcon.colcon_core.event_handler.log_command:Invoked command in '/home/s2c2/Desktop/SESASR/lab05/build/landmark_msgs' returned '0': CMAKE_PREFIX_PATH=/opt/ros/humble /usr/bin/cmake --build /home/s2c2/Desktop/SESASR/lab05/build/landmark_msgs -- -j4 -l4
[2.429s] DEBUG:colcon.colcon_core.event_handler.log_command:Invoking command in '/home/s2c2/Desktop/SESASR/lab05/build/landmark_msgs': CMAKE_PREFIX_PATH=/opt/ros/humble /usr/bin/cmake --install /home/s2c2/Desktop/SESASR/lab05/build/landmark_msgs
[2.438s] DEBUG:colcon.colcon_core.event_handler.log_command:Invoked command in '/home/s2c2/Desktop/SESASR/lab05/build/turtlebot3_gazebo' returned '0': CMAKE_PREFIX_PATH=/opt/ros/humble /usr/bin/cmake --build /home/s2c2/Desktop/SESASR/lab05/build/turtlebot3_gazebo -- -j4 -l4
[2.451s] DEBUG:colcon.colcon_core.event_handler.log_command:Invoking command in '/home/s2c2/Desktop/SESASR/lab05/build/turtlebot3_gazebo': CMAKE_PREFIX_PATH=/opt/ros/humble /usr/bin/cmake --install /home/s2c2/Desktop/SESASR/lab05/build/turtlebot3_gazebo
[2.519s] Level 1:colcon.colcon_core.environment:create_environment_scripts_only(turtlebot3_gazebo)
[2.525s] Level 1:colcon.colcon_core.environment:checking '/home/s2c2/Desktop/SESASR/lab05/install/turtlebot3_gazebo' for CMake module files
[2.527s] Level 1:colcon.colcon_core.environment:checking '/home/s2c2/Desktop/SESASR/lab05/install/turtlebot3_gazebo' for CMake config files
[2.539s] Level 1:colcon.colcon_core.shell:create_environment_hook('turtlebot3_gazebo', 'cmake_prefix_path')
[2.539s] INFO:colcon.colcon_core.shell:Creating environment hook '/home/s2c2/Desktop/SESASR/lab05/install/turtlebot3_gazebo/share/turtlebot3_gazebo/hook/cmake_prefix_path.ps1'
[2.542s] INFO:colcon.colcon_core.shell:Creating environment descriptor '/home/s2c2/Desktop/SESASR/lab05/install/turtlebot3_gazebo/share/turtlebot3_gazebo/hook/cmake_prefix_path.dsv'
[2.551s] INFO:colcon.colcon_core.shell:Creating environment hook '/home/s2c2/Desktop/SESASR/lab05/install/turtlebot3_gazebo/share/turtlebot3_gazebo/hook/cmake_prefix_path.sh'
[2.552s] Level 1:colcon.colcon_core.environment:checking '/home/s2c2/Desktop/SESASR/lab05/install/turtlebot3_gazebo/lib'
[2.552s] Level 1:colcon.colcon_core.environment:checking '/home/s2c2/Desktop/SESASR/lab05/install/turtlebot3_gazebo/bin'
[2.552s] Level 1:colcon.colcon_core.environment:checking '/home/s2c2/Desktop/SESASR/lab05/install/turtlebot3_gazebo/lib/pkgconfig/turtlebot3_gazebo.pc'
[2.553s] Level 1:colcon.colcon_core.environment:checking '/home/s2c2/Desktop/SESASR/lab05/install/turtlebot3_gazebo/lib/python3.10/site-packages'
[2.553s] Level 1:colcon.colcon_core.environment:checking '/home/s2c2/Desktop/SESASR/lab05/install/turtlebot3_gazebo/bin'
[2.560s] INFO:colcon.colcon_core.shell:Creating package script '/home/s2c2/Desktop/SESASR/lab05/install/turtlebot3_gazebo/share/turtlebot3_gazebo/package.ps1'
[2.565s] INFO:colcon.colcon_core.shell:Creating package descriptor '/home/s2c2/Desktop/SESASR/lab05/install/turtlebot3_gazebo/share/turtlebot3_gazebo/package.dsv'
[2.568s] INFO:colcon.colcon_core.shell:Creating package script '/home/s2c2/Desktop/SESASR/lab05/install/turtlebot3_gazebo/share/turtlebot3_gazebo/package.sh'
[2.569s] INFO:colcon.colcon_core.shell:Creating package script '/home/s2c2/Desktop/SESASR/lab05/install/turtlebot3_gazebo/share/turtlebot3_gazebo/package.bash'
[2.572s] DEBUG:colcon.colcon_core.event_handler.log_command:Invoked command in '/home/s2c2/Desktop/SESASR/lab05/build/turtlebot3_gazebo' returned '0': CMAKE_PREFIX_PATH=/opt/ros/humble /usr/bin/cmake --install /home/s2c2/Desktop/SESASR/lab05/build/turtlebot3_gazebo
[2.572s] INFO:colcon.colcon_core.shell:Creating package script '/home/s2c2/Desktop/SESASR/lab05/install/turtlebot3_gazebo/share/turtlebot3_gazebo/package.zsh'
[2.573s] Level 1:colcon.colcon_core.environment:create_file_with_runtime_dependencies(/home/s2c2/Desktop/SESASR/lab05/install/turtlebot3_gazebo/share/colcon-core/packages/turtlebot3_gazebo)
[2.575s] Level 1:colcon.colcon_core.environment:create_environment_scripts_only(turtlebot3_gazebo)
[2.575s] Level 1:colcon.colcon_core.environment:checking '/home/s2c2/Desktop/SESASR/lab05/install/turtlebot3_gazebo' for CMake module files
[2.576s] Level 1:colcon.colcon_core.environment:checking '/home/s2c2/Desktop/SESASR/lab05/install/turtlebot3_gazebo' for CMake config files
[2.578s] Level 1:colcon.colcon_core.shell:create_environment_hook('turtlebot3_gazebo', 'cmake_prefix_path')
[2.579s] INFO:colcon.colcon_core.shell:Creating environment hook '/home/s2c2/Desktop/SESASR/lab05/install/turtlebot3_gazebo/share/turtlebot3_gazebo/hook/cmake_prefix_path.ps1'
[2.580s] INFO:colcon.colcon_core.shell:Creating environment descriptor '/home/s2c2/Desktop/SESASR/lab05/install/turtlebot3_gazebo/share/turtlebot3_gazebo/hook/cmake_prefix_path.dsv'
[2.581s] INFO:colcon.colcon_core.shell:Creating environment hook '/home/s2c2/Desktop/SESASR/lab05/install/turtlebot3_gazebo/share/turtlebot3_gazebo/hook/cmake_prefix_path.sh'
[2.583s] Level 1:colcon.colcon_core.environment:checking '/home/s2c2/Desktop/SESASR/lab05/install/turtlebot3_gazebo/lib'
[2.583s] Level 1:colcon.colcon_core.environment:checking '/home/s2c2/Desktop/SESASR/lab05/install/turtlebot3_gazebo/bin'
[2.583s] Level 1:colcon.colcon_core.environment:checking '/home/s2c2/Desktop/SESASR/lab05/install/turtlebot3_gazebo/lib/pkgconfig/turtlebot3_gazebo.pc'
[2.583s] Level 1:colcon.colcon_core.environment:checking '/home/s2c2/Desktop/SESASR/lab05/install/turtlebot3_gazebo/lib/python3.10/site-packages'
[2.583s] Level 1:colcon.colcon_core.environment:checking '/home/s2c2/Desktop/SESASR/lab05/install/turtlebot3_gazebo/bin'
[2.584s] INFO:colcon.colcon_core.shell:Creating package script '/home/s2c2/Desktop/SESASR/lab05/install/turtlebot3_gazebo/share/turtlebot3_gazebo/package.ps1'
[2.585s] INFO:colcon.colcon_core.shell:Creating package descriptor '/home/s2c2/Desktop/SESASR/lab05/install/turtlebot3_gazebo/share/turtlebot3_gazebo/package.dsv'
[2.587s] INFO:colcon.colcon_core.shell:Creating package script '/home/s2c2/Desktop/SESASR/lab05/install/turtlebot3_gazebo/share/turtlebot3_gazebo/package.sh'
[2.588s] INFO:colcon.colcon_core.shell:Creating package script '/home/s2c2/Desktop/SESASR/lab05/install/turtlebot3_gazebo/share/turtlebot3_gazebo/package.bash'
[2.589s] INFO:colcon.colcon_core.shell:Creating package script '/home/s2c2/Desktop/SESASR/lab05/install/turtlebot3_gazebo/share/turtlebot3_gazebo/package.zsh'
[2.590s] Level 1:colcon.colcon_core.environment:create_file_with_runtime_dependencies(/home/s2c2/Desktop/SESASR/lab05/install/turtlebot3_gazebo/share/colcon-core/packages/turtlebot3_gazebo)
[2.695s] Level 1:colcon.colcon_core.environment:create_environment_scripts_only(landmark_msgs)
[2.696s] Level 1:colcon.colcon_core.environment:checking '/home/s2c2/Desktop/SESASR/lab05/install/landmark_msgs' for CMake module files
[2.697s] Level 1:colcon.colcon_core.environment:checking '/home/s2c2/Desktop/SESASR/lab05/install/landmark_msgs' for CMake config files
[2.698s] DEBUG:colcon.colcon_core.event_handler.log_command:Invoked command in '/home/s2c2/Desktop/SESASR/lab05/build/landmark_msgs' returned '0': CMAKE_PREFIX_PATH=/opt/ros/humble /usr/bin/cmake --install /home/s2c2/Desktop/SESASR/lab05/build/landmark_msgs
[2.700s] Level 1:colcon.colcon_core.shell:create_environment_hook('landmark_msgs', 'cmake_prefix_path')
[2.700s] INFO:colcon.colcon_core.shell:Creating environment hook '/home/s2c2/Desktop/SESASR/lab05/install/landmark_msgs/share/landmark_msgs/hook/cmake_prefix_path.ps1'
[2.702s] INFO:colcon.colcon_core.shell:Creating environment descriptor '/home/s2c2/Desktop/SESASR/lab05/install/landmark_msgs/share/landmark_msgs/hook/cmake_prefix_path.dsv'
[2.704s] INFO:colcon.colcon_core.shell:Creating environment hook '/home/s2c2/Desktop/SESASR/lab05/install/landmark_msgs/share/landmark_msgs/hook/cmake_prefix_path.sh'
[2.706s] Level 1:colcon.colcon_core.environment:checking '/home/s2c2/Desktop/SESASR/lab05/install/landmark_msgs/lib'
[2.706s] Level 1:colcon.colcon_core.shell:create_environment_hook('landmark_msgs', 'ld_library_path_lib')
[2.706s] INFO:colcon.colcon_core.shell:Creating environment hook '/home/s2c2/Desktop/SESASR/lab05/install/landmark_msgs/share/landmark_msgs/hook/ld_library_path_lib.ps1'
[2.707s] INFO:colcon.colcon_core.shell:Creating environment descriptor '/home/s2c2/Desktop/SESASR/lab05/install/landmark_msgs/share/landmark_msgs/hook/ld_library_path_lib.dsv'
[2.708s] INFO:colcon.colcon_core.shell:Creating environment hook '/home/s2c2/Desktop/SESASR/lab05/install/landmark_msgs/share/landmark_msgs/hook/ld_library_path_lib.sh'
[2.710s] Level 1:colcon.colcon_core.environment:checking '/home/s2c2/Desktop/SESASR/lab05/install/landmark_msgs/bin'
[2.710s] Level 1:colcon.colcon_core.environment:checking '/home/s2c2/Desktop/SESASR/lab05/install/landmark_msgs/lib/pkgconfig/landmark_msgs.pc'
[2.711s] Level 1:colcon.colcon_core.environment:checking '/home/s2c2/Desktop/SESASR/lab05/install/landmark_msgs/lib/python3.10/site-packages'
[2.711s] Level 1:colcon.colcon_core.environment:checking '/home/s2c2/Desktop/SESASR/lab05/install/landmark_msgs/bin'
[2.712s] INFO:colcon.colcon_core.shell:Creating package script '/home/s2c2/Desktop/SESASR/lab05/install/landmark_msgs/share/landmark_msgs/package.ps1'
[2.714s] INFO:colcon.colcon_core.shell:Creating package descriptor '/home/s2c2/Desktop/SESASR/lab05/install/landmark_msgs/share/landmark_msgs/package.dsv'
[2.715s] INFO:colcon.colcon_core.shell:Creating package script '/home/s2c2/Desktop/SESASR/lab05/install/landmark_msgs/share/landmark_msgs/package.sh'
[2.717s] INFO:colcon.colcon_core.shell:Creating package script '/home/s2c2/Desktop/SESASR/lab05/install/landmark_msgs/share/landmark_msgs/package.bash'
[2.719s] INFO:colcon.colcon_core.shell:Creating package script '/home/s2c2/Desktop/SESASR/lab05/install/landmark_msgs/share/landmark_msgs/package.zsh'
[2.720s] Level 1:colcon.colcon_core.environment:create_file_with_runtime_dependencies(/home/s2c2/Desktop/SESASR/lab05/install/landmark_msgs/share/colcon-core/packages/landmark_msgs)
[2.723s] Level 1:colcon.colcon_core.environment:create_environment_scripts_only(landmark_msgs)
[2.723s] Level 1:colcon.colcon_core.environment:checking '/home/s2c2/Desktop/SESASR/lab05/install/landmark_msgs' for CMake module files
[2.725s] Level 1:colcon.colcon_core.environment:checking '/home/s2c2/Desktop/SESASR/lab05/install/landmark_msgs' for CMake config files
[2.726s] Level 1:colcon.colcon_core.shell:create_environment_hook('landmark_msgs', 'cmake_prefix_path')
[2.727s] INFO:colcon.colcon_core.shell:Creating environment hook '/home/s2c2/Desktop/SESASR/lab05/install/landmark_msgs/share/landmark_msgs/hook/cmake_prefix_path.ps1'
[2.728s] INFO:colcon.colcon_core.shell:Creating environment descriptor '/home/s2c2/Desktop/SESASR/lab05/install/landmark_msgs/share/landmark_msgs/hook/cmake_prefix_path.dsv'
[2.729s] INFO:colcon.colcon_core.shell:Creating environment hook '/home/s2c2/Desktop/SESASR/lab05/install/landmark_msgs/share/landmark_msgs/hook/cmake_prefix_path.sh'
[2.731s] Level 1:colcon.colcon_core.environment:checking '/home/s2c2/Desktop/SESASR/lab05/install/landmark_msgs/lib'
[2.731s] Level 1:colcon.colcon_core.shell:create_environment_hook('landmark_msgs', 'ld_library_path_lib')
[2.732s] INFO:colcon.colcon_core.shell:Creating environment hook '/home/s2c2/Desktop/SESASR/lab05/install/landmark_msgs/share/landmark_msgs/hook/ld_library_path_lib.ps1'
[2.733s] INFO:colcon.colcon_core.shell:Creating environment descriptor '/home/s2c2/Desktop/SESASR/lab05/install/landmark_msgs/share/landmark_msgs/hook/ld_library_path_lib.dsv'
[2.734s] INFO:colcon.colcon_core.shell:Creating environment hook '/home/s2c2/Desktop/SESASR/lab05/install/landmark_msgs/share/landmark_msgs/hook/ld_library_path_lib.sh'
[2.736s] Level 1:colcon.colcon_core.environment:checking '/home/s2c2/Desktop/SESASR/lab05/install/landmark_msgs/bin'
[2.736s] Level 1:colcon.colcon_core.environment:checking '/home/s2c2/Desktop/SESASR/lab05/install/landmark_msgs/lib/pkgconfig/landmark_msgs.pc'
[2.737s] Level 1:colcon.colcon_core.environment:checking '/home/s2c2/Desktop/SESASR/lab05/install/landmark_msgs/lib/python3.10/site-packages'
[2.737s] Level 1:colcon.colcon_core.environment:checking '/home/s2c2/Desktop/SESASR/lab05/install/landmark_msgs/bin'
[2.738s] INFO:colcon.colcon_core.shell:Creating package script '/home/s2c2/Desktop/SESASR/lab05/install/landmark_msgs/share/landmark_msgs/package.ps1'
[2.739s] INFO:colcon.colcon_core.shell:Creating package descriptor '/home/s2c2/Desktop/SESASR/lab05/install/landmark_msgs/share/landmark_msgs/package.dsv'
[2.741s] INFO:colcon.colcon_core.shell:Creating package script '/home/s2c2/Desktop/SESASR/lab05/install/landmark_msgs/share/landmark_msgs/package.sh'
[2.742s] INFO:colcon.colcon_core.shell:Creating package script '/home/s2c2/Desktop/SESASR/lab05/install/landmark_msgs/share/landmark_msgs/package.bash'
[2.744s] INFO:colcon.colcon_core.shell:Creating package script '/home/s2c2/Desktop/SESASR/lab05/install/landmark_msgs/share/landmark_msgs/package.zsh'
[2.745s] Level 1:colcon.colcon_core.environment:create_file_with_runtime_dependencies(/home/s2c2/Desktop/SESASR/lab05/install/landmark_msgs/share/colcon-core/packages/landmark_msgs)
[2.746s] INFO:colcon.colcon_ros.task.ament_python.build:Building ROS package in '/home/s2c2/Desktop/SESASR/lab05/src/turtlebot3_perception/turtlebot3_perception' with build type 'ament_python'
[2.746s] Level 1:colcon.colcon_core.shell:create_environment_hook('turtlebot3_perception', 'ament_prefix_path')
[2.747s] INFO:colcon.colcon_core.shell:Creating environment hook '/home/s2c2/Desktop/SESASR/lab05/install/turtlebot3_perception/share/turtlebot3_perception/hook/ament_prefix_path.ps1'
[2.748s] INFO:colcon.colcon_core.shell:Creating environment descriptor '/home/s2c2/Desktop/SESASR/lab05/install/turtlebot3_perception/share/turtlebot3_perception/hook/ament_prefix_path.dsv'
[2.749s] INFO:colcon.colcon_core.shell:Creating environment hook '/home/s2c2/Desktop/SESASR/lab05/install/turtlebot3_perception/share/turtlebot3_perception/hook/ament_prefix_path.sh'
[2.754s] INFO:colcon.colcon_core.shell:Skip shell extension 'powershell' for command environment: Not usable outside of PowerShell
[2.754s] DEBUG:colcon.colcon_core.shell:Skip shell extension 'dsv' for command environment
[3.459s] INFO:colcon.colcon_core.task.python.build:Building Python package in '/home/s2c2/Desktop/SESASR/lab05/src/turtlebot3_perception/turtlebot3_perception'
[3.460s] INFO:colcon.colcon_core.shell:Skip shell extension 'powershell' for command environment: Not usable outside of PowerShell
[3.460s] DEBUG:colcon.colcon_core.shell:Skip shell extension 'dsv' for command environment
[3.478s] DEBUG:colcon.colcon_core.event_handler.log_command:Invoking command in '/home/s2c2/Desktop/SESASR/lab05/src/pf_pkg': PYTHONPATH=/home/s2c2/Desktop/SESASR/lab05/build/pf_pkg/prefix_override:/usr/lib/python3/dist-packages/colcon_core/task/python/colcon_distutils_commands:/home/s2c2/Desktop/SESASR/lab05/install/pf_pkg/lib/python3.10/site-packages:${PYTHONPATH} /usr/bin/python3 -W ignore:setup.py install is deprecated -W ignore:easy_install command is deprecated setup.py egg_info --egg-base ../../build/pf_pkg build --build-base /home/s2c2/Desktop/SESASR/lab05/build/pf_pkg/build install --record /home/s2c2/Desktop/SESASR/lab05/build/pf_pkg/install.log --single-version-externally-managed install_data
[4.220s] Level 1:colcon.colcon_core.environment:checking '/home/s2c2/Desktop/SESASR/lab05/install/pf_pkg' for CMake module files
[4.223s] DEBUG:colcon.colcon_core.event_handler.log_command:Invoked command in '/home/s2c2/Desktop/SESASR/lab05/src/pf_pkg' returned '0': PYTHONPATH=/home/s2c2/Desktop/SESASR/lab05/build/pf_pkg/prefix_override:/usr/lib/python3/dist-packages/colcon_core/task/python/colcon_distutils_commands:/home/s2c2/Desktop/SESASR/lab05/install/pf_pkg/lib/python3.10/site-packages:${PYTHONPATH} /usr/bin/python3 -W ignore:setup.py install is deprecated -W ignore:easy_install command is deprecated setup.py egg_info --egg-base ../../build/pf_pkg build --build-base /home/s2c2/Desktop/SESASR/lab05/build/pf_pkg/build install --record /home/s2c2/Desktop/SESASR/lab05/build/pf_pkg/install.log --single-version-externally-managed install_data
[4.226s] Level 1:colcon.colcon_core.environment:checking '/home/s2c2/Desktop/SESASR/lab05/install/pf_pkg' for CMake config files
[4.228s] Level 1:colcon.colcon_core.environment:checking '/home/s2c2/Desktop/SESASR/lab05/install/pf_pkg/lib'
[4.229s] Level 1:colcon.colcon_core.environment:checking '/home/s2c2/Desktop/SESASR/lab05/install/pf_pkg/bin'
[4.229s] Level 1:colcon.colcon_core.environment:checking '/home/s2c2/Desktop/SESASR/lab05/install/pf_pkg/lib/pkgconfig/pf_pkg.pc'
[4.230s] Level 1:colcon.colcon_core.environment:checking '/home/s2c2/Desktop/SESASR/lab05/install/pf_pkg/lib/python3.10/site-packages'
[4.230s] Level 1:colcon.colcon_core.shell:create_environment_hook('pf_pkg', 'pythonpath')
[4.231s] INFO:colcon.colcon_core.shell:Creating environment hook '/home/s2c2/Desktop/SESASR/lab05/install/pf_pkg/share/pf_pkg/hook/pythonpath.ps1'
[4.233s] INFO:colcon.colcon_core.shell:Creating environment descriptor '/home/s2c2/Desktop/SESASR/lab05/install/pf_pkg/share/pf_pkg/hook/pythonpath.dsv'
[4.235s] INFO:colcon.colcon_core.shell:Creating environment hook '/home/s2c2/Desktop/SESASR/lab05/install/pf_pkg/share/pf_pkg/hook/pythonpath.sh'
[4.237s] Level 1:colcon.colcon_core.environment:checking '/home/s2c2/Desktop/SESASR/lab05/install/pf_pkg/bin'
[4.238s] Level 1:colcon.colcon_core.environment:create_environment_scripts_only(pf_pkg)
[4.239s] INFO:colcon.colcon_core.shell:Creating package script '/home/s2c2/Desktop/SESASR/lab05/install/pf_pkg/share/pf_pkg/package.ps1'
[4.241s] INFO:colcon.colcon_core.shell:Creating package descriptor '/home/s2c2/Desktop/SESASR/lab05/install/pf_pkg/share/pf_pkg/package.dsv'
[4.243s] INFO:colcon.colcon_core.shell:Creating package script '/home/s2c2/Desktop/SESASR/lab05/install/pf_pkg/share/pf_pkg/package.sh'
[4.247s] INFO:colcon.colcon_core.shell:Creating package script '/home/s2c2/Desktop/SESASR/lab05/install/pf_pkg/share/pf_pkg/package.bash'
[4.248s] INFO:colcon.colcon_core.shell:Creating package script '/home/s2c2/Desktop/SESASR/lab05/install/pf_pkg/share/pf_pkg/package.zsh'
[4.250s] Level 1:colcon.colcon_core.environment:create_file_with_runtime_dependencies(/home/s2c2/Desktop/SESASR/lab05/install/pf_pkg/share/colcon-core/packages/pf_pkg)
[4.572s] DEBUG:colcon.colcon_core.event_handler.log_command:Invoking command in '/home/s2c2/Desktop/SESASR/lab05/src/turtlebot3_perception/turtlebot3_perception': AMENT_PREFIX_PATH=/home/s2c2/Desktop/SESASR/lab05/install/landmark_msgs:${AMENT_PREFIX_PATH} CMAKE_PREFIX_PATH=/home/s2c2/Desktop/SESASR/lab05/install/landmark_msgs LD_LIBRARY_PATH=/home/s2c2/Desktop/SESASR/lab05/install/landmark_msgs/lib:/usr/lib/x86_64-linux-gnu/gazebo-11/plugins:/opt/ros/humble/opt/rviz_ogre_vendor/lib:/opt/ros/humble/lib/x86_64-linux-gnu:/opt/ros/humble/lib:/usr/share/gazebo/../../lib/x86_64-linux-gnu/gazebo-11/plugins:/usr/share/gazebo/../../lib/x86_64-linux-gnu/gazebo-11/plugins:/usr/share/gazebo/../../lib/x86_64-linux-gnu/gazebo-11/plugins PYTHONPATH=/home/s2c2/Desktop/SESASR/lab05/build/turtlebot3_perception/prefix_override:/usr/lib/python3/dist-packages/colcon_core/task/python/colcon_distutils_commands:/home/s2c2/Desktop/SESASR/lab05/install/turtlebot3_perception/lib/python3.10/site-packages:/home/s2c2/Desktop/SESASR/lab05/install/landmark_msgs/local/lib/python3.10/dist-packages:${PYTHONPATH} /usr/bin/python3 -W ignore:setup.py install is deprecated -W ignore:easy_install command is deprecated setup.py egg_info --egg-base ../../../build/turtlebot3_perception build --build-base /home/s2c2/Desktop/SESASR/lab05/build/turtlebot3_perception/build install --record /home/s2c2/Desktop/SESASR/lab05/build/turtlebot3_perception/install.log --single-version-externally-managed install_data
[5.389s] Level 1:colcon.colcon_core.environment:checking '/home/s2c2/Desktop/SESASR/lab05/install/turtlebot3_perception' for CMake module files
[5.391s] DEBUG:colcon.colcon_core.event_handler.log_command:Invoked command in '/home/s2c2/Desktop/SESASR/lab05/src/turtlebot3_perception/turtlebot3_perception' returned '0': AMENT_PREFIX_PATH=/home/s2c2/Desktop/SESASR/lab05/install/landmark_msgs:${AMENT_PREFIX_PATH} CMAKE_PREFIX_PATH=/home/s2c2/Desktop/SESASR/lab05/install/landmark_msgs LD_LIBRARY_PATH=/home/s2c2/Desktop/SESASR/lab05/install/landmark_msgs/lib:/usr/lib/x86_64-linux-gnu/gazebo-11/plugins:/opt/ros/humble/opt/rviz_ogre_vendor/lib:/opt/ros/humble/lib/x86_64-linux-gnu:/opt/ros/humble/lib:/usr/share/gazebo/../../lib/x86_64-linux-gnu/gazebo-11/plugins:/usr/share/gazebo/../../lib/x86_64-linux-gnu/gazebo-11/plugins:/usr/share/gazebo/../../lib/x86_64-linux-gnu/gazebo-11/plugins PYTHONPATH=/home/s2c2/Desktop/SESASR/lab05/build/turtlebot3_perception/prefix_override:/usr/lib/python3/dist-packages/colcon_core/task/python/colcon_distutils_commands:/home/s2c2/Desktop/SESASR/lab05/install/turtlebot3_perception/lib/python3.10/site-packages:/home/s2c2/Desktop/SESASR/lab05/install/landmark_msgs/local/lib/python3.10/dist-packages:${PYTHONPATH} /usr/bin/python3 -W ignore:setup.py install is deprecated -W ignore:easy_install command is deprecated setup.py egg_info --egg-base ../../../build/turtlebot3_perception build --build-base /home/s2c2/Desktop/SESASR/lab05/build/turtlebot3_perception/build install --record /home/s2c2/Desktop/SESASR/lab05/build/turtlebot3_perception/install.log --single-version-externally-managed install_data
[5.393s] Level 1:colcon.colcon_core.environment:checking '/home/s2c2/Desktop/SESASR/lab05/install/turtlebot3_perception' for CMake config files
[5.395s] Level 1:colcon.colcon_core.environment:checking '/home/s2c2/Desktop/SESASR/lab05/install/turtlebot3_perception/lib'
[5.395s] Level 1:colcon.colcon_core.environment:checking '/home/s2c2/Desktop/SESASR/lab05/install/turtlebot3_perception/bin'
[5.395s] Level 1:colcon.colcon_core.environment:checking '/home/s2c2/Desktop/SESASR/lab05/install/turtlebot3_perception/lib/pkgconfig/turtlebot3_perception.pc'
[5.395s] Level 1:colcon.colcon_core.environment:checking '/home/s2c2/Desktop/SESASR/lab05/install/turtlebot3_perception/lib/python3.10/site-packages'
[5.396s] Level 1:colcon.colcon_core.shell:create_environment_hook('turtlebot3_perception', 'pythonpath')
[5.396s] INFO:colcon.colcon_core.shell:Creating environment hook '/home/s2c2/Desktop/SESASR/lab05/install/turtlebot3_perception/share/turtlebot3_perception/hook/pythonpath.ps1'
[5.398s] INFO:colcon.colcon_core.shell:Creating environment descriptor '/home/s2c2/Desktop/SESASR/lab05/install/turtlebot3_perception/share/turtlebot3_perception/hook/pythonpath.dsv'
[5.399s] INFO:colcon.colcon_core.shell:Creating environment hook '/home/s2c2/Desktop/SESASR/lab05/install/turtlebot3_perception/share/turtlebot3_perception/hook/pythonpath.sh'
[5.402s] Level 1:colcon.colcon_core.environment:checking '/home/s2c2/Desktop/SESASR/lab05/install/turtlebot3_perception/bin'
[5.403s] Level 1:colcon.colcon_core.environment:create_environment_scripts_only(turtlebot3_perception)
[5.404s] INFO:colcon.colcon_core.shell:Creating package script '/home/s2c2/Desktop/SESASR/lab05/install/turtlebot3_perception/share/turtlebot3_perception/package.ps1'
[5.405s] INFO:colcon.colcon_core.shell:Creating package descriptor '/home/s2c2/Desktop/SESASR/lab05/install/turtlebot3_perception/share/turtlebot3_perception/package.dsv'
[5.407s] INFO:colcon.colcon_core.shell:Creating package script '/home/s2c2/Desktop/SESASR/lab05/install/turtlebot3_perception/share/turtlebot3_perception/package.sh'
[5.409s] INFO:colcon.colcon_core.shell:Creating package script '/home/s2c2/Desktop/SESASR/lab05/install/turtlebot3_perception/share/turtlebot3_perception/package.bash'
[5.410s] INFO:colcon.colcon_core.shell:Creating package script '/home/s2c2/Desktop/SESASR/lab05/install/turtlebot3_perception/share/turtlebot3_perception/package.zsh'
[5.411s] Level 1:colcon.colcon_core.environment:create_file_with_runtime_dependencies(/home/s2c2/Desktop/SESASR/lab05/install/turtlebot3_perception/share/colcon-core/packages/turtlebot3_perception)
[5.413s] DEBUG:colcon.colcon_parallel_executor.executor.parallel:closing loop
[5.414s] DEBUG:colcon.colcon_parallel_executor.executor.parallel:loop closed
[5.415s] DEBUG:colcon.colcon_parallel_executor.executor.parallel:run_until_complete finished with '0'
[5.415s] DEBUG:colcon.colcon_core.event_reactor:joining thread
[5.445s] INFO:colcon.colcon_core.plugin_system:Skipping extension 'colcon_notification.desktop_notification.terminal_notifier': Not used on non-Darwin systems
[5.445s] INFO:colcon.colcon_core.plugin_system:Skipping extension 'colcon_notification.desktop_notification.win32': Not used on non-Windows systems
[5.446s] INFO:colcon.colcon_notification.desktop_notification:Sending desktop notification using 'notify2'
[5.505s] DEBUG:colcon.colcon_core.event_reactor:joined thread
[5.506s] INFO:colcon.colcon_core.shell:Creating prefix script '/home/s2c2/Desktop/SESASR/lab05/install/local_setup.ps1'
[5.509s] INFO:colcon.colcon_core.shell:Creating prefix util module '/home/s2c2/Desktop/SESASR/lab05/install/_local_setup_util_ps1.py'
[5.514s] INFO:colcon.colcon_core.shell:Creating prefix chain script '/home/s2c2/Desktop/SESASR/lab05/install/setup.ps1'
[5.517s] INFO:colcon.colcon_core.shell:Creating prefix script '/home/s2c2/Desktop/SESASR/lab05/install/local_setup.sh'
[5.519s] INFO:colcon.colcon_core.shell:Creating prefix util module '/home/s2c2/Desktop/SESASR/lab05/install/_local_setup_util_sh.py'
[5.522s] INFO:colcon.colcon_core.shell:Creating prefix chain script '/home/s2c2/Desktop/SESASR/lab05/install/setup.sh'
[5.525s] INFO:colcon.colcon_core.shell:Creating prefix script '/home/s2c2/Desktop/SESASR/lab05/install/local_setup.bash'
[5.527s] INFO:colcon.colcon_core.shell:Creating prefix chain script '/home/s2c2/Desktop/SESASR/lab05/install/setup.bash'
[5.533s] INFO:colcon.colcon_core.shell:Creating prefix script '/home/s2c2/Desktop/SESASR/lab05/install/local_setup.zsh'
[5.536s] INFO:colcon.colcon_core.shell:Creating prefix chain script '/home/s2c2/Desktop/SESASR/lab05/install/setup.zsh'
