[0.177s] Invoking command in '/home/lincunha/SESASR/lab02/build/turtlebot3_fake_node': CMAKE_PREFIX_PATH=${CMAKE_PREFIX_PATH}:/home/lincunha/SESASR/lab02/install/lab02_pkg:/opt/ros/humble /usr/bin/cmake --build /home/lincunha/SESASR/lab02/build/turtlebot3_fake_node -- -j8 -l8
[0.584s] [100%] Built target turtlebot3_fake_node
[2.677s] Invoked command in '/home/lincunha/SESASR/lab02/build/turtlebot3_fake_node' returned '0': CMAKE_PREFIX_PATH=${CMAKE_PREFIX_PATH}:/home/lincunha/SESASR/lab02/install/lab02_pkg:/opt/ros/humble /usr/bin/cmake --build /home/lincunha/SESASR/lab02/build/turtlebot3_fake_node -- -j8 -l8
[2.988s] Invoking command in '/home/lincunha/SESASR/lab02/build/turtlebot3_fake_node': CMAKE_PREFIX_PATH=${CMAKE_PREFIX_PATH}:/home/lincunha/SESASR/lab02/install/lab02_pkg:/opt/ros/humble /usr/bin/cmake --install /home/lincunha/SESASR/lab02/build/turtlebot3_fake_node
[3.026s] -- Install configuration: ""
[3.027s] -- Execute custom install script
[3.035s] -- Up-to-date symlink: /home/lincunha/SESASR/lab02/install/turtlebot3_fake_node/lib/turtlebot3_fake_node/turtlebot3_fake_node
[3.036s] -- Up-to-date symlink: /home/lincunha/SESASR/lab02/install/turtlebot3_fake_node/share/turtlebot3_fake_node/launch/rviz2.launch.py
[3.037s] -- Up-to-date symlink: /home/lincunha/SESASR/lab02/install/turtlebot3_fake_node/share/turtlebot3_fake_node/launch/turtlebot3_fake_node.launch.py
[3.038s] -- Up-to-date symlink: /home/lincunha/SESASR/lab02/install/turtlebot3_fake_node/share/turtlebot3_fake_node/param/burger.yaml
[3.039s] -- Up-to-date symlink: /home/lincunha/SESASR/lab02/install/turtlebot3_fake_node/share/turtlebot3_fake_node/param/waffle.yaml
[3.040s] -- Up-to-date symlink: /home/lincunha/SESASR/lab02/install/turtlebot3_fake_node/share/turtlebot3_fake_node/param/waffle_pi.yaml
[3.042s] -- Up-to-date symlink: /home/lincunha/SESASR/lab02/install/turtlebot3_fake_node/include//turtlebot3_fake_node/turtlebot3_fake_node.hpp
[3.048s] -- Up-to-date symlink: /home/lincunha/SESASR/lab02/install/turtlebot3_fake_node/share/ament_index/resource_index/package_run_dependencies/turtlebot3_fake_node
[3.052s] -- Up-to-date symlink: /home/lincunha/SESASR/lab02/install/turtlebot3_fake_node/share/ament_index/resource_index/parent_prefix_path/turtlebot3_fake_node
[3.052s] -- Up-to-date symlink: /home/lincunha/SESASR/lab02/install/turtlebot3_fake_node/share/turtlebot3_fake_node/environment/ament_prefix_path.sh
[3.053s] -- Up-to-date symlink: /home/lincunha/SESASR/lab02/install/turtlebot3_fake_node/share/turtlebot3_fake_node/environment/ament_prefix_path.dsv
[3.054s] -- Up-to-date symlink: /home/lincunha/SESASR/lab02/install/turtlebot3_fake_node/share/turtlebot3_fake_node/environment/path.sh
[3.055s] -- Up-to-date symlink: /home/lincunha/SESASR/lab02/install/turtlebot3_fake_node/share/turtlebot3_fake_node/environment/path.dsv
[3.058s] -- Up-to-date symlink: /home/lincunha/SESASR/lab02/install/turtlebot3_fake_node/share/turtlebot3_fake_node/local_setup.bash
[3.058s] -- Up-to-date symlink: /home/lincunha/SESASR/lab02/install/turtlebot3_fake_node/share/turtlebot3_fake_node/local_setup.sh
[3.059s] -- Up-to-date symlink: /home/lincunha/SESASR/lab02/install/turtlebot3_fake_node/share/turtlebot3_fake_node/local_setup.zsh
[3.060s] -- Up-to-date symlink: /home/lincunha/SESASR/lab02/install/turtlebot3_fake_node/share/turtlebot3_fake_node/local_setup.dsv
[3.060s] -- Symlinking: /home/lincunha/SESASR/lab02/install/turtlebot3_fake_node/share/turtlebot3_fake_node/package.dsv
[3.118s] -- Up-to-date symlink: /home/lincunha/SESASR/lab02/install/turtlebot3_fake_node/share/ament_index/resource_index/packages/turtlebot3_fake_node
[3.120s] -- Up-to-date symlink: /home/lincunha/SESASR/lab02/install/turtlebot3_fake_node/share/turtlebot3_fake_node/cmake/ament_cmake_export_include_directories-extras.cmake
[3.121s] -- Up-to-date symlink: /home/lincunha/SESASR/lab02/install/turtlebot3_fake_node/share/turtlebot3_fake_node/cmake/ament_cmake_export_dependencies-extras.cmake
[3.125s] -- Up-to-date symlink: /home/lincunha/SESASR/lab02/install/turtlebot3_fake_node/share/turtlebot3_fake_node/cmake/turtlebot3_fake_nodeConfig.cmake
[3.129s] -- Up-to-date symlink: /home/lincunha/SESASR/lab02/install/turtlebot3_fake_node/share/turtlebot3_fake_node/cmake/turtlebot3_fake_nodeConfig-version.cmake
[3.131s] -- Up-to-date symlink: /home/lincunha/SESASR/lab02/install/turtlebot3_fake_node/share/turtlebot3_fake_node/package.xml
[3.176s] Invoked command in '/home/lincunha/SESASR/lab02/build/turtlebot3_fake_node' returned '0': CMAKE_PREFIX_PATH=${CMAKE_PREFIX_PATH}:/home/lincunha/SESASR/lab02/install/lab02_pkg:/opt/ros/humble /usr/bin/cmake --install /home/lincunha/SESASR/lab02/build/turtlebot3_fake_node
