[1.172s] Invoking command in '/home/lincunha/lab01/src/lab01_pkg': PYTHONPATH=/home/lincunha/lab01/build/lab01_pkg/prefix_override:/usr/lib/python3/dist-packages/colcon_core/task/python/colcon_distutils_commands:/home/lincunha/lab01/install/lab01_pkg/lib/python3.10/site-packages:${PYTHONPATH} /usr/bin/python3 -W ignore:setup.py install is deprecated setup.py egg_info --egg-base ../../build/lab01_pkg build --build-base /home/lincunha/lab01/build/lab01_pkg/build install --record /home/lincunha/lab01/build/lab01_pkg/install.log --single-version-externally-managed install_data
[1.629s] running egg_info
[1.633s] writing ../../build/lab01_pkg/lab01_pkg.egg-info/PKG-INFO
[1.633s] writing dependency_links to ../../build/lab01_pkg/lab01_pkg.egg-info/dependency_links.txt
[1.634s] writing entry points to ../../build/lab01_pkg/lab01_pkg.egg-info/entry_points.txt
[1.634s] writing requirements to ../../build/lab01_pkg/lab01_pkg.egg-info/requires.txt
[1.635s] writing top-level names to ../../build/lab01_pkg/lab01_pkg.egg-info/top_level.txt
[1.638s] reading manifest file '../../build/lab01_pkg/lab01_pkg.egg-info/SOURCES.txt'
[1.639s] adding license file 'LICENSE'
[1.640s] writing manifest file '../../build/lab01_pkg/lab01_pkg.egg-info/SOURCES.txt'
[1.640s] running build
[1.640s] running build_py
[1.641s] copying lab01_pkg/reset_node.py -> /home/lincunha/lab01/build/lab01_pkg/build/lib/lab01_pkg
[1.641s] running install
[1.642s] running install_lib
[1.646s] copying /home/lincunha/lab01/build/lab01_pkg/build/lib/lab01_pkg/reset_node.py -> /home/lincunha/lab01/install/lab01_pkg/lib/python3.10/site-packages/lab01_pkg
[1.648s] byte-compiling /home/lincunha/lab01/install/lab01_pkg/lib/python3.10/site-packages/lab01_pkg/reset_node.py to reset_node.cpython-310.pyc
[1.649s] running install_data
[1.649s] running install_egg_info
[1.652s] removing '/home/lincunha/lab01/install/lab01_pkg/lib/python3.10/site-packages/lab01_pkg-0.0.0-py3.10.egg-info' (and everything under it)
[1.652s] Copying ../../build/lab01_pkg/lab01_pkg.egg-info to /home/lincunha/lab01/install/lab01_pkg/lib/python3.10/site-packages/lab01_pkg-0.0.0-py3.10.egg-info
[1.655s] running install_scripts
[1.701s] Installing controller script to /home/lincunha/lab01/install/lab01_pkg/lib/lab01_pkg
[1.701s] Installing controller_reset script to /home/lincunha/lab01/install/lab01_pkg/lib/lab01_pkg
[1.702s] Installing listener script to /home/lincunha/lab01/install/lab01_pkg/lib/lab01_pkg
[1.703s] Installing localization script to /home/lincunha/lab01/install/lab01_pkg/lib/lab01_pkg
[1.703s] Installing localization_reset script to /home/lincunha/lab01/install/lab01_pkg/lib/lab01_pkg
[1.703s] Installing reset script to /home/lincunha/lab01/install/lab01_pkg/lib/lab01_pkg
[1.705s] Installing talker script to /home/lincunha/lab01/install/lab01_pkg/lib/lab01_pkg
[1.705s] writing list of installed files to '/home/lincunha/lab01/build/lab01_pkg/install.log'
[1.764s] Invoked command in '/home/lincunha/lab01/src/lab01_pkg' returned '0': PYTHONPATH=/home/lincunha/lab01/build/lab01_pkg/prefix_override:/usr/lib/python3/dist-packages/colcon_core/task/python/colcon_distutils_commands:/home/lincunha/lab01/install/lab01_pkg/lib/python3.10/site-packages:${PYTHONPATH} /usr/bin/python3 -W ignore:setup.py install is deprecated setup.py egg_info --egg-base ../../build/lab01_pkg build --build-base /home/lincunha/lab01/build/lab01_pkg/build install --record /home/lincunha/lab01/build/lab01_pkg/install.log --single-version-externally-managed install_data
