[1.558s] Invoking command in '/home/lincunha/SESASR/lab02/build/lab02_pkg': PYTHONPATH=/home/lincunha/SESASR/lab02/build/lab02_pkg/prefix_override:/usr/lib/python3/dist-packages/colcon_core/task/python/colcon_distutils_commands:/home/lincunha/SESASR/lab02/install/lab02_pkg/lib/python3.10/site-packages:${PYTHONPATH} /usr/bin/python3 -W ignore:setup.py install is deprecated setup.py develop --editable --build-directory /home/lincunha/SESASR/lab02/build/lab02_pkg/build --no-deps symlink_data --force
[2.064s] running develop
[2.066s] /usr/lib/python3/dist-packages/setuptools/command/easy_install.py:158: EasyInstallDeprecationWarning: easy_install command is deprecated. Use build and pip and other standards-based tools.
[2.066s]   warnings.warn(
[2.365s] running egg_info
[2.365s] writing lab02_pkg.egg-info/PKG-INFO
[2.366s] writing dependency_links to lab02_pkg.egg-info/dependency_links.txt
[2.367s] writing entry points to lab02_pkg.egg-info/entry_points.txt
[2.367s] writing requirements to lab02_pkg.egg-info/requires.txt
[2.368s] writing top-level names to lab02_pkg.egg-info/top_level.txt
[2.376s] reading manifest file 'lab02_pkg.egg-info/SOURCES.txt'
[2.378s] writing manifest file 'lab02_pkg.egg-info/SOURCES.txt'
[2.384s] running build_ext
[2.384s] Creating /home/lincunha/SESASR/lab02/install/lab02_pkg/lib/python3.10/site-packages/lab02-pkg.egg-link (link to .)
[2.385s] Installing listener script to /home/lincunha/SESASR/lab02/install/lab02_pkg/lib/lab02_pkg
[2.385s] Installing talker script to /home/lincunha/SESASR/lab02/install/lab02_pkg/lib/lab02_pkg
[2.386s] 
[2.386s] Installed /home/lincunha/SESASR/lab02/build/lab02_pkg
[2.386s] running symlink_data
[2.387s] symbolically linking /home/lincunha/SESASR/lab02/build/lab02_pkg/resource/lab02_pkg -> /home/lincunha/SESASR/lab02/install/lab02_pkg/share/ament_index/resource_index/packages
[2.388s] symbolically linking /home/lincunha/SESASR/lab02/build/lab02_pkg/package.xml -> /home/lincunha/SESASR/lab02/install/lab02_pkg/share/lab02_pkg
[2.481s] Invoked command in '/home/lincunha/SESASR/lab02/build/lab02_pkg' returned '0': PYTHONPATH=/home/lincunha/SESASR/lab02/build/lab02_pkg/prefix_override:/usr/lib/python3/dist-packages/colcon_core/task/python/colcon_distutils_commands:/home/lincunha/SESASR/lab02/install/lab02_pkg/lib/python3.10/site-packages:${PYTHONPATH} /usr/bin/python3 -W ignore:setup.py install is deprecated setup.py develop --editable --build-directory /home/lincunha/SESASR/lab02/build/lab02_pkg/build --no-deps symlink_data --force
