[2.959s] Invoking command in '/home/lincunha/SESASR/lab02/src/lab02_pkg': PYTHONPATH=/home/lincunha/SESASR/lab02/build/lab02_pkg/prefix_override:/usr/lib/python3/dist-packages/colcon_core/task/python/colcon_distutils_commands:/home/lincunha/SESASR/lab02/install/lab02_pkg/lib/python3.10/site-packages:${PYTHONPATH} /usr/bin/python3 -W ignore:setup.py install is deprecated setup.py egg_info --egg-base ../../build/lab02_pkg build --build-base /home/lincunha/SESASR/lab02/build/lab02_pkg/build install --record /home/lincunha/SESASR/lab02/build/lab02_pkg/install.log --single-version-externally-managed install_data
[4.899s] running egg_info
[4.904s] writing ../../build/lab02_pkg/lab02_pkg.egg-info/PKG-INFO
[4.905s] writing dependency_links to ../../build/lab02_pkg/lab02_pkg.egg-info/dependency_links.txt
[4.907s] writing entry points to ../../build/lab02_pkg/lab02_pkg.egg-info/entry_points.txt
[4.909s] writing requirements to ../../build/lab02_pkg/lab02_pkg.egg-info/requires.txt
[4.912s] writing top-level names to ../../build/lab02_pkg/lab02_pkg.egg-info/top_level.txt
[4.920s] reading manifest file '../../build/lab02_pkg/lab02_pkg.egg-info/SOURCES.txt'
[4.921s] adding license file 'LICENSE'
[4.924s] writing manifest file '../../build/lab02_pkg/lab02_pkg.egg-info/SOURCES.txt'
[4.925s] running build
[4.930s] running build_py
[4.933s] copying lab02_pkg/controller.py -> /home/lincunha/SESASR/lab02/build/lab02_pkg/build/lib/lab02_pkg
[4.936s] running install
[4.937s] running install_lib
[4.944s] copying /home/lincunha/SESASR/lab02/build/lab02_pkg/build/lib/lab02_pkg/controller.py -> /home/lincunha/SESASR/lab02/install/lab02_pkg/lib/python3.10/site-packages/lab02_pkg
[4.949s] byte-compiling /home/lincunha/SESASR/lab02/install/lab02_pkg/lib/python3.10/site-packages/lab02_pkg/controller.py to controller.cpython-310.pyc
[4.965s] running install_data
[4.966s] running install_egg_info
[4.973s] removing '/home/lincunha/SESASR/lab02/install/lab02_pkg/lib/python3.10/site-packages/lab02_pkg-0.0.0-py3.10.egg-info' (and everything under it)
[4.975s] Copying ../../build/lab02_pkg/lab02_pkg.egg-info to /home/lincunha/SESASR/lab02/install/lab02_pkg/lib/python3.10/site-packages/lab02_pkg-0.0.0-py3.10.egg-info
[4.985s] running install_scripts
[5.081s] Installing controller script to /home/lincunha/SESASR/lab02/install/lab02_pkg/lib/lab02_pkg
[5.083s] Installing listener script to /home/lincunha/SESASR/lab02/install/lab02_pkg/lib/lab02_pkg
[5.089s] Installing talker script to /home/lincunha/SESASR/lab02/install/lab02_pkg/lib/lab02_pkg
[5.090s] writing list of installed files to '/home/lincunha/SESASR/lab02/build/lab02_pkg/install.log'
[5.233s] Invoked command in '/home/lincunha/SESASR/lab02/src/lab02_pkg' returned '0': PYTHONPATH=/home/lincunha/SESASR/lab02/build/lab02_pkg/prefix_override:/usr/lib/python3/dist-packages/colcon_core/task/python/colcon_distutils_commands:/home/lincunha/SESASR/lab02/install/lab02_pkg/lib/python3.10/site-packages:${PYTHONPATH} /usr/bin/python3 -W ignore:setup.py install is deprecated setup.py egg_info --egg-base ../../build/lab02_pkg build --build-base /home/lincunha/SESASR/lab02/build/lab02_pkg/build install --record /home/lincunha/SESASR/lab02/build/lab02_pkg/install.log --single-version-externally-managed install_data
