[0.043s] Invoking command in '/home/lincunha/SESASR/lab02/build/turtlebot3_fake_node': CMAKE_PREFIX_PATH=${CMAKE_PREFIX_PATH}:/home/lincunha/SESASR/lab02/install/lab02_pkg:/opt/ros/humble /usr/bin/cmake --build /home/lincunha/SESASR/lab02/build/turtlebot3_fake_node -- -j8 -l8
[0.149s] [100%] Built target turtlebot3_fake_node
[0.484s] Invoked command in '/home/lincunha/SESASR/lab02/build/turtlebot3_fake_node' returned '0': CMAKE_PREFIX_PATH=${CMAKE_PREFIX_PATH}:/home/lincunha/SESASR/lab02/install/lab02_pkg:/opt/ros/humble /usr/bin/cmake --build /home/lincunha/SESASR/lab02/build/turtlebot3_fake_node -- -j8 -l8
[0.539s] Invoking command in '/home/lincunha/SESASR/lab02/build/turtlebot3_fake_node': CMAKE_PREFIX_PATH=${CMAKE_PREFIX_PATH}:/home/lincunha/SESASR/lab02/install/lab02_pkg:/opt/ros/humble /usr/bin/cmake --install /home/lincunha/SESASR/lab02/build/turtlebot3_fake_node
[0.550s] -- Install configuration: ""
[0.551s] -- Execute custom install script
[0.552s] -- Up-to-date symlink: /home/lincunha/SESASR/lab02/install/turtlebot3_fake_node/lib/turtlebot3_fake_node/turtlebot3_fake_node
[0.552s] -- Up-to-date symlink: /home/lincunha/SESASR/lab02/install/turtlebot3_fake_node/share/turtlebot3_fake_node/launch/rviz2.launch.py
[0.553s] -- Up-to-date symlink: /home/lincunha/SESASR/lab02/install/turtlebot3_fake_node/share/turtlebot3_fake_node/launch/turtlebot3_fake_node.launch.py
[0.554s] -- Up-to-date symlink: /home/lincunha/SESASR/lab02/install/turtlebot3_fake_node/share/turtlebot3_fake_node/param/burger.yaml
[0.554s] -- Up-to-date symlink: /home/lincunha/SESASR/lab02/install/turtlebot3_fake_node/share/turtlebot3_fake_node/param/waffle.yaml
[0.554s] -- Up-to-date symlink: /home/lincunha/SESASR/lab02/install/turtlebot3_fake_node/share/turtlebot3_fake_node/param/waffle_pi.yaml
[0.554s] -- Up-to-date symlink: /home/lincunha/SESASR/lab02/install/turtlebot3_fake_node/include//turtlebot3_fake_node/turtlebot3_fake_node.hpp
[0.555s] -- Up-to-date symlink: /home/lincunha/SESASR/lab02/install/turtlebot3_fake_node/share/ament_index/resource_index/package_run_dependencies/turtlebot3_fake_node
[0.555s] -- Up-to-date symlink: /home/lincunha/SESASR/lab02/install/turtlebot3_fake_node/share/ament_index/resource_index/parent_prefix_path/turtlebot3_fake_node
[0.556s] -- Up-to-date symlink: /home/lincunha/SESASR/lab02/install/turtlebot3_fake_node/share/turtlebot3_fake_node/environment/ament_prefix_path.sh
[0.557s] -- Up-to-date symlink: /home/lincunha/SESASR/lab02/install/turtlebot3_fake_node/share/turtlebot3_fake_node/environment/ament_prefix_path.dsv
[0.557s] -- Up-to-date symlink: /home/lincunha/SESASR/lab02/install/turtlebot3_fake_node/share/turtlebot3_fake_node/environment/path.sh
[0.558s] -- Up-to-date symlink: /home/lincunha/SESASR/lab02/install/turtlebot3_fake_node/share/turtlebot3_fake_node/environment/path.dsv
[0.559s] -- Up-to-date symlink: /home/lincunha/SESASR/lab02/install/turtlebot3_fake_node/share/turtlebot3_fake_node/local_setup.bash
[0.559s] -- Up-to-date symlink: /home/lincunha/SESASR/lab02/install/turtlebot3_fake_node/share/turtlebot3_fake_node/local_setup.sh
[0.559s] -- Up-to-date symlink: /home/lincunha/SESASR/lab02/install/turtlebot3_fake_node/share/turtlebot3_fake_node/local_setup.zsh
[0.561s] -- Up-to-date symlink: /home/lincunha/SESASR/lab02/install/turtlebot3_fake_node/share/turtlebot3_fake_node/local_setup.dsv
[0.561s] -- Symlinking: /home/lincunha/SESASR/lab02/install/turtlebot3_fake_node/share/turtlebot3_fake_node/package.dsv
[0.577s] -- Up-to-date symlink: /home/lincunha/SESASR/lab02/install/turtlebot3_fake_node/share/ament_index/resource_index/packages/turtlebot3_fake_node
[0.577s] -- Up-to-date symlink: /home/lincunha/SESASR/lab02/install/turtlebot3_fake_node/share/turtlebot3_fake_node/cmake/ament_cmake_export_include_directories-extras.cmake
[0.585s] -- Up-to-date symlink: /home/lincunha/SESASR/lab02/install/turtlebot3_fake_node/share/turtlebot3_fake_node/cmake/ament_cmake_export_dependencies-extras.cmake
[0.585s] -- Up-to-date symlink: /home/lincunha/SESASR/lab02/install/turtlebot3_fake_node/share/turtlebot3_fake_node/cmake/turtlebot3_fake_nodeConfig.cmake
[0.585s] -- Up-to-date symlink: /home/lincunha/SESASR/lab02/install/turtlebot3_fake_node/share/turtlebot3_fake_node/cmake/turtlebot3_fake_nodeConfig-version.cmake
[0.586s] -- Up-to-date symlink: /home/lincunha/SESASR/lab02/install/turtlebot3_fake_node/share/turtlebot3_fake_node/package.xml
[0.591s] Invoked command in '/home/lincunha/SESASR/lab02/build/turtlebot3_fake_node' returned '0': CMAKE_PREFIX_PATH=${CMAKE_PREFIX_PATH}:/home/lincunha/SESASR/lab02/install/lab02_pkg:/opt/ros/humble /usr/bin/cmake --install /home/lincunha/SESASR/lab02/build/turtlebot3_fake_node
