[0.550s] Invoking command in '/home/lincunha/lab01/build/turtlesim': CMAKE_PREFIX_PATH=${CMAKE_PREFIX_PATH}:/home/lincunha/lab01/install/lab01_pkg:/opt/ros/humble /usr/bin/cmake --build /home/lincunha/lab01/build/turtlesim -- -j8 -l8
[0.618s] [35m[1mConsolidate compiler generated dependencies of target turtlesim__rosidl_generator_c[0m
[0.630s] [  1%] Built target turtlesim__cpp
[0.644s] [ 11%] Built target turtlesim__rosidl_generator_c
[0.650s] [35m[1mConsolidate compiler generated dependencies of target turtlesim__rosidl_typesupport_introspection_cpp[0m
[0.655s] [35m[1mConsolidate compiler generated dependencies of target turtlesim__rosidl_typesupport_cpp[0m
[0.656s] [35m[1mConsolidate compiler generated dependencies of target turtlesim__rosidl_typesupport_fastrtps_cpp[0m
[0.659s] [ 11%] Built target ament_cmake_python_copy_turtlesim
[0.663s] [35m[1mConsolidate compiler generated dependencies of target turtlesim__rosidl_typesupport_c[0m
[0.666s] [35m[1mConsolidate compiler generated dependencies of target turtlesim__rosidl_typesupport_introspection_c[0m
[0.671s] [35m[1mConsolidate compiler generated dependencies of target turtlesim__rosidl_typesupport_fastrtps_c[0m
[0.696s] [ 21%] Built target turtlesim__rosidl_typesupport_c
[0.703s] [ 31%] Built target turtlesim__rosidl_typesupport_cpp
[0.705s] [ 41%] Built target turtlesim__rosidl_typesupport_fastrtps_cpp
[0.711s] [ 51%] Built target turtlesim__rosidl_typesupport_introspection_c
[0.714s] [ 52%] [32m[1mLinking CXX shared library libturtlesim__rosidl_typesupport_introspection_cpp.so[0m
[0.718s] [ 62%] Built target turtlesim__rosidl_typesupport_fastrtps_c
[0.731s] [35m[1mConsolidate compiler generated dependencies of target turtle_teleop_key[0m
[0.734s] [35m[1mConsolidate compiler generated dependencies of target draw_square[0m
[0.734s] [35m[1mConsolidate compiler generated dependencies of target mimic[0m
[0.735s] [35m[1mConsolidate compiler generated dependencies of target turtlesim_node[0m
[0.779s] [ 64%] Built target turtle_teleop_key
[0.785s] [ 66%] Built target mimic
[0.787s] [ 68%] Built target draw_square
[0.814s] [ 69%] [32mBuilding CXX object CMakeFiles/turtlesim_node.dir/src/turtle_frame.cpp.o[0m
[1.086s] [ 78%] Built target turtlesim__rosidl_typesupport_introspection_cpp
[1.196s] [ 78%] Built target turtlesim
[1.231s] [ 79%] Built target turtlesim__py
[1.254s] [35m[1mConsolidate compiler generated dependencies of target turtlesim__rosidl_generator_py[0m
[1.292s] [ 88%] Built target turtlesim__rosidl_generator_py
[1.312s] [35m[1mConsolidate compiler generated dependencies of target turtlesim__rosidl_typesupport_c__pyext[0m
[1.314s] [35m[1mConsolidate compiler generated dependencies of target turtlesim__rosidl_typesupport_introspection_c__pyext[0m
[1.317s] [35m[1mConsolidate compiler generated dependencies of target turtlesim__rosidl_typesupport_fastrtps_c__pyext[0m
[1.320s] running egg_info
[1.322s] writing turtlesim.egg-info/PKG-INFO
[1.323s] writing dependency_links to turtlesim.egg-info/dependency_links.txt
[1.324s] writing top-level names to turtlesim.egg-info/top_level.txt
[1.332s] reading manifest file 'turtlesim.egg-info/SOURCES.txt'
[1.334s] writing manifest file 'turtlesim.egg-info/SOURCES.txt'
[1.342s] [ 90%] Built target turtlesim__rosidl_typesupport_introspection_c__pyext
[1.346s] [ 92%] Built target turtlesim__rosidl_typesupport_c__pyext
[1.349s] [ 94%] Built target turtlesim__rosidl_typesupport_fastrtps_c__pyext
[1.405s] [ 94%] Built target ament_cmake_python_build_turtlesim_egg
[19.767s] [ 95%] [32m[1mLinking CXX executable turtlesim_node[0m
[23.179s] [100%] Built target turtlesim_node
[23.198s] Invoked command in '/home/lincunha/lab01/build/turtlesim' returned '0': CMAKE_PREFIX_PATH=${CMAKE_PREFIX_PATH}:/home/lincunha/lab01/install/lab01_pkg:/opt/ros/humble /usr/bin/cmake --build /home/lincunha/lab01/build/turtlesim -- -j8 -l8
[23.547s] Invoking command in '/home/lincunha/lab01/build/turtlesim': CMAKE_PREFIX_PATH=${CMAKE_PREFIX_PATH}:/home/lincunha/lab01/install/lab01_pkg:/opt/ros/humble /usr/bin/cmake --install /home/lincunha/lab01/build/turtlesim
[23.559s] -- Install configuration: ""
[23.560s] -- Up-to-date: /home/lincunha/lab01/install/turtlesim/share/ament_index/resource_index/rosidl_interfaces/turtlesim
[23.561s] -- Up-to-date: /home/lincunha/lab01/install/turtlesim/include/turtlesim/turtlesim
[23.562s] -- Up-to-date: /home/lincunha/lab01/install/turtlesim/include/turtlesim/turtlesim/action
[23.563s] -- Up-to-date: /home/lincunha/lab01/install/turtlesim/include/turtlesim/turtlesim/action/detail
[23.563s] -- Up-to-date: /home/lincunha/lab01/install/turtlesim/include/turtlesim/turtlesim/action/detail/rotate_absolute__functions.h
[23.564s] -- Up-to-date: /home/lincunha/lab01/install/turtlesim/include/turtlesim/turtlesim/action/detail/rotate_absolute__struct.h
[23.564s] -- Up-to-date: /home/lincunha/lab01/install/turtlesim/include/turtlesim/turtlesim/action/detail/rotate_absolute__functions.c
[23.565s] -- Up-to-date: /home/lincunha/lab01/install/turtlesim/include/turtlesim/turtlesim/action/detail/rotate_absolute__type_support.h
[23.565s] -- Up-to-date: /home/lincunha/lab01/install/turtlesim/include/turtlesim/turtlesim/action/rotate_absolute.h
[23.565s] -- Up-to-date: /home/lincunha/lab01/install/turtlesim/include/turtlesim/turtlesim/srv
[23.565s] -- Up-to-date: /home/lincunha/lab01/install/turtlesim/include/turtlesim/turtlesim/srv/teleport_relative.h
[23.566s] -- Up-to-date: /home/lincunha/lab01/install/turtlesim/include/turtlesim/turtlesim/srv/detail
[23.567s] -- Up-to-date: /home/lincunha/lab01/install/turtlesim/include/turtlesim/turtlesim/srv/detail/set_pen__functions.h
[23.567s] -- Up-to-date: /home/lincunha/lab01/install/turtlesim/include/turtlesim/turtlesim/srv/detail/set_pen__type_support.h
[23.568s] -- Up-to-date: /home/lincunha/lab01/install/turtlesim/include/turtlesim/turtlesim/srv/detail/kill__functions.c
[23.568s] -- Up-to-date: /home/lincunha/lab01/install/turtlesim/include/turtlesim/turtlesim/srv/detail/teleport_relative__type_support.h
[23.569s] -- Up-to-date: /home/lincunha/lab01/install/turtlesim/include/turtlesim/turtlesim/srv/detail/kill__functions.h
[23.569s] -- Up-to-date: /home/lincunha/lab01/install/turtlesim/include/turtlesim/turtlesim/srv/detail/spawn__functions.c
[23.569s] -- Up-to-date: /home/lincunha/lab01/install/turtlesim/include/turtlesim/turtlesim/srv/detail/set_pen__functions.c
[23.571s] -- Up-to-date: /home/lincunha/lab01/install/turtlesim/include/turtlesim/turtlesim/srv/detail/teleport_relative__struct.h
[23.572s] -- Up-to-date: /home/lincunha/lab01/install/turtlesim/include/turtlesim/turtlesim/srv/detail/spawn__struct.h
[23.572s] -- Up-to-date: /home/lincunha/lab01/install/turtlesim/include/turtlesim/turtlesim/srv/detail/teleport_absolute__type_support.h
[23.572s] -- Up-to-date: /home/lincunha/lab01/install/turtlesim/include/turtlesim/turtlesim/srv/detail/teleport_absolute__functions.h
[23.573s] -- Up-to-date: /home/lincunha/lab01/install/turtlesim/include/turtlesim/turtlesim/srv/detail/teleport_relative__functions.h
[23.574s] -- Up-to-date: /home/lincunha/lab01/install/turtlesim/include/turtlesim/turtlesim/srv/detail/spawn__type_support.h
[23.576s] -- Up-to-date: /home/lincunha/lab01/install/turtlesim/include/turtlesim/turtlesim/srv/detail/kill__type_support.h
[23.577s] -- Up-to-date: /home/lincunha/lab01/install/turtlesim/include/turtlesim/turtlesim/srv/detail/set_pen__struct.h
[23.577s] -- Up-to-date: /home/lincunha/lab01/install/turtlesim/include/turtlesim/turtlesim/srv/detail/teleport_absolute__functions.c
[23.578s] -- Up-to-date: /home/lincunha/lab01/install/turtlesim/include/turtlesim/turtlesim/srv/detail/teleport_relative__functions.c
[23.579s] -- Up-to-date: /home/lincunha/lab01/install/turtlesim/include/turtlesim/turtlesim/srv/detail/kill__struct.h
[23.579s] -- Up-to-date: /home/lincunha/lab01/install/turtlesim/include/turtlesim/turtlesim/srv/detail/spawn__functions.h
[23.579s] -- Up-to-date: /home/lincunha/lab01/install/turtlesim/include/turtlesim/turtlesim/srv/detail/teleport_absolute__struct.h
[23.579s] -- Up-to-date: /home/lincunha/lab01/install/turtlesim/include/turtlesim/turtlesim/srv/kill.h
[23.580s] -- Up-to-date: /home/lincunha/lab01/install/turtlesim/include/turtlesim/turtlesim/srv/spawn.h
[23.580s] -- Up-to-date: /home/lincunha/lab01/install/turtlesim/include/turtlesim/turtlesim/srv/teleport_absolute.h
[23.581s] -- Up-to-date: /home/lincunha/lab01/install/turtlesim/include/turtlesim/turtlesim/srv/set_pen.h
[23.581s] -- Up-to-date: /home/lincunha/lab01/install/turtlesim/include/turtlesim/turtlesim/msg
[23.581s] -- Up-to-date: /home/lincunha/lab01/install/turtlesim/include/turtlesim/turtlesim/msg/color.h
[23.581s] -- Up-to-date: /home/lincunha/lab01/install/turtlesim/include/turtlesim/turtlesim/msg/rosidl_generator_c__visibility_control.h
[23.582s] -- Up-to-date: /home/lincunha/lab01/install/turtlesim/include/turtlesim/turtlesim/msg/detail
[23.582s] -- Up-to-date: /home/lincunha/lab01/install/turtlesim/include/turtlesim/turtlesim/msg/detail/color__struct.h
[23.582s] -- Up-to-date: /home/lincunha/lab01/install/turtlesim/include/turtlesim/turtlesim/msg/detail/color__type_support.h
[23.582s] -- Up-to-date: /home/lincunha/lab01/install/turtlesim/include/turtlesim/turtlesim/msg/detail/color__functions.c
[23.583s] -- Up-to-date: /home/lincunha/lab01/install/turtlesim/include/turtlesim/turtlesim/msg/detail/color__functions.h
[23.583s] -- Up-to-date: /home/lincunha/lab01/install/turtlesim/include/turtlesim/turtlesim/msg/detail/pose__struct.h
[23.584s] -- Up-to-date: /home/lincunha/lab01/install/turtlesim/include/turtlesim/turtlesim/msg/detail/pose__functions.h
[23.584s] -- Up-to-date: /home/lincunha/lab01/install/turtlesim/include/turtlesim/turtlesim/msg/detail/pose__type_support.h
[23.584s] -- Up-to-date: /home/lincunha/lab01/install/turtlesim/include/turtlesim/turtlesim/msg/detail/pose__functions.c
[23.585s] -- Up-to-date: /home/lincunha/lab01/install/turtlesim/include/turtlesim/turtlesim/msg/pose.h
[23.585s] -- Up-to-date: /home/lincunha/lab01/install/turtlesim/share/turtlesim/environment/library_path.sh
[23.586s] -- Up-to-date: /home/lincunha/lab01/install/turtlesim/share/turtlesim/environment/library_path.dsv
[23.587s] -- Up-to-date: /home/lincunha/lab01/install/turtlesim/lib/libturtlesim__rosidl_generator_c.so
[23.587s] -- Up-to-date: /home/lincunha/lab01/install/turtlesim/include/turtlesim/turtlesim
[23.587s] -- Up-to-date: /home/lincunha/lab01/install/turtlesim/include/turtlesim/turtlesim/action
[23.587s] -- Up-to-date: /home/lincunha/lab01/install/turtlesim/include/turtlesim/turtlesim/action/detail
[23.587s] -- Up-to-date: /home/lincunha/lab01/install/turtlesim/include/turtlesim/turtlesim/action/detail/rotate_absolute__rosidl_typesupport_fastrtps_c.h
[23.587s] -- Up-to-date: /home/lincunha/lab01/install/turtlesim/include/turtlesim/turtlesim/srv
[23.588s] -- Up-to-date: /home/lincunha/lab01/install/turtlesim/include/turtlesim/turtlesim/srv/detail
[23.588s] -- Up-to-date: /home/lincunha/lab01/install/turtlesim/include/turtlesim/turtlesim/srv/detail/teleport_relative__rosidl_typesupport_fastrtps_c.h
[23.588s] -- Up-to-date: /home/lincunha/lab01/install/turtlesim/include/turtlesim/turtlesim/srv/detail/kill__rosidl_typesupport_fastrtps_c.h
[23.588s] -- Up-to-date: /home/lincunha/lab01/install/turtlesim/include/turtlesim/turtlesim/srv/detail/spawn__rosidl_typesupport_fastrtps_c.h
[23.589s] -- Up-to-date: /home/lincunha/lab01/install/turtlesim/include/turtlesim/turtlesim/srv/detail/teleport_absolute__rosidl_typesupport_fastrtps_c.h
[23.590s] -- Up-to-date: /home/lincunha/lab01/install/turtlesim/include/turtlesim/turtlesim/srv/detail/set_pen__rosidl_typesupport_fastrtps_c.h
[23.590s] -- Up-to-date: /home/lincunha/lab01/install/turtlesim/include/turtlesim/turtlesim/msg
[23.591s] -- Up-to-date: /home/lincunha/lab01/install/turtlesim/include/turtlesim/turtlesim/msg/detail
[23.591s] -- Up-to-date: /home/lincunha/lab01/install/turtlesim/include/turtlesim/turtlesim/msg/detail/pose__rosidl_typesupport_fastrtps_c.h
[23.591s] -- Up-to-date: /home/lincunha/lab01/install/turtlesim/include/turtlesim/turtlesim/msg/detail/color__rosidl_typesupport_fastrtps_c.h
[23.592s] -- Up-to-date: /home/lincunha/lab01/install/turtlesim/include/turtlesim/turtlesim/msg/rosidl_typesupport_fastrtps_c__visibility_control.h
[23.593s] -- Up-to-date: /home/lincunha/lab01/install/turtlesim/lib/libturtlesim__rosidl_typesupport_fastrtps_c.so
[23.594s] -- Up-to-date: /home/lincunha/lab01/install/turtlesim/include/turtlesim/turtlesim
[23.594s] -- Up-to-date: /home/lincunha/lab01/install/turtlesim/include/turtlesim/turtlesim/action
[23.594s] -- Up-to-date: /home/lincunha/lab01/install/turtlesim/include/turtlesim/turtlesim/action/detail
[23.594s] -- Up-to-date: /home/lincunha/lab01/install/turtlesim/include/turtlesim/turtlesim/action/detail/rotate_absolute__traits.hpp
[23.594s] -- Up-to-date: /home/lincunha/lab01/install/turtlesim/include/turtlesim/turtlesim/action/detail/rotate_absolute__builder.hpp
[23.594s] -- Up-to-date: /home/lincunha/lab01/install/turtlesim/include/turtlesim/turtlesim/action/detail/rotate_absolute__struct.hpp
[23.595s] -- Up-to-date: /home/lincunha/lab01/install/turtlesim/include/turtlesim/turtlesim/action/rotate_absolute.hpp
[23.596s] -- Up-to-date: /home/lincunha/lab01/install/turtlesim/include/turtlesim/turtlesim/srv
[23.597s] -- Up-to-date: /home/lincunha/lab01/install/turtlesim/include/turtlesim/turtlesim/srv/detail
[23.597s] -- Up-to-date: /home/lincunha/lab01/install/turtlesim/include/turtlesim/turtlesim/srv/detail/kill__traits.hpp
[23.597s] -- Up-to-date: /home/lincunha/lab01/install/turtlesim/include/turtlesim/turtlesim/srv/detail/set_pen__traits.hpp
[23.597s] -- Up-to-date: /home/lincunha/lab01/install/turtlesim/include/turtlesim/turtlesim/srv/detail/teleport_absolute__builder.hpp
[23.598s] -- Up-to-date: /home/lincunha/lab01/install/turtlesim/include/turtlesim/turtlesim/srv/detail/kill__builder.hpp
[23.598s] -- Up-to-date: /home/lincunha/lab01/install/turtlesim/include/turtlesim/turtlesim/srv/detail/set_pen__struct.hpp
[23.598s] -- Up-to-date: /home/lincunha/lab01/install/turtlesim/include/turtlesim/turtlesim/srv/detail/teleport_relative__struct.hpp
[23.598s] -- Up-to-date: /home/lincunha/lab01/install/turtlesim/include/turtlesim/turtlesim/srv/detail/spawn__builder.hpp
[23.598s] -- Up-to-date: /home/lincunha/lab01/install/turtlesim/include/turtlesim/turtlesim/srv/detail/spawn__traits.hpp
[23.598s] -- Up-to-date: /home/lincunha/lab01/install/turtlesim/include/turtlesim/turtlesim/srv/detail/spawn__struct.hpp
[23.598s] -- Up-to-date: /home/lincunha/lab01/install/turtlesim/include/turtlesim/turtlesim/srv/detail/kill__struct.hpp
[23.599s] -- Up-to-date: /home/lincunha/lab01/install/turtlesim/include/turtlesim/turtlesim/srv/detail/teleport_absolute__struct.hpp
[23.599s] -- Up-to-date: /home/lincunha/lab01/install/turtlesim/include/turtlesim/turtlesim/srv/detail/teleport_relative__builder.hpp
[23.599s] -- Up-to-date: /home/lincunha/lab01/install/turtlesim/include/turtlesim/turtlesim/srv/detail/teleport_relative__traits.hpp
[23.599s] -- Up-to-date: /home/lincunha/lab01/install/turtlesim/include/turtlesim/turtlesim/srv/detail/set_pen__builder.hpp
[23.599s] -- Up-to-date: /home/lincunha/lab01/install/turtlesim/include/turtlesim/turtlesim/srv/detail/teleport_absolute__traits.hpp
[23.599s] -- Up-to-date: /home/lincunha/lab01/install/turtlesim/include/turtlesim/turtlesim/srv/teleport_relative.hpp
[23.599s] -- Up-to-date: /home/lincunha/lab01/install/turtlesim/include/turtlesim/turtlesim/srv/spawn.hpp
[23.600s] -- Up-to-date: /home/lincunha/lab01/install/turtlesim/include/turtlesim/turtlesim/srv/set_pen.hpp
[23.600s] -- Up-to-date: /home/lincunha/lab01/install/turtlesim/include/turtlesim/turtlesim/srv/kill.hpp
[23.600s] -- Up-to-date: /home/lincunha/lab01/install/turtlesim/include/turtlesim/turtlesim/srv/teleport_absolute.hpp
[23.600s] -- Up-to-date: /home/lincunha/lab01/install/turtlesim/include/turtlesim/turtlesim/msg
[23.601s] -- Up-to-date: /home/lincunha/lab01/install/turtlesim/include/turtlesim/turtlesim/msg/detail
[23.602s] -- Up-to-date: /home/lincunha/lab01/install/turtlesim/include/turtlesim/turtlesim/msg/detail/pose__builder.hpp
[23.602s] -- Up-to-date: /home/lincunha/lab01/install/turtlesim/include/turtlesim/turtlesim/msg/detail/color__builder.hpp
[23.602s] -- Up-to-date: /home/lincunha/lab01/install/turtlesim/include/turtlesim/turtlesim/msg/detail/pose__traits.hpp
[23.602s] -- Up-to-date: /home/lincunha/lab01/install/turtlesim/include/turtlesim/turtlesim/msg/detail/color__struct.hpp
[23.602s] -- Up-to-date: /home/lincunha/lab01/install/turtlesim/include/turtlesim/turtlesim/msg/detail/pose__struct.hpp
[23.602s] -- Up-to-date: /home/lincunha/lab01/install/turtlesim/include/turtlesim/turtlesim/msg/detail/color__traits.hpp
[23.602s] -- Up-to-date: /home/lincunha/lab01/install/turtlesim/include/turtlesim/turtlesim/msg/color.hpp
[23.603s] -- Up-to-date: /home/lincunha/lab01/install/turtlesim/include/turtlesim/turtlesim/msg/pose.hpp
[23.603s] -- Up-to-date: /home/lincunha/lab01/install/turtlesim/include/turtlesim/turtlesim
[23.603s] -- Up-to-date: /home/lincunha/lab01/install/turtlesim/include/turtlesim/turtlesim/action
[23.603s] -- Up-to-date: /home/lincunha/lab01/install/turtlesim/include/turtlesim/turtlesim/action/detail
[23.603s] -- Up-to-date: /home/lincunha/lab01/install/turtlesim/include/turtlesim/turtlesim/action/detail/dds_fastrtps
[23.603s] -- Up-to-date: /home/lincunha/lab01/install/turtlesim/include/turtlesim/turtlesim/action/detail/rotate_absolute__rosidl_typesupport_fastrtps_cpp.hpp
[23.603s] -- Up-to-date: /home/lincunha/lab01/install/turtlesim/include/turtlesim/turtlesim/srv
[23.604s] -- Up-to-date: /home/lincunha/lab01/install/turtlesim/include/turtlesim/turtlesim/srv/detail
[23.604s] -- Up-to-date: /home/lincunha/lab01/install/turtlesim/include/turtlesim/turtlesim/srv/detail/teleport_absolute__rosidl_typesupport_fastrtps_cpp.hpp
[23.604s] -- Up-to-date: /home/lincunha/lab01/install/turtlesim/include/turtlesim/turtlesim/srv/detail/kill__rosidl_typesupport_fastrtps_cpp.hpp
[23.604s] -- Up-to-date: /home/lincunha/lab01/install/turtlesim/include/turtlesim/turtlesim/srv/detail/teleport_relative__rosidl_typesupport_fastrtps_cpp.hpp
[23.604s] -- Up-to-date: /home/lincunha/lab01/install/turtlesim/include/turtlesim/turtlesim/srv/detail/dds_fastrtps
[23.604s] -- Up-to-date: /home/lincunha/lab01/install/turtlesim/include/turtlesim/turtlesim/srv/detail/set_pen__rosidl_typesupport_fastrtps_cpp.hpp
[23.604s] -- Up-to-date: /home/lincunha/lab01/install/turtlesim/include/turtlesim/turtlesim/srv/detail/spawn__rosidl_typesupport_fastrtps_cpp.hpp
[23.605s] -- Up-to-date: /home/lincunha/lab01/install/turtlesim/include/turtlesim/turtlesim/msg
[23.605s] -- Up-to-date: /home/lincunha/lab01/install/turtlesim/include/turtlesim/turtlesim/msg/detail
[23.605s] -- Up-to-date: /home/lincunha/lab01/install/turtlesim/include/turtlesim/turtlesim/msg/detail/pose__rosidl_typesupport_fastrtps_cpp.hpp
[23.605s] -- Up-to-date: /home/lincunha/lab01/install/turtlesim/include/turtlesim/turtlesim/msg/detail/color__rosidl_typesupport_fastrtps_cpp.hpp
[23.605s] -- Up-to-date: /home/lincunha/lab01/install/turtlesim/include/turtlesim/turtlesim/msg/detail/dds_fastrtps
[23.605s] -- Up-to-date: /home/lincunha/lab01/install/turtlesim/include/turtlesim/turtlesim/msg/rosidl_typesupport_fastrtps_cpp__visibility_control.h
[23.605s] -- Up-to-date: /home/lincunha/lab01/install/turtlesim/lib/libturtlesim__rosidl_typesupport_fastrtps_cpp.so
[23.605s] -- Up-to-date: /home/lincunha/lab01/install/turtlesim/include/turtlesim/turtlesim
[23.605s] -- Up-to-date: /home/lincunha/lab01/install/turtlesim/include/turtlesim/turtlesim/action
[23.606s] -- Up-to-date: /home/lincunha/lab01/install/turtlesim/include/turtlesim/turtlesim/action/detail
[23.606s] -- Up-to-date: /home/lincunha/lab01/install/turtlesim/include/turtlesim/turtlesim/action/detail/rotate_absolute__type_support.c
[23.606s] -- Up-to-date: /home/lincunha/lab01/install/turtlesim/include/turtlesim/turtlesim/action/detail/rotate_absolute__rosidl_typesupport_introspection_c.h
[23.606s] -- Up-to-date: /home/lincunha/lab01/install/turtlesim/include/turtlesim/turtlesim/srv
[23.606s] -- Up-to-date: /home/lincunha/lab01/install/turtlesim/include/turtlesim/turtlesim/srv/detail
[23.606s] -- Up-to-date: /home/lincunha/lab01/install/turtlesim/include/turtlesim/turtlesim/srv/detail/teleport_absolute__rosidl_typesupport_introspection_c.h
[23.606s] -- Up-to-date: /home/lincunha/lab01/install/turtlesim/include/turtlesim/turtlesim/srv/detail/kill__rosidl_typesupport_introspection_c.h
[23.606s] -- Up-to-date: /home/lincunha/lab01/install/turtlesim/include/turtlesim/turtlesim/srv/detail/spawn__type_support.c
[23.606s] -- Up-to-date: /home/lincunha/lab01/install/turtlesim/include/turtlesim/turtlesim/srv/detail/set_pen__type_support.c
[23.606s] -- Up-to-date: /home/lincunha/lab01/install/turtlesim/include/turtlesim/turtlesim/srv/detail/spawn__rosidl_typesupport_introspection_c.h
[23.606s] -- Up-to-date: /home/lincunha/lab01/install/turtlesim/include/turtlesim/turtlesim/srv/detail/teleport_absolute__type_support.c
[23.606s] -- Up-to-date: /home/lincunha/lab01/install/turtlesim/include/turtlesim/turtlesim/srv/detail/teleport_relative__type_support.c
[23.607s] -- Up-to-date: /home/lincunha/lab01/install/turtlesim/include/turtlesim/turtlesim/srv/detail/kill__type_support.c
[23.607s] -- Up-to-date: /home/lincunha/lab01/install/turtlesim/include/turtlesim/turtlesim/srv/detail/teleport_relative__rosidl_typesupport_introspection_c.h
[23.607s] -- Up-to-date: /home/lincunha/lab01/install/turtlesim/include/turtlesim/turtlesim/srv/detail/set_pen__rosidl_typesupport_introspection_c.h
[23.607s] -- Up-to-date: /home/lincunha/lab01/install/turtlesim/include/turtlesim/turtlesim/msg
[23.607s] -- Up-to-date: /home/lincunha/lab01/install/turtlesim/include/turtlesim/turtlesim/msg/detail
[23.607s] -- Up-to-date: /home/lincunha/lab01/install/turtlesim/include/turtlesim/turtlesim/msg/detail/color__type_support.c
[23.607s] -- Up-to-date: /home/lincunha/lab01/install/turtlesim/include/turtlesim/turtlesim/msg/detail/color__rosidl_typesupport_introspection_c.h
[23.607s] -- Up-to-date: /home/lincunha/lab01/install/turtlesim/include/turtlesim/turtlesim/msg/detail/pose__type_support.c
[23.607s] -- Up-to-date: /home/lincunha/lab01/install/turtlesim/include/turtlesim/turtlesim/msg/detail/pose__rosidl_typesupport_introspection_c.h
[23.607s] -- Up-to-date: /home/lincunha/lab01/install/turtlesim/include/turtlesim/turtlesim/msg/rosidl_typesupport_introspection_c__visibility_control.h
[23.607s] -- Up-to-date: /home/lincunha/lab01/install/turtlesim/lib/libturtlesim__rosidl_typesupport_introspection_c.so
[23.607s] -- Up-to-date: /home/lincunha/lab01/install/turtlesim/lib/libturtlesim__rosidl_typesupport_c.so
[23.608s] -- Up-to-date: /home/lincunha/lab01/install/turtlesim/include/turtlesim/turtlesim
[23.608s] -- Up-to-date: /home/lincunha/lab01/install/turtlesim/include/turtlesim/turtlesim/action
[23.608s] -- Up-to-date: /home/lincunha/lab01/install/turtlesim/include/turtlesim/turtlesim/action/detail
[23.608s] -- Up-to-date: /home/lincunha/lab01/install/turtlesim/include/turtlesim/turtlesim/action/detail/rotate_absolute__type_support.cpp
[23.608s] -- Up-to-date: /home/lincunha/lab01/install/turtlesim/include/turtlesim/turtlesim/action/detail/rotate_absolute__rosidl_typesupport_introspection_cpp.hpp
[23.608s] -- Up-to-date: /home/lincunha/lab01/install/turtlesim/include/turtlesim/turtlesim/srv
[23.608s] -- Up-to-date: /home/lincunha/lab01/install/turtlesim/include/turtlesim/turtlesim/srv/detail
[23.608s] -- Up-to-date: /home/lincunha/lab01/install/turtlesim/include/turtlesim/turtlesim/srv/detail/set_pen__rosidl_typesupport_introspection_cpp.hpp
[23.608s] -- Up-to-date: /home/lincunha/lab01/install/turtlesim/include/turtlesim/turtlesim/srv/detail/kill__rosidl_typesupport_introspection_cpp.hpp
[23.608s] -- Up-to-date: /home/lincunha/lab01/install/turtlesim/include/turtlesim/turtlesim/srv/detail/teleport_relative__rosidl_typesupport_introspection_cpp.hpp
[23.608s] -- Up-to-date: /home/lincunha/lab01/install/turtlesim/include/turtlesim/turtlesim/srv/detail/kill__type_support.cpp
[23.608s] -- Up-to-date: /home/lincunha/lab01/install/turtlesim/include/turtlesim/turtlesim/srv/detail/set_pen__type_support.cpp
[23.609s] -- Up-to-date: /home/lincunha/lab01/install/turtlesim/include/turtlesim/turtlesim/srv/detail/teleport_relative__type_support.cpp
[23.609s] -- Up-to-date: /home/lincunha/lab01/install/turtlesim/include/turtlesim/turtlesim/srv/detail/teleport_absolute__type_support.cpp
[23.609s] -- Up-to-date: /home/lincunha/lab01/install/turtlesim/include/turtlesim/turtlesim/srv/detail/spawn__type_support.cpp
[23.609s] -- Up-to-date: /home/lincunha/lab01/install/turtlesim/include/turtlesim/turtlesim/srv/detail/teleport_absolute__rosidl_typesupport_introspection_cpp.hpp
[23.609s] -- Up-to-date: /home/lincunha/lab01/install/turtlesim/include/turtlesim/turtlesim/srv/detail/spawn__rosidl_typesupport_introspection_cpp.hpp
[23.609s] -- Up-to-date: /home/lincunha/lab01/install/turtlesim/include/turtlesim/turtlesim/msg
[23.609s] -- Up-to-date: /home/lincunha/lab01/install/turtlesim/include/turtlesim/turtlesim/msg/detail
[23.609s] -- Up-to-date: /home/lincunha/lab01/install/turtlesim/include/turtlesim/turtlesim/msg/detail/pose__rosidl_typesupport_introspection_cpp.hpp
[23.609s] -- Up-to-date: /home/lincunha/lab01/install/turtlesim/include/turtlesim/turtlesim/msg/detail/color__type_support.cpp
[23.609s] -- Up-to-date: /home/lincunha/lab01/install/turtlesim/include/turtlesim/turtlesim/msg/detail/color__rosidl_typesupport_introspection_cpp.hpp
[23.609s] -- Up-to-date: /home/lincunha/lab01/install/turtlesim/include/turtlesim/turtlesim/msg/detail/pose__type_support.cpp
[23.610s] -- Installing: /home/lincunha/lab01/install/turtlesim/lib/libturtlesim__rosidl_typesupport_introspection_cpp.so
[23.610s] -- Set runtime path of "/home/lincunha/lab01/install/turtlesim/lib/libturtlesim__rosidl_typesupport_introspection_cpp.so" to ""
[23.610s] -- Up-to-date: /home/lincunha/lab01/install/turtlesim/lib/libturtlesim__rosidl_typesupport_cpp.so
[23.610s] -- Up-to-date: /home/lincunha/lab01/install/turtlesim/share/turtlesim/environment/pythonpath.sh
[23.610s] -- Up-to-date: /home/lincunha/lab01/install/turtlesim/share/turtlesim/environment/pythonpath.dsv
[23.611s] -- Up-to-date: /home/lincunha/lab01/install/turtlesim/local/lib/python3.10/dist-packages/turtlesim-1.4.2-py3.10.egg-info
[23.611s] -- Installing: /home/lincunha/lab01/install/turtlesim/local/lib/python3.10/dist-packages/turtlesim-1.4.2-py3.10.egg-info/dependency_links.txt
[23.611s] -- Installing: /home/lincunha/lab01/install/turtlesim/local/lib/python3.10/dist-packages/turtlesim-1.4.2-py3.10.egg-info/top_level.txt
[23.611s] -- Installing: /home/lincunha/lab01/install/turtlesim/local/lib/python3.10/dist-packages/turtlesim-1.4.2-py3.10.egg-info/SOURCES.txt
[23.611s] -- Installing: /home/lincunha/lab01/install/turtlesim/local/lib/python3.10/dist-packages/turtlesim-1.4.2-py3.10.egg-info/PKG-INFO
[23.611s] -- Up-to-date: /home/lincunha/lab01/install/turtlesim/local/lib/python3.10/dist-packages/turtlesim
[23.612s] -- Up-to-date: /home/lincunha/lab01/install/turtlesim/local/lib/python3.10/dist-packages/turtlesim/_turtlesim_s.ep.rosidl_typesupport_c.c
[23.612s] -- Up-to-date: /home/lincunha/lab01/install/turtlesim/local/lib/python3.10/dist-packages/turtlesim/turtlesim_s__rosidl_typesupport_fastrtps_c.cpython-310-x86_64-linux-gnu.so
[23.612s] -- Up-to-date: /home/lincunha/lab01/install/turtlesim/local/lib/python3.10/dist-packages/turtlesim/action
[23.612s] -- Up-to-date: /home/lincunha/lab01/install/turtlesim/local/lib/python3.10/dist-packages/turtlesim/action/_rotate_absolute_s.c
[23.612s] -- Up-to-date: /home/lincunha/lab01/install/turtlesim/local/lib/python3.10/dist-packages/turtlesim/action/_rotate_absolute.py
[23.612s] -- Up-to-date: /home/lincunha/lab01/install/turtlesim/local/lib/python3.10/dist-packages/turtlesim/action/__init__.py
[23.613s] -- Up-to-date: /home/lincunha/lab01/install/turtlesim/local/lib/python3.10/dist-packages/turtlesim/srv
[23.613s] -- Up-to-date: /home/lincunha/lab01/install/turtlesim/local/lib/python3.10/dist-packages/turtlesim/srv/_kill.py
[23.613s] -- Up-to-date: /home/lincunha/lab01/install/turtlesim/local/lib/python3.10/dist-packages/turtlesim/srv/_spawn.py
[23.613s] -- Up-to-date: /home/lincunha/lab01/install/turtlesim/local/lib/python3.10/dist-packages/turtlesim/srv/_set_pen.py
[23.613s] -- Up-to-date: /home/lincunha/lab01/install/turtlesim/local/lib/python3.10/dist-packages/turtlesim/srv/_teleport_absolute_s.c
[23.613s] -- Up-to-date: /home/lincunha/lab01/install/turtlesim/local/lib/python3.10/dist-packages/turtlesim/srv/_set_pen_s.c
[23.613s] -- Up-to-date: /home/lincunha/lab01/install/turtlesim/local/lib/python3.10/dist-packages/turtlesim/srv/__init__.py
[23.613s] -- Up-to-date: /home/lincunha/lab01/install/turtlesim/local/lib/python3.10/dist-packages/turtlesim/srv/_teleport_absolute.py
[23.613s] -- Up-to-date: /home/lincunha/lab01/install/turtlesim/local/lib/python3.10/dist-packages/turtlesim/srv/_kill_s.c
[23.613s] -- Up-to-date: /home/lincunha/lab01/install/turtlesim/local/lib/python3.10/dist-packages/turtlesim/srv/_teleport_relative.py
[23.614s] -- Up-to-date: /home/lincunha/lab01/install/turtlesim/local/lib/python3.10/dist-packages/turtlesim/srv/_spawn_s.c
[23.614s] -- Up-to-date: /home/lincunha/lab01/install/turtlesim/local/lib/python3.10/dist-packages/turtlesim/srv/_teleport_relative_s.c
[23.614s] -- Up-to-date: /home/lincunha/lab01/install/turtlesim/local/lib/python3.10/dist-packages/turtlesim/libturtlesim__rosidl_generator_py.so
[23.614s] -- Up-to-date: /home/lincunha/lab01/install/turtlesim/local/lib/python3.10/dist-packages/turtlesim/_turtlesim_s.ep.rosidl_typesupport_introspection_c.c
[23.614s] -- Up-to-date: /home/lincunha/lab01/install/turtlesim/local/lib/python3.10/dist-packages/turtlesim/turtlesim_s__rosidl_typesupport_introspection_c.cpython-310-x86_64-linux-gnu.so
[23.614s] -- Up-to-date: /home/lincunha/lab01/install/turtlesim/local/lib/python3.10/dist-packages/turtlesim/_turtlesim_s.ep.rosidl_typesupport_fastrtps_c.c
[23.614s] -- Up-to-date: /home/lincunha/lab01/install/turtlesim/local/lib/python3.10/dist-packages/turtlesim/__init__.py
[23.614s] -- Up-to-date: /home/lincunha/lab01/install/turtlesim/local/lib/python3.10/dist-packages/turtlesim/turtlesim_s__rosidl_typesupport_c.cpython-310-x86_64-linux-gnu.so
[23.615s] -- Up-to-date: /home/lincunha/lab01/install/turtlesim/local/lib/python3.10/dist-packages/turtlesim/msg
[23.615s] -- Up-to-date: /home/lincunha/lab01/install/turtlesim/local/lib/python3.10/dist-packages/turtlesim/msg/_pose.py
[23.615s] -- Up-to-date: /home/lincunha/lab01/install/turtlesim/local/lib/python3.10/dist-packages/turtlesim/msg/_pose_s.c
[23.615s] -- Up-to-date: /home/lincunha/lab01/install/turtlesim/local/lib/python3.10/dist-packages/turtlesim/msg/_color_s.c
[23.615s] -- Up-to-date: /home/lincunha/lab01/install/turtlesim/local/lib/python3.10/dist-packages/turtlesim/msg/__init__.py
[23.615s] -- Up-to-date: /home/lincunha/lab01/install/turtlesim/local/lib/python3.10/dist-packages/turtlesim/msg/_color.py
[23.651s] Listing '/home/lincunha/lab01/install/turtlesim/local/lib/python3.10/dist-packages/turtlesim'...
[23.651s] Listing '/home/lincunha/lab01/install/turtlesim/local/lib/python3.10/dist-packages/turtlesim/action'...
[23.651s] Listing '/home/lincunha/lab01/install/turtlesim/local/lib/python3.10/dist-packages/turtlesim/msg'...
[23.651s] Listing '/home/lincunha/lab01/install/turtlesim/local/lib/python3.10/dist-packages/turtlesim/srv'...
[23.659s] -- Up-to-date: /home/lincunha/lab01/install/turtlesim/local/lib/python3.10/dist-packages/turtlesim/turtlesim_s__rosidl_typesupport_fastrtps_c.cpython-310-x86_64-linux-gnu.so
[23.659s] -- Up-to-date: /home/lincunha/lab01/install/turtlesim/local/lib/python3.10/dist-packages/turtlesim/turtlesim_s__rosidl_typesupport_introspection_c.cpython-310-x86_64-linux-gnu.so
[23.660s] -- Up-to-date: /home/lincunha/lab01/install/turtlesim/local/lib/python3.10/dist-packages/turtlesim/turtlesim_s__rosidl_typesupport_c.cpython-310-x86_64-linux-gnu.so
[23.660s] -- Up-to-date: /home/lincunha/lab01/install/turtlesim/lib/libturtlesim__rosidl_generator_py.so
[23.661s] -- Up-to-date: /home/lincunha/lab01/install/turtlesim/share/turtlesim/action/RotateAbsolute.idl
[23.661s] -- Up-to-date: /home/lincunha/lab01/install/turtlesim/share/turtlesim/msg/Color.idl
[23.662s] -- Up-to-date: /home/lincunha/lab01/install/turtlesim/share/turtlesim/msg/Pose.idl
[23.662s] -- Up-to-date: /home/lincunha/lab01/install/turtlesim/share/turtlesim/srv/Kill.idl
[23.663s] -- Up-to-date: /home/lincunha/lab01/install/turtlesim/share/turtlesim/srv/SetPen.idl
[23.663s] -- Up-to-date: /home/lincunha/lab01/install/turtlesim/share/turtlesim/srv/Spawn.idl
[23.664s] -- Up-to-date: /home/lincunha/lab01/install/turtlesim/share/turtlesim/srv/TeleportAbsolute.idl
[23.664s] -- Up-to-date: /home/lincunha/lab01/install/turtlesim/share/turtlesim/srv/TeleportRelative.idl
[23.665s] -- Up-to-date: /home/lincunha/lab01/install/turtlesim/share/turtlesim/action/RotateAbsolute.action
[23.665s] -- Up-to-date: /home/lincunha/lab01/install/turtlesim/share/turtlesim/msg/Color.msg
[23.666s] -- Up-to-date: /home/lincunha/lab01/install/turtlesim/share/turtlesim/msg/Pose.msg
[23.666s] -- Up-to-date: /home/lincunha/lab01/install/turtlesim/share/turtlesim/srv/Kill.srv
[23.666s] -- Up-to-date: /home/lincunha/lab01/install/turtlesim/share/turtlesim/srv/Kill_Request.msg
[23.666s] -- Up-to-date: /home/lincunha/lab01/install/turtlesim/share/turtlesim/srv/Kill_Response.msg
[23.666s] -- Up-to-date: /home/lincunha/lab01/install/turtlesim/share/turtlesim/srv/SetPen.srv
[23.666s] -- Up-to-date: /home/lincunha/lab01/install/turtlesim/share/turtlesim/srv/SetPen_Request.msg
[23.667s] -- Up-to-date: /home/lincunha/lab01/install/turtlesim/share/turtlesim/srv/SetPen_Response.msg
[23.667s] -- Up-to-date: /home/lincunha/lab01/install/turtlesim/share/turtlesim/srv/Spawn.srv
[23.667s] -- Up-to-date: /home/lincunha/lab01/install/turtlesim/share/turtlesim/srv/Spawn_Request.msg
[23.667s] -- Up-to-date: /home/lincunha/lab01/install/turtlesim/share/turtlesim/srv/Spawn_Response.msg
[23.667s] -- Up-to-date: /home/lincunha/lab01/install/turtlesim/share/turtlesim/srv/TeleportAbsolute.srv
[23.668s] -- Up-to-date: /home/lincunha/lab01/install/turtlesim/share/turtlesim/srv/TeleportAbsolute_Request.msg
[23.668s] -- Up-to-date: /home/lincunha/lab01/install/turtlesim/share/turtlesim/srv/TeleportAbsolute_Response.msg
[23.668s] -- Up-to-date: /home/lincunha/lab01/install/turtlesim/share/turtlesim/srv/TeleportRelative.srv
[23.668s] -- Up-to-date: /home/lincunha/lab01/install/turtlesim/share/turtlesim/srv/TeleportRelative_Request.msg
[23.668s] -- Up-to-date: /home/lincunha/lab01/install/turtlesim/share/turtlesim/srv/TeleportRelative_Response.msg
[23.669s] -- Installing: /home/lincunha/lab01/install/turtlesim/lib/turtlesim/turtlesim_node
[23.686s] -- Set runtime path of "/home/lincunha/lab01/install/turtlesim/lib/turtlesim/turtlesim_node" to ""
[23.686s] -- Up-to-date: /home/lincunha/lab01/install/turtlesim/lib/turtlesim/turtle_teleop_key
[23.686s] -- Up-to-date: /home/lincunha/lab01/install/turtlesim/lib/turtlesim/draw_square
[23.687s] -- Up-to-date: /home/lincunha/lab01/install/turtlesim/lib/turtlesim/mimic
[23.688s] -- Up-to-date: /home/lincunha/lab01/install/turtlesim/share/turtlesim/images
[23.688s] -- Up-to-date: /home/lincunha/lab01/install/turtlesim/share/turtlesim/images/galactic.png
[23.688s] -- Up-to-date: /home/lincunha/lab01/install/turtlesim/share/turtlesim/images/crystal.png
[23.689s] -- Up-to-date: /home/lincunha/lab01/install/turtlesim/share/turtlesim/images/dashing.png
[23.689s] -- Up-to-date: /home/lincunha/lab01/install/turtlesim/share/turtlesim/images/humble.png
[23.689s] -- Up-to-date: /home/lincunha/lab01/install/turtlesim/share/turtlesim/images/bouncy.png
[23.690s] -- Up-to-date: /home/lincunha/lab01/install/turtlesim/share/turtlesim/images/rolling.png
[23.690s] -- Up-to-date: /home/lincunha/lab01/install/turtlesim/share/turtlesim/images/ardent.png
[23.690s] -- Up-to-date: /home/lincunha/lab01/install/turtlesim/share/turtlesim/images/foxy.png
[23.691s] -- Up-to-date: /home/lincunha/lab01/install/turtlesim/share/turtlesim/images/eloquent.png
[23.691s] -- Up-to-date: /home/lincunha/lab01/install/turtlesim/share/turtlesim/launch
[23.691s] -- Up-to-date: /home/lincunha/lab01/install/turtlesim/share/turtlesim/launch/multisim.launch.py
[23.691s] -- Up-to-date: /home/lincunha/lab01/install/turtlesim/share/ament_index/resource_index/package_run_dependencies/turtlesim
[23.692s] -- Up-to-date: /home/lincunha/lab01/install/turtlesim/share/ament_index/resource_index/parent_prefix_path/turtlesim
[23.692s] -- Up-to-date: /home/lincunha/lab01/install/turtlesim/share/turtlesim/environment/ament_prefix_path.sh
[23.692s] -- Up-to-date: /home/lincunha/lab01/install/turtlesim/share/turtlesim/environment/ament_prefix_path.dsv
[23.693s] -- Up-to-date: /home/lincunha/lab01/install/turtlesim/share/turtlesim/environment/path.sh
[23.693s] -- Up-to-date: /home/lincunha/lab01/install/turtlesim/share/turtlesim/environment/path.dsv
[23.693s] -- Up-to-date: /home/lincunha/lab01/install/turtlesim/share/turtlesim/local_setup.bash
[23.694s] -- Up-to-date: /home/lincunha/lab01/install/turtlesim/share/turtlesim/local_setup.sh
[23.694s] -- Up-to-date: /home/lincunha/lab01/install/turtlesim/share/turtlesim/local_setup.zsh
[23.694s] -- Up-to-date: /home/lincunha/lab01/install/turtlesim/share/turtlesim/local_setup.dsv
[23.694s] -- Installing: /home/lincunha/lab01/install/turtlesim/share/turtlesim/package.dsv
[23.695s] -- Up-to-date: /home/lincunha/lab01/install/turtlesim/share/ament_index/resource_index/packages/turtlesim
[23.695s] -- Up-to-date: /home/lincunha/lab01/install/turtlesim/share/turtlesim/cmake/export_turtlesim__rosidl_generator_cExport.cmake
[23.695s] -- Up-to-date: /home/lincunha/lab01/install/turtlesim/share/turtlesim/cmake/export_turtlesim__rosidl_generator_cExport-noconfig.cmake
[23.695s] -- Up-to-date: /home/lincunha/lab01/install/turtlesim/share/turtlesim/cmake/export_turtlesim__rosidl_typesupport_fastrtps_cExport.cmake
[23.695s] -- Up-to-date: /home/lincunha/lab01/install/turtlesim/share/turtlesim/cmake/export_turtlesim__rosidl_typesupport_fastrtps_cExport-noconfig.cmake
[23.695s] -- Up-to-date: /home/lincunha/lab01/install/turtlesim/share/turtlesim/cmake/export_turtlesim__rosidl_generator_cppExport.cmake
[23.695s] -- Up-to-date: /home/lincunha/lab01/install/turtlesim/share/turtlesim/cmake/export_turtlesim__rosidl_typesupport_fastrtps_cppExport.cmake
[23.695s] -- Up-to-date: /home/lincunha/lab01/install/turtlesim/share/turtlesim/cmake/export_turtlesim__rosidl_typesupport_fastrtps_cppExport-noconfig.cmake
[23.696s] -- Up-to-date: /home/lincunha/lab01/install/turtlesim/share/turtlesim/cmake/turtlesim__rosidl_typesupport_introspection_cExport.cmake
[23.696s] -- Up-to-date: /home/lincunha/lab01/install/turtlesim/share/turtlesim/cmake/turtlesim__rosidl_typesupport_introspection_cExport-noconfig.cmake
[23.696s] -- Up-to-date: /home/lincunha/lab01/install/turtlesim/share/turtlesim/cmake/turtlesim__rosidl_typesupport_cExport.cmake
[23.696s] -- Up-to-date: /home/lincunha/lab01/install/turtlesim/share/turtlesim/cmake/turtlesim__rosidl_typesupport_cExport-noconfig.cmake
[23.696s] -- Up-to-date: /home/lincunha/lab01/install/turtlesim/share/turtlesim/cmake/turtlesim__rosidl_typesupport_introspection_cppExport.cmake
[23.697s] -- Up-to-date: /home/lincunha/lab01/install/turtlesim/share/turtlesim/cmake/turtlesim__rosidl_typesupport_introspection_cppExport-noconfig.cmake
[23.697s] -- Up-to-date: /home/lincunha/lab01/install/turtlesim/share/turtlesim/cmake/turtlesim__rosidl_typesupport_cppExport.cmake
[23.697s] -- Up-to-date: /home/lincunha/lab01/install/turtlesim/share/turtlesim/cmake/turtlesim__rosidl_typesupport_cppExport-noconfig.cmake
[23.698s] -- Up-to-date: /home/lincunha/lab01/install/turtlesim/share/turtlesim/cmake/export_turtlesim__rosidl_generator_pyExport.cmake
[23.698s] -- Up-to-date: /home/lincunha/lab01/install/turtlesim/share/turtlesim/cmake/export_turtlesim__rosidl_generator_pyExport-noconfig.cmake
[23.699s] -- Up-to-date: /home/lincunha/lab01/install/turtlesim/share/turtlesim/cmake/rosidl_cmake-extras.cmake
[23.699s] -- Up-to-date: /home/lincunha/lab01/install/turtlesim/share/turtlesim/cmake/ament_cmake_export_dependencies-extras.cmake
[23.700s] -- Up-to-date: /home/lincunha/lab01/install/turtlesim/share/turtlesim/cmake/ament_cmake_export_include_directories-extras.cmake
[23.701s] -- Up-to-date: /home/lincunha/lab01/install/turtlesim/share/turtlesim/cmake/ament_cmake_export_libraries-extras.cmake
[23.702s] -- Up-to-date: /home/lincunha/lab01/install/turtlesim/share/turtlesim/cmake/ament_cmake_export_targets-extras.cmake
[23.703s] -- Up-to-date: /home/lincunha/lab01/install/turtlesim/share/turtlesim/cmake/rosidl_cmake_export_typesupport_targets-extras.cmake
[23.704s] -- Up-to-date: /home/lincunha/lab01/install/turtlesim/share/turtlesim/cmake/rosidl_cmake_export_typesupport_libraries-extras.cmake
[23.704s] -- Up-to-date: /home/lincunha/lab01/install/turtlesim/share/turtlesim/cmake/turtlesimConfig.cmake
[23.705s] -- Up-to-date: /home/lincunha/lab01/install/turtlesim/share/turtlesim/cmake/turtlesimConfig-version.cmake
[23.705s] -- Up-to-date: /home/lincunha/lab01/install/turtlesim/share/turtlesim/package.xml
[23.706s] Invoked command in '/home/lincunha/lab01/build/turtlesim' returned '0': CMAKE_PREFIX_PATH=${CMAKE_PREFIX_PATH}:/home/lincunha/lab01/install/lab01_pkg:/opt/ros/humble /usr/bin/cmake --install /home/lincunha/lab01/build/turtlesim
