[0.143s] Invoking command in '/home/lincunha/SESASR/lab02/build/turtlebot3_simulations': CMAKE_PREFIX_PATH=/home/lincunha/SESASR/lab02/install/turtlebot3_gazebo:/home/lincunha/SESASR/lab02/install/turtlebot3_fake_node:/home/lincunha/SESASR/lab02/install/turtlebot3_simulations:/home/lincunha/SESASR/lab02/install/lab02_pkg:/opt/ros/humble /usr/bin/cmake --build /home/lincunha/SESASR/lab02/build/turtlebot3_simulations -- -j8 -l8
[0.227s] Invoked command in '/home/lincunha/SESASR/lab02/build/turtlebot3_simulations' returned '0': CMAKE_PREFIX_PATH=/home/lincunha/SESASR/lab02/install/turtlebot3_gazebo:/home/lincunha/SESASR/lab02/install/turtlebot3_fake_node:/home/lincunha/SESASR/lab02/install/turtlebot3_simulations:/home/lincunha/SESASR/lab02/install/lab02_pkg:/opt/ros/humble /usr/bin/cmake --build /home/lincunha/SESASR/lab02/build/turtlebot3_simulations -- -j8 -l8
[0.281s] Invoking command in '/home/lincunha/SESASR/lab02/build/turtlebot3_simulations': CMAKE_PREFIX_PATH=/home/lincunha/SESASR/lab02/install/turtlebot3_gazebo:/home/lincunha/SESASR/lab02/install/turtlebot3_fake_node:/home/lincunha/SESASR/lab02/install/turtlebot3_simulations:/home/lincunha/SESASR/lab02/install/lab02_pkg:/opt/ros/humble /usr/bin/cmake --install /home/lincunha/SESASR/lab02/build/turtlebot3_simulations
[0.296s] -- Install configuration: ""
[0.298s] -- Execute custom install script
[0.299s] -- Up-to-date symlink: /home/lincunha/SESASR/lab02/install/turtlebot3_simulations/share/ament_index/resource_index/package_run_dependencies/turtlebot3_simulations
[0.299s] -- Up-to-date symlink: /home/lincunha/SESASR/lab02/install/turtlebot3_simulations/share/ament_index/resource_index/parent_prefix_path/turtlebot3_simulations
[0.300s] -- Up-to-date symlink: /home/lincunha/SESASR/lab02/install/turtlebot3_simulations/share/turtlebot3_simulations/environment/ament_prefix_path.sh
[0.300s] -- Up-to-date symlink: /home/lincunha/SESASR/lab02/install/turtlebot3_simulations/share/turtlebot3_simulations/environment/ament_prefix_path.dsv
[0.301s] -- Up-to-date symlink: /home/lincunha/SESASR/lab02/install/turtlebot3_simulations/share/turtlebot3_simulations/environment/path.sh
[0.302s] -- Up-to-date symlink: /home/lincunha/SESASR/lab02/install/turtlebot3_simulations/share/turtlebot3_simulations/environment/path.dsv
[0.302s] -- Up-to-date symlink: /home/lincunha/SESASR/lab02/install/turtlebot3_simulations/share/turtlebot3_simulations/local_setup.bash
[0.303s] -- Up-to-date symlink: /home/lincunha/SESASR/lab02/install/turtlebot3_simulations/share/turtlebot3_simulations/local_setup.sh
[0.304s] -- Up-to-date symlink: /home/lincunha/SESASR/lab02/install/turtlebot3_simulations/share/turtlebot3_simulations/local_setup.zsh
[0.304s] -- Up-to-date symlink: /home/lincunha/SESASR/lab02/install/turtlebot3_simulations/share/turtlebot3_simulations/local_setup.dsv
[0.305s] -- Symlinking: /home/lincunha/SESASR/lab02/install/turtlebot3_simulations/share/turtlebot3_simulations/package.dsv
[0.328s] -- Up-to-date symlink: /home/lincunha/SESASR/lab02/install/turtlebot3_simulations/share/ament_index/resource_index/packages/turtlebot3_simulations
[0.329s] -- Up-to-date symlink: /home/lincunha/SESASR/lab02/install/turtlebot3_simulations/share/turtlebot3_simulations/cmake/turtlebot3_simulationsConfig.cmake
[0.329s] -- Up-to-date symlink: /home/lincunha/SESASR/lab02/install/turtlebot3_simulations/share/turtlebot3_simulations/cmake/turtlebot3_simulationsConfig-version.cmake
[0.330s] -- Up-to-date symlink: /home/lincunha/SESASR/lab02/install/turtlebot3_simulations/share/turtlebot3_simulations/package.xml
[0.338s] Invoked command in '/home/lincunha/SESASR/lab02/build/turtlebot3_simulations' returned '0': CMAKE_PREFIX_PATH=/home/lincunha/SESASR/lab02/install/turtlebot3_gazebo:/home/lincunha/SESASR/lab02/install/turtlebot3_fake_node:/home/lincunha/SESASR/lab02/install/turtlebot3_simulations:/home/lincunha/SESASR/lab02/install/lab02_pkg:/opt/ros/humble /usr/bin/cmake --install /home/lincunha/SESASR/lab02/build/turtlebot3_simulations
