[0.422s] DEBUG:colcon:Command line arguments: ['/usr/bin/colcon', 'build']
[0.422s] DEBUG:colcon:Parsed command line arguments: Namespace(log_base=None, log_level=None, verb_name='build', build_base='build', install_base='install', merge_install=False, symlink_install=False, test_result_base=None, continue_on_error=False, executor='parallel', parallel_workers=12, event_handlers=None, ignore_user_meta=False, metas=['./colcon.meta'], base_paths=['.'], packages_ignore=None, packages_ignore_regex=None, paths=None, packages_up_to=None, packages_up_to_regex=None, packages_above=None, packages_above_and_dependencies=None, packages_above_depth=None, packages_select_by_dep=None, packages_skip_by_dep=None, packages_skip_up_to=None, packages_select_build_failed=False, packages_skip_build_finished=False, packages_select_test_failures=False, packages_skip_test_passed=False, packages_select=None, packages_skip=None, packages_select_regex=None, packages_skip_regex=None, packages_start=None, packages_end=None, allow_overriding=[], cmake_args=None, cmake_target=None, cmake_target_skip_unavailable=False, cmake_clean_cache=False, cmake_clean_first=False, cmake_force_configure=False, ament_cmake_args=None, catkin_cmake_args=None, catkin_skip_building_tests=False, mixin_files=None, mixin=None, verb_parser=<colcon_mixin.mixin.mixin_argument.MixinArgumentDecorator object at 0x7fc6f965a920>, verb_extension=<colcon_core.verb.build.BuildVerb object at 0x7fc6f9659e70>, main=<bound method BuildVerb.main of <colcon_core.verb.build.BuildVerb object at 0x7fc6f9659e70>>, mixin_verb=('build',))
[0.824s] Level 1:colcon.colcon_core.package_discovery:discover_packages(colcon_meta) check parameters
[0.825s] Level 1:colcon.colcon_core.package_discovery:discover_packages(recursive) check parameters
[0.825s] Level 1:colcon.colcon_core.package_discovery:discover_packages(ignore) check parameters
[0.825s] Level 1:colcon.colcon_core.package_discovery:discover_packages(path) check parameters
[0.825s] Level 1:colcon.colcon_core.package_discovery:discover_packages(colcon_meta) discover
[0.825s] Level 1:colcon.colcon_core.package_discovery:discover_packages(recursive) discover
[0.825s] INFO:colcon.colcon_core.package_discovery:Crawling recursively for packages in '/home/thilevin/sesasr/SESASR/lab05'
[0.825s] Level 1:colcon.colcon_core.package_identification:_identify(.) by extensions ['ignore', 'ignore_ament_install']
[0.825s] Level 1:colcon.colcon_core.package_identification:_identify(.) by extension 'ignore'
[0.826s] Level 1:colcon.colcon_core.package_identification:_identify(.) by extension 'ignore_ament_install'
[0.826s] Level 1:colcon.colcon_core.package_identification:_identify(.) by extensions ['colcon_pkg']
[0.826s] Level 1:colcon.colcon_core.package_identification:_identify(.) by extension 'colcon_pkg'
[0.826s] Level 1:colcon.colcon_core.package_identification:_identify(.) by extensions ['colcon_meta']
[0.826s] Level 1:colcon.colcon_core.package_identification:_identify(.) by extension 'colcon_meta'
[0.826s] Level 1:colcon.colcon_core.package_identification:_identify(.) by extensions ['ros']
[0.826s] Level 1:colcon.colcon_core.package_identification:_identify(.) by extension 'ros'
[0.841s] Level 1:colcon.colcon_core.package_identification:_identify(.) by extensions ['cmake', 'python']
[0.841s] Level 1:colcon.colcon_core.package_identification:_identify(.) by extension 'cmake'
[0.841s] Level 1:colcon.colcon_core.package_identification:_identify(.) by extension 'python'
[0.841s] Level 1:colcon.colcon_core.package_identification:_identify(.) by extensions ['python_setup_py']
[0.841s] Level 1:colcon.colcon_core.package_identification:_identify(.) by extension 'python_setup_py'
[0.841s] Level 1:colcon.colcon_core.package_identification:_identify(build) by extensions ['ignore', 'ignore_ament_install']
[0.842s] Level 1:colcon.colcon_core.package_identification:_identify(build) by extension 'ignore'
[0.842s] Level 1:colcon.colcon_core.package_identification:_identify(build) ignored
[0.842s] Level 1:colcon.colcon_core.package_identification:_identify(install) by extensions ['ignore', 'ignore_ament_install']
[0.842s] Level 1:colcon.colcon_core.package_identification:_identify(install) by extension 'ignore'
[0.842s] Level 1:colcon.colcon_core.package_identification:_identify(install) ignored
[0.842s] Level 1:colcon.colcon_core.package_identification:_identify(log) by extensions ['ignore', 'ignore_ament_install']
[0.842s] Level 1:colcon.colcon_core.package_identification:_identify(log) by extension 'ignore'
[0.843s] Level 1:colcon.colcon_core.package_identification:_identify(log) ignored
[0.843s] Level 1:colcon.colcon_core.package_identification:_identify(src) by extensions ['ignore', 'ignore_ament_install']
[0.843s] Level 1:colcon.colcon_core.package_identification:_identify(src) by extension 'ignore'
[0.843s] Level 1:colcon.colcon_core.package_identification:_identify(src) by extension 'ignore_ament_install'
[0.843s] Level 1:colcon.colcon_core.package_identification:_identify(src) by extensions ['colcon_pkg']
[0.843s] Level 1:colcon.colcon_core.package_identification:_identify(src) by extension 'colcon_pkg'
[0.843s] Level 1:colcon.colcon_core.package_identification:_identify(src) by extensions ['colcon_meta']
[0.843s] Level 1:colcon.colcon_core.package_identification:_identify(src) by extension 'colcon_meta'
[0.843s] Level 1:colcon.colcon_core.package_identification:_identify(src) by extensions ['ros']
[0.843s] Level 1:colcon.colcon_core.package_identification:_identify(src) by extension 'ros'
[0.844s] Level 1:colcon.colcon_core.package_identification:_identify(src) by extensions ['cmake', 'python']
[0.844s] Level 1:colcon.colcon_core.package_identification:_identify(src) by extension 'cmake'
[0.844s] Level 1:colcon.colcon_core.package_identification:_identify(src) by extension 'python'
[0.844s] Level 1:colcon.colcon_core.package_identification:_identify(src) by extensions ['python_setup_py']
[0.844s] Level 1:colcon.colcon_core.package_identification:_identify(src) by extension 'python_setup_py'
[0.844s] Level 1:colcon.colcon_core.package_identification:_identify(src/pf_pkg) by extensions ['ignore', 'ignore_ament_install']
[0.844s] Level 1:colcon.colcon_core.package_identification:_identify(src/pf_pkg) by extension 'ignore'
[0.844s] Level 1:colcon.colcon_core.package_identification:_identify(src/pf_pkg) by extension 'ignore_ament_install'
[0.844s] Level 1:colcon.colcon_core.package_identification:_identify(src/pf_pkg) by extensions ['colcon_pkg']
[0.844s] Level 1:colcon.colcon_core.package_identification:_identify(src/pf_pkg) by extension 'colcon_pkg'
[0.844s] Level 1:colcon.colcon_core.package_identification:_identify(src/pf_pkg) by extensions ['colcon_meta']
[0.844s] Level 1:colcon.colcon_core.package_identification:_identify(src/pf_pkg) by extension 'colcon_meta'
[0.844s] Level 1:colcon.colcon_core.package_identification:_identify(src/pf_pkg) by extensions ['ros']
[0.844s] Level 1:colcon.colcon_core.package_identification:_identify(src/pf_pkg) by extension 'ros'
[0.848s] DEBUG:colcon.colcon_core.package_identification:Package 'src/pf_pkg' with type 'ros.ament_python' and name 'pf_pkg'
[0.849s] Level 1:colcon.colcon_core.package_identification:_identify(src/turtlebot3_perception) by extensions ['ignore', 'ignore_ament_install']
[0.849s] Level 1:colcon.colcon_core.package_identification:_identify(src/turtlebot3_perception) by extension 'ignore'
[0.850s] Level 1:colcon.colcon_core.package_identification:_identify(src/turtlebot3_perception) by extension 'ignore_ament_install'
[0.850s] Level 1:colcon.colcon_core.package_identification:_identify(src/turtlebot3_perception) by extensions ['colcon_pkg']
[0.850s] Level 1:colcon.colcon_core.package_identification:_identify(src/turtlebot3_perception) by extension 'colcon_pkg'
[0.850s] Level 1:colcon.colcon_core.package_identification:_identify(src/turtlebot3_perception) by extensions ['colcon_meta']
[0.850s] Level 1:colcon.colcon_core.package_identification:_identify(src/turtlebot3_perception) by extension 'colcon_meta'
[0.850s] Level 1:colcon.colcon_core.package_identification:_identify(src/turtlebot3_perception) by extensions ['ros']
[0.850s] Level 1:colcon.colcon_core.package_identification:_identify(src/turtlebot3_perception) by extension 'ros'
[0.850s] Level 1:colcon.colcon_core.package_identification:_identify(src/turtlebot3_perception) by extensions ['cmake', 'python']
[0.850s] Level 1:colcon.colcon_core.package_identification:_identify(src/turtlebot3_perception) by extension 'cmake'
[0.850s] Level 1:colcon.colcon_core.package_identification:_identify(src/turtlebot3_perception) by extension 'python'
[0.850s] Level 1:colcon.colcon_core.package_identification:_identify(src/turtlebot3_perception) by extensions ['python_setup_py']
[0.850s] Level 1:colcon.colcon_core.package_identification:_identify(src/turtlebot3_perception) by extension 'python_setup_py'
[0.851s] Level 1:colcon.colcon_core.package_identification:_identify(src/turtlebot3_perception/landmark_msgs) by extensions ['ignore', 'ignore_ament_install']
[0.851s] Level 1:colcon.colcon_core.package_identification:_identify(src/turtlebot3_perception/landmark_msgs) by extension 'ignore'
[0.851s] Level 1:colcon.colcon_core.package_identification:_identify(src/turtlebot3_perception/landmark_msgs) by extension 'ignore_ament_install'
[0.851s] Level 1:colcon.colcon_core.package_identification:_identify(src/turtlebot3_perception/landmark_msgs) by extensions ['colcon_pkg']
[0.851s] Level 1:colcon.colcon_core.package_identification:_identify(src/turtlebot3_perception/landmark_msgs) by extension 'colcon_pkg'
[0.851s] Level 1:colcon.colcon_core.package_identification:_identify(src/turtlebot3_perception/landmark_msgs) by extensions ['colcon_meta']
[0.851s] Level 1:colcon.colcon_core.package_identification:_identify(src/turtlebot3_perception/landmark_msgs) by extension 'colcon_meta'
[0.851s] Level 1:colcon.colcon_core.package_identification:_identify(src/turtlebot3_perception/landmark_msgs) by extensions ['ros']
[0.851s] Level 1:colcon.colcon_core.package_identification:_identify(src/turtlebot3_perception/landmark_msgs) by extension 'ros'
[0.853s] DEBUG:colcon.colcon_core.package_identification:Package 'src/turtlebot3_perception/landmark_msgs' with type 'ros.ament_cmake' and name 'landmark_msgs'
[0.853s] Level 1:colcon.colcon_core.package_identification:_identify(src/turtlebot3_perception/turtlebot3_perception) by extensions ['ignore', 'ignore_ament_install']
[0.853s] Level 1:colcon.colcon_core.package_identification:_identify(src/turtlebot3_perception/turtlebot3_perception) by extension 'ignore'
[0.853s] Level 1:colcon.colcon_core.package_identification:_identify(src/turtlebot3_perception/turtlebot3_perception) by extension 'ignore_ament_install'
[0.853s] Level 1:colcon.colcon_core.package_identification:_identify(src/turtlebot3_perception/turtlebot3_perception) by extensions ['colcon_pkg']
[0.853s] Level 1:colcon.colcon_core.package_identification:_identify(src/turtlebot3_perception/turtlebot3_perception) by extension 'colcon_pkg'
[0.853s] Level 1:colcon.colcon_core.package_identification:_identify(src/turtlebot3_perception/turtlebot3_perception) by extensions ['colcon_meta']
[0.853s] Level 1:colcon.colcon_core.package_identification:_identify(src/turtlebot3_perception/turtlebot3_perception) by extension 'colcon_meta'
[0.853s] Level 1:colcon.colcon_core.package_identification:_identify(src/turtlebot3_perception/turtlebot3_perception) by extensions ['ros']
[0.853s] Level 1:colcon.colcon_core.package_identification:_identify(src/turtlebot3_perception/turtlebot3_perception) by extension 'ros'
[0.856s] DEBUG:colcon.colcon_core.package_identification:Package 'src/turtlebot3_perception/turtlebot3_perception' with type 'ros.ament_python' and name 'turtlebot3_perception'
[0.856s] Level 1:colcon.colcon_core.package_identification:_identify(src/turtlebot3_simulations) by extensions ['ignore', 'ignore_ament_install']
[0.856s] Level 1:colcon.colcon_core.package_identification:_identify(src/turtlebot3_simulations) by extension 'ignore'
[0.857s] Level 1:colcon.colcon_core.package_identification:_identify(src/turtlebot3_simulations) by extension 'ignore_ament_install'
[0.857s] Level 1:colcon.colcon_core.package_identification:_identify(src/turtlebot3_simulations) by extensions ['colcon_pkg']
[0.857s] Level 1:colcon.colcon_core.package_identification:_identify(src/turtlebot3_simulations) by extension 'colcon_pkg'
[0.857s] Level 1:colcon.colcon_core.package_identification:_identify(src/turtlebot3_simulations) by extensions ['colcon_meta']
[0.857s] Level 1:colcon.colcon_core.package_identification:_identify(src/turtlebot3_simulations) by extension 'colcon_meta'
[0.857s] Level 1:colcon.colcon_core.package_identification:_identify(src/turtlebot3_simulations) by extensions ['ros']
[0.857s] Level 1:colcon.colcon_core.package_identification:_identify(src/turtlebot3_simulations) by extension 'ros'
[0.857s] Level 1:colcon.colcon_core.package_identification:_identify(src/turtlebot3_simulations) by extensions ['cmake', 'python']
[0.857s] Level 1:colcon.colcon_core.package_identification:_identify(src/turtlebot3_simulations) by extension 'cmake'
[0.857s] Level 1:colcon.colcon_core.package_identification:_identify(src/turtlebot3_simulations) by extension 'python'
[0.857s] Level 1:colcon.colcon_core.package_identification:_identify(src/turtlebot3_simulations) by extensions ['python_setup_py']
[0.857s] Level 1:colcon.colcon_core.package_identification:_identify(src/turtlebot3_simulations) by extension 'python_setup_py'
[0.857s] Level 1:colcon.colcon_core.package_identification:_identify(src/turtlebot3_simulations/turtlebot3_fake_node) by extensions ['ignore', 'ignore_ament_install']
[0.857s] Level 1:colcon.colcon_core.package_identification:_identify(src/turtlebot3_simulations/turtlebot3_fake_node) by extension 'ignore'
[0.857s] Level 1:colcon.colcon_core.package_identification:_identify(src/turtlebot3_simulations/turtlebot3_fake_node) by extension 'ignore_ament_install'
[0.858s] Level 1:colcon.colcon_core.package_identification:_identify(src/turtlebot3_simulations/turtlebot3_fake_node) by extensions ['colcon_pkg']
[0.858s] Level 1:colcon.colcon_core.package_identification:_identify(src/turtlebot3_simulations/turtlebot3_fake_node) by extension 'colcon_pkg'
[0.858s] Level 1:colcon.colcon_core.package_identification:_identify(src/turtlebot3_simulations/turtlebot3_fake_node) by extensions ['colcon_meta']
[0.858s] Level 1:colcon.colcon_core.package_identification:_identify(src/turtlebot3_simulations/turtlebot3_fake_node) by extension 'colcon_meta'
[0.858s] Level 1:colcon.colcon_core.package_identification:_identify(src/turtlebot3_simulations/turtlebot3_fake_node) by extensions ['ros']
[0.858s] Level 1:colcon.colcon_core.package_identification:_identify(src/turtlebot3_simulations/turtlebot3_fake_node) by extension 'ros'
[0.860s] DEBUG:colcon.colcon_core.package_identification:Package 'src/turtlebot3_simulations/turtlebot3_fake_node' with type 'ros.ament_cmake' and name 'turtlebot3_fake_node'
[0.860s] Level 1:colcon.colcon_core.package_identification:_identify(src/turtlebot3_simulations/turtlebot3_gazebo) by extensions ['ignore', 'ignore_ament_install']
[0.860s] Level 1:colcon.colcon_core.package_identification:_identify(src/turtlebot3_simulations/turtlebot3_gazebo) by extension 'ignore'
[0.860s] Level 1:colcon.colcon_core.package_identification:_identify(src/turtlebot3_simulations/turtlebot3_gazebo) by extension 'ignore_ament_install'
[0.860s] Level 1:colcon.colcon_core.package_identification:_identify(src/turtlebot3_simulations/turtlebot3_gazebo) by extensions ['colcon_pkg']
[0.861s] Level 1:colcon.colcon_core.package_identification:_identify(src/turtlebot3_simulations/turtlebot3_gazebo) by extension 'colcon_pkg'
[0.861s] Level 1:colcon.colcon_core.package_identification:_identify(src/turtlebot3_simulations/turtlebot3_gazebo) by extensions ['colcon_meta']
[0.861s] Level 1:colcon.colcon_core.package_identification:_identify(src/turtlebot3_simulations/turtlebot3_gazebo) by extension 'colcon_meta'
[0.861s] Level 1:colcon.colcon_core.package_identification:_identify(src/turtlebot3_simulations/turtlebot3_gazebo) by extensions ['ros']
[0.861s] Level 1:colcon.colcon_core.package_identification:_identify(src/turtlebot3_simulations/turtlebot3_gazebo) by extension 'ros'
[0.862s] DEBUG:colcon.colcon_core.package_identification:Package 'src/turtlebot3_simulations/turtlebot3_gazebo' with type 'ros.ament_cmake' and name 'turtlebot3_gazebo'
[0.863s] Level 1:colcon.colcon_core.package_identification:_identify(src/turtlebot3_simulations/turtlebot3_ignition) by extensions ['ignore', 'ignore_ament_install']
[0.863s] Level 1:colcon.colcon_core.package_identification:_identify(src/turtlebot3_simulations/turtlebot3_ignition) by extension 'ignore'
[0.863s] Level 1:colcon.colcon_core.package_identification:_identify(src/turtlebot3_simulations/turtlebot3_ignition) ignored
[0.863s] Level 1:colcon.colcon_core.package_identification:_identify(src/turtlebot3_simulations/turtlebot3_simulations) by extensions ['ignore', 'ignore_ament_install']
[0.863s] Level 1:colcon.colcon_core.package_identification:_identify(src/turtlebot3_simulations/turtlebot3_simulations) by extension 'ignore'
[0.863s] Level 1:colcon.colcon_core.package_identification:_identify(src/turtlebot3_simulations/turtlebot3_simulations) by extension 'ignore_ament_install'
[0.863s] Level 1:colcon.colcon_core.package_identification:_identify(src/turtlebot3_simulations/turtlebot3_simulations) by extensions ['colcon_pkg']
[0.863s] Level 1:colcon.colcon_core.package_identification:_identify(src/turtlebot3_simulations/turtlebot3_simulations) by extension 'colcon_pkg'
[0.863s] Level 1:colcon.colcon_core.package_identification:_identify(src/turtlebot3_simulations/turtlebot3_simulations) by extensions ['colcon_meta']
[0.863s] Level 1:colcon.colcon_core.package_identification:_identify(src/turtlebot3_simulations/turtlebot3_simulations) by extension 'colcon_meta'
[0.863s] Level 1:colcon.colcon_core.package_identification:_identify(src/turtlebot3_simulations/turtlebot3_simulations) by extensions ['ros']
[0.863s] Level 1:colcon.colcon_core.package_identification:_identify(src/turtlebot3_simulations/turtlebot3_simulations) by extension 'ros'
[0.865s] DEBUG:colcon.colcon_core.package_identification:Package 'src/turtlebot3_simulations/turtlebot3_simulations' with type 'ros.ament_cmake' and name 'turtlebot3_simulations'
[0.865s] Level 1:colcon.colcon_core.package_discovery:discover_packages(recursive) using defaults
[0.865s] Level 1:colcon.colcon_core.package_discovery:discover_packages(ignore) discover
[0.865s] Level 1:colcon.colcon_core.package_discovery:discover_packages(ignore) using defaults
[0.865s] Level 1:colcon.colcon_core.package_discovery:discover_packages(path) discover
[0.865s] Level 1:colcon.colcon_core.package_discovery:discover_packages(path) using defaults
[0.913s] Level 1:colcon.colcon_core.package_discovery:discover_packages(prefix_path) check parameters
[0.913s] Level 1:colcon.colcon_core.package_discovery:discover_packages(prefix_path) discover
[0.918s] DEBUG:colcon.colcon_installed_package_information.package_discovery:Found 6 installed packages in /home/thilevin/sesasr/SESASR/lab05/install
[0.918s] DEBUG:colcon.colcon_installed_package_information.package_discovery:Found 1 installed packages in /home/thilevin/sesasr/SESASR/lab02/install
[0.921s] DEBUG:colcon.colcon_installed_package_information.package_discovery:Found 373 installed packages in /opt/ros/humble
[0.923s] Level 1:colcon.colcon_core.package_discovery:discover_packages(prefix_path) using defaults
[0.985s] Level 5:colcon.colcon_core.verb:set package 'landmark_msgs' build argument 'cmake_args' from command line to 'None'
[0.985s] Level 5:colcon.colcon_core.verb:set package 'landmark_msgs' build argument 'cmake_target' from command line to 'None'
[0.985s] Level 5:colcon.colcon_core.verb:set package 'landmark_msgs' build argument 'cmake_target_skip_unavailable' from command line to 'False'
[0.985s] Level 5:colcon.colcon_core.verb:set package 'landmark_msgs' build argument 'cmake_clean_cache' from command line to 'False'
[0.985s] Level 5:colcon.colcon_core.verb:set package 'landmark_msgs' build argument 'cmake_clean_first' from command line to 'False'
[0.985s] Level 5:colcon.colcon_core.verb:set package 'landmark_msgs' build argument 'cmake_force_configure' from command line to 'False'
[0.985s] Level 5:colcon.colcon_core.verb:set package 'landmark_msgs' build argument 'ament_cmake_args' from command line to 'None'
[0.985s] Level 5:colcon.colcon_core.verb:set package 'landmark_msgs' build argument 'catkin_cmake_args' from command line to 'None'
[0.985s] Level 5:colcon.colcon_core.verb:set package 'landmark_msgs' build argument 'catkin_skip_building_tests' from command line to 'False'
[0.985s] DEBUG:colcon.colcon_core.verb:Building package 'landmark_msgs' with the following arguments: {'ament_cmake_args': None, 'build_base': '/home/thilevin/sesasr/SESASR/lab05/build/landmark_msgs', 'catkin_cmake_args': None, 'catkin_skip_building_tests': False, 'cmake_args': None, 'cmake_clean_cache': False, 'cmake_clean_first': False, 'cmake_force_configure': False, 'cmake_target': None, 'cmake_target_skip_unavailable': False, 'install_base': '/home/thilevin/sesasr/SESASR/lab05/install/landmark_msgs', 'merge_install': False, 'path': '/home/thilevin/sesasr/SESASR/lab05/src/turtlebot3_perception/landmark_msgs', 'symlink_install': False, 'test_result_base': None}
[0.985s] Level 5:colcon.colcon_core.verb:set package 'pf_pkg' build argument 'cmake_args' from command line to 'None'
[0.986s] Level 5:colcon.colcon_core.verb:set package 'pf_pkg' build argument 'cmake_target' from command line to 'None'
[0.986s] Level 5:colcon.colcon_core.verb:set package 'pf_pkg' build argument 'cmake_target_skip_unavailable' from command line to 'False'
[0.986s] Level 5:colcon.colcon_core.verb:set package 'pf_pkg' build argument 'cmake_clean_cache' from command line to 'False'
[0.986s] Level 5:colcon.colcon_core.verb:set package 'pf_pkg' build argument 'cmake_clean_first' from command line to 'False'
[0.986s] Level 5:colcon.colcon_core.verb:set package 'pf_pkg' build argument 'cmake_force_configure' from command line to 'False'
[0.986s] Level 5:colcon.colcon_core.verb:set package 'pf_pkg' build argument 'ament_cmake_args' from command line to 'None'
[0.986s] Level 5:colcon.colcon_core.verb:set package 'pf_pkg' build argument 'catkin_cmake_args' from command line to 'None'
[0.986s] Level 5:colcon.colcon_core.verb:set package 'pf_pkg' build argument 'catkin_skip_building_tests' from command line to 'False'
[0.986s] DEBUG:colcon.colcon_core.verb:Building package 'pf_pkg' with the following arguments: {'ament_cmake_args': None, 'build_base': '/home/thilevin/sesasr/SESASR/lab05/build/pf_pkg', 'catkin_cmake_args': None, 'catkin_skip_building_tests': False, 'cmake_args': None, 'cmake_clean_cache': False, 'cmake_clean_first': False, 'cmake_force_configure': False, 'cmake_target': None, 'cmake_target_skip_unavailable': False, 'install_base': '/home/thilevin/sesasr/SESASR/lab05/install/pf_pkg', 'merge_install': False, 'path': '/home/thilevin/sesasr/SESASR/lab05/src/pf_pkg', 'symlink_install': False, 'test_result_base': None}
[0.986s] Level 5:colcon.colcon_core.verb:set package 'turtlebot3_fake_node' build argument 'cmake_args' from command line to 'None'
[0.986s] Level 5:colcon.colcon_core.verb:set package 'turtlebot3_fake_node' build argument 'cmake_target' from command line to 'None'
[0.986s] Level 5:colcon.colcon_core.verb:set package 'turtlebot3_fake_node' build argument 'cmake_target_skip_unavailable' from command line to 'False'
[0.986s] Level 5:colcon.colcon_core.verb:set package 'turtlebot3_fake_node' build argument 'cmake_clean_cache' from command line to 'False'
[0.986s] Level 5:colcon.colcon_core.verb:set package 'turtlebot3_fake_node' build argument 'cmake_clean_first' from command line to 'False'
[0.986s] Level 5:colcon.colcon_core.verb:set package 'turtlebot3_fake_node' build argument 'cmake_force_configure' from command line to 'False'
[0.986s] Level 5:colcon.colcon_core.verb:set package 'turtlebot3_fake_node' build argument 'ament_cmake_args' from command line to 'None'
[0.986s] Level 5:colcon.colcon_core.verb:set package 'turtlebot3_fake_node' build argument 'catkin_cmake_args' from command line to 'None'
[0.987s] Level 5:colcon.colcon_core.verb:set package 'turtlebot3_fake_node' build argument 'catkin_skip_building_tests' from command line to 'False'
[0.987s] DEBUG:colcon.colcon_core.verb:Building package 'turtlebot3_fake_node' with the following arguments: {'ament_cmake_args': None, 'build_base': '/home/thilevin/sesasr/SESASR/lab05/build/turtlebot3_fake_node', 'catkin_cmake_args': None, 'catkin_skip_building_tests': False, 'cmake_args': None, 'cmake_clean_cache': False, 'cmake_clean_first': False, 'cmake_force_configure': False, 'cmake_target': None, 'cmake_target_skip_unavailable': False, 'install_base': '/home/thilevin/sesasr/SESASR/lab05/install/turtlebot3_fake_node', 'merge_install': False, 'path': '/home/thilevin/sesasr/SESASR/lab05/src/turtlebot3_simulations/turtlebot3_fake_node', 'symlink_install': False, 'test_result_base': None}
[0.987s] Level 5:colcon.colcon_core.verb:set package 'turtlebot3_gazebo' build argument 'cmake_args' from command line to 'None'
[0.987s] Level 5:colcon.colcon_core.verb:set package 'turtlebot3_gazebo' build argument 'cmake_target' from command line to 'None'
[0.987s] Level 5:colcon.colcon_core.verb:set package 'turtlebot3_gazebo' build argument 'cmake_target_skip_unavailable' from command line to 'False'
[0.987s] Level 5:colcon.colcon_core.verb:set package 'turtlebot3_gazebo' build argument 'cmake_clean_cache' from command line to 'False'
[0.987s] Level 5:colcon.colcon_core.verb:set package 'turtlebot3_gazebo' build argument 'cmake_clean_first' from command line to 'False'
[0.987s] Level 5:colcon.colcon_core.verb:set package 'turtlebot3_gazebo' build argument 'cmake_force_configure' from command line to 'False'
[0.987s] Level 5:colcon.colcon_core.verb:set package 'turtlebot3_gazebo' build argument 'ament_cmake_args' from command line to 'None'
[0.987s] Level 5:colcon.colcon_core.verb:set package 'turtlebot3_gazebo' build argument 'catkin_cmake_args' from command line to 'None'
[0.987s] Level 5:colcon.colcon_core.verb:set package 'turtlebot3_gazebo' build argument 'catkin_skip_building_tests' from command line to 'False'
[0.987s] DEBUG:colcon.colcon_core.verb:Building package 'turtlebot3_gazebo' with the following arguments: {'ament_cmake_args': None, 'build_base': '/home/thilevin/sesasr/SESASR/lab05/build/turtlebot3_gazebo', 'catkin_cmake_args': None, 'catkin_skip_building_tests': False, 'cmake_args': None, 'cmake_clean_cache': False, 'cmake_clean_first': False, 'cmake_force_configure': False, 'cmake_target': None, 'cmake_target_skip_unavailable': False, 'install_base': '/home/thilevin/sesasr/SESASR/lab05/install/turtlebot3_gazebo', 'merge_install': False, 'path': '/home/thilevin/sesasr/SESASR/lab05/src/turtlebot3_simulations/turtlebot3_gazebo', 'symlink_install': False, 'test_result_base': None}
[0.988s] Level 5:colcon.colcon_core.verb:set package 'turtlebot3_perception' build argument 'cmake_args' from command line to 'None'
[0.988s] Level 5:colcon.colcon_core.verb:set package 'turtlebot3_perception' build argument 'cmake_target' from command line to 'None'
[0.988s] Level 5:colcon.colcon_core.verb:set package 'turtlebot3_perception' build argument 'cmake_target_skip_unavailable' from command line to 'False'
[0.988s] Level 5:colcon.colcon_core.verb:set package 'turtlebot3_perception' build argument 'cmake_clean_cache' from command line to 'False'
[0.988s] Level 5:colcon.colcon_core.verb:set package 'turtlebot3_perception' build argument 'cmake_clean_first' from command line to 'False'
[0.988s] Level 5:colcon.colcon_core.verb:set package 'turtlebot3_perception' build argument 'cmake_force_configure' from command line to 'False'
[0.988s] Level 5:colcon.colcon_core.verb:set package 'turtlebot3_perception' build argument 'ament_cmake_args' from command line to 'None'
[0.988s] Level 5:colcon.colcon_core.verb:set package 'turtlebot3_perception' build argument 'catkin_cmake_args' from command line to 'None'
[0.988s] Level 5:colcon.colcon_core.verb:set package 'turtlebot3_perception' build argument 'catkin_skip_building_tests' from command line to 'False'
[0.988s] DEBUG:colcon.colcon_core.verb:Building package 'turtlebot3_perception' with the following arguments: {'ament_cmake_args': None, 'build_base': '/home/thilevin/sesasr/SESASR/lab05/build/turtlebot3_perception', 'catkin_cmake_args': None, 'catkin_skip_building_tests': False, 'cmake_args': None, 'cmake_clean_cache': False, 'cmake_clean_first': False, 'cmake_force_configure': False, 'cmake_target': None, 'cmake_target_skip_unavailable': False, 'install_base': '/home/thilevin/sesasr/SESASR/lab05/install/turtlebot3_perception', 'merge_install': False, 'path': '/home/thilevin/sesasr/SESASR/lab05/src/turtlebot3_perception/turtlebot3_perception', 'symlink_install': False, 'test_result_base': None}
[0.988s] Level 5:colcon.colcon_core.verb:set package 'turtlebot3_simulations' build argument 'cmake_args' from command line to 'None'
[0.988s] Level 5:colcon.colcon_core.verb:set package 'turtlebot3_simulations' build argument 'cmake_target' from command line to 'None'
[0.988s] Level 5:colcon.colcon_core.verb:set package 'turtlebot3_simulations' build argument 'cmake_target_skip_unavailable' from command line to 'False'
[0.988s] Level 5:colcon.colcon_core.verb:set package 'turtlebot3_simulations' build argument 'cmake_clean_cache' from command line to 'False'
[0.988s] Level 5:colcon.colcon_core.verb:set package 'turtlebot3_simulations' build argument 'cmake_clean_first' from command line to 'False'
[0.988s] Level 5:colcon.colcon_core.verb:set package 'turtlebot3_simulations' build argument 'cmake_force_configure' from command line to 'False'
[0.989s] Level 5:colcon.colcon_core.verb:set package 'turtlebot3_simulations' build argument 'ament_cmake_args' from command line to 'None'
[0.989s] Level 5:colcon.colcon_core.verb:set package 'turtlebot3_simulations' build argument 'catkin_cmake_args' from command line to 'None'
[0.989s] Level 5:colcon.colcon_core.verb:set package 'turtlebot3_simulations' build argument 'catkin_skip_building_tests' from command line to 'False'
[0.989s] DEBUG:colcon.colcon_core.verb:Building package 'turtlebot3_simulations' with the following arguments: {'ament_cmake_args': None, 'build_base': '/home/thilevin/sesasr/SESASR/lab05/build/turtlebot3_simulations', 'catkin_cmake_args': None, 'catkin_skip_building_tests': False, 'cmake_args': None, 'cmake_clean_cache': False, 'cmake_clean_first': False, 'cmake_force_configure': False, 'cmake_target': None, 'cmake_target_skip_unavailable': False, 'install_base': '/home/thilevin/sesasr/SESASR/lab05/install/turtlebot3_simulations', 'merge_install': False, 'path': '/home/thilevin/sesasr/SESASR/lab05/src/turtlebot3_simulations/turtlebot3_simulations', 'symlink_install': False, 'test_result_base': None}
[0.989s] INFO:colcon.colcon_core.executor:Executing jobs using 'parallel' executor
[0.990s] DEBUG:colcon.colcon_parallel_executor.executor.parallel:run_until_complete
[0.990s] INFO:colcon.colcon_ros.task.ament_cmake.build:Building ROS package in '/home/thilevin/sesasr/SESASR/lab05/src/turtlebot3_perception/landmark_msgs' with build type 'ament_cmake'
[0.990s] INFO:colcon.colcon_cmake.task.cmake.build:Building CMake package in '/home/thilevin/sesasr/SESASR/lab05/src/turtlebot3_perception/landmark_msgs'
[0.997s] INFO:colcon.colcon_core.plugin_system:Skipping extension 'colcon_core.shell.bat': Not used on non-Windows systems
[0.998s] INFO:colcon.colcon_core.shell:Skip shell extension 'powershell' for command environment: Not usable outside of PowerShell
[0.998s] DEBUG:colcon.colcon_core.shell:Skip shell extension 'dsv' for command environment
[1.005s] INFO:colcon.colcon_ros.task.ament_cmake.build:Building ROS package in '/home/thilevin/sesasr/SESASR/lab05/src/turtlebot3_simulations/turtlebot3_fake_node' with build type 'ament_cmake'
[1.006s] INFO:colcon.colcon_cmake.task.cmake.build:Building CMake package in '/home/thilevin/sesasr/SESASR/lab05/src/turtlebot3_simulations/turtlebot3_fake_node'
[1.006s] INFO:colcon.colcon_core.shell:Skip shell extension 'powershell' for command environment: Not usable outside of PowerShell
[1.007s] DEBUG:colcon.colcon_core.shell:Skip shell extension 'dsv' for command environment
[1.016s] INFO:colcon.colcon_ros.task.ament_python.build:Building ROS package in '/home/thilevin/sesasr/SESASR/lab05/src/pf_pkg' with build type 'ament_python'
[1.016s] Level 1:colcon.colcon_core.shell:create_environment_hook('pf_pkg', 'ament_prefix_path')
[1.017s] INFO:colcon.colcon_core.shell:Creating environment hook '/home/thilevin/sesasr/SESASR/lab05/install/pf_pkg/share/pf_pkg/hook/ament_prefix_path.ps1'
[1.019s] INFO:colcon.colcon_core.shell:Creating environment descriptor '/home/thilevin/sesasr/SESASR/lab05/install/pf_pkg/share/pf_pkg/hook/ament_prefix_path.dsv'
[1.021s] INFO:colcon.colcon_core.shell:Creating environment hook '/home/thilevin/sesasr/SESASR/lab05/install/pf_pkg/share/pf_pkg/hook/ament_prefix_path.sh'
[1.024s] INFO:colcon.colcon_core.shell:Skip shell extension 'powershell' for command environment: Not usable outside of PowerShell
[1.024s] DEBUG:colcon.colcon_core.shell:Skip shell extension 'dsv' for command environment
[1.030s] INFO:colcon.colcon_ros.task.ament_cmake.build:Building ROS package in '/home/thilevin/sesasr/SESASR/lab05/src/turtlebot3_simulations/turtlebot3_gazebo' with build type 'ament_cmake'
[1.030s] INFO:colcon.colcon_cmake.task.cmake.build:Building CMake package in '/home/thilevin/sesasr/SESASR/lab05/src/turtlebot3_simulations/turtlebot3_gazebo'
[1.031s] INFO:colcon.colcon_core.shell:Skip shell extension 'powershell' for command environment: Not usable outside of PowerShell
[1.031s] DEBUG:colcon.colcon_core.shell:Skip shell extension 'dsv' for command environment
[1.053s] DEBUG:colcon.colcon_core.event_handler.log_command:Invoking command in '/home/thilevin/sesasr/SESASR/lab05/build/landmark_msgs': CMAKE_PREFIX_PATH=${CMAKE_PREFIX_PATH}:/home/thilevin/sesasr/SESASR/lab05/install/turtlebot3_perception:/home/thilevin/sesasr/SESASR/lab05/install/pf_pkg:/home/thilevin/sesasr/SESASR/lab02/install/lab02_pkg:/opt/ros/humble /usr/bin/cmake --build /home/thilevin/sesasr/SESASR/lab05/build/landmark_msgs -- -j12 -l12
[1.063s] DEBUG:colcon.colcon_core.event_handler.log_command:Invoking command in '/home/thilevin/sesasr/SESASR/lab05/build/turtlebot3_fake_node': CMAKE_PREFIX_PATH=${CMAKE_PREFIX_PATH}:/home/thilevin/sesasr/SESASR/lab05/install/turtlebot3_perception:/home/thilevin/sesasr/SESASR/lab05/install/pf_pkg:/home/thilevin/sesasr/SESASR/lab02/install/lab02_pkg:/opt/ros/humble /usr/bin/cmake --build /home/thilevin/sesasr/SESASR/lab05/build/turtlebot3_fake_node -- -j12 -l12
[1.591s] INFO:colcon.colcon_core.task.python.build:Building Python package in '/home/thilevin/sesasr/SESASR/lab05/src/pf_pkg'
[1.591s] INFO:colcon.colcon_core.shell:Skip shell extension 'powershell' for command environment: Not usable outside of PowerShell
[1.591s] DEBUG:colcon.colcon_core.shell:Skip shell extension 'dsv' for command environment
[1.621s] DEBUG:colcon.colcon_core.event_handler.log_command:Invoking command in '/home/thilevin/sesasr/SESASR/lab05/build/turtlebot3_gazebo': CMAKE_PREFIX_PATH=${CMAKE_PREFIX_PATH}:/home/thilevin/sesasr/SESASR/lab05/install/turtlebot3_perception:/home/thilevin/sesasr/SESASR/lab05/install/pf_pkg:/home/thilevin/sesasr/SESASR/lab02/install/lab02_pkg:/opt/ros/humble /usr/bin/cmake --build /home/thilevin/sesasr/SESASR/lab05/build/turtlebot3_gazebo -- -j12 -l12
[1.623s] DEBUG:colcon.colcon_core.event_handler.log_command:Invoked command in '/home/thilevin/sesasr/SESASR/lab05/build/turtlebot3_fake_node' returned '0': CMAKE_PREFIX_PATH=${CMAKE_PREFIX_PATH}:/home/thilevin/sesasr/SESASR/lab05/install/turtlebot3_perception:/home/thilevin/sesasr/SESASR/lab05/install/pf_pkg:/home/thilevin/sesasr/SESASR/lab02/install/lab02_pkg:/opt/ros/humble /usr/bin/cmake --build /home/thilevin/sesasr/SESASR/lab05/build/turtlebot3_fake_node -- -j12 -l12
[1.670s] DEBUG:colcon.colcon_core.event_handler.log_command:Invoking command in '/home/thilevin/sesasr/SESASR/lab05/build/turtlebot3_fake_node': CMAKE_PREFIX_PATH=${CMAKE_PREFIX_PATH}:/home/thilevin/sesasr/SESASR/lab05/install/turtlebot3_perception:/home/thilevin/sesasr/SESASR/lab05/install/pf_pkg:/home/thilevin/sesasr/SESASR/lab02/install/lab02_pkg:/opt/ros/humble /usr/bin/cmake --install /home/thilevin/sesasr/SESASR/lab05/build/turtlebot3_fake_node
[1.693s] Level 1:colcon.colcon_core.environment:create_environment_scripts_only(turtlebot3_fake_node)
[1.698s] DEBUG:colcon.colcon_core.event_handler.log_command:Invoked command in '/home/thilevin/sesasr/SESASR/lab05/build/turtlebot3_fake_node' returned '0': CMAKE_PREFIX_PATH=${CMAKE_PREFIX_PATH}:/home/thilevin/sesasr/SESASR/lab05/install/turtlebot3_perception:/home/thilevin/sesasr/SESASR/lab05/install/pf_pkg:/home/thilevin/sesasr/SESASR/lab02/install/lab02_pkg:/opt/ros/humble /usr/bin/cmake --install /home/thilevin/sesasr/SESASR/lab05/build/turtlebot3_fake_node
[1.715s] Level 1:colcon.colcon_core.environment:checking '/home/thilevin/sesasr/SESASR/lab05/install/turtlebot3_fake_node' for CMake module files
[1.716s] Level 1:colcon.colcon_core.environment:checking '/home/thilevin/sesasr/SESASR/lab05/install/turtlebot3_fake_node' for CMake config files
[1.720s] Level 1:colcon.colcon_core.shell:create_environment_hook('turtlebot3_fake_node', 'cmake_prefix_path')
[1.721s] INFO:colcon.colcon_core.shell:Creating environment hook '/home/thilevin/sesasr/SESASR/lab05/install/turtlebot3_fake_node/share/turtlebot3_fake_node/hook/cmake_prefix_path.ps1'
[1.722s] INFO:colcon.colcon_core.shell:Creating environment descriptor '/home/thilevin/sesasr/SESASR/lab05/install/turtlebot3_fake_node/share/turtlebot3_fake_node/hook/cmake_prefix_path.dsv'
[1.723s] INFO:colcon.colcon_core.shell:Creating environment hook '/home/thilevin/sesasr/SESASR/lab05/install/turtlebot3_fake_node/share/turtlebot3_fake_node/hook/cmake_prefix_path.sh'
[1.725s] Level 1:colcon.colcon_core.environment:checking '/home/thilevin/sesasr/SESASR/lab05/install/turtlebot3_fake_node/lib'
[1.725s] Level 1:colcon.colcon_core.environment:checking '/home/thilevin/sesasr/SESASR/lab05/install/turtlebot3_fake_node/bin'
[1.725s] Level 1:colcon.colcon_core.environment:checking '/home/thilevin/sesasr/SESASR/lab05/install/turtlebot3_fake_node/lib/pkgconfig/turtlebot3_fake_node.pc'
[1.726s] Level 1:colcon.colcon_core.environment:checking '/home/thilevin/sesasr/SESASR/lab05/install/turtlebot3_fake_node/lib/python3.10/site-packages'
[1.728s] Level 1:colcon.colcon_core.environment:checking '/home/thilevin/sesasr/SESASR/lab05/install/turtlebot3_fake_node/bin'
[1.729s] INFO:colcon.colcon_core.shell:Creating package script '/home/thilevin/sesasr/SESASR/lab05/install/turtlebot3_fake_node/share/turtlebot3_fake_node/package.ps1'
[1.733s] INFO:colcon.colcon_core.shell:Creating package descriptor '/home/thilevin/sesasr/SESASR/lab05/install/turtlebot3_fake_node/share/turtlebot3_fake_node/package.dsv'
[1.735s] INFO:colcon.colcon_core.shell:Creating package script '/home/thilevin/sesasr/SESASR/lab05/install/turtlebot3_fake_node/share/turtlebot3_fake_node/package.sh'
[1.737s] INFO:colcon.colcon_core.shell:Creating package script '/home/thilevin/sesasr/SESASR/lab05/install/turtlebot3_fake_node/share/turtlebot3_fake_node/package.bash'
[1.740s] INFO:colcon.colcon_core.shell:Creating package script '/home/thilevin/sesasr/SESASR/lab05/install/turtlebot3_fake_node/share/turtlebot3_fake_node/package.zsh'
[1.744s] Level 1:colcon.colcon_core.environment:create_file_with_runtime_dependencies(/home/thilevin/sesasr/SESASR/lab05/install/turtlebot3_fake_node/share/colcon-core/packages/turtlebot3_fake_node)
[1.790s] Level 1:colcon.colcon_core.environment:create_environment_scripts_only(turtlebot3_fake_node)
[1.791s] Level 1:colcon.colcon_core.environment:checking '/home/thilevin/sesasr/SESASR/lab05/install/turtlebot3_fake_node' for CMake module files
[1.791s] Level 1:colcon.colcon_core.environment:checking '/home/thilevin/sesasr/SESASR/lab05/install/turtlebot3_fake_node' for CMake config files
[1.792s] Level 1:colcon.colcon_core.shell:create_environment_hook('turtlebot3_fake_node', 'cmake_prefix_path')
[1.792s] INFO:colcon.colcon_core.shell:Creating environment hook '/home/thilevin/sesasr/SESASR/lab05/install/turtlebot3_fake_node/share/turtlebot3_fake_node/hook/cmake_prefix_path.ps1'
[1.793s] INFO:colcon.colcon_core.shell:Creating environment descriptor '/home/thilevin/sesasr/SESASR/lab05/install/turtlebot3_fake_node/share/turtlebot3_fake_node/hook/cmake_prefix_path.dsv'
[1.793s] INFO:colcon.colcon_core.shell:Creating environment hook '/home/thilevin/sesasr/SESASR/lab05/install/turtlebot3_fake_node/share/turtlebot3_fake_node/hook/cmake_prefix_path.sh'
[1.794s] Level 1:colcon.colcon_core.environment:checking '/home/thilevin/sesasr/SESASR/lab05/install/turtlebot3_fake_node/lib'
[1.795s] Level 1:colcon.colcon_core.environment:checking '/home/thilevin/sesasr/SESASR/lab05/install/turtlebot3_fake_node/bin'
[1.795s] Level 1:colcon.colcon_core.environment:checking '/home/thilevin/sesasr/SESASR/lab05/install/turtlebot3_fake_node/lib/pkgconfig/turtlebot3_fake_node.pc'
[1.795s] Level 1:colcon.colcon_core.environment:checking '/home/thilevin/sesasr/SESASR/lab05/install/turtlebot3_fake_node/lib/python3.10/site-packages'
[1.796s] Level 1:colcon.colcon_core.environment:checking '/home/thilevin/sesasr/SESASR/lab05/install/turtlebot3_fake_node/bin'
[1.796s] INFO:colcon.colcon_core.shell:Creating package script '/home/thilevin/sesasr/SESASR/lab05/install/turtlebot3_fake_node/share/turtlebot3_fake_node/package.ps1'
[1.797s] INFO:colcon.colcon_core.shell:Creating package descriptor '/home/thilevin/sesasr/SESASR/lab05/install/turtlebot3_fake_node/share/turtlebot3_fake_node/package.dsv'
[1.798s] INFO:colcon.colcon_core.shell:Creating package script '/home/thilevin/sesasr/SESASR/lab05/install/turtlebot3_fake_node/share/turtlebot3_fake_node/package.sh'
[1.798s] INFO:colcon.colcon_core.shell:Creating package script '/home/thilevin/sesasr/SESASR/lab05/install/turtlebot3_fake_node/share/turtlebot3_fake_node/package.bash'
[1.799s] INFO:colcon.colcon_core.shell:Creating package script '/home/thilevin/sesasr/SESASR/lab05/install/turtlebot3_fake_node/share/turtlebot3_fake_node/package.zsh'
[1.800s] Level 1:colcon.colcon_core.environment:create_file_with_runtime_dependencies(/home/thilevin/sesasr/SESASR/lab05/install/turtlebot3_fake_node/share/colcon-core/packages/turtlebot3_fake_node)
[1.800s] INFO:colcon.colcon_ros.task.ament_cmake.build:Building ROS package in '/home/thilevin/sesasr/SESASR/lab05/src/turtlebot3_simulations/turtlebot3_simulations' with build type 'ament_cmake'
[1.801s] INFO:colcon.colcon_cmake.task.cmake.build:Building CMake package in '/home/thilevin/sesasr/SESASR/lab05/src/turtlebot3_simulations/turtlebot3_simulations'
[1.801s] INFO:colcon.colcon_core.shell:Skip shell extension 'powershell' for command environment: Not usable outside of PowerShell
[1.802s] DEBUG:colcon.colcon_core.shell:Skip shell extension 'dsv' for command environment
[1.813s] DEBUG:colcon.colcon_core.event_handler.log_command:Invoked command in '/home/thilevin/sesasr/SESASR/lab05/build/landmark_msgs' returned '0': CMAKE_PREFIX_PATH=${CMAKE_PREFIX_PATH}:/home/thilevin/sesasr/SESASR/lab05/install/turtlebot3_perception:/home/thilevin/sesasr/SESASR/lab05/install/pf_pkg:/home/thilevin/sesasr/SESASR/lab02/install/lab02_pkg:/opt/ros/humble /usr/bin/cmake --build /home/thilevin/sesasr/SESASR/lab05/build/landmark_msgs -- -j12 -l12
[1.941s] DEBUG:colcon.colcon_core.event_handler.log_command:Invoking command in '/home/thilevin/sesasr/SESASR/lab05/build/turtlebot3_simulations': CMAKE_PREFIX_PATH=/home/thilevin/sesasr/SESASR/lab05/install/turtlebot3_fake_node:/home/thilevin/sesasr/SESASR/lab05/install/turtlebot3_simulations:/home/thilevin/sesasr/SESASR/lab05/install/turtlebot3_gazebo:/home/thilevin/sesasr/SESASR/lab05/install/landmark_msgs:/home/thilevin/sesasr/SESASR/lab05/install/turtlebot3_perception:/home/thilevin/sesasr/SESASR/lab05/install/pf_pkg:/home/thilevin/sesasr/SESASR/lab02/install/lab02_pkg:/opt/ros/humble /usr/bin/cmake --build /home/thilevin/sesasr/SESASR/lab05/build/turtlebot3_simulations -- -j12 -l12
[1.943s] DEBUG:colcon.colcon_core.event_handler.log_command:Invoked command in '/home/thilevin/sesasr/SESASR/lab05/build/turtlebot3_gazebo' returned '0': CMAKE_PREFIX_PATH=${CMAKE_PREFIX_PATH}:/home/thilevin/sesasr/SESASR/lab05/install/turtlebot3_perception:/home/thilevin/sesasr/SESASR/lab05/install/pf_pkg:/home/thilevin/sesasr/SESASR/lab02/install/lab02_pkg:/opt/ros/humble /usr/bin/cmake --build /home/thilevin/sesasr/SESASR/lab05/build/turtlebot3_gazebo -- -j12 -l12
[1.978s] DEBUG:colcon.colcon_core.event_handler.log_command:Invoking command in '/home/thilevin/sesasr/SESASR/lab05/build/landmark_msgs': CMAKE_PREFIX_PATH=${CMAKE_PREFIX_PATH}:/home/thilevin/sesasr/SESASR/lab05/install/turtlebot3_perception:/home/thilevin/sesasr/SESASR/lab05/install/pf_pkg:/home/thilevin/sesasr/SESASR/lab02/install/lab02_pkg:/opt/ros/humble /usr/bin/cmake --install /home/thilevin/sesasr/SESASR/lab05/build/landmark_msgs
[2.015s] DEBUG:colcon.colcon_core.event_handler.log_command:Invoked command in '/home/thilevin/sesasr/SESASR/lab05/build/turtlebot3_simulations' returned '0': CMAKE_PREFIX_PATH=/home/thilevin/sesasr/SESASR/lab05/install/turtlebot3_fake_node:/home/thilevin/sesasr/SESASR/lab05/install/turtlebot3_simulations:/home/thilevin/sesasr/SESASR/lab05/install/turtlebot3_gazebo:/home/thilevin/sesasr/SESASR/lab05/install/landmark_msgs:/home/thilevin/sesasr/SESASR/lab05/install/turtlebot3_perception:/home/thilevin/sesasr/SESASR/lab05/install/pf_pkg:/home/thilevin/sesasr/SESASR/lab02/install/lab02_pkg:/opt/ros/humble /usr/bin/cmake --build /home/thilevin/sesasr/SESASR/lab05/build/turtlebot3_simulations -- -j12 -l12
[2.020s] DEBUG:colcon.colcon_core.event_handler.log_command:Invoking command in '/home/thilevin/sesasr/SESASR/lab05/build/turtlebot3_gazebo': CMAKE_PREFIX_PATH=${CMAKE_PREFIX_PATH}:/home/thilevin/sesasr/SESASR/lab05/install/turtlebot3_perception:/home/thilevin/sesasr/SESASR/lab05/install/pf_pkg:/home/thilevin/sesasr/SESASR/lab02/install/lab02_pkg:/opt/ros/humble /usr/bin/cmake --install /home/thilevin/sesasr/SESASR/lab05/build/turtlebot3_gazebo
[2.040s] Level 1:colcon.colcon_core.environment:create_environment_scripts_only(turtlebot3_gazebo)
[2.040s] Level 1:colcon.colcon_core.environment:checking '/home/thilevin/sesasr/SESASR/lab05/install/turtlebot3_gazebo' for CMake module files
[2.045s] Level 1:colcon.colcon_core.environment:checking '/home/thilevin/sesasr/SESASR/lab05/install/turtlebot3_gazebo' for CMake config files
[2.054s] Level 1:colcon.colcon_core.shell:create_environment_hook('turtlebot3_gazebo', 'cmake_prefix_path')
[2.054s] INFO:colcon.colcon_core.shell:Creating environment hook '/home/thilevin/sesasr/SESASR/lab05/install/turtlebot3_gazebo/share/turtlebot3_gazebo/hook/cmake_prefix_path.ps1'
[2.056s] INFO:colcon.colcon_core.shell:Creating environment descriptor '/home/thilevin/sesasr/SESASR/lab05/install/turtlebot3_gazebo/share/turtlebot3_gazebo/hook/cmake_prefix_path.dsv'
[2.059s] INFO:colcon.colcon_core.shell:Creating environment hook '/home/thilevin/sesasr/SESASR/lab05/install/turtlebot3_gazebo/share/turtlebot3_gazebo/hook/cmake_prefix_path.sh'
[2.062s] Level 1:colcon.colcon_core.environment:checking '/home/thilevin/sesasr/SESASR/lab05/install/turtlebot3_gazebo/lib'
[2.063s] Level 1:colcon.colcon_core.environment:checking '/home/thilevin/sesasr/SESASR/lab05/install/turtlebot3_gazebo/bin'
[2.063s] Level 1:colcon.colcon_core.environment:checking '/home/thilevin/sesasr/SESASR/lab05/install/turtlebot3_gazebo/lib/pkgconfig/turtlebot3_gazebo.pc'
[2.064s] Level 1:colcon.colcon_core.environment:checking '/home/thilevin/sesasr/SESASR/lab05/install/turtlebot3_gazebo/lib/python3.10/site-packages'
[2.065s] Level 1:colcon.colcon_core.environment:checking '/home/thilevin/sesasr/SESASR/lab05/install/turtlebot3_gazebo/bin'
[2.066s] INFO:colcon.colcon_core.shell:Creating package script '/home/thilevin/sesasr/SESASR/lab05/install/turtlebot3_gazebo/share/turtlebot3_gazebo/package.ps1'
[2.068s] INFO:colcon.colcon_core.shell:Creating package descriptor '/home/thilevin/sesasr/SESASR/lab05/install/turtlebot3_gazebo/share/turtlebot3_gazebo/package.dsv'
[2.072s] INFO:colcon.colcon_core.shell:Creating package script '/home/thilevin/sesasr/SESASR/lab05/install/turtlebot3_gazebo/share/turtlebot3_gazebo/package.sh'
[2.075s] INFO:colcon.colcon_core.shell:Creating package script '/home/thilevin/sesasr/SESASR/lab05/install/turtlebot3_gazebo/share/turtlebot3_gazebo/package.bash'
[2.076s] DEBUG:colcon.colcon_core.event_handler.log_command:Invoked command in '/home/thilevin/sesasr/SESASR/lab05/build/turtlebot3_gazebo' returned '0': CMAKE_PREFIX_PATH=${CMAKE_PREFIX_PATH}:/home/thilevin/sesasr/SESASR/lab05/install/turtlebot3_perception:/home/thilevin/sesasr/SESASR/lab05/install/pf_pkg:/home/thilevin/sesasr/SESASR/lab02/install/lab02_pkg:/opt/ros/humble /usr/bin/cmake --install /home/thilevin/sesasr/SESASR/lab05/build/turtlebot3_gazebo
[2.078s] INFO:colcon.colcon_core.shell:Creating package script '/home/thilevin/sesasr/SESASR/lab05/install/turtlebot3_gazebo/share/turtlebot3_gazebo/package.zsh'
[2.080s] Level 1:colcon.colcon_core.environment:create_file_with_runtime_dependencies(/home/thilevin/sesasr/SESASR/lab05/install/turtlebot3_gazebo/share/colcon-core/packages/turtlebot3_gazebo)
[2.090s] Level 1:colcon.colcon_core.environment:create_environment_scripts_only(landmark_msgs)
[2.090s] Level 1:colcon.colcon_core.environment:checking '/home/thilevin/sesasr/SESASR/lab05/install/landmark_msgs' for CMake module files
[2.096s] Level 1:colcon.colcon_core.environment:checking '/home/thilevin/sesasr/SESASR/lab05/install/landmark_msgs' for CMake config files
[2.109s] DEBUG:colcon.colcon_core.event_handler.log_command:Invoking command in '/home/thilevin/sesasr/SESASR/lab05/build/turtlebot3_simulations': CMAKE_PREFIX_PATH=/home/thilevin/sesasr/SESASR/lab05/install/turtlebot3_fake_node:/home/thilevin/sesasr/SESASR/lab05/install/turtlebot3_simulations:/home/thilevin/sesasr/SESASR/lab05/install/turtlebot3_gazebo:/home/thilevin/sesasr/SESASR/lab05/install/landmark_msgs:/home/thilevin/sesasr/SESASR/lab05/install/turtlebot3_perception:/home/thilevin/sesasr/SESASR/lab05/install/pf_pkg:/home/thilevin/sesasr/SESASR/lab02/install/lab02_pkg:/opt/ros/humble /usr/bin/cmake --install /home/thilevin/sesasr/SESASR/lab05/build/turtlebot3_simulations
[2.110s] DEBUG:colcon.colcon_core.event_handler.log_command:Invoked command in '/home/thilevin/sesasr/SESASR/lab05/build/landmark_msgs' returned '0': CMAKE_PREFIX_PATH=${CMAKE_PREFIX_PATH}:/home/thilevin/sesasr/SESASR/lab05/install/turtlebot3_perception:/home/thilevin/sesasr/SESASR/lab05/install/pf_pkg:/home/thilevin/sesasr/SESASR/lab02/install/lab02_pkg:/opt/ros/humble /usr/bin/cmake --install /home/thilevin/sesasr/SESASR/lab05/build/landmark_msgs
[2.110s] Level 1:colcon.colcon_core.shell:create_environment_hook('landmark_msgs', 'cmake_prefix_path')
[2.110s] INFO:colcon.colcon_core.shell:Creating environment hook '/home/thilevin/sesasr/SESASR/lab05/install/landmark_msgs/share/landmark_msgs/hook/cmake_prefix_path.ps1'
[2.112s] INFO:colcon.colcon_core.shell:Creating environment descriptor '/home/thilevin/sesasr/SESASR/lab05/install/landmark_msgs/share/landmark_msgs/hook/cmake_prefix_path.dsv'
[2.114s] INFO:colcon.colcon_core.shell:Creating environment hook '/home/thilevin/sesasr/SESASR/lab05/install/landmark_msgs/share/landmark_msgs/hook/cmake_prefix_path.sh'
[2.118s] Level 1:colcon.colcon_core.environment:checking '/home/thilevin/sesasr/SESASR/lab05/install/landmark_msgs/lib'
[2.118s] Level 1:colcon.colcon_core.shell:create_environment_hook('landmark_msgs', 'ld_library_path_lib')
[2.119s] INFO:colcon.colcon_core.shell:Creating environment hook '/home/thilevin/sesasr/SESASR/lab05/install/landmark_msgs/share/landmark_msgs/hook/ld_library_path_lib.ps1'
[2.120s] INFO:colcon.colcon_core.shell:Creating environment descriptor '/home/thilevin/sesasr/SESASR/lab05/install/landmark_msgs/share/landmark_msgs/hook/ld_library_path_lib.dsv'
[2.121s] INFO:colcon.colcon_core.shell:Creating environment hook '/home/thilevin/sesasr/SESASR/lab05/install/landmark_msgs/share/landmark_msgs/hook/ld_library_path_lib.sh'
[2.122s] Level 1:colcon.colcon_core.environment:checking '/home/thilevin/sesasr/SESASR/lab05/install/landmark_msgs/bin'
[2.122s] Level 1:colcon.colcon_core.environment:checking '/home/thilevin/sesasr/SESASR/lab05/install/landmark_msgs/lib/pkgconfig/landmark_msgs.pc'
[2.123s] Level 1:colcon.colcon_core.environment:checking '/home/thilevin/sesasr/SESASR/lab05/install/landmark_msgs/lib/python3.10/site-packages'
[2.123s] Level 1:colcon.colcon_core.environment:checking '/home/thilevin/sesasr/SESASR/lab05/install/landmark_msgs/bin'
[2.124s] INFO:colcon.colcon_core.shell:Creating package script '/home/thilevin/sesasr/SESASR/lab05/install/landmark_msgs/share/landmark_msgs/package.ps1'
[2.124s] INFO:colcon.colcon_core.shell:Creating package descriptor '/home/thilevin/sesasr/SESASR/lab05/install/landmark_msgs/share/landmark_msgs/package.dsv'
[2.125s] INFO:colcon.colcon_core.shell:Creating package script '/home/thilevin/sesasr/SESASR/lab05/install/landmark_msgs/share/landmark_msgs/package.sh'
[2.127s] INFO:colcon.colcon_core.shell:Creating package script '/home/thilevin/sesasr/SESASR/lab05/install/landmark_msgs/share/landmark_msgs/package.bash'
[2.128s] INFO:colcon.colcon_core.shell:Creating package script '/home/thilevin/sesasr/SESASR/lab05/install/landmark_msgs/share/landmark_msgs/package.zsh'
[2.128s] Level 1:colcon.colcon_core.environment:create_file_with_runtime_dependencies(/home/thilevin/sesasr/SESASR/lab05/install/landmark_msgs/share/colcon-core/packages/landmark_msgs)
[2.133s] Level 1:colcon.colcon_core.environment:create_environment_scripts_only(turtlebot3_simulations)
[2.133s] Level 1:colcon.colcon_core.environment:checking '/home/thilevin/sesasr/SESASR/lab05/install/turtlebot3_simulations' for CMake module files
[2.134s] DEBUG:colcon.colcon_core.event_handler.log_command:Invoked command in '/home/thilevin/sesasr/SESASR/lab05/build/turtlebot3_simulations' returned '0': CMAKE_PREFIX_PATH=/home/thilevin/sesasr/SESASR/lab05/install/turtlebot3_fake_node:/home/thilevin/sesasr/SESASR/lab05/install/turtlebot3_simulations:/home/thilevin/sesasr/SESASR/lab05/install/turtlebot3_gazebo:/home/thilevin/sesasr/SESASR/lab05/install/landmark_msgs:/home/thilevin/sesasr/SESASR/lab05/install/turtlebot3_perception:/home/thilevin/sesasr/SESASR/lab05/install/pf_pkg:/home/thilevin/sesasr/SESASR/lab02/install/lab02_pkg:/opt/ros/humble /usr/bin/cmake --install /home/thilevin/sesasr/SESASR/lab05/build/turtlebot3_simulations
[2.135s] Level 1:colcon.colcon_core.environment:checking '/home/thilevin/sesasr/SESASR/lab05/install/turtlebot3_simulations' for CMake config files
[2.135s] Level 1:colcon.colcon_core.shell:create_environment_hook('turtlebot3_simulations', 'cmake_prefix_path')
[2.135s] INFO:colcon.colcon_core.shell:Creating environment hook '/home/thilevin/sesasr/SESASR/lab05/install/turtlebot3_simulations/share/turtlebot3_simulations/hook/cmake_prefix_path.ps1'
[2.136s] INFO:colcon.colcon_core.shell:Creating environment descriptor '/home/thilevin/sesasr/SESASR/lab05/install/turtlebot3_simulations/share/turtlebot3_simulations/hook/cmake_prefix_path.dsv'
[2.137s] INFO:colcon.colcon_core.shell:Creating environment hook '/home/thilevin/sesasr/SESASR/lab05/install/turtlebot3_simulations/share/turtlebot3_simulations/hook/cmake_prefix_path.sh'
[2.137s] Level 1:colcon.colcon_core.environment:checking '/home/thilevin/sesasr/SESASR/lab05/install/turtlebot3_simulations/bin'
[2.137s] Level 1:colcon.colcon_core.environment:checking '/home/thilevin/sesasr/SESASR/lab05/install/turtlebot3_simulations/lib/pkgconfig/turtlebot3_simulations.pc'
[2.138s] Level 1:colcon.colcon_core.environment:checking '/home/thilevin/sesasr/SESASR/lab05/install/turtlebot3_simulations/lib/python3.10/site-packages'
[2.139s] Level 1:colcon.colcon_core.environment:checking '/home/thilevin/sesasr/SESASR/lab05/install/turtlebot3_simulations/bin'
[2.140s] INFO:colcon.colcon_core.shell:Creating package script '/home/thilevin/sesasr/SESASR/lab05/install/turtlebot3_simulations/share/turtlebot3_simulations/package.ps1'
[2.141s] INFO:colcon.colcon_core.shell:Creating package descriptor '/home/thilevin/sesasr/SESASR/lab05/install/turtlebot3_simulations/share/turtlebot3_simulations/package.dsv'
[2.141s] INFO:colcon.colcon_core.shell:Creating package script '/home/thilevin/sesasr/SESASR/lab05/install/turtlebot3_simulations/share/turtlebot3_simulations/package.sh'
[2.142s] INFO:colcon.colcon_core.shell:Creating package script '/home/thilevin/sesasr/SESASR/lab05/install/turtlebot3_simulations/share/turtlebot3_simulations/package.bash'
[2.143s] INFO:colcon.colcon_core.shell:Creating package script '/home/thilevin/sesasr/SESASR/lab05/install/turtlebot3_simulations/share/turtlebot3_simulations/package.zsh'
[2.143s] Level 1:colcon.colcon_core.environment:create_file_with_runtime_dependencies(/home/thilevin/sesasr/SESASR/lab05/install/turtlebot3_simulations/share/colcon-core/packages/turtlebot3_simulations)
[2.145s] Level 1:colcon.colcon_core.environment:create_environment_scripts_only(turtlebot3_gazebo)
[2.146s] Level 1:colcon.colcon_core.environment:checking '/home/thilevin/sesasr/SESASR/lab05/install/turtlebot3_gazebo' for CMake module files
[2.147s] Level 1:colcon.colcon_core.environment:checking '/home/thilevin/sesasr/SESASR/lab05/install/turtlebot3_gazebo' for CMake config files
[2.147s] Level 1:colcon.colcon_core.shell:create_environment_hook('turtlebot3_gazebo', 'cmake_prefix_path')
[2.148s] INFO:colcon.colcon_core.shell:Creating environment hook '/home/thilevin/sesasr/SESASR/lab05/install/turtlebot3_gazebo/share/turtlebot3_gazebo/hook/cmake_prefix_path.ps1'
[2.149s] INFO:colcon.colcon_core.shell:Creating environment descriptor '/home/thilevin/sesasr/SESASR/lab05/install/turtlebot3_gazebo/share/turtlebot3_gazebo/hook/cmake_prefix_path.dsv'
[2.149s] INFO:colcon.colcon_core.shell:Creating environment hook '/home/thilevin/sesasr/SESASR/lab05/install/turtlebot3_gazebo/share/turtlebot3_gazebo/hook/cmake_prefix_path.sh'
[2.150s] Level 1:colcon.colcon_core.environment:checking '/home/thilevin/sesasr/SESASR/lab05/install/turtlebot3_gazebo/lib'
[2.150s] Level 1:colcon.colcon_core.environment:checking '/home/thilevin/sesasr/SESASR/lab05/install/turtlebot3_gazebo/bin'
[2.150s] Level 1:colcon.colcon_core.environment:checking '/home/thilevin/sesasr/SESASR/lab05/install/turtlebot3_gazebo/lib/pkgconfig/turtlebot3_gazebo.pc'
[2.150s] Level 1:colcon.colcon_core.environment:checking '/home/thilevin/sesasr/SESASR/lab05/install/turtlebot3_gazebo/lib/python3.10/site-packages'
[2.151s] Level 1:colcon.colcon_core.environment:checking '/home/thilevin/sesasr/SESASR/lab05/install/turtlebot3_gazebo/bin'
[2.151s] INFO:colcon.colcon_core.shell:Creating package script '/home/thilevin/sesasr/SESASR/lab05/install/turtlebot3_gazebo/share/turtlebot3_gazebo/package.ps1'
[2.152s] INFO:colcon.colcon_core.shell:Creating package descriptor '/home/thilevin/sesasr/SESASR/lab05/install/turtlebot3_gazebo/share/turtlebot3_gazebo/package.dsv'
[2.152s] INFO:colcon.colcon_core.shell:Creating package script '/home/thilevin/sesasr/SESASR/lab05/install/turtlebot3_gazebo/share/turtlebot3_gazebo/package.sh'
[2.153s] INFO:colcon.colcon_core.shell:Creating package script '/home/thilevin/sesasr/SESASR/lab05/install/turtlebot3_gazebo/share/turtlebot3_gazebo/package.bash'
[2.154s] INFO:colcon.colcon_core.shell:Creating package script '/home/thilevin/sesasr/SESASR/lab05/install/turtlebot3_gazebo/share/turtlebot3_gazebo/package.zsh'
[2.155s] Level 1:colcon.colcon_core.environment:create_file_with_runtime_dependencies(/home/thilevin/sesasr/SESASR/lab05/install/turtlebot3_gazebo/share/colcon-core/packages/turtlebot3_gazebo)
[2.177s] Level 1:colcon.colcon_core.environment:create_environment_scripts_only(turtlebot3_simulations)
[2.177s] Level 1:colcon.colcon_core.environment:checking '/home/thilevin/sesasr/SESASR/lab05/install/turtlebot3_simulations' for CMake module files
[2.178s] Level 1:colcon.colcon_core.environment:checking '/home/thilevin/sesasr/SESASR/lab05/install/turtlebot3_simulations' for CMake config files
[2.179s] Level 1:colcon.colcon_core.shell:create_environment_hook('turtlebot3_simulations', 'cmake_prefix_path')
[2.179s] INFO:colcon.colcon_core.shell:Creating environment hook '/home/thilevin/sesasr/SESASR/lab05/install/turtlebot3_simulations/share/turtlebot3_simulations/hook/cmake_prefix_path.ps1'
[2.180s] INFO:colcon.colcon_core.shell:Creating environment descriptor '/home/thilevin/sesasr/SESASR/lab05/install/turtlebot3_simulations/share/turtlebot3_simulations/hook/cmake_prefix_path.dsv'
[2.181s] INFO:colcon.colcon_core.shell:Creating environment hook '/home/thilevin/sesasr/SESASR/lab05/install/turtlebot3_simulations/share/turtlebot3_simulations/hook/cmake_prefix_path.sh'
[2.183s] Level 1:colcon.colcon_core.environment:checking '/home/thilevin/sesasr/SESASR/lab05/install/turtlebot3_simulations/bin'
[2.183s] Level 1:colcon.colcon_core.environment:checking '/home/thilevin/sesasr/SESASR/lab05/install/turtlebot3_simulations/lib/pkgconfig/turtlebot3_simulations.pc'
[2.184s] Level 1:colcon.colcon_core.environment:checking '/home/thilevin/sesasr/SESASR/lab05/install/turtlebot3_simulations/lib/python3.10/site-packages'
[2.184s] Level 1:colcon.colcon_core.environment:checking '/home/thilevin/sesasr/SESASR/lab05/install/turtlebot3_simulations/bin'
[2.184s] INFO:colcon.colcon_core.shell:Creating package script '/home/thilevin/sesasr/SESASR/lab05/install/turtlebot3_simulations/share/turtlebot3_simulations/package.ps1'
[2.185s] INFO:colcon.colcon_core.shell:Creating package descriptor '/home/thilevin/sesasr/SESASR/lab05/install/turtlebot3_simulations/share/turtlebot3_simulations/package.dsv'
[2.186s] INFO:colcon.colcon_core.shell:Creating package script '/home/thilevin/sesasr/SESASR/lab05/install/turtlebot3_simulations/share/turtlebot3_simulations/package.sh'
[2.187s] INFO:colcon.colcon_core.shell:Creating package script '/home/thilevin/sesasr/SESASR/lab05/install/turtlebot3_simulations/share/turtlebot3_simulations/package.bash'
[2.187s] INFO:colcon.colcon_core.shell:Creating package script '/home/thilevin/sesasr/SESASR/lab05/install/turtlebot3_simulations/share/turtlebot3_simulations/package.zsh'
[2.188s] Level 1:colcon.colcon_core.environment:create_file_with_runtime_dependencies(/home/thilevin/sesasr/SESASR/lab05/install/turtlebot3_simulations/share/colcon-core/packages/turtlebot3_simulations)
[2.260s] Level 1:colcon.colcon_core.environment:create_environment_scripts_only(landmark_msgs)
[2.261s] Level 1:colcon.colcon_core.environment:checking '/home/thilevin/sesasr/SESASR/lab05/install/landmark_msgs' for CMake module files
[2.261s] Level 1:colcon.colcon_core.environment:checking '/home/thilevin/sesasr/SESASR/lab05/install/landmark_msgs' for CMake config files
[2.262s] Level 1:colcon.colcon_core.shell:create_environment_hook('landmark_msgs', 'cmake_prefix_path')
[2.262s] INFO:colcon.colcon_core.shell:Creating environment hook '/home/thilevin/sesasr/SESASR/lab05/install/landmark_msgs/share/landmark_msgs/hook/cmake_prefix_path.ps1'
[2.263s] INFO:colcon.colcon_core.shell:Creating environment descriptor '/home/thilevin/sesasr/SESASR/lab05/install/landmark_msgs/share/landmark_msgs/hook/cmake_prefix_path.dsv'
[2.263s] INFO:colcon.colcon_core.shell:Creating environment hook '/home/thilevin/sesasr/SESASR/lab05/install/landmark_msgs/share/landmark_msgs/hook/cmake_prefix_path.sh'
[2.264s] Level 1:colcon.colcon_core.environment:checking '/home/thilevin/sesasr/SESASR/lab05/install/landmark_msgs/lib'
[2.264s] Level 1:colcon.colcon_core.shell:create_environment_hook('landmark_msgs', 'ld_library_path_lib')
[2.265s] INFO:colcon.colcon_core.shell:Creating environment hook '/home/thilevin/sesasr/SESASR/lab05/install/landmark_msgs/share/landmark_msgs/hook/ld_library_path_lib.ps1'
[2.265s] INFO:colcon.colcon_core.shell:Creating environment descriptor '/home/thilevin/sesasr/SESASR/lab05/install/landmark_msgs/share/landmark_msgs/hook/ld_library_path_lib.dsv'
[2.266s] INFO:colcon.colcon_core.shell:Creating environment hook '/home/thilevin/sesasr/SESASR/lab05/install/landmark_msgs/share/landmark_msgs/hook/ld_library_path_lib.sh'
[2.266s] Level 1:colcon.colcon_core.environment:checking '/home/thilevin/sesasr/SESASR/lab05/install/landmark_msgs/bin'
[2.266s] Level 1:colcon.colcon_core.environment:checking '/home/thilevin/sesasr/SESASR/lab05/install/landmark_msgs/lib/pkgconfig/landmark_msgs.pc'
[2.267s] Level 1:colcon.colcon_core.environment:checking '/home/thilevin/sesasr/SESASR/lab05/install/landmark_msgs/lib/python3.10/site-packages'
[2.267s] Level 1:colcon.colcon_core.environment:checking '/home/thilevin/sesasr/SESASR/lab05/install/landmark_msgs/bin'
[2.268s] INFO:colcon.colcon_core.shell:Creating package script '/home/thilevin/sesasr/SESASR/lab05/install/landmark_msgs/share/landmark_msgs/package.ps1'
[2.268s] INFO:colcon.colcon_core.shell:Creating package descriptor '/home/thilevin/sesasr/SESASR/lab05/install/landmark_msgs/share/landmark_msgs/package.dsv'
[2.269s] INFO:colcon.colcon_core.shell:Creating package script '/home/thilevin/sesasr/SESASR/lab05/install/landmark_msgs/share/landmark_msgs/package.sh'
[2.270s] INFO:colcon.colcon_core.shell:Creating package script '/home/thilevin/sesasr/SESASR/lab05/install/landmark_msgs/share/landmark_msgs/package.bash'
[2.270s] INFO:colcon.colcon_core.shell:Creating package script '/home/thilevin/sesasr/SESASR/lab05/install/landmark_msgs/share/landmark_msgs/package.zsh'
[2.271s] Level 1:colcon.colcon_core.environment:create_file_with_runtime_dependencies(/home/thilevin/sesasr/SESASR/lab05/install/landmark_msgs/share/colcon-core/packages/landmark_msgs)
[2.271s] INFO:colcon.colcon_ros.task.ament_python.build:Building ROS package in '/home/thilevin/sesasr/SESASR/lab05/src/turtlebot3_perception/turtlebot3_perception' with build type 'ament_python'
[2.272s] Level 1:colcon.colcon_core.shell:create_environment_hook('turtlebot3_perception', 'ament_prefix_path')
[2.273s] INFO:colcon.colcon_core.shell:Creating environment hook '/home/thilevin/sesasr/SESASR/lab05/install/turtlebot3_perception/share/turtlebot3_perception/hook/ament_prefix_path.ps1'
[2.275s] INFO:colcon.colcon_core.shell:Creating environment descriptor '/home/thilevin/sesasr/SESASR/lab05/install/turtlebot3_perception/share/turtlebot3_perception/hook/ament_prefix_path.dsv'
[2.275s] INFO:colcon.colcon_core.shell:Creating environment hook '/home/thilevin/sesasr/SESASR/lab05/install/turtlebot3_perception/share/turtlebot3_perception/hook/ament_prefix_path.sh'
[2.276s] INFO:colcon.colcon_core.shell:Skip shell extension 'powershell' for command environment: Not usable outside of PowerShell
[2.276s] DEBUG:colcon.colcon_core.shell:Skip shell extension 'dsv' for command environment
[3.113s] INFO:colcon.colcon_core.task.python.build:Building Python package in '/home/thilevin/sesasr/SESASR/lab05/src/turtlebot3_perception/turtlebot3_perception'
[3.113s] INFO:colcon.colcon_core.shell:Skip shell extension 'powershell' for command environment: Not usable outside of PowerShell
[3.113s] DEBUG:colcon.colcon_core.shell:Skip shell extension 'dsv' for command environment
[3.130s] DEBUG:colcon.colcon_core.event_handler.log_command:Invoking command in '/home/thilevin/sesasr/SESASR/lab05/src/pf_pkg': PYTHONPATH=/home/thilevin/sesasr/SESASR/lab05/build/pf_pkg/prefix_override:/usr/lib/python3/dist-packages/colcon_core/task/python/colcon_distutils_commands:/home/thilevin/sesasr/SESASR/lab05/install/pf_pkg/lib/python3.10/site-packages:${PYTHONPATH} /usr/bin/python3 -W ignore:setup.py install is deprecated setup.py egg_info --egg-base ../../build/pf_pkg build --build-base /home/thilevin/sesasr/SESASR/lab05/build/pf_pkg/build install --record /home/thilevin/sesasr/SESASR/lab05/build/pf_pkg/install.log --single-version-externally-managed install_data
[3.679s] Level 1:colcon.colcon_core.environment:checking '/home/thilevin/sesasr/SESASR/lab05/install/pf_pkg' for CMake module files
[3.679s] DEBUG:colcon.colcon_core.event_handler.log_command:Invoked command in '/home/thilevin/sesasr/SESASR/lab05/src/pf_pkg' returned '0': PYTHONPATH=/home/thilevin/sesasr/SESASR/lab05/build/pf_pkg/prefix_override:/usr/lib/python3/dist-packages/colcon_core/task/python/colcon_distutils_commands:/home/thilevin/sesasr/SESASR/lab05/install/pf_pkg/lib/python3.10/site-packages:${PYTHONPATH} /usr/bin/python3 -W ignore:setup.py install is deprecated setup.py egg_info --egg-base ../../build/pf_pkg build --build-base /home/thilevin/sesasr/SESASR/lab05/build/pf_pkg/build install --record /home/thilevin/sesasr/SESASR/lab05/build/pf_pkg/install.log --single-version-externally-managed install_data
[3.680s] Level 1:colcon.colcon_core.environment:checking '/home/thilevin/sesasr/SESASR/lab05/install/pf_pkg' for CMake config files
[3.681s] Level 1:colcon.colcon_core.environment:checking '/home/thilevin/sesasr/SESASR/lab05/install/pf_pkg/lib'
[3.681s] Level 1:colcon.colcon_core.environment:checking '/home/thilevin/sesasr/SESASR/lab05/install/pf_pkg/bin'
[3.682s] Level 1:colcon.colcon_core.environment:checking '/home/thilevin/sesasr/SESASR/lab05/install/pf_pkg/lib/pkgconfig/pf_pkg.pc'
[3.682s] Level 1:colcon.colcon_core.environment:checking '/home/thilevin/sesasr/SESASR/lab05/install/pf_pkg/lib/python3.10/site-packages'
[3.682s] Level 1:colcon.colcon_core.shell:create_environment_hook('pf_pkg', 'pythonpath')
[3.683s] INFO:colcon.colcon_core.shell:Creating environment hook '/home/thilevin/sesasr/SESASR/lab05/install/pf_pkg/share/pf_pkg/hook/pythonpath.ps1'
[3.683s] INFO:colcon.colcon_core.shell:Creating environment descriptor '/home/thilevin/sesasr/SESASR/lab05/install/pf_pkg/share/pf_pkg/hook/pythonpath.dsv'
[3.684s] INFO:colcon.colcon_core.shell:Creating environment hook '/home/thilevin/sesasr/SESASR/lab05/install/pf_pkg/share/pf_pkg/hook/pythonpath.sh'
[3.685s] Level 1:colcon.colcon_core.environment:checking '/home/thilevin/sesasr/SESASR/lab05/install/pf_pkg/bin'
[3.685s] Level 1:colcon.colcon_core.environment:create_environment_scripts_only(pf_pkg)
[3.685s] INFO:colcon.colcon_core.shell:Creating package script '/home/thilevin/sesasr/SESASR/lab05/install/pf_pkg/share/pf_pkg/package.ps1'
[3.686s] INFO:colcon.colcon_core.shell:Creating package descriptor '/home/thilevin/sesasr/SESASR/lab05/install/pf_pkg/share/pf_pkg/package.dsv'
[3.687s] INFO:colcon.colcon_core.shell:Creating package script '/home/thilevin/sesasr/SESASR/lab05/install/pf_pkg/share/pf_pkg/package.sh'
[3.687s] INFO:colcon.colcon_core.shell:Creating package script '/home/thilevin/sesasr/SESASR/lab05/install/pf_pkg/share/pf_pkg/package.bash'
[3.688s] INFO:colcon.colcon_core.shell:Creating package script '/home/thilevin/sesasr/SESASR/lab05/install/pf_pkg/share/pf_pkg/package.zsh'
[3.688s] Level 1:colcon.colcon_core.environment:create_file_with_runtime_dependencies(/home/thilevin/sesasr/SESASR/lab05/install/pf_pkg/share/colcon-core/packages/pf_pkg)
[3.912s] DEBUG:colcon.colcon_core.event_handler.log_command:Invoking command in '/home/thilevin/sesasr/SESASR/lab05/src/turtlebot3_perception/turtlebot3_perception': CMAKE_PREFIX_PATH=/home/thilevin/sesasr/SESASR/lab05/install/landmark_msgs:/home/thilevin/sesasr/SESASR/lab05/install/turtlebot3_simulations:/home/thilevin/sesasr/SESASR/lab05/install/turtlebot3_gazebo:/home/thilevin/sesasr/SESASR/lab05/install/turtlebot3_fake_node LD_LIBRARY_PATH=/home/thilevin/sesasr/SESASR/lab05/install/landmark_msgs/lib:/usr/lib/x86_64-linux-gnu/gazebo-11/plugins:/opt/ros/humble/opt/rviz_ogre_vendor/lib:/opt/ros/humble/lib/x86_64-linux-gnu:/opt/ros/humble/lib:/usr/share/gazebo/../../lib/x86_64-linux-gnu/gazebo-11/plugins:/usr/share/gazebo/../../lib/x86_64-linux-gnu/gazebo-11/plugins:/usr/share/gazebo/../../lib/x86_64-linux-gnu/gazebo-11/plugins PYTHONPATH=/home/thilevin/sesasr/SESASR/lab05/build/turtlebot3_perception/prefix_override:/usr/lib/python3/dist-packages/colcon_core/task/python/colcon_distutils_commands:/home/thilevin/sesasr/SESASR/lab05/install/turtlebot3_perception/lib/python3.10/site-packages:${PYTHONPATH} /usr/bin/python3 -W ignore:setup.py install is deprecated setup.py egg_info --egg-base ../../../build/turtlebot3_perception build --build-base /home/thilevin/sesasr/SESASR/lab05/build/turtlebot3_perception/build install --record /home/thilevin/sesasr/SESASR/lab05/build/turtlebot3_perception/install.log --single-version-externally-managed install_data
[4.306s] Level 1:colcon.colcon_core.environment:checking '/home/thilevin/sesasr/SESASR/lab05/install/turtlebot3_perception' for CMake module files
[4.307s] DEBUG:colcon.colcon_core.event_handler.log_command:Invoked command in '/home/thilevin/sesasr/SESASR/lab05/src/turtlebot3_perception/turtlebot3_perception' returned '0': CMAKE_PREFIX_PATH=/home/thilevin/sesasr/SESASR/lab05/install/landmark_msgs:/home/thilevin/sesasr/SESASR/lab05/install/turtlebot3_simulations:/home/thilevin/sesasr/SESASR/lab05/install/turtlebot3_gazebo:/home/thilevin/sesasr/SESASR/lab05/install/turtlebot3_fake_node LD_LIBRARY_PATH=/home/thilevin/sesasr/SESASR/lab05/install/landmark_msgs/lib:/usr/lib/x86_64-linux-gnu/gazebo-11/plugins:/opt/ros/humble/opt/rviz_ogre_vendor/lib:/opt/ros/humble/lib/x86_64-linux-gnu:/opt/ros/humble/lib:/usr/share/gazebo/../../lib/x86_64-linux-gnu/gazebo-11/plugins:/usr/share/gazebo/../../lib/x86_64-linux-gnu/gazebo-11/plugins:/usr/share/gazebo/../../lib/x86_64-linux-gnu/gazebo-11/plugins PYTHONPATH=/home/thilevin/sesasr/SESASR/lab05/build/turtlebot3_perception/prefix_override:/usr/lib/python3/dist-packages/colcon_core/task/python/colcon_distutils_commands:/home/thilevin/sesasr/SESASR/lab05/install/turtlebot3_perception/lib/python3.10/site-packages:${PYTHONPATH} /usr/bin/python3 -W ignore:setup.py install is deprecated setup.py egg_info --egg-base ../../../build/turtlebot3_perception build --build-base /home/thilevin/sesasr/SESASR/lab05/build/turtlebot3_perception/build install --record /home/thilevin/sesasr/SESASR/lab05/build/turtlebot3_perception/install.log --single-version-externally-managed install_data
[4.308s] Level 1:colcon.colcon_core.environment:checking '/home/thilevin/sesasr/SESASR/lab05/install/turtlebot3_perception' for CMake config files
[4.309s] Level 1:colcon.colcon_core.environment:checking '/home/thilevin/sesasr/SESASR/lab05/install/turtlebot3_perception/lib'
[4.309s] Level 1:colcon.colcon_core.environment:checking '/home/thilevin/sesasr/SESASR/lab05/install/turtlebot3_perception/bin'
[4.309s] Level 1:colcon.colcon_core.environment:checking '/home/thilevin/sesasr/SESASR/lab05/install/turtlebot3_perception/lib/pkgconfig/turtlebot3_perception.pc'
[4.309s] Level 1:colcon.colcon_core.environment:checking '/home/thilevin/sesasr/SESASR/lab05/install/turtlebot3_perception/lib/python3.10/site-packages'
[4.309s] Level 1:colcon.colcon_core.shell:create_environment_hook('turtlebot3_perception', 'pythonpath')
[4.309s] INFO:colcon.colcon_core.shell:Creating environment hook '/home/thilevin/sesasr/SESASR/lab05/install/turtlebot3_perception/share/turtlebot3_perception/hook/pythonpath.ps1'
[4.310s] INFO:colcon.colcon_core.shell:Creating environment descriptor '/home/thilevin/sesasr/SESASR/lab05/install/turtlebot3_perception/share/turtlebot3_perception/hook/pythonpath.dsv'
[4.310s] INFO:colcon.colcon_core.shell:Creating environment hook '/home/thilevin/sesasr/SESASR/lab05/install/turtlebot3_perception/share/turtlebot3_perception/hook/pythonpath.sh'
[4.311s] Level 1:colcon.colcon_core.environment:checking '/home/thilevin/sesasr/SESASR/lab05/install/turtlebot3_perception/bin'
[4.311s] Level 1:colcon.colcon_core.environment:create_environment_scripts_only(turtlebot3_perception)
[4.312s] INFO:colcon.colcon_core.shell:Creating package script '/home/thilevin/sesasr/SESASR/lab05/install/turtlebot3_perception/share/turtlebot3_perception/package.ps1'
[4.312s] INFO:colcon.colcon_core.shell:Creating package descriptor '/home/thilevin/sesasr/SESASR/lab05/install/turtlebot3_perception/share/turtlebot3_perception/package.dsv'
[4.313s] INFO:colcon.colcon_core.shell:Creating package script '/home/thilevin/sesasr/SESASR/lab05/install/turtlebot3_perception/share/turtlebot3_perception/package.sh'
[4.314s] INFO:colcon.colcon_core.shell:Creating package script '/home/thilevin/sesasr/SESASR/lab05/install/turtlebot3_perception/share/turtlebot3_perception/package.bash'
[4.315s] INFO:colcon.colcon_core.shell:Creating package script '/home/thilevin/sesasr/SESASR/lab05/install/turtlebot3_perception/share/turtlebot3_perception/package.zsh'
[4.315s] Level 1:colcon.colcon_core.environment:create_file_with_runtime_dependencies(/home/thilevin/sesasr/SESASR/lab05/install/turtlebot3_perception/share/colcon-core/packages/turtlebot3_perception)
[4.316s] DEBUG:colcon.colcon_parallel_executor.executor.parallel:closing loop
[4.316s] DEBUG:colcon.colcon_parallel_executor.executor.parallel:loop closed
[4.317s] DEBUG:colcon.colcon_parallel_executor.executor.parallel:run_until_complete finished with '0'
[4.318s] DEBUG:colcon.colcon_core.event_reactor:joining thread
[4.427s] INFO:colcon.colcon_core.plugin_system:Skipping extension 'colcon_notification.desktop_notification.notify_send': Could not find 'notify-send'
[4.427s] INFO:colcon.colcon_core.plugin_system:Skipping extension 'colcon_notification.desktop_notification.terminal_notifier': Not used on non-Darwin systems
[4.427s] INFO:colcon.colcon_core.plugin_system:Skipping extension 'colcon_notification.desktop_notification.win32': Not used on non-Windows systems
[4.427s] INFO:colcon.colcon_notification.desktop_notification:Sending desktop notification using 'notify2'
[4.427s] DEBUG:colcon.colcon_notification.desktop_notification.notify2:Failed to initialize notify2: org.freedesktop.DBus.Error.FileNotFound: Failed to connect to socket /run/user/1000/bus: No such file or directory
[4.427s] DEBUG:colcon.colcon_core.event_reactor:joined thread
[4.428s] INFO:colcon.colcon_core.shell:Creating prefix script '/home/thilevin/sesasr/SESASR/lab05/install/local_setup.ps1'
[4.440s] INFO:colcon.colcon_core.shell:Creating prefix util module '/home/thilevin/sesasr/SESASR/lab05/install/_local_setup_util_ps1.py'
[4.442s] INFO:colcon.colcon_core.shell:Creating prefix chain script '/home/thilevin/sesasr/SESASR/lab05/install/setup.ps1'
[4.444s] INFO:colcon.colcon_core.shell:Creating prefix script '/home/thilevin/sesasr/SESASR/lab05/install/local_setup.sh'
[4.447s] INFO:colcon.colcon_core.shell:Creating prefix util module '/home/thilevin/sesasr/SESASR/lab05/install/_local_setup_util_sh.py'
[4.447s] INFO:colcon.colcon_core.shell:Creating prefix chain script '/home/thilevin/sesasr/SESASR/lab05/install/setup.sh'
[4.450s] INFO:colcon.colcon_core.shell:Creating prefix script '/home/thilevin/sesasr/SESASR/lab05/install/local_setup.bash'
[4.452s] INFO:colcon.colcon_core.shell:Creating prefix chain script '/home/thilevin/sesasr/SESASR/lab05/install/setup.bash'
[4.455s] INFO:colcon.colcon_core.shell:Creating prefix script '/home/thilevin/sesasr/SESASR/lab05/install/local_setup.zsh'
[4.456s] INFO:colcon.colcon_core.shell:Creating prefix chain script '/home/thilevin/sesasr/SESASR/lab05/install/setup.zsh'
