[0.026s] Invoking command in '/home/thilevin/sesasr/SESASR/lab05/build/turtlebot3_gazebo': CMAKE_PREFIX_PATH=/opt/ros/humble /usr/bin/cmake /home/thilevin/sesasr/SESASR/lab05/src/turtlebot3_simulations/turtlebot3_gazebo -DCMAKE_INSTALL_PREFIX=/home/thilevin/sesasr/SESASR/lab05/install/turtlebot3_gazebo
[0.310s] -- The C compiler identification is GNU 11.4.0
[1.134s] -- The CXX compiler identification is GNU 11.4.0
[1.599s] -- Detecting C compiler ABI info
[1.799s] -- Detecting C compiler ABI info - done
[1.808s] -- Check for working C compiler: /usr/bin/cc - skipped
[1.808s] -- Detecting C compile features
[1.808s] -- Detecting C compile features - done
[1.812s] -- Detecting CXX compiler ABI info
[2.063s] -- Detecting CXX compiler ABI info - done
[2.071s] -- Check for working CXX compiler: /usr/bin/c++ - skipped
[2.071s] -- Detecting CXX compile features
[2.072s] -- Detecting CXX compile features - done
[2.075s] -- Found ament_cmake: 1.3.10 (/opt/ros/humble/share/ament_cmake/cmake)
[2.244s] -- Found Python3: /usr/bin/python3 (found version "3.10.12") found components: Interpreter 
[2.352s] [33mCMake Warning (dev) at /usr/share/cmake-3.22/Modules/FindPackageHandleStandardArgs.cmake:438 (message):
[2.352s]   The package name passed to `find_package_handle_standard_args` (PkgConfig)
[2.352s]   does not match the name of the calling package (gazebo).  This can lead to
[2.352s]   problems in calling code that expects `find_package` result variables
[2.352s]   (e.g., `_FOUND`) to follow a certain pattern.
[2.352s] Call Stack (most recent call first):
[2.352s]   /usr/share/cmake-3.22/Modules/FindPkgConfig.cmake:99 (find_package_handle_standard_args)
[2.352s]   /usr/lib/x86_64-linux-gnu/cmake/gazebo/gazebo-config.cmake:72 (include)
[2.352s]   CMakeLists.txt:23 (find_package)
[2.353s] This warning is for project developers.  Use -Wno-dev to suppress it.
[2.353s] [0m
[2.353s] -- Found PkgConfig: /usr/bin/pkg-config (found version "0.29.2") 
[2.357s] -- Checking for module 'bullet>=2.82'
[2.371s] --   Found bullet, version 3.05
[2.564s] -- Found fcl: /usr/include (found suitable version "0.7.0", minimum required is "0.5.0") 
[2.612s] -- Found assimp: /usr/include (found version "5.2.0") 
[2.657s] -- Found DART: /usr/include (Required is at least version "6.6") found components: dart 
[3.183s] -- Found Boost: /usr/lib/x86_64-linux-gnu/cmake/Boost-1.74.0/BoostConfig.cmake (found suitable version "1.74.0", minimum required is "1.40.0") found components: thread system filesystem program_options regex iostreams date_time 
[3.983s] -- Found Protobuf: /usr/lib/x86_64-linux-gnu/libprotobuf.so (found version "3.12.4") 
[3.991s] -- Looking for ignition-math6 -- found version 6.15.1
[4.004s] -- Searching for dependencies of ignition-math6
[4.007s] -- Looking for OGRE...
[4.007s] -- OGRE_PREFIX_WATCH changed.
[4.013s] -- Checking for module 'OGRE'
[4.028s] --   Found OGRE, version 1.9.0
[4.060s] -- Found Ogre Ghadamon (1.9.0)
[4.737s] -- Found OGRE: optimized;/usr/lib/x86_64-linux-gnu/libOgreMain.so;debug;/usr/lib/x86_64-linux-gnu/libOgreMain.so
[4.748s] -- Looking for OGRE_Paging...
[5.485s] -- Found OGRE_Paging: optimized;/usr/lib/x86_64-linux-gnu/libOgrePaging.so;debug;/usr/lib/x86_64-linux-gnu/libOgrePaging.so
[5.485s] -- Looking for OGRE_Terrain...
[6.620s] -- Found OGRE_Terrain: optimized;/usr/lib/x86_64-linux-gnu/libOgreTerrain.so;debug;/usr/lib/x86_64-linux-gnu/libOgreTerrain.so
[6.620s] -- Looking for OGRE_Property...
[7.374s] -- Found OGRE_Property: optimized;/usr/lib/x86_64-linux-gnu/libOgreProperty.so;debug;/usr/lib/x86_64-linux-gnu/libOgreProperty.so
[7.374s] -- Looking for OGRE_RTShaderSystem...
[8.083s] -- Found OGRE_RTShaderSystem: optimized;/usr/lib/x86_64-linux-gnu/libOgreRTShaderSystem.so;debug;/usr/lib/x86_64-linux-gnu/libOgreRTShaderSystem.so
[8.083s] -- Looking for OGRE_Volume...
[8.990s] -- Found OGRE_Volume: optimized;/usr/lib/x86_64-linux-gnu/libOgreVolume.so;debug;/usr/lib/x86_64-linux-gnu/libOgreVolume.so
[8.991s] -- Looking for OGRE_Overlay...
[9.712s] -- Found OGRE_Overlay: optimized;/usr/lib/x86_64-linux-gnu/libOgreOverlay.so;debug;/usr/lib/x86_64-linux-gnu/libOgreOverlay.so
[42.796s] -- Looking for ignition-math6 -- found version 6.15.1
[42.813s] -- Looking for ignition-transport8 -- found version 8.2.1
[42.815s] -- Searching for dependencies of ignition-transport8
[44.555s] -- Found Protobuf: /usr/lib/x86_64-linux-gnu/libprotobuf.so (found suitable version "3.12.4", minimum required is "3") 
[46.418s] -- Config-file not installed for ZeroMQ -- checking for pkg-config
[46.424s] -- Checking for module 'libzmq >= 4'
[46.451s] --   Found libzmq , version 4.3.4
[46.484s] -- Found ZeroMQ: TRUE (Required is at least version "4") 
[46.579s] -- Checking for module 'uuid'
[46.598s] --   Found uuid, version 2.37.2
[46.631s] -- Found UUID: TRUE  
[46.634s] -- Looking for ignition-msgs5 -- found version 5.8.1
[46.635s] -- Searching for dependencies of ignition-msgs5
[48.714s] -- Looking for ignition-math6 -- found version 6.15.1
[48.731s] -- Checking for module 'tinyxml2'
[48.744s] --   Found tinyxml2, version 9.0.0
[48.777s] -- Looking for ignition-msgs5 -- found version 5.8.1
[48.781s] -- Looking for ignition-common3 -- found version 3.14.0
[48.782s] -- Searching for dependencies of ignition-common3
[48.850s] -- Looking for dlfcn.h - found
[48.908s] -- Looking for libdl - found
[48.909s] -- Found DL: TRUE  
[49.063s] -- Found tinyobjloader: /usr/lib/x86_64-linux-gnu/cmake/tinyobjloader/tinyobjloader-config.cmake (found version "2.0.0") 
[49.067s] -- Searching for <ignition-common3> component [graphics]
[49.074s] -- Looking for ignition-common3-graphics -- found version 3.14.0
[49.075s] -- Searching for dependencies of ignition-common3-graphics
[49.075s] -- Looking for ignition-math6 -- found version 6.15.1
[49.080s] -- Looking for ignition-fuel_tools4 -- found version 4.4.0
[49.080s] -- Searching for dependencies of ignition-fuel_tools4
[51.315s] -- Found CURL: /usr/lib/x86_64-linux-gnu/libcurl.so (found version "7.81.0")  
[51.337s] -- Checking for module 'jsoncpp'
[51.352s] --   Found jsoncpp, version 1.9.5
[51.381s] -- Found JSONCPP: TRUE  
[51.387s] -- Checking for module 'libzip'
[51.399s] --   Found libzip, version 1.7.3
[51.430s] -- Found ZIP: TRUE  
[51.430s] -- Looking for ignition-common3 -- found version 3.14.0
[51.431s] -- Looking for ignition-math6 -- found version 6.15.1
[51.432s] -- Looking for ignition-msgs5 -- found version 5.8.1
[51.443s] -- Found gazebo_ros_pkgs: 3.7.0 (/opt/ros/humble/share/gazebo_ros_pkgs/cmake)
[51.445s] -- Found geometry_msgs: 4.2.4 (/opt/ros/humble/share/geometry_msgs/cmake)
[51.540s] -- Found rosidl_generator_c: 3.1.5 (/opt/ros/humble/share/rosidl_generator_c/cmake)
[51.546s] -- Found rosidl_adapter: 3.1.5 (/opt/ros/humble/share/rosidl_adapter/cmake)
[51.555s] -- Found rosidl_generator_cpp: 3.1.5 (/opt/ros/humble/share/rosidl_generator_cpp/cmake)
[51.567s] -- Using all available rosidl_typesupport_c: rosidl_typesupport_fastrtps_c;rosidl_typesupport_introspection_c
[51.586s] -- Using all available rosidl_typesupport_cpp: rosidl_typesupport_fastrtps_cpp;rosidl_typesupport_introspection_cpp
[51.628s] -- Found nav_msgs: 4.2.4 (/opt/ros/humble/share/nav_msgs/cmake)
[51.647s] -- Found rclcpp: 16.0.10 (/opt/ros/humble/share/rclcpp/cmake)
[51.685s] -- Found rmw_implementation_cmake: 6.1.2 (/opt/ros/humble/share/rmw_implementation_cmake/cmake)
[51.687s] -- Found rmw_fastrtps_cpp: 6.2.7 (/opt/ros/humble/share/rmw_fastrtps_cpp/cmake)
[53.486s] -- Found OpenSSL: /usr/lib/x86_64-linux-gnu/libcrypto.so (found version "3.0.2")  
[55.511s] -- Found FastRTPS: /opt/ros/humble/include  
[59.291s] -- Using RMW implementation 'rmw_fastrtps_cpp' as default
[59.300s] -- Found Threads: TRUE  
[59.341s] -- Found sensor_msgs: 4.2.4 (/opt/ros/humble/share/sensor_msgs/cmake)
[59.361s] -- Found tf2: 0.25.8 (/opt/ros/humble/share/tf2/cmake)
[59.439s] -- Configuring done
[59.525s] -- Generating done
[59.527s] -- Build files have been written to: /home/thilevin/sesasr/SESASR/lab05/build/turtlebot3_gazebo
[59.540s] Invoked command in '/home/thilevin/sesasr/SESASR/lab05/build/turtlebot3_gazebo' returned '0': CMAKE_PREFIX_PATH=/opt/ros/humble /usr/bin/cmake /home/thilevin/sesasr/SESASR/lab05/src/turtlebot3_simulations/turtlebot3_gazebo -DCMAKE_INSTALL_PREFIX=/home/thilevin/sesasr/SESASR/lab05/install/turtlebot3_gazebo
[59.542s] Invoking command in '/home/thilevin/sesasr/SESASR/lab05/build/turtlebot3_gazebo': CMAKE_PREFIX_PATH=/opt/ros/humble /usr/bin/cmake --build /home/thilevin/sesasr/SESASR/lab05/build/turtlebot3_gazebo -- -j12 -l12
[59.595s] [ 25%] [32mBuilding CXX object CMakeFiles/obstacle2.dir/models/turtlebot3_dqn_world/obstacle_plugin/obstacle2.cc.o[0m
[59.595s] [ 25%] [32mBuilding CXX object CMakeFiles/obstacles.dir/models/turtlebot3_dqn_world/obstacle_plugin/obstacles.cc.o[0m
[59.598s] [ 50%] [32mBuilding CXX object CMakeFiles/obstacle1.dir/models/turtlebot3_dqn_world/obstacle_plugin/obstacle1.cc.o[0m
[59.598s] [ 50%] [32mBuilding CXX object CMakeFiles/turtlebot3_drive.dir/src/turtlebot3_drive.cpp.o[0m
[79.175s] [ 62%] [32m[1mLinking CXX executable turtlebot3_drive[0m
[80.460s] [ 62%] Built target turtlebot3_drive
[80.845s] [ 75%] [32m[1mLinking CXX shared library libobstacle2.so[0m
[81.054s] [ 87%] [32m[1mLinking CXX shared library libobstacle1.so[0m
[81.169s] [100%] [32m[1mLinking CXX shared library libobstacles.so[0m
[81.401s] [100%] Built target obstacle2
[81.554s] [100%] Built target obstacle1
[81.612s] [100%] Built target obstacles
[81.625s] Invoked command in '/home/thilevin/sesasr/SESASR/lab05/build/turtlebot3_gazebo' returned '0': CMAKE_PREFIX_PATH=/opt/ros/humble /usr/bin/cmake --build /home/thilevin/sesasr/SESASR/lab05/build/turtlebot3_gazebo -- -j12 -l12
[81.664s] Invoking command in '/home/thilevin/sesasr/SESASR/lab05/build/turtlebot3_gazebo': CMAKE_PREFIX_PATH=/opt/ros/humble /usr/bin/cmake --install /home/thilevin/sesasr/SESASR/lab05/build/turtlebot3_gazebo
[81.672s] -- Install configuration: ""
[81.673s] -- Installing: /home/thilevin/sesasr/SESASR/lab05/install/turtlebot3_gazebo/lib/turtlebot3_gazebo/turtlebot3_drive
[81.679s] -- Set runtime path of "/home/thilevin/sesasr/SESASR/lab05/install/turtlebot3_gazebo/lib/turtlebot3_gazebo/turtlebot3_drive" to ""
[81.679s] -- Installing: /home/thilevin/sesasr/SESASR/lab05/install/turtlebot3_gazebo/share/turtlebot3_gazebo//launch
[81.680s] -- Installing: /home/thilevin/sesasr/SESASR/lab05/install/turtlebot3_gazebo/share/turtlebot3_gazebo//launch/turtlebot3_house.launch.py
[81.680s] -- Installing: /home/thilevin/sesasr/SESASR/lab05/install/turtlebot3_gazebo/share/turtlebot3_gazebo//launch/lab02.launch.py
[81.680s] -- Installing: /home/thilevin/sesasr/SESASR/lab05/install/turtlebot3_gazebo/share/turtlebot3_gazebo//launch/turtlebot3_dqn_stage3.launch.py
[81.680s] -- Installing: /home/thilevin/sesasr/SESASR/lab05/install/turtlebot3_gazebo/share/turtlebot3_gazebo//launch/empty_world.launch.py
[81.680s] -- Installing: /home/thilevin/sesasr/SESASR/lab05/install/turtlebot3_gazebo/share/turtlebot3_gazebo//launch/turtlebot3_world.launch.py
[81.681s] -- Installing: /home/thilevin/sesasr/SESASR/lab05/install/turtlebot3_gazebo/share/turtlebot3_gazebo//launch/turtlebot3_dqn_stage2.launch.py
[81.681s] -- Installing: /home/thilevin/sesasr/SESASR/lab05/install/turtlebot3_gazebo/share/turtlebot3_gazebo//launch/turtlebot3_dqn_stage1.launch.py
[81.681s] -- Installing: /home/thilevin/sesasr/SESASR/lab05/install/turtlebot3_gazebo/share/turtlebot3_gazebo//launch/robot_state_publisher.launch.py
[81.681s] -- Installing: /home/thilevin/sesasr/SESASR/lab05/install/turtlebot3_gazebo/share/turtlebot3_gazebo//launch/lab04.launch.py
[81.681s] -- Installing: /home/thilevin/sesasr/SESASR/lab05/install/turtlebot3_gazebo/share/turtlebot3_gazebo//launch/turtlebot3_dqn_stage4.launch.py
[81.681s] -- Installing: /home/thilevin/sesasr/SESASR/lab05/install/turtlebot3_gazebo/share/turtlebot3_gazebo//launch/spawn_turtlebot3.launch.py
[81.681s] -- Installing: /home/thilevin/sesasr/SESASR/lab05/install/turtlebot3_gazebo/share/turtlebot3_gazebo//models
[81.682s] -- Installing: /home/thilevin/sesasr/SESASR/lab05/install/turtlebot3_gazebo/share/turtlebot3_gazebo//models/turtlebot3_world
[81.682s] -- Installing: /home/thilevin/sesasr/SESASR/lab05/install/turtlebot3_gazebo/share/turtlebot3_gazebo//models/turtlebot3_world/model.sdf
[81.682s] -- Installing: /home/thilevin/sesasr/SESASR/lab05/install/turtlebot3_gazebo/share/turtlebot3_gazebo//models/turtlebot3_world/model-1_4.sdf
[81.682s] -- Installing: /home/thilevin/sesasr/SESASR/lab05/install/turtlebot3_gazebo/share/turtlebot3_gazebo//models/turtlebot3_world/model.config
[81.683s] -- Installing: /home/thilevin/sesasr/SESASR/lab05/install/turtlebot3_gazebo/share/turtlebot3_gazebo//models/turtlebot3_world/meshes
[81.683s] -- Installing: /home/thilevin/sesasr/SESASR/lab05/install/turtlebot3_gazebo/share/turtlebot3_gazebo//models/turtlebot3_world/meshes/wall.dae
[81.683s] -- Installing: /home/thilevin/sesasr/SESASR/lab05/install/turtlebot3_gazebo/share/turtlebot3_gazebo//models/turtlebot3_world/meshes/hexagon.dae
[81.683s] -- Installing: /home/thilevin/sesasr/SESASR/lab05/install/turtlebot3_gazebo/share/turtlebot3_gazebo//models/turtlebot3_waffle
[81.683s] -- Installing: /home/thilevin/sesasr/SESASR/lab05/install/turtlebot3_gazebo/share/turtlebot3_gazebo//models/turtlebot3_waffle/model.sdf
[81.684s] -- Installing: /home/thilevin/sesasr/SESASR/lab05/install/turtlebot3_gazebo/share/turtlebot3_gazebo//models/turtlebot3_waffle/model-1_4.sdf
[81.684s] -- Installing: /home/thilevin/sesasr/SESASR/lab05/install/turtlebot3_gazebo/share/turtlebot3_gazebo//models/turtlebot3_waffle/model.config
[81.684s] -- Installing: /home/thilevin/sesasr/SESASR/lab05/install/turtlebot3_gazebo/share/turtlebot3_gazebo//models/turtlebot3_waffle_pi
[81.685s] -- Installing: /home/thilevin/sesasr/SESASR/lab05/install/turtlebot3_gazebo/share/turtlebot3_gazebo//models/turtlebot3_waffle_pi/model.sdf
[81.685s] -- Installing: /home/thilevin/sesasr/SESASR/lab05/install/turtlebot3_gazebo/share/turtlebot3_gazebo//models/turtlebot3_waffle_pi/model-1_4_.sdf
[81.685s] -- Installing: /home/thilevin/sesasr/SESASR/lab05/install/turtlebot3_gazebo/share/turtlebot3_gazebo//models/turtlebot3_waffle_pi/model.config
[81.685s] -- Installing: /home/thilevin/sesasr/SESASR/lab05/install/turtlebot3_gazebo/share/turtlebot3_gazebo//models/turtlebot3_house
[81.686s] -- Installing: /home/thilevin/sesasr/SESASR/lab05/install/turtlebot3_gazebo/share/turtlebot3_gazebo//models/turtlebot3_house/model.sdf
[81.686s] -- Installing: /home/thilevin/sesasr/SESASR/lab05/install/turtlebot3_gazebo/share/turtlebot3_gazebo//models/turtlebot3_house/model.config
[81.687s] -- Installing: /home/thilevin/sesasr/SESASR/lab05/install/turtlebot3_gazebo/share/turtlebot3_gazebo//models/turtlebot3_burger
[81.687s] -- Installing: /home/thilevin/sesasr/SESASR/lab05/install/turtlebot3_gazebo/share/turtlebot3_gazebo//models/turtlebot3_burger/model.sdf
[81.687s] -- Installing: /home/thilevin/sesasr/SESASR/lab05/install/turtlebot3_gazebo/share/turtlebot3_gazebo//models/turtlebot3_burger/model-1_4.sdf
[81.687s] -- Installing: /home/thilevin/sesasr/SESASR/lab05/install/turtlebot3_gazebo/share/turtlebot3_gazebo//models/turtlebot3_burger/model.config
[81.687s] -- Installing: /home/thilevin/sesasr/SESASR/lab05/install/turtlebot3_gazebo/share/turtlebot3_gazebo//models/turtlebot3_dqn_world
[81.688s] -- Installing: /home/thilevin/sesasr/SESASR/lab05/install/turtlebot3_gazebo/share/turtlebot3_gazebo//models/turtlebot3_dqn_world/obstacle_plugin
[81.688s] -- Installing: /home/thilevin/sesasr/SESASR/lab05/install/turtlebot3_gazebo/share/turtlebot3_gazebo//models/turtlebot3_dqn_world/obstacle_plugin/obstacle2.cc
[81.688s] -- Installing: /home/thilevin/sesasr/SESASR/lab05/install/turtlebot3_gazebo/share/turtlebot3_gazebo//models/turtlebot3_dqn_world/obstacle_plugin/obstacle1.cc
[81.689s] -- Installing: /home/thilevin/sesasr/SESASR/lab05/install/turtlebot3_gazebo/share/turtlebot3_gazebo//models/turtlebot3_dqn_world/obstacle_plugin/CMakeLists.txt
[81.689s] -- Installing: /home/thilevin/sesasr/SESASR/lab05/install/turtlebot3_gazebo/share/turtlebot3_gazebo//models/turtlebot3_dqn_world/obstacle_plugin/obstacles.cc
[81.689s] -- Installing: /home/thilevin/sesasr/SESASR/lab05/install/turtlebot3_gazebo/share/turtlebot3_gazebo//models/turtlebot3_dqn_world/model.sdf
[81.689s] -- Installing: /home/thilevin/sesasr/SESASR/lab05/install/turtlebot3_gazebo/share/turtlebot3_gazebo//models/turtlebot3_dqn_world/goal_box
[81.689s] -- Installing: /home/thilevin/sesasr/SESASR/lab05/install/turtlebot3_gazebo/share/turtlebot3_gazebo//models/turtlebot3_dqn_world/goal_box/model.sdf
[81.690s] -- Installing: /home/thilevin/sesasr/SESASR/lab05/install/turtlebot3_gazebo/share/turtlebot3_gazebo//models/turtlebot3_dqn_world/goal_box/model.config
[81.690s] -- Installing: /home/thilevin/sesasr/SESASR/lab05/install/turtlebot3_gazebo/share/turtlebot3_gazebo//models/turtlebot3_dqn_world/obstacle1
[81.690s] -- Installing: /home/thilevin/sesasr/SESASR/lab05/install/turtlebot3_gazebo/share/turtlebot3_gazebo//models/turtlebot3_dqn_world/obstacle1/model.sdf
[81.690s] -- Installing: /home/thilevin/sesasr/SESASR/lab05/install/turtlebot3_gazebo/share/turtlebot3_gazebo//models/turtlebot3_dqn_world/obstacle1/model.config
[81.690s] -- Installing: /home/thilevin/sesasr/SESASR/lab05/install/turtlebot3_gazebo/share/turtlebot3_gazebo//models/turtlebot3_dqn_world/obstacles
[81.691s] -- Installing: /home/thilevin/sesasr/SESASR/lab05/install/turtlebot3_gazebo/share/turtlebot3_gazebo//models/turtlebot3_dqn_world/obstacles/model.sdf
[81.691s] -- Installing: /home/thilevin/sesasr/SESASR/lab05/install/turtlebot3_gazebo/share/turtlebot3_gazebo//models/turtlebot3_dqn_world/obstacles/model.config
[81.691s] -- Installing: /home/thilevin/sesasr/SESASR/lab05/install/turtlebot3_gazebo/share/turtlebot3_gazebo//models/turtlebot3_dqn_world/model.config
[81.691s] -- Installing: /home/thilevin/sesasr/SESASR/lab05/install/turtlebot3_gazebo/share/turtlebot3_gazebo//models/turtlebot3_dqn_world/obstacle2
[81.691s] -- Installing: /home/thilevin/sesasr/SESASR/lab05/install/turtlebot3_gazebo/share/turtlebot3_gazebo//models/turtlebot3_dqn_world/obstacle2/model.sdf
[81.692s] -- Installing: /home/thilevin/sesasr/SESASR/lab05/install/turtlebot3_gazebo/share/turtlebot3_gazebo//models/turtlebot3_dqn_world/obstacle2/model.config
[81.692s] -- Installing: /home/thilevin/sesasr/SESASR/lab05/install/turtlebot3_gazebo/share/turtlebot3_gazebo//models/turtlebot3_dqn_world/inner_walls
[81.692s] -- Installing: /home/thilevin/sesasr/SESASR/lab05/install/turtlebot3_gazebo/share/turtlebot3_gazebo//models/turtlebot3_dqn_world/inner_walls/model.sdf
[81.692s] -- Installing: /home/thilevin/sesasr/SESASR/lab05/install/turtlebot3_gazebo/share/turtlebot3_gazebo//models/turtlebot3_dqn_world/inner_walls/model.config
[81.692s] -- Installing: /home/thilevin/sesasr/SESASR/lab05/install/turtlebot3_gazebo/share/turtlebot3_gazebo//models/turtlebot3_common
[81.692s] -- Installing: /home/thilevin/sesasr/SESASR/lab05/install/turtlebot3_gazebo/share/turtlebot3_gazebo//models/turtlebot3_common/model.config
[81.692s] -- Installing: /home/thilevin/sesasr/SESASR/lab05/install/turtlebot3_gazebo/share/turtlebot3_gazebo//models/turtlebot3_common/meshes
[81.693s] -- Installing: /home/thilevin/sesasr/SESASR/lab05/install/turtlebot3_gazebo/share/turtlebot3_gazebo//models/turtlebot3_common/meshes/waffle_pi_base.dae
[81.693s] -- Installing: /home/thilevin/sesasr/SESASR/lab05/install/turtlebot3_gazebo/share/turtlebot3_gazebo//models/turtlebot3_common/meshes/tire.dae
[81.693s] -- Installing: /home/thilevin/sesasr/SESASR/lab05/install/turtlebot3_gazebo/share/turtlebot3_gazebo//models/turtlebot3_common/meshes/lds.dae
[81.693s] -- Installing: /home/thilevin/sesasr/SESASR/lab05/install/turtlebot3_gazebo/share/turtlebot3_gazebo//models/turtlebot3_common/meshes/burger_base.dae
[81.693s] -- Installing: /home/thilevin/sesasr/SESASR/lab05/install/turtlebot3_gazebo/share/turtlebot3_gazebo//models/turtlebot3_common/meshes/waffle_base.dae
[81.693s] -- Installing: /home/thilevin/sesasr/SESASR/lab05/install/turtlebot3_gazebo/share/turtlebot3_gazebo//models/turtlebot3_common/meshes/r200.dae
[81.694s] -- Installing: /home/thilevin/sesasr/SESASR/lab05/install/turtlebot3_gazebo/share/turtlebot3_gazebo//rviz
[81.694s] -- Installing: /home/thilevin/sesasr/SESASR/lab05/install/turtlebot3_gazebo/share/turtlebot3_gazebo//rviz/tb3_gazebo.rviz
[81.695s] -- Installing: /home/thilevin/sesasr/SESASR/lab05/install/turtlebot3_gazebo/share/turtlebot3_gazebo//urdf
[81.695s] -- Installing: /home/thilevin/sesasr/SESASR/lab05/install/turtlebot3_gazebo/share/turtlebot3_gazebo//urdf/turtlebot3_burger.urdf
[81.695s] -- Installing: /home/thilevin/sesasr/SESASR/lab05/install/turtlebot3_gazebo/share/turtlebot3_gazebo//urdf/turtlebot3_waffle_pi.urdf
[81.695s] -- Installing: /home/thilevin/sesasr/SESASR/lab05/install/turtlebot3_gazebo/share/turtlebot3_gazebo//urdf/common_properties.urdf
[81.695s] -- Installing: /home/thilevin/sesasr/SESASR/lab05/install/turtlebot3_gazebo/share/turtlebot3_gazebo//urdf/turtlebot3_waffle.urdf
[81.696s] -- Installing: /home/thilevin/sesasr/SESASR/lab05/install/turtlebot3_gazebo/share/turtlebot3_gazebo//worlds
[81.696s] -- Installing: /home/thilevin/sesasr/SESASR/lab05/install/turtlebot3_gazebo/share/turtlebot3_gazebo//worlds/turtlebot3_house.world
[81.696s] -- Installing: /home/thilevin/sesasr/SESASR/lab05/install/turtlebot3_gazebo/share/turtlebot3_gazebo//worlds/maze.world
[81.696s] -- Installing: /home/thilevin/sesasr/SESASR/lab05/install/turtlebot3_gazebo/share/turtlebot3_gazebo//worlds/turtlebot3_dqn_stage3.world
[81.697s] -- Installing: /home/thilevin/sesasr/SESASR/lab05/install/turtlebot3_gazebo/share/turtlebot3_gazebo//worlds/turtlebot3_world.world
[81.697s] -- Installing: /home/thilevin/sesasr/SESASR/lab05/install/turtlebot3_gazebo/share/turtlebot3_gazebo//worlds/empty_world.world
[81.697s] -- Installing: /home/thilevin/sesasr/SESASR/lab05/install/turtlebot3_gazebo/share/turtlebot3_gazebo//worlds/turtlebot3_dqn_stage1.world
[81.697s] -- Installing: /home/thilevin/sesasr/SESASR/lab05/install/turtlebot3_gazebo/share/turtlebot3_gazebo//worlds/turtlebot3_dqn_stage2.world
[81.697s] -- Installing: /home/thilevin/sesasr/SESASR/lab05/install/turtlebot3_gazebo/share/turtlebot3_gazebo//worlds/turtlebot3_dqn_stage4.world
[81.697s] -- Installing: /home/thilevin/sesasr/SESASR/lab05/install/turtlebot3_gazebo/include/
[81.697s] -- Installing: /home/thilevin/sesasr/SESASR/lab05/install/turtlebot3_gazebo/include//turtlebot3_gazebo
[81.698s] -- Installing: /home/thilevin/sesasr/SESASR/lab05/install/turtlebot3_gazebo/include//turtlebot3_gazebo/turtlebot3_drive.hpp
[81.698s] -- Installing: /home/thilevin/sesasr/SESASR/lab05/install/turtlebot3_gazebo/share/turtlebot3_gazebo/environment/turtlebot3_gazebo.dsv
[81.698s] -- Installing: /home/thilevin/sesasr/SESASR/lab05/install/turtlebot3_gazebo/share/ament_index/resource_index/package_run_dependencies/turtlebot3_gazebo
[81.698s] -- Installing: /home/thilevin/sesasr/SESASR/lab05/install/turtlebot3_gazebo/share/ament_index/resource_index/parent_prefix_path/turtlebot3_gazebo
[81.699s] -- Installing: /home/thilevin/sesasr/SESASR/lab05/install/turtlebot3_gazebo/share/turtlebot3_gazebo/environment/ament_prefix_path.sh
[81.700s] -- Installing: /home/thilevin/sesasr/SESASR/lab05/install/turtlebot3_gazebo/share/turtlebot3_gazebo/environment/ament_prefix_path.dsv
[81.700s] -- Installing: /home/thilevin/sesasr/SESASR/lab05/install/turtlebot3_gazebo/share/turtlebot3_gazebo/environment/path.sh
[81.700s] -- Installing: /home/thilevin/sesasr/SESASR/lab05/install/turtlebot3_gazebo/share/turtlebot3_gazebo/environment/path.dsv
[81.701s] -- Installing: /home/thilevin/sesasr/SESASR/lab05/install/turtlebot3_gazebo/share/turtlebot3_gazebo/local_setup.bash
[81.701s] -- Installing: /home/thilevin/sesasr/SESASR/lab05/install/turtlebot3_gazebo/share/turtlebot3_gazebo/local_setup.sh
[81.701s] -- Installing: /home/thilevin/sesasr/SESASR/lab05/install/turtlebot3_gazebo/share/turtlebot3_gazebo/local_setup.zsh
[81.701s] -- Installing: /home/thilevin/sesasr/SESASR/lab05/install/turtlebot3_gazebo/share/turtlebot3_gazebo/local_setup.dsv
[81.701s] -- Installing: /home/thilevin/sesasr/SESASR/lab05/install/turtlebot3_gazebo/share/turtlebot3_gazebo/package.dsv
[81.701s] -- Installing: /home/thilevin/sesasr/SESASR/lab05/install/turtlebot3_gazebo/share/ament_index/resource_index/packages/turtlebot3_gazebo
[81.702s] -- Installing: /home/thilevin/sesasr/SESASR/lab05/install/turtlebot3_gazebo/share/turtlebot3_gazebo/cmake/ament_cmake_export_include_directories-extras.cmake
[81.702s] -- Installing: /home/thilevin/sesasr/SESASR/lab05/install/turtlebot3_gazebo/share/turtlebot3_gazebo/cmake/ament_cmake_export_dependencies-extras.cmake
[81.702s] -- Installing: /home/thilevin/sesasr/SESASR/lab05/install/turtlebot3_gazebo/share/turtlebot3_gazebo/cmake/turtlebot3_gazeboConfig.cmake
[81.702s] -- Installing: /home/thilevin/sesasr/SESASR/lab05/install/turtlebot3_gazebo/share/turtlebot3_gazebo/cmake/turtlebot3_gazeboConfig-version.cmake
[81.702s] -- Installing: /home/thilevin/sesasr/SESASR/lab05/install/turtlebot3_gazebo/share/turtlebot3_gazebo/package.xml
[81.705s] Invoked command in '/home/thilevin/sesasr/SESASR/lab05/build/turtlebot3_gazebo' returned '0': CMAKE_PREFIX_PATH=/opt/ros/humble /usr/bin/cmake --install /home/thilevin/sesasr/SESASR/lab05/build/turtlebot3_gazebo
