[1.502s] Invoking command in '/home/thilevin/sesasr/SESASR/lab05/src/turtlebot3_perception/turtlebot3_perception': AMENT_PREFIX_PATH=/home/thilevin/sesasr/SESASR/lab05/install/landmark_msgs:${AMENT_PREFIX_PATH} CMAKE_PREFIX_PATH=/home/thilevin/sesasr/SESASR/lab05/install/landmark_msgs LD_LIBRARY_PATH=/home/thilevin/sesasr/SESASR/lab05/install/landmark_msgs/lib:/usr/lib/x86_64-linux-gnu/gazebo-11/plugins:/opt/ros/humble/opt/rviz_ogre_vendor/lib:/opt/ros/humble/lib/x86_64-linux-gnu:/opt/ros/humble/lib:/usr/share/gazebo/../../lib/x86_64-linux-gnu/gazebo-11/plugins:/usr/share/gazebo/../../lib/x86_64-linux-gnu/gazebo-11/plugins:/usr/share/gazebo/../../lib/x86_64-linux-gnu/gazebo-11/plugins PYTHONPATH=/home/thilevin/sesasr/SESASR/lab05/build/turtlebot3_perception/prefix_override:/usr/lib/python3/dist-packages/colcon_core/task/python/colcon_distutils_commands:/home/thilevin/sesasr/SESASR/lab05/install/turtlebot3_perception/lib/python3.10/site-packages:/home/thilevin/sesasr/SESASR/lab05/install/landmark_msgs/local/lib/python3.10/dist-packages:${PYTHONPATH} /usr/bin/python3 -W ignore:setup.py install is deprecated setup.py egg_info --egg-base ../../../build/turtlebot3_perception build --build-base /home/thilevin/sesasr/SESASR/lab05/build/turtlebot3_perception/build install --record /home/thilevin/sesasr/SESASR/lab05/build/turtlebot3_perception/install.log --single-version-externally-managed install_data
[1.812s] running egg_info
[1.812s] creating ../../../build/turtlebot3_perception/turtlebot3_perception.egg-info
[1.813s] writing ../../../build/turtlebot3_perception/turtlebot3_perception.egg-info/PKG-INFO
[1.814s] writing dependency_links to ../../../build/turtlebot3_perception/turtlebot3_perception.egg-info/dependency_links.txt
[1.814s] writing entry points to ../../../build/turtlebot3_perception/turtlebot3_perception.egg-info/entry_points.txt
[1.814s] writing requirements to ../../../build/turtlebot3_perception/turtlebot3_perception.egg-info/requires.txt
[1.815s] writing top-level names to ../../../build/turtlebot3_perception/turtlebot3_perception.egg-info/top_level.txt
[1.815s] writing manifest file '../../../build/turtlebot3_perception/turtlebot3_perception.egg-info/SOURCES.txt'
[1.819s] reading manifest file '../../../build/turtlebot3_perception/turtlebot3_perception.egg-info/SOURCES.txt'
[1.820s] adding license file 'LICENSE'
[1.821s] writing manifest file '../../../build/turtlebot3_perception/turtlebot3_perception.egg-info/SOURCES.txt'
[1.821s] running build
[1.821s] running build_py
[1.822s] creating /home/thilevin/sesasr/SESASR/lab05/build/turtlebot3_perception/build
[1.822s] creating /home/thilevin/sesasr/SESASR/lab05/build/turtlebot3_perception/build/lib
[1.822s] creating /home/thilevin/sesasr/SESASR/lab05/build/turtlebot3_perception/build/lib/turtlebot3_perception
[1.823s] copying turtlebot3_perception/landmark_simulator.py -> /home/thilevin/sesasr/SESASR/lab05/build/turtlebot3_perception/build/lib/turtlebot3_perception
[1.823s] copying turtlebot3_perception/laserscan2lines.py -> /home/thilevin/sesasr/SESASR/lab05/build/turtlebot3_perception/build/lib/turtlebot3_perception
[1.823s] copying turtlebot3_perception/detection2landmark.py -> /home/thilevin/sesasr/SESASR/lab05/build/turtlebot3_perception/build/lib/turtlebot3_perception
[1.823s] copying turtlebot3_perception/laserscan2lines_node.py -> /home/thilevin/sesasr/SESASR/lab05/build/turtlebot3_perception/build/lib/turtlebot3_perception
[1.823s] copying turtlebot3_perception/__init__.py -> /home/thilevin/sesasr/SESASR/lab05/build/turtlebot3_perception/build/lib/turtlebot3_perception
[1.824s] running install
[1.824s] running install_lib
[1.825s] creating /home/thilevin/sesasr/SESASR/lab05/install/turtlebot3_perception/lib/python3.10/site-packages/turtlebot3_perception
[1.825s] copying /home/thilevin/sesasr/SESASR/lab05/build/turtlebot3_perception/build/lib/turtlebot3_perception/landmark_simulator.py -> /home/thilevin/sesasr/SESASR/lab05/install/turtlebot3_perception/lib/python3.10/site-packages/turtlebot3_perception
[1.826s] copying /home/thilevin/sesasr/SESASR/lab05/build/turtlebot3_perception/build/lib/turtlebot3_perception/laserscan2lines.py -> /home/thilevin/sesasr/SESASR/lab05/install/turtlebot3_perception/lib/python3.10/site-packages/turtlebot3_perception
[1.826s] copying /home/thilevin/sesasr/SESASR/lab05/build/turtlebot3_perception/build/lib/turtlebot3_perception/detection2landmark.py -> /home/thilevin/sesasr/SESASR/lab05/install/turtlebot3_perception/lib/python3.10/site-packages/turtlebot3_perception
[1.826s] copying /home/thilevin/sesasr/SESASR/lab05/build/turtlebot3_perception/build/lib/turtlebot3_perception/laserscan2lines_node.py -> /home/thilevin/sesasr/SESASR/lab05/install/turtlebot3_perception/lib/python3.10/site-packages/turtlebot3_perception
[1.826s] copying /home/thilevin/sesasr/SESASR/lab05/build/turtlebot3_perception/build/lib/turtlebot3_perception/__init__.py -> /home/thilevin/sesasr/SESASR/lab05/install/turtlebot3_perception/lib/python3.10/site-packages/turtlebot3_perception
[1.827s] byte-compiling /home/thilevin/sesasr/SESASR/lab05/install/turtlebot3_perception/lib/python3.10/site-packages/turtlebot3_perception/landmark_simulator.py to landmark_simulator.cpython-310.pyc
[1.829s] byte-compiling /home/thilevin/sesasr/SESASR/lab05/install/turtlebot3_perception/lib/python3.10/site-packages/turtlebot3_perception/laserscan2lines.py to laserscan2lines.cpython-310.pyc
[1.830s] byte-compiling /home/thilevin/sesasr/SESASR/lab05/install/turtlebot3_perception/lib/python3.10/site-packages/turtlebot3_perception/detection2landmark.py to detection2landmark.cpython-310.pyc
[1.830s] byte-compiling /home/thilevin/sesasr/SESASR/lab05/install/turtlebot3_perception/lib/python3.10/site-packages/turtlebot3_perception/laserscan2lines_node.py to laserscan2lines_node.cpython-310.pyc
[1.831s] byte-compiling /home/thilevin/sesasr/SESASR/lab05/install/turtlebot3_perception/lib/python3.10/site-packages/turtlebot3_perception/__init__.py to __init__.cpython-310.pyc
[1.832s] running install_data
[1.832s] creating /home/thilevin/sesasr/SESASR/lab05/install/turtlebot3_perception/share/ament_index
[1.832s] creating /home/thilevin/sesasr/SESASR/lab05/install/turtlebot3_perception/share/ament_index/resource_index
[1.833s] creating /home/thilevin/sesasr/SESASR/lab05/install/turtlebot3_perception/share/ament_index/resource_index/packages
[1.833s] copying resource/turtlebot3_perception -> /home/thilevin/sesasr/SESASR/lab05/install/turtlebot3_perception/share/ament_index/resource_index/packages
[1.833s] copying package.xml -> /home/thilevin/sesasr/SESASR/lab05/install/turtlebot3_perception/share/turtlebot3_perception
[1.833s] creating /home/thilevin/sesasr/SESASR/lab05/install/turtlebot3_perception/share/turtlebot3_perception/launch
[1.834s] copying launch/camera.launch.py -> /home/thilevin/sesasr/SESASR/lab05/install/turtlebot3_perception/share/turtlebot3_perception/launch
[1.834s] copying launch/apriltag.launch.py -> /home/thilevin/sesasr/SESASR/lab05/install/turtlebot3_perception/share/turtlebot3_perception/launch
[1.834s] copying launch/rs_launch_composable.launch.py -> /home/thilevin/sesasr/SESASR/lab05/install/turtlebot3_perception/share/turtlebot3_perception/launch
[1.834s] creating /home/thilevin/sesasr/SESASR/lab05/install/turtlebot3_perception/share/turtlebot3_perception/config
[1.835s] copying config/oakd_config.yaml -> /home/thilevin/sesasr/SESASR/lab05/install/turtlebot3_perception/share/turtlebot3_perception/config
[1.835s] copying config/landmarks.yaml -> /home/thilevin/sesasr/SESASR/lab05/install/turtlebot3_perception/share/turtlebot3_perception/config
[1.835s] copying config/default.rviz -> /home/thilevin/sesasr/SESASR/lab05/install/turtlebot3_perception/share/turtlebot3_perception/config
[1.835s] copying config/apriltag.yaml -> /home/thilevin/sesasr/SESASR/lab05/install/turtlebot3_perception/share/turtlebot3_perception/config
[1.835s] running install_egg_info
[1.836s] Copying ../../../build/turtlebot3_perception/turtlebot3_perception.egg-info to /home/thilevin/sesasr/SESASR/lab05/install/turtlebot3_perception/lib/python3.10/site-packages/turtlebot3_perception-0.0.0-py3.10.egg-info
[1.838s] running install_scripts
[1.859s] Installing detection2landmark script to /home/thilevin/sesasr/SESASR/lab05/install/turtlebot3_perception/lib/turtlebot3_perception
[1.859s] Installing landmark_simulator script to /home/thilevin/sesasr/SESASR/lab05/install/turtlebot3_perception/lib/turtlebot3_perception
[1.859s] Installing laserscan2lines script to /home/thilevin/sesasr/SESASR/lab05/install/turtlebot3_perception/lib/turtlebot3_perception
[1.859s] writing list of installed files to '/home/thilevin/sesasr/SESASR/lab05/build/turtlebot3_perception/install.log'
[1.893s] Invoked command in '/home/thilevin/sesasr/SESASR/lab05/src/turtlebot3_perception/turtlebot3_perception' returned '0': AMENT_PREFIX_PATH=/home/thilevin/sesasr/SESASR/lab05/install/landmark_msgs:${AMENT_PREFIX_PATH} CMAKE_PREFIX_PATH=/home/thilevin/sesasr/SESASR/lab05/install/landmark_msgs LD_LIBRARY_PATH=/home/thilevin/sesasr/SESASR/lab05/install/landmark_msgs/lib:/usr/lib/x86_64-linux-gnu/gazebo-11/plugins:/opt/ros/humble/opt/rviz_ogre_vendor/lib:/opt/ros/humble/lib/x86_64-linux-gnu:/opt/ros/humble/lib:/usr/share/gazebo/../../lib/x86_64-linux-gnu/gazebo-11/plugins:/usr/share/gazebo/../../lib/x86_64-linux-gnu/gazebo-11/plugins:/usr/share/gazebo/../../lib/x86_64-linux-gnu/gazebo-11/plugins PYTHONPATH=/home/thilevin/sesasr/SESASR/lab05/build/turtlebot3_perception/prefix_override:/usr/lib/python3/dist-packages/colcon_core/task/python/colcon_distutils_commands:/home/thilevin/sesasr/SESASR/lab05/install/turtlebot3_perception/lib/python3.10/site-packages:/home/thilevin/sesasr/SESASR/lab05/install/landmark_msgs/local/lib/python3.10/dist-packages:${PYTHONPATH} /usr/bin/python3 -W ignore:setup.py install is deprecated setup.py egg_info --egg-base ../../../build/turtlebot3_perception build --build-base /home/thilevin/sesasr/SESASR/lab05/build/turtlebot3_perception/build install --record /home/thilevin/sesasr/SESASR/lab05/build/turtlebot3_perception/install.log --single-version-externally-managed install_data
