running egg_info
writing ../../build/pf_pkg/pf_pkg.egg-info/PKG-INFO
writing dependency_links to ../../build/pf_pkg/pf_pkg.egg-info/dependency_links.txt
writing entry points to ../../build/pf_pkg/pf_pkg.egg-info/entry_points.txt
writing requirements to ../../build/pf_pkg/pf_pkg.egg-info/requires.txt
writing top-level names to ../../build/pf_pkg/pf_pkg.egg-info/top_level.txt
reading manifest file '../../build/pf_pkg/pf_pkg.egg-info/SOURCES.txt'
adding license file 'LICENSE'
writing manifest file '../../build/pf_pkg/pf_pkg.egg-info/SOURCES.txt'
running build
running build_py
copying pf_pkg/probabilistic_models.py -> /home/thilevin/sesasr/SESASR/lab05/build/pf_pkg/build/lib/pf_pkg
running install
running install_lib
copying /home/thilevin/sesasr/SESASR/lab05/build/pf_pkg/build/lib/pf_pkg/probabilistic_models.py -> /home/thilevin/sesasr/SESASR/lab05/install/pf_pkg/lib/python3.10/site-packages/pf_pkg
byte-compiling /home/thilevin/sesasr/SESASR/lab05/install/pf_pkg/lib/python3.10/site-packages/pf_pkg/probabilistic_models.py to probabilistic_models.cpython-310.pyc
running install_data
running install_egg_info
removing '/home/thilevin/sesasr/SESASR/lab05/install/pf_pkg/lib/python3.10/site-packages/pf_pkg-0.0.0-py3.10.egg-info' (and everything under it)
Copying ../../build/pf_pkg/pf_pkg.egg-info to /home/thilevin/sesasr/SESASR/lab05/install/pf_pkg/lib/python3.10/site-packages/pf_pkg-0.0.0-py3.10.egg-info
running install_scripts
Installing pf_node script to /home/thilevin/sesasr/SESASR/lab05/install/pf_pkg/lib/pf_pkg
writing list of installed files to '/home/thilevin/sesasr/SESASR/lab05/build/pf_pkg/install.log'
