[0.373s] Invoking command in '/home/lincunha/lab01/build/turtlesim': CMAKE_PREFIX_PATH=/opt/ros/humble /usr/bin/cmake /home/lincunha/lab01/src/ros_tutorials/turtlesim -DCMAKE_INSTALL_PREFIX=/home/lincunha/lab01/install/turtlesim
[0.676s] -- The C compiler identification is GNU 11.4.0
[1.260s] -- The CXX compiler identification is GNU 11.4.0
[1.616s] -- Detecting C compiler ABI info
[1.815s] -- Detecting C compiler ABI info - done
[1.827s] -- Check for working C compiler: /usr/bin/cc - skipped
[1.828s] -- Detecting C compile features
[1.830s] -- Detecting C compile features - done
[1.836s] -- Detecting CXX compiler ABI info
[2.012s] -- Detecting CXX compiler ABI info - done
[2.027s] -- Check for working CXX compiler: /usr/bin/c++ - skipped
[2.027s] -- Detecting CXX compile features
[2.028s] -- Detecting CXX compile features - done
[2.042s] -- Found ament_cmake: 1.3.10 (/opt/ros/humble/share/ament_cmake/cmake)
[2.250s] -- Found Python3: /usr/bin/python3 (found version "3.10.12") found components: Interpreter 
[2.390s] -- Found ament_index_cpp: 1.4.0 (/opt/ros/humble/share/ament_index_cpp/cmake)
[2.394s] -- Found geometry_msgs: 4.2.4 (/opt/ros/humble/share/geometry_msgs/cmake)
[2.591s] -- Found rosidl_generator_c: 3.1.5 (/opt/ros/humble/share/rosidl_generator_c/cmake)
[2.601s] -- Found rosidl_adapter: 3.1.5 (/opt/ros/humble/share/rosidl_adapter/cmake)
[2.620s] -- Found rosidl_generator_cpp: 3.1.5 (/opt/ros/humble/share/rosidl_generator_cpp/cmake)
[2.647s] -- Using all available rosidl_typesupport_c: rosidl_typesupport_fastrtps_c;rosidl_typesupport_introspection_c
[2.678s] -- Using all available rosidl_typesupport_cpp: rosidl_typesupport_fastrtps_cpp;rosidl_typesupport_introspection_cpp
[2.878s] -- Found rclcpp: 16.0.10 (/opt/ros/humble/share/rclcpp/cmake)
[2.959s] -- Found rmw_implementation_cmake: 6.1.2 (/opt/ros/humble/share/rmw_implementation_cmake/cmake)
[2.968s] -- Found rmw_fastrtps_cpp: 6.2.7 (/opt/ros/humble/share/rmw_fastrtps_cpp/cmake)
[4.510s] -- Found OpenSSL: /usr/lib/x86_64-linux-gnu/libcrypto.so (found version "3.0.2")  
[5.971s] -- Found FastRTPS: /opt/ros/humble/include  
[8.702s] -- Using RMW implementation 'rmw_fastrtps_cpp' as default
[8.723s] -- Looking for pthread.h
[8.890s] -- Looking for pthread.h - found
[8.890s] -- Performing Test CMAKE_HAVE_LIBC_PTHREAD
[9.082s] -- Performing Test CMAKE_HAVE_LIBC_PTHREAD - Success
[9.084s] -- Found Threads: TRUE  
[9.175s] -- Found rclcpp_action: 16.0.10 (/opt/ros/humble/share/rclcpp_action/cmake)
[9.252s] -- Found rosidl_default_generators: 1.2.0 (/opt/ros/humble/share/rosidl_default_generators/cmake)
[9.271s] -- Found std_srvs: 4.2.4 (/opt/ros/humble/share/std_srvs/cmake)
[9.770s] -- Found ament_cmake_ros: 0.10.0 (/opt/ros/humble/share/ament_cmake_ros/cmake)
[10.246s] -- Using all available rosidl_typesupport_c: rosidl_typesupport_fastrtps_c;rosidl_typesupport_introspection_c
[10.445s] -- Using all available rosidl_typesupport_cpp: rosidl_typesupport_fastrtps_cpp;rosidl_typesupport_introspection_cpp
[10.592s] -- Found PythonInterp: /usr/bin/python3 (found suitable version "3.10.12", minimum required is "3.6") 
[10.595s] -- Found python_cmake_module: 0.10.0 (/opt/ros/humble/share/python_cmake_module/cmake)
[10.999s] -- Found PythonLibs: /usr/lib/x86_64-linux-gnu/libpython3.10.so (found suitable version "3.10.12", minimum required is "3.5") 
[10.999s] -- Using PYTHON_EXECUTABLE: /usr/bin/python3
[10.999s] -- Using PYTHON_INCLUDE_DIRS: /usr/include/python3.10
[11.000s] -- Using PYTHON_LIBRARIES: /usr/lib/x86_64-linux-gnu/libpython3.10.so
[11.024s] -- Found PythonExtra: .so  
[11.165s] -- Configuring done
[11.306s] -- Generating done
[11.311s] -- Build files have been written to: /home/lincunha/lab01/build/turtlesim
[11.332s] Invoked command in '/home/lincunha/lab01/build/turtlesim' returned '0': CMAKE_PREFIX_PATH=/opt/ros/humble /usr/bin/cmake /home/lincunha/lab01/src/ros_tutorials/turtlesim -DCMAKE_INSTALL_PREFIX=/home/lincunha/lab01/install/turtlesim
[11.337s] Invoking command in '/home/lincunha/lab01/build/turtlesim': CMAKE_PREFIX_PATH=/opt/ros/humble /usr/bin/cmake --build /home/lincunha/lab01/build/turtlesim -- -j8 -l8
[11.397s] [  1%] [34m[1mGenerating C code for ROS interfaces[0m
[11.412s] [  2%] [34m[1mGenerating C++ code for ROS interfaces[0m
[11.418s] [  2%] Built target ament_cmake_python_copy_turtlesim
[11.850s] running egg_info
[11.852s] creating turtlesim.egg-info
[11.853s] writing turtlesim.egg-info/PKG-INFO
[11.853s] writing dependency_links to turtlesim.egg-info/dependency_links.txt
[11.853s] writing top-level names to turtlesim.egg-info/top_level.txt
[11.854s] writing manifest file 'turtlesim.egg-info/SOURCES.txt'
[11.858s] reading manifest file 'turtlesim.egg-info/SOURCES.txt'
[11.859s] writing manifest file 'turtlesim.egg-info/SOURCES.txt'
[11.907s] [  2%] Built target ament_cmake_python_build_turtlesim_egg
[12.921s] [  2%] Built target turtlesim__cpp
[12.939s] [  3%] [34m[1mGenerating C++ type support dispatch for ROS interfaces[0m
[12.940s] [  4%] [34m[1mGenerating C++ introspection for ROS interfaces[0m
[12.940s] [  5%] [34m[1mGenerating C++ type support for eProsima Fast-RTPS[0m
[13.191s] [  6%] [32mBuilding C object CMakeFiles/turtlesim__rosidl_generator_c.dir/rosidl_generator_c/turtlesim/action/detail/rotate_absolute__functions.c.o[0m
[13.192s] [  7%] [32mBuilding C object CMakeFiles/turtlesim__rosidl_generator_c.dir/rosidl_generator_c/turtlesim/msg/detail/pose__functions.c.o[0m
[13.194s] [  8%] [32mBuilding C object CMakeFiles/turtlesim__rosidl_generator_c.dir/rosidl_generator_c/turtlesim/srv/detail/kill__functions.c.o[0m
[13.207s] [  9%] [32mBuilding C object CMakeFiles/turtlesim__rosidl_generator_c.dir/rosidl_generator_c/turtlesim/msg/detail/color__functions.c.o[0m
[13.217s] [ 10%] [32mBuilding C object CMakeFiles/turtlesim__rosidl_generator_c.dir/rosidl_generator_c/turtlesim/srv/detail/set_pen__functions.c.o[0m
[13.345s] [ 11%] [32mBuilding C object CMakeFiles/turtlesim__rosidl_generator_c.dir/rosidl_generator_c/turtlesim/srv/detail/teleport_absolute__functions.c.o[0m
[13.355s] [ 12%] [32mBuilding C object CMakeFiles/turtlesim__rosidl_generator_c.dir/rosidl_generator_c/turtlesim/srv/detail/spawn__functions.c.o[0m
[13.376s] [ 13%] [32mBuilding C object CMakeFiles/turtlesim__rosidl_generator_c.dir/rosidl_generator_c/turtlesim/srv/detail/teleport_relative__functions.c.o[0m
[13.529s] [ 14%] [32m[1mLinking C shared library libturtlesim__rosidl_generator_c.so[0m
[13.718s] [ 14%] Built target turtlesim__rosidl_generator_c
[13.735s] [ 15%] [34m[1mGenerating C type support for eProsima Fast-RTPS[0m
[13.737s] [ 16%] [34m[1mGenerating C introspection for ROS interfaces[0m
[13.740s] [ 17%] [34m[1mGenerating C type support dispatch for ROS interfaces[0m
[14.306s] [ 18%] [32mBuilding CXX object CMakeFiles/turtlesim__rosidl_typesupport_cpp.dir/rosidl_typesupport_cpp/turtlesim/action/rotate_absolute__type_support.cpp.o[0m
[14.307s] [ 19%] [32mBuilding CXX object CMakeFiles/turtlesim__rosidl_typesupport_cpp.dir/rosidl_typesupport_cpp/turtlesim/msg/pose__type_support.cpp.o[0m
[14.310s] [ 20%] [32mBuilding CXX object CMakeFiles/turtlesim__rosidl_typesupport_cpp.dir/rosidl_typesupport_cpp/turtlesim/msg/color__type_support.cpp.o[0m
[14.962s] [ 21%] [32mBuilding CXX object CMakeFiles/turtlesim__rosidl_typesupport_introspection_cpp.dir/rosidl_typesupport_introspection_cpp/turtlesim/action/detail/rotate_absolute__type_support.cpp.o[0m
[15.158s] [ 22%] [32mBuilding CXX object CMakeFiles/turtlesim__rosidl_typesupport_cpp.dir/rosidl_typesupport_cpp/turtlesim/srv/kill__type_support.cpp.o[0m
[15.162s] [ 23%] [32mBuilding CXX object CMakeFiles/turtlesim__rosidl_typesupport_cpp.dir/rosidl_typesupport_cpp/turtlesim/srv/set_pen__type_support.cpp.o[0m
[15.359s] [ 24%] [32mBuilding CXX object CMakeFiles/turtlesim__rosidl_typesupport_c.dir/rosidl_typesupport_c/turtlesim/action/rotate_absolute__type_support.cpp.o[0m
[15.542s] [ 25%] [32mBuilding CXX object CMakeFiles/turtlesim__rosidl_typesupport_fastrtps_cpp.dir/rosidl_typesupport_fastrtps_cpp/turtlesim/action/detail/dds_fastrtps/rotate_absolute__type_support.cpp.o[0m
[15.546s] [ 26%] [32mBuilding CXX object CMakeFiles/turtlesim__rosidl_typesupport_c.dir/rosidl_typesupport_c/turtlesim/msg/color__type_support.cpp.o[0m
[15.644s] [ 27%] [32mBuilding CXX object CMakeFiles/turtlesim__rosidl_typesupport_fastrtps_cpp.dir/rosidl_typesupport_fastrtps_cpp/turtlesim/msg/detail/dds_fastrtps/color__type_support.cpp.o[0m
[15.715s] [ 28%] [32mBuilding CXX object CMakeFiles/turtlesim__rosidl_typesupport_c.dir/rosidl_typesupport_c/turtlesim/msg/pose__type_support.cpp.o[0m
[15.867s] [ 29%] [32mBuilding CXX object CMakeFiles/turtlesim__rosidl_typesupport_c.dir/rosidl_typesupport_c/turtlesim/srv/kill__type_support.cpp.o[0m
[15.983s] [ 30%] [32mBuilding CXX object CMakeFiles/turtlesim__rosidl_typesupport_cpp.dir/rosidl_typesupport_cpp/turtlesim/srv/spawn__type_support.cpp.o[0m
[15.996s] [ 32%] [32mBuilding CXX object CMakeFiles/turtlesim__rosidl_typesupport_cpp.dir/rosidl_typesupport_cpp/turtlesim/srv/teleport_absolute__type_support.cpp.o[0m
[15.996s] [ 32%] [32mBuilding CXX object CMakeFiles/turtlesim__rosidl_typesupport_c.dir/rosidl_typesupport_c/turtlesim/srv/set_pen__type_support.cpp.o[0m
[16.081s] [ 33%] [32mBuilding CXX object CMakeFiles/turtlesim__rosidl_typesupport_c.dir/rosidl_typesupport_c/turtlesim/srv/spawn__type_support.cpp.o[0m
[16.191s] [ 34%] [32mBuilding C object CMakeFiles/turtlesim__rosidl_typesupport_introspection_c.dir/rosidl_typesupport_introspection_c/turtlesim/action/detail/rotate_absolute__type_support.c.o[0m
[16.243s] [ 35%] [32mBuilding CXX object CMakeFiles/turtlesim__rosidl_typesupport_c.dir/rosidl_typesupport_c/turtlesim/srv/teleport_absolute__type_support.cpp.o[0m
[16.323s] [ 36%] [32mBuilding C object CMakeFiles/turtlesim__rosidl_typesupport_introspection_c.dir/rosidl_typesupport_introspection_c/turtlesim/msg/detail/color__type_support.c.o[0m
[16.347s] [ 37%] [32mBuilding CXX object CMakeFiles/turtlesim__rosidl_typesupport_c.dir/rosidl_typesupport_c/turtlesim/srv/teleport_relative__type_support.cpp.o[0m
[16.402s] [ 38%] [32mBuilding C object CMakeFiles/turtlesim__rosidl_typesupport_introspection_c.dir/rosidl_typesupport_introspection_c/turtlesim/msg/detail/pose__type_support.c.o[0m
[16.469s] [ 39%] [32m[1mLinking CXX shared library libturtlesim__rosidl_typesupport_c.so[0m
[16.481s] [ 40%] [32mBuilding CXX object CMakeFiles/turtlesim__rosidl_typesupport_fastrtps_c.dir/rosidl_typesupport_fastrtps_c/turtlesim/action/detail/rotate_absolute__type_support_c.cpp.o[0m
[16.511s] [ 41%] [32mBuilding C object CMakeFiles/turtlesim__rosidl_typesupport_introspection_c.dir/rosidl_typesupport_introspection_c/turtlesim/srv/detail/kill__type_support.c.o[0m
[16.660s] [ 42%] [32mBuilding C object CMakeFiles/turtlesim__rosidl_typesupport_introspection_c.dir/rosidl_typesupport_introspection_c/turtlesim/srv/detail/set_pen__type_support.c.o[0m
[16.682s] [ 43%] [32mBuilding CXX object CMakeFiles/turtlesim__rosidl_typesupport_introspection_cpp.dir/rosidl_typesupport_introspection_cpp/turtlesim/msg/detail/color__type_support.cpp.o[0m
[16.762s] [ 44%] [32mBuilding C object CMakeFiles/turtlesim__rosidl_typesupport_introspection_c.dir/rosidl_typesupport_introspection_c/turtlesim/srv/detail/spawn__type_support.c.o[0m
[16.833s] [ 45%] [32mBuilding CXX object CMakeFiles/turtlesim__rosidl_typesupport_cpp.dir/rosidl_typesupport_cpp/turtlesim/srv/teleport_relative__type_support.cpp.o[0m
[16.849s] [ 46%] [32mBuilding CXX object CMakeFiles/turtlesim__rosidl_typesupport_fastrtps_cpp.dir/rosidl_typesupport_fastrtps_cpp/turtlesim/msg/detail/dds_fastrtps/pose__type_support.cpp.o[0m
[16.850s] [ 46%] Built target turtlesim__rosidl_typesupport_c
[16.865s] [ 47%] [32mBuilding C object CMakeFiles/turtlesim__rosidl_typesupport_introspection_c.dir/rosidl_typesupport_introspection_c/turtlesim/srv/detail/teleport_absolute__type_support.c.o[0m
[16.890s] [ 48%] [32mBuilding CXX object CMakeFiles/turtlesim__rosidl_typesupport_fastrtps_cpp.dir/rosidl_typesupport_fastrtps_cpp/turtlesim/srv/detail/dds_fastrtps/kill__type_support.cpp.o[0m
[16.909s] [ 49%] [32mBuilding C object CMakeFiles/turtlesim__rosidl_typesupport_introspection_c.dir/rosidl_typesupport_introspection_c/turtlesim/srv/detail/teleport_relative__type_support.c.o[0m
[16.984s] [ 50%] [32mBuilding CXX object CMakeFiles/turtlesim__rosidl_typesupport_fastrtps_cpp.dir/rosidl_typesupport_fastrtps_cpp/turtlesim/srv/detail/dds_fastrtps/set_pen__type_support.cpp.o[0m
[17.064s] [ 51%] [32m[1mLinking C shared library libturtlesim__rosidl_typesupport_introspection_c.so[0m
[17.272s] [ 52%] [32mBuilding CXX object CMakeFiles/turtlesim__rosidl_typesupport_fastrtps_cpp.dir/rosidl_typesupport_fastrtps_cpp/turtlesim/srv/detail/dds_fastrtps/spawn__type_support.cpp.o[0m
[17.452s] [ 52%] Built target turtlesim__rosidl_typesupport_introspection_c
[17.533s] [ 53%] [32mBuilding CXX object CMakeFiles/turtlesim__rosidl_typesupport_fastrtps_cpp.dir/rosidl_typesupport_fastrtps_cpp/turtlesim/srv/detail/dds_fastrtps/teleport_absolute__type_support.cpp.o[0m
[17.596s] [ 54%] [32m[1mLinking CXX shared library libturtlesim__rosidl_typesupport_cpp.so[0m
[17.765s] [ 55%] [32mBuilding CXX object CMakeFiles/turtlesim__rosidl_typesupport_fastrtps_c.dir/rosidl_typesupport_fastrtps_c/turtlesim/msg/detail/color__type_support_c.cpp.o[0m
[17.851s] [ 56%] [32mBuilding CXX object CMakeFiles/turtlesim__rosidl_typesupport_introspection_cpp.dir/rosidl_typesupport_introspection_cpp/turtlesim/msg/detail/pose__type_support.cpp.o[0m
[18.016s] [ 56%] Built target turtlesim__rosidl_typesupport_cpp
[18.038s] [ 57%] [32mBuilding CXX object CMakeFiles/turtlesim__rosidl_typesupport_fastrtps_cpp.dir/rosidl_typesupport_fastrtps_cpp/turtlesim/srv/detail/dds_fastrtps/teleport_relative__type_support.cpp.o[0m
[18.065s] [ 58%] [34m[1mGenerating include/turtlesim/moc_turtle_frame.cpp[0m
[18.239s] [ 59%] [32mBuilding CXX object CMakeFiles/turtle_teleop_key.dir/tutorials/teleop_turtle_key.cpp.o[0m
[18.294s] [ 60%] [32mBuilding CXX object CMakeFiles/turtlesim_node.dir/src/turtlesim.cpp.o[0m
[18.537s] [ 61%] [32mBuilding CXX object CMakeFiles/turtlesim_node.dir/src/turtle.cpp.o[0m
[18.560s] [ 62%] [32mBuilding CXX object CMakeFiles/draw_square.dir/tutorials/draw_square.cpp.o[0m
[18.889s] [ 63%] [32mBuilding CXX object CMakeFiles/turtlesim_node.dir/src/turtle_frame.cpp.o[0m
[18.990s] [ 64%] [32mBuilding CXX object CMakeFiles/turtlesim__rosidl_typesupport_fastrtps_c.dir/rosidl_typesupport_fastrtps_c/turtlesim/msg/detail/pose__type_support_c.cpp.o[0m
[19.030s] [ 65%] [32mBuilding CXX object CMakeFiles/turtlesim__rosidl_typesupport_introspection_cpp.dir/rosidl_typesupport_introspection_cpp/turtlesim/srv/detail/kill__type_support.cpp.o[0m
[19.304s] [ 66%] [32m[1mLinking CXX shared library libturtlesim__rosidl_typesupport_fastrtps_cpp.so[0m
[19.880s] [ 66%] Built target turtlesim__rosidl_typesupport_fastrtps_cpp
[20.094s] [ 67%] [32mBuilding CXX object CMakeFiles/mimic.dir/tutorials/mimic.cpp.o[0m
[20.122s] [ 68%] [32mBuilding CXX object CMakeFiles/turtlesim__rosidl_typesupport_fastrtps_c.dir/rosidl_typesupport_fastrtps_c/turtlesim/srv/detail/kill__type_support_c.cpp.o[0m
[20.577s] [ 69%] [32mBuilding CXX object CMakeFiles/turtlesim__rosidl_typesupport_introspection_cpp.dir/rosidl_typesupport_introspection_cpp/turtlesim/srv/detail/set_pen__type_support.cpp.o[0m
[21.431s] [ 70%] [32mBuilding CXX object CMakeFiles/turtlesim__rosidl_typesupport_fastrtps_c.dir/rosidl_typesupport_fastrtps_c/turtlesim/srv/detail/set_pen__type_support_c.cpp.o[0m
[22.211s] [ 71%] [32mBuilding CXX object CMakeFiles/turtlesim__rosidl_typesupport_introspection_cpp.dir/rosidl_typesupport_introspection_cpp/turtlesim/srv/detail/spawn__type_support.cpp.o[0m
[22.747s] [ 72%] [32mBuilding CXX object CMakeFiles/turtlesim__rosidl_typesupport_fastrtps_c.dir/rosidl_typesupport_fastrtps_c/turtlesim/srv/detail/spawn__type_support_c.cpp.o[0m
[23.457s] [ 73%] [32mBuilding CXX object CMakeFiles/turtlesim__rosidl_typesupport_introspection_cpp.dir/rosidl_typesupport_introspection_cpp/turtlesim/srv/detail/teleport_absolute__type_support.cpp.o[0m
[24.048s] [ 74%] [32mBuilding CXX object CMakeFiles/turtlesim__rosidl_typesupport_fastrtps_c.dir/rosidl_typesupport_fastrtps_c/turtlesim/srv/detail/teleport_absolute__type_support_c.cpp.o[0m
[24.964s] [ 75%] [32mBuilding CXX object CMakeFiles/turtlesim__rosidl_typesupport_introspection_cpp.dir/rosidl_typesupport_introspection_cpp/turtlesim/srv/detail/teleport_relative__type_support.cpp.o[0m
[25.288s] [ 76%] [32mBuilding CXX object CMakeFiles/turtlesim__rosidl_typesupport_fastrtps_c.dir/rosidl_typesupport_fastrtps_c/turtlesim/srv/detail/teleport_relative__type_support_c.cpp.o[0m
[26.376s] [ 77%] [32m[1mLinking CXX shared library libturtlesim__rosidl_typesupport_introspection_cpp.so[0m
[26.470s] [ 78%] [32m[1mLinking CXX shared library libturtlesim__rosidl_typesupport_fastrtps_c.so[0m
[26.920s] [ 78%] Built target turtlesim__rosidl_typesupport_introspection_cpp
[26.941s] [ 78%] Built target turtlesim__rosidl_typesupport_fastrtps_c
[26.970s] [ 79%] [32mBuilding CXX object CMakeFiles/turtlesim_node.dir/include/turtlesim/moc_turtle_frame.cpp.o[0m
[27.002s] [ 79%] Built target turtlesim
[27.049s] [ 80%] [34m[1mGenerating Python code for ROS interfaces[0m
[35.660s] [ 80%] Built target turtlesim__py
[35.735s] [ 81%] [32mBuilding C object CMakeFiles/turtlesim__rosidl_generator_py.dir/rosidl_generator_py/turtlesim/msg/_color_s.c.o[0m
[35.752s] [ 82%] [32mBuilding C object CMakeFiles/turtlesim__rosidl_generator_py.dir/rosidl_generator_py/turtlesim/action/_rotate_absolute_s.c.o[0m
[36.239s] [ 83%] [32mBuilding C object CMakeFiles/turtlesim__rosidl_generator_py.dir/rosidl_generator_py/turtlesim/msg/_pose_s.c.o[0m
[36.319s] [ 84%] [32mBuilding C object CMakeFiles/turtlesim__rosidl_generator_py.dir/rosidl_generator_py/turtlesim/srv/_kill_s.c.o[0m
[36.715s] [ 85%] [32mBuilding C object CMakeFiles/turtlesim__rosidl_generator_py.dir/rosidl_generator_py/turtlesim/srv/_set_pen_s.c.o[0m
[36.971s] [ 86%] [32mBuilding C object CMakeFiles/turtlesim__rosidl_generator_py.dir/rosidl_generator_py/turtlesim/srv/_spawn_s.c.o[0m
[37.070s] [ 87%] [32mBuilding C object CMakeFiles/turtlesim__rosidl_generator_py.dir/rosidl_generator_py/turtlesim/srv/_teleport_absolute_s.c.o[0m
[37.437s] [ 88%] [32mBuilding C object CMakeFiles/turtlesim__rosidl_generator_py.dir/rosidl_generator_py/turtlesim/srv/_teleport_relative_s.c.o[0m
[37.969s] [ 89%] [32m[1mLinking C shared library rosidl_generator_py/turtlesim/libturtlesim__rosidl_generator_py.so[0m
[38.387s] [ 89%] Built target turtlesim__rosidl_generator_py
[38.457s] [ 90%] [32mBuilding C object CMakeFiles/turtlesim__rosidl_typesupport_introspection_c__pyext.dir/rosidl_generator_py/turtlesim/_turtlesim_s.ep.rosidl_typesupport_introspection_c.c.o[0m
[38.507s] [ 91%] [32mBuilding C object CMakeFiles/turtlesim__rosidl_typesupport_fastrtps_c__pyext.dir/rosidl_generator_py/turtlesim/_turtlesim_s.ep.rosidl_typesupport_fastrtps_c.c.o[0m
[39.038s] [ 92%] [32m[1mLinking C shared library rosidl_generator_py/turtlesim/turtlesim_s__rosidl_typesupport_introspection_c.cpython-310-x86_64-linux-gnu.so[0m
[39.135s] [ 93%] [32m[1mLinking C shared library rosidl_generator_py/turtlesim/turtlesim_s__rosidl_typesupport_fastrtps_c.cpython-310-x86_64-linux-gnu.so[0m
[39.437s] [ 93%] Built target turtlesim__rosidl_typesupport_introspection_c__pyext
[39.456s] [ 93%] Built target turtlesim__rosidl_typesupport_fastrtps_c__pyext
[39.520s] [ 94%] [32mBuilding C object CMakeFiles/turtlesim__rosidl_typesupport_c__pyext.dir/rosidl_generator_py/turtlesim/_turtlesim_s.ep.rosidl_typesupport_c.c.o[0m
[39.982s] [ 95%] [32m[1mLinking C shared library rosidl_generator_py/turtlesim/turtlesim_s__rosidl_typesupport_c.cpython-310-x86_64-linux-gnu.so[0m
[40.379s] [ 95%] Built target turtlesim__rosidl_typesupport_c__pyext
[41.669s] [ 96%] [32m[1mLinking CXX executable turtle_teleop_key[0m
[42.787s] [ 96%] Built target turtle_teleop_key
[49.223s] [ 97%] [32m[1mLinking CXX executable mimic[0m
[49.528s] [ 98%] [32m[1mLinking CXX executable draw_square[0m
[50.626s] [ 98%] Built target mimic
[51.018s] [ 98%] Built target draw_square
[56.348s] [100%] [32m[1mLinking CXX executable turtlesim_node[0m
[60.375s] [100%] Built target turtlesim_node
[60.395s] Invoked command in '/home/lincunha/lab01/build/turtlesim' returned '0': CMAKE_PREFIX_PATH=/opt/ros/humble /usr/bin/cmake --build /home/lincunha/lab01/build/turtlesim -- -j8 -l8
[60.753s] Invoking command in '/home/lincunha/lab01/build/turtlesim': CMAKE_PREFIX_PATH=/opt/ros/humble /usr/bin/cmake --install /home/lincunha/lab01/build/turtlesim
[60.765s] -- Install configuration: ""
[60.768s] -- Installing: /home/lincunha/lab01/install/turtlesim/share/ament_index/resource_index/rosidl_interfaces/turtlesim
[60.768s] -- Installing: /home/lincunha/lab01/install/turtlesim/include/turtlesim/turtlesim
[60.769s] -- Installing: /home/lincunha/lab01/install/turtlesim/include/turtlesim/turtlesim/action
[60.770s] -- Installing: /home/lincunha/lab01/install/turtlesim/include/turtlesim/turtlesim/action/detail
[60.771s] -- Installing: /home/lincunha/lab01/install/turtlesim/include/turtlesim/turtlesim/action/detail/rotate_absolute__functions.h
[60.771s] -- Installing: /home/lincunha/lab01/install/turtlesim/include/turtlesim/turtlesim/action/detail/rotate_absolute__struct.h
[60.772s] -- Installing: /home/lincunha/lab01/install/turtlesim/include/turtlesim/turtlesim/action/detail/rotate_absolute__functions.c
[60.772s] -- Installing: /home/lincunha/lab01/install/turtlesim/include/turtlesim/turtlesim/action/detail/rotate_absolute__type_support.h
[60.773s] -- Installing: /home/lincunha/lab01/install/turtlesim/include/turtlesim/turtlesim/action/rotate_absolute.h
[60.774s] -- Installing: /home/lincunha/lab01/install/turtlesim/include/turtlesim/turtlesim/srv
[60.774s] -- Installing: /home/lincunha/lab01/install/turtlesim/include/turtlesim/turtlesim/srv/teleport_relative.h
[60.775s] -- Installing: /home/lincunha/lab01/install/turtlesim/include/turtlesim/turtlesim/srv/detail
[60.775s] -- Installing: /home/lincunha/lab01/install/turtlesim/include/turtlesim/turtlesim/srv/detail/set_pen__functions.h
[60.775s] -- Installing: /home/lincunha/lab01/install/turtlesim/include/turtlesim/turtlesim/srv/detail/set_pen__type_support.h
[60.776s] -- Installing: /home/lincunha/lab01/install/turtlesim/include/turtlesim/turtlesim/srv/detail/kill__functions.c
[60.777s] -- Installing: /home/lincunha/lab01/install/turtlesim/include/turtlesim/turtlesim/srv/detail/teleport_relative__type_support.h
[60.777s] -- Installing: /home/lincunha/lab01/install/turtlesim/include/turtlesim/turtlesim/srv/detail/kill__functions.h
[60.777s] -- Installing: /home/lincunha/lab01/install/turtlesim/include/turtlesim/turtlesim/srv/detail/spawn__functions.c
[60.777s] -- Installing: /home/lincunha/lab01/install/turtlesim/include/turtlesim/turtlesim/srv/detail/set_pen__functions.c
[60.778s] -- Installing: /home/lincunha/lab01/install/turtlesim/include/turtlesim/turtlesim/srv/detail/teleport_relative__struct.h
[60.778s] -- Installing: /home/lincunha/lab01/install/turtlesim/include/turtlesim/turtlesim/srv/detail/spawn__struct.h
[60.779s] -- Installing: /home/lincunha/lab01/install/turtlesim/include/turtlesim/turtlesim/srv/detail/teleport_absolute__type_support.h
[60.779s] -- Installing: /home/lincunha/lab01/install/turtlesim/include/turtlesim/turtlesim/srv/detail/teleport_absolute__functions.h
[60.779s] -- Installing: /home/lincunha/lab01/install/turtlesim/include/turtlesim/turtlesim/srv/detail/teleport_relative__functions.h
[60.780s] -- Installing: /home/lincunha/lab01/install/turtlesim/include/turtlesim/turtlesim/srv/detail/spawn__type_support.h
[60.780s] -- Installing: /home/lincunha/lab01/install/turtlesim/include/turtlesim/turtlesim/srv/detail/kill__type_support.h
[60.780s] -- Installing: /home/lincunha/lab01/install/turtlesim/include/turtlesim/turtlesim/srv/detail/set_pen__struct.h
[60.781s] -- Installing: /home/lincunha/lab01/install/turtlesim/include/turtlesim/turtlesim/srv/detail/teleport_absolute__functions.c
[60.781s] -- Installing: /home/lincunha/lab01/install/turtlesim/include/turtlesim/turtlesim/srv/detail/teleport_relative__functions.c
[60.782s] -- Installing: /home/lincunha/lab01/install/turtlesim/include/turtlesim/turtlesim/srv/detail/kill__struct.h
[60.783s] -- Installing: /home/lincunha/lab01/install/turtlesim/include/turtlesim/turtlesim/srv/detail/spawn__functions.h
[60.784s] -- Installing: /home/lincunha/lab01/install/turtlesim/include/turtlesim/turtlesim/srv/detail/teleport_absolute__struct.h
[60.784s] -- Installing: /home/lincunha/lab01/install/turtlesim/include/turtlesim/turtlesim/srv/kill.h
[60.785s] -- Installing: /home/lincunha/lab01/install/turtlesim/include/turtlesim/turtlesim/srv/spawn.h
[60.785s] -- Installing: /home/lincunha/lab01/install/turtlesim/include/turtlesim/turtlesim/srv/teleport_absolute.h
[60.785s] -- Installing: /home/lincunha/lab01/install/turtlesim/include/turtlesim/turtlesim/srv/set_pen.h
[60.786s] -- Installing: /home/lincunha/lab01/install/turtlesim/include/turtlesim/turtlesim/msg
[60.786s] -- Installing: /home/lincunha/lab01/install/turtlesim/include/turtlesim/turtlesim/msg/color.h
[60.786s] -- Installing: /home/lincunha/lab01/install/turtlesim/include/turtlesim/turtlesim/msg/rosidl_generator_c__visibility_control.h
[60.786s] -- Installing: /home/lincunha/lab01/install/turtlesim/include/turtlesim/turtlesim/msg/detail
[60.786s] -- Installing: /home/lincunha/lab01/install/turtlesim/include/turtlesim/turtlesim/msg/detail/color__struct.h
[60.787s] -- Installing: /home/lincunha/lab01/install/turtlesim/include/turtlesim/turtlesim/msg/detail/color__type_support.h
[60.787s] -- Installing: /home/lincunha/lab01/install/turtlesim/include/turtlesim/turtlesim/msg/detail/color__functions.c
[60.787s] -- Installing: /home/lincunha/lab01/install/turtlesim/include/turtlesim/turtlesim/msg/detail/color__functions.h
[60.787s] -- Installing: /home/lincunha/lab01/install/turtlesim/include/turtlesim/turtlesim/msg/detail/pose__struct.h
[60.788s] -- Installing: /home/lincunha/lab01/install/turtlesim/include/turtlesim/turtlesim/msg/detail/pose__functions.h
[60.788s] -- Installing: /home/lincunha/lab01/install/turtlesim/include/turtlesim/turtlesim/msg/detail/pose__type_support.h
[60.788s] -- Installing: /home/lincunha/lab01/install/turtlesim/include/turtlesim/turtlesim/msg/detail/pose__functions.c
[60.788s] -- Installing: /home/lincunha/lab01/install/turtlesim/include/turtlesim/turtlesim/msg/pose.h
[60.789s] -- Installing: /home/lincunha/lab01/install/turtlesim/share/turtlesim/environment/library_path.sh
[60.789s] -- Installing: /home/lincunha/lab01/install/turtlesim/share/turtlesim/environment/library_path.dsv
[60.789s] -- Installing: /home/lincunha/lab01/install/turtlesim/lib/libturtlesim__rosidl_generator_c.so
[60.790s] -- Set runtime path of "/home/lincunha/lab01/install/turtlesim/lib/libturtlesim__rosidl_generator_c.so" to ""
[60.790s] -- Up-to-date: /home/lincunha/lab01/install/turtlesim/include/turtlesim/turtlesim
[60.790s] -- Up-to-date: /home/lincunha/lab01/install/turtlesim/include/turtlesim/turtlesim/action
[60.791s] -- Up-to-date: /home/lincunha/lab01/install/turtlesim/include/turtlesim/turtlesim/action/detail
[60.791s] -- Installing: /home/lincunha/lab01/install/turtlesim/include/turtlesim/turtlesim/action/detail/rotate_absolute__rosidl_typesupport_fastrtps_c.h
[60.791s] -- Up-to-date: /home/lincunha/lab01/install/turtlesim/include/turtlesim/turtlesim/srv
[60.792s] -- Up-to-date: /home/lincunha/lab01/install/turtlesim/include/turtlesim/turtlesim/srv/detail
[60.792s] -- Installing: /home/lincunha/lab01/install/turtlesim/include/turtlesim/turtlesim/srv/detail/teleport_relative__rosidl_typesupport_fastrtps_c.h
[60.792s] -- Installing: /home/lincunha/lab01/install/turtlesim/include/turtlesim/turtlesim/srv/detail/kill__rosidl_typesupport_fastrtps_c.h
[60.793s] -- Installing: /home/lincunha/lab01/install/turtlesim/include/turtlesim/turtlesim/srv/detail/spawn__rosidl_typesupport_fastrtps_c.h
[60.793s] -- Installing: /home/lincunha/lab01/install/turtlesim/include/turtlesim/turtlesim/srv/detail/teleport_absolute__rosidl_typesupport_fastrtps_c.h
[60.793s] -- Installing: /home/lincunha/lab01/install/turtlesim/include/turtlesim/turtlesim/srv/detail/set_pen__rosidl_typesupport_fastrtps_c.h
[60.793s] -- Up-to-date: /home/lincunha/lab01/install/turtlesim/include/turtlesim/turtlesim/msg
[60.794s] -- Up-to-date: /home/lincunha/lab01/install/turtlesim/include/turtlesim/turtlesim/msg/detail
[60.794s] -- Installing: /home/lincunha/lab01/install/turtlesim/include/turtlesim/turtlesim/msg/detail/pose__rosidl_typesupport_fastrtps_c.h
[60.794s] -- Installing: /home/lincunha/lab01/install/turtlesim/include/turtlesim/turtlesim/msg/detail/color__rosidl_typesupport_fastrtps_c.h
[60.794s] -- Installing: /home/lincunha/lab01/install/turtlesim/include/turtlesim/turtlesim/msg/rosidl_typesupport_fastrtps_c__visibility_control.h
[60.795s] -- Installing: /home/lincunha/lab01/install/turtlesim/lib/libturtlesim__rosidl_typesupport_fastrtps_c.so
[60.795s] -- Set runtime path of "/home/lincunha/lab01/install/turtlesim/lib/libturtlesim__rosidl_typesupport_fastrtps_c.so" to ""
[60.795s] -- Up-to-date: /home/lincunha/lab01/install/turtlesim/include/turtlesim/turtlesim
[60.795s] -- Up-to-date: /home/lincunha/lab01/install/turtlesim/include/turtlesim/turtlesim/action
[60.796s] -- Up-to-date: /home/lincunha/lab01/install/turtlesim/include/turtlesim/turtlesim/action/detail
[60.796s] -- Installing: /home/lincunha/lab01/install/turtlesim/include/turtlesim/turtlesim/action/detail/rotate_absolute__traits.hpp
[60.796s] -- Installing: /home/lincunha/lab01/install/turtlesim/include/turtlesim/turtlesim/action/detail/rotate_absolute__builder.hpp
[60.797s] -- Installing: /home/lincunha/lab01/install/turtlesim/include/turtlesim/turtlesim/action/detail/rotate_absolute__struct.hpp
[60.797s] -- Installing: /home/lincunha/lab01/install/turtlesim/include/turtlesim/turtlesim/action/rotate_absolute.hpp
[60.797s] -- Up-to-date: /home/lincunha/lab01/install/turtlesim/include/turtlesim/turtlesim/srv
[60.798s] -- Up-to-date: /home/lincunha/lab01/install/turtlesim/include/turtlesim/turtlesim/srv/detail
[60.798s] -- Installing: /home/lincunha/lab01/install/turtlesim/include/turtlesim/turtlesim/srv/detail/kill__traits.hpp
[60.798s] -- Installing: /home/lincunha/lab01/install/turtlesim/include/turtlesim/turtlesim/srv/detail/set_pen__traits.hpp
[60.799s] -- Installing: /home/lincunha/lab01/install/turtlesim/include/turtlesim/turtlesim/srv/detail/teleport_absolute__builder.hpp
[60.799s] -- Installing: /home/lincunha/lab01/install/turtlesim/include/turtlesim/turtlesim/srv/detail/kill__builder.hpp
[60.800s] -- Installing: /home/lincunha/lab01/install/turtlesim/include/turtlesim/turtlesim/srv/detail/set_pen__struct.hpp
[60.800s] -- Installing: /home/lincunha/lab01/install/turtlesim/include/turtlesim/turtlesim/srv/detail/teleport_relative__struct.hpp
[60.801s] -- Installing: /home/lincunha/lab01/install/turtlesim/include/turtlesim/turtlesim/srv/detail/spawn__builder.hpp
[60.801s] -- Installing: /home/lincunha/lab01/install/turtlesim/include/turtlesim/turtlesim/srv/detail/spawn__traits.hpp
[60.802s] -- Installing: /home/lincunha/lab01/install/turtlesim/include/turtlesim/turtlesim/srv/detail/spawn__struct.hpp
[60.802s] -- Installing: /home/lincunha/lab01/install/turtlesim/include/turtlesim/turtlesim/srv/detail/kill__struct.hpp
[60.803s] -- Installing: /home/lincunha/lab01/install/turtlesim/include/turtlesim/turtlesim/srv/detail/teleport_absolute__struct.hpp
[60.803s] -- Installing: /home/lincunha/lab01/install/turtlesim/include/turtlesim/turtlesim/srv/detail/teleport_relative__builder.hpp
[60.803s] -- Installing: /home/lincunha/lab01/install/turtlesim/include/turtlesim/turtlesim/srv/detail/teleport_relative__traits.hpp
[60.804s] -- Installing: /home/lincunha/lab01/install/turtlesim/include/turtlesim/turtlesim/srv/detail/set_pen__builder.hpp
[60.804s] -- Installing: /home/lincunha/lab01/install/turtlesim/include/turtlesim/turtlesim/srv/detail/teleport_absolute__traits.hpp
[60.804s] -- Installing: /home/lincunha/lab01/install/turtlesim/include/turtlesim/turtlesim/srv/teleport_relative.hpp
[60.805s] -- Installing: /home/lincunha/lab01/install/turtlesim/include/turtlesim/turtlesim/srv/spawn.hpp
[60.805s] -- Installing: /home/lincunha/lab01/install/turtlesim/include/turtlesim/turtlesim/srv/set_pen.hpp
[60.806s] -- Installing: /home/lincunha/lab01/install/turtlesim/include/turtlesim/turtlesim/srv/kill.hpp
[60.806s] -- Installing: /home/lincunha/lab01/install/turtlesim/include/turtlesim/turtlesim/srv/teleport_absolute.hpp
[60.806s] -- Up-to-date: /home/lincunha/lab01/install/turtlesim/include/turtlesim/turtlesim/msg
[60.806s] -- Up-to-date: /home/lincunha/lab01/install/turtlesim/include/turtlesim/turtlesim/msg/detail
[60.807s] -- Installing: /home/lincunha/lab01/install/turtlesim/include/turtlesim/turtlesim/msg/detail/pose__builder.hpp
[60.807s] -- Installing: /home/lincunha/lab01/install/turtlesim/include/turtlesim/turtlesim/msg/detail/color__builder.hpp
[60.807s] -- Installing: /home/lincunha/lab01/install/turtlesim/include/turtlesim/turtlesim/msg/detail/pose__traits.hpp
[60.808s] -- Installing: /home/lincunha/lab01/install/turtlesim/include/turtlesim/turtlesim/msg/detail/color__struct.hpp
[60.808s] -- Installing: /home/lincunha/lab01/install/turtlesim/include/turtlesim/turtlesim/msg/detail/pose__struct.hpp
[60.808s] -- Installing: /home/lincunha/lab01/install/turtlesim/include/turtlesim/turtlesim/msg/detail/color__traits.hpp
[60.809s] -- Installing: /home/lincunha/lab01/install/turtlesim/include/turtlesim/turtlesim/msg/color.hpp
[60.809s] -- Installing: /home/lincunha/lab01/install/turtlesim/include/turtlesim/turtlesim/msg/pose.hpp
[60.809s] -- Up-to-date: /home/lincunha/lab01/install/turtlesim/include/turtlesim/turtlesim
[60.810s] -- Up-to-date: /home/lincunha/lab01/install/turtlesim/include/turtlesim/turtlesim/action
[60.810s] -- Up-to-date: /home/lincunha/lab01/install/turtlesim/include/turtlesim/turtlesim/action/detail
[60.811s] -- Installing: /home/lincunha/lab01/install/turtlesim/include/turtlesim/turtlesim/action/detail/dds_fastrtps
[60.811s] -- Installing: /home/lincunha/lab01/install/turtlesim/include/turtlesim/turtlesim/action/detail/rotate_absolute__rosidl_typesupport_fastrtps_cpp.hpp
[60.811s] -- Up-to-date: /home/lincunha/lab01/install/turtlesim/include/turtlesim/turtlesim/srv
[60.812s] -- Up-to-date: /home/lincunha/lab01/install/turtlesim/include/turtlesim/turtlesim/srv/detail
[60.812s] -- Installing: /home/lincunha/lab01/install/turtlesim/include/turtlesim/turtlesim/srv/detail/teleport_absolute__rosidl_typesupport_fastrtps_cpp.hpp
[60.812s] -- Installing: /home/lincunha/lab01/install/turtlesim/include/turtlesim/turtlesim/srv/detail/kill__rosidl_typesupport_fastrtps_cpp.hpp
[60.813s] -- Installing: /home/lincunha/lab01/install/turtlesim/include/turtlesim/turtlesim/srv/detail/teleport_relative__rosidl_typesupport_fastrtps_cpp.hpp
[60.813s] -- Installing: /home/lincunha/lab01/install/turtlesim/include/turtlesim/turtlesim/srv/detail/dds_fastrtps
[60.814s] -- Installing: /home/lincunha/lab01/install/turtlesim/include/turtlesim/turtlesim/srv/detail/set_pen__rosidl_typesupport_fastrtps_cpp.hpp
[60.814s] -- Installing: /home/lincunha/lab01/install/turtlesim/include/turtlesim/turtlesim/srv/detail/spawn__rosidl_typesupport_fastrtps_cpp.hpp
[60.814s] -- Up-to-date: /home/lincunha/lab01/install/turtlesim/include/turtlesim/turtlesim/msg
[60.815s] -- Up-to-date: /home/lincunha/lab01/install/turtlesim/include/turtlesim/turtlesim/msg/detail
[60.815s] -- Installing: /home/lincunha/lab01/install/turtlesim/include/turtlesim/turtlesim/msg/detail/pose__rosidl_typesupport_fastrtps_cpp.hpp
[60.815s] -- Installing: /home/lincunha/lab01/install/turtlesim/include/turtlesim/turtlesim/msg/detail/color__rosidl_typesupport_fastrtps_cpp.hpp
[60.816s] -- Installing: /home/lincunha/lab01/install/turtlesim/include/turtlesim/turtlesim/msg/detail/dds_fastrtps
[60.816s] -- Installing: /home/lincunha/lab01/install/turtlesim/include/turtlesim/turtlesim/msg/rosidl_typesupport_fastrtps_cpp__visibility_control.h
[60.816s] -- Installing: /home/lincunha/lab01/install/turtlesim/lib/libturtlesim__rosidl_typesupport_fastrtps_cpp.so
[60.817s] -- Set runtime path of "/home/lincunha/lab01/install/turtlesim/lib/libturtlesim__rosidl_typesupport_fastrtps_cpp.so" to ""
[60.817s] -- Up-to-date: /home/lincunha/lab01/install/turtlesim/include/turtlesim/turtlesim
[60.818s] -- Up-to-date: /home/lincunha/lab01/install/turtlesim/include/turtlesim/turtlesim/action
[60.819s] -- Up-to-date: /home/lincunha/lab01/install/turtlesim/include/turtlesim/turtlesim/action/detail
[60.819s] -- Installing: /home/lincunha/lab01/install/turtlesim/include/turtlesim/turtlesim/action/detail/rotate_absolute__type_support.c
[60.819s] -- Installing: /home/lincunha/lab01/install/turtlesim/include/turtlesim/turtlesim/action/detail/rotate_absolute__rosidl_typesupport_introspection_c.h
[60.819s] -- Up-to-date: /home/lincunha/lab01/install/turtlesim/include/turtlesim/turtlesim/srv
[60.820s] -- Up-to-date: /home/lincunha/lab01/install/turtlesim/include/turtlesim/turtlesim/srv/detail
[60.820s] -- Installing: /home/lincunha/lab01/install/turtlesim/include/turtlesim/turtlesim/srv/detail/teleport_absolute__rosidl_typesupport_introspection_c.h
[60.821s] -- Installing: /home/lincunha/lab01/install/turtlesim/include/turtlesim/turtlesim/srv/detail/kill__rosidl_typesupport_introspection_c.h
[60.821s] -- Installing: /home/lincunha/lab01/install/turtlesim/include/turtlesim/turtlesim/srv/detail/spawn__type_support.c
[60.821s] -- Installing: /home/lincunha/lab01/install/turtlesim/include/turtlesim/turtlesim/srv/detail/set_pen__type_support.c
[60.822s] -- Installing: /home/lincunha/lab01/install/turtlesim/include/turtlesim/turtlesim/srv/detail/spawn__rosidl_typesupport_introspection_c.h
[60.822s] -- Installing: /home/lincunha/lab01/install/turtlesim/include/turtlesim/turtlesim/srv/detail/teleport_absolute__type_support.c
[60.822s] -- Installing: /home/lincunha/lab01/install/turtlesim/include/turtlesim/turtlesim/srv/detail/teleport_relative__type_support.c
[60.822s] -- Installing: /home/lincunha/lab01/install/turtlesim/include/turtlesim/turtlesim/srv/detail/kill__type_support.c
[60.823s] -- Installing: /home/lincunha/lab01/install/turtlesim/include/turtlesim/turtlesim/srv/detail/teleport_relative__rosidl_typesupport_introspection_c.h
[60.823s] -- Installing: /home/lincunha/lab01/install/turtlesim/include/turtlesim/turtlesim/srv/detail/set_pen__rosidl_typesupport_introspection_c.h
[60.823s] -- Up-to-date: /home/lincunha/lab01/install/turtlesim/include/turtlesim/turtlesim/msg
[60.823s] -- Up-to-date: /home/lincunha/lab01/install/turtlesim/include/turtlesim/turtlesim/msg/detail
[60.824s] -- Installing: /home/lincunha/lab01/install/turtlesim/include/turtlesim/turtlesim/msg/detail/color__type_support.c
[60.824s] -- Installing: /home/lincunha/lab01/install/turtlesim/include/turtlesim/turtlesim/msg/detail/color__rosidl_typesupport_introspection_c.h
[60.824s] -- Installing: /home/lincunha/lab01/install/turtlesim/include/turtlesim/turtlesim/msg/detail/pose__type_support.c
[60.825s] -- Installing: /home/lincunha/lab01/install/turtlesim/include/turtlesim/turtlesim/msg/detail/pose__rosidl_typesupport_introspection_c.h
[60.825s] -- Installing: /home/lincunha/lab01/install/turtlesim/include/turtlesim/turtlesim/msg/rosidl_typesupport_introspection_c__visibility_control.h
[60.825s] -- Installing: /home/lincunha/lab01/install/turtlesim/lib/libturtlesim__rosidl_typesupport_introspection_c.so
[60.826s] -- Set runtime path of "/home/lincunha/lab01/install/turtlesim/lib/libturtlesim__rosidl_typesupport_introspection_c.so" to ""
[60.826s] -- Installing: /home/lincunha/lab01/install/turtlesim/lib/libturtlesim__rosidl_typesupport_c.so
[60.826s] -- Set runtime path of "/home/lincunha/lab01/install/turtlesim/lib/libturtlesim__rosidl_typesupport_c.so" to ""
[60.827s] -- Up-to-date: /home/lincunha/lab01/install/turtlesim/include/turtlesim/turtlesim
[60.827s] -- Up-to-date: /home/lincunha/lab01/install/turtlesim/include/turtlesim/turtlesim/action
[60.827s] -- Up-to-date: /home/lincunha/lab01/install/turtlesim/include/turtlesim/turtlesim/action/detail
[60.828s] -- Installing: /home/lincunha/lab01/install/turtlesim/include/turtlesim/turtlesim/action/detail/rotate_absolute__type_support.cpp
[60.828s] -- Installing: /home/lincunha/lab01/install/turtlesim/include/turtlesim/turtlesim/action/detail/rotate_absolute__rosidl_typesupport_introspection_cpp.hpp
[60.828s] -- Up-to-date: /home/lincunha/lab01/install/turtlesim/include/turtlesim/turtlesim/srv
[60.828s] -- Up-to-date: /home/lincunha/lab01/install/turtlesim/include/turtlesim/turtlesim/srv/detail
[60.829s] -- Installing: /home/lincunha/lab01/install/turtlesim/include/turtlesim/turtlesim/srv/detail/set_pen__rosidl_typesupport_introspection_cpp.hpp
[60.829s] -- Installing: /home/lincunha/lab01/install/turtlesim/include/turtlesim/turtlesim/srv/detail/kill__rosidl_typesupport_introspection_cpp.hpp
[60.829s] -- Installing: /home/lincunha/lab01/install/turtlesim/include/turtlesim/turtlesim/srv/detail/teleport_relative__rosidl_typesupport_introspection_cpp.hpp
[60.830s] -- Installing: /home/lincunha/lab01/install/turtlesim/include/turtlesim/turtlesim/srv/detail/kill__type_support.cpp
[60.830s] -- Installing: /home/lincunha/lab01/install/turtlesim/include/turtlesim/turtlesim/srv/detail/set_pen__type_support.cpp
[60.830s] -- Installing: /home/lincunha/lab01/install/turtlesim/include/turtlesim/turtlesim/srv/detail/teleport_relative__type_support.cpp
[60.830s] -- Installing: /home/lincunha/lab01/install/turtlesim/include/turtlesim/turtlesim/srv/detail/teleport_absolute__type_support.cpp
[60.831s] -- Installing: /home/lincunha/lab01/install/turtlesim/include/turtlesim/turtlesim/srv/detail/spawn__type_support.cpp
[60.831s] -- Installing: /home/lincunha/lab01/install/turtlesim/include/turtlesim/turtlesim/srv/detail/teleport_absolute__rosidl_typesupport_introspection_cpp.hpp
[60.831s] -- Installing: /home/lincunha/lab01/install/turtlesim/include/turtlesim/turtlesim/srv/detail/spawn__rosidl_typesupport_introspection_cpp.hpp
[60.831s] -- Up-to-date: /home/lincunha/lab01/install/turtlesim/include/turtlesim/turtlesim/msg
[60.832s] -- Up-to-date: /home/lincunha/lab01/install/turtlesim/include/turtlesim/turtlesim/msg/detail
[60.832s] -- Installing: /home/lincunha/lab01/install/turtlesim/include/turtlesim/turtlesim/msg/detail/pose__rosidl_typesupport_introspection_cpp.hpp
[60.832s] -- Installing: /home/lincunha/lab01/install/turtlesim/include/turtlesim/turtlesim/msg/detail/color__type_support.cpp
[60.832s] -- Installing: /home/lincunha/lab01/install/turtlesim/include/turtlesim/turtlesim/msg/detail/color__rosidl_typesupport_introspection_cpp.hpp
[60.832s] -- Installing: /home/lincunha/lab01/install/turtlesim/include/turtlesim/turtlesim/msg/detail/pose__type_support.cpp
[60.832s] -- Installing: /home/lincunha/lab01/install/turtlesim/lib/libturtlesim__rosidl_typesupport_introspection_cpp.so
[60.832s] -- Set runtime path of "/home/lincunha/lab01/install/turtlesim/lib/libturtlesim__rosidl_typesupport_introspection_cpp.so" to ""
[60.833s] -- Installing: /home/lincunha/lab01/install/turtlesim/lib/libturtlesim__rosidl_typesupport_cpp.so
[60.833s] -- Set runtime path of "/home/lincunha/lab01/install/turtlesim/lib/libturtlesim__rosidl_typesupport_cpp.so" to ""
[60.833s] -- Installing: /home/lincunha/lab01/install/turtlesim/share/turtlesim/environment/pythonpath.sh
[60.833s] -- Installing: /home/lincunha/lab01/install/turtlesim/share/turtlesim/environment/pythonpath.dsv
[60.834s] -- Installing: /home/lincunha/lab01/install/turtlesim/local/lib/python3.10/dist-packages/turtlesim-1.4.2-py3.10.egg-info
[60.834s] -- Installing: /home/lincunha/lab01/install/turtlesim/local/lib/python3.10/dist-packages/turtlesim-1.4.2-py3.10.egg-info/dependency_links.txt
[60.834s] -- Installing: /home/lincunha/lab01/install/turtlesim/local/lib/python3.10/dist-packages/turtlesim-1.4.2-py3.10.egg-info/top_level.txt
[60.835s] -- Installing: /home/lincunha/lab01/install/turtlesim/local/lib/python3.10/dist-packages/turtlesim-1.4.2-py3.10.egg-info/SOURCES.txt
[60.835s] -- Installing: /home/lincunha/lab01/install/turtlesim/local/lib/python3.10/dist-packages/turtlesim-1.4.2-py3.10.egg-info/PKG-INFO
[60.835s] -- Installing: /home/lincunha/lab01/install/turtlesim/local/lib/python3.10/dist-packages/turtlesim
[60.836s] -- Installing: /home/lincunha/lab01/install/turtlesim/local/lib/python3.10/dist-packages/turtlesim/_turtlesim_s.ep.rosidl_typesupport_c.c
[60.836s] -- Installing: /home/lincunha/lab01/install/turtlesim/local/lib/python3.10/dist-packages/turtlesim/turtlesim_s__rosidl_typesupport_fastrtps_c.cpython-310-x86_64-linux-gnu.so
[60.837s] -- Installing: /home/lincunha/lab01/install/turtlesim/local/lib/python3.10/dist-packages/turtlesim/action
[60.837s] -- Installing: /home/lincunha/lab01/install/turtlesim/local/lib/python3.10/dist-packages/turtlesim/action/_rotate_absolute_s.c
[60.837s] -- Installing: /home/lincunha/lab01/install/turtlesim/local/lib/python3.10/dist-packages/turtlesim/action/_rotate_absolute.py
[60.837s] -- Installing: /home/lincunha/lab01/install/turtlesim/local/lib/python3.10/dist-packages/turtlesim/action/__init__.py
[60.838s] -- Installing: /home/lincunha/lab01/install/turtlesim/local/lib/python3.10/dist-packages/turtlesim/srv
[60.838s] -- Installing: /home/lincunha/lab01/install/turtlesim/local/lib/python3.10/dist-packages/turtlesim/srv/_kill.py
[60.838s] -- Installing: /home/lincunha/lab01/install/turtlesim/local/lib/python3.10/dist-packages/turtlesim/srv/_spawn.py
[60.838s] -- Installing: /home/lincunha/lab01/install/turtlesim/local/lib/python3.10/dist-packages/turtlesim/srv/_set_pen.py
[60.839s] -- Installing: /home/lincunha/lab01/install/turtlesim/local/lib/python3.10/dist-packages/turtlesim/srv/_teleport_absolute_s.c
[60.839s] -- Installing: /home/lincunha/lab01/install/turtlesim/local/lib/python3.10/dist-packages/turtlesim/srv/_set_pen_s.c
[60.839s] -- Installing: /home/lincunha/lab01/install/turtlesim/local/lib/python3.10/dist-packages/turtlesim/srv/__init__.py
[60.839s] -- Installing: /home/lincunha/lab01/install/turtlesim/local/lib/python3.10/dist-packages/turtlesim/srv/_teleport_absolute.py
[60.839s] -- Installing: /home/lincunha/lab01/install/turtlesim/local/lib/python3.10/dist-packages/turtlesim/srv/_kill_s.c
[60.839s] -- Installing: /home/lincunha/lab01/install/turtlesim/local/lib/python3.10/dist-packages/turtlesim/srv/_teleport_relative.py
[60.840s] -- Installing: /home/lincunha/lab01/install/turtlesim/local/lib/python3.10/dist-packages/turtlesim/srv/_spawn_s.c
[60.840s] -- Installing: /home/lincunha/lab01/install/turtlesim/local/lib/python3.10/dist-packages/turtlesim/srv/_teleport_relative_s.c
[60.840s] -- Installing: /home/lincunha/lab01/install/turtlesim/local/lib/python3.10/dist-packages/turtlesim/libturtlesim__rosidl_generator_py.so
[60.841s] -- Installing: /home/lincunha/lab01/install/turtlesim/local/lib/python3.10/dist-packages/turtlesim/_turtlesim_s.ep.rosidl_typesupport_introspection_c.c
[60.841s] -- Installing: /home/lincunha/lab01/install/turtlesim/local/lib/python3.10/dist-packages/turtlesim/turtlesim_s__rosidl_typesupport_introspection_c.cpython-310-x86_64-linux-gnu.so
[60.842s] -- Installing: /home/lincunha/lab01/install/turtlesim/local/lib/python3.10/dist-packages/turtlesim/_turtlesim_s.ep.rosidl_typesupport_fastrtps_c.c
[60.842s] -- Installing: /home/lincunha/lab01/install/turtlesim/local/lib/python3.10/dist-packages/turtlesim/__init__.py
[60.842s] -- Installing: /home/lincunha/lab01/install/turtlesim/local/lib/python3.10/dist-packages/turtlesim/turtlesim_s__rosidl_typesupport_c.cpython-310-x86_64-linux-gnu.so
[60.842s] -- Installing: /home/lincunha/lab01/install/turtlesim/local/lib/python3.10/dist-packages/turtlesim/msg
[60.842s] -- Installing: /home/lincunha/lab01/install/turtlesim/local/lib/python3.10/dist-packages/turtlesim/msg/_pose.py
[60.843s] -- Installing: /home/lincunha/lab01/install/turtlesim/local/lib/python3.10/dist-packages/turtlesim/msg/_pose_s.c
[60.843s] -- Installing: /home/lincunha/lab01/install/turtlesim/local/lib/python3.10/dist-packages/turtlesim/msg/_color_s.c
[60.843s] -- Installing: /home/lincunha/lab01/install/turtlesim/local/lib/python3.10/dist-packages/turtlesim/msg/__init__.py
[60.843s] -- Installing: /home/lincunha/lab01/install/turtlesim/local/lib/python3.10/dist-packages/turtlesim/msg/_color.py
[60.913s] Listing '/home/lincunha/lab01/install/turtlesim/local/lib/python3.10/dist-packages/turtlesim'...
[60.913s] Compiling '/home/lincunha/lab01/install/turtlesim/local/lib/python3.10/dist-packages/turtlesim/__init__.py'...
[60.913s] Listing '/home/lincunha/lab01/install/turtlesim/local/lib/python3.10/dist-packages/turtlesim/action'...
[60.914s] Compiling '/home/lincunha/lab01/install/turtlesim/local/lib/python3.10/dist-packages/turtlesim/action/__init__.py'...
[60.914s] Compiling '/home/lincunha/lab01/install/turtlesim/local/lib/python3.10/dist-packages/turtlesim/action/_rotate_absolute.py'...
[60.914s] Listing '/home/lincunha/lab01/install/turtlesim/local/lib/python3.10/dist-packages/turtlesim/msg'...
[60.914s] Compiling '/home/lincunha/lab01/install/turtlesim/local/lib/python3.10/dist-packages/turtlesim/msg/__init__.py'...
[60.914s] Compiling '/home/lincunha/lab01/install/turtlesim/local/lib/python3.10/dist-packages/turtlesim/msg/_color.py'...
[60.914s] Compiling '/home/lincunha/lab01/install/turtlesim/local/lib/python3.10/dist-packages/turtlesim/msg/_pose.py'...
[60.914s] Listing '/home/lincunha/lab01/install/turtlesim/local/lib/python3.10/dist-packages/turtlesim/srv'...
[60.915s] Compiling '/home/lincunha/lab01/install/turtlesim/local/lib/python3.10/dist-packages/turtlesim/srv/__init__.py'...
[60.915s] Compiling '/home/lincunha/lab01/install/turtlesim/local/lib/python3.10/dist-packages/turtlesim/srv/_kill.py'...
[60.915s] Compiling '/home/lincunha/lab01/install/turtlesim/local/lib/python3.10/dist-packages/turtlesim/srv/_set_pen.py'...
[60.915s] Compiling '/home/lincunha/lab01/install/turtlesim/local/lib/python3.10/dist-packages/turtlesim/srv/_spawn.py'...
[60.915s] Compiling '/home/lincunha/lab01/install/turtlesim/local/lib/python3.10/dist-packages/turtlesim/srv/_teleport_absolute.py'...
[60.915s] Compiling '/home/lincunha/lab01/install/turtlesim/local/lib/python3.10/dist-packages/turtlesim/srv/_teleport_relative.py'...
[60.921s] -- Installing: /home/lincunha/lab01/install/turtlesim/local/lib/python3.10/dist-packages/turtlesim/turtlesim_s__rosidl_typesupport_fastrtps_c.cpython-310-x86_64-linux-gnu.so
[60.923s] -- Set runtime path of "/home/lincunha/lab01/install/turtlesim/local/lib/python3.10/dist-packages/turtlesim/turtlesim_s__rosidl_typesupport_fastrtps_c.cpython-310-x86_64-linux-gnu.so" to ""
[60.923s] -- Installing: /home/lincunha/lab01/install/turtlesim/local/lib/python3.10/dist-packages/turtlesim/turtlesim_s__rosidl_typesupport_introspection_c.cpython-310-x86_64-linux-gnu.so
[60.924s] -- Set runtime path of "/home/lincunha/lab01/install/turtlesim/local/lib/python3.10/dist-packages/turtlesim/turtlesim_s__rosidl_typesupport_introspection_c.cpython-310-x86_64-linux-gnu.so" to ""
[60.925s] -- Installing: /home/lincunha/lab01/install/turtlesim/local/lib/python3.10/dist-packages/turtlesim/turtlesim_s__rosidl_typesupport_c.cpython-310-x86_64-linux-gnu.so
[60.926s] -- Set runtime path of "/home/lincunha/lab01/install/turtlesim/local/lib/python3.10/dist-packages/turtlesim/turtlesim_s__rosidl_typesupport_c.cpython-310-x86_64-linux-gnu.so" to ""
[60.926s] -- Installing: /home/lincunha/lab01/install/turtlesim/lib/libturtlesim__rosidl_generator_py.so
[60.927s] -- Set runtime path of "/home/lincunha/lab01/install/turtlesim/lib/libturtlesim__rosidl_generator_py.so" to ""
[60.927s] -- Installing: /home/lincunha/lab01/install/turtlesim/share/turtlesim/action/RotateAbsolute.idl
[60.928s] -- Installing: /home/lincunha/lab01/install/turtlesim/share/turtlesim/msg/Color.idl
[60.928s] -- Installing: /home/lincunha/lab01/install/turtlesim/share/turtlesim/msg/Pose.idl
[60.929s] -- Installing: /home/lincunha/lab01/install/turtlesim/share/turtlesim/srv/Kill.idl
[60.929s] -- Installing: /home/lincunha/lab01/install/turtlesim/share/turtlesim/srv/SetPen.idl
[60.929s] -- Installing: /home/lincunha/lab01/install/turtlesim/share/turtlesim/srv/Spawn.idl
[60.930s] -- Installing: /home/lincunha/lab01/install/turtlesim/share/turtlesim/srv/TeleportAbsolute.idl
[60.930s] -- Installing: /home/lincunha/lab01/install/turtlesim/share/turtlesim/srv/TeleportRelative.idl
[60.930s] -- Installing: /home/lincunha/lab01/install/turtlesim/share/turtlesim/action/RotateAbsolute.action
[60.931s] -- Installing: /home/lincunha/lab01/install/turtlesim/share/turtlesim/msg/Color.msg
[60.931s] -- Installing: /home/lincunha/lab01/install/turtlesim/share/turtlesim/msg/Pose.msg
[60.931s] -- Installing: /home/lincunha/lab01/install/turtlesim/share/turtlesim/srv/Kill.srv
[60.932s] -- Installing: /home/lincunha/lab01/install/turtlesim/share/turtlesim/srv/Kill_Request.msg
[60.932s] -- Installing: /home/lincunha/lab01/install/turtlesim/share/turtlesim/srv/Kill_Response.msg
[60.932s] -- Installing: /home/lincunha/lab01/install/turtlesim/share/turtlesim/srv/SetPen.srv
[60.933s] -- Installing: /home/lincunha/lab01/install/turtlesim/share/turtlesim/srv/SetPen_Request.msg
[60.933s] -- Installing: /home/lincunha/lab01/install/turtlesim/share/turtlesim/srv/SetPen_Response.msg
[60.933s] -- Installing: /home/lincunha/lab01/install/turtlesim/share/turtlesim/srv/Spawn.srv
[60.933s] -- Installing: /home/lincunha/lab01/install/turtlesim/share/turtlesim/srv/Spawn_Request.msg
[60.934s] -- Installing: /home/lincunha/lab01/install/turtlesim/share/turtlesim/srv/Spawn_Response.msg
[60.934s] -- Installing: /home/lincunha/lab01/install/turtlesim/share/turtlesim/srv/TeleportAbsolute.srv
[60.934s] -- Installing: /home/lincunha/lab01/install/turtlesim/share/turtlesim/srv/TeleportAbsolute_Request.msg
[60.934s] -- Installing: /home/lincunha/lab01/install/turtlesim/share/turtlesim/srv/TeleportAbsolute_Response.msg
[60.935s] -- Installing: /home/lincunha/lab01/install/turtlesim/share/turtlesim/srv/TeleportRelative.srv
[60.935s] -- Installing: /home/lincunha/lab01/install/turtlesim/share/turtlesim/srv/TeleportRelative_Request.msg
[60.935s] -- Installing: /home/lincunha/lab01/install/turtlesim/share/turtlesim/srv/TeleportRelative_Response.msg
[60.936s] -- Installing: /home/lincunha/lab01/install/turtlesim/lib/turtlesim/turtlesim_node
[60.951s] -- Set runtime path of "/home/lincunha/lab01/install/turtlesim/lib/turtlesim/turtlesim_node" to ""
[60.951s] -- Installing: /home/lincunha/lab01/install/turtlesim/lib/turtlesim/turtle_teleop_key
[60.954s] -- Set runtime path of "/home/lincunha/lab01/install/turtlesim/lib/turtlesim/turtle_teleop_key" to ""
[60.954s] -- Installing: /home/lincunha/lab01/install/turtlesim/lib/turtlesim/draw_square
[60.962s] -- Set runtime path of "/home/lincunha/lab01/install/turtlesim/lib/turtlesim/draw_square" to ""
[60.962s] -- Installing: /home/lincunha/lab01/install/turtlesim/lib/turtlesim/mimic
[60.969s] -- Set runtime path of "/home/lincunha/lab01/install/turtlesim/lib/turtlesim/mimic" to ""
[60.969s] -- Installing: /home/lincunha/lab01/install/turtlesim/share/turtlesim/images
[60.970s] -- Installing: /home/lincunha/lab01/install/turtlesim/share/turtlesim/images/galactic.png
[60.970s] -- Installing: /home/lincunha/lab01/install/turtlesim/share/turtlesim/images/crystal.png
[60.970s] -- Installing: /home/lincunha/lab01/install/turtlesim/share/turtlesim/images/dashing.png
[60.971s] -- Installing: /home/lincunha/lab01/install/turtlesim/share/turtlesim/images/humble.png
[60.971s] -- Installing: /home/lincunha/lab01/install/turtlesim/share/turtlesim/images/bouncy.png
[60.971s] -- Installing: /home/lincunha/lab01/install/turtlesim/share/turtlesim/images/rolling.png
[60.971s] -- Installing: /home/lincunha/lab01/install/turtlesim/share/turtlesim/images/ardent.png
[60.972s] -- Installing: /home/lincunha/lab01/install/turtlesim/share/turtlesim/images/foxy.png
[60.972s] -- Installing: /home/lincunha/lab01/install/turtlesim/share/turtlesim/images/eloquent.png
[60.972s] -- Installing: /home/lincunha/lab01/install/turtlesim/share/turtlesim/launch
[60.973s] -- Installing: /home/lincunha/lab01/install/turtlesim/share/turtlesim/launch/multisim.launch.py
[60.974s] -- Installing: /home/lincunha/lab01/install/turtlesim/share/ament_index/resource_index/package_run_dependencies/turtlesim
[60.975s] -- Installing: /home/lincunha/lab01/install/turtlesim/share/ament_index/resource_index/parent_prefix_path/turtlesim
[60.976s] -- Installing: /home/lincunha/lab01/install/turtlesim/share/turtlesim/environment/ament_prefix_path.sh
[60.976s] -- Installing: /home/lincunha/lab01/install/turtlesim/share/turtlesim/environment/ament_prefix_path.dsv
[60.976s] -- Installing: /home/lincunha/lab01/install/turtlesim/share/turtlesim/environment/path.sh
[60.977s] -- Installing: /home/lincunha/lab01/install/turtlesim/share/turtlesim/environment/path.dsv
[60.977s] -- Installing: /home/lincunha/lab01/install/turtlesim/share/turtlesim/local_setup.bash
[60.977s] -- Installing: /home/lincunha/lab01/install/turtlesim/share/turtlesim/local_setup.sh
[60.977s] -- Installing: /home/lincunha/lab01/install/turtlesim/share/turtlesim/local_setup.zsh
[60.978s] -- Installing: /home/lincunha/lab01/install/turtlesim/share/turtlesim/local_setup.dsv
[60.978s] -- Installing: /home/lincunha/lab01/install/turtlesim/share/turtlesim/package.dsv
[60.979s] -- Installing: /home/lincunha/lab01/install/turtlesim/share/ament_index/resource_index/packages/turtlesim
[60.980s] -- Installing: /home/lincunha/lab01/install/turtlesim/share/turtlesim/cmake/export_turtlesim__rosidl_generator_cExport.cmake
[60.981s] -- Installing: /home/lincunha/lab01/install/turtlesim/share/turtlesim/cmake/export_turtlesim__rosidl_generator_cExport-noconfig.cmake
[60.982s] -- Installing: /home/lincunha/lab01/install/turtlesim/share/turtlesim/cmake/export_turtlesim__rosidl_typesupport_fastrtps_cExport.cmake
[60.982s] -- Installing: /home/lincunha/lab01/install/turtlesim/share/turtlesim/cmake/export_turtlesim__rosidl_typesupport_fastrtps_cExport-noconfig.cmake
[60.983s] -- Installing: /home/lincunha/lab01/install/turtlesim/share/turtlesim/cmake/export_turtlesim__rosidl_generator_cppExport.cmake
[60.983s] -- Installing: /home/lincunha/lab01/install/turtlesim/share/turtlesim/cmake/export_turtlesim__rosidl_typesupport_fastrtps_cppExport.cmake
[60.984s] -- Installing: /home/lincunha/lab01/install/turtlesim/share/turtlesim/cmake/export_turtlesim__rosidl_typesupport_fastrtps_cppExport-noconfig.cmake
[60.984s] -- Installing: /home/lincunha/lab01/install/turtlesim/share/turtlesim/cmake/turtlesim__rosidl_typesupport_introspection_cExport.cmake
[60.984s] -- Installing: /home/lincunha/lab01/install/turtlesim/share/turtlesim/cmake/turtlesim__rosidl_typesupport_introspection_cExport-noconfig.cmake
[60.985s] -- Installing: /home/lincunha/lab01/install/turtlesim/share/turtlesim/cmake/turtlesim__rosidl_typesupport_cExport.cmake
[60.986s] -- Installing: /home/lincunha/lab01/install/turtlesim/share/turtlesim/cmake/turtlesim__rosidl_typesupport_cExport-noconfig.cmake
[60.986s] -- Installing: /home/lincunha/lab01/install/turtlesim/share/turtlesim/cmake/turtlesim__rosidl_typesupport_introspection_cppExport.cmake
[60.987s] -- Installing: /home/lincunha/lab01/install/turtlesim/share/turtlesim/cmake/turtlesim__rosidl_typesupport_introspection_cppExport-noconfig.cmake
[60.987s] -- Installing: /home/lincunha/lab01/install/turtlesim/share/turtlesim/cmake/turtlesim__rosidl_typesupport_cppExport.cmake
[60.988s] -- Installing: /home/lincunha/lab01/install/turtlesim/share/turtlesim/cmake/turtlesim__rosidl_typesupport_cppExport-noconfig.cmake
[60.988s] -- Installing: /home/lincunha/lab01/install/turtlesim/share/turtlesim/cmake/export_turtlesim__rosidl_generator_pyExport.cmake
[60.988s] -- Installing: /home/lincunha/lab01/install/turtlesim/share/turtlesim/cmake/export_turtlesim__rosidl_generator_pyExport-noconfig.cmake
[60.989s] -- Installing: /home/lincunha/lab01/install/turtlesim/share/turtlesim/cmake/rosidl_cmake-extras.cmake
[60.989s] -- Installing: /home/lincunha/lab01/install/turtlesim/share/turtlesim/cmake/ament_cmake_export_dependencies-extras.cmake
[60.990s] -- Installing: /home/lincunha/lab01/install/turtlesim/share/turtlesim/cmake/ament_cmake_export_include_directories-extras.cmake
[60.990s] -- Installing: /home/lincunha/lab01/install/turtlesim/share/turtlesim/cmake/ament_cmake_export_libraries-extras.cmake
[60.990s] -- Installing: /home/lincunha/lab01/install/turtlesim/share/turtlesim/cmake/ament_cmake_export_targets-extras.cmake
[60.991s] -- Installing: /home/lincunha/lab01/install/turtlesim/share/turtlesim/cmake/rosidl_cmake_export_typesupport_targets-extras.cmake
[60.991s] -- Installing: /home/lincunha/lab01/install/turtlesim/share/turtlesim/cmake/rosidl_cmake_export_typesupport_libraries-extras.cmake
[60.992s] -- Installing: /home/lincunha/lab01/install/turtlesim/share/turtlesim/cmake/turtlesimConfig.cmake
[60.992s] -- Installing: /home/lincunha/lab01/install/turtlesim/share/turtlesim/cmake/turtlesimConfig-version.cmake
[60.992s] -- Installing: /home/lincunha/lab01/install/turtlesim/share/turtlesim/package.xml
[60.996s] Invoked command in '/home/lincunha/lab01/build/turtlesim' returned '0': CMAKE_PREFIX_PATH=/opt/ros/humble /usr/bin/cmake --install /home/lincunha/lab01/build/turtlesim
