[0.191s] DEBUG:colcon:Command line arguments: ['/usr/bin/colcon', 'build']
[0.191s] DEBUG:colcon:Parsed command line arguments: Namespace(log_base=None, log_level=None, verb_name='build', build_base='build', install_base='install', merge_install=False, symlink_install=False, test_result_base=None, continue_on_error=False, executor='parallel', parallel_workers=8, event_handlers=None, ignore_user_meta=False, metas=['./colcon.meta'], base_paths=['.'], packages_ignore=None, packages_ignore_regex=None, paths=None, packages_up_to=None, packages_up_to_regex=None, packages_above=None, packages_above_and_dependencies=None, packages_above_depth=None, packages_select_by_dep=None, packages_skip_by_dep=None, packages_skip_up_to=None, packages_select_build_failed=False, packages_skip_build_finished=False, packages_select_test_failures=False, packages_skip_test_passed=False, packages_select=None, packages_skip=None, packages_select_regex=None, packages_skip_regex=None, packages_start=None, packages_end=None, allow_overriding=[], cmake_args=None, cmake_target=None, cmake_target_skip_unavailable=False, cmake_clean_cache=False, cmake_clean_first=False, cmake_force_configure=False, ament_cmake_args=None, catkin_cmake_args=None, catkin_skip_building_tests=False, mixin_files=None, mixin=None, verb_parser=<colcon_mixin.mixin.mixin_argument.MixinArgumentDecorator object at 0x7f96501fa2c0>, verb_extension=<colcon_core.verb.build.BuildVerb object at 0x7f9650302920>, main=<bound method BuildVerb.main of <colcon_core.verb.build.BuildVerb object at 0x7f9650302920>>, mixin_verb=('build',))
[0.410s] Level 1:colcon.colcon_core.package_discovery:discover_packages(colcon_meta) check parameters
[0.411s] Level 1:colcon.colcon_core.package_discovery:discover_packages(recursive) check parameters
[0.411s] Level 1:colcon.colcon_core.package_discovery:discover_packages(ignore) check parameters
[0.411s] Level 1:colcon.colcon_core.package_discovery:discover_packages(path) check parameters
[0.411s] Level 1:colcon.colcon_core.package_discovery:discover_packages(colcon_meta) discover
[0.411s] Level 1:colcon.colcon_core.package_discovery:discover_packages(recursive) discover
[0.411s] INFO:colcon.colcon_core.package_discovery:Crawling recursively for packages in '/home/lincunha/SESASR/lab02'
[0.412s] Level 1:colcon.colcon_core.package_identification:_identify(.) by extensions ['ignore', 'ignore_ament_install']
[0.412s] Level 1:colcon.colcon_core.package_identification:_identify(.) by extension 'ignore'
[0.412s] Level 1:colcon.colcon_core.package_identification:_identify(.) by extension 'ignore_ament_install'
[0.412s] Level 1:colcon.colcon_core.package_identification:_identify(.) by extensions ['colcon_pkg']
[0.412s] Level 1:colcon.colcon_core.package_identification:_identify(.) by extension 'colcon_pkg'
[0.412s] Level 1:colcon.colcon_core.package_identification:_identify(.) by extensions ['colcon_meta']
[0.412s] Level 1:colcon.colcon_core.package_identification:_identify(.) by extension 'colcon_meta'
[0.412s] Level 1:colcon.colcon_core.package_identification:_identify(.) by extensions ['ros']
[0.412s] Level 1:colcon.colcon_core.package_identification:_identify(.) by extension 'ros'
[0.429s] Level 1:colcon.colcon_core.package_identification:_identify(.) by extensions ['cmake', 'python']
[0.429s] Level 1:colcon.colcon_core.package_identification:_identify(.) by extension 'cmake'
[0.430s] Level 1:colcon.colcon_core.package_identification:_identify(.) by extension 'python'
[0.430s] Level 1:colcon.colcon_core.package_identification:_identify(.) by extensions ['python_setup_py']
[0.430s] Level 1:colcon.colcon_core.package_identification:_identify(.) by extension 'python_setup_py'
[0.430s] Level 1:colcon.colcon_core.package_identification:_identify(build) by extensions ['ignore', 'ignore_ament_install']
[0.430s] Level 1:colcon.colcon_core.package_identification:_identify(build) by extension 'ignore'
[0.430s] Level 1:colcon.colcon_core.package_identification:_identify(build) ignored
[0.430s] Level 1:colcon.colcon_core.package_identification:_identify(install) by extensions ['ignore', 'ignore_ament_install']
[0.431s] Level 1:colcon.colcon_core.package_identification:_identify(install) by extension 'ignore'
[0.431s] Level 1:colcon.colcon_core.package_identification:_identify(install) ignored
[0.431s] Level 1:colcon.colcon_core.package_identification:_identify(log) by extensions ['ignore', 'ignore_ament_install']
[0.431s] Level 1:colcon.colcon_core.package_identification:_identify(log) by extension 'ignore'
[0.431s] Level 1:colcon.colcon_core.package_identification:_identify(log) ignored
[0.431s] Level 1:colcon.colcon_core.package_identification:_identify(src) by extensions ['ignore', 'ignore_ament_install']
[0.431s] Level 1:colcon.colcon_core.package_identification:_identify(src) by extension 'ignore'
[0.431s] Level 1:colcon.colcon_core.package_identification:_identify(src) by extension 'ignore_ament_install'
[0.432s] Level 1:colcon.colcon_core.package_identification:_identify(src) by extensions ['colcon_pkg']
[0.432s] Level 1:colcon.colcon_core.package_identification:_identify(src) by extension 'colcon_pkg'
[0.432s] Level 1:colcon.colcon_core.package_identification:_identify(src) by extensions ['colcon_meta']
[0.432s] Level 1:colcon.colcon_core.package_identification:_identify(src) by extension 'colcon_meta'
[0.432s] Level 1:colcon.colcon_core.package_identification:_identify(src) by extensions ['ros']
[0.432s] Level 1:colcon.colcon_core.package_identification:_identify(src) by extension 'ros'
[0.432s] Level 1:colcon.colcon_core.package_identification:_identify(src) by extensions ['cmake', 'python']
[0.432s] Level 1:colcon.colcon_core.package_identification:_identify(src) by extension 'cmake'
[0.432s] Level 1:colcon.colcon_core.package_identification:_identify(src) by extension 'python'
[0.432s] Level 1:colcon.colcon_core.package_identification:_identify(src) by extensions ['python_setup_py']
[0.432s] Level 1:colcon.colcon_core.package_identification:_identify(src) by extension 'python_setup_py'
[0.432s] Level 1:colcon.colcon_core.package_identification:_identify(src/lab02_pkg) by extensions ['ignore', 'ignore_ament_install']
[0.433s] Level 1:colcon.colcon_core.package_identification:_identify(src/lab02_pkg) by extension 'ignore'
[0.433s] Level 1:colcon.colcon_core.package_identification:_identify(src/lab02_pkg) by extension 'ignore_ament_install'
[0.433s] Level 1:colcon.colcon_core.package_identification:_identify(src/lab02_pkg) by extensions ['colcon_pkg']
[0.433s] Level 1:colcon.colcon_core.package_identification:_identify(src/lab02_pkg) by extension 'colcon_pkg'
[0.433s] Level 1:colcon.colcon_core.package_identification:_identify(src/lab02_pkg) by extensions ['colcon_meta']
[0.433s] Level 1:colcon.colcon_core.package_identification:_identify(src/lab02_pkg) by extension 'colcon_meta'
[0.433s] Level 1:colcon.colcon_core.package_identification:_identify(src/lab02_pkg) by extensions ['ros']
[0.434s] Level 1:colcon.colcon_core.package_identification:_identify(src/lab02_pkg) by extension 'ros'
[0.437s] DEBUG:colcon.colcon_core.package_identification:Package 'src/lab02_pkg' with type 'ros.ament_python' and name 'lab02_pkg'
[0.437s] Level 1:colcon.colcon_core.package_identification:_identify(src/turtlebot3_simulations) by extensions ['ignore', 'ignore_ament_install']
[0.437s] Level 1:colcon.colcon_core.package_identification:_identify(src/turtlebot3_simulations) by extension 'ignore'
[0.437s] Level 1:colcon.colcon_core.package_identification:_identify(src/turtlebot3_simulations) by extension 'ignore_ament_install'
[0.437s] Level 1:colcon.colcon_core.package_identification:_identify(src/turtlebot3_simulations) by extensions ['colcon_pkg']
[0.437s] Level 1:colcon.colcon_core.package_identification:_identify(src/turtlebot3_simulations) by extension 'colcon_pkg'
[0.437s] Level 1:colcon.colcon_core.package_identification:_identify(src/turtlebot3_simulations) by extensions ['colcon_meta']
[0.437s] Level 1:colcon.colcon_core.package_identification:_identify(src/turtlebot3_simulations) by extension 'colcon_meta'
[0.437s] Level 1:colcon.colcon_core.package_identification:_identify(src/turtlebot3_simulations) by extensions ['ros']
[0.437s] Level 1:colcon.colcon_core.package_identification:_identify(src/turtlebot3_simulations) by extension 'ros'
[0.437s] Level 1:colcon.colcon_core.package_identification:_identify(src/turtlebot3_simulations) by extensions ['cmake', 'python']
[0.437s] Level 1:colcon.colcon_core.package_identification:_identify(src/turtlebot3_simulations) by extension 'cmake'
[0.438s] Level 1:colcon.colcon_core.package_identification:_identify(src/turtlebot3_simulations) by extension 'python'
[0.438s] Level 1:colcon.colcon_core.package_identification:_identify(src/turtlebot3_simulations) by extensions ['python_setup_py']
[0.438s] Level 1:colcon.colcon_core.package_identification:_identify(src/turtlebot3_simulations) by extension 'python_setup_py'
[0.438s] Level 1:colcon.colcon_core.package_identification:_identify(src/turtlebot3_simulations/turtlebot3_fake_node) by extensions ['ignore', 'ignore_ament_install']
[0.438s] Level 1:colcon.colcon_core.package_identification:_identify(src/turtlebot3_simulations/turtlebot3_fake_node) by extension 'ignore'
[0.438s] Level 1:colcon.colcon_core.package_identification:_identify(src/turtlebot3_simulations/turtlebot3_fake_node) by extension 'ignore_ament_install'
[0.438s] Level 1:colcon.colcon_core.package_identification:_identify(src/turtlebot3_simulations/turtlebot3_fake_node) by extensions ['colcon_pkg']
[0.438s] Level 1:colcon.colcon_core.package_identification:_identify(src/turtlebot3_simulations/turtlebot3_fake_node) by extension 'colcon_pkg'
[0.438s] Level 1:colcon.colcon_core.package_identification:_identify(src/turtlebot3_simulations/turtlebot3_fake_node) by extensions ['colcon_meta']
[0.438s] Level 1:colcon.colcon_core.package_identification:_identify(src/turtlebot3_simulations/turtlebot3_fake_node) by extension 'colcon_meta'
[0.438s] Level 1:colcon.colcon_core.package_identification:_identify(src/turtlebot3_simulations/turtlebot3_fake_node) by extensions ['ros']
[0.438s] Level 1:colcon.colcon_core.package_identification:_identify(src/turtlebot3_simulations/turtlebot3_fake_node) by extension 'ros'
[0.440s] DEBUG:colcon.colcon_core.package_identification:Package 'src/turtlebot3_simulations/turtlebot3_fake_node' with type 'ros.ament_cmake' and name 'turtlebot3_fake_node'
[0.440s] Level 1:colcon.colcon_core.package_identification:_identify(src/turtlebot3_simulations/turtlebot3_gazebo) by extensions ['ignore', 'ignore_ament_install']
[0.440s] Level 1:colcon.colcon_core.package_identification:_identify(src/turtlebot3_simulations/turtlebot3_gazebo) by extension 'ignore'
[0.440s] Level 1:colcon.colcon_core.package_identification:_identify(src/turtlebot3_simulations/turtlebot3_gazebo) by extension 'ignore_ament_install'
[0.440s] Level 1:colcon.colcon_core.package_identification:_identify(src/turtlebot3_simulations/turtlebot3_gazebo) by extensions ['colcon_pkg']
[0.441s] Level 1:colcon.colcon_core.package_identification:_identify(src/turtlebot3_simulations/turtlebot3_gazebo) by extension 'colcon_pkg'
[0.441s] Level 1:colcon.colcon_core.package_identification:_identify(src/turtlebot3_simulations/turtlebot3_gazebo) by extensions ['colcon_meta']
[0.441s] Level 1:colcon.colcon_core.package_identification:_identify(src/turtlebot3_simulations/turtlebot3_gazebo) by extension 'colcon_meta'
[0.441s] Level 1:colcon.colcon_core.package_identification:_identify(src/turtlebot3_simulations/turtlebot3_gazebo) by extensions ['ros']
[0.441s] Level 1:colcon.colcon_core.package_identification:_identify(src/turtlebot3_simulations/turtlebot3_gazebo) by extension 'ros'
[0.442s] DEBUG:colcon.colcon_core.package_identification:Package 'src/turtlebot3_simulations/turtlebot3_gazebo' with type 'ros.ament_cmake' and name 'turtlebot3_gazebo'
[0.442s] Level 1:colcon.colcon_core.package_identification:_identify(src/turtlebot3_simulations/turtlebot3_ignition) by extensions ['ignore', 'ignore_ament_install']
[0.443s] Level 1:colcon.colcon_core.package_identification:_identify(src/turtlebot3_simulations/turtlebot3_ignition) by extension 'ignore'
[0.443s] Level 1:colcon.colcon_core.package_identification:_identify(src/turtlebot3_simulations/turtlebot3_ignition) ignored
[0.443s] Level 1:colcon.colcon_core.package_identification:_identify(src/turtlebot3_simulations/turtlebot3_simulations) by extensions ['ignore', 'ignore_ament_install']
[0.443s] Level 1:colcon.colcon_core.package_identification:_identify(src/turtlebot3_simulations/turtlebot3_simulations) by extension 'ignore'
[0.443s] Level 1:colcon.colcon_core.package_identification:_identify(src/turtlebot3_simulations/turtlebot3_simulations) by extension 'ignore_ament_install'
[0.443s] Level 1:colcon.colcon_core.package_identification:_identify(src/turtlebot3_simulations/turtlebot3_simulations) by extensions ['colcon_pkg']
[0.444s] Level 1:colcon.colcon_core.package_identification:_identify(src/turtlebot3_simulations/turtlebot3_simulations) by extension 'colcon_pkg'
[0.444s] Level 1:colcon.colcon_core.package_identification:_identify(src/turtlebot3_simulations/turtlebot3_simulations) by extensions ['colcon_meta']
[0.444s] Level 1:colcon.colcon_core.package_identification:_identify(src/turtlebot3_simulations/turtlebot3_simulations) by extension 'colcon_meta'
[0.444s] Level 1:colcon.colcon_core.package_identification:_identify(src/turtlebot3_simulations/turtlebot3_simulations) by extensions ['ros']
[0.444s] Level 1:colcon.colcon_core.package_identification:_identify(src/turtlebot3_simulations/turtlebot3_simulations) by extension 'ros'
[0.445s] DEBUG:colcon.colcon_core.package_identification:Package 'src/turtlebot3_simulations/turtlebot3_simulations' with type 'ros.ament_cmake' and name 'turtlebot3_simulations'
[0.445s] Level 1:colcon.colcon_core.package_discovery:discover_packages(recursive) using defaults
[0.445s] Level 1:colcon.colcon_core.package_discovery:discover_packages(ignore) discover
[0.445s] Level 1:colcon.colcon_core.package_discovery:discover_packages(ignore) using defaults
[0.445s] Level 1:colcon.colcon_core.package_discovery:discover_packages(path) discover
[0.445s] Level 1:colcon.colcon_core.package_discovery:discover_packages(path) using defaults
[0.488s] Level 1:colcon.colcon_core.package_discovery:discover_packages(prefix_path) check parameters
[0.488s] Level 1:colcon.colcon_core.package_discovery:discover_packages(prefix_path) discover
[0.490s] DEBUG:colcon.colcon_installed_package_information.package_discovery:Found 4 installed packages in /home/lincunha/SESASR/lab02/install
[0.493s] DEBUG:colcon.colcon_installed_package_information.package_discovery:Found 337 installed packages in /opt/ros/humble
[0.496s] Level 1:colcon.colcon_core.package_discovery:discover_packages(prefix_path) using defaults
[0.553s] Level 5:colcon.colcon_core.verb:set package 'lab02_pkg' build argument 'cmake_args' from command line to 'None'
[0.554s] Level 5:colcon.colcon_core.verb:set package 'lab02_pkg' build argument 'cmake_target' from command line to 'None'
[0.554s] Level 5:colcon.colcon_core.verb:set package 'lab02_pkg' build argument 'cmake_target_skip_unavailable' from command line to 'False'
[0.554s] Level 5:colcon.colcon_core.verb:set package 'lab02_pkg' build argument 'cmake_clean_cache' from command line to 'False'
[0.554s] Level 5:colcon.colcon_core.verb:set package 'lab02_pkg' build argument 'cmake_clean_first' from command line to 'False'
[0.554s] Level 5:colcon.colcon_core.verb:set package 'lab02_pkg' build argument 'cmake_force_configure' from command line to 'False'
[0.554s] Level 5:colcon.colcon_core.verb:set package 'lab02_pkg' build argument 'ament_cmake_args' from command line to 'None'
[0.554s] Level 5:colcon.colcon_core.verb:set package 'lab02_pkg' build argument 'catkin_cmake_args' from command line to 'None'
[0.554s] Level 5:colcon.colcon_core.verb:set package 'lab02_pkg' build argument 'catkin_skip_building_tests' from command line to 'False'
[0.554s] DEBUG:colcon.colcon_core.verb:Building package 'lab02_pkg' with the following arguments: {'ament_cmake_args': None, 'build_base': '/home/lincunha/SESASR/lab02/build/lab02_pkg', 'catkin_cmake_args': None, 'catkin_skip_building_tests': False, 'cmake_args': None, 'cmake_clean_cache': False, 'cmake_clean_first': False, 'cmake_force_configure': False, 'cmake_target': None, 'cmake_target_skip_unavailable': False, 'install_base': '/home/lincunha/SESASR/lab02/install/lab02_pkg', 'merge_install': False, 'path': '/home/lincunha/SESASR/lab02/src/lab02_pkg', 'symlink_install': False, 'test_result_base': None}
[0.555s] Level 5:colcon.colcon_core.verb:set package 'turtlebot3_fake_node' build argument 'cmake_args' from command line to 'None'
[0.555s] Level 5:colcon.colcon_core.verb:set package 'turtlebot3_fake_node' build argument 'cmake_target' from command line to 'None'
[0.555s] Level 5:colcon.colcon_core.verb:set package 'turtlebot3_fake_node' build argument 'cmake_target_skip_unavailable' from command line to 'False'
[0.555s] Level 5:colcon.colcon_core.verb:set package 'turtlebot3_fake_node' build argument 'cmake_clean_cache' from command line to 'False'
[0.555s] Level 5:colcon.colcon_core.verb:set package 'turtlebot3_fake_node' build argument 'cmake_clean_first' from command line to 'False'
[0.555s] Level 5:colcon.colcon_core.verb:set package 'turtlebot3_fake_node' build argument 'cmake_force_configure' from command line to 'False'
[0.555s] Level 5:colcon.colcon_core.verb:set package 'turtlebot3_fake_node' build argument 'ament_cmake_args' from command line to 'None'
[0.555s] Level 5:colcon.colcon_core.verb:set package 'turtlebot3_fake_node' build argument 'catkin_cmake_args' from command line to 'None'
[0.555s] Level 5:colcon.colcon_core.verb:set package 'turtlebot3_fake_node' build argument 'catkin_skip_building_tests' from command line to 'False'
[0.555s] DEBUG:colcon.colcon_core.verb:Building package 'turtlebot3_fake_node' with the following arguments: {'ament_cmake_args': None, 'build_base': '/home/lincunha/SESASR/lab02/build/turtlebot3_fake_node', 'catkin_cmake_args': None, 'catkin_skip_building_tests': False, 'cmake_args': None, 'cmake_clean_cache': False, 'cmake_clean_first': False, 'cmake_force_configure': False, 'cmake_target': None, 'cmake_target_skip_unavailable': False, 'install_base': '/home/lincunha/SESASR/lab02/install/turtlebot3_fake_node', 'merge_install': False, 'path': '/home/lincunha/SESASR/lab02/src/turtlebot3_simulations/turtlebot3_fake_node', 'symlink_install': False, 'test_result_base': None}
[0.555s] Level 5:colcon.colcon_core.verb:set package 'turtlebot3_gazebo' build argument 'cmake_args' from command line to 'None'
[0.555s] Level 5:colcon.colcon_core.verb:set package 'turtlebot3_gazebo' build argument 'cmake_target' from command line to 'None'
[0.555s] Level 5:colcon.colcon_core.verb:set package 'turtlebot3_gazebo' build argument 'cmake_target_skip_unavailable' from command line to 'False'
[0.556s] Level 5:colcon.colcon_core.verb:set package 'turtlebot3_gazebo' build argument 'cmake_clean_cache' from command line to 'False'
[0.556s] Level 5:colcon.colcon_core.verb:set package 'turtlebot3_gazebo' build argument 'cmake_clean_first' from command line to 'False'
[0.556s] Level 5:colcon.colcon_core.verb:set package 'turtlebot3_gazebo' build argument 'cmake_force_configure' from command line to 'False'
[0.556s] Level 5:colcon.colcon_core.verb:set package 'turtlebot3_gazebo' build argument 'ament_cmake_args' from command line to 'None'
[0.556s] Level 5:colcon.colcon_core.verb:set package 'turtlebot3_gazebo' build argument 'catkin_cmake_args' from command line to 'None'
[0.556s] Level 5:colcon.colcon_core.verb:set package 'turtlebot3_gazebo' build argument 'catkin_skip_building_tests' from command line to 'False'
[0.556s] DEBUG:colcon.colcon_core.verb:Building package 'turtlebot3_gazebo' with the following arguments: {'ament_cmake_args': None, 'build_base': '/home/lincunha/SESASR/lab02/build/turtlebot3_gazebo', 'catkin_cmake_args': None, 'catkin_skip_building_tests': False, 'cmake_args': None, 'cmake_clean_cache': False, 'cmake_clean_first': False, 'cmake_force_configure': False, 'cmake_target': None, 'cmake_target_skip_unavailable': False, 'install_base': '/home/lincunha/SESASR/lab02/install/turtlebot3_gazebo', 'merge_install': False, 'path': '/home/lincunha/SESASR/lab02/src/turtlebot3_simulations/turtlebot3_gazebo', 'symlink_install': False, 'test_result_base': None}
[0.556s] Level 5:colcon.colcon_core.verb:set package 'turtlebot3_simulations' build argument 'cmake_args' from command line to 'None'
[0.556s] Level 5:colcon.colcon_core.verb:set package 'turtlebot3_simulations' build argument 'cmake_target' from command line to 'None'
[0.556s] Level 5:colcon.colcon_core.verb:set package 'turtlebot3_simulations' build argument 'cmake_target_skip_unavailable' from command line to 'False'
[0.556s] Level 5:colcon.colcon_core.verb:set package 'turtlebot3_simulations' build argument 'cmake_clean_cache' from command line to 'False'
[0.556s] Level 5:colcon.colcon_core.verb:set package 'turtlebot3_simulations' build argument 'cmake_clean_first' from command line to 'False'
[0.556s] Level 5:colcon.colcon_core.verb:set package 'turtlebot3_simulations' build argument 'cmake_force_configure' from command line to 'False'
[0.556s] Level 5:colcon.colcon_core.verb:set package 'turtlebot3_simulations' build argument 'ament_cmake_args' from command line to 'None'
[0.556s] Level 5:colcon.colcon_core.verb:set package 'turtlebot3_simulations' build argument 'catkin_cmake_args' from command line to 'None'
[0.556s] Level 5:colcon.colcon_core.verb:set package 'turtlebot3_simulations' build argument 'catkin_skip_building_tests' from command line to 'False'
[0.556s] DEBUG:colcon.colcon_core.verb:Building package 'turtlebot3_simulations' with the following arguments: {'ament_cmake_args': None, 'build_base': '/home/lincunha/SESASR/lab02/build/turtlebot3_simulations', 'catkin_cmake_args': None, 'catkin_skip_building_tests': False, 'cmake_args': None, 'cmake_clean_cache': False, 'cmake_clean_first': False, 'cmake_force_configure': False, 'cmake_target': None, 'cmake_target_skip_unavailable': False, 'install_base': '/home/lincunha/SESASR/lab02/install/turtlebot3_simulations', 'merge_install': False, 'path': '/home/lincunha/SESASR/lab02/src/turtlebot3_simulations/turtlebot3_simulations', 'symlink_install': False, 'test_result_base': None}
[0.557s] INFO:colcon.colcon_core.executor:Executing jobs using 'parallel' executor
[0.558s] DEBUG:colcon.colcon_parallel_executor.executor.parallel:run_until_complete
[0.558s] INFO:colcon.colcon_ros.task.ament_cmake.build:Building ROS package in '/home/lincunha/SESASR/lab02/src/turtlebot3_simulations/turtlebot3_fake_node' with build type 'ament_cmake'
[0.559s] INFO:colcon.colcon_cmake.task.cmake.build:Building CMake package in '/home/lincunha/SESASR/lab02/src/turtlebot3_simulations/turtlebot3_fake_node'
[0.564s] INFO:colcon.colcon_core.plugin_system:Skipping extension 'colcon_core.shell.bat': Not used on non-Windows systems
[0.564s] INFO:colcon.colcon_core.shell:Skip shell extension 'powershell' for command environment: Not usable outside of PowerShell
[0.564s] DEBUG:colcon.colcon_core.shell:Skip shell extension 'dsv' for command environment
[0.570s] INFO:colcon.colcon_ros.task.ament_cmake.build:Building ROS package in '/home/lincunha/SESASR/lab02/src/turtlebot3_simulations/turtlebot3_gazebo' with build type 'ament_cmake'
[0.570s] INFO:colcon.colcon_cmake.task.cmake.build:Building CMake package in '/home/lincunha/SESASR/lab02/src/turtlebot3_simulations/turtlebot3_gazebo'
[0.571s] INFO:colcon.colcon_core.shell:Skip shell extension 'powershell' for command environment: Not usable outside of PowerShell
[0.571s] DEBUG:colcon.colcon_core.shell:Skip shell extension 'dsv' for command environment
[0.577s] INFO:colcon.colcon_ros.task.ament_python.build:Building ROS package in '/home/lincunha/SESASR/lab02/src/lab02_pkg' with build type 'ament_python'
[0.577s] Level 1:colcon.colcon_core.shell:create_environment_hook('lab02_pkg', 'ament_prefix_path')
[0.578s] INFO:colcon.colcon_core.shell:Creating environment hook '/home/lincunha/SESASR/lab02/install/lab02_pkg/share/lab02_pkg/hook/ament_prefix_path.ps1'
[0.581s] INFO:colcon.colcon_core.shell:Creating environment descriptor '/home/lincunha/SESASR/lab02/install/lab02_pkg/share/lab02_pkg/hook/ament_prefix_path.dsv'
[0.582s] INFO:colcon.colcon_core.shell:Creating environment hook '/home/lincunha/SESASR/lab02/install/lab02_pkg/share/lab02_pkg/hook/ament_prefix_path.sh'
[0.584s] INFO:colcon.colcon_core.shell:Skip shell extension 'powershell' for command environment: Not usable outside of PowerShell
[0.584s] DEBUG:colcon.colcon_core.shell:Skip shell extension 'dsv' for command environment
[0.607s] DEBUG:colcon.colcon_core.event_handler.log_command:Invoking command in '/home/lincunha/SESASR/lab02/build/turtlebot3_fake_node': CMAKE_PREFIX_PATH=${CMAKE_PREFIX_PATH}:/home/lincunha/SESASR/lab02/install/lab02_pkg:/opt/ros/humble /usr/bin/cmake --build /home/lincunha/SESASR/lab02/build/turtlebot3_fake_node -- -j8 -l8
[0.615s] DEBUG:colcon.colcon_core.event_handler.log_command:Invoking command in '/home/lincunha/SESASR/lab02/build/turtlebot3_gazebo': CMAKE_PREFIX_PATH=${CMAKE_PREFIX_PATH}:/home/lincunha/SESASR/lab02/install/lab02_pkg:/opt/ros/humble /usr/bin/cmake --build /home/lincunha/SESASR/lab02/build/turtlebot3_gazebo -- -j8 -l8
[1.071s] INFO:colcon.colcon_core.task.python.build:Building Python package in '/home/lincunha/SESASR/lab02/src/lab02_pkg'
[1.071s] INFO:colcon.colcon_core.shell:Skip shell extension 'powershell' for command environment: Not usable outside of PowerShell
[1.071s] DEBUG:colcon.colcon_core.shell:Skip shell extension 'dsv' for command environment
[1.082s] DEBUG:colcon.colcon_core.event_handler.log_command:Invoked command in '/home/lincunha/SESASR/lab02/build/turtlebot3_fake_node' returned '0': CMAKE_PREFIX_PATH=${CMAKE_PREFIX_PATH}:/home/lincunha/SESASR/lab02/install/lab02_pkg:/opt/ros/humble /usr/bin/cmake --build /home/lincunha/SESASR/lab02/build/turtlebot3_fake_node -- -j8 -l8
[1.085s] DEBUG:colcon.colcon_core.event_handler.log_command:Invoked command in '/home/lincunha/SESASR/lab02/build/turtlebot3_gazebo' returned '0': CMAKE_PREFIX_PATH=${CMAKE_PREFIX_PATH}:/home/lincunha/SESASR/lab02/install/lab02_pkg:/opt/ros/humble /usr/bin/cmake --build /home/lincunha/SESASR/lab02/build/turtlebot3_gazebo -- -j8 -l8
[1.140s] DEBUG:colcon.colcon_core.event_handler.log_command:Invoking command in '/home/lincunha/SESASR/lab02/build/turtlebot3_fake_node': CMAKE_PREFIX_PATH=${CMAKE_PREFIX_PATH}:/home/lincunha/SESASR/lab02/install/lab02_pkg:/opt/ros/humble /usr/bin/cmake --install /home/lincunha/SESASR/lab02/build/turtlebot3_fake_node
[1.151s] DEBUG:colcon.colcon_core.event_handler.log_command:Invoking command in '/home/lincunha/SESASR/lab02/build/turtlebot3_gazebo': CMAKE_PREFIX_PATH=${CMAKE_PREFIX_PATH}:/home/lincunha/SESASR/lab02/install/lab02_pkg:/opt/ros/humble /usr/bin/cmake --install /home/lincunha/SESASR/lab02/build/turtlebot3_gazebo
[1.188s] Level 1:colcon.colcon_core.environment:create_environment_scripts_only(turtlebot3_fake_node)
[1.204s] Level 1:colcon.colcon_core.environment:checking '/home/lincunha/SESASR/lab02/install/turtlebot3_fake_node' for CMake module files
[1.213s] Level 1:colcon.colcon_core.environment:checking '/home/lincunha/SESASR/lab02/install/turtlebot3_fake_node' for CMake config files
[1.216s] DEBUG:colcon.colcon_core.event_handler.log_command:Invoked command in '/home/lincunha/SESASR/lab02/build/turtlebot3_fake_node' returned '0': CMAKE_PREFIX_PATH=${CMAKE_PREFIX_PATH}:/home/lincunha/SESASR/lab02/install/lab02_pkg:/opt/ros/humble /usr/bin/cmake --install /home/lincunha/SESASR/lab02/build/turtlebot3_fake_node
[1.222s] Level 1:colcon.colcon_core.shell:create_environment_hook('turtlebot3_fake_node', 'cmake_prefix_path')
[1.223s] INFO:colcon.colcon_core.shell:Creating environment hook '/home/lincunha/SESASR/lab02/install/turtlebot3_fake_node/share/turtlebot3_fake_node/hook/cmake_prefix_path.ps1'
[1.224s] INFO:colcon.colcon_core.shell:Creating environment descriptor '/home/lincunha/SESASR/lab02/install/turtlebot3_fake_node/share/turtlebot3_fake_node/hook/cmake_prefix_path.dsv'
[1.225s] INFO:colcon.colcon_core.shell:Creating environment hook '/home/lincunha/SESASR/lab02/install/turtlebot3_fake_node/share/turtlebot3_fake_node/hook/cmake_prefix_path.sh'
[1.228s] Level 1:colcon.colcon_core.environment:checking '/home/lincunha/SESASR/lab02/install/turtlebot3_fake_node/lib'
[1.228s] Level 1:colcon.colcon_core.environment:checking '/home/lincunha/SESASR/lab02/install/turtlebot3_fake_node/bin'
[1.229s] Level 1:colcon.colcon_core.environment:checking '/home/lincunha/SESASR/lab02/install/turtlebot3_fake_node/lib/pkgconfig/turtlebot3_fake_node.pc'
[1.229s] Level 1:colcon.colcon_core.environment:checking '/home/lincunha/SESASR/lab02/install/turtlebot3_fake_node/lib/python3.10/site-packages'
[1.229s] Level 1:colcon.colcon_core.environment:checking '/home/lincunha/SESASR/lab02/install/turtlebot3_fake_node/bin'
[1.230s] INFO:colcon.colcon_core.shell:Creating package script '/home/lincunha/SESASR/lab02/install/turtlebot3_fake_node/share/turtlebot3_fake_node/package.ps1'
[1.232s] INFO:colcon.colcon_core.shell:Creating package descriptor '/home/lincunha/SESASR/lab02/install/turtlebot3_fake_node/share/turtlebot3_fake_node/package.dsv'
[1.233s] INFO:colcon.colcon_core.shell:Creating package script '/home/lincunha/SESASR/lab02/install/turtlebot3_fake_node/share/turtlebot3_fake_node/package.sh'
[1.235s] INFO:colcon.colcon_core.shell:Creating package script '/home/lincunha/SESASR/lab02/install/turtlebot3_fake_node/share/turtlebot3_fake_node/package.bash'
[1.237s] INFO:colcon.colcon_core.shell:Creating package script '/home/lincunha/SESASR/lab02/install/turtlebot3_fake_node/share/turtlebot3_fake_node/package.zsh'
[1.238s] Level 1:colcon.colcon_core.environment:create_file_with_runtime_dependencies(/home/lincunha/SESASR/lab02/install/turtlebot3_fake_node/share/colcon-core/packages/turtlebot3_fake_node)
[1.242s] Level 1:colcon.colcon_core.environment:create_environment_scripts_only(turtlebot3_gazebo)
[1.242s] Level 1:colcon.colcon_core.environment:checking '/home/lincunha/SESASR/lab02/install/turtlebot3_gazebo' for CMake module files
[1.244s] DEBUG:colcon.colcon_core.event_handler.log_command:Invoked command in '/home/lincunha/SESASR/lab02/build/turtlebot3_gazebo' returned '0': CMAKE_PREFIX_PATH=${CMAKE_PREFIX_PATH}:/home/lincunha/SESASR/lab02/install/lab02_pkg:/opt/ros/humble /usr/bin/cmake --install /home/lincunha/SESASR/lab02/build/turtlebot3_gazebo
[1.245s] Level 1:colcon.colcon_core.environment:checking '/home/lincunha/SESASR/lab02/install/turtlebot3_gazebo' for CMake config files
[1.245s] Level 1:colcon.colcon_core.shell:create_environment_hook('turtlebot3_gazebo', 'cmake_prefix_path')
[1.246s] INFO:colcon.colcon_core.shell:Creating environment hook '/home/lincunha/SESASR/lab02/install/turtlebot3_gazebo/share/turtlebot3_gazebo/hook/cmake_prefix_path.ps1'
[1.247s] INFO:colcon.colcon_core.shell:Creating environment descriptor '/home/lincunha/SESASR/lab02/install/turtlebot3_gazebo/share/turtlebot3_gazebo/hook/cmake_prefix_path.dsv'
[1.248s] INFO:colcon.colcon_core.shell:Creating environment hook '/home/lincunha/SESASR/lab02/install/turtlebot3_gazebo/share/turtlebot3_gazebo/hook/cmake_prefix_path.sh'
[1.249s] Level 1:colcon.colcon_core.environment:checking '/home/lincunha/SESASR/lab02/install/turtlebot3_gazebo/lib'
[1.250s] Level 1:colcon.colcon_core.environment:checking '/home/lincunha/SESASR/lab02/install/turtlebot3_gazebo/bin'
[1.250s] Level 1:colcon.colcon_core.environment:checking '/home/lincunha/SESASR/lab02/install/turtlebot3_gazebo/lib/pkgconfig/turtlebot3_gazebo.pc'
[1.250s] Level 1:colcon.colcon_core.environment:checking '/home/lincunha/SESASR/lab02/install/turtlebot3_gazebo/lib/python3.10/site-packages'
[1.251s] Level 1:colcon.colcon_core.environment:checking '/home/lincunha/SESASR/lab02/install/turtlebot3_gazebo/bin'
[1.251s] INFO:colcon.colcon_core.shell:Creating package script '/home/lincunha/SESASR/lab02/install/turtlebot3_gazebo/share/turtlebot3_gazebo/package.ps1'
[1.252s] INFO:colcon.colcon_core.shell:Creating package descriptor '/home/lincunha/SESASR/lab02/install/turtlebot3_gazebo/share/turtlebot3_gazebo/package.dsv'
[1.253s] INFO:colcon.colcon_core.shell:Creating package script '/home/lincunha/SESASR/lab02/install/turtlebot3_gazebo/share/turtlebot3_gazebo/package.sh'
[1.254s] INFO:colcon.colcon_core.shell:Creating package script '/home/lincunha/SESASR/lab02/install/turtlebot3_gazebo/share/turtlebot3_gazebo/package.bash'
[1.255s] INFO:colcon.colcon_core.shell:Creating package script '/home/lincunha/SESASR/lab02/install/turtlebot3_gazebo/share/turtlebot3_gazebo/package.zsh'
[1.256s] Level 1:colcon.colcon_core.environment:create_file_with_runtime_dependencies(/home/lincunha/SESASR/lab02/install/turtlebot3_gazebo/share/colcon-core/packages/turtlebot3_gazebo)
[1.281s] Level 1:colcon.colcon_core.environment:create_environment_scripts_only(turtlebot3_fake_node)
[1.281s] Level 1:colcon.colcon_core.environment:checking '/home/lincunha/SESASR/lab02/install/turtlebot3_fake_node' for CMake module files
[1.282s] Level 1:colcon.colcon_core.environment:checking '/home/lincunha/SESASR/lab02/install/turtlebot3_fake_node' for CMake config files
[1.283s] Level 1:colcon.colcon_core.shell:create_environment_hook('turtlebot3_fake_node', 'cmake_prefix_path')
[1.284s] INFO:colcon.colcon_core.shell:Creating environment hook '/home/lincunha/SESASR/lab02/install/turtlebot3_fake_node/share/turtlebot3_fake_node/hook/cmake_prefix_path.ps1'
[1.285s] INFO:colcon.colcon_core.shell:Creating environment descriptor '/home/lincunha/SESASR/lab02/install/turtlebot3_fake_node/share/turtlebot3_fake_node/hook/cmake_prefix_path.dsv'
[1.287s] INFO:colcon.colcon_core.shell:Creating environment hook '/home/lincunha/SESASR/lab02/install/turtlebot3_fake_node/share/turtlebot3_fake_node/hook/cmake_prefix_path.sh'
[1.289s] Level 1:colcon.colcon_core.environment:checking '/home/lincunha/SESASR/lab02/install/turtlebot3_fake_node/lib'
[1.289s] Level 1:colcon.colcon_core.environment:checking '/home/lincunha/SESASR/lab02/install/turtlebot3_fake_node/bin'
[1.289s] Level 1:colcon.colcon_core.environment:checking '/home/lincunha/SESASR/lab02/install/turtlebot3_fake_node/lib/pkgconfig/turtlebot3_fake_node.pc'
[1.289s] Level 1:colcon.colcon_core.environment:checking '/home/lincunha/SESASR/lab02/install/turtlebot3_fake_node/lib/python3.10/site-packages'
[1.290s] Level 1:colcon.colcon_core.environment:checking '/home/lincunha/SESASR/lab02/install/turtlebot3_fake_node/bin'
[1.291s] INFO:colcon.colcon_core.shell:Creating package script '/home/lincunha/SESASR/lab02/install/turtlebot3_fake_node/share/turtlebot3_fake_node/package.ps1'
[1.292s] INFO:colcon.colcon_core.shell:Creating package descriptor '/home/lincunha/SESASR/lab02/install/turtlebot3_fake_node/share/turtlebot3_fake_node/package.dsv'
[1.293s] INFO:colcon.colcon_core.shell:Creating package script '/home/lincunha/SESASR/lab02/install/turtlebot3_fake_node/share/turtlebot3_fake_node/package.sh'
[1.293s] INFO:colcon.colcon_core.shell:Creating package script '/home/lincunha/SESASR/lab02/install/turtlebot3_fake_node/share/turtlebot3_fake_node/package.bash'
[1.294s] INFO:colcon.colcon_core.shell:Creating package script '/home/lincunha/SESASR/lab02/install/turtlebot3_fake_node/share/turtlebot3_fake_node/package.zsh'
[1.295s] Level 1:colcon.colcon_core.environment:create_file_with_runtime_dependencies(/home/lincunha/SESASR/lab02/install/turtlebot3_fake_node/share/colcon-core/packages/turtlebot3_fake_node)
[1.323s] Level 1:colcon.colcon_core.environment:create_environment_scripts_only(turtlebot3_gazebo)
[1.323s] Level 1:colcon.colcon_core.environment:checking '/home/lincunha/SESASR/lab02/install/turtlebot3_gazebo' for CMake module files
[1.324s] Level 1:colcon.colcon_core.environment:checking '/home/lincunha/SESASR/lab02/install/turtlebot3_gazebo' for CMake config files
[1.325s] Level 1:colcon.colcon_core.shell:create_environment_hook('turtlebot3_gazebo', 'cmake_prefix_path')
[1.325s] INFO:colcon.colcon_core.shell:Creating environment hook '/home/lincunha/SESASR/lab02/install/turtlebot3_gazebo/share/turtlebot3_gazebo/hook/cmake_prefix_path.ps1'
[1.326s] INFO:colcon.colcon_core.shell:Creating environment descriptor '/home/lincunha/SESASR/lab02/install/turtlebot3_gazebo/share/turtlebot3_gazebo/hook/cmake_prefix_path.dsv'
[1.327s] INFO:colcon.colcon_core.shell:Creating environment hook '/home/lincunha/SESASR/lab02/install/turtlebot3_gazebo/share/turtlebot3_gazebo/hook/cmake_prefix_path.sh'
[1.328s] Level 1:colcon.colcon_core.environment:checking '/home/lincunha/SESASR/lab02/install/turtlebot3_gazebo/lib'
[1.328s] Level 1:colcon.colcon_core.environment:checking '/home/lincunha/SESASR/lab02/install/turtlebot3_gazebo/bin'
[1.328s] Level 1:colcon.colcon_core.environment:checking '/home/lincunha/SESASR/lab02/install/turtlebot3_gazebo/lib/pkgconfig/turtlebot3_gazebo.pc'
[1.328s] Level 1:colcon.colcon_core.environment:checking '/home/lincunha/SESASR/lab02/install/turtlebot3_gazebo/lib/python3.10/site-packages'
[1.329s] Level 1:colcon.colcon_core.environment:checking '/home/lincunha/SESASR/lab02/install/turtlebot3_gazebo/bin'
[1.330s] INFO:colcon.colcon_core.shell:Creating package script '/home/lincunha/SESASR/lab02/install/turtlebot3_gazebo/share/turtlebot3_gazebo/package.ps1'
[1.331s] INFO:colcon.colcon_core.shell:Creating package descriptor '/home/lincunha/SESASR/lab02/install/turtlebot3_gazebo/share/turtlebot3_gazebo/package.dsv'
[1.332s] INFO:colcon.colcon_core.shell:Creating package script '/home/lincunha/SESASR/lab02/install/turtlebot3_gazebo/share/turtlebot3_gazebo/package.sh'
[1.333s] INFO:colcon.colcon_core.shell:Creating package script '/home/lincunha/SESASR/lab02/install/turtlebot3_gazebo/share/turtlebot3_gazebo/package.bash'
[1.334s] INFO:colcon.colcon_core.shell:Creating package script '/home/lincunha/SESASR/lab02/install/turtlebot3_gazebo/share/turtlebot3_gazebo/package.zsh'
[1.335s] Level 1:colcon.colcon_core.environment:create_file_with_runtime_dependencies(/home/lincunha/SESASR/lab02/install/turtlebot3_gazebo/share/colcon-core/packages/turtlebot3_gazebo)
[1.336s] INFO:colcon.colcon_ros.task.ament_cmake.build:Building ROS package in '/home/lincunha/SESASR/lab02/src/turtlebot3_simulations/turtlebot3_simulations' with build type 'ament_cmake'
[1.336s] INFO:colcon.colcon_cmake.task.cmake.build:Building CMake package in '/home/lincunha/SESASR/lab02/src/turtlebot3_simulations/turtlebot3_simulations'
[1.337s] INFO:colcon.colcon_core.shell:Skip shell extension 'powershell' for command environment: Not usable outside of PowerShell
[1.337s] DEBUG:colcon.colcon_core.shell:Skip shell extension 'dsv' for command environment
[1.442s] DEBUG:colcon.colcon_core.event_handler.log_command:Invoking command in '/home/lincunha/SESASR/lab02/build/turtlebot3_simulations': CMAKE_PREFIX_PATH=/home/lincunha/SESASR/lab02/install/turtlebot3_gazebo:/home/lincunha/SESASR/lab02/install/turtlebot3_fake_node:/home/lincunha/SESASR/lab02/install/turtlebot3_simulations:/home/lincunha/SESASR/lab02/install/lab02_pkg:/opt/ros/humble /usr/bin/cmake --build /home/lincunha/SESASR/lab02/build/turtlebot3_simulations -- -j8 -l8
[1.500s] DEBUG:colcon.colcon_core.event_handler.log_command:Invoked command in '/home/lincunha/SESASR/lab02/build/turtlebot3_simulations' returned '0': CMAKE_PREFIX_PATH=/home/lincunha/SESASR/lab02/install/turtlebot3_gazebo:/home/lincunha/SESASR/lab02/install/turtlebot3_fake_node:/home/lincunha/SESASR/lab02/install/turtlebot3_simulations:/home/lincunha/SESASR/lab02/install/lab02_pkg:/opt/ros/humble /usr/bin/cmake --build /home/lincunha/SESASR/lab02/build/turtlebot3_simulations -- -j8 -l8
[1.538s] DEBUG:colcon.colcon_core.event_handler.log_command:Invoking command in '/home/lincunha/SESASR/lab02/build/turtlebot3_simulations': CMAKE_PREFIX_PATH=/home/lincunha/SESASR/lab02/install/turtlebot3_gazebo:/home/lincunha/SESASR/lab02/install/turtlebot3_fake_node:/home/lincunha/SESASR/lab02/install/turtlebot3_simulations:/home/lincunha/SESASR/lab02/install/lab02_pkg:/opt/ros/humble /usr/bin/cmake --install /home/lincunha/SESASR/lab02/build/turtlebot3_simulations
[1.569s] Level 1:colcon.colcon_core.environment:create_environment_scripts_only(turtlebot3_simulations)
[1.569s] Level 1:colcon.colcon_core.environment:checking '/home/lincunha/SESASR/lab02/install/turtlebot3_simulations' for CMake module files
[1.571s] DEBUG:colcon.colcon_core.event_handler.log_command:Invoked command in '/home/lincunha/SESASR/lab02/build/turtlebot3_simulations' returned '0': CMAKE_PREFIX_PATH=/home/lincunha/SESASR/lab02/install/turtlebot3_gazebo:/home/lincunha/SESASR/lab02/install/turtlebot3_fake_node:/home/lincunha/SESASR/lab02/install/turtlebot3_simulations:/home/lincunha/SESASR/lab02/install/lab02_pkg:/opt/ros/humble /usr/bin/cmake --install /home/lincunha/SESASR/lab02/build/turtlebot3_simulations
[1.572s] Level 1:colcon.colcon_core.environment:checking '/home/lincunha/SESASR/lab02/install/turtlebot3_simulations' for CMake config files
[1.573s] Level 1:colcon.colcon_core.shell:create_environment_hook('turtlebot3_simulations', 'cmake_prefix_path')
[1.573s] INFO:colcon.colcon_core.shell:Creating environment hook '/home/lincunha/SESASR/lab02/install/turtlebot3_simulations/share/turtlebot3_simulations/hook/cmake_prefix_path.ps1'
[1.574s] INFO:colcon.colcon_core.shell:Creating environment descriptor '/home/lincunha/SESASR/lab02/install/turtlebot3_simulations/share/turtlebot3_simulations/hook/cmake_prefix_path.dsv'
[1.575s] INFO:colcon.colcon_core.shell:Creating environment hook '/home/lincunha/SESASR/lab02/install/turtlebot3_simulations/share/turtlebot3_simulations/hook/cmake_prefix_path.sh'
[1.576s] Level 1:colcon.colcon_core.environment:checking '/home/lincunha/SESASR/lab02/install/turtlebot3_simulations/bin'
[1.576s] Level 1:colcon.colcon_core.environment:checking '/home/lincunha/SESASR/lab02/install/turtlebot3_simulations/lib/pkgconfig/turtlebot3_simulations.pc'
[1.577s] Level 1:colcon.colcon_core.environment:checking '/home/lincunha/SESASR/lab02/install/turtlebot3_simulations/lib/python3.10/site-packages'
[1.577s] Level 1:colcon.colcon_core.environment:checking '/home/lincunha/SESASR/lab02/install/turtlebot3_simulations/bin'
[1.578s] INFO:colcon.colcon_core.shell:Creating package script '/home/lincunha/SESASR/lab02/install/turtlebot3_simulations/share/turtlebot3_simulations/package.ps1'
[1.580s] INFO:colcon.colcon_core.shell:Creating package descriptor '/home/lincunha/SESASR/lab02/install/turtlebot3_simulations/share/turtlebot3_simulations/package.dsv'
[1.581s] INFO:colcon.colcon_core.shell:Creating package script '/home/lincunha/SESASR/lab02/install/turtlebot3_simulations/share/turtlebot3_simulations/package.sh'
[1.581s] INFO:colcon.colcon_core.shell:Creating package script '/home/lincunha/SESASR/lab02/install/turtlebot3_simulations/share/turtlebot3_simulations/package.bash'
[1.582s] INFO:colcon.colcon_core.shell:Creating package script '/home/lincunha/SESASR/lab02/install/turtlebot3_simulations/share/turtlebot3_simulations/package.zsh'
[1.583s] Level 1:colcon.colcon_core.environment:create_file_with_runtime_dependencies(/home/lincunha/SESASR/lab02/install/turtlebot3_simulations/share/colcon-core/packages/turtlebot3_simulations)
[1.618s] Level 1:colcon.colcon_core.environment:create_environment_scripts_only(turtlebot3_simulations)
[1.619s] Level 1:colcon.colcon_core.environment:checking '/home/lincunha/SESASR/lab02/install/turtlebot3_simulations' for CMake module files
[1.619s] Level 1:colcon.colcon_core.environment:checking '/home/lincunha/SESASR/lab02/install/turtlebot3_simulations' for CMake config files
[1.620s] Level 1:colcon.colcon_core.shell:create_environment_hook('turtlebot3_simulations', 'cmake_prefix_path')
[1.620s] INFO:colcon.colcon_core.shell:Creating environment hook '/home/lincunha/SESASR/lab02/install/turtlebot3_simulations/share/turtlebot3_simulations/hook/cmake_prefix_path.ps1'
[1.621s] INFO:colcon.colcon_core.shell:Creating environment descriptor '/home/lincunha/SESASR/lab02/install/turtlebot3_simulations/share/turtlebot3_simulations/hook/cmake_prefix_path.dsv'
[1.622s] INFO:colcon.colcon_core.shell:Creating environment hook '/home/lincunha/SESASR/lab02/install/turtlebot3_simulations/share/turtlebot3_simulations/hook/cmake_prefix_path.sh'
[1.623s] Level 1:colcon.colcon_core.environment:checking '/home/lincunha/SESASR/lab02/install/turtlebot3_simulations/bin'
[1.623s] Level 1:colcon.colcon_core.environment:checking '/home/lincunha/SESASR/lab02/install/turtlebot3_simulations/lib/pkgconfig/turtlebot3_simulations.pc'
[1.623s] Level 1:colcon.colcon_core.environment:checking '/home/lincunha/SESASR/lab02/install/turtlebot3_simulations/lib/python3.10/site-packages'
[1.624s] Level 1:colcon.colcon_core.environment:checking '/home/lincunha/SESASR/lab02/install/turtlebot3_simulations/bin'
[1.624s] INFO:colcon.colcon_core.shell:Creating package script '/home/lincunha/SESASR/lab02/install/turtlebot3_simulations/share/turtlebot3_simulations/package.ps1'
[1.626s] INFO:colcon.colcon_core.shell:Creating package descriptor '/home/lincunha/SESASR/lab02/install/turtlebot3_simulations/share/turtlebot3_simulations/package.dsv'
[1.627s] INFO:colcon.colcon_core.shell:Creating package script '/home/lincunha/SESASR/lab02/install/turtlebot3_simulations/share/turtlebot3_simulations/package.sh'
[1.627s] INFO:colcon.colcon_core.shell:Creating package script '/home/lincunha/SESASR/lab02/install/turtlebot3_simulations/share/turtlebot3_simulations/package.bash'
[1.628s] INFO:colcon.colcon_core.shell:Creating package script '/home/lincunha/SESASR/lab02/install/turtlebot3_simulations/share/turtlebot3_simulations/package.zsh'
[1.629s] Level 1:colcon.colcon_core.environment:create_file_with_runtime_dependencies(/home/lincunha/SESASR/lab02/install/turtlebot3_simulations/share/colcon-core/packages/turtlebot3_simulations)
[1.746s] DEBUG:colcon.colcon_core.event_handler.log_command:Invoking command in '/home/lincunha/SESASR/lab02/src/lab02_pkg': PYTHONPATH=/home/lincunha/SESASR/lab02/build/lab02_pkg/prefix_override:/usr/lib/python3/dist-packages/colcon_core/task/python/colcon_distutils_commands:/home/lincunha/SESASR/lab02/install/lab02_pkg/lib/python3.10/site-packages:${PYTHONPATH} /usr/bin/python3 -W ignore:setup.py install is deprecated setup.py egg_info --egg-base ../../build/lab02_pkg build --build-base /home/lincunha/SESASR/lab02/build/lab02_pkg/build install --record /home/lincunha/SESASR/lab02/build/lab02_pkg/install.log --single-version-externally-managed install_data
[2.187s] Level 1:colcon.colcon_core.environment:checking '/home/lincunha/SESASR/lab02/install/lab02_pkg' for CMake module files
[2.189s] DEBUG:colcon.colcon_core.event_handler.log_command:Invoked command in '/home/lincunha/SESASR/lab02/src/lab02_pkg' returned '0': PYTHONPATH=/home/lincunha/SESASR/lab02/build/lab02_pkg/prefix_override:/usr/lib/python3/dist-packages/colcon_core/task/python/colcon_distutils_commands:/home/lincunha/SESASR/lab02/install/lab02_pkg/lib/python3.10/site-packages:${PYTHONPATH} /usr/bin/python3 -W ignore:setup.py install is deprecated setup.py egg_info --egg-base ../../build/lab02_pkg build --build-base /home/lincunha/SESASR/lab02/build/lab02_pkg/build install --record /home/lincunha/SESASR/lab02/build/lab02_pkg/install.log --single-version-externally-managed install_data
[2.189s] Level 1:colcon.colcon_core.environment:checking '/home/lincunha/SESASR/lab02/install/lab02_pkg' for CMake config files
[2.190s] Level 1:colcon.colcon_core.environment:checking '/home/lincunha/SESASR/lab02/install/lab02_pkg/lib'
[2.191s] Level 1:colcon.colcon_core.environment:checking '/home/lincunha/SESASR/lab02/install/lab02_pkg/bin'
[2.191s] Level 1:colcon.colcon_core.environment:checking '/home/lincunha/SESASR/lab02/install/lab02_pkg/lib/pkgconfig/lab02_pkg.pc'
[2.191s] Level 1:colcon.colcon_core.environment:checking '/home/lincunha/SESASR/lab02/install/lab02_pkg/lib/python3.10/site-packages'
[2.191s] Level 1:colcon.colcon_core.shell:create_environment_hook('lab02_pkg', 'pythonpath')
[2.191s] INFO:colcon.colcon_core.shell:Creating environment hook '/home/lincunha/SESASR/lab02/install/lab02_pkg/share/lab02_pkg/hook/pythonpath.ps1'
[2.192s] INFO:colcon.colcon_core.shell:Creating environment descriptor '/home/lincunha/SESASR/lab02/install/lab02_pkg/share/lab02_pkg/hook/pythonpath.dsv'
[2.193s] INFO:colcon.colcon_core.shell:Creating environment hook '/home/lincunha/SESASR/lab02/install/lab02_pkg/share/lab02_pkg/hook/pythonpath.sh'
[2.194s] Level 1:colcon.colcon_core.environment:checking '/home/lincunha/SESASR/lab02/install/lab02_pkg/bin'
[2.194s] Level 1:colcon.colcon_core.environment:create_environment_scripts_only(lab02_pkg)
[2.195s] INFO:colcon.colcon_core.shell:Creating package script '/home/lincunha/SESASR/lab02/install/lab02_pkg/share/lab02_pkg/package.ps1'
[2.196s] INFO:colcon.colcon_core.shell:Creating package descriptor '/home/lincunha/SESASR/lab02/install/lab02_pkg/share/lab02_pkg/package.dsv'
[2.196s] INFO:colcon.colcon_core.shell:Creating package script '/home/lincunha/SESASR/lab02/install/lab02_pkg/share/lab02_pkg/package.sh'
[2.198s] INFO:colcon.colcon_core.shell:Creating package script '/home/lincunha/SESASR/lab02/install/lab02_pkg/share/lab02_pkg/package.bash'
[2.198s] INFO:colcon.colcon_core.shell:Creating package script '/home/lincunha/SESASR/lab02/install/lab02_pkg/share/lab02_pkg/package.zsh'
[2.199s] Level 1:colcon.colcon_core.environment:create_file_with_runtime_dependencies(/home/lincunha/SESASR/lab02/install/lab02_pkg/share/colcon-core/packages/lab02_pkg)
[2.200s] DEBUG:colcon.colcon_parallel_executor.executor.parallel:closing loop
[2.201s] DEBUG:colcon.colcon_parallel_executor.executor.parallel:loop closed
[2.201s] DEBUG:colcon.colcon_parallel_executor.executor.parallel:run_until_complete finished with '0'
[2.202s] DEBUG:colcon.colcon_core.event_reactor:joining thread
[2.251s] INFO:colcon.colcon_core.plugin_system:Skipping extension 'colcon_notification.desktop_notification.notify_send': Could not find 'notify-send'
[2.251s] INFO:colcon.colcon_core.plugin_system:Skipping extension 'colcon_notification.desktop_notification.terminal_notifier': Not used on non-Darwin systems
[2.251s] INFO:colcon.colcon_core.plugin_system:Skipping extension 'colcon_notification.desktop_notification.win32': Not used on non-Windows systems
[2.251s] INFO:colcon.colcon_notification.desktop_notification:Sending desktop notification using 'notify2'
[2.251s] DEBUG:colcon.colcon_notification.desktop_notification.notify2:Failed to initialize notify2: org.freedesktop.DBus.Error.FileNotFound: Failed to connect to socket /run/user/1000/bus: No such file or directory
[2.252s] DEBUG:colcon.colcon_core.event_reactor:joined thread
[2.252s] INFO:colcon.colcon_core.shell:Creating prefix script '/home/lincunha/SESASR/lab02/install/local_setup.ps1'
[2.254s] INFO:colcon.colcon_core.shell:Creating prefix util module '/home/lincunha/SESASR/lab02/install/_local_setup_util_ps1.py'
[2.256s] INFO:colcon.colcon_core.shell:Creating prefix chain script '/home/lincunha/SESASR/lab02/install/setup.ps1'
[2.259s] INFO:colcon.colcon_core.shell:Creating prefix script '/home/lincunha/SESASR/lab02/install/local_setup.sh'
[2.260s] INFO:colcon.colcon_core.shell:Creating prefix util module '/home/lincunha/SESASR/lab02/install/_local_setup_util_sh.py'
[2.261s] INFO:colcon.colcon_core.shell:Creating prefix chain script '/home/lincunha/SESASR/lab02/install/setup.sh'
[2.263s] INFO:colcon.colcon_core.shell:Creating prefix script '/home/lincunha/SESASR/lab02/install/local_setup.bash'
[2.264s] INFO:colcon.colcon_core.shell:Creating prefix chain script '/home/lincunha/SESASR/lab02/install/setup.bash'
[2.266s] INFO:colcon.colcon_core.shell:Creating prefix script '/home/lincunha/SESASR/lab02/install/local_setup.zsh'
[2.267s] INFO:colcon.colcon_core.shell:Creating prefix chain script '/home/lincunha/SESASR/lab02/install/setup.zsh'
