[0.095s] Invoking command in '/home/lincunha/SESASR/lab02/build/turtlebot3_gazebo': CMAKE_PREFIX_PATH=${CMAKE_PREFIX_PATH}:/home/lincunha/SESASR/lab02/install/lab02_pkg:/opt/ros/humble /usr/bin/cmake --build /home/lincunha/SESASR/lab02/build/turtlebot3_gazebo -- -j8 -l8
[0.440s] [ 25%] Built target turtlebot3_drive
[0.525s] [ 50%] Built target obstacle1
[0.534s] [ 75%] Built target obstacle2
[0.556s] [100%] Built target obstacles
[1.655s] Invoked command in '/home/lincunha/SESASR/lab02/build/turtlebot3_gazebo' returned '0': CMAKE_PREFIX_PATH=${CMAKE_PREFIX_PATH}:/home/lincunha/SESASR/lab02/install/lab02_pkg:/opt/ros/humble /usr/bin/cmake --build /home/lincunha/SESASR/lab02/build/turtlebot3_gazebo -- -j8 -l8
[1.822s] Invoking command in '/home/lincunha/SESASR/lab02/build/turtlebot3_gazebo': CMAKE_PREFIX_PATH=${CMAKE_PREFIX_PATH}:/home/lincunha/SESASR/lab02/install/lab02_pkg:/opt/ros/humble /usr/bin/cmake --install /home/lincunha/SESASR/lab02/build/turtlebot3_gazebo
[1.876s] -- Install configuration: ""
[1.877s] -- Execute custom install script
[1.877s] -- Up-to-date symlink: /home/lincunha/SESASR/lab02/install/turtlebot3_gazebo/lib/turtlebot3_gazebo/turtlebot3_drive
[1.894s] -- Up-to-date symlink: /home/lincunha/SESASR/lab02/install/turtlebot3_gazebo/share/turtlebot3_gazebo//launch/empty_world.launch.py
[1.894s] -- Up-to-date symlink: /home/lincunha/SESASR/lab02/install/turtlebot3_gazebo/share/turtlebot3_gazebo//launch/lab02.launch.py
[1.894s] -- Up-to-date symlink: /home/lincunha/SESASR/lab02/install/turtlebot3_gazebo/share/turtlebot3_gazebo//launch/robot_state_publisher.launch.py
[1.894s] -- Up-to-date symlink: /home/lincunha/SESASR/lab02/install/turtlebot3_gazebo/share/turtlebot3_gazebo//launch/spawn_turtlebot3.launch.py
[1.895s] -- Up-to-date symlink: /home/lincunha/SESASR/lab02/install/turtlebot3_gazebo/share/turtlebot3_gazebo//launch/turtlebot3_dqn_stage1.launch.py
[1.895s] -- Up-to-date symlink: /home/lincunha/SESASR/lab02/install/turtlebot3_gazebo/share/turtlebot3_gazebo//launch/turtlebot3_dqn_stage2.launch.py
[1.907s] -- Up-to-date symlink: /home/lincunha/SESASR/lab02/install/turtlebot3_gazebo/share/turtlebot3_gazebo//launch/turtlebot3_dqn_stage3.launch.py
[1.908s] -- Up-to-date symlink: /home/lincunha/SESASR/lab02/install/turtlebot3_gazebo/share/turtlebot3_gazebo//launch/turtlebot3_dqn_stage4.launch.py
[1.909s] -- Up-to-date symlink: /home/lincunha/SESASR/lab02/install/turtlebot3_gazebo/share/turtlebot3_gazebo//launch/turtlebot3_house.launch.py
[1.909s] -- Up-to-date symlink: /home/lincunha/SESASR/lab02/install/turtlebot3_gazebo/share/turtlebot3_gazebo//launch/turtlebot3_world.launch.py
[1.912s] -- Up-to-date symlink: /home/lincunha/SESASR/lab02/install/turtlebot3_gazebo/share/turtlebot3_gazebo//models/turtlebot3_burger/model-1_4.sdf
[1.912s] -- Up-to-date symlink: /home/lincunha/SESASR/lab02/install/turtlebot3_gazebo/share/turtlebot3_gazebo//models/turtlebot3_burger/model.config
[1.913s] -- Up-to-date symlink: /home/lincunha/SESASR/lab02/install/turtlebot3_gazebo/share/turtlebot3_gazebo//models/turtlebot3_burger/model.sdf
[1.924s] -- Up-to-date symlink: /home/lincunha/SESASR/lab02/install/turtlebot3_gazebo/share/turtlebot3_gazebo//models/turtlebot3_common/meshes/burger_base.dae
[1.926s] -- Up-to-date symlink: /home/lincunha/SESASR/lab02/install/turtlebot3_gazebo/share/turtlebot3_gazebo//models/turtlebot3_common/meshes/lds.dae
[1.927s] -- Up-to-date symlink: /home/lincunha/SESASR/lab02/install/turtlebot3_gazebo/share/turtlebot3_gazebo//models/turtlebot3_common/meshes/r200.dae
[1.928s] -- Up-to-date symlink: /home/lincunha/SESASR/lab02/install/turtlebot3_gazebo/share/turtlebot3_gazebo//models/turtlebot3_common/meshes/tire.dae
[1.939s] -- Up-to-date symlink: /home/lincunha/SESASR/lab02/install/turtlebot3_gazebo/share/turtlebot3_gazebo//models/turtlebot3_common/meshes/waffle_base.dae
[1.940s] -- Up-to-date symlink: /home/lincunha/SESASR/lab02/install/turtlebot3_gazebo/share/turtlebot3_gazebo//models/turtlebot3_common/meshes/waffle_pi_base.dae
[1.954s] -- Up-to-date symlink: /home/lincunha/SESASR/lab02/install/turtlebot3_gazebo/share/turtlebot3_gazebo//models/turtlebot3_common/model.config
[1.955s] -- Up-to-date symlink: /home/lincunha/SESASR/lab02/install/turtlebot3_gazebo/share/turtlebot3_gazebo//models/turtlebot3_dqn_world/goal_box/model.config
[1.955s] -- Up-to-date symlink: /home/lincunha/SESASR/lab02/install/turtlebot3_gazebo/share/turtlebot3_gazebo//models/turtlebot3_dqn_world/goal_box/model.sdf
[1.956s] -- Up-to-date symlink: /home/lincunha/SESASR/lab02/install/turtlebot3_gazebo/share/turtlebot3_gazebo//models/turtlebot3_dqn_world/inner_walls/model.config
[1.956s] -- Up-to-date symlink: /home/lincunha/SESASR/lab02/install/turtlebot3_gazebo/share/turtlebot3_gazebo//models/turtlebot3_dqn_world/inner_walls/model.sdf
[1.957s] -- Up-to-date symlink: /home/lincunha/SESASR/lab02/install/turtlebot3_gazebo/share/turtlebot3_gazebo//models/turtlebot3_dqn_world/model.config
[1.967s] -- Up-to-date symlink: /home/lincunha/SESASR/lab02/install/turtlebot3_gazebo/share/turtlebot3_gazebo//models/turtlebot3_dqn_world/model.sdf
[1.998s] -- Up-to-date symlink: /home/lincunha/SESASR/lab02/install/turtlebot3_gazebo/share/turtlebot3_gazebo//models/turtlebot3_dqn_world/obstacle1/model.config
[2.019s] -- Up-to-date symlink: /home/lincunha/SESASR/lab02/install/turtlebot3_gazebo/share/turtlebot3_gazebo//models/turtlebot3_dqn_world/obstacle1/model.sdf
[2.028s] -- Up-to-date symlink: /home/lincunha/SESASR/lab02/install/turtlebot3_gazebo/share/turtlebot3_gazebo//models/turtlebot3_dqn_world/obstacle2/model.config
[2.038s] -- Up-to-date symlink: /home/lincunha/SESASR/lab02/install/turtlebot3_gazebo/share/turtlebot3_gazebo//models/turtlebot3_dqn_world/obstacle2/model.sdf
[2.049s] -- Up-to-date symlink: /home/lincunha/SESASR/lab02/install/turtlebot3_gazebo/share/turtlebot3_gazebo//models/turtlebot3_dqn_world/obstacle_plugin/CMakeLists.txt
[2.051s] -- Up-to-date symlink: /home/lincunha/SESASR/lab02/install/turtlebot3_gazebo/share/turtlebot3_gazebo//models/turtlebot3_dqn_world/obstacle_plugin/obstacle1.cc
[2.053s] -- Up-to-date symlink: /home/lincunha/SESASR/lab02/install/turtlebot3_gazebo/share/turtlebot3_gazebo//models/turtlebot3_dqn_world/obstacle_plugin/obstacle2.cc
[2.053s] -- Up-to-date symlink: /home/lincunha/SESASR/lab02/install/turtlebot3_gazebo/share/turtlebot3_gazebo//models/turtlebot3_dqn_world/obstacle_plugin/obstacles.cc
[2.053s] -- Up-to-date symlink: /home/lincunha/SESASR/lab02/install/turtlebot3_gazebo/share/turtlebot3_gazebo//models/turtlebot3_dqn_world/obstacles/model.config
[2.054s] -- Up-to-date symlink: /home/lincunha/SESASR/lab02/install/turtlebot3_gazebo/share/turtlebot3_gazebo//models/turtlebot3_dqn_world/obstacles/model.sdf
[2.054s] -- Up-to-date symlink: /home/lincunha/SESASR/lab02/install/turtlebot3_gazebo/share/turtlebot3_gazebo//models/turtlebot3_house/model.config
[2.055s] -- Up-to-date symlink: /home/lincunha/SESASR/lab02/install/turtlebot3_gazebo/share/turtlebot3_gazebo//models/turtlebot3_house/model.sdf
[2.055s] -- Up-to-date symlink: /home/lincunha/SESASR/lab02/install/turtlebot3_gazebo/share/turtlebot3_gazebo//models/turtlebot3_waffle/model-1_4.sdf
[2.055s] -- Up-to-date symlink: /home/lincunha/SESASR/lab02/install/turtlebot3_gazebo/share/turtlebot3_gazebo//models/turtlebot3_waffle/model.config
[2.057s] -- Up-to-date symlink: /home/lincunha/SESASR/lab02/install/turtlebot3_gazebo/share/turtlebot3_gazebo//models/turtlebot3_waffle/model.sdf
[2.078s] -- Up-to-date symlink: /home/lincunha/SESASR/lab02/install/turtlebot3_gazebo/share/turtlebot3_gazebo//models/turtlebot3_waffle_pi/model-1_4_.sdf
[2.079s] -- Up-to-date symlink: /home/lincunha/SESASR/lab02/install/turtlebot3_gazebo/share/turtlebot3_gazebo//models/turtlebot3_waffle_pi/model.config
[2.081s] -- Up-to-date symlink: /home/lincunha/SESASR/lab02/install/turtlebot3_gazebo/share/turtlebot3_gazebo//models/turtlebot3_waffle_pi/model.sdf
[2.082s] -- Up-to-date symlink: /home/lincunha/SESASR/lab02/install/turtlebot3_gazebo/share/turtlebot3_gazebo//models/turtlebot3_world/meshes/hexagon.dae
[2.082s] -- Up-to-date symlink: /home/lincunha/SESASR/lab02/install/turtlebot3_gazebo/share/turtlebot3_gazebo//models/turtlebot3_world/meshes/wall.dae
[2.082s] -- Up-to-date symlink: /home/lincunha/SESASR/lab02/install/turtlebot3_gazebo/share/turtlebot3_gazebo//models/turtlebot3_world/model-1_4.sdf
[2.082s] -- Up-to-date symlink: /home/lincunha/SESASR/lab02/install/turtlebot3_gazebo/share/turtlebot3_gazebo//models/turtlebot3_world/model.config
[2.083s] -- Up-to-date symlink: /home/lincunha/SESASR/lab02/install/turtlebot3_gazebo/share/turtlebot3_gazebo//models/turtlebot3_world/model.sdf
[2.083s] -- Up-to-date symlink: /home/lincunha/SESASR/lab02/install/turtlebot3_gazebo/share/turtlebot3_gazebo//rviz/tb3_gazebo.rviz
[2.083s] -- Up-to-date symlink: /home/lincunha/SESASR/lab02/install/turtlebot3_gazebo/share/turtlebot3_gazebo//urdf/common_properties.urdf
[2.083s] -- Up-to-date symlink: /home/lincunha/SESASR/lab02/install/turtlebot3_gazebo/share/turtlebot3_gazebo//urdf/turtlebot3_burger.urdf
[2.084s] -- Up-to-date symlink: /home/lincunha/SESASR/lab02/install/turtlebot3_gazebo/share/turtlebot3_gazebo//urdf/turtlebot3_waffle.urdf
[2.084s] -- Up-to-date symlink: /home/lincunha/SESASR/lab02/install/turtlebot3_gazebo/share/turtlebot3_gazebo//urdf/turtlebot3_waffle_pi.urdf
[2.084s] -- Up-to-date symlink: /home/lincunha/SESASR/lab02/install/turtlebot3_gazebo/share/turtlebot3_gazebo//worlds/empty_world.world
[2.084s] -- Up-to-date symlink: /home/lincunha/SESASR/lab02/install/turtlebot3_gazebo/share/turtlebot3_gazebo//worlds/maze.world
[2.084s] -- Up-to-date symlink: /home/lincunha/SESASR/lab02/install/turtlebot3_gazebo/share/turtlebot3_gazebo//worlds/turtlebot3_dqn_stage1.world
[2.085s] -- Up-to-date symlink: /home/lincunha/SESASR/lab02/install/turtlebot3_gazebo/share/turtlebot3_gazebo//worlds/turtlebot3_dqn_stage2.world
[2.085s] -- Up-to-date symlink: /home/lincunha/SESASR/lab02/install/turtlebot3_gazebo/share/turtlebot3_gazebo//worlds/turtlebot3_dqn_stage3.world
[2.085s] -- Up-to-date symlink: /home/lincunha/SESASR/lab02/install/turtlebot3_gazebo/share/turtlebot3_gazebo//worlds/turtlebot3_dqn_stage4.world
[2.085s] -- Up-to-date symlink: /home/lincunha/SESASR/lab02/install/turtlebot3_gazebo/share/turtlebot3_gazebo//worlds/turtlebot3_house.world
[2.086s] -- Up-to-date symlink: /home/lincunha/SESASR/lab02/install/turtlebot3_gazebo/share/turtlebot3_gazebo//worlds/turtlebot3_world.world
[2.086s] -- Up-to-date symlink: /home/lincunha/SESASR/lab02/install/turtlebot3_gazebo/include//turtlebot3_gazebo/turtlebot3_drive.hpp
[2.086s] -- Up-to-date symlink: /home/lincunha/SESASR/lab02/install/turtlebot3_gazebo/share/turtlebot3_gazebo/environment/turtlebot3_gazebo.dsv
[2.102s] -- Up-to-date symlink: /home/lincunha/SESASR/lab02/install/turtlebot3_gazebo/share/ament_index/resource_index/package_run_dependencies/turtlebot3_gazebo
[2.104s] -- Up-to-date symlink: /home/lincunha/SESASR/lab02/install/turtlebot3_gazebo/share/ament_index/resource_index/parent_prefix_path/turtlebot3_gazebo
[2.105s] -- Up-to-date symlink: /home/lincunha/SESASR/lab02/install/turtlebot3_gazebo/share/turtlebot3_gazebo/environment/ament_prefix_path.sh
[2.106s] -- Up-to-date symlink: /home/lincunha/SESASR/lab02/install/turtlebot3_gazebo/share/turtlebot3_gazebo/environment/ament_prefix_path.dsv
[2.110s] -- Up-to-date symlink: /home/lincunha/SESASR/lab02/install/turtlebot3_gazebo/share/turtlebot3_gazebo/environment/path.sh
[2.110s] -- Up-to-date symlink: /home/lincunha/SESASR/lab02/install/turtlebot3_gazebo/share/turtlebot3_gazebo/environment/path.dsv
[2.111s] -- Up-to-date symlink: /home/lincunha/SESASR/lab02/install/turtlebot3_gazebo/share/turtlebot3_gazebo/local_setup.bash
[2.119s] -- Up-to-date symlink: /home/lincunha/SESASR/lab02/install/turtlebot3_gazebo/share/turtlebot3_gazebo/local_setup.sh
[2.119s] -- Up-to-date symlink: /home/lincunha/SESASR/lab02/install/turtlebot3_gazebo/share/turtlebot3_gazebo/local_setup.zsh
[2.120s] -- Up-to-date symlink: /home/lincunha/SESASR/lab02/install/turtlebot3_gazebo/share/turtlebot3_gazebo/local_setup.dsv
[2.124s] -- Symlinking: /home/lincunha/SESASR/lab02/install/turtlebot3_gazebo/share/turtlebot3_gazebo/package.dsv
[2.127s] -- Up-to-date symlink: /home/lincunha/SESASR/lab02/install/turtlebot3_gazebo/share/ament_index/resource_index/packages/turtlebot3_gazebo
[2.132s] -- Up-to-date symlink: /home/lincunha/SESASR/lab02/install/turtlebot3_gazebo/share/turtlebot3_gazebo/cmake/ament_cmake_export_include_directories-extras.cmake
[2.134s] -- Up-to-date symlink: /home/lincunha/SESASR/lab02/install/turtlebot3_gazebo/share/turtlebot3_gazebo/cmake/ament_cmake_export_dependencies-extras.cmake
[2.135s] -- Up-to-date symlink: /home/lincunha/SESASR/lab02/install/turtlebot3_gazebo/share/turtlebot3_gazebo/cmake/turtlebot3_gazeboConfig.cmake
[2.136s] -- Up-to-date symlink: /home/lincunha/SESASR/lab02/install/turtlebot3_gazebo/share/turtlebot3_gazebo/cmake/turtlebot3_gazeboConfig-version.cmake
[2.136s] -- Up-to-date symlink: /home/lincunha/SESASR/lab02/install/turtlebot3_gazebo/share/turtlebot3_gazebo/package.xml
[2.157s] Invoked command in '/home/lincunha/SESASR/lab02/build/turtlebot3_gazebo' returned '0': CMAKE_PREFIX_PATH=${CMAKE_PREFIX_PATH}:/home/lincunha/SESASR/lab02/install/lab02_pkg:/opt/ros/humble /usr/bin/cmake --install /home/lincunha/SESASR/lab02/build/turtlebot3_gazebo
