[0.513s] DEBUG:colcon:Command line arguments: ['/usr/bin/colcon', 'build']
[0.514s] DEBUG:colcon:Parsed command line arguments: Namespace(log_base=None, log_level=None, verb_name='build', build_base='build', install_base='install', merge_install=False, symlink_install=False, test_result_base=None, continue_on_error=False, executor='parallel', parallel_workers=8, event_handlers=None, ignore_user_meta=False, metas=['./colcon.meta'], base_paths=['.'], packages_ignore=None, packages_ignore_regex=None, paths=None, packages_up_to=None, packages_up_to_regex=None, packages_above=None, packages_above_and_dependencies=None, packages_above_depth=None, packages_select_by_dep=None, packages_skip_by_dep=None, packages_skip_up_to=None, packages_select_build_failed=False, packages_skip_build_finished=False, packages_select_test_failures=False, packages_skip_test_passed=False, packages_select=None, packages_skip=None, packages_select_regex=None, packages_skip_regex=None, packages_start=None, packages_end=None, allow_overriding=[], cmake_args=None, cmake_target=None, cmake_target_skip_unavailable=False, cmake_clean_cache=False, cmake_clean_first=False, cmake_force_configure=False, ament_cmake_args=None, catkin_cmake_args=None, catkin_skip_building_tests=False, mixin_files=None, mixin=None, verb_parser=<colcon_mixin.mixin.mixin_argument.MixinArgumentDecorator object at 0x7f9c8beb20b0>, verb_extension=<colcon_core.verb.build.BuildVerb object at 0x7f9c8bfba710>, main=<bound method BuildVerb.main of <colcon_core.verb.build.BuildVerb object at 0x7f9c8bfba710>>, mixin_verb=('build',))
[1.101s] Level 1:colcon.colcon_core.package_discovery:discover_packages(colcon_meta) check parameters
[1.102s] Level 1:colcon.colcon_core.package_discovery:discover_packages(recursive) check parameters
[1.102s] Level 1:colcon.colcon_core.package_discovery:discover_packages(ignore) check parameters
[1.102s] Level 1:colcon.colcon_core.package_discovery:discover_packages(path) check parameters
[1.102s] Level 1:colcon.colcon_core.package_discovery:discover_packages(colcon_meta) discover
[1.102s] Level 1:colcon.colcon_core.package_discovery:discover_packages(recursive) discover
[1.102s] INFO:colcon.colcon_core.package_discovery:Crawling recursively for packages in '/home/lincunha/SESASR/lab02'
[1.103s] Level 1:colcon.colcon_core.package_identification:_identify(.) by extensions ['ignore', 'ignore_ament_install']
[1.103s] Level 1:colcon.colcon_core.package_identification:_identify(.) by extension 'ignore'
[1.103s] Level 1:colcon.colcon_core.package_identification:_identify(.) by extension 'ignore_ament_install'
[1.104s] Level 1:colcon.colcon_core.package_identification:_identify(.) by extensions ['colcon_pkg']
[1.104s] Level 1:colcon.colcon_core.package_identification:_identify(.) by extension 'colcon_pkg'
[1.104s] Level 1:colcon.colcon_core.package_identification:_identify(.) by extensions ['colcon_meta']
[1.104s] Level 1:colcon.colcon_core.package_identification:_identify(.) by extension 'colcon_meta'
[1.104s] Level 1:colcon.colcon_core.package_identification:_identify(.) by extensions ['ros']
[1.104s] Level 1:colcon.colcon_core.package_identification:_identify(.) by extension 'ros'
[1.164s] Level 1:colcon.colcon_core.package_identification:_identify(.) by extensions ['cmake', 'python']
[1.164s] Level 1:colcon.colcon_core.package_identification:_identify(.) by extension 'cmake'
[1.164s] Level 1:colcon.colcon_core.package_identification:_identify(.) by extension 'python'
[1.164s] Level 1:colcon.colcon_core.package_identification:_identify(.) by extensions ['python_setup_py']
[1.164s] Level 1:colcon.colcon_core.package_identification:_identify(.) by extension 'python_setup_py'
[1.165s] Level 1:colcon.colcon_core.package_identification:_identify(build) by extensions ['ignore', 'ignore_ament_install']
[1.165s] Level 1:colcon.colcon_core.package_identification:_identify(build) by extension 'ignore'
[1.165s] Level 1:colcon.colcon_core.package_identification:_identify(build) ignored
[1.166s] Level 1:colcon.colcon_core.package_identification:_identify(install) by extensions ['ignore', 'ignore_ament_install']
[1.167s] Level 1:colcon.colcon_core.package_identification:_identify(install) by extension 'ignore'
[1.167s] Level 1:colcon.colcon_core.package_identification:_identify(install) ignored
[1.167s] Level 1:colcon.colcon_core.package_identification:_identify(log) by extensions ['ignore', 'ignore_ament_install']
[1.167s] Level 1:colcon.colcon_core.package_identification:_identify(log) by extension 'ignore'
[1.168s] Level 1:colcon.colcon_core.package_identification:_identify(log) ignored
[1.168s] Level 1:colcon.colcon_core.package_identification:_identify(src) by extensions ['ignore', 'ignore_ament_install']
[1.168s] Level 1:colcon.colcon_core.package_identification:_identify(src) by extension 'ignore'
[1.169s] Level 1:colcon.colcon_core.package_identification:_identify(src) by extension 'ignore_ament_install'
[1.169s] Level 1:colcon.colcon_core.package_identification:_identify(src) by extensions ['colcon_pkg']
[1.169s] Level 1:colcon.colcon_core.package_identification:_identify(src) by extension 'colcon_pkg'
[1.169s] Level 1:colcon.colcon_core.package_identification:_identify(src) by extensions ['colcon_meta']
[1.169s] Level 1:colcon.colcon_core.package_identification:_identify(src) by extension 'colcon_meta'
[1.169s] Level 1:colcon.colcon_core.package_identification:_identify(src) by extensions ['ros']
[1.169s] Level 1:colcon.colcon_core.package_identification:_identify(src) by extension 'ros'
[1.170s] Level 1:colcon.colcon_core.package_identification:_identify(src) by extensions ['cmake', 'python']
[1.170s] Level 1:colcon.colcon_core.package_identification:_identify(src) by extension 'cmake'
[1.170s] Level 1:colcon.colcon_core.package_identification:_identify(src) by extension 'python'
[1.170s] Level 1:colcon.colcon_core.package_identification:_identify(src) by extensions ['python_setup_py']
[1.170s] Level 1:colcon.colcon_core.package_identification:_identify(src) by extension 'python_setup_py'
[1.171s] Level 1:colcon.colcon_core.package_identification:_identify(src/lab02_pkg) by extensions ['ignore', 'ignore_ament_install']
[1.171s] Level 1:colcon.colcon_core.package_identification:_identify(src/lab02_pkg) by extension 'ignore'
[1.172s] Level 1:colcon.colcon_core.package_identification:_identify(src/lab02_pkg) by extension 'ignore_ament_install'
[1.172s] Level 1:colcon.colcon_core.package_identification:_identify(src/lab02_pkg) by extensions ['colcon_pkg']
[1.172s] Level 1:colcon.colcon_core.package_identification:_identify(src/lab02_pkg) by extension 'colcon_pkg'
[1.173s] Level 1:colcon.colcon_core.package_identification:_identify(src/lab02_pkg) by extensions ['colcon_meta']
[1.173s] Level 1:colcon.colcon_core.package_identification:_identify(src/lab02_pkg) by extension 'colcon_meta'
[1.174s] Level 1:colcon.colcon_core.package_identification:_identify(src/lab02_pkg) by extensions ['ros']
[1.174s] Level 1:colcon.colcon_core.package_identification:_identify(src/lab02_pkg) by extension 'ros'
[1.186s] DEBUG:colcon.colcon_core.package_identification:Package 'src/lab02_pkg' with type 'ros.ament_python' and name 'lab02_pkg'
[1.186s] Level 1:colcon.colcon_core.package_identification:_identify(src/turtlebot3_simulations) by extensions ['ignore', 'ignore_ament_install']
[1.187s] Level 1:colcon.colcon_core.package_identification:_identify(src/turtlebot3_simulations) by extension 'ignore'
[1.187s] Level 1:colcon.colcon_core.package_identification:_identify(src/turtlebot3_simulations) by extension 'ignore_ament_install'
[1.187s] Level 1:colcon.colcon_core.package_identification:_identify(src/turtlebot3_simulations) by extensions ['colcon_pkg']
[1.187s] Level 1:colcon.colcon_core.package_identification:_identify(src/turtlebot3_simulations) by extension 'colcon_pkg'
[1.188s] Level 1:colcon.colcon_core.package_identification:_identify(src/turtlebot3_simulations) by extensions ['colcon_meta']
[1.188s] Level 1:colcon.colcon_core.package_identification:_identify(src/turtlebot3_simulations) by extension 'colcon_meta'
[1.188s] Level 1:colcon.colcon_core.package_identification:_identify(src/turtlebot3_simulations) by extensions ['ros']
[1.189s] Level 1:colcon.colcon_core.package_identification:_identify(src/turtlebot3_simulations) by extension 'ros'
[1.189s] Level 1:colcon.colcon_core.package_identification:_identify(src/turtlebot3_simulations) by extensions ['cmake', 'python']
[1.189s] Level 1:colcon.colcon_core.package_identification:_identify(src/turtlebot3_simulations) by extension 'cmake'
[1.189s] Level 1:colcon.colcon_core.package_identification:_identify(src/turtlebot3_simulations) by extension 'python'
[1.190s] Level 1:colcon.colcon_core.package_identification:_identify(src/turtlebot3_simulations) by extensions ['python_setup_py']
[1.190s] Level 1:colcon.colcon_core.package_identification:_identify(src/turtlebot3_simulations) by extension 'python_setup_py'
[1.191s] Level 1:colcon.colcon_core.package_identification:_identify(src/turtlebot3_simulations/turtlebot3_fake_node) by extensions ['ignore', 'ignore_ament_install']
[1.192s] Level 1:colcon.colcon_core.package_identification:_identify(src/turtlebot3_simulations/turtlebot3_fake_node) by extension 'ignore'
[1.193s] Level 1:colcon.colcon_core.package_identification:_identify(src/turtlebot3_simulations/turtlebot3_fake_node) by extension 'ignore_ament_install'
[1.193s] Level 1:colcon.colcon_core.package_identification:_identify(src/turtlebot3_simulations/turtlebot3_fake_node) by extensions ['colcon_pkg']
[1.194s] Level 1:colcon.colcon_core.package_identification:_identify(src/turtlebot3_simulations/turtlebot3_fake_node) by extension 'colcon_pkg'
[1.194s] Level 1:colcon.colcon_core.package_identification:_identify(src/turtlebot3_simulations/turtlebot3_fake_node) by extensions ['colcon_meta']
[1.195s] Level 1:colcon.colcon_core.package_identification:_identify(src/turtlebot3_simulations/turtlebot3_fake_node) by extension 'colcon_meta'
[1.197s] Level 1:colcon.colcon_core.package_identification:_identify(src/turtlebot3_simulations/turtlebot3_fake_node) by extensions ['ros']
[1.197s] Level 1:colcon.colcon_core.package_identification:_identify(src/turtlebot3_simulations/turtlebot3_fake_node) by extension 'ros'
[1.202s] DEBUG:colcon.colcon_core.package_identification:Package 'src/turtlebot3_simulations/turtlebot3_fake_node' with type 'ros.ament_cmake' and name 'turtlebot3_fake_node'
[1.202s] Level 1:colcon.colcon_core.package_identification:_identify(src/turtlebot3_simulations/turtlebot3_gazebo) by extensions ['ignore', 'ignore_ament_install']
[1.203s] Level 1:colcon.colcon_core.package_identification:_identify(src/turtlebot3_simulations/turtlebot3_gazebo) by extension 'ignore'
[1.203s] Level 1:colcon.colcon_core.package_identification:_identify(src/turtlebot3_simulations/turtlebot3_gazebo) by extension 'ignore_ament_install'
[1.203s] Level 1:colcon.colcon_core.package_identification:_identify(src/turtlebot3_simulations/turtlebot3_gazebo) by extensions ['colcon_pkg']
[1.204s] Level 1:colcon.colcon_core.package_identification:_identify(src/turtlebot3_simulations/turtlebot3_gazebo) by extension 'colcon_pkg'
[1.204s] Level 1:colcon.colcon_core.package_identification:_identify(src/turtlebot3_simulations/turtlebot3_gazebo) by extensions ['colcon_meta']
[1.204s] Level 1:colcon.colcon_core.package_identification:_identify(src/turtlebot3_simulations/turtlebot3_gazebo) by extension 'colcon_meta'
[1.205s] Level 1:colcon.colcon_core.package_identification:_identify(src/turtlebot3_simulations/turtlebot3_gazebo) by extensions ['ros']
[1.205s] Level 1:colcon.colcon_core.package_identification:_identify(src/turtlebot3_simulations/turtlebot3_gazebo) by extension 'ros'
[1.213s] DEBUG:colcon.colcon_core.package_identification:Package 'src/turtlebot3_simulations/turtlebot3_gazebo' with type 'ros.ament_cmake' and name 'turtlebot3_gazebo'
[1.214s] Level 1:colcon.colcon_core.package_identification:_identify(src/turtlebot3_simulations/turtlebot3_ignition) by extensions ['ignore', 'ignore_ament_install']
[1.215s] Level 1:colcon.colcon_core.package_identification:_identify(src/turtlebot3_simulations/turtlebot3_ignition) by extension 'ignore'
[1.215s] Level 1:colcon.colcon_core.package_identification:_identify(src/turtlebot3_simulations/turtlebot3_ignition) ignored
[1.216s] Level 1:colcon.colcon_core.package_identification:_identify(src/turtlebot3_simulations/turtlebot3_simulations) by extensions ['ignore', 'ignore_ament_install']
[1.216s] Level 1:colcon.colcon_core.package_identification:_identify(src/turtlebot3_simulations/turtlebot3_simulations) by extension 'ignore'
[1.216s] Level 1:colcon.colcon_core.package_identification:_identify(src/turtlebot3_simulations/turtlebot3_simulations) by extension 'ignore_ament_install'
[1.217s] Level 1:colcon.colcon_core.package_identification:_identify(src/turtlebot3_simulations/turtlebot3_simulations) by extensions ['colcon_pkg']
[1.217s] Level 1:colcon.colcon_core.package_identification:_identify(src/turtlebot3_simulations/turtlebot3_simulations) by extension 'colcon_pkg'
[1.217s] Level 1:colcon.colcon_core.package_identification:_identify(src/turtlebot3_simulations/turtlebot3_simulations) by extensions ['colcon_meta']
[1.218s] Level 1:colcon.colcon_core.package_identification:_identify(src/turtlebot3_simulations/turtlebot3_simulations) by extension 'colcon_meta'
[1.218s] Level 1:colcon.colcon_core.package_identification:_identify(src/turtlebot3_simulations/turtlebot3_simulations) by extensions ['ros']
[1.218s] Level 1:colcon.colcon_core.package_identification:_identify(src/turtlebot3_simulations/turtlebot3_simulations) by extension 'ros'
[1.221s] DEBUG:colcon.colcon_core.package_identification:Package 'src/turtlebot3_simulations/turtlebot3_simulations' with type 'ros.ament_cmake' and name 'turtlebot3_simulations'
[1.221s] Level 1:colcon.colcon_core.package_discovery:discover_packages(recursive) using defaults
[1.221s] Level 1:colcon.colcon_core.package_discovery:discover_packages(ignore) discover
[1.222s] Level 1:colcon.colcon_core.package_discovery:discover_packages(ignore) using defaults
[1.223s] Level 1:colcon.colcon_core.package_discovery:discover_packages(path) discover
[1.224s] Level 1:colcon.colcon_core.package_discovery:discover_packages(path) using defaults
[1.364s] Level 1:colcon.colcon_core.package_discovery:discover_packages(prefix_path) check parameters
[1.365s] Level 1:colcon.colcon_core.package_discovery:discover_packages(prefix_path) discover
[1.374s] DEBUG:colcon.colcon_installed_package_information.package_discovery:Found 4 installed packages in /home/lincunha/SESASR/lab02/install
[1.380s] DEBUG:colcon.colcon_installed_package_information.package_discovery:Found 336 installed packages in /opt/ros/humble
[1.387s] Level 1:colcon.colcon_core.package_discovery:discover_packages(prefix_path) using defaults
[1.580s] Level 5:colcon.colcon_core.verb:set package 'lab02_pkg' build argument 'cmake_args' from command line to 'None'
[1.580s] Level 5:colcon.colcon_core.verb:set package 'lab02_pkg' build argument 'cmake_target' from command line to 'None'
[1.580s] Level 5:colcon.colcon_core.verb:set package 'lab02_pkg' build argument 'cmake_target_skip_unavailable' from command line to 'False'
[1.580s] Level 5:colcon.colcon_core.verb:set package 'lab02_pkg' build argument 'cmake_clean_cache' from command line to 'False'
[1.580s] Level 5:colcon.colcon_core.verb:set package 'lab02_pkg' build argument 'cmake_clean_first' from command line to 'False'
[1.580s] Level 5:colcon.colcon_core.verb:set package 'lab02_pkg' build argument 'cmake_force_configure' from command line to 'False'
[1.580s] Level 5:colcon.colcon_core.verb:set package 'lab02_pkg' build argument 'ament_cmake_args' from command line to 'None'
[1.580s] Level 5:colcon.colcon_core.verb:set package 'lab02_pkg' build argument 'catkin_cmake_args' from command line to 'None'
[1.581s] Level 5:colcon.colcon_core.verb:set package 'lab02_pkg' build argument 'catkin_skip_building_tests' from command line to 'False'
[1.581s] DEBUG:colcon.colcon_core.verb:Building package 'lab02_pkg' with the following arguments: {'ament_cmake_args': None, 'build_base': '/home/lincunha/SESASR/lab02/build/lab02_pkg', 'catkin_cmake_args': None, 'catkin_skip_building_tests': False, 'cmake_args': None, 'cmake_clean_cache': False, 'cmake_clean_first': False, 'cmake_force_configure': False, 'cmake_target': None, 'cmake_target_skip_unavailable': False, 'install_base': '/home/lincunha/SESASR/lab02/install/lab02_pkg', 'merge_install': False, 'path': '/home/lincunha/SESASR/lab02/src/lab02_pkg', 'symlink_install': False, 'test_result_base': None}
[1.582s] Level 5:colcon.colcon_core.verb:set package 'turtlebot3_fake_node' build argument 'cmake_args' from command line to 'None'
[1.583s] Level 5:colcon.colcon_core.verb:set package 'turtlebot3_fake_node' build argument 'cmake_target' from command line to 'None'
[1.583s] Level 5:colcon.colcon_core.verb:set package 'turtlebot3_fake_node' build argument 'cmake_target_skip_unavailable' from command line to 'False'
[1.583s] Level 5:colcon.colcon_core.verb:set package 'turtlebot3_fake_node' build argument 'cmake_clean_cache' from command line to 'False'
[1.583s] Level 5:colcon.colcon_core.verb:set package 'turtlebot3_fake_node' build argument 'cmake_clean_first' from command line to 'False'
[1.583s] Level 5:colcon.colcon_core.verb:set package 'turtlebot3_fake_node' build argument 'cmake_force_configure' from command line to 'False'
[1.583s] Level 5:colcon.colcon_core.verb:set package 'turtlebot3_fake_node' build argument 'ament_cmake_args' from command line to 'None'
[1.583s] Level 5:colcon.colcon_core.verb:set package 'turtlebot3_fake_node' build argument 'catkin_cmake_args' from command line to 'None'
[1.583s] Level 5:colcon.colcon_core.verb:set package 'turtlebot3_fake_node' build argument 'catkin_skip_building_tests' from command line to 'False'
[1.583s] DEBUG:colcon.colcon_core.verb:Building package 'turtlebot3_fake_node' with the following arguments: {'ament_cmake_args': None, 'build_base': '/home/lincunha/SESASR/lab02/build/turtlebot3_fake_node', 'catkin_cmake_args': None, 'catkin_skip_building_tests': False, 'cmake_args': None, 'cmake_clean_cache': False, 'cmake_clean_first': False, 'cmake_force_configure': False, 'cmake_target': None, 'cmake_target_skip_unavailable': False, 'install_base': '/home/lincunha/SESASR/lab02/install/turtlebot3_fake_node', 'merge_install': False, 'path': '/home/lincunha/SESASR/lab02/src/turtlebot3_simulations/turtlebot3_fake_node', 'symlink_install': False, 'test_result_base': None}
[1.585s] Level 5:colcon.colcon_core.verb:set package 'turtlebot3_gazebo' build argument 'cmake_args' from command line to 'None'
[1.586s] Level 5:colcon.colcon_core.verb:set package 'turtlebot3_gazebo' build argument 'cmake_target' from command line to 'None'
[1.586s] Level 5:colcon.colcon_core.verb:set package 'turtlebot3_gazebo' build argument 'cmake_target_skip_unavailable' from command line to 'False'
[1.586s] Level 5:colcon.colcon_core.verb:set package 'turtlebot3_gazebo' build argument 'cmake_clean_cache' from command line to 'False'
[1.586s] Level 5:colcon.colcon_core.verb:set package 'turtlebot3_gazebo' build argument 'cmake_clean_first' from command line to 'False'
[1.586s] Level 5:colcon.colcon_core.verb:set package 'turtlebot3_gazebo' build argument 'cmake_force_configure' from command line to 'False'
[1.586s] Level 5:colcon.colcon_core.verb:set package 'turtlebot3_gazebo' build argument 'ament_cmake_args' from command line to 'None'
[1.586s] Level 5:colcon.colcon_core.verb:set package 'turtlebot3_gazebo' build argument 'catkin_cmake_args' from command line to 'None'
[1.587s] Level 5:colcon.colcon_core.verb:set package 'turtlebot3_gazebo' build argument 'catkin_skip_building_tests' from command line to 'False'
[1.587s] DEBUG:colcon.colcon_core.verb:Building package 'turtlebot3_gazebo' with the following arguments: {'ament_cmake_args': None, 'build_base': '/home/lincunha/SESASR/lab02/build/turtlebot3_gazebo', 'catkin_cmake_args': None, 'catkin_skip_building_tests': False, 'cmake_args': None, 'cmake_clean_cache': False, 'cmake_clean_first': False, 'cmake_force_configure': False, 'cmake_target': None, 'cmake_target_skip_unavailable': False, 'install_base': '/home/lincunha/SESASR/lab02/install/turtlebot3_gazebo', 'merge_install': False, 'path': '/home/lincunha/SESASR/lab02/src/turtlebot3_simulations/turtlebot3_gazebo', 'symlink_install': False, 'test_result_base': None}
[1.588s] Level 5:colcon.colcon_core.verb:set package 'turtlebot3_simulations' build argument 'cmake_args' from command line to 'None'
[1.588s] Level 5:colcon.colcon_core.verb:set package 'turtlebot3_simulations' build argument 'cmake_target' from command line to 'None'
[1.588s] Level 5:colcon.colcon_core.verb:set package 'turtlebot3_simulations' build argument 'cmake_target_skip_unavailable' from command line to 'False'
[1.588s] Level 5:colcon.colcon_core.verb:set package 'turtlebot3_simulations' build argument 'cmake_clean_cache' from command line to 'False'
[1.588s] Level 5:colcon.colcon_core.verb:set package 'turtlebot3_simulations' build argument 'cmake_clean_first' from command line to 'False'
[1.588s] Level 5:colcon.colcon_core.verb:set package 'turtlebot3_simulations' build argument 'cmake_force_configure' from command line to 'False'
[1.588s] Level 5:colcon.colcon_core.verb:set package 'turtlebot3_simulations' build argument 'ament_cmake_args' from command line to 'None'
[1.588s] Level 5:colcon.colcon_core.verb:set package 'turtlebot3_simulations' build argument 'catkin_cmake_args' from command line to 'None'
[1.589s] Level 5:colcon.colcon_core.verb:set package 'turtlebot3_simulations' build argument 'catkin_skip_building_tests' from command line to 'False'
[1.589s] DEBUG:colcon.colcon_core.verb:Building package 'turtlebot3_simulations' with the following arguments: {'ament_cmake_args': None, 'build_base': '/home/lincunha/SESASR/lab02/build/turtlebot3_simulations', 'catkin_cmake_args': None, 'catkin_skip_building_tests': False, 'cmake_args': None, 'cmake_clean_cache': False, 'cmake_clean_first': False, 'cmake_force_configure': False, 'cmake_target': None, 'cmake_target_skip_unavailable': False, 'install_base': '/home/lincunha/SESASR/lab02/install/turtlebot3_simulations', 'merge_install': False, 'path': '/home/lincunha/SESASR/lab02/src/turtlebot3_simulations/turtlebot3_simulations', 'symlink_install': False, 'test_result_base': None}
[1.589s] INFO:colcon.colcon_core.executor:Executing jobs using 'parallel' executor
[1.593s] DEBUG:colcon.colcon_parallel_executor.executor.parallel:run_until_complete
[1.596s] INFO:colcon.colcon_ros.task.ament_cmake.build:Building ROS package in '/home/lincunha/SESASR/lab02/src/turtlebot3_simulations/turtlebot3_fake_node' with build type 'ament_cmake'
[1.597s] INFO:colcon.colcon_cmake.task.cmake.build:Building CMake package in '/home/lincunha/SESASR/lab02/src/turtlebot3_simulations/turtlebot3_fake_node'
[1.606s] INFO:colcon.colcon_core.plugin_system:Skipping extension 'colcon_core.shell.bat': Not used on non-Windows systems
[1.607s] INFO:colcon.colcon_core.shell:Skip shell extension 'powershell' for command environment: Not usable outside of PowerShell
[1.607s] DEBUG:colcon.colcon_core.shell:Skip shell extension 'dsv' for command environment
[1.621s] INFO:colcon.colcon_ros.task.ament_cmake.build:Building ROS package in '/home/lincunha/SESASR/lab02/src/turtlebot3_simulations/turtlebot3_gazebo' with build type 'ament_cmake'
[1.621s] INFO:colcon.colcon_cmake.task.cmake.build:Building CMake package in '/home/lincunha/SESASR/lab02/src/turtlebot3_simulations/turtlebot3_gazebo'
[1.622s] INFO:colcon.colcon_core.shell:Skip shell extension 'powershell' for command environment: Not usable outside of PowerShell
[1.623s] DEBUG:colcon.colcon_core.shell:Skip shell extension 'dsv' for command environment
[1.643s] INFO:colcon.colcon_ros.task.ament_python.build:Building ROS package in '/home/lincunha/SESASR/lab02/src/lab02_pkg' with build type 'ament_python'
[1.644s] Level 1:colcon.colcon_core.shell:create_environment_hook('lab02_pkg', 'ament_prefix_path')
[1.646s] INFO:colcon.colcon_core.shell:Creating environment hook '/home/lincunha/SESASR/lab02/install/lab02_pkg/share/lab02_pkg/hook/ament_prefix_path.ps1'
[1.650s] INFO:colcon.colcon_core.shell:Creating environment descriptor '/home/lincunha/SESASR/lab02/install/lab02_pkg/share/lab02_pkg/hook/ament_prefix_path.dsv'
[1.653s] INFO:colcon.colcon_core.shell:Creating environment hook '/home/lincunha/SESASR/lab02/install/lab02_pkg/share/lab02_pkg/hook/ament_prefix_path.sh'
[1.656s] INFO:colcon.colcon_core.shell:Skip shell extension 'powershell' for command environment: Not usable outside of PowerShell
[1.657s] DEBUG:colcon.colcon_core.shell:Skip shell extension 'dsv' for command environment
[1.705s] DEBUG:colcon.colcon_core.event_handler.log_command:Invoking command in '/home/lincunha/SESASR/lab02/build/turtlebot3_fake_node': CMAKE_PREFIX_PATH=${CMAKE_PREFIX_PATH}:/home/lincunha/SESASR/lab02/install/lab02_pkg:/opt/ros/humble /usr/bin/cmake --build /home/lincunha/SESASR/lab02/build/turtlebot3_fake_node -- -j8 -l8
[1.735s] DEBUG:colcon.colcon_core.event_handler.log_command:Invoking command in '/home/lincunha/SESASR/lab02/build/turtlebot3_gazebo': CMAKE_PREFIX_PATH=${CMAKE_PREFIX_PATH}:/home/lincunha/SESASR/lab02/install/lab02_pkg:/opt/ros/humble /usr/bin/cmake --build /home/lincunha/SESASR/lab02/build/turtlebot3_gazebo -- -j8 -l8
[3.035s] INFO:colcon.colcon_core.task.python.build:Building Python package in '/home/lincunha/SESASR/lab02/src/lab02_pkg'
[3.037s] INFO:colcon.colcon_core.shell:Skip shell extension 'powershell' for command environment: Not usable outside of PowerShell
[3.037s] DEBUG:colcon.colcon_core.shell:Skip shell extension 'dsv' for command environment
[3.075s] DEBUG:colcon.colcon_core.event_handler.log_command:Invoked command in '/home/lincunha/SESASR/lab02/build/turtlebot3_fake_node' returned '0': CMAKE_PREFIX_PATH=${CMAKE_PREFIX_PATH}:/home/lincunha/SESASR/lab02/install/lab02_pkg:/opt/ros/humble /usr/bin/cmake --build /home/lincunha/SESASR/lab02/build/turtlebot3_fake_node -- -j8 -l8
[3.080s] DEBUG:colcon.colcon_core.event_handler.log_command:Invoked command in '/home/lincunha/SESASR/lab02/build/turtlebot3_gazebo' returned '0': CMAKE_PREFIX_PATH=${CMAKE_PREFIX_PATH}:/home/lincunha/SESASR/lab02/install/lab02_pkg:/opt/ros/humble /usr/bin/cmake --build /home/lincunha/SESASR/lab02/build/turtlebot3_gazebo -- -j8 -l8
[3.202s] DEBUG:colcon.colcon_core.event_handler.log_command:Invoking command in '/home/lincunha/SESASR/lab02/build/turtlebot3_fake_node': CMAKE_PREFIX_PATH=${CMAKE_PREFIX_PATH}:/home/lincunha/SESASR/lab02/install/lab02_pkg:/opt/ros/humble /usr/bin/cmake --install /home/lincunha/SESASR/lab02/build/turtlebot3_fake_node
[3.220s] DEBUG:colcon.colcon_core.event_handler.log_command:Invoking command in '/home/lincunha/SESASR/lab02/build/turtlebot3_gazebo': CMAKE_PREFIX_PATH=${CMAKE_PREFIX_PATH}:/home/lincunha/SESASR/lab02/install/lab02_pkg:/opt/ros/humble /usr/bin/cmake --install /home/lincunha/SESASR/lab02/build/turtlebot3_gazebo
[3.302s] Level 1:colcon.colcon_core.environment:create_environment_scripts_only(turtlebot3_fake_node)
[3.340s] Level 1:colcon.colcon_core.environment:checking '/home/lincunha/SESASR/lab02/install/turtlebot3_fake_node' for CMake module files
[3.351s] DEBUG:colcon.colcon_core.event_handler.log_command:Invoked command in '/home/lincunha/SESASR/lab02/build/turtlebot3_fake_node' returned '0': CMAKE_PREFIX_PATH=${CMAKE_PREFIX_PATH}:/home/lincunha/SESASR/lab02/install/lab02_pkg:/opt/ros/humble /usr/bin/cmake --install /home/lincunha/SESASR/lab02/build/turtlebot3_fake_node
[3.354s] Level 1:colcon.colcon_core.environment:checking '/home/lincunha/SESASR/lab02/install/turtlebot3_fake_node' for CMake config files
[3.364s] Level 1:colcon.colcon_core.shell:create_environment_hook('turtlebot3_fake_node', 'cmake_prefix_path')
[3.365s] INFO:colcon.colcon_core.shell:Creating environment hook '/home/lincunha/SESASR/lab02/install/turtlebot3_fake_node/share/turtlebot3_fake_node/hook/cmake_prefix_path.ps1'
[3.368s] INFO:colcon.colcon_core.shell:Creating environment descriptor '/home/lincunha/SESASR/lab02/install/turtlebot3_fake_node/share/turtlebot3_fake_node/hook/cmake_prefix_path.dsv'
[3.371s] INFO:colcon.colcon_core.shell:Creating environment hook '/home/lincunha/SESASR/lab02/install/turtlebot3_fake_node/share/turtlebot3_fake_node/hook/cmake_prefix_path.sh'
[3.375s] Level 1:colcon.colcon_core.environment:checking '/home/lincunha/SESASR/lab02/install/turtlebot3_fake_node/lib'
[3.376s] Level 1:colcon.colcon_core.environment:checking '/home/lincunha/SESASR/lab02/install/turtlebot3_fake_node/bin'
[3.376s] Level 1:colcon.colcon_core.environment:checking '/home/lincunha/SESASR/lab02/install/turtlebot3_fake_node/lib/pkgconfig/turtlebot3_fake_node.pc'
[3.377s] Level 1:colcon.colcon_core.environment:checking '/home/lincunha/SESASR/lab02/install/turtlebot3_fake_node/lib/python3.10/site-packages'
[3.378s] Level 1:colcon.colcon_core.environment:checking '/home/lincunha/SESASR/lab02/install/turtlebot3_fake_node/bin'
[3.379s] INFO:colcon.colcon_core.shell:Creating package script '/home/lincunha/SESASR/lab02/install/turtlebot3_fake_node/share/turtlebot3_fake_node/package.ps1'
[3.382s] INFO:colcon.colcon_core.shell:Creating package descriptor '/home/lincunha/SESASR/lab02/install/turtlebot3_fake_node/share/turtlebot3_fake_node/package.dsv'
[3.385s] INFO:colcon.colcon_core.shell:Creating package script '/home/lincunha/SESASR/lab02/install/turtlebot3_fake_node/share/turtlebot3_fake_node/package.sh'
[3.394s] INFO:colcon.colcon_core.shell:Creating package script '/home/lincunha/SESASR/lab02/install/turtlebot3_fake_node/share/turtlebot3_fake_node/package.bash'
[3.398s] INFO:colcon.colcon_core.shell:Creating package script '/home/lincunha/SESASR/lab02/install/turtlebot3_fake_node/share/turtlebot3_fake_node/package.zsh'
[3.401s] Level 1:colcon.colcon_core.environment:create_file_with_runtime_dependencies(/home/lincunha/SESASR/lab02/install/turtlebot3_fake_node/share/colcon-core/packages/turtlebot3_fake_node)
[3.410s] Level 1:colcon.colcon_core.environment:create_environment_scripts_only(turtlebot3_gazebo)
[3.412s] Level 1:colcon.colcon_core.environment:checking '/home/lincunha/SESASR/lab02/install/turtlebot3_gazebo' for CMake module files
[3.414s] DEBUG:colcon.colcon_core.event_handler.log_command:Invoked command in '/home/lincunha/SESASR/lab02/build/turtlebot3_gazebo' returned '0': CMAKE_PREFIX_PATH=${CMAKE_PREFIX_PATH}:/home/lincunha/SESASR/lab02/install/lab02_pkg:/opt/ros/humble /usr/bin/cmake --install /home/lincunha/SESASR/lab02/build/turtlebot3_gazebo
[3.416s] Level 1:colcon.colcon_core.environment:checking '/home/lincunha/SESASR/lab02/install/turtlebot3_gazebo' for CMake config files
[3.417s] Level 1:colcon.colcon_core.shell:create_environment_hook('turtlebot3_gazebo', 'cmake_prefix_path')
[3.419s] INFO:colcon.colcon_core.shell:Creating environment hook '/home/lincunha/SESASR/lab02/install/turtlebot3_gazebo/share/turtlebot3_gazebo/hook/cmake_prefix_path.ps1'
[3.421s] INFO:colcon.colcon_core.shell:Creating environment descriptor '/home/lincunha/SESASR/lab02/install/turtlebot3_gazebo/share/turtlebot3_gazebo/hook/cmake_prefix_path.dsv'
[3.422s] INFO:colcon.colcon_core.shell:Creating environment hook '/home/lincunha/SESASR/lab02/install/turtlebot3_gazebo/share/turtlebot3_gazebo/hook/cmake_prefix_path.sh'
[3.427s] Level 1:colcon.colcon_core.environment:checking '/home/lincunha/SESASR/lab02/install/turtlebot3_gazebo/lib'
[3.427s] Level 1:colcon.colcon_core.environment:checking '/home/lincunha/SESASR/lab02/install/turtlebot3_gazebo/bin'
[3.428s] Level 1:colcon.colcon_core.environment:checking '/home/lincunha/SESASR/lab02/install/turtlebot3_gazebo/lib/pkgconfig/turtlebot3_gazebo.pc'
[3.430s] Level 1:colcon.colcon_core.environment:checking '/home/lincunha/SESASR/lab02/install/turtlebot3_gazebo/lib/python3.10/site-packages'
[3.431s] Level 1:colcon.colcon_core.environment:checking '/home/lincunha/SESASR/lab02/install/turtlebot3_gazebo/bin'
[3.433s] INFO:colcon.colcon_core.shell:Creating package script '/home/lincunha/SESASR/lab02/install/turtlebot3_gazebo/share/turtlebot3_gazebo/package.ps1'
[3.437s] INFO:colcon.colcon_core.shell:Creating package descriptor '/home/lincunha/SESASR/lab02/install/turtlebot3_gazebo/share/turtlebot3_gazebo/package.dsv'
[3.440s] INFO:colcon.colcon_core.shell:Creating package script '/home/lincunha/SESASR/lab02/install/turtlebot3_gazebo/share/turtlebot3_gazebo/package.sh'
[3.443s] INFO:colcon.colcon_core.shell:Creating package script '/home/lincunha/SESASR/lab02/install/turtlebot3_gazebo/share/turtlebot3_gazebo/package.bash'
[3.445s] INFO:colcon.colcon_core.shell:Creating package script '/home/lincunha/SESASR/lab02/install/turtlebot3_gazebo/share/turtlebot3_gazebo/package.zsh'
[3.454s] Level 1:colcon.colcon_core.environment:create_file_with_runtime_dependencies(/home/lincunha/SESASR/lab02/install/turtlebot3_gazebo/share/colcon-core/packages/turtlebot3_gazebo)
[3.508s] Level 1:colcon.colcon_core.environment:create_environment_scripts_only(turtlebot3_fake_node)
[3.511s] Level 1:colcon.colcon_core.environment:checking '/home/lincunha/SESASR/lab02/install/turtlebot3_fake_node' for CMake module files
[3.514s] Level 1:colcon.colcon_core.environment:checking '/home/lincunha/SESASR/lab02/install/turtlebot3_fake_node' for CMake config files
[3.515s] Level 1:colcon.colcon_core.shell:create_environment_hook('turtlebot3_fake_node', 'cmake_prefix_path')
[3.516s] INFO:colcon.colcon_core.shell:Creating environment hook '/home/lincunha/SESASR/lab02/install/turtlebot3_fake_node/share/turtlebot3_fake_node/hook/cmake_prefix_path.ps1'
[3.518s] INFO:colcon.colcon_core.shell:Creating environment descriptor '/home/lincunha/SESASR/lab02/install/turtlebot3_fake_node/share/turtlebot3_fake_node/hook/cmake_prefix_path.dsv'
[3.520s] INFO:colcon.colcon_core.shell:Creating environment hook '/home/lincunha/SESASR/lab02/install/turtlebot3_fake_node/share/turtlebot3_fake_node/hook/cmake_prefix_path.sh'
[3.523s] Level 1:colcon.colcon_core.environment:checking '/home/lincunha/SESASR/lab02/install/turtlebot3_fake_node/lib'
[3.523s] Level 1:colcon.colcon_core.environment:checking '/home/lincunha/SESASR/lab02/install/turtlebot3_fake_node/bin'
[3.524s] Level 1:colcon.colcon_core.environment:checking '/home/lincunha/SESASR/lab02/install/turtlebot3_fake_node/lib/pkgconfig/turtlebot3_fake_node.pc'
[3.524s] Level 1:colcon.colcon_core.environment:checking '/home/lincunha/SESASR/lab02/install/turtlebot3_fake_node/lib/python3.10/site-packages'
[3.525s] Level 1:colcon.colcon_core.environment:checking '/home/lincunha/SESASR/lab02/install/turtlebot3_fake_node/bin'
[3.528s] INFO:colcon.colcon_core.shell:Creating package script '/home/lincunha/SESASR/lab02/install/turtlebot3_fake_node/share/turtlebot3_fake_node/package.ps1'
[3.534s] INFO:colcon.colcon_core.shell:Creating package descriptor '/home/lincunha/SESASR/lab02/install/turtlebot3_fake_node/share/turtlebot3_fake_node/package.dsv'
[3.537s] INFO:colcon.colcon_core.shell:Creating package script '/home/lincunha/SESASR/lab02/install/turtlebot3_fake_node/share/turtlebot3_fake_node/package.sh'
[3.539s] INFO:colcon.colcon_core.shell:Creating package script '/home/lincunha/SESASR/lab02/install/turtlebot3_fake_node/share/turtlebot3_fake_node/package.bash'
[3.541s] INFO:colcon.colcon_core.shell:Creating package script '/home/lincunha/SESASR/lab02/install/turtlebot3_fake_node/share/turtlebot3_fake_node/package.zsh'
[3.546s] Level 1:colcon.colcon_core.environment:create_file_with_runtime_dependencies(/home/lincunha/SESASR/lab02/install/turtlebot3_fake_node/share/colcon-core/packages/turtlebot3_fake_node)
[3.606s] Level 1:colcon.colcon_core.environment:create_environment_scripts_only(turtlebot3_gazebo)
[3.608s] Level 1:colcon.colcon_core.environment:checking '/home/lincunha/SESASR/lab02/install/turtlebot3_gazebo' for CMake module files
[3.609s] Level 1:colcon.colcon_core.environment:checking '/home/lincunha/SESASR/lab02/install/turtlebot3_gazebo' for CMake config files
[3.611s] Level 1:colcon.colcon_core.shell:create_environment_hook('turtlebot3_gazebo', 'cmake_prefix_path')
[3.613s] INFO:colcon.colcon_core.shell:Creating environment hook '/home/lincunha/SESASR/lab02/install/turtlebot3_gazebo/share/turtlebot3_gazebo/hook/cmake_prefix_path.ps1'
[3.615s] INFO:colcon.colcon_core.shell:Creating environment descriptor '/home/lincunha/SESASR/lab02/install/turtlebot3_gazebo/share/turtlebot3_gazebo/hook/cmake_prefix_path.dsv'
[3.617s] INFO:colcon.colcon_core.shell:Creating environment hook '/home/lincunha/SESASR/lab02/install/turtlebot3_gazebo/share/turtlebot3_gazebo/hook/cmake_prefix_path.sh'
[3.621s] Level 1:colcon.colcon_core.environment:checking '/home/lincunha/SESASR/lab02/install/turtlebot3_gazebo/lib'
[3.622s] Level 1:colcon.colcon_core.environment:checking '/home/lincunha/SESASR/lab02/install/turtlebot3_gazebo/bin'
[3.623s] Level 1:colcon.colcon_core.environment:checking '/home/lincunha/SESASR/lab02/install/turtlebot3_gazebo/lib/pkgconfig/turtlebot3_gazebo.pc'
[3.623s] Level 1:colcon.colcon_core.environment:checking '/home/lincunha/SESASR/lab02/install/turtlebot3_gazebo/lib/python3.10/site-packages'
[3.624s] Level 1:colcon.colcon_core.environment:checking '/home/lincunha/SESASR/lab02/install/turtlebot3_gazebo/bin'
[3.626s] INFO:colcon.colcon_core.shell:Creating package script '/home/lincunha/SESASR/lab02/install/turtlebot3_gazebo/share/turtlebot3_gazebo/package.ps1'
[3.630s] INFO:colcon.colcon_core.shell:Creating package descriptor '/home/lincunha/SESASR/lab02/install/turtlebot3_gazebo/share/turtlebot3_gazebo/package.dsv'
[3.632s] INFO:colcon.colcon_core.shell:Creating package script '/home/lincunha/SESASR/lab02/install/turtlebot3_gazebo/share/turtlebot3_gazebo/package.sh'
[3.634s] INFO:colcon.colcon_core.shell:Creating package script '/home/lincunha/SESASR/lab02/install/turtlebot3_gazebo/share/turtlebot3_gazebo/package.bash'
[3.635s] INFO:colcon.colcon_core.shell:Creating package script '/home/lincunha/SESASR/lab02/install/turtlebot3_gazebo/share/turtlebot3_gazebo/package.zsh'
[3.641s] Level 1:colcon.colcon_core.environment:create_file_with_runtime_dependencies(/home/lincunha/SESASR/lab02/install/turtlebot3_gazebo/share/colcon-core/packages/turtlebot3_gazebo)
[3.643s] INFO:colcon.colcon_ros.task.ament_cmake.build:Building ROS package in '/home/lincunha/SESASR/lab02/src/turtlebot3_simulations/turtlebot3_simulations' with build type 'ament_cmake'
[3.647s] INFO:colcon.colcon_cmake.task.cmake.build:Building CMake package in '/home/lincunha/SESASR/lab02/src/turtlebot3_simulations/turtlebot3_simulations'
[3.648s] INFO:colcon.colcon_core.shell:Skip shell extension 'powershell' for command environment: Not usable outside of PowerShell
[3.649s] DEBUG:colcon.colcon_core.shell:Skip shell extension 'dsv' for command environment
[6.866s] DEBUG:colcon.colcon_core.event_handler.log_command:Invoking command in '/home/lincunha/SESASR/lab02/build/turtlebot3_simulations': CMAKE_PREFIX_PATH=/home/lincunha/SESASR/lab02/install/turtlebot3_gazebo:/home/lincunha/SESASR/lab02/install/turtlebot3_fake_node:/home/lincunha/SESASR/lab02/install/turtlebot3_simulations:/home/lincunha/SESASR/lab02/install/lab02_pkg:/opt/ros/humble /usr/bin/cmake --build /home/lincunha/SESASR/lab02/build/turtlebot3_simulations -- -j8 -l8
[7.025s] DEBUG:colcon.colcon_core.event_handler.log_command:Invoked command in '/home/lincunha/SESASR/lab02/build/turtlebot3_simulations' returned '0': CMAKE_PREFIX_PATH=/home/lincunha/SESASR/lab02/install/turtlebot3_gazebo:/home/lincunha/SESASR/lab02/install/turtlebot3_fake_node:/home/lincunha/SESASR/lab02/install/turtlebot3_simulations:/home/lincunha/SESASR/lab02/install/lab02_pkg:/opt/ros/humble /usr/bin/cmake --build /home/lincunha/SESASR/lab02/build/turtlebot3_simulations -- -j8 -l8
[7.198s] DEBUG:colcon.colcon_core.event_handler.log_command:Invoking command in '/home/lincunha/SESASR/lab02/build/turtlebot3_simulations': CMAKE_PREFIX_PATH=/home/lincunha/SESASR/lab02/install/turtlebot3_gazebo:/home/lincunha/SESASR/lab02/install/turtlebot3_fake_node:/home/lincunha/SESASR/lab02/install/turtlebot3_simulations:/home/lincunha/SESASR/lab02/install/lab02_pkg:/opt/ros/humble /usr/bin/cmake --install /home/lincunha/SESASR/lab02/build/turtlebot3_simulations
[7.308s] Level 1:colcon.colcon_core.environment:create_environment_scripts_only(turtlebot3_simulations)
[7.310s] Level 1:colcon.colcon_core.environment:checking '/home/lincunha/SESASR/lab02/install/turtlebot3_simulations' for CMake module files
[7.313s] DEBUG:colcon.colcon_core.event_handler.log_command:Invoked command in '/home/lincunha/SESASR/lab02/build/turtlebot3_simulations' returned '0': CMAKE_PREFIX_PATH=/home/lincunha/SESASR/lab02/install/turtlebot3_gazebo:/home/lincunha/SESASR/lab02/install/turtlebot3_fake_node:/home/lincunha/SESASR/lab02/install/turtlebot3_simulations:/home/lincunha/SESASR/lab02/install/lab02_pkg:/opt/ros/humble /usr/bin/cmake --install /home/lincunha/SESASR/lab02/build/turtlebot3_simulations
[7.320s] Level 1:colcon.colcon_core.environment:checking '/home/lincunha/SESASR/lab02/install/turtlebot3_simulations' for CMake config files
[7.321s] Level 1:colcon.colcon_core.shell:create_environment_hook('turtlebot3_simulations', 'cmake_prefix_path')
[7.322s] INFO:colcon.colcon_core.shell:Creating environment hook '/home/lincunha/SESASR/lab02/install/turtlebot3_simulations/share/turtlebot3_simulations/hook/cmake_prefix_path.ps1'
[7.324s] INFO:colcon.colcon_core.shell:Creating environment descriptor '/home/lincunha/SESASR/lab02/install/turtlebot3_simulations/share/turtlebot3_simulations/hook/cmake_prefix_path.dsv'
[7.326s] INFO:colcon.colcon_core.shell:Creating environment hook '/home/lincunha/SESASR/lab02/install/turtlebot3_simulations/share/turtlebot3_simulations/hook/cmake_prefix_path.sh'
[7.329s] Level 1:colcon.colcon_core.environment:checking '/home/lincunha/SESASR/lab02/install/turtlebot3_simulations/bin'
[7.330s] Level 1:colcon.colcon_core.environment:checking '/home/lincunha/SESASR/lab02/install/turtlebot3_simulations/lib/pkgconfig/turtlebot3_simulations.pc'
[7.331s] Level 1:colcon.colcon_core.environment:checking '/home/lincunha/SESASR/lab02/install/turtlebot3_simulations/lib/python3.10/site-packages'
[7.332s] Level 1:colcon.colcon_core.environment:checking '/home/lincunha/SESASR/lab02/install/turtlebot3_simulations/bin'
[7.333s] INFO:colcon.colcon_core.shell:Creating package script '/home/lincunha/SESASR/lab02/install/turtlebot3_simulations/share/turtlebot3_simulations/package.ps1'
[7.336s] INFO:colcon.colcon_core.shell:Creating package descriptor '/home/lincunha/SESASR/lab02/install/turtlebot3_simulations/share/turtlebot3_simulations/package.dsv'
[7.339s] INFO:colcon.colcon_core.shell:Creating package script '/home/lincunha/SESASR/lab02/install/turtlebot3_simulations/share/turtlebot3_simulations/package.sh'
[7.343s] INFO:colcon.colcon_core.shell:Creating package script '/home/lincunha/SESASR/lab02/install/turtlebot3_simulations/share/turtlebot3_simulations/package.bash'
[7.345s] INFO:colcon.colcon_core.shell:Creating package script '/home/lincunha/SESASR/lab02/install/turtlebot3_simulations/share/turtlebot3_simulations/package.zsh'
[7.347s] Level 1:colcon.colcon_core.environment:create_file_with_runtime_dependencies(/home/lincunha/SESASR/lab02/install/turtlebot3_simulations/share/colcon-core/packages/turtlebot3_simulations)
[7.443s] Level 1:colcon.colcon_core.environment:create_environment_scripts_only(turtlebot3_simulations)
[7.444s] Level 1:colcon.colcon_core.environment:checking '/home/lincunha/SESASR/lab02/install/turtlebot3_simulations' for CMake module files
[7.447s] Level 1:colcon.colcon_core.environment:checking '/home/lincunha/SESASR/lab02/install/turtlebot3_simulations' for CMake config files
[7.449s] Level 1:colcon.colcon_core.shell:create_environment_hook('turtlebot3_simulations', 'cmake_prefix_path')
[7.450s] INFO:colcon.colcon_core.shell:Creating environment hook '/home/lincunha/SESASR/lab02/install/turtlebot3_simulations/share/turtlebot3_simulations/hook/cmake_prefix_path.ps1'
[7.452s] INFO:colcon.colcon_core.shell:Creating environment descriptor '/home/lincunha/SESASR/lab02/install/turtlebot3_simulations/share/turtlebot3_simulations/hook/cmake_prefix_path.dsv'
[7.454s] INFO:colcon.colcon_core.shell:Creating environment hook '/home/lincunha/SESASR/lab02/install/turtlebot3_simulations/share/turtlebot3_simulations/hook/cmake_prefix_path.sh'
[7.457s] Level 1:colcon.colcon_core.environment:checking '/home/lincunha/SESASR/lab02/install/turtlebot3_simulations/bin'
[7.457s] Level 1:colcon.colcon_core.environment:checking '/home/lincunha/SESASR/lab02/install/turtlebot3_simulations/lib/pkgconfig/turtlebot3_simulations.pc'
[7.458s] Level 1:colcon.colcon_core.environment:checking '/home/lincunha/SESASR/lab02/install/turtlebot3_simulations/lib/python3.10/site-packages'
[7.459s] Level 1:colcon.colcon_core.environment:checking '/home/lincunha/SESASR/lab02/install/turtlebot3_simulations/bin'
[7.461s] INFO:colcon.colcon_core.shell:Creating package script '/home/lincunha/SESASR/lab02/install/turtlebot3_simulations/share/turtlebot3_simulations/package.ps1'
[7.463s] INFO:colcon.colcon_core.shell:Creating package descriptor '/home/lincunha/SESASR/lab02/install/turtlebot3_simulations/share/turtlebot3_simulations/package.dsv'
[7.466s] INFO:colcon.colcon_core.shell:Creating package script '/home/lincunha/SESASR/lab02/install/turtlebot3_simulations/share/turtlebot3_simulations/package.sh'
[7.469s] INFO:colcon.colcon_core.shell:Creating package script '/home/lincunha/SESASR/lab02/install/turtlebot3_simulations/share/turtlebot3_simulations/package.bash'
[7.472s] INFO:colcon.colcon_core.shell:Creating package script '/home/lincunha/SESASR/lab02/install/turtlebot3_simulations/share/turtlebot3_simulations/package.zsh'
[7.474s] Level 1:colcon.colcon_core.environment:create_file_with_runtime_dependencies(/home/lincunha/SESASR/lab02/install/turtlebot3_simulations/share/colcon-core/packages/turtlebot3_simulations)
[8.127s] DEBUG:colcon.colcon_core.event_handler.log_command:Invoking command in '/home/lincunha/SESASR/lab02/src/lab02_pkg': PYTHONPATH=/home/lincunha/SESASR/lab02/build/lab02_pkg/prefix_override:/usr/lib/python3/dist-packages/colcon_core/task/python/colcon_distutils_commands:/home/lincunha/SESASR/lab02/install/lab02_pkg/lib/python3.10/site-packages:${PYTHONPATH} /usr/bin/python3 -W ignore:setup.py install is deprecated setup.py egg_info --egg-base ../../build/lab02_pkg build --build-base /home/lincunha/SESASR/lab02/build/lab02_pkg/build install --record /home/lincunha/SESASR/lab02/build/lab02_pkg/install.log --single-version-externally-managed install_data
[9.314s] Level 1:colcon.colcon_core.environment:checking '/home/lincunha/SESASR/lab02/install/lab02_pkg' for CMake module files
[9.317s] DEBUG:colcon.colcon_core.event_handler.log_command:Invoked command in '/home/lincunha/SESASR/lab02/src/lab02_pkg' returned '0': PYTHONPATH=/home/lincunha/SESASR/lab02/build/lab02_pkg/prefix_override:/usr/lib/python3/dist-packages/colcon_core/task/python/colcon_distutils_commands:/home/lincunha/SESASR/lab02/install/lab02_pkg/lib/python3.10/site-packages:${PYTHONPATH} /usr/bin/python3 -W ignore:setup.py install is deprecated setup.py egg_info --egg-base ../../build/lab02_pkg build --build-base /home/lincunha/SESASR/lab02/build/lab02_pkg/build install --record /home/lincunha/SESASR/lab02/build/lab02_pkg/install.log --single-version-externally-managed install_data
[9.318s] Level 1:colcon.colcon_core.environment:checking '/home/lincunha/SESASR/lab02/install/lab02_pkg' for CMake config files
[9.320s] Level 1:colcon.colcon_core.environment:checking '/home/lincunha/SESASR/lab02/install/lab02_pkg/lib'
[9.320s] Level 1:colcon.colcon_core.environment:checking '/home/lincunha/SESASR/lab02/install/lab02_pkg/bin'
[9.321s] Level 1:colcon.colcon_core.environment:checking '/home/lincunha/SESASR/lab02/install/lab02_pkg/lib/pkgconfig/lab02_pkg.pc'
[9.322s] Level 1:colcon.colcon_core.environment:checking '/home/lincunha/SESASR/lab02/install/lab02_pkg/lib/python3.10/site-packages'
[9.322s] Level 1:colcon.colcon_core.shell:create_environment_hook('lab02_pkg', 'pythonpath')
[9.323s] INFO:colcon.colcon_core.shell:Creating environment hook '/home/lincunha/SESASR/lab02/install/lab02_pkg/share/lab02_pkg/hook/pythonpath.ps1'
[9.325s] INFO:colcon.colcon_core.shell:Creating environment descriptor '/home/lincunha/SESASR/lab02/install/lab02_pkg/share/lab02_pkg/hook/pythonpath.dsv'
[9.327s] INFO:colcon.colcon_core.shell:Creating environment hook '/home/lincunha/SESASR/lab02/install/lab02_pkg/share/lab02_pkg/hook/pythonpath.sh'
[9.329s] Level 1:colcon.colcon_core.environment:checking '/home/lincunha/SESASR/lab02/install/lab02_pkg/bin'
[9.329s] Level 1:colcon.colcon_core.environment:create_environment_scripts_only(lab02_pkg)
[9.331s] INFO:colcon.colcon_core.shell:Creating package script '/home/lincunha/SESASR/lab02/install/lab02_pkg/share/lab02_pkg/package.ps1'
[9.334s] INFO:colcon.colcon_core.shell:Creating package descriptor '/home/lincunha/SESASR/lab02/install/lab02_pkg/share/lab02_pkg/package.dsv'
[9.336s] INFO:colcon.colcon_core.shell:Creating package script '/home/lincunha/SESASR/lab02/install/lab02_pkg/share/lab02_pkg/package.sh'
[9.338s] INFO:colcon.colcon_core.shell:Creating package script '/home/lincunha/SESASR/lab02/install/lab02_pkg/share/lab02_pkg/package.bash'
[9.340s] INFO:colcon.colcon_core.shell:Creating package script '/home/lincunha/SESASR/lab02/install/lab02_pkg/share/lab02_pkg/package.zsh'
[9.341s] Level 1:colcon.colcon_core.environment:create_file_with_runtime_dependencies(/home/lincunha/SESASR/lab02/install/lab02_pkg/share/colcon-core/packages/lab02_pkg)
[9.342s] DEBUG:colcon.colcon_parallel_executor.executor.parallel:closing loop
[9.344s] DEBUG:colcon.colcon_parallel_executor.executor.parallel:loop closed
[9.345s] DEBUG:colcon.colcon_parallel_executor.executor.parallel:run_until_complete finished with '0'
[9.345s] DEBUG:colcon.colcon_core.event_reactor:joining thread
[9.456s] INFO:colcon.colcon_core.plugin_system:Skipping extension 'colcon_notification.desktop_notification.notify_send': Could not find 'notify-send'
[9.456s] INFO:colcon.colcon_core.plugin_system:Skipping extension 'colcon_notification.desktop_notification.terminal_notifier': Not used on non-Darwin systems
[9.457s] INFO:colcon.colcon_core.plugin_system:Skipping extension 'colcon_notification.desktop_notification.win32': Not used on non-Windows systems
[9.457s] INFO:colcon.colcon_notification.desktop_notification:Sending desktop notification using 'notify2'
[9.457s] DEBUG:colcon.colcon_notification.desktop_notification.notify2:Failed to initialize notify2: org.freedesktop.DBus.Error.FileNotFound: Failed to connect to socket /run/user/1000/bus: No such file or directory
[9.458s] DEBUG:colcon.colcon_core.event_reactor:joined thread
[9.459s] INFO:colcon.colcon_core.shell:Creating prefix script '/home/lincunha/SESASR/lab02/install/local_setup.ps1'
[9.463s] INFO:colcon.colcon_core.shell:Creating prefix util module '/home/lincunha/SESASR/lab02/install/_local_setup_util_ps1.py'
[9.469s] INFO:colcon.colcon_core.shell:Creating prefix chain script '/home/lincunha/SESASR/lab02/install/setup.ps1'
[9.472s] INFO:colcon.colcon_core.shell:Creating prefix script '/home/lincunha/SESASR/lab02/install/local_setup.sh'
[9.475s] INFO:colcon.colcon_core.shell:Creating prefix util module '/home/lincunha/SESASR/lab02/install/_local_setup_util_sh.py'
[9.481s] INFO:colcon.colcon_core.shell:Creating prefix chain script '/home/lincunha/SESASR/lab02/install/setup.sh'
[9.486s] INFO:colcon.colcon_core.shell:Creating prefix script '/home/lincunha/SESASR/lab02/install/local_setup.bash'
[9.487s] INFO:colcon.colcon_core.shell:Creating prefix chain script '/home/lincunha/SESASR/lab02/install/setup.bash'
[9.490s] INFO:colcon.colcon_core.shell:Creating prefix script '/home/lincunha/SESASR/lab02/install/local_setup.zsh'
[9.492s] INFO:colcon.colcon_core.shell:Creating prefix chain script '/home/lincunha/SESASR/lab02/install/setup.zsh'
