[0.399s] Invoking command in '/home/lincunha/SESASR/lab02/build/turtlebot3_simulations': CMAKE_PREFIX_PATH=/home/lincunha/SESASR/lab02/install/turtlebot3_gazebo:/home/lincunha/SESASR/lab02/install/turtlebot3_fake_node:/home/lincunha/SESASR/lab02/install/turtlebot3_simulations:/home/lincunha/SESASR/lab02/install/lab02_pkg:/opt/ros/humble /usr/bin/cmake --build /home/lincunha/SESASR/lab02/build/turtlebot3_simulations -- -j8 -l8
[0.643s] Invoked command in '/home/lincunha/SESASR/lab02/build/turtlebot3_simulations' returned '0': CMAKE_PREFIX_PATH=/home/lincunha/SESASR/lab02/install/turtlebot3_gazebo:/home/lincunha/SESASR/lab02/install/turtlebot3_fake_node:/home/lincunha/SESASR/lab02/install/turtlebot3_simulations:/home/lincunha/SESASR/lab02/install/lab02_pkg:/opt/ros/humble /usr/bin/cmake --build /home/lincunha/SESASR/lab02/build/turtlebot3_simulations -- -j8 -l8
[0.769s] Invoking command in '/home/lincunha/SESASR/lab02/build/turtlebot3_simulations': CMAKE_PREFIX_PATH=/home/lincunha/SESASR/lab02/install/turtlebot3_gazebo:/home/lincunha/SESASR/lab02/install/turtlebot3_fake_node:/home/lincunha/SESASR/lab02/install/turtlebot3_simulations:/home/lincunha/SESASR/lab02/install/lab02_pkg:/opt/ros/humble /usr/bin/cmake --install /home/lincunha/SESASR/lab02/build/turtlebot3_simulations
[0.797s] -- Install configuration: ""
[0.801s] -- Execute custom install script
[0.803s] -- Up-to-date symlink: /home/lincunha/SESASR/lab02/install/turtlebot3_simulations/share/ament_index/resource_index/package_run_dependencies/turtlebot3_simulations
[0.805s] -- Up-to-date symlink: /home/lincunha/SESASR/lab02/install/turtlebot3_simulations/share/ament_index/resource_index/parent_prefix_path/turtlebot3_simulations
[0.809s] -- Up-to-date symlink: /home/lincunha/SESASR/lab02/install/turtlebot3_simulations/share/turtlebot3_simulations/environment/ament_prefix_path.sh
[0.811s] -- Up-to-date symlink: /home/lincunha/SESASR/lab02/install/turtlebot3_simulations/share/turtlebot3_simulations/environment/ament_prefix_path.dsv
[0.820s] -- Up-to-date symlink: /home/lincunha/SESASR/lab02/install/turtlebot3_simulations/share/turtlebot3_simulations/environment/path.sh
[0.823s] -- Up-to-date symlink: /home/lincunha/SESASR/lab02/install/turtlebot3_simulations/share/turtlebot3_simulations/environment/path.dsv
[0.824s] -- Up-to-date symlink: /home/lincunha/SESASR/lab02/install/turtlebot3_simulations/share/turtlebot3_simulations/local_setup.bash
[0.824s] -- Up-to-date symlink: /home/lincunha/SESASR/lab02/install/turtlebot3_simulations/share/turtlebot3_simulations/local_setup.sh
[0.825s] -- Up-to-date symlink: /home/lincunha/SESASR/lab02/install/turtlebot3_simulations/share/turtlebot3_simulations/local_setup.zsh
[0.826s] -- Up-to-date symlink: /home/lincunha/SESASR/lab02/install/turtlebot3_simulations/share/turtlebot3_simulations/local_setup.dsv
[0.827s] -- Symlinking: /home/lincunha/SESASR/lab02/install/turtlebot3_simulations/share/turtlebot3_simulations/package.dsv
[0.869s] -- Up-to-date symlink: /home/lincunha/SESASR/lab02/install/turtlebot3_simulations/share/ament_index/resource_index/packages/turtlebot3_simulations
[0.870s] -- Up-to-date symlink: /home/lincunha/SESASR/lab02/install/turtlebot3_simulations/share/turtlebot3_simulations/cmake/turtlebot3_simulationsConfig.cmake
[0.871s] -- Up-to-date symlink: /home/lincunha/SESASR/lab02/install/turtlebot3_simulations/share/turtlebot3_simulations/cmake/turtlebot3_simulationsConfig-version.cmake
[0.872s] -- Up-to-date symlink: /home/lincunha/SESASR/lab02/install/turtlebot3_simulations/share/turtlebot3_simulations/package.xml
[0.889s] Invoked command in '/home/lincunha/SESASR/lab02/build/turtlebot3_simulations' returned '0': CMAKE_PREFIX_PATH=/home/lincunha/SESASR/lab02/install/turtlebot3_gazebo:/home/lincunha/SESASR/lab02/install/turtlebot3_fake_node:/home/lincunha/SESASR/lab02/install/turtlebot3_simulations:/home/lincunha/SESASR/lab02/install/lab02_pkg:/opt/ros/humble /usr/bin/cmake --install /home/lincunha/SESASR/lab02/build/turtlebot3_simulations
