[1.134s] Invoking command in '/home/lincunha/SESASR/lab02/src/lab02_pkg': PYTHONPATH=/home/lincunha/SESASR/lab02/build/lab02_pkg/prefix_override:/usr/lib/python3/dist-packages/colcon_core/task/python/colcon_distutils_commands:/home/lincunha/SESASR/lab02/install/lab02_pkg/lib/python3.10/site-packages:${PYTHONPATH} /usr/bin/python3 -W ignore:setup.py install is deprecated setup.py egg_info --egg-base ../../build/lab02_pkg build --build-base /home/lincunha/SESASR/lab02/build/lab02_pkg/build install --record /home/lincunha/SESASR/lab02/build/lab02_pkg/install.log --single-version-externally-managed install_data
[1.478s] running egg_info
[1.479s] creating ../../build/lab02_pkg/lab02_pkg.egg-info
[1.480s] writing ../../build/lab02_pkg/lab02_pkg.egg-info/PKG-INFO
[1.481s] writing dependency_links to ../../build/lab02_pkg/lab02_pkg.egg-info/dependency_links.txt
[1.481s] writing entry points to ../../build/lab02_pkg/lab02_pkg.egg-info/entry_points.txt
[1.481s] writing requirements to ../../build/lab02_pkg/lab02_pkg.egg-info/requires.txt
[1.481s] writing top-level names to ../../build/lab02_pkg/lab02_pkg.egg-info/top_level.txt
[1.482s] writing manifest file '../../build/lab02_pkg/lab02_pkg.egg-info/SOURCES.txt'
[1.484s] reading manifest file '../../build/lab02_pkg/lab02_pkg.egg-info/SOURCES.txt'
[1.484s] adding license file 'LICENSE'
[1.485s] writing manifest file '../../build/lab02_pkg/lab02_pkg.egg-info/SOURCES.txt'
[1.485s] running build
[1.486s] running build_py
[1.486s] creating /home/lincunha/SESASR/lab02/build/lab02_pkg/build
[1.486s] creating /home/lincunha/SESASR/lab02/build/lab02_pkg/build/lib
[1.487s] creating /home/lincunha/SESASR/lab02/build/lab02_pkg/build/lib/lab02_pkg
[1.488s] copying lab02_pkg/__init__.py -> /home/lincunha/SESASR/lab02/build/lab02_pkg/build/lib/lab02_pkg
[1.488s] copying lab02_pkg/subscriber_member_function.py -> /home/lincunha/SESASR/lab02/build/lab02_pkg/build/lib/lab02_pkg
[1.488s] copying lab02_pkg/publisher_member_function.py -> /home/lincunha/SESASR/lab02/build/lab02_pkg/build/lib/lab02_pkg
[1.489s] running install
[1.489s] running install_lib
[1.491s] creating /home/lincunha/SESASR/lab02/install/lab02_pkg/lib/python3.10/site-packages/lab02_pkg
[1.492s] copying /home/lincunha/SESASR/lab02/build/lab02_pkg/build/lib/lab02_pkg/__init__.py -> /home/lincunha/SESASR/lab02/install/lab02_pkg/lib/python3.10/site-packages/lab02_pkg
[1.493s] copying /home/lincunha/SESASR/lab02/build/lab02_pkg/build/lib/lab02_pkg/subscriber_member_function.py -> /home/lincunha/SESASR/lab02/install/lab02_pkg/lib/python3.10/site-packages/lab02_pkg
[1.493s] copying /home/lincunha/SESASR/lab02/build/lab02_pkg/build/lib/lab02_pkg/publisher_member_function.py -> /home/lincunha/SESASR/lab02/install/lab02_pkg/lib/python3.10/site-packages/lab02_pkg
[1.493s] byte-compiling /home/lincunha/SESASR/lab02/install/lab02_pkg/lib/python3.10/site-packages/lab02_pkg/__init__.py to __init__.cpython-310.pyc
[1.494s] byte-compiling /home/lincunha/SESASR/lab02/install/lab02_pkg/lib/python3.10/site-packages/lab02_pkg/subscriber_member_function.py to subscriber_member_function.cpython-310.pyc
[1.495s] byte-compiling /home/lincunha/SESASR/lab02/install/lab02_pkg/lib/python3.10/site-packages/lab02_pkg/publisher_member_function.py to publisher_member_function.cpython-310.pyc
[1.495s] running install_data
[1.496s] creating /home/lincunha/SESASR/lab02/install/lab02_pkg/share/ament_index
[1.496s] creating /home/lincunha/SESASR/lab02/install/lab02_pkg/share/ament_index/resource_index
[1.497s] creating /home/lincunha/SESASR/lab02/install/lab02_pkg/share/ament_index/resource_index/packages
[1.497s] copying resource/lab02_pkg -> /home/lincunha/SESASR/lab02/install/lab02_pkg/share/ament_index/resource_index/packages
[1.497s] copying package.xml -> /home/lincunha/SESASR/lab02/install/lab02_pkg/share/lab02_pkg
[1.497s] running install_egg_info
[1.500s] Copying ../../build/lab02_pkg/lab02_pkg.egg-info to /home/lincunha/SESASR/lab02/install/lab02_pkg/lib/python3.10/site-packages/lab02_pkg-0.0.0-py3.10.egg-info
[1.501s] running install_scripts
[1.527s] Installing listener script to /home/lincunha/SESASR/lab02/install/lab02_pkg/lib/lab02_pkg
[1.528s] Installing talker script to /home/lincunha/SESASR/lab02/install/lab02_pkg/lib/lab02_pkg
[1.530s] writing list of installed files to '/home/lincunha/SESASR/lab02/build/lab02_pkg/install.log'
[1.577s] Invoked command in '/home/lincunha/SESASR/lab02/src/lab02_pkg' returned '0': PYTHONPATH=/home/lincunha/SESASR/lab02/build/lab02_pkg/prefix_override:/usr/lib/python3/dist-packages/colcon_core/task/python/colcon_distutils_commands:/home/lincunha/SESASR/lab02/install/lab02_pkg/lib/python3.10/site-packages:${PYTHONPATH} /usr/bin/python3 -W ignore:setup.py install is deprecated setup.py egg_info --egg-base ../../build/lab02_pkg build --build-base /home/lincunha/SESASR/lab02/build/lab02_pkg/build install --record /home/lincunha/SESASR/lab02/build/lab02_pkg/install.log --single-version-externally-managed install_data
