[2.113s] Invoking command in '/home/thilevin/sesasr/SESASR/lab05/src/pf_pkg': PYTHONPATH=/home/thilevin/sesasr/SESASR/lab05/build/pf_pkg/prefix_override:/usr/lib/python3/dist-packages/colcon_core/task/python/colcon_distutils_commands:/home/thilevin/sesasr/SESASR/lab05/install/pf_pkg/lib/python3.10/site-packages:${PYTHONPATH} /usr/bin/python3 -W ignore:setup.py install is deprecated setup.py egg_info --egg-base ../../build/pf_pkg build --build-base /home/thilevin/sesasr/SESASR/lab05/build/pf_pkg/build install --record /home/thilevin/sesasr/SESASR/lab05/build/pf_pkg/install.log --single-version-externally-managed install_data
[2.554s] running egg_info
[2.555s] writing ../../build/pf_pkg/pf_pkg.egg-info/PKG-INFO
[2.556s] writing dependency_links to ../../build/pf_pkg/pf_pkg.egg-info/dependency_links.txt
[2.556s] writing entry points to ../../build/pf_pkg/pf_pkg.egg-info/entry_points.txt
[2.557s] writing requirements to ../../build/pf_pkg/pf_pkg.egg-info/requires.txt
[2.557s] writing top-level names to ../../build/pf_pkg/pf_pkg.egg-info/top_level.txt
[2.559s] reading manifest file '../../build/pf_pkg/pf_pkg.egg-info/SOURCES.txt'
[2.566s] adding license file 'LICENSE'
[2.567s] writing manifest file '../../build/pf_pkg/pf_pkg.egg-info/SOURCES.txt'
[2.568s] running build
[2.568s] running build_py
[2.569s] running install
[2.569s] running install_lib
[2.571s] running install_data
[2.571s] running install_egg_info
[2.573s] removing '/home/thilevin/sesasr/SESASR/lab05/install/pf_pkg/lib/python3.10/site-packages/pf_pkg-0.0.0-py3.10.egg-info' (and everything under it)
[2.574s] Copying ../../build/pf_pkg/pf_pkg.egg-info to /home/thilevin/sesasr/SESASR/lab05/install/pf_pkg/lib/python3.10/site-packages/pf_pkg-0.0.0-py3.10.egg-info
[2.576s] running install_scripts
[2.620s] Installing pf_node script to /home/thilevin/sesasr/SESASR/lab05/install/pf_pkg/lib/pf_pkg
[2.621s] writing list of installed files to '/home/thilevin/sesasr/SESASR/lab05/build/pf_pkg/install.log'
[2.663s] Invoked command in '/home/thilevin/sesasr/SESASR/lab05/src/pf_pkg' returned '0': PYTHONPATH=/home/thilevin/sesasr/SESASR/lab05/build/pf_pkg/prefix_override:/usr/lib/python3/dist-packages/colcon_core/task/python/colcon_distutils_commands:/home/thilevin/sesasr/SESASR/lab05/install/pf_pkg/lib/python3.10/site-packages:${PYTHONPATH} /usr/bin/python3 -W ignore:setup.py install is deprecated setup.py egg_info --egg-base ../../build/pf_pkg build --build-base /home/thilevin/sesasr/SESASR/lab05/build/pf_pkg/build install --record /home/thilevin/sesasr/SESASR/lab05/build/pf_pkg/install.log --single-version-externally-managed install_data
