[1.109s] Invoking command in '/home/lincunha/lab01/src/lab01_pkg': PYTHONPATH=/home/lincunha/lab01/build/lab01_pkg/prefix_override:/usr/lib/python3/dist-packages/colcon_core/task/python/colcon_distutils_commands:/home/lincunha/lab01/install/lab01_pkg/lib/python3.10/site-packages:${PYTHONPATH} /usr/bin/python3 -W ignore:setup.py install is deprecated setup.py egg_info --egg-base ../../build/lab01_pkg build --build-base /home/lincunha/lab01/build/lab01_pkg/build install --record /home/lincunha/lab01/build/lab01_pkg/install.log --single-version-externally-managed install_data
[1.611s] running egg_info
[1.628s] writing ../../build/lab01_pkg/lab01_pkg.egg-info/PKG-INFO
[1.628s] writing dependency_links to ../../build/lab01_pkg/lab01_pkg.egg-info/dependency_links.txt
[1.629s] writing entry points to ../../build/lab01_pkg/lab01_pkg.egg-info/entry_points.txt
[1.629s] writing requirements to ../../build/lab01_pkg/lab01_pkg.egg-info/requires.txt
[1.630s] writing top-level names to ../../build/lab01_pkg/lab01_pkg.egg-info/top_level.txt
[1.651s] reading manifest file '../../build/lab01_pkg/lab01_pkg.egg-info/SOURCES.txt'
[1.653s] adding license file 'LICENSE'
[1.664s] writing manifest file '../../build/lab01_pkg/lab01_pkg.egg-info/SOURCES.txt'
[1.664s] running build
[1.665s] running build_py
[1.665s] running install
[1.666s] running install_lib
[1.666s] running install_data
[1.667s] running install_egg_info
[1.667s] removing '/home/lincunha/lab01/install/lab01_pkg/lib/python3.10/site-packages/lab01_pkg-0.0.0-py3.10.egg-info' (and everything under it)
[1.667s] Copying ../../build/lab01_pkg/lab01_pkg.egg-info to /home/lincunha/lab01/install/lab01_pkg/lib/python3.10/site-packages/lab01_pkg-0.0.0-py3.10.egg-info
[1.668s] running install_scripts
[1.689s] Installing listener script to /home/lincunha/lab01/install/lab01_pkg/lib/lab01_pkg
[1.690s] Installing talker script to /home/lincunha/lab01/install/lab01_pkg/lib/lab01_pkg
[1.691s] writing list of installed files to '/home/lincunha/lab01/build/lab01_pkg/install.log'
[1.748s] Invoked command in '/home/lincunha/lab01/src/lab01_pkg' returned '0': PYTHONPATH=/home/lincunha/lab01/build/lab01_pkg/prefix_override:/usr/lib/python3/dist-packages/colcon_core/task/python/colcon_distutils_commands:/home/lincunha/lab01/install/lab01_pkg/lib/python3.10/site-packages:${PYTHONPATH} /usr/bin/python3 -W ignore:setup.py install is deprecated setup.py egg_info --egg-base ../../build/lab01_pkg build --build-base /home/lincunha/lab01/build/lab01_pkg/build install --record /home/lincunha/lab01/build/lab01_pkg/install.log --single-version-externally-managed install_data
