[0.188s] DEBUG:colcon:Command line arguments: ['/usr/bin/colcon', 'build']
[0.188s] DEBUG:colcon:Parsed command line arguments: Namespace(log_base=None, log_level=None, verb_name='build', build_base='build', install_base='install', merge_install=False, symlink_install=False, test_result_base=None, continue_on_error=False, executor='parallel', parallel_workers=4, event_handlers=None, ignore_user_meta=False, metas=['./colcon.meta'], base_paths=['.'], packages_ignore=None, packages_ignore_regex=None, paths=None, packages_up_to=None, packages_up_to_regex=None, packages_above=None, packages_above_and_dependencies=None, packages_above_depth=None, packages_select_by_dep=None, packages_skip_by_dep=None, packages_skip_up_to=None, packages_select_build_failed=False, packages_skip_build_finished=False, packages_select_test_failures=False, packages_skip_test_passed=False, packages_select=None, packages_skip=None, packages_select_regex=None, packages_skip_regex=None, packages_start=None, packages_end=None, allow_overriding=[], cmake_args=None, cmake_target=None, cmake_target_skip_unavailable=False, cmake_clean_cache=False, cmake_clean_first=False, cmake_force_configure=False, ament_cmake_args=None, catkin_cmake_args=None, catkin_skip_building_tests=False, mixin_files=None, mixin=None, verb_parser=<colcon_mixin.mixin.mixin_argument.MixinArgumentDecorator object at 0x7c138fd4b7f0>, verb_extension=<colcon_core.verb.build.BuildVerb object at 0x7c138fd4ab90>, main=<bound method BuildVerb.main of <colcon_core.verb.build.BuildVerb object at 0x7c138fd4ab90>>, mixin_verb=('build',))
[0.470s] Level 1:colcon.colcon_core.package_discovery:discover_packages(colcon_meta) check parameters
[0.470s] Level 1:colcon.colcon_core.package_discovery:discover_packages(recursive) check parameters
[0.470s] Level 1:colcon.colcon_core.package_discovery:discover_packages(ignore) check parameters
[0.470s] Level 1:colcon.colcon_core.package_discovery:discover_packages(path) check parameters
[0.470s] Level 1:colcon.colcon_core.package_discovery:discover_packages(colcon_meta) discover
[0.470s] Level 1:colcon.colcon_core.package_discovery:discover_packages(recursive) discover
[0.470s] INFO:colcon.colcon_core.package_discovery:Crawling recursively for packages in '/home/s2c2/Desktop/SESASR/lab05'
[0.470s] Level 1:colcon.colcon_core.package_identification:_identify(.) by extensions ['ignore', 'ignore_ament_install']
[0.471s] Level 1:colcon.colcon_core.package_identification:_identify(.) by extension 'ignore'
[0.471s] Level 1:colcon.colcon_core.package_identification:_identify(.) by extension 'ignore_ament_install'
[0.471s] Level 1:colcon.colcon_core.package_identification:_identify(.) by extensions ['colcon_pkg']
[0.471s] Level 1:colcon.colcon_core.package_identification:_identify(.) by extension 'colcon_pkg'
[0.471s] Level 1:colcon.colcon_core.package_identification:_identify(.) by extensions ['colcon_meta']
[0.471s] Level 1:colcon.colcon_core.package_identification:_identify(.) by extension 'colcon_meta'
[0.471s] Level 1:colcon.colcon_core.package_identification:_identify(.) by extensions ['ros']
[0.471s] Level 1:colcon.colcon_core.package_identification:_identify(.) by extension 'ros'
[0.485s] Level 1:colcon.colcon_core.package_identification:_identify(.) by extensions ['cmake', 'python']
[0.485s] Level 1:colcon.colcon_core.package_identification:_identify(.) by extension 'cmake'
[0.485s] Level 1:colcon.colcon_core.package_identification:_identify(.) by extension 'python'
[0.486s] Level 1:colcon.colcon_core.package_identification:_identify(.) by extensions ['python_setup_py']
[0.486s] Level 1:colcon.colcon_core.package_identification:_identify(.) by extension 'python_setup_py'
[0.486s] Level 1:colcon.colcon_core.package_identification:_identify(build) by extensions ['ignore', 'ignore_ament_install']
[0.486s] Level 1:colcon.colcon_core.package_identification:_identify(build) by extension 'ignore'
[0.486s] Level 1:colcon.colcon_core.package_identification:_identify(build) ignored
[0.486s] Level 1:colcon.colcon_core.package_identification:_identify(install) by extensions ['ignore', 'ignore_ament_install']
[0.487s] Level 1:colcon.colcon_core.package_identification:_identify(install) by extension 'ignore'
[0.487s] Level 1:colcon.colcon_core.package_identification:_identify(install) ignored
[0.487s] Level 1:colcon.colcon_core.package_identification:_identify(log) by extensions ['ignore', 'ignore_ament_install']
[0.487s] Level 1:colcon.colcon_core.package_identification:_identify(log) by extension 'ignore'
[0.487s] Level 1:colcon.colcon_core.package_identification:_identify(log) ignored
[0.487s] Level 1:colcon.colcon_core.package_identification:_identify(src) by extensions ['ignore', 'ignore_ament_install']
[0.487s] Level 1:colcon.colcon_core.package_identification:_identify(src) by extension 'ignore'
[0.487s] Level 1:colcon.colcon_core.package_identification:_identify(src) by extension 'ignore_ament_install'
[0.487s] Level 1:colcon.colcon_core.package_identification:_identify(src) by extensions ['colcon_pkg']
[0.487s] Level 1:colcon.colcon_core.package_identification:_identify(src) by extension 'colcon_pkg'
[0.488s] Level 1:colcon.colcon_core.package_identification:_identify(src) by extensions ['colcon_meta']
[0.488s] Level 1:colcon.colcon_core.package_identification:_identify(src) by extension 'colcon_meta'
[0.488s] Level 1:colcon.colcon_core.package_identification:_identify(src) by extensions ['ros']
[0.488s] Level 1:colcon.colcon_core.package_identification:_identify(src) by extension 'ros'
[0.488s] Level 1:colcon.colcon_core.package_identification:_identify(src) by extensions ['cmake', 'python']
[0.488s] Level 1:colcon.colcon_core.package_identification:_identify(src) by extension 'cmake'
[0.488s] Level 1:colcon.colcon_core.package_identification:_identify(src) by extension 'python'
[0.488s] Level 1:colcon.colcon_core.package_identification:_identify(src) by extensions ['python_setup_py']
[0.488s] Level 1:colcon.colcon_core.package_identification:_identify(src) by extension 'python_setup_py'
[0.488s] Level 1:colcon.colcon_core.package_identification:_identify(src/pf_pkg) by extensions ['ignore', 'ignore_ament_install']
[0.488s] Level 1:colcon.colcon_core.package_identification:_identify(src/pf_pkg) by extension 'ignore'
[0.488s] Level 1:colcon.colcon_core.package_identification:_identify(src/pf_pkg) by extension 'ignore_ament_install'
[0.489s] Level 1:colcon.colcon_core.package_identification:_identify(src/pf_pkg) by extensions ['colcon_pkg']
[0.489s] Level 1:colcon.colcon_core.package_identification:_identify(src/pf_pkg) by extension 'colcon_pkg'
[0.489s] Level 1:colcon.colcon_core.package_identification:_identify(src/pf_pkg) by extensions ['colcon_meta']
[0.489s] Level 1:colcon.colcon_core.package_identification:_identify(src/pf_pkg) by extension 'colcon_meta'
[0.489s] Level 1:colcon.colcon_core.package_identification:_identify(src/pf_pkg) by extensions ['ros']
[0.489s] Level 1:colcon.colcon_core.package_identification:_identify(src/pf_pkg) by extension 'ros'
[0.493s] DEBUG:colcon.colcon_core.package_identification:Package 'src/pf_pkg' with type 'ros.ament_python' and name 'pf_pkg'
[0.493s] Level 1:colcon.colcon_core.package_identification:_identify(src/turtlebot3_perception) by extensions ['ignore', 'ignore_ament_install']
[0.493s] Level 1:colcon.colcon_core.package_identification:_identify(src/turtlebot3_perception) by extension 'ignore'
[0.493s] Level 1:colcon.colcon_core.package_identification:_identify(src/turtlebot3_perception) by extension 'ignore_ament_install'
[0.493s] Level 1:colcon.colcon_core.package_identification:_identify(src/turtlebot3_perception) by extensions ['colcon_pkg']
[0.494s] Level 1:colcon.colcon_core.package_identification:_identify(src/turtlebot3_perception) by extension 'colcon_pkg'
[0.494s] Level 1:colcon.colcon_core.package_identification:_identify(src/turtlebot3_perception) by extensions ['colcon_meta']
[0.494s] Level 1:colcon.colcon_core.package_identification:_identify(src/turtlebot3_perception) by extension 'colcon_meta'
[0.494s] Level 1:colcon.colcon_core.package_identification:_identify(src/turtlebot3_perception) by extensions ['ros']
[0.494s] Level 1:colcon.colcon_core.package_identification:_identify(src/turtlebot3_perception) by extension 'ros'
[0.494s] Level 1:colcon.colcon_core.package_identification:_identify(src/turtlebot3_perception) by extensions ['cmake', 'python']
[0.494s] Level 1:colcon.colcon_core.package_identification:_identify(src/turtlebot3_perception) by extension 'cmake'
[0.494s] Level 1:colcon.colcon_core.package_identification:_identify(src/turtlebot3_perception) by extension 'python'
[0.494s] Level 1:colcon.colcon_core.package_identification:_identify(src/turtlebot3_perception) by extensions ['python_setup_py']
[0.494s] Level 1:colcon.colcon_core.package_identification:_identify(src/turtlebot3_perception) by extension 'python_setup_py'
[0.494s] Level 1:colcon.colcon_core.package_identification:_identify(src/turtlebot3_perception/landmark_msgs) by extensions ['ignore', 'ignore_ament_install']
[0.495s] Level 1:colcon.colcon_core.package_identification:_identify(src/turtlebot3_perception/landmark_msgs) by extension 'ignore'
[0.495s] Level 1:colcon.colcon_core.package_identification:_identify(src/turtlebot3_perception/landmark_msgs) by extension 'ignore_ament_install'
[0.495s] Level 1:colcon.colcon_core.package_identification:_identify(src/turtlebot3_perception/landmark_msgs) by extensions ['colcon_pkg']
[0.495s] Level 1:colcon.colcon_core.package_identification:_identify(src/turtlebot3_perception/landmark_msgs) by extension 'colcon_pkg'
[0.495s] Level 1:colcon.colcon_core.package_identification:_identify(src/turtlebot3_perception/landmark_msgs) by extensions ['colcon_meta']
[0.495s] Level 1:colcon.colcon_core.package_identification:_identify(src/turtlebot3_perception/landmark_msgs) by extension 'colcon_meta'
[0.495s] Level 1:colcon.colcon_core.package_identification:_identify(src/turtlebot3_perception/landmark_msgs) by extensions ['ros']
[0.495s] Level 1:colcon.colcon_core.package_identification:_identify(src/turtlebot3_perception/landmark_msgs) by extension 'ros'
[0.496s] DEBUG:colcon.colcon_core.package_identification:Package 'src/turtlebot3_perception/landmark_msgs' with type 'ros.ament_cmake' and name 'landmark_msgs'
[0.496s] Level 1:colcon.colcon_core.package_identification:_identify(src/turtlebot3_perception/turtlebot3_perception) by extensions ['ignore', 'ignore_ament_install']
[0.497s] Level 1:colcon.colcon_core.package_identification:_identify(src/turtlebot3_perception/turtlebot3_perception) by extension 'ignore'
[0.497s] Level 1:colcon.colcon_core.package_identification:_identify(src/turtlebot3_perception/turtlebot3_perception) by extension 'ignore_ament_install'
[0.497s] Level 1:colcon.colcon_core.package_identification:_identify(src/turtlebot3_perception/turtlebot3_perception) by extensions ['colcon_pkg']
[0.497s] Level 1:colcon.colcon_core.package_identification:_identify(src/turtlebot3_perception/turtlebot3_perception) by extension 'colcon_pkg'
[0.497s] Level 1:colcon.colcon_core.package_identification:_identify(src/turtlebot3_perception/turtlebot3_perception) by extensions ['colcon_meta']
[0.497s] Level 1:colcon.colcon_core.package_identification:_identify(src/turtlebot3_perception/turtlebot3_perception) by extension 'colcon_meta'
[0.497s] Level 1:colcon.colcon_core.package_identification:_identify(src/turtlebot3_perception/turtlebot3_perception) by extensions ['ros']
[0.497s] Level 1:colcon.colcon_core.package_identification:_identify(src/turtlebot3_perception/turtlebot3_perception) by extension 'ros'
[0.500s] DEBUG:colcon.colcon_core.package_identification:Package 'src/turtlebot3_perception/turtlebot3_perception' with type 'ros.ament_python' and name 'turtlebot3_perception'
[0.501s] Level 1:colcon.colcon_core.package_identification:_identify(src/turtlebot3_simulations) by extensions ['ignore', 'ignore_ament_install']
[0.501s] Level 1:colcon.colcon_core.package_identification:_identify(src/turtlebot3_simulations) by extension 'ignore'
[0.501s] Level 1:colcon.colcon_core.package_identification:_identify(src/turtlebot3_simulations) by extension 'ignore_ament_install'
[0.501s] Level 1:colcon.colcon_core.package_identification:_identify(src/turtlebot3_simulations) by extensions ['colcon_pkg']
[0.501s] Level 1:colcon.colcon_core.package_identification:_identify(src/turtlebot3_simulations) by extension 'colcon_pkg'
[0.501s] Level 1:colcon.colcon_core.package_identification:_identify(src/turtlebot3_simulations) by extensions ['colcon_meta']
[0.501s] Level 1:colcon.colcon_core.package_identification:_identify(src/turtlebot3_simulations) by extension 'colcon_meta'
[0.502s] Level 1:colcon.colcon_core.package_identification:_identify(src/turtlebot3_simulations) by extensions ['ros']
[0.502s] Level 1:colcon.colcon_core.package_identification:_identify(src/turtlebot3_simulations) by extension 'ros'
[0.502s] Level 1:colcon.colcon_core.package_identification:_identify(src/turtlebot3_simulations) by extensions ['cmake', 'python']
[0.502s] Level 1:colcon.colcon_core.package_identification:_identify(src/turtlebot3_simulations) by extension 'cmake'
[0.502s] Level 1:colcon.colcon_core.package_identification:_identify(src/turtlebot3_simulations) by extension 'python'
[0.502s] Level 1:colcon.colcon_core.package_identification:_identify(src/turtlebot3_simulations) by extensions ['python_setup_py']
[0.502s] Level 1:colcon.colcon_core.package_identification:_identify(src/turtlebot3_simulations) by extension 'python_setup_py'
[0.503s] Level 1:colcon.colcon_core.package_identification:_identify(src/turtlebot3_simulations/turtlebot3_fake_node) by extensions ['ignore', 'ignore_ament_install']
[0.505s] Level 1:colcon.colcon_core.package_identification:_identify(src/turtlebot3_simulations/turtlebot3_fake_node) by extension 'ignore'
[0.505s] Level 1:colcon.colcon_core.package_identification:_identify(src/turtlebot3_simulations/turtlebot3_fake_node) by extension 'ignore_ament_install'
[0.505s] Level 1:colcon.colcon_core.package_identification:_identify(src/turtlebot3_simulations/turtlebot3_fake_node) by extensions ['colcon_pkg']
[0.505s] Level 1:colcon.colcon_core.package_identification:_identify(src/turtlebot3_simulations/turtlebot3_fake_node) by extension 'colcon_pkg'
[0.506s] Level 1:colcon.colcon_core.package_identification:_identify(src/turtlebot3_simulations/turtlebot3_fake_node) by extensions ['colcon_meta']
[0.506s] Level 1:colcon.colcon_core.package_identification:_identify(src/turtlebot3_simulations/turtlebot3_fake_node) by extension 'colcon_meta'
[0.506s] Level 1:colcon.colcon_core.package_identification:_identify(src/turtlebot3_simulations/turtlebot3_fake_node) by extensions ['ros']
[0.506s] Level 1:colcon.colcon_core.package_identification:_identify(src/turtlebot3_simulations/turtlebot3_fake_node) by extension 'ros'
[0.508s] DEBUG:colcon.colcon_core.package_identification:Package 'src/turtlebot3_simulations/turtlebot3_fake_node' with type 'ros.ament_cmake' and name 'turtlebot3_fake_node'
[0.509s] Level 1:colcon.colcon_core.package_identification:_identify(src/turtlebot3_simulations/turtlebot3_gazebo) by extensions ['ignore', 'ignore_ament_install']
[0.509s] Level 1:colcon.colcon_core.package_identification:_identify(src/turtlebot3_simulations/turtlebot3_gazebo) by extension 'ignore'
[0.509s] Level 1:colcon.colcon_core.package_identification:_identify(src/turtlebot3_simulations/turtlebot3_gazebo) by extension 'ignore_ament_install'
[0.509s] Level 1:colcon.colcon_core.package_identification:_identify(src/turtlebot3_simulations/turtlebot3_gazebo) by extensions ['colcon_pkg']
[0.509s] Level 1:colcon.colcon_core.package_identification:_identify(src/turtlebot3_simulations/turtlebot3_gazebo) by extension 'colcon_pkg'
[0.509s] Level 1:colcon.colcon_core.package_identification:_identify(src/turtlebot3_simulations/turtlebot3_gazebo) by extensions ['colcon_meta']
[0.509s] Level 1:colcon.colcon_core.package_identification:_identify(src/turtlebot3_simulations/turtlebot3_gazebo) by extension 'colcon_meta'
[0.509s] Level 1:colcon.colcon_core.package_identification:_identify(src/turtlebot3_simulations/turtlebot3_gazebo) by extensions ['ros']
[0.509s] Level 1:colcon.colcon_core.package_identification:_identify(src/turtlebot3_simulations/turtlebot3_gazebo) by extension 'ros'
[0.511s] DEBUG:colcon.colcon_core.package_identification:Package 'src/turtlebot3_simulations/turtlebot3_gazebo' with type 'ros.ament_cmake' and name 'turtlebot3_gazebo'
[0.511s] Level 1:colcon.colcon_core.package_identification:_identify(src/turtlebot3_simulations/turtlebot3_ignition) by extensions ['ignore', 'ignore_ament_install']
[0.511s] Level 1:colcon.colcon_core.package_identification:_identify(src/turtlebot3_simulations/turtlebot3_ignition) by extension 'ignore'
[0.511s] Level 1:colcon.colcon_core.package_identification:_identify(src/turtlebot3_simulations/turtlebot3_ignition) ignored
[0.512s] Level 1:colcon.colcon_core.package_identification:_identify(src/turtlebot3_simulations/turtlebot3_simulations) by extensions ['ignore', 'ignore_ament_install']
[0.512s] Level 1:colcon.colcon_core.package_identification:_identify(src/turtlebot3_simulations/turtlebot3_simulations) by extension 'ignore'
[0.512s] Level 1:colcon.colcon_core.package_identification:_identify(src/turtlebot3_simulations/turtlebot3_simulations) by extension 'ignore_ament_install'
[0.512s] Level 1:colcon.colcon_core.package_identification:_identify(src/turtlebot3_simulations/turtlebot3_simulations) by extensions ['colcon_pkg']
[0.512s] Level 1:colcon.colcon_core.package_identification:_identify(src/turtlebot3_simulations/turtlebot3_simulations) by extension 'colcon_pkg'
[0.512s] Level 1:colcon.colcon_core.package_identification:_identify(src/turtlebot3_simulations/turtlebot3_simulations) by extensions ['colcon_meta']
[0.512s] Level 1:colcon.colcon_core.package_identification:_identify(src/turtlebot3_simulations/turtlebot3_simulations) by extension 'colcon_meta'
[0.512s] Level 1:colcon.colcon_core.package_identification:_identify(src/turtlebot3_simulations/turtlebot3_simulations) by extensions ['ros']
[0.512s] Level 1:colcon.colcon_core.package_identification:_identify(src/turtlebot3_simulations/turtlebot3_simulations) by extension 'ros'
[0.513s] DEBUG:colcon.colcon_core.package_identification:Package 'src/turtlebot3_simulations/turtlebot3_simulations' with type 'ros.ament_cmake' and name 'turtlebot3_simulations'
[0.513s] Level 1:colcon.colcon_core.package_discovery:discover_packages(recursive) using defaults
[0.514s] Level 1:colcon.colcon_core.package_discovery:discover_packages(ignore) discover
[0.514s] Level 1:colcon.colcon_core.package_discovery:discover_packages(ignore) using defaults
[0.514s] Level 1:colcon.colcon_core.package_discovery:discover_packages(path) discover
[0.514s] Level 1:colcon.colcon_core.package_discovery:discover_packages(path) using defaults
[0.558s] Level 1:colcon.colcon_core.package_discovery:discover_packages(prefix_path) check parameters
[0.559s] Level 1:colcon.colcon_core.package_discovery:discover_packages(prefix_path) discover
[0.563s] DEBUG:colcon.colcon_installed_package_information.package_discovery:Found 6 installed packages in /home/s2c2/Desktop/SESASR/lab05/install
[0.567s] DEBUG:colcon.colcon_installed_package_information.package_discovery:Found 373 installed packages in /opt/ros/humble
[0.570s] Level 1:colcon.colcon_core.package_discovery:discover_packages(prefix_path) using defaults
[0.639s] Level 5:colcon.colcon_core.verb:set package 'landmark_msgs' build argument 'cmake_args' from command line to 'None'
[0.640s] Level 5:colcon.colcon_core.verb:set package 'landmark_msgs' build argument 'cmake_target' from command line to 'None'
[0.640s] Level 5:colcon.colcon_core.verb:set package 'landmark_msgs' build argument 'cmake_target_skip_unavailable' from command line to 'False'
[0.640s] Level 5:colcon.colcon_core.verb:set package 'landmark_msgs' build argument 'cmake_clean_cache' from command line to 'False'
[0.640s] Level 5:colcon.colcon_core.verb:set package 'landmark_msgs' build argument 'cmake_clean_first' from command line to 'False'
[0.640s] Level 5:colcon.colcon_core.verb:set package 'landmark_msgs' build argument 'cmake_force_configure' from command line to 'False'
[0.640s] Level 5:colcon.colcon_core.verb:set package 'landmark_msgs' build argument 'ament_cmake_args' from command line to 'None'
[0.640s] Level 5:colcon.colcon_core.verb:set package 'landmark_msgs' build argument 'catkin_cmake_args' from command line to 'None'
[0.640s] Level 5:colcon.colcon_core.verb:set package 'landmark_msgs' build argument 'catkin_skip_building_tests' from command line to 'False'
[0.640s] DEBUG:colcon.colcon_core.verb:Building package 'landmark_msgs' with the following arguments: {'ament_cmake_args': None, 'build_base': '/home/s2c2/Desktop/SESASR/lab05/build/landmark_msgs', 'catkin_cmake_args': None, 'catkin_skip_building_tests': False, 'cmake_args': None, 'cmake_clean_cache': False, 'cmake_clean_first': False, 'cmake_force_configure': False, 'cmake_target': None, 'cmake_target_skip_unavailable': False, 'install_base': '/home/s2c2/Desktop/SESASR/lab05/install/landmark_msgs', 'merge_install': False, 'path': '/home/s2c2/Desktop/SESASR/lab05/src/turtlebot3_perception/landmark_msgs', 'symlink_install': False, 'test_result_base': None}
[0.641s] Level 5:colcon.colcon_core.verb:set package 'pf_pkg' build argument 'cmake_args' from command line to 'None'
[0.641s] Level 5:colcon.colcon_core.verb:set package 'pf_pkg' build argument 'cmake_target' from command line to 'None'
[0.641s] Level 5:colcon.colcon_core.verb:set package 'pf_pkg' build argument 'cmake_target_skip_unavailable' from command line to 'False'
[0.641s] Level 5:colcon.colcon_core.verb:set package 'pf_pkg' build argument 'cmake_clean_cache' from command line to 'False'
[0.641s] Level 5:colcon.colcon_core.verb:set package 'pf_pkg' build argument 'cmake_clean_first' from command line to 'False'
[0.641s] Level 5:colcon.colcon_core.verb:set package 'pf_pkg' build argument 'cmake_force_configure' from command line to 'False'
[0.641s] Level 5:colcon.colcon_core.verb:set package 'pf_pkg' build argument 'ament_cmake_args' from command line to 'None'
[0.641s] Level 5:colcon.colcon_core.verb:set package 'pf_pkg' build argument 'catkin_cmake_args' from command line to 'None'
[0.641s] Level 5:colcon.colcon_core.verb:set package 'pf_pkg' build argument 'catkin_skip_building_tests' from command line to 'False'
[0.641s] DEBUG:colcon.colcon_core.verb:Building package 'pf_pkg' with the following arguments: {'ament_cmake_args': None, 'build_base': '/home/s2c2/Desktop/SESASR/lab05/build/pf_pkg', 'catkin_cmake_args': None, 'catkin_skip_building_tests': False, 'cmake_args': None, 'cmake_clean_cache': False, 'cmake_clean_first': False, 'cmake_force_configure': False, 'cmake_target': None, 'cmake_target_skip_unavailable': False, 'install_base': '/home/s2c2/Desktop/SESASR/lab05/install/pf_pkg', 'merge_install': False, 'path': '/home/s2c2/Desktop/SESASR/lab05/src/pf_pkg', 'symlink_install': False, 'test_result_base': None}
[0.642s] Level 5:colcon.colcon_core.verb:set package 'turtlebot3_fake_node' build argument 'cmake_args' from command line to 'None'
[0.642s] Level 5:colcon.colcon_core.verb:set package 'turtlebot3_fake_node' build argument 'cmake_target' from command line to 'None'
[0.642s] Level 5:colcon.colcon_core.verb:set package 'turtlebot3_fake_node' build argument 'cmake_target_skip_unavailable' from command line to 'False'
[0.642s] Level 5:colcon.colcon_core.verb:set package 'turtlebot3_fake_node' build argument 'cmake_clean_cache' from command line to 'False'
[0.642s] Level 5:colcon.colcon_core.verb:set package 'turtlebot3_fake_node' build argument 'cmake_clean_first' from command line to 'False'
[0.642s] Level 5:colcon.colcon_core.verb:set package 'turtlebot3_fake_node' build argument 'cmake_force_configure' from command line to 'False'
[0.642s] Level 5:colcon.colcon_core.verb:set package 'turtlebot3_fake_node' build argument 'ament_cmake_args' from command line to 'None'
[0.642s] Level 5:colcon.colcon_core.verb:set package 'turtlebot3_fake_node' build argument 'catkin_cmake_args' from command line to 'None'
[0.642s] Level 5:colcon.colcon_core.verb:set package 'turtlebot3_fake_node' build argument 'catkin_skip_building_tests' from command line to 'False'
[0.642s] DEBUG:colcon.colcon_core.verb:Building package 'turtlebot3_fake_node' with the following arguments: {'ament_cmake_args': None, 'build_base': '/home/s2c2/Desktop/SESASR/lab05/build/turtlebot3_fake_node', 'catkin_cmake_args': None, 'catkin_skip_building_tests': False, 'cmake_args': None, 'cmake_clean_cache': False, 'cmake_clean_first': False, 'cmake_force_configure': False, 'cmake_target': None, 'cmake_target_skip_unavailable': False, 'install_base': '/home/s2c2/Desktop/SESASR/lab05/install/turtlebot3_fake_node', 'merge_install': False, 'path': '/home/s2c2/Desktop/SESASR/lab05/src/turtlebot3_simulations/turtlebot3_fake_node', 'symlink_install': False, 'test_result_base': None}
[0.643s] Level 5:colcon.colcon_core.verb:set package 'turtlebot3_gazebo' build argument 'cmake_args' from command line to 'None'
[0.643s] Level 5:colcon.colcon_core.verb:set package 'turtlebot3_gazebo' build argument 'cmake_target' from command line to 'None'
[0.643s] Level 5:colcon.colcon_core.verb:set package 'turtlebot3_gazebo' build argument 'cmake_target_skip_unavailable' from command line to 'False'
[0.643s] Level 5:colcon.colcon_core.verb:set package 'turtlebot3_gazebo' build argument 'cmake_clean_cache' from command line to 'False'
[0.643s] Level 5:colcon.colcon_core.verb:set package 'turtlebot3_gazebo' build argument 'cmake_clean_first' from command line to 'False'
[0.643s] Level 5:colcon.colcon_core.verb:set package 'turtlebot3_gazebo' build argument 'cmake_force_configure' from command line to 'False'
[0.643s] Level 5:colcon.colcon_core.verb:set package 'turtlebot3_gazebo' build argument 'ament_cmake_args' from command line to 'None'
[0.643s] Level 5:colcon.colcon_core.verb:set package 'turtlebot3_gazebo' build argument 'catkin_cmake_args' from command line to 'None'
[0.643s] Level 5:colcon.colcon_core.verb:set package 'turtlebot3_gazebo' build argument 'catkin_skip_building_tests' from command line to 'False'
[0.643s] DEBUG:colcon.colcon_core.verb:Building package 'turtlebot3_gazebo' with the following arguments: {'ament_cmake_args': None, 'build_base': '/home/s2c2/Desktop/SESASR/lab05/build/turtlebot3_gazebo', 'catkin_cmake_args': None, 'catkin_skip_building_tests': False, 'cmake_args': None, 'cmake_clean_cache': False, 'cmake_clean_first': False, 'cmake_force_configure': False, 'cmake_target': None, 'cmake_target_skip_unavailable': False, 'install_base': '/home/s2c2/Desktop/SESASR/lab05/install/turtlebot3_gazebo', 'merge_install': False, 'path': '/home/s2c2/Desktop/SESASR/lab05/src/turtlebot3_simulations/turtlebot3_gazebo', 'symlink_install': False, 'test_result_base': None}
[0.644s] Level 5:colcon.colcon_core.verb:set package 'turtlebot3_perception' build argument 'cmake_args' from command line to 'None'
[0.644s] Level 5:colcon.colcon_core.verb:set package 'turtlebot3_perception' build argument 'cmake_target' from command line to 'None'
[0.644s] Level 5:colcon.colcon_core.verb:set package 'turtlebot3_perception' build argument 'cmake_target_skip_unavailable' from command line to 'False'
[0.644s] Level 5:colcon.colcon_core.verb:set package 'turtlebot3_perception' build argument 'cmake_clean_cache' from command line to 'False'
[0.644s] Level 5:colcon.colcon_core.verb:set package 'turtlebot3_perception' build argument 'cmake_clean_first' from command line to 'False'
[0.644s] Level 5:colcon.colcon_core.verb:set package 'turtlebot3_perception' build argument 'cmake_force_configure' from command line to 'False'
[0.644s] Level 5:colcon.colcon_core.verb:set package 'turtlebot3_perception' build argument 'ament_cmake_args' from command line to 'None'
[0.644s] Level 5:colcon.colcon_core.verb:set package 'turtlebot3_perception' build argument 'catkin_cmake_args' from command line to 'None'
[0.644s] Level 5:colcon.colcon_core.verb:set package 'turtlebot3_perception' build argument 'catkin_skip_building_tests' from command line to 'False'
[0.644s] DEBUG:colcon.colcon_core.verb:Building package 'turtlebot3_perception' with the following arguments: {'ament_cmake_args': None, 'build_base': '/home/s2c2/Desktop/SESASR/lab05/build/turtlebot3_perception', 'catkin_cmake_args': None, 'catkin_skip_building_tests': False, 'cmake_args': None, 'cmake_clean_cache': False, 'cmake_clean_first': False, 'cmake_force_configure': False, 'cmake_target': None, 'cmake_target_skip_unavailable': False, 'install_base': '/home/s2c2/Desktop/SESASR/lab05/install/turtlebot3_perception', 'merge_install': False, 'path': '/home/s2c2/Desktop/SESASR/lab05/src/turtlebot3_perception/turtlebot3_perception', 'symlink_install': False, 'test_result_base': None}
[0.644s] Level 5:colcon.colcon_core.verb:set package 'turtlebot3_simulations' build argument 'cmake_args' from command line to 'None'
[0.645s] Level 5:colcon.colcon_core.verb:set package 'turtlebot3_simulations' build argument 'cmake_target' from command line to 'None'
[0.645s] Level 5:colcon.colcon_core.verb:set package 'turtlebot3_simulations' build argument 'cmake_target_skip_unavailable' from command line to 'False'
[0.645s] Level 5:colcon.colcon_core.verb:set package 'turtlebot3_simulations' build argument 'cmake_clean_cache' from command line to 'False'
[0.645s] Level 5:colcon.colcon_core.verb:set package 'turtlebot3_simulations' build argument 'cmake_clean_first' from command line to 'False'
[0.645s] Level 5:colcon.colcon_core.verb:set package 'turtlebot3_simulations' build argument 'cmake_force_configure' from command line to 'False'
[0.645s] Level 5:colcon.colcon_core.verb:set package 'turtlebot3_simulations' build argument 'ament_cmake_args' from command line to 'None'
[0.645s] Level 5:colcon.colcon_core.verb:set package 'turtlebot3_simulations' build argument 'catkin_cmake_args' from command line to 'None'
[0.645s] Level 5:colcon.colcon_core.verb:set package 'turtlebot3_simulations' build argument 'catkin_skip_building_tests' from command line to 'False'
[0.645s] DEBUG:colcon.colcon_core.verb:Building package 'turtlebot3_simulations' with the following arguments: {'ament_cmake_args': None, 'build_base': '/home/s2c2/Desktop/SESASR/lab05/build/turtlebot3_simulations', 'catkin_cmake_args': None, 'catkin_skip_building_tests': False, 'cmake_args': None, 'cmake_clean_cache': False, 'cmake_clean_first': False, 'cmake_force_configure': False, 'cmake_target': None, 'cmake_target_skip_unavailable': False, 'install_base': '/home/s2c2/Desktop/SESASR/lab05/install/turtlebot3_simulations', 'merge_install': False, 'path': '/home/s2c2/Desktop/SESASR/lab05/src/turtlebot3_simulations/turtlebot3_simulations', 'symlink_install': False, 'test_result_base': None}
[0.645s] INFO:colcon.colcon_core.executor:Executing jobs using 'parallel' executor
[0.647s] DEBUG:colcon.colcon_parallel_executor.executor.parallel:run_until_complete
[0.648s] INFO:colcon.colcon_ros.task.ament_cmake.build:Building ROS package in '/home/s2c2/Desktop/SESASR/lab05/src/turtlebot3_perception/landmark_msgs' with build type 'ament_cmake'
[0.648s] INFO:colcon.colcon_cmake.task.cmake.build:Building CMake package in '/home/s2c2/Desktop/SESASR/lab05/src/turtlebot3_perception/landmark_msgs'
[0.652s] INFO:colcon.colcon_core.plugin_system:Skipping extension 'colcon_core.shell.bat': Not used on non-Windows systems
[0.652s] INFO:colcon.colcon_core.shell:Skip shell extension 'powershell' for command environment: Not usable outside of PowerShell
[0.652s] DEBUG:colcon.colcon_core.shell:Skip shell extension 'dsv' for command environment
[0.660s] INFO:colcon.colcon_ros.task.ament_cmake.build:Building ROS package in '/home/s2c2/Desktop/SESASR/lab05/src/turtlebot3_simulations/turtlebot3_fake_node' with build type 'ament_cmake'
[0.661s] INFO:colcon.colcon_cmake.task.cmake.build:Building CMake package in '/home/s2c2/Desktop/SESASR/lab05/src/turtlebot3_simulations/turtlebot3_fake_node'
[0.661s] INFO:colcon.colcon_core.shell:Skip shell extension 'powershell' for command environment: Not usable outside of PowerShell
[0.661s] DEBUG:colcon.colcon_core.shell:Skip shell extension 'dsv' for command environment
[0.671s] INFO:colcon.colcon_ros.task.ament_python.build:Building ROS package in '/home/s2c2/Desktop/SESASR/lab05/src/pf_pkg' with build type 'ament_python'
[0.673s] Level 1:colcon.colcon_core.shell:create_environment_hook('pf_pkg', 'ament_prefix_path')
[0.674s] INFO:colcon.colcon_core.shell:Creating environment hook '/home/s2c2/Desktop/SESASR/lab05/install/pf_pkg/share/pf_pkg/hook/ament_prefix_path.ps1'
[0.679s] INFO:colcon.colcon_core.shell:Creating environment descriptor '/home/s2c2/Desktop/SESASR/lab05/install/pf_pkg/share/pf_pkg/hook/ament_prefix_path.dsv'
[0.680s] INFO:colcon.colcon_core.shell:Creating environment hook '/home/s2c2/Desktop/SESASR/lab05/install/pf_pkg/share/pf_pkg/hook/ament_prefix_path.sh'
[0.683s] INFO:colcon.colcon_core.shell:Skip shell extension 'powershell' for command environment: Not usable outside of PowerShell
[0.683s] DEBUG:colcon.colcon_core.shell:Skip shell extension 'dsv' for command environment
[0.695s] INFO:colcon.colcon_ros.task.ament_cmake.build:Building ROS package in '/home/s2c2/Desktop/SESASR/lab05/src/turtlebot3_simulations/turtlebot3_gazebo' with build type 'ament_cmake'
[0.696s] INFO:colcon.colcon_cmake.task.cmake.build:Building CMake package in '/home/s2c2/Desktop/SESASR/lab05/src/turtlebot3_simulations/turtlebot3_gazebo'
[0.696s] INFO:colcon.colcon_core.shell:Skip shell extension 'powershell' for command environment: Not usable outside of PowerShell
[0.696s] DEBUG:colcon.colcon_core.shell:Skip shell extension 'dsv' for command environment
[0.738s] DEBUG:colcon.colcon_core.event_handler.log_command:Invoking command in '/home/s2c2/Desktop/SESASR/lab05/build/landmark_msgs': CMAKE_PREFIX_PATH=${CMAKE_PREFIX_PATH}:/home/s2c2/Desktop/SESASR/lab05/install/turtlebot3_perception:/home/s2c2/Desktop/SESASR/lab05/install/pf_pkg:/opt/ros/humble /usr/bin/cmake --build /home/s2c2/Desktop/SESASR/lab05/build/landmark_msgs -- -j4 -l4
[0.744s] DEBUG:colcon.colcon_core.event_handler.log_command:Invoking command in '/home/s2c2/Desktop/SESASR/lab05/build/turtlebot3_fake_node': CMAKE_PREFIX_PATH=${CMAKE_PREFIX_PATH}:/home/s2c2/Desktop/SESASR/lab05/install/turtlebot3_perception:/home/s2c2/Desktop/SESASR/lab05/install/pf_pkg:/opt/ros/humble /usr/bin/cmake --build /home/s2c2/Desktop/SESASR/lab05/build/turtlebot3_fake_node -- -j4 -l4
[1.747s] INFO:colcon.colcon_core.task.python.build:Building Python package in '/home/s2c2/Desktop/SESASR/lab05/src/pf_pkg'
[1.748s] INFO:colcon.colcon_core.shell:Skip shell extension 'powershell' for command environment: Not usable outside of PowerShell
[1.748s] DEBUG:colcon.colcon_core.shell:Skip shell extension 'dsv' for command environment
[1.773s] DEBUG:colcon.colcon_core.event_handler.log_command:Invoking command in '/home/s2c2/Desktop/SESASR/lab05/build/turtlebot3_gazebo': CMAKE_PREFIX_PATH=${CMAKE_PREFIX_PATH}:/home/s2c2/Desktop/SESASR/lab05/install/turtlebot3_perception:/home/s2c2/Desktop/SESASR/lab05/install/pf_pkg:/opt/ros/humble /usr/bin/cmake --build /home/s2c2/Desktop/SESASR/lab05/build/turtlebot3_gazebo -- -j4 -l4
[1.777s] DEBUG:colcon.colcon_core.event_handler.log_command:Invoked command in '/home/s2c2/Desktop/SESASR/lab05/build/turtlebot3_fake_node' returned '0': CMAKE_PREFIX_PATH=${CMAKE_PREFIX_PATH}:/home/s2c2/Desktop/SESASR/lab05/install/turtlebot3_perception:/home/s2c2/Desktop/SESASR/lab05/install/pf_pkg:/opt/ros/humble /usr/bin/cmake --build /home/s2c2/Desktop/SESASR/lab05/build/turtlebot3_fake_node -- -j4 -l4
[1.803s] DEBUG:colcon.colcon_core.event_handler.log_command:Invoking command in '/home/s2c2/Desktop/SESASR/lab05/build/turtlebot3_fake_node': CMAKE_PREFIX_PATH=${CMAKE_PREFIX_PATH}:/home/s2c2/Desktop/SESASR/lab05/install/turtlebot3_perception:/home/s2c2/Desktop/SESASR/lab05/install/pf_pkg:/opt/ros/humble /usr/bin/cmake --install /home/s2c2/Desktop/SESASR/lab05/build/turtlebot3_fake_node
[1.843s] Level 1:colcon.colcon_core.environment:create_environment_scripts_only(turtlebot3_fake_node)
[1.855s] Level 1:colcon.colcon_core.environment:checking '/home/s2c2/Desktop/SESASR/lab05/install/turtlebot3_fake_node' for CMake module files
[1.857s] Level 1:colcon.colcon_core.environment:checking '/home/s2c2/Desktop/SESASR/lab05/install/turtlebot3_fake_node' for CMake config files
[1.858s] Level 1:colcon.colcon_core.shell:create_environment_hook('turtlebot3_fake_node', 'cmake_prefix_path')
[1.856s] DEBUG:colcon.colcon_core.event_handler.log_command:Invoked command in '/home/s2c2/Desktop/SESASR/lab05/build/turtlebot3_fake_node' returned '0': CMAKE_PREFIX_PATH=${CMAKE_PREFIX_PATH}:/home/s2c2/Desktop/SESASR/lab05/install/turtlebot3_perception:/home/s2c2/Desktop/SESASR/lab05/install/pf_pkg:/opt/ros/humble /usr/bin/cmake --install /home/s2c2/Desktop/SESASR/lab05/build/turtlebot3_fake_node
[1.862s] INFO:colcon.colcon_core.shell:Creating environment hook '/home/s2c2/Desktop/SESASR/lab05/install/turtlebot3_fake_node/share/turtlebot3_fake_node/hook/cmake_prefix_path.ps1'
[1.864s] INFO:colcon.colcon_core.shell:Creating environment descriptor '/home/s2c2/Desktop/SESASR/lab05/install/turtlebot3_fake_node/share/turtlebot3_fake_node/hook/cmake_prefix_path.dsv'
[1.868s] INFO:colcon.colcon_core.shell:Creating environment hook '/home/s2c2/Desktop/SESASR/lab05/install/turtlebot3_fake_node/share/turtlebot3_fake_node/hook/cmake_prefix_path.sh'
[1.870s] Level 1:colcon.colcon_core.environment:checking '/home/s2c2/Desktop/SESASR/lab05/install/turtlebot3_fake_node/lib'
[1.871s] Level 1:colcon.colcon_core.environment:checking '/home/s2c2/Desktop/SESASR/lab05/install/turtlebot3_fake_node/bin'
[1.874s] Level 1:colcon.colcon_core.environment:checking '/home/s2c2/Desktop/SESASR/lab05/install/turtlebot3_fake_node/lib/pkgconfig/turtlebot3_fake_node.pc'
[1.874s] Level 1:colcon.colcon_core.environment:checking '/home/s2c2/Desktop/SESASR/lab05/install/turtlebot3_fake_node/lib/python3.10/site-packages'
[1.875s] Level 1:colcon.colcon_core.environment:checking '/home/s2c2/Desktop/SESASR/lab05/install/turtlebot3_fake_node/bin'
[1.875s] INFO:colcon.colcon_core.shell:Creating package script '/home/s2c2/Desktop/SESASR/lab05/install/turtlebot3_fake_node/share/turtlebot3_fake_node/package.ps1'
[1.880s] INFO:colcon.colcon_core.shell:Creating package descriptor '/home/s2c2/Desktop/SESASR/lab05/install/turtlebot3_fake_node/share/turtlebot3_fake_node/package.dsv'
[1.885s] INFO:colcon.colcon_core.shell:Creating package script '/home/s2c2/Desktop/SESASR/lab05/install/turtlebot3_fake_node/share/turtlebot3_fake_node/package.sh'
[1.887s] INFO:colcon.colcon_core.shell:Creating package script '/home/s2c2/Desktop/SESASR/lab05/install/turtlebot3_fake_node/share/turtlebot3_fake_node/package.bash'
[1.893s] INFO:colcon.colcon_core.shell:Creating package script '/home/s2c2/Desktop/SESASR/lab05/install/turtlebot3_fake_node/share/turtlebot3_fake_node/package.zsh'
[1.901s] Level 1:colcon.colcon_core.environment:create_file_with_runtime_dependencies(/home/s2c2/Desktop/SESASR/lab05/install/turtlebot3_fake_node/share/colcon-core/packages/turtlebot3_fake_node)
[1.904s] Level 1:colcon.colcon_core.environment:create_environment_scripts_only(turtlebot3_fake_node)
[1.904s] Level 1:colcon.colcon_core.environment:checking '/home/s2c2/Desktop/SESASR/lab05/install/turtlebot3_fake_node' for CMake module files
[1.909s] Level 1:colcon.colcon_core.environment:checking '/home/s2c2/Desktop/SESASR/lab05/install/turtlebot3_fake_node' for CMake config files
[1.910s] Level 1:colcon.colcon_core.shell:create_environment_hook('turtlebot3_fake_node', 'cmake_prefix_path')
[1.914s] INFO:colcon.colcon_core.shell:Creating environment hook '/home/s2c2/Desktop/SESASR/lab05/install/turtlebot3_fake_node/share/turtlebot3_fake_node/hook/cmake_prefix_path.ps1'
[1.916s] INFO:colcon.colcon_core.shell:Creating environment descriptor '/home/s2c2/Desktop/SESASR/lab05/install/turtlebot3_fake_node/share/turtlebot3_fake_node/hook/cmake_prefix_path.dsv'
[1.917s] INFO:colcon.colcon_core.shell:Creating environment hook '/home/s2c2/Desktop/SESASR/lab05/install/turtlebot3_fake_node/share/turtlebot3_fake_node/hook/cmake_prefix_path.sh'
[1.923s] Level 1:colcon.colcon_core.environment:checking '/home/s2c2/Desktop/SESASR/lab05/install/turtlebot3_fake_node/lib'
[1.927s] Level 1:colcon.colcon_core.environment:checking '/home/s2c2/Desktop/SESASR/lab05/install/turtlebot3_fake_node/bin'
[1.927s] Level 1:colcon.colcon_core.environment:checking '/home/s2c2/Desktop/SESASR/lab05/install/turtlebot3_fake_node/lib/pkgconfig/turtlebot3_fake_node.pc'
[1.928s] Level 1:colcon.colcon_core.environment:checking '/home/s2c2/Desktop/SESASR/lab05/install/turtlebot3_fake_node/lib/python3.10/site-packages'
[1.928s] Level 1:colcon.colcon_core.environment:checking '/home/s2c2/Desktop/SESASR/lab05/install/turtlebot3_fake_node/bin'
[1.929s] INFO:colcon.colcon_core.shell:Creating package script '/home/s2c2/Desktop/SESASR/lab05/install/turtlebot3_fake_node/share/turtlebot3_fake_node/package.ps1'
[1.934s] INFO:colcon.colcon_core.shell:Creating package descriptor '/home/s2c2/Desktop/SESASR/lab05/install/turtlebot3_fake_node/share/turtlebot3_fake_node/package.dsv'
[1.936s] INFO:colcon.colcon_core.shell:Creating package script '/home/s2c2/Desktop/SESASR/lab05/install/turtlebot3_fake_node/share/turtlebot3_fake_node/package.sh'
[1.937s] INFO:colcon.colcon_core.shell:Creating package script '/home/s2c2/Desktop/SESASR/lab05/install/turtlebot3_fake_node/share/turtlebot3_fake_node/package.bash'
[1.940s] INFO:colcon.colcon_core.shell:Creating package script '/home/s2c2/Desktop/SESASR/lab05/install/turtlebot3_fake_node/share/turtlebot3_fake_node/package.zsh'
[1.942s] Level 1:colcon.colcon_core.environment:create_file_with_runtime_dependencies(/home/s2c2/Desktop/SESASR/lab05/install/turtlebot3_fake_node/share/colcon-core/packages/turtlebot3_fake_node)
[1.945s] INFO:colcon.colcon_ros.task.ament_cmake.build:Building ROS package in '/home/s2c2/Desktop/SESASR/lab05/src/turtlebot3_simulations/turtlebot3_simulations' with build type 'ament_cmake'
[1.946s] INFO:colcon.colcon_cmake.task.cmake.build:Building CMake package in '/home/s2c2/Desktop/SESASR/lab05/src/turtlebot3_simulations/turtlebot3_simulations'
[1.947s] INFO:colcon.colcon_core.shell:Skip shell extension 'powershell' for command environment: Not usable outside of PowerShell
[1.947s] DEBUG:colcon.colcon_core.shell:Skip shell extension 'dsv' for command environment
[1.980s] DEBUG:colcon.colcon_core.event_handler.log_command:Invoked command in '/home/s2c2/Desktop/SESASR/lab05/build/landmark_msgs' returned '0': CMAKE_PREFIX_PATH=${CMAKE_PREFIX_PATH}:/home/s2c2/Desktop/SESASR/lab05/install/turtlebot3_perception:/home/s2c2/Desktop/SESASR/lab05/install/pf_pkg:/opt/ros/humble /usr/bin/cmake --build /home/s2c2/Desktop/SESASR/lab05/build/landmark_msgs -- -j4 -l4
[1.981s] DEBUG:colcon.colcon_core.event_handler.log_command:Invoking command in '/home/s2c2/Desktop/SESASR/lab05/build/landmark_msgs': CMAKE_PREFIX_PATH=${CMAKE_PREFIX_PATH}:/home/s2c2/Desktop/SESASR/lab05/install/turtlebot3_perception:/home/s2c2/Desktop/SESASR/lab05/install/pf_pkg:/opt/ros/humble /usr/bin/cmake --install /home/s2c2/Desktop/SESASR/lab05/build/landmark_msgs
[2.006s] DEBUG:colcon.colcon_core.event_handler.log_command:Invoking command in '/home/s2c2/Desktop/SESASR/lab05/build/turtlebot3_simulations': CMAKE_PREFIX_PATH=/home/s2c2/Desktop/SESASR/lab05/install/turtlebot3_fake_node:/home/s2c2/Desktop/SESASR/lab05/install/turtlebot3_simulations:/home/s2c2/Desktop/SESASR/lab05/install/turtlebot3_gazebo:/home/s2c2/Desktop/SESASR/lab05/install/landmark_msgs:/home/s2c2/Desktop/SESASR/lab05/install/turtlebot3_perception:/home/s2c2/Desktop/SESASR/lab05/install/pf_pkg:/opt/ros/humble /usr/bin/cmake --build /home/s2c2/Desktop/SESASR/lab05/build/turtlebot3_simulations -- -j4 -l4
[2.144s] DEBUG:colcon.colcon_core.event_handler.log_command:Invoked command in '/home/s2c2/Desktop/SESASR/lab05/build/turtlebot3_gazebo' returned '0': CMAKE_PREFIX_PATH=${CMAKE_PREFIX_PATH}:/home/s2c2/Desktop/SESASR/lab05/install/turtlebot3_perception:/home/s2c2/Desktop/SESASR/lab05/install/pf_pkg:/opt/ros/humble /usr/bin/cmake --build /home/s2c2/Desktop/SESASR/lab05/build/turtlebot3_gazebo -- -j4 -l4
[2.145s] DEBUG:colcon.colcon_core.event_handler.log_command:Invoking command in '/home/s2c2/Desktop/SESASR/lab05/build/turtlebot3_gazebo': CMAKE_PREFIX_PATH=${CMAKE_PREFIX_PATH}:/home/s2c2/Desktop/SESASR/lab05/install/turtlebot3_perception:/home/s2c2/Desktop/SESASR/lab05/install/pf_pkg:/opt/ros/humble /usr/bin/cmake --install /home/s2c2/Desktop/SESASR/lab05/build/turtlebot3_gazebo
[2.209s] Level 1:colcon.colcon_core.environment:create_environment_scripts_only(turtlebot3_gazebo)
[2.209s] Level 1:colcon.colcon_core.environment:checking '/home/s2c2/Desktop/SESASR/lab05/install/turtlebot3_gazebo' for CMake module files
[2.218s] Level 1:colcon.colcon_core.environment:checking '/home/s2c2/Desktop/SESASR/lab05/install/turtlebot3_gazebo' for CMake config files
[2.220s] Level 1:colcon.colcon_core.shell:create_environment_hook('turtlebot3_gazebo', 'cmake_prefix_path')
[2.221s] INFO:colcon.colcon_core.shell:Creating environment hook '/home/s2c2/Desktop/SESASR/lab05/install/turtlebot3_gazebo/share/turtlebot3_gazebo/hook/cmake_prefix_path.ps1'
[2.226s] INFO:colcon.colcon_core.shell:Creating environment descriptor '/home/s2c2/Desktop/SESASR/lab05/install/turtlebot3_gazebo/share/turtlebot3_gazebo/hook/cmake_prefix_path.dsv'
[2.228s] INFO:colcon.colcon_core.shell:Creating environment hook '/home/s2c2/Desktop/SESASR/lab05/install/turtlebot3_gazebo/share/turtlebot3_gazebo/hook/cmake_prefix_path.sh'
[2.235s] Level 1:colcon.colcon_core.environment:checking '/home/s2c2/Desktop/SESASR/lab05/install/turtlebot3_gazebo/lib'
[2.235s] Level 1:colcon.colcon_core.environment:checking '/home/s2c2/Desktop/SESASR/lab05/install/turtlebot3_gazebo/bin'
[2.236s] Level 1:colcon.colcon_core.environment:checking '/home/s2c2/Desktop/SESASR/lab05/install/turtlebot3_gazebo/lib/pkgconfig/turtlebot3_gazebo.pc'
[2.236s] Level 1:colcon.colcon_core.environment:checking '/home/s2c2/Desktop/SESASR/lab05/install/turtlebot3_gazebo/lib/python3.10/site-packages'
[2.236s] Level 1:colcon.colcon_core.environment:checking '/home/s2c2/Desktop/SESASR/lab05/install/turtlebot3_gazebo/bin'
[2.238s] INFO:colcon.colcon_core.shell:Creating package script '/home/s2c2/Desktop/SESASR/lab05/install/turtlebot3_gazebo/share/turtlebot3_gazebo/package.ps1'
[2.242s] INFO:colcon.colcon_core.shell:Creating package descriptor '/home/s2c2/Desktop/SESASR/lab05/install/turtlebot3_gazebo/share/turtlebot3_gazebo/package.dsv'
[2.243s] INFO:colcon.colcon_core.shell:Creating package script '/home/s2c2/Desktop/SESASR/lab05/install/turtlebot3_gazebo/share/turtlebot3_gazebo/package.sh'
[2.244s] DEBUG:colcon.colcon_core.event_handler.log_command:Invoked command in '/home/s2c2/Desktop/SESASR/lab05/build/turtlebot3_gazebo' returned '0': CMAKE_PREFIX_PATH=${CMAKE_PREFIX_PATH}:/home/s2c2/Desktop/SESASR/lab05/install/turtlebot3_perception:/home/s2c2/Desktop/SESASR/lab05/install/pf_pkg:/opt/ros/humble /usr/bin/cmake --install /home/s2c2/Desktop/SESASR/lab05/build/turtlebot3_gazebo
[2.246s] INFO:colcon.colcon_core.shell:Creating package script '/home/s2c2/Desktop/SESASR/lab05/install/turtlebot3_gazebo/share/turtlebot3_gazebo/package.bash'
[2.247s] INFO:colcon.colcon_core.shell:Creating package script '/home/s2c2/Desktop/SESASR/lab05/install/turtlebot3_gazebo/share/turtlebot3_gazebo/package.zsh'
[2.249s] Level 1:colcon.colcon_core.environment:create_file_with_runtime_dependencies(/home/s2c2/Desktop/SESASR/lab05/install/turtlebot3_gazebo/share/colcon-core/packages/turtlebot3_gazebo)
[2.251s] Level 1:colcon.colcon_core.environment:create_environment_scripts_only(turtlebot3_gazebo)
[2.252s] Level 1:colcon.colcon_core.environment:checking '/home/s2c2/Desktop/SESASR/lab05/install/turtlebot3_gazebo' for CMake module files
[2.253s] Level 1:colcon.colcon_core.environment:checking '/home/s2c2/Desktop/SESASR/lab05/install/turtlebot3_gazebo' for CMake config files
[2.254s] Level 1:colcon.colcon_core.shell:create_environment_hook('turtlebot3_gazebo', 'cmake_prefix_path')
[2.254s] INFO:colcon.colcon_core.shell:Creating environment hook '/home/s2c2/Desktop/SESASR/lab05/install/turtlebot3_gazebo/share/turtlebot3_gazebo/hook/cmake_prefix_path.ps1'
[2.255s] INFO:colcon.colcon_core.shell:Creating environment descriptor '/home/s2c2/Desktop/SESASR/lab05/install/turtlebot3_gazebo/share/turtlebot3_gazebo/hook/cmake_prefix_path.dsv'
[2.256s] INFO:colcon.colcon_core.shell:Creating environment hook '/home/s2c2/Desktop/SESASR/lab05/install/turtlebot3_gazebo/share/turtlebot3_gazebo/hook/cmake_prefix_path.sh'
[2.258s] Level 1:colcon.colcon_core.environment:checking '/home/s2c2/Desktop/SESASR/lab05/install/turtlebot3_gazebo/lib'
[2.258s] Level 1:colcon.colcon_core.environment:checking '/home/s2c2/Desktop/SESASR/lab05/install/turtlebot3_gazebo/bin'
[2.258s] Level 1:colcon.colcon_core.environment:checking '/home/s2c2/Desktop/SESASR/lab05/install/turtlebot3_gazebo/lib/pkgconfig/turtlebot3_gazebo.pc'
[2.259s] Level 1:colcon.colcon_core.environment:checking '/home/s2c2/Desktop/SESASR/lab05/install/turtlebot3_gazebo/lib/python3.10/site-packages'
[2.259s] Level 1:colcon.colcon_core.environment:checking '/home/s2c2/Desktop/SESASR/lab05/install/turtlebot3_gazebo/bin'
[2.260s] INFO:colcon.colcon_core.shell:Creating package script '/home/s2c2/Desktop/SESASR/lab05/install/turtlebot3_gazebo/share/turtlebot3_gazebo/package.ps1'
[2.262s] INFO:colcon.colcon_core.shell:Creating package descriptor '/home/s2c2/Desktop/SESASR/lab05/install/turtlebot3_gazebo/share/turtlebot3_gazebo/package.dsv'
[2.263s] INFO:colcon.colcon_core.shell:Creating package script '/home/s2c2/Desktop/SESASR/lab05/install/turtlebot3_gazebo/share/turtlebot3_gazebo/package.sh'
[2.265s] INFO:colcon.colcon_core.shell:Creating package script '/home/s2c2/Desktop/SESASR/lab05/install/turtlebot3_gazebo/share/turtlebot3_gazebo/package.bash'
[2.266s] INFO:colcon.colcon_core.shell:Creating package script '/home/s2c2/Desktop/SESASR/lab05/install/turtlebot3_gazebo/share/turtlebot3_gazebo/package.zsh'
[2.267s] Level 1:colcon.colcon_core.environment:create_file_with_runtime_dependencies(/home/s2c2/Desktop/SESASR/lab05/install/turtlebot3_gazebo/share/colcon-core/packages/turtlebot3_gazebo)
[2.273s] DEBUG:colcon.colcon_core.event_handler.log_command:Invoked command in '/home/s2c2/Desktop/SESASR/lab05/build/turtlebot3_simulations' returned '0': CMAKE_PREFIX_PATH=/home/s2c2/Desktop/SESASR/lab05/install/turtlebot3_fake_node:/home/s2c2/Desktop/SESASR/lab05/install/turtlebot3_simulations:/home/s2c2/Desktop/SESASR/lab05/install/turtlebot3_gazebo:/home/s2c2/Desktop/SESASR/lab05/install/landmark_msgs:/home/s2c2/Desktop/SESASR/lab05/install/turtlebot3_perception:/home/s2c2/Desktop/SESASR/lab05/install/pf_pkg:/opt/ros/humble /usr/bin/cmake --build /home/s2c2/Desktop/SESASR/lab05/build/turtlebot3_simulations -- -j4 -l4
[2.274s] DEBUG:colcon.colcon_core.event_handler.log_command:Invoking command in '/home/s2c2/Desktop/SESASR/lab05/build/turtlebot3_simulations': CMAKE_PREFIX_PATH=/home/s2c2/Desktop/SESASR/lab05/install/turtlebot3_fake_node:/home/s2c2/Desktop/SESASR/lab05/install/turtlebot3_simulations:/home/s2c2/Desktop/SESASR/lab05/install/turtlebot3_gazebo:/home/s2c2/Desktop/SESASR/lab05/install/landmark_msgs:/home/s2c2/Desktop/SESASR/lab05/install/turtlebot3_perception:/home/s2c2/Desktop/SESASR/lab05/install/pf_pkg:/opt/ros/humble /usr/bin/cmake --install /home/s2c2/Desktop/SESASR/lab05/build/turtlebot3_simulations
[2.323s] Level 1:colcon.colcon_core.environment:create_environment_scripts_only(turtlebot3_simulations)
[2.324s] Level 1:colcon.colcon_core.environment:checking '/home/s2c2/Desktop/SESASR/lab05/install/turtlebot3_simulations' for CMake module files
[2.327s] Level 1:colcon.colcon_core.environment:checking '/home/s2c2/Desktop/SESASR/lab05/install/turtlebot3_simulations' for CMake config files
[2.328s] Level 1:colcon.colcon_core.shell:create_environment_hook('turtlebot3_simulations', 'cmake_prefix_path')
[2.329s] INFO:colcon.colcon_core.shell:Creating environment hook '/home/s2c2/Desktop/SESASR/lab05/install/turtlebot3_simulations/share/turtlebot3_simulations/hook/cmake_prefix_path.ps1'
[2.333s] DEBUG:colcon.colcon_core.event_handler.log_command:Invoked command in '/home/s2c2/Desktop/SESASR/lab05/build/turtlebot3_simulations' returned '0': CMAKE_PREFIX_PATH=/home/s2c2/Desktop/SESASR/lab05/install/turtlebot3_fake_node:/home/s2c2/Desktop/SESASR/lab05/install/turtlebot3_simulations:/home/s2c2/Desktop/SESASR/lab05/install/turtlebot3_gazebo:/home/s2c2/Desktop/SESASR/lab05/install/landmark_msgs:/home/s2c2/Desktop/SESASR/lab05/install/turtlebot3_perception:/home/s2c2/Desktop/SESASR/lab05/install/pf_pkg:/opt/ros/humble /usr/bin/cmake --install /home/s2c2/Desktop/SESASR/lab05/build/turtlebot3_simulations
[2.334s] INFO:colcon.colcon_core.shell:Creating environment descriptor '/home/s2c2/Desktop/SESASR/lab05/install/turtlebot3_simulations/share/turtlebot3_simulations/hook/cmake_prefix_path.dsv'
[2.335s] INFO:colcon.colcon_core.shell:Creating environment hook '/home/s2c2/Desktop/SESASR/lab05/install/turtlebot3_simulations/share/turtlebot3_simulations/hook/cmake_prefix_path.sh'
[2.338s] Level 1:colcon.colcon_core.environment:checking '/home/s2c2/Desktop/SESASR/lab05/install/turtlebot3_simulations/bin'
[2.339s] Level 1:colcon.colcon_core.environment:checking '/home/s2c2/Desktop/SESASR/lab05/install/turtlebot3_simulations/lib/pkgconfig/turtlebot3_simulations.pc'
[2.339s] Level 1:colcon.colcon_core.environment:checking '/home/s2c2/Desktop/SESASR/lab05/install/turtlebot3_simulations/lib/python3.10/site-packages'
[2.340s] Level 1:colcon.colcon_core.environment:checking '/home/s2c2/Desktop/SESASR/lab05/install/turtlebot3_simulations/bin'
[2.341s] INFO:colcon.colcon_core.shell:Creating package script '/home/s2c2/Desktop/SESASR/lab05/install/turtlebot3_simulations/share/turtlebot3_simulations/package.ps1'
[2.342s] INFO:colcon.colcon_core.shell:Creating package descriptor '/home/s2c2/Desktop/SESASR/lab05/install/turtlebot3_simulations/share/turtlebot3_simulations/package.dsv'
[2.344s] INFO:colcon.colcon_core.shell:Creating package script '/home/s2c2/Desktop/SESASR/lab05/install/turtlebot3_simulations/share/turtlebot3_simulations/package.sh'
[2.346s] INFO:colcon.colcon_core.shell:Creating package script '/home/s2c2/Desktop/SESASR/lab05/install/turtlebot3_simulations/share/turtlebot3_simulations/package.bash'
[2.347s] INFO:colcon.colcon_core.shell:Creating package script '/home/s2c2/Desktop/SESASR/lab05/install/turtlebot3_simulations/share/turtlebot3_simulations/package.zsh'
[2.348s] Level 1:colcon.colcon_core.environment:create_file_with_runtime_dependencies(/home/s2c2/Desktop/SESASR/lab05/install/turtlebot3_simulations/share/colcon-core/packages/turtlebot3_simulations)
[2.351s] Level 1:colcon.colcon_core.environment:create_environment_scripts_only(turtlebot3_simulations)
[2.351s] Level 1:colcon.colcon_core.environment:checking '/home/s2c2/Desktop/SESASR/lab05/install/turtlebot3_simulations' for CMake module files
[2.352s] Level 1:colcon.colcon_core.environment:checking '/home/s2c2/Desktop/SESASR/lab05/install/turtlebot3_simulations' for CMake config files
[2.353s] Level 1:colcon.colcon_core.shell:create_environment_hook('turtlebot3_simulations', 'cmake_prefix_path')
[2.354s] INFO:colcon.colcon_core.shell:Creating environment hook '/home/s2c2/Desktop/SESASR/lab05/install/turtlebot3_simulations/share/turtlebot3_simulations/hook/cmake_prefix_path.ps1'
[2.355s] INFO:colcon.colcon_core.shell:Creating environment descriptor '/home/s2c2/Desktop/SESASR/lab05/install/turtlebot3_simulations/share/turtlebot3_simulations/hook/cmake_prefix_path.dsv'
[2.357s] INFO:colcon.colcon_core.shell:Creating environment hook '/home/s2c2/Desktop/SESASR/lab05/install/turtlebot3_simulations/share/turtlebot3_simulations/hook/cmake_prefix_path.sh'
[2.358s] Level 1:colcon.colcon_core.environment:checking '/home/s2c2/Desktop/SESASR/lab05/install/turtlebot3_simulations/bin'
[2.359s] Level 1:colcon.colcon_core.environment:checking '/home/s2c2/Desktop/SESASR/lab05/install/turtlebot3_simulations/lib/pkgconfig/turtlebot3_simulations.pc'
[2.359s] Level 1:colcon.colcon_core.environment:checking '/home/s2c2/Desktop/SESASR/lab05/install/turtlebot3_simulations/lib/python3.10/site-packages'
[2.360s] Level 1:colcon.colcon_core.environment:checking '/home/s2c2/Desktop/SESASR/lab05/install/turtlebot3_simulations/bin'
[2.360s] INFO:colcon.colcon_core.shell:Creating package script '/home/s2c2/Desktop/SESASR/lab05/install/turtlebot3_simulations/share/turtlebot3_simulations/package.ps1'
[2.362s] INFO:colcon.colcon_core.shell:Creating package descriptor '/home/s2c2/Desktop/SESASR/lab05/install/turtlebot3_simulations/share/turtlebot3_simulations/package.dsv'
[2.363s] INFO:colcon.colcon_core.shell:Creating package script '/home/s2c2/Desktop/SESASR/lab05/install/turtlebot3_simulations/share/turtlebot3_simulations/package.sh'
[2.364s] INFO:colcon.colcon_core.shell:Creating package script '/home/s2c2/Desktop/SESASR/lab05/install/turtlebot3_simulations/share/turtlebot3_simulations/package.bash'
[2.366s] INFO:colcon.colcon_core.shell:Creating package script '/home/s2c2/Desktop/SESASR/lab05/install/turtlebot3_simulations/share/turtlebot3_simulations/package.zsh'
[2.367s] Level 1:colcon.colcon_core.environment:create_file_with_runtime_dependencies(/home/s2c2/Desktop/SESASR/lab05/install/turtlebot3_simulations/share/colcon-core/packages/turtlebot3_simulations)
[2.369s] Level 1:colcon.colcon_core.environment:create_environment_scripts_only(landmark_msgs)
[2.370s] Level 1:colcon.colcon_core.environment:checking '/home/s2c2/Desktop/SESASR/lab05/install/landmark_msgs' for CMake module files
[2.373s] Level 1:colcon.colcon_core.environment:checking '/home/s2c2/Desktop/SESASR/lab05/install/landmark_msgs' for CMake config files
[2.371s] DEBUG:colcon.colcon_core.event_handler.log_command:Invoked command in '/home/s2c2/Desktop/SESASR/lab05/build/landmark_msgs' returned '0': CMAKE_PREFIX_PATH=${CMAKE_PREFIX_PATH}:/home/s2c2/Desktop/SESASR/lab05/install/turtlebot3_perception:/home/s2c2/Desktop/SESASR/lab05/install/pf_pkg:/opt/ros/humble /usr/bin/cmake --install /home/s2c2/Desktop/SESASR/lab05/build/landmark_msgs
[2.375s] Level 1:colcon.colcon_core.shell:create_environment_hook('landmark_msgs', 'cmake_prefix_path')
[2.375s] INFO:colcon.colcon_core.shell:Creating environment hook '/home/s2c2/Desktop/SESASR/lab05/install/landmark_msgs/share/landmark_msgs/hook/cmake_prefix_path.ps1'
[2.376s] INFO:colcon.colcon_core.shell:Creating environment descriptor '/home/s2c2/Desktop/SESASR/lab05/install/landmark_msgs/share/landmark_msgs/hook/cmake_prefix_path.dsv'
[2.378s] INFO:colcon.colcon_core.shell:Creating environment hook '/home/s2c2/Desktop/SESASR/lab05/install/landmark_msgs/share/landmark_msgs/hook/cmake_prefix_path.sh'
[2.379s] Level 1:colcon.colcon_core.environment:checking '/home/s2c2/Desktop/SESASR/lab05/install/landmark_msgs/lib'
[2.379s] Level 1:colcon.colcon_core.shell:create_environment_hook('landmark_msgs', 'ld_library_path_lib')
[2.380s] INFO:colcon.colcon_core.shell:Creating environment hook '/home/s2c2/Desktop/SESASR/lab05/install/landmark_msgs/share/landmark_msgs/hook/ld_library_path_lib.ps1'
[2.381s] INFO:colcon.colcon_core.shell:Creating environment descriptor '/home/s2c2/Desktop/SESASR/lab05/install/landmark_msgs/share/landmark_msgs/hook/ld_library_path_lib.dsv'
[2.382s] INFO:colcon.colcon_core.shell:Creating environment hook '/home/s2c2/Desktop/SESASR/lab05/install/landmark_msgs/share/landmark_msgs/hook/ld_library_path_lib.sh'
[2.384s] Level 1:colcon.colcon_core.environment:checking '/home/s2c2/Desktop/SESASR/lab05/install/landmark_msgs/bin'
[2.384s] Level 1:colcon.colcon_core.environment:checking '/home/s2c2/Desktop/SESASR/lab05/install/landmark_msgs/lib/pkgconfig/landmark_msgs.pc'
[2.384s] Level 1:colcon.colcon_core.environment:checking '/home/s2c2/Desktop/SESASR/lab05/install/landmark_msgs/lib/python3.10/site-packages'
[2.385s] Level 1:colcon.colcon_core.environment:checking '/home/s2c2/Desktop/SESASR/lab05/install/landmark_msgs/bin'
[2.386s] INFO:colcon.colcon_core.shell:Creating package script '/home/s2c2/Desktop/SESASR/lab05/install/landmark_msgs/share/landmark_msgs/package.ps1'
[2.387s] INFO:colcon.colcon_core.shell:Creating package descriptor '/home/s2c2/Desktop/SESASR/lab05/install/landmark_msgs/share/landmark_msgs/package.dsv'
[2.389s] INFO:colcon.colcon_core.shell:Creating package script '/home/s2c2/Desktop/SESASR/lab05/install/landmark_msgs/share/landmark_msgs/package.sh'
[2.390s] INFO:colcon.colcon_core.shell:Creating package script '/home/s2c2/Desktop/SESASR/lab05/install/landmark_msgs/share/landmark_msgs/package.bash'
[2.392s] INFO:colcon.colcon_core.shell:Creating package script '/home/s2c2/Desktop/SESASR/lab05/install/landmark_msgs/share/landmark_msgs/package.zsh'
[2.393s] Level 1:colcon.colcon_core.environment:create_file_with_runtime_dependencies(/home/s2c2/Desktop/SESASR/lab05/install/landmark_msgs/share/colcon-core/packages/landmark_msgs)
[2.395s] Level 1:colcon.colcon_core.environment:create_environment_scripts_only(landmark_msgs)
[2.395s] Level 1:colcon.colcon_core.environment:checking '/home/s2c2/Desktop/SESASR/lab05/install/landmark_msgs' for CMake module files
[2.397s] Level 1:colcon.colcon_core.environment:checking '/home/s2c2/Desktop/SESASR/lab05/install/landmark_msgs' for CMake config files
[2.398s] Level 1:colcon.colcon_core.shell:create_environment_hook('landmark_msgs', 'cmake_prefix_path')
[2.399s] INFO:colcon.colcon_core.shell:Creating environment hook '/home/s2c2/Desktop/SESASR/lab05/install/landmark_msgs/share/landmark_msgs/hook/cmake_prefix_path.ps1'
[2.400s] INFO:colcon.colcon_core.shell:Creating environment descriptor '/home/s2c2/Desktop/SESASR/lab05/install/landmark_msgs/share/landmark_msgs/hook/cmake_prefix_path.dsv'
[2.401s] INFO:colcon.colcon_core.shell:Creating environment hook '/home/s2c2/Desktop/SESASR/lab05/install/landmark_msgs/share/landmark_msgs/hook/cmake_prefix_path.sh'
[2.403s] Level 1:colcon.colcon_core.environment:checking '/home/s2c2/Desktop/SESASR/lab05/install/landmark_msgs/lib'
[2.403s] Level 1:colcon.colcon_core.shell:create_environment_hook('landmark_msgs', 'ld_library_path_lib')
[2.404s] INFO:colcon.colcon_core.shell:Creating environment hook '/home/s2c2/Desktop/SESASR/lab05/install/landmark_msgs/share/landmark_msgs/hook/ld_library_path_lib.ps1'
[2.406s] INFO:colcon.colcon_core.shell:Creating environment descriptor '/home/s2c2/Desktop/SESASR/lab05/install/landmark_msgs/share/landmark_msgs/hook/ld_library_path_lib.dsv'
[2.407s] INFO:colcon.colcon_core.shell:Creating environment hook '/home/s2c2/Desktop/SESASR/lab05/install/landmark_msgs/share/landmark_msgs/hook/ld_library_path_lib.sh'
[2.408s] Level 1:colcon.colcon_core.environment:checking '/home/s2c2/Desktop/SESASR/lab05/install/landmark_msgs/bin'
[2.409s] Level 1:colcon.colcon_core.environment:checking '/home/s2c2/Desktop/SESASR/lab05/install/landmark_msgs/lib/pkgconfig/landmark_msgs.pc'
[2.409s] Level 1:colcon.colcon_core.environment:checking '/home/s2c2/Desktop/SESASR/lab05/install/landmark_msgs/lib/python3.10/site-packages'
[2.410s] Level 1:colcon.colcon_core.environment:checking '/home/s2c2/Desktop/SESASR/lab05/install/landmark_msgs/bin'
[2.411s] INFO:colcon.colcon_core.shell:Creating package script '/home/s2c2/Desktop/SESASR/lab05/install/landmark_msgs/share/landmark_msgs/package.ps1'
[2.413s] INFO:colcon.colcon_core.shell:Creating package descriptor '/home/s2c2/Desktop/SESASR/lab05/install/landmark_msgs/share/landmark_msgs/package.dsv'
[2.415s] INFO:colcon.colcon_core.shell:Creating package script '/home/s2c2/Desktop/SESASR/lab05/install/landmark_msgs/share/landmark_msgs/package.sh'
[2.417s] INFO:colcon.colcon_core.shell:Creating package script '/home/s2c2/Desktop/SESASR/lab05/install/landmark_msgs/share/landmark_msgs/package.bash'
[2.419s] INFO:colcon.colcon_core.shell:Creating package script '/home/s2c2/Desktop/SESASR/lab05/install/landmark_msgs/share/landmark_msgs/package.zsh'
[2.421s] Level 1:colcon.colcon_core.environment:create_file_with_runtime_dependencies(/home/s2c2/Desktop/SESASR/lab05/install/landmark_msgs/share/colcon-core/packages/landmark_msgs)
[2.423s] INFO:colcon.colcon_ros.task.ament_python.build:Building ROS package in '/home/s2c2/Desktop/SESASR/lab05/src/turtlebot3_perception/turtlebot3_perception' with build type 'ament_python'
[2.424s] Level 1:colcon.colcon_core.shell:create_environment_hook('turtlebot3_perception', 'ament_prefix_path')
[2.425s] INFO:colcon.colcon_core.shell:Creating environment hook '/home/s2c2/Desktop/SESASR/lab05/install/turtlebot3_perception/share/turtlebot3_perception/hook/ament_prefix_path.ps1'
[2.426s] INFO:colcon.colcon_core.shell:Creating environment descriptor '/home/s2c2/Desktop/SESASR/lab05/install/turtlebot3_perception/share/turtlebot3_perception/hook/ament_prefix_path.dsv'
[2.428s] INFO:colcon.colcon_core.shell:Creating environment hook '/home/s2c2/Desktop/SESASR/lab05/install/turtlebot3_perception/share/turtlebot3_perception/hook/ament_prefix_path.sh'
[2.431s] INFO:colcon.colcon_core.shell:Skip shell extension 'powershell' for command environment: Not usable outside of PowerShell
[2.431s] DEBUG:colcon.colcon_core.shell:Skip shell extension 'dsv' for command environment
[3.190s] INFO:colcon.colcon_core.task.python.build:Building Python package in '/home/s2c2/Desktop/SESASR/lab05/src/turtlebot3_perception/turtlebot3_perception'
[3.190s] INFO:colcon.colcon_core.shell:Skip shell extension 'powershell' for command environment: Not usable outside of PowerShell
[3.191s] DEBUG:colcon.colcon_core.shell:Skip shell extension 'dsv' for command environment
[3.212s] DEBUG:colcon.colcon_core.event_handler.log_command:Invoking command in '/home/s2c2/Desktop/SESASR/lab05/src/pf_pkg': PYTHONPATH=/home/s2c2/Desktop/SESASR/lab05/build/pf_pkg/prefix_override:/usr/lib/python3/dist-packages/colcon_core/task/python/colcon_distutils_commands:/home/s2c2/Desktop/SESASR/lab05/install/pf_pkg/lib/python3.10/site-packages:${PYTHONPATH} /usr/bin/python3 -W ignore:setup.py install is deprecated -W ignore:easy_install command is deprecated setup.py egg_info --egg-base ../../build/pf_pkg build --build-base /home/s2c2/Desktop/SESASR/lab05/build/pf_pkg/build install --record /home/s2c2/Desktop/SESASR/lab05/build/pf_pkg/install.log --single-version-externally-managed install_data
[4.248s] Level 1:colcon.colcon_core.environment:checking '/home/s2c2/Desktop/SESASR/lab05/install/pf_pkg' for CMake module files
[4.249s] Level 1:colcon.colcon_core.environment:checking '/home/s2c2/Desktop/SESASR/lab05/install/pf_pkg' for CMake config files
[4.251s] Level 1:colcon.colcon_core.environment:checking '/home/s2c2/Desktop/SESASR/lab05/install/pf_pkg/lib'
[4.253s] DEBUG:colcon.colcon_core.event_handler.log_command:Invoked command in '/home/s2c2/Desktop/SESASR/lab05/src/pf_pkg' returned '0': PYTHONPATH=/home/s2c2/Desktop/SESASR/lab05/build/pf_pkg/prefix_override:/usr/lib/python3/dist-packages/colcon_core/task/python/colcon_distutils_commands:/home/s2c2/Desktop/SESASR/lab05/install/pf_pkg/lib/python3.10/site-packages:${PYTHONPATH} /usr/bin/python3 -W ignore:setup.py install is deprecated -W ignore:easy_install command is deprecated setup.py egg_info --egg-base ../../build/pf_pkg build --build-base /home/s2c2/Desktop/SESASR/lab05/build/pf_pkg/build install --record /home/s2c2/Desktop/SESASR/lab05/build/pf_pkg/install.log --single-version-externally-managed install_data
[4.256s] Level 1:colcon.colcon_core.environment:checking '/home/s2c2/Desktop/SESASR/lab05/install/pf_pkg/bin'
[4.257s] Level 1:colcon.colcon_core.environment:checking '/home/s2c2/Desktop/SESASR/lab05/install/pf_pkg/lib/pkgconfig/pf_pkg.pc'
[4.258s] Level 1:colcon.colcon_core.environment:checking '/home/s2c2/Desktop/SESASR/lab05/install/pf_pkg/lib/python3.10/site-packages'
[4.258s] Level 1:colcon.colcon_core.shell:create_environment_hook('pf_pkg', 'pythonpath')
[4.258s] INFO:colcon.colcon_core.shell:Creating environment hook '/home/s2c2/Desktop/SESASR/lab05/install/pf_pkg/share/pf_pkg/hook/pythonpath.ps1'
[4.263s] INFO:colcon.colcon_core.shell:Creating environment descriptor '/home/s2c2/Desktop/SESASR/lab05/install/pf_pkg/share/pf_pkg/hook/pythonpath.dsv'
[4.266s] INFO:colcon.colcon_core.shell:Creating environment hook '/home/s2c2/Desktop/SESASR/lab05/install/pf_pkg/share/pf_pkg/hook/pythonpath.sh'
[4.270s] Level 1:colcon.colcon_core.environment:checking '/home/s2c2/Desktop/SESASR/lab05/install/pf_pkg/bin'
[4.270s] Level 1:colcon.colcon_core.environment:create_environment_scripts_only(pf_pkg)
[4.271s] INFO:colcon.colcon_core.shell:Creating package script '/home/s2c2/Desktop/SESASR/lab05/install/pf_pkg/share/pf_pkg/package.ps1'
[4.274s] INFO:colcon.colcon_core.shell:Creating package descriptor '/home/s2c2/Desktop/SESASR/lab05/install/pf_pkg/share/pf_pkg/package.dsv'
[4.276s] INFO:colcon.colcon_core.shell:Creating package script '/home/s2c2/Desktop/SESASR/lab05/install/pf_pkg/share/pf_pkg/package.sh'
[4.277s] INFO:colcon.colcon_core.shell:Creating package script '/home/s2c2/Desktop/SESASR/lab05/install/pf_pkg/share/pf_pkg/package.bash'
[4.280s] INFO:colcon.colcon_core.shell:Creating package script '/home/s2c2/Desktop/SESASR/lab05/install/pf_pkg/share/pf_pkg/package.zsh'
[4.284s] Level 1:colcon.colcon_core.environment:create_file_with_runtime_dependencies(/home/s2c2/Desktop/SESASR/lab05/install/pf_pkg/share/colcon-core/packages/pf_pkg)
[4.485s] DEBUG:colcon.colcon_core.event_handler.log_command:Invoking command in '/home/s2c2/Desktop/SESASR/lab05/src/turtlebot3_perception/turtlebot3_perception': CMAKE_PREFIX_PATH=/home/s2c2/Desktop/SESASR/lab05/install/landmark_msgs:/home/s2c2/Desktop/SESASR/lab05/install/turtlebot3_simulations:/home/s2c2/Desktop/SESASR/lab05/install/turtlebot3_gazebo:/home/s2c2/Desktop/SESASR/lab05/install/turtlebot3_fake_node LD_LIBRARY_PATH=/home/s2c2/Desktop/SESASR/lab05/install/landmark_msgs/lib:/usr/lib/x86_64-linux-gnu/gazebo-11/plugins:/opt/ros/humble/opt/rviz_ogre_vendor/lib:/opt/ros/humble/lib/x86_64-linux-gnu:/opt/ros/humble/lib:/usr/share/gazebo/../../lib/x86_64-linux-gnu/gazebo-11/plugins:/usr/share/gazebo/../../lib/x86_64-linux-gnu/gazebo-11/plugins:/usr/share/gazebo/../../lib/x86_64-linux-gnu/gazebo-11/plugins PYTHONPATH=/home/s2c2/Desktop/SESASR/lab05/build/turtlebot3_perception/prefix_override:/usr/lib/python3/dist-packages/colcon_core/task/python/colcon_distutils_commands:/home/s2c2/Desktop/SESASR/lab05/install/turtlebot3_perception/lib/python3.10/site-packages:${PYTHONPATH} /usr/bin/python3 -W ignore:setup.py install is deprecated -W ignore:easy_install command is deprecated setup.py egg_info --egg-base ../../../build/turtlebot3_perception build --build-base /home/s2c2/Desktop/SESASR/lab05/build/turtlebot3_perception/build install --record /home/s2c2/Desktop/SESASR/lab05/build/turtlebot3_perception/install.log --single-version-externally-managed install_data
[5.330s] Level 1:colcon.colcon_core.environment:checking '/home/s2c2/Desktop/SESASR/lab05/install/turtlebot3_perception' for CMake module files
[5.331s] Level 1:colcon.colcon_core.environment:checking '/home/s2c2/Desktop/SESASR/lab05/install/turtlebot3_perception' for CMake config files
[5.333s] DEBUG:colcon.colcon_core.event_handler.log_command:Invoked command in '/home/s2c2/Desktop/SESASR/lab05/src/turtlebot3_perception/turtlebot3_perception' returned '0': CMAKE_PREFIX_PATH=/home/s2c2/Desktop/SESASR/lab05/install/landmark_msgs:/home/s2c2/Desktop/SESASR/lab05/install/turtlebot3_simulations:/home/s2c2/Desktop/SESASR/lab05/install/turtlebot3_gazebo:/home/s2c2/Desktop/SESASR/lab05/install/turtlebot3_fake_node LD_LIBRARY_PATH=/home/s2c2/Desktop/SESASR/lab05/install/landmark_msgs/lib:/usr/lib/x86_64-linux-gnu/gazebo-11/plugins:/opt/ros/humble/opt/rviz_ogre_vendor/lib:/opt/ros/humble/lib/x86_64-linux-gnu:/opt/ros/humble/lib:/usr/share/gazebo/../../lib/x86_64-linux-gnu/gazebo-11/plugins:/usr/share/gazebo/../../lib/x86_64-linux-gnu/gazebo-11/plugins:/usr/share/gazebo/../../lib/x86_64-linux-gnu/gazebo-11/plugins PYTHONPATH=/home/s2c2/Desktop/SESASR/lab05/build/turtlebot3_perception/prefix_override:/usr/lib/python3/dist-packages/colcon_core/task/python/colcon_distutils_commands:/home/s2c2/Desktop/SESASR/lab05/install/turtlebot3_perception/lib/python3.10/site-packages:${PYTHONPATH} /usr/bin/python3 -W ignore:setup.py install is deprecated -W ignore:easy_install command is deprecated setup.py egg_info --egg-base ../../../build/turtlebot3_perception build --build-base /home/s2c2/Desktop/SESASR/lab05/build/turtlebot3_perception/build install --record /home/s2c2/Desktop/SESASR/lab05/build/turtlebot3_perception/install.log --single-version-externally-managed install_data
[5.335s] Level 1:colcon.colcon_core.environment:checking '/home/s2c2/Desktop/SESASR/lab05/install/turtlebot3_perception/lib'
[5.335s] Level 1:colcon.colcon_core.environment:checking '/home/s2c2/Desktop/SESASR/lab05/install/turtlebot3_perception/bin'
[5.335s] Level 1:colcon.colcon_core.environment:checking '/home/s2c2/Desktop/SESASR/lab05/install/turtlebot3_perception/lib/pkgconfig/turtlebot3_perception.pc'
[5.336s] Level 1:colcon.colcon_core.environment:checking '/home/s2c2/Desktop/SESASR/lab05/install/turtlebot3_perception/lib/python3.10/site-packages'
[5.336s] Level 1:colcon.colcon_core.shell:create_environment_hook('turtlebot3_perception', 'pythonpath')
[5.337s] INFO:colcon.colcon_core.shell:Creating environment hook '/home/s2c2/Desktop/SESASR/lab05/install/turtlebot3_perception/share/turtlebot3_perception/hook/pythonpath.ps1'
[5.338s] INFO:colcon.colcon_core.shell:Creating environment descriptor '/home/s2c2/Desktop/SESASR/lab05/install/turtlebot3_perception/share/turtlebot3_perception/hook/pythonpath.dsv'
[5.339s] INFO:colcon.colcon_core.shell:Creating environment hook '/home/s2c2/Desktop/SESASR/lab05/install/turtlebot3_perception/share/turtlebot3_perception/hook/pythonpath.sh'
[5.341s] Level 1:colcon.colcon_core.environment:checking '/home/s2c2/Desktop/SESASR/lab05/install/turtlebot3_perception/bin'
[5.341s] Level 1:colcon.colcon_core.environment:create_environment_scripts_only(turtlebot3_perception)
[5.342s] INFO:colcon.colcon_core.shell:Creating package script '/home/s2c2/Desktop/SESASR/lab05/install/turtlebot3_perception/share/turtlebot3_perception/package.ps1'
[5.345s] INFO:colcon.colcon_core.shell:Creating package descriptor '/home/s2c2/Desktop/SESASR/lab05/install/turtlebot3_perception/share/turtlebot3_perception/package.dsv'
[5.346s] INFO:colcon.colcon_core.shell:Creating package script '/home/s2c2/Desktop/SESASR/lab05/install/turtlebot3_perception/share/turtlebot3_perception/package.sh'
[5.348s] INFO:colcon.colcon_core.shell:Creating package script '/home/s2c2/Desktop/SESASR/lab05/install/turtlebot3_perception/share/turtlebot3_perception/package.bash'
[5.350s] INFO:colcon.colcon_core.shell:Creating package script '/home/s2c2/Desktop/SESASR/lab05/install/turtlebot3_perception/share/turtlebot3_perception/package.zsh'
[5.353s] Level 1:colcon.colcon_core.environment:create_file_with_runtime_dependencies(/home/s2c2/Desktop/SESASR/lab05/install/turtlebot3_perception/share/colcon-core/packages/turtlebot3_perception)
[5.358s] DEBUG:colcon.colcon_parallel_executor.executor.parallel:closing loop
[5.358s] DEBUG:colcon.colcon_parallel_executor.executor.parallel:loop closed
[5.359s] DEBUG:colcon.colcon_parallel_executor.executor.parallel:run_until_complete finished with '0'
[5.359s] DEBUG:colcon.colcon_core.event_reactor:joining thread
[5.376s] INFO:colcon.colcon_core.plugin_system:Skipping extension 'colcon_notification.desktop_notification.terminal_notifier': Not used on non-Darwin systems
[5.376s] INFO:colcon.colcon_core.plugin_system:Skipping extension 'colcon_notification.desktop_notification.win32': Not used on non-Windows systems
[5.376s] INFO:colcon.colcon_notification.desktop_notification:Sending desktop notification using 'notify2'
[5.418s] DEBUG:colcon.colcon_core.event_reactor:joined thread
[5.418s] INFO:colcon.colcon_core.shell:Creating prefix script '/home/s2c2/Desktop/SESASR/lab05/install/local_setup.ps1'
[5.421s] INFO:colcon.colcon_core.shell:Creating prefix util module '/home/s2c2/Desktop/SESASR/lab05/install/_local_setup_util_ps1.py'
[5.428s] INFO:colcon.colcon_core.shell:Creating prefix chain script '/home/s2c2/Desktop/SESASR/lab05/install/setup.ps1'
[5.432s] INFO:colcon.colcon_core.shell:Creating prefix script '/home/s2c2/Desktop/SESASR/lab05/install/local_setup.sh'
[5.435s] INFO:colcon.colcon_core.shell:Creating prefix util module '/home/s2c2/Desktop/SESASR/lab05/install/_local_setup_util_sh.py'
[5.437s] INFO:colcon.colcon_core.shell:Creating prefix chain script '/home/s2c2/Desktop/SESASR/lab05/install/setup.sh'
[5.441s] INFO:colcon.colcon_core.shell:Creating prefix script '/home/s2c2/Desktop/SESASR/lab05/install/local_setup.bash'
[5.446s] INFO:colcon.colcon_core.shell:Creating prefix chain script '/home/s2c2/Desktop/SESASR/lab05/install/setup.bash'
[5.450s] INFO:colcon.colcon_core.shell:Creating prefix script '/home/s2c2/Desktop/SESASR/lab05/install/local_setup.zsh'
[5.452s] INFO:colcon.colcon_core.shell:Creating prefix chain script '/home/s2c2/Desktop/SESASR/lab05/install/setup.zsh'
