[0.590s] Invoking command in '/home/thilevin/sesasr/SESASR/lab05/build/turtlebot3_gazebo': CMAKE_PREFIX_PATH=${CMAKE_PREFIX_PATH}:/home/thilevin/sesasr/SESASR/lab05/install/turtlebot3_perception:/home/thilevin/sesasr/SESASR/lab05/install/pf_pkg:/home/thilevin/sesasr/SESASR/lab02/install/lab02_pkg:/opt/ros/humble /usr/bin/cmake --build /home/thilevin/sesasr/SESASR/lab05/build/turtlebot3_gazebo -- -j12 -l12
[0.668s] [35m[1mConsolidate compiler generated dependencies of target turtlebot3_drive[0m
[0.670s] [35m[1mConsolidate compiler generated dependencies of target obstacle2[0m
[0.670s] [35m[1mConsolidate compiler generated dependencies of target obstacle1[0m
[0.689s] [35m[1mConsolidate compiler generated dependencies of target obstacles[0m
[0.709s] [ 25%] Built target turtlebot3_drive
[0.892s] [ 75%] Built target obstacles
[0.893s] [ 75%] Built target obstacle1
[0.894s] [100%] Built target obstacle2
[0.912s] Invoked command in '/home/thilevin/sesasr/SESASR/lab05/build/turtlebot3_gazebo' returned '0': CMAKE_PREFIX_PATH=${CMAKE_PREFIX_PATH}:/home/thilevin/sesasr/SESASR/lab05/install/turtlebot3_perception:/home/thilevin/sesasr/SESASR/lab05/install/pf_pkg:/home/thilevin/sesasr/SESASR/lab02/install/lab02_pkg:/opt/ros/humble /usr/bin/cmake --build /home/thilevin/sesasr/SESASR/lab05/build/turtlebot3_gazebo -- -j12 -l12
[0.989s] Invoking command in '/home/thilevin/sesasr/SESASR/lab05/build/turtlebot3_gazebo': CMAKE_PREFIX_PATH=${CMAKE_PREFIX_PATH}:/home/thilevin/sesasr/SESASR/lab05/install/turtlebot3_perception:/home/thilevin/sesasr/SESASR/lab05/install/pf_pkg:/home/thilevin/sesasr/SESASR/lab02/install/lab02_pkg:/opt/ros/humble /usr/bin/cmake --install /home/thilevin/sesasr/SESASR/lab05/build/turtlebot3_gazebo
[0.992s] -- Install configuration: ""
[0.994s] -- Up-to-date: /home/thilevin/sesasr/SESASR/lab05/install/turtlebot3_gazebo/lib/turtlebot3_gazebo/turtlebot3_drive
[0.995s] -- Up-to-date: /home/thilevin/sesasr/SESASR/lab05/install/turtlebot3_gazebo/share/turtlebot3_gazebo//launch
[0.996s] -- Up-to-date: /home/thilevin/sesasr/SESASR/lab05/install/turtlebot3_gazebo/share/turtlebot3_gazebo//launch/turtlebot3_house.launch.py
[0.997s] -- Up-to-date: /home/thilevin/sesasr/SESASR/lab05/install/turtlebot3_gazebo/share/turtlebot3_gazebo//launch/lab02.launch.py
[0.998s] -- Up-to-date: /home/thilevin/sesasr/SESASR/lab05/install/turtlebot3_gazebo/share/turtlebot3_gazebo//launch/turtlebot3_dqn_stage3.launch.py
[0.999s] -- Up-to-date: /home/thilevin/sesasr/SESASR/lab05/install/turtlebot3_gazebo/share/turtlebot3_gazebo//launch/empty_world.launch.py
[0.999s] -- Up-to-date: /home/thilevin/sesasr/SESASR/lab05/install/turtlebot3_gazebo/share/turtlebot3_gazebo//launch/turtlebot3_world.launch.py
[1.000s] -- Up-to-date: /home/thilevin/sesasr/SESASR/lab05/install/turtlebot3_gazebo/share/turtlebot3_gazebo//launch/turtlebot3_dqn_stage2.launch.py
[1.001s] -- Up-to-date: /home/thilevin/sesasr/SESASR/lab05/install/turtlebot3_gazebo/share/turtlebot3_gazebo//launch/turtlebot3_dqn_stage1.launch.py
[1.001s] -- Up-to-date: /home/thilevin/sesasr/SESASR/lab05/install/turtlebot3_gazebo/share/turtlebot3_gazebo//launch/robot_state_publisher.launch.py
[1.001s] -- Up-to-date: /home/thilevin/sesasr/SESASR/lab05/install/turtlebot3_gazebo/share/turtlebot3_gazebo//launch/lab04.launch.py
[1.001s] -- Up-to-date: /home/thilevin/sesasr/SESASR/lab05/install/turtlebot3_gazebo/share/turtlebot3_gazebo//launch/turtlebot3_dqn_stage4.launch.py
[1.002s] -- Up-to-date: /home/thilevin/sesasr/SESASR/lab05/install/turtlebot3_gazebo/share/turtlebot3_gazebo//launch/spawn_turtlebot3.launch.py
[1.002s] -- Up-to-date: /home/thilevin/sesasr/SESASR/lab05/install/turtlebot3_gazebo/share/turtlebot3_gazebo//models
[1.002s] -- Up-to-date: /home/thilevin/sesasr/SESASR/lab05/install/turtlebot3_gazebo/share/turtlebot3_gazebo//models/turtlebot3_world
[1.002s] -- Up-to-date: /home/thilevin/sesasr/SESASR/lab05/install/turtlebot3_gazebo/share/turtlebot3_gazebo//models/turtlebot3_world/model.sdf
[1.003s] -- Up-to-date: /home/thilevin/sesasr/SESASR/lab05/install/turtlebot3_gazebo/share/turtlebot3_gazebo//models/turtlebot3_world/model-1_4.sdf
[1.003s] -- Up-to-date: /home/thilevin/sesasr/SESASR/lab05/install/turtlebot3_gazebo/share/turtlebot3_gazebo//models/turtlebot3_world/model.config
[1.003s] -- Up-to-date: /home/thilevin/sesasr/SESASR/lab05/install/turtlebot3_gazebo/share/turtlebot3_gazebo//models/turtlebot3_world/meshes
[1.004s] -- Up-to-date: /home/thilevin/sesasr/SESASR/lab05/install/turtlebot3_gazebo/share/turtlebot3_gazebo//models/turtlebot3_world/meshes/wall.dae
[1.004s] -- Up-to-date: /home/thilevin/sesasr/SESASR/lab05/install/turtlebot3_gazebo/share/turtlebot3_gazebo//models/turtlebot3_world/meshes/hexagon.dae
[1.004s] -- Up-to-date: /home/thilevin/sesasr/SESASR/lab05/install/turtlebot3_gazebo/share/turtlebot3_gazebo//models/turtlebot3_waffle
[1.004s] -- Up-to-date: /home/thilevin/sesasr/SESASR/lab05/install/turtlebot3_gazebo/share/turtlebot3_gazebo//models/turtlebot3_waffle/model.sdf
[1.004s] -- Up-to-date: /home/thilevin/sesasr/SESASR/lab05/install/turtlebot3_gazebo/share/turtlebot3_gazebo//models/turtlebot3_waffle/model-1_4.sdf
[1.004s] -- Up-to-date: /home/thilevin/sesasr/SESASR/lab05/install/turtlebot3_gazebo/share/turtlebot3_gazebo//models/turtlebot3_waffle/model.config
[1.004s] -- Up-to-date: /home/thilevin/sesasr/SESASR/lab05/install/turtlebot3_gazebo/share/turtlebot3_gazebo//models/turtlebot3_waffle_pi
[1.004s] -- Up-to-date: /home/thilevin/sesasr/SESASR/lab05/install/turtlebot3_gazebo/share/turtlebot3_gazebo//models/turtlebot3_waffle_pi/model.sdf
[1.004s] -- Up-to-date: /home/thilevin/sesasr/SESASR/lab05/install/turtlebot3_gazebo/share/turtlebot3_gazebo//models/turtlebot3_waffle_pi/model-1_4_.sdf
[1.006s] -- Up-to-date: /home/thilevin/sesasr/SESASR/lab05/install/turtlebot3_gazebo/share/turtlebot3_gazebo//models/turtlebot3_waffle_pi/model.config
[1.007s] -- Up-to-date: /home/thilevin/sesasr/SESASR/lab05/install/turtlebot3_gazebo/share/turtlebot3_gazebo//models/turtlebot3_house
[1.007s] -- Up-to-date: /home/thilevin/sesasr/SESASR/lab05/install/turtlebot3_gazebo/share/turtlebot3_gazebo//models/turtlebot3_house/model.sdf
[1.007s] -- Up-to-date: /home/thilevin/sesasr/SESASR/lab05/install/turtlebot3_gazebo/share/turtlebot3_gazebo//models/turtlebot3_house/model.config
[1.008s] -- Up-to-date: /home/thilevin/sesasr/SESASR/lab05/install/turtlebot3_gazebo/share/turtlebot3_gazebo//models/turtlebot3_burger
[1.008s] -- Up-to-date: /home/thilevin/sesasr/SESASR/lab05/install/turtlebot3_gazebo/share/turtlebot3_gazebo//models/turtlebot3_burger/model.sdf
[1.009s] -- Up-to-date: /home/thilevin/sesasr/SESASR/lab05/install/turtlebot3_gazebo/share/turtlebot3_gazebo//models/turtlebot3_burger/model-1_4.sdf
[1.010s] -- Up-to-date: /home/thilevin/sesasr/SESASR/lab05/install/turtlebot3_gazebo/share/turtlebot3_gazebo//models/turtlebot3_burger/model.config
[1.011s] -- Up-to-date: /home/thilevin/sesasr/SESASR/lab05/install/turtlebot3_gazebo/share/turtlebot3_gazebo//models/turtlebot3_dqn_world
[1.012s] -- Up-to-date: /home/thilevin/sesasr/SESASR/lab05/install/turtlebot3_gazebo/share/turtlebot3_gazebo//models/turtlebot3_dqn_world/obstacle_plugin
[1.012s] -- Up-to-date: /home/thilevin/sesasr/SESASR/lab05/install/turtlebot3_gazebo/share/turtlebot3_gazebo//models/turtlebot3_dqn_world/obstacle_plugin/obstacle2.cc
[1.013s] -- Up-to-date: /home/thilevin/sesasr/SESASR/lab05/install/turtlebot3_gazebo/share/turtlebot3_gazebo//models/turtlebot3_dqn_world/obstacle_plugin/obstacle1.cc
[1.013s] -- Up-to-date: /home/thilevin/sesasr/SESASR/lab05/install/turtlebot3_gazebo/share/turtlebot3_gazebo//models/turtlebot3_dqn_world/obstacle_plugin/CMakeLists.txt
[1.013s] -- Up-to-date: /home/thilevin/sesasr/SESASR/lab05/install/turtlebot3_gazebo/share/turtlebot3_gazebo//models/turtlebot3_dqn_world/obstacle_plugin/obstacles.cc
[1.013s] -- Up-to-date: /home/thilevin/sesasr/SESASR/lab05/install/turtlebot3_gazebo/share/turtlebot3_gazebo//models/turtlebot3_dqn_world/model.sdf
[1.014s] -- Up-to-date: /home/thilevin/sesasr/SESASR/lab05/install/turtlebot3_gazebo/share/turtlebot3_gazebo//models/turtlebot3_dqn_world/goal_box
[1.014s] -- Up-to-date: /home/thilevin/sesasr/SESASR/lab05/install/turtlebot3_gazebo/share/turtlebot3_gazebo//models/turtlebot3_dqn_world/goal_box/model.sdf
[1.014s] -- Up-to-date: /home/thilevin/sesasr/SESASR/lab05/install/turtlebot3_gazebo/share/turtlebot3_gazebo//models/turtlebot3_dqn_world/goal_box/model.config
[1.015s] -- Up-to-date: /home/thilevin/sesasr/SESASR/lab05/install/turtlebot3_gazebo/share/turtlebot3_gazebo//models/turtlebot3_dqn_world/obstacle1
[1.015s] -- Up-to-date: /home/thilevin/sesasr/SESASR/lab05/install/turtlebot3_gazebo/share/turtlebot3_gazebo//models/turtlebot3_dqn_world/obstacle1/model.sdf
[1.015s] -- Up-to-date: /home/thilevin/sesasr/SESASR/lab05/install/turtlebot3_gazebo/share/turtlebot3_gazebo//models/turtlebot3_dqn_world/obstacle1/model.config
[1.016s] -- Up-to-date: /home/thilevin/sesasr/SESASR/lab05/install/turtlebot3_gazebo/share/turtlebot3_gazebo//models/turtlebot3_dqn_world/obstacles
[1.016s] -- Up-to-date: /home/thilevin/sesasr/SESASR/lab05/install/turtlebot3_gazebo/share/turtlebot3_gazebo//models/turtlebot3_dqn_world/obstacles/model.sdf
[1.016s] -- Up-to-date: /home/thilevin/sesasr/SESASR/lab05/install/turtlebot3_gazebo/share/turtlebot3_gazebo//models/turtlebot3_dqn_world/obstacles/model.config
[1.017s] -- Up-to-date: /home/thilevin/sesasr/SESASR/lab05/install/turtlebot3_gazebo/share/turtlebot3_gazebo//models/turtlebot3_dqn_world/model.config
[1.017s] -- Up-to-date: /home/thilevin/sesasr/SESASR/lab05/install/turtlebot3_gazebo/share/turtlebot3_gazebo//models/turtlebot3_dqn_world/obstacle2
[1.017s] -- Up-to-date: /home/thilevin/sesasr/SESASR/lab05/install/turtlebot3_gazebo/share/turtlebot3_gazebo//models/turtlebot3_dqn_world/obstacle2/model.sdf
[1.017s] -- Up-to-date: /home/thilevin/sesasr/SESASR/lab05/install/turtlebot3_gazebo/share/turtlebot3_gazebo//models/turtlebot3_dqn_world/obstacle2/model.config
[1.018s] -- Up-to-date: /home/thilevin/sesasr/SESASR/lab05/install/turtlebot3_gazebo/share/turtlebot3_gazebo//models/turtlebot3_dqn_world/inner_walls
[1.018s] -- Up-to-date: /home/thilevin/sesasr/SESASR/lab05/install/turtlebot3_gazebo/share/turtlebot3_gazebo//models/turtlebot3_dqn_world/inner_walls/model.sdf
[1.018s] -- Up-to-date: /home/thilevin/sesasr/SESASR/lab05/install/turtlebot3_gazebo/share/turtlebot3_gazebo//models/turtlebot3_dqn_world/inner_walls/model.config
[1.019s] -- Up-to-date: /home/thilevin/sesasr/SESASR/lab05/install/turtlebot3_gazebo/share/turtlebot3_gazebo//models/turtlebot3_common
[1.019s] -- Up-to-date: /home/thilevin/sesasr/SESASR/lab05/install/turtlebot3_gazebo/share/turtlebot3_gazebo//models/turtlebot3_common/model.config
[1.019s] -- Up-to-date: /home/thilevin/sesasr/SESASR/lab05/install/turtlebot3_gazebo/share/turtlebot3_gazebo//models/turtlebot3_common/meshes
[1.020s] -- Up-to-date: /home/thilevin/sesasr/SESASR/lab05/install/turtlebot3_gazebo/share/turtlebot3_gazebo//models/turtlebot3_common/meshes/waffle_pi_base.dae
[1.020s] -- Up-to-date: /home/thilevin/sesasr/SESASR/lab05/install/turtlebot3_gazebo/share/turtlebot3_gazebo//models/turtlebot3_common/meshes/tire.dae
[1.021s] -- Up-to-date: /home/thilevin/sesasr/SESASR/lab05/install/turtlebot3_gazebo/share/turtlebot3_gazebo//models/turtlebot3_common/meshes/lds.dae
[1.021s] -- Up-to-date: /home/thilevin/sesasr/SESASR/lab05/install/turtlebot3_gazebo/share/turtlebot3_gazebo//models/turtlebot3_common/meshes/burger_base.dae
[1.022s] -- Up-to-date: /home/thilevin/sesasr/SESASR/lab05/install/turtlebot3_gazebo/share/turtlebot3_gazebo//models/turtlebot3_common/meshes/waffle_base.dae
[1.022s] -- Up-to-date: /home/thilevin/sesasr/SESASR/lab05/install/turtlebot3_gazebo/share/turtlebot3_gazebo//models/turtlebot3_common/meshes/r200.dae
[1.022s] -- Up-to-date: /home/thilevin/sesasr/SESASR/lab05/install/turtlebot3_gazebo/share/turtlebot3_gazebo//rviz
[1.022s] -- Up-to-date: /home/thilevin/sesasr/SESASR/lab05/install/turtlebot3_gazebo/share/turtlebot3_gazebo//rviz/tb3_gazebo.rviz
[1.023s] -- Up-to-date: /home/thilevin/sesasr/SESASR/lab05/install/turtlebot3_gazebo/share/turtlebot3_gazebo//urdf
[1.024s] -- Up-to-date: /home/thilevin/sesasr/SESASR/lab05/install/turtlebot3_gazebo/share/turtlebot3_gazebo//urdf/turtlebot3_burger.urdf
[1.024s] -- Up-to-date: /home/thilevin/sesasr/SESASR/lab05/install/turtlebot3_gazebo/share/turtlebot3_gazebo//urdf/turtlebot3_waffle_pi.urdf
[1.026s] -- Up-to-date: /home/thilevin/sesasr/SESASR/lab05/install/turtlebot3_gazebo/share/turtlebot3_gazebo//urdf/common_properties.urdf
[1.026s] -- Up-to-date: /home/thilevin/sesasr/SESASR/lab05/install/turtlebot3_gazebo/share/turtlebot3_gazebo//urdf/turtlebot3_waffle.urdf
[1.027s] -- Up-to-date: /home/thilevin/sesasr/SESASR/lab05/install/turtlebot3_gazebo/share/turtlebot3_gazebo//worlds
[1.027s] -- Up-to-date: /home/thilevin/sesasr/SESASR/lab05/install/turtlebot3_gazebo/share/turtlebot3_gazebo//worlds/turtlebot3_house.world
[1.028s] -- Up-to-date: /home/thilevin/sesasr/SESASR/lab05/install/turtlebot3_gazebo/share/turtlebot3_gazebo//worlds/maze.world
[1.029s] -- Up-to-date: /home/thilevin/sesasr/SESASR/lab05/install/turtlebot3_gazebo/share/turtlebot3_gazebo//worlds/turtlebot3_dqn_stage3.world
[1.030s] -- Up-to-date: /home/thilevin/sesasr/SESASR/lab05/install/turtlebot3_gazebo/share/turtlebot3_gazebo//worlds/turtlebot3_world.world
[1.030s] -- Up-to-date: /home/thilevin/sesasr/SESASR/lab05/install/turtlebot3_gazebo/share/turtlebot3_gazebo//worlds/empty_world.world
[1.031s] -- Up-to-date: /home/thilevin/sesasr/SESASR/lab05/install/turtlebot3_gazebo/share/turtlebot3_gazebo//worlds/turtlebot3_dqn_stage1.world
[1.032s] -- Up-to-date: /home/thilevin/sesasr/SESASR/lab05/install/turtlebot3_gazebo/share/turtlebot3_gazebo//worlds/turtlebot3_dqn_stage2.world
[1.032s] -- Up-to-date: /home/thilevin/sesasr/SESASR/lab05/install/turtlebot3_gazebo/share/turtlebot3_gazebo//worlds/turtlebot3_dqn_stage4.world
[1.033s] -- Up-to-date: /home/thilevin/sesasr/SESASR/lab05/install/turtlebot3_gazebo/include/
[1.035s] -- Up-to-date: /home/thilevin/sesasr/SESASR/lab05/install/turtlebot3_gazebo/include//turtlebot3_gazebo
[1.035s] -- Up-to-date: /home/thilevin/sesasr/SESASR/lab05/install/turtlebot3_gazebo/include//turtlebot3_gazebo/turtlebot3_drive.hpp
[1.036s] -- Up-to-date: /home/thilevin/sesasr/SESASR/lab05/install/turtlebot3_gazebo/share/turtlebot3_gazebo/environment/turtlebot3_gazebo.dsv
[1.036s] -- Up-to-date: /home/thilevin/sesasr/SESASR/lab05/install/turtlebot3_gazebo/share/ament_index/resource_index/package_run_dependencies/turtlebot3_gazebo
[1.036s] -- Up-to-date: /home/thilevin/sesasr/SESASR/lab05/install/turtlebot3_gazebo/share/ament_index/resource_index/parent_prefix_path/turtlebot3_gazebo
[1.037s] -- Up-to-date: /home/thilevin/sesasr/SESASR/lab05/install/turtlebot3_gazebo/share/turtlebot3_gazebo/environment/ament_prefix_path.sh
[1.037s] -- Up-to-date: /home/thilevin/sesasr/SESASR/lab05/install/turtlebot3_gazebo/share/turtlebot3_gazebo/environment/ament_prefix_path.dsv
[1.038s] -- Up-to-date: /home/thilevin/sesasr/SESASR/lab05/install/turtlebot3_gazebo/share/turtlebot3_gazebo/environment/path.sh
[1.038s] -- Up-to-date: /home/thilevin/sesasr/SESASR/lab05/install/turtlebot3_gazebo/share/turtlebot3_gazebo/environment/path.dsv
[1.038s] -- Up-to-date: /home/thilevin/sesasr/SESASR/lab05/install/turtlebot3_gazebo/share/turtlebot3_gazebo/local_setup.bash
[1.038s] -- Up-to-date: /home/thilevin/sesasr/SESASR/lab05/install/turtlebot3_gazebo/share/turtlebot3_gazebo/local_setup.sh
[1.039s] -- Up-to-date: /home/thilevin/sesasr/SESASR/lab05/install/turtlebot3_gazebo/share/turtlebot3_gazebo/local_setup.zsh
[1.040s] -- Up-to-date: /home/thilevin/sesasr/SESASR/lab05/install/turtlebot3_gazebo/share/turtlebot3_gazebo/local_setup.dsv
[1.040s] -- Installing: /home/thilevin/sesasr/SESASR/lab05/install/turtlebot3_gazebo/share/turtlebot3_gazebo/package.dsv
[1.041s] -- Up-to-date: /home/thilevin/sesasr/SESASR/lab05/install/turtlebot3_gazebo/share/ament_index/resource_index/packages/turtlebot3_gazebo
[1.042s] -- Up-to-date: /home/thilevin/sesasr/SESASR/lab05/install/turtlebot3_gazebo/share/turtlebot3_gazebo/cmake/ament_cmake_export_include_directories-extras.cmake
[1.043s] -- Up-to-date: /home/thilevin/sesasr/SESASR/lab05/install/turtlebot3_gazebo/share/turtlebot3_gazebo/cmake/ament_cmake_export_dependencies-extras.cmake
[1.043s] -- Up-to-date: /home/thilevin/sesasr/SESASR/lab05/install/turtlebot3_gazebo/share/turtlebot3_gazebo/cmake/turtlebot3_gazeboConfig.cmake
[1.044s] -- Up-to-date: /home/thilevin/sesasr/SESASR/lab05/install/turtlebot3_gazebo/share/turtlebot3_gazebo/cmake/turtlebot3_gazeboConfig-version.cmake
[1.044s] -- Up-to-date: /home/thilevin/sesasr/SESASR/lab05/install/turtlebot3_gazebo/share/turtlebot3_gazebo/package.xml
[1.045s] Invoked command in '/home/thilevin/sesasr/SESASR/lab05/build/turtlebot3_gazebo' returned '0': CMAKE_PREFIX_PATH=${CMAKE_PREFIX_PATH}:/home/thilevin/sesasr/SESASR/lab05/install/turtlebot3_perception:/home/thilevin/sesasr/SESASR/lab05/install/pf_pkg:/home/thilevin/sesasr/SESASR/lab02/install/lab02_pkg:/opt/ros/humble /usr/bin/cmake --install /home/thilevin/sesasr/SESASR/lab05/build/turtlebot3_gazebo
