[0.922s] Invoking command in '/home/lincunha/lab01/src/lab01_pkg': PYTHONPATH=/home/lincunha/lab01/build/lab01_pkg/prefix_override:/usr/lib/python3/dist-packages/colcon_core/task/python/colcon_distutils_commands:/home/lincunha/lab01/install/lab01_pkg/lib/python3.10/site-packages:${PYTHONPATH} /usr/bin/python3 -W ignore:setup.py install is deprecated setup.py egg_info --egg-base ../../build/lab01_pkg build --build-base /home/lincunha/lab01/build/lab01_pkg/build install --record /home/lincunha/lab01/build/lab01_pkg/install.log --single-version-externally-managed install_data
[1.257s] running egg_info
[1.260s] writing ../../build/lab01_pkg/lab01_pkg.egg-info/PKG-INFO
[1.260s] writing dependency_links to ../../build/lab01_pkg/lab01_pkg.egg-info/dependency_links.txt
[1.261s] writing entry points to ../../build/lab01_pkg/lab01_pkg.egg-info/entry_points.txt
[1.262s] writing requirements to ../../build/lab01_pkg/lab01_pkg.egg-info/requires.txt
[1.262s] writing top-level names to ../../build/lab01_pkg/lab01_pkg.egg-info/top_level.txt
[1.266s] reading manifest file '../../build/lab01_pkg/lab01_pkg.egg-info/SOURCES.txt'
[1.266s] adding license file 'LICENSE'
[1.267s] writing manifest file '../../build/lab01_pkg/lab01_pkg.egg-info/SOURCES.txt'
[1.268s] running build
[1.268s] running build_py
[1.268s] copying lab01_pkg/subscriber_member_function.py -> /home/lincunha/lab01/build/lab01_pkg/build/lib/lab01_pkg
[1.268s] copying lab01_pkg/publisher_member_function.py -> /home/lincunha/lab01/build/lab01_pkg/build/lib/lab01_pkg
[1.269s] running install
[1.269s] running install_lib
[1.270s] copying /home/lincunha/lab01/build/lab01_pkg/build/lib/lab01_pkg/subscriber_member_function.py -> /home/lincunha/lab01/install/lab01_pkg/lib/python3.10/site-packages/lab01_pkg
[1.271s] copying /home/lincunha/lab01/build/lab01_pkg/build/lib/lab01_pkg/publisher_member_function.py -> /home/lincunha/lab01/install/lab01_pkg/lib/python3.10/site-packages/lab01_pkg
[1.271s] byte-compiling /home/lincunha/lab01/install/lab01_pkg/lib/python3.10/site-packages/lab01_pkg/subscriber_member_function.py to subscriber_member_function.cpython-310.pyc
[1.272s] byte-compiling /home/lincunha/lab01/install/lab01_pkg/lib/python3.10/site-packages/lab01_pkg/publisher_member_function.py to publisher_member_function.cpython-310.pyc
[1.272s] running install_data
[1.273s] copying package.xml -> /home/lincunha/lab01/install/lab01_pkg/share/lab01_pkg
[1.273s] running install_egg_info
[1.276s] removing '/home/lincunha/lab01/install/lab01_pkg/lib/python3.10/site-packages/lab01_pkg-0.0.0-py3.10.egg-info' (and everything under it)
[1.276s] Copying ../../build/lab01_pkg/lab01_pkg.egg-info to /home/lincunha/lab01/install/lab01_pkg/lib/python3.10/site-packages/lab01_pkg-0.0.0-py3.10.egg-info
[1.279s] running install_scripts
[1.310s] Installing listener script to /home/lincunha/lab01/install/lab01_pkg/lib/lab01_pkg
[1.310s] Installing talker script to /home/lincunha/lab01/install/lab01_pkg/lib/lab01_pkg
[1.311s] writing list of installed files to '/home/lincunha/lab01/build/lab01_pkg/install.log'
[1.354s] Invoked command in '/home/lincunha/lab01/src/lab01_pkg' returned '0': PYTHONPATH=/home/lincunha/lab01/build/lab01_pkg/prefix_override:/usr/lib/python3/dist-packages/colcon_core/task/python/colcon_distutils_commands:/home/lincunha/lab01/install/lab01_pkg/lib/python3.10/site-packages:${PYTHONPATH} /usr/bin/python3 -W ignore:setup.py install is deprecated setup.py egg_info --egg-base ../../build/lab01_pkg build --build-base /home/lincunha/lab01/build/lab01_pkg/build install --record /home/lincunha/lab01/build/lab01_pkg/install.log --single-version-externally-managed install_data
