[0.181s] Invoking command in '/home/s2c2/Desktop/SESASR/lab05/build/landmark_msgs': CMAKE_PREFIX_PATH=${CMAKE_PREFIX_PATH}:/home/s2c2/Desktop/SESASR/lab05/install/turtlebot3_perception:/home/s2c2/Desktop/SESASR/lab05/install/pf_pkg:/opt/ros/humble /usr/bin/cmake /home/s2c2/Desktop/SESASR/lab05/src/turtlebot3_perception/landmark_msgs -DCMAKE_INSTALL_PREFIX=/home/s2c2/Desktop/SESASR/lab05/install/landmark_msgs
[1.592s] -- The C compiler identification is GNU 11.4.0
[1.593s] -- The CXX compiler identification is GNU 11.4.0
[1.593s] -- Detecting C compiler ABI info
[1.593s] -- Detecting C compiler ABI info - done
[1.593s] -- Check for working C compiler: /usr/bin/cc - skipped
[1.594s] -- Detecting C compile features
[1.594s] -- Detecting C compile features - done
[1.595s] -- Detecting CXX compiler ABI info
[2.053s] -- Detecting CXX compiler ABI info - done
[2.086s] -- Check for working CXX compiler: /usr/bin/c++ - skipped
[2.092s] -- Detecting CXX compile features
[2.092s] -- Detecting CXX compile features - done
[2.102s] -- Found ament_cmake: 1.3.11 (/opt/ros/humble/share/ament_cmake/cmake)
[2.719s] -- Found Python3: /usr/bin/python3 (found version "3.10.12") found components: Interpreter 
[3.164s] -- Found rosidl_default_generators: 1.2.0 (/opt/ros/humble/share/rosidl_default_generators/cmake)
[3.193s] -- Using all available rosidl_typesupport_c: rosidl_typesupport_fastrtps_c;rosidl_typesupport_introspection_c
[3.239s] -- Found rosidl_adapter: 3.1.6 (/opt/ros/humble/share/rosidl_adapter/cmake)
[3.517s] -- Using all available rosidl_typesupport_cpp: rosidl_typesupport_fastrtps_cpp;rosidl_typesupport_introspection_cpp
[3.886s] -- Found std_msgs: 4.2.4 (/opt/ros/humble/share/std_msgs/cmake)
[5.285s] -- Found ament_cmake_ros: 0.10.0 (/opt/ros/humble/share/ament_cmake_ros/cmake)
[6.599s] -- Using all available rosidl_typesupport_c: rosidl_typesupport_fastrtps_c;rosidl_typesupport_introspection_c
[7.575s] -- Using all available rosidl_typesupport_cpp: rosidl_typesupport_fastrtps_cpp;rosidl_typesupport_introspection_cpp
[7.662s] -- Found PythonInterp: /usr/bin/python3 (found suitable version "3.10.12", minimum required is "3.6") 
[7.667s] -- Found python_cmake_module: 0.10.0 (/opt/ros/humble/share/python_cmake_module/cmake)
[7.756s] -- Found PythonLibs: /usr/lib/x86_64-linux-gnu/libpython3.10.so (found suitable version "3.10.12", minimum required is "3.5") 
[7.757s] -- Using PYTHON_EXECUTABLE: /usr/bin/python3
[7.757s] -- Using PYTHON_INCLUDE_DIRS: /usr/include/python3.10
[7.757s] -- Using PYTHON_LIBRARIES: /usr/lib/x86_64-linux-gnu/libpython3.10.so
[7.817s] -- Found PythonExtra: .so  
[8.031s] -- Configuring done
[8.155s] -- Generating done
[8.188s] -- Build files have been written to: /home/s2c2/Desktop/SESASR/lab05/build/landmark_msgs
[8.208s] Invoked command in '/home/s2c2/Desktop/SESASR/lab05/build/landmark_msgs' returned '0': CMAKE_PREFIX_PATH=${CMAKE_PREFIX_PATH}:/home/s2c2/Desktop/SESASR/lab05/install/turtlebot3_perception:/home/s2c2/Desktop/SESASR/lab05/install/pf_pkg:/opt/ros/humble /usr/bin/cmake /home/s2c2/Desktop/SESASR/lab05/src/turtlebot3_perception/landmark_msgs -DCMAKE_INSTALL_PREFIX=/home/s2c2/Desktop/SESASR/lab05/install/landmark_msgs
[8.211s] Invoking command in '/home/s2c2/Desktop/SESASR/lab05/build/landmark_msgs': CMAKE_PREFIX_PATH=${CMAKE_PREFIX_PATH}:/home/s2c2/Desktop/SESASR/lab05/install/turtlebot3_perception:/home/s2c2/Desktop/SESASR/lab05/install/pf_pkg:/opt/ros/humble /usr/bin/cmake --build /home/s2c2/Desktop/SESASR/lab05/build/landmark_msgs -- -j4 -l4
[8.394s] [  2%] [34m[1mGenerating C++ code for ROS interfaces[0m
[9.569s] [  2%] Built target landmark_msgs__cpp
[9.702s] [  2%] Built target ament_cmake_python_copy_landmark_msgs
[9.748s] [  5%] [34m[1mGenerating C++ type support for eProsima Fast-RTPS[0m
[10.821s] [  7%] [32mBuilding CXX object CMakeFiles/landmark_msgs__rosidl_typesupport_fastrtps_cpp.dir/rosidl_typesupport_fastrtps_cpp/landmark_msgs/msg/detail/dds_fastrtps/landmark__type_support.cpp.o[0m
[12.348s] [ 10%] [32mBuilding CXX object CMakeFiles/landmark_msgs__rosidl_typesupport_fastrtps_cpp.dir/rosidl_typesupport_fastrtps_cpp/landmark_msgs/msg/detail/dds_fastrtps/landmark_array__type_support.cpp.o[0m
[13.880s] [ 12%] [32m[1mLinking CXX shared library liblandmark_msgs__rosidl_typesupport_fastrtps_cpp.so[0m
[14.397s] [ 12%] Built target landmark_msgs__rosidl_typesupport_fastrtps_cpp
[14.429s] [ 15%] [34m[1mGenerating C++ introspection for ROS interfaces[0m
[15.453s] [ 17%] [32mBuilding CXX object CMakeFiles/landmark_msgs__rosidl_typesupport_introspection_cpp.dir/rosidl_typesupport_introspection_cpp/landmark_msgs/msg/detail/landmark__type_support.cpp.o[0m
[16.772s] [ 20%] [32mBuilding CXX object CMakeFiles/landmark_msgs__rosidl_typesupport_introspection_cpp.dir/rosidl_typesupport_introspection_cpp/landmark_msgs/msg/detail/landmark_array__type_support.cpp.o[0m
[18.170s] [ 23%] [32m[1mLinking CXX shared library liblandmark_msgs__rosidl_typesupport_introspection_cpp.so[0m
[18.537s] [ 23%] Built target landmark_msgs__rosidl_typesupport_introspection_cpp
[19.677s] running egg_info
[19.680s] creating landmark_msgs.egg-info
[19.683s] writing landmark_msgs.egg-info/PKG-INFO
[19.684s] writing dependency_links to landmark_msgs.egg-info/dependency_links.txt
[19.685s] writing top-level names to landmark_msgs.egg-info/top_level.txt
[19.686s] writing manifest file 'landmark_msgs.egg-info/SOURCES.txt'
[19.694s] reading manifest file 'landmark_msgs.egg-info/SOURCES.txt'
[19.696s] writing manifest file 'landmark_msgs.egg-info/SOURCES.txt'
[19.810s] [ 23%] Built target ament_cmake_python_build_landmark_msgs_egg
[19.853s] [ 25%] [34m[1mGenerating C++ type support dispatch for ROS interfaces[0m
[20.876s] [ 28%] [32mBuilding CXX object CMakeFiles/landmark_msgs__rosidl_typesupport_cpp.dir/rosidl_typesupport_cpp/landmark_msgs/msg/landmark__type_support.cpp.o[0m
[21.807s] [ 30%] [32mBuilding CXX object CMakeFiles/landmark_msgs__rosidl_typesupport_cpp.dir/rosidl_typesupport_cpp/landmark_msgs/msg/landmark_array__type_support.cpp.o[0m
[22.684s] [ 33%] [32m[1mLinking CXX shared library liblandmark_msgs__rosidl_typesupport_cpp.so[0m
[22.805s] [ 33%] Built target landmark_msgs__rosidl_typesupport_cpp
[22.842s] [ 35%] [34m[1mGenerating C code for ROS interfaces[0m
[24.329s] [ 38%] [32mBuilding C object CMakeFiles/landmark_msgs__rosidl_generator_c.dir/rosidl_generator_c/landmark_msgs/msg/detail/landmark__functions.c.o[0m
[24.556s] [ 41%] [32mBuilding C object CMakeFiles/landmark_msgs__rosidl_generator_c.dir/rosidl_generator_c/landmark_msgs/msg/detail/landmark_array__functions.c.o[0m
[24.727s] [ 43%] [32m[1mLinking C shared library liblandmark_msgs__rosidl_generator_c.so[0m
[24.849s] [ 43%] Built target landmark_msgs__rosidl_generator_c
[24.888s] [ 46%] [34m[1mGenerating C type support for eProsima Fast-RTPS[0m
[26.071s] [ 48%] [32mBuilding CXX object CMakeFiles/landmark_msgs__rosidl_typesupport_fastrtps_c.dir/rosidl_typesupport_fastrtps_c/landmark_msgs/msg/detail/landmark__type_support_c.cpp.o[0m
[27.296s] [ 51%] [32mBuilding CXX object CMakeFiles/landmark_msgs__rosidl_typesupport_fastrtps_c.dir/rosidl_typesupport_fastrtps_c/landmark_msgs/msg/detail/landmark_array__type_support_c.cpp.o[0m
[28.383s] [ 53%] [32m[1mLinking CXX shared library liblandmark_msgs__rosidl_typesupport_fastrtps_c.so[0m
[28.851s] [ 53%] Built target landmark_msgs__rosidl_typesupport_fastrtps_c
[28.880s] [ 56%] [34m[1mGenerating C type support dispatch for ROS interfaces[0m
[29.749s] [ 58%] [32mBuilding CXX object CMakeFiles/landmark_msgs__rosidl_typesupport_c.dir/rosidl_typesupport_c/landmark_msgs/msg/landmark__type_support.cpp.o[0m
[29.832s] [ 61%] [32mBuilding CXX object CMakeFiles/landmark_msgs__rosidl_typesupport_c.dir/rosidl_typesupport_c/landmark_msgs/msg/landmark_array__type_support.cpp.o[0m
[29.923s] [ 64%] [32m[1mLinking CXX shared library liblandmark_msgs__rosidl_typesupport_c.so[0m
[30.054s] [ 64%] Built target landmark_msgs__rosidl_typesupport_c
[30.084s] [ 66%] [34m[1mGenerating C introspection for ROS interfaces[0m
[31.120s] [ 69%] [32mBuilding C object CMakeFiles/landmark_msgs__rosidl_typesupport_introspection_c.dir/rosidl_typesupport_introspection_c/landmark_msgs/msg/detail/landmark__type_support.c.o[0m
[31.217s] [ 71%] [32mBuilding C object CMakeFiles/landmark_msgs__rosidl_typesupport_introspection_c.dir/rosidl_typesupport_introspection_c/landmark_msgs/msg/detail/landmark_array__type_support.c.o[0m
[31.363s] [ 74%] [32m[1mLinking C shared library liblandmark_msgs__rosidl_typesupport_introspection_c.so[0m
[31.480s] [ 74%] Built target landmark_msgs__rosidl_typesupport_introspection_c
[31.548s] [ 74%] Built target landmark_msgs
[31.623s] [ 76%] [34m[1mGenerating Python code for ROS interfaces[0m
[33.219s] [ 76%] Built target landmark_msgs__py
[33.287s] [ 79%] [32mBuilding C object CMakeFiles/landmark_msgs__rosidl_generator_py.dir/rosidl_generator_py/landmark_msgs/msg/_landmark_s.c.o[0m
[33.848s] [ 82%] [32mBuilding C object CMakeFiles/landmark_msgs__rosidl_generator_py.dir/rosidl_generator_py/landmark_msgs/msg/_landmark_array_s.c.o[0m
[34.171s] [ 84%] [32m[1mLinking C shared library rosidl_generator_py/landmark_msgs/liblandmark_msgs__rosidl_generator_py.so[0m
[34.304s] [ 84%] Built target landmark_msgs__rosidl_generator_py
[34.426s] [ 87%] [32mBuilding C object CMakeFiles/landmark_msgs__rosidl_typesupport_fastrtps_c__pyext.dir/rosidl_generator_py/landmark_msgs/_landmark_msgs_s.ep.rosidl_typesupport_fastrtps_c.c.o[0m
[34.697s] [ 89%] [32m[1mLinking C shared library rosidl_generator_py/landmark_msgs/landmark_msgs_s__rosidl_typesupport_fastrtps_c.cpython-310-x86_64-linux-gnu.so[0m
[34.825s] [ 89%] Built target landmark_msgs__rosidl_typesupport_fastrtps_c__pyext
[34.896s] [ 92%] [32mBuilding C object CMakeFiles/landmark_msgs__rosidl_typesupport_c__pyext.dir/rosidl_generator_py/landmark_msgs/_landmark_msgs_s.ep.rosidl_typesupport_c.c.o[0m
[35.193s] [ 94%] [32m[1mLinking C shared library rosidl_generator_py/landmark_msgs/landmark_msgs_s__rosidl_typesupport_c.cpython-310-x86_64-linux-gnu.so[0m
[35.319s] [ 94%] Built target landmark_msgs__rosidl_typesupport_c__pyext
[35.407s] [ 97%] [32mBuilding C object CMakeFiles/landmark_msgs__rosidl_typesupport_introspection_c__pyext.dir/rosidl_generator_py/landmark_msgs/_landmark_msgs_s.ep.rosidl_typesupport_introspection_c.c.o[0m
[35.697s] [100%] [32m[1mLinking C shared library rosidl_generator_py/landmark_msgs/landmark_msgs_s__rosidl_typesupport_introspection_c.cpython-310-x86_64-linux-gnu.so[0m
[35.812s] [100%] Built target landmark_msgs__rosidl_typesupport_introspection_c__pyext
[35.861s] Invoked command in '/home/s2c2/Desktop/SESASR/lab05/build/landmark_msgs' returned '0': CMAKE_PREFIX_PATH=${CMAKE_PREFIX_PATH}:/home/s2c2/Desktop/SESASR/lab05/install/turtlebot3_perception:/home/s2c2/Desktop/SESASR/lab05/install/pf_pkg:/opt/ros/humble /usr/bin/cmake --build /home/s2c2/Desktop/SESASR/lab05/build/landmark_msgs -- -j4 -l4
[35.916s] Invoking command in '/home/s2c2/Desktop/SESASR/lab05/build/landmark_msgs': CMAKE_PREFIX_PATH=${CMAKE_PREFIX_PATH}:/home/s2c2/Desktop/SESASR/lab05/install/turtlebot3_perception:/home/s2c2/Desktop/SESASR/lab05/install/pf_pkg:/opt/ros/humble /usr/bin/cmake --install /home/s2c2/Desktop/SESASR/lab05/build/landmark_msgs
[35.964s] -- Install configuration: ""
[35.966s] -- Installing: /home/s2c2/Desktop/SESASR/lab05/install/landmark_msgs/share/ament_index/resource_index/rosidl_interfaces/landmark_msgs
[35.972s] -- Installing: /home/s2c2/Desktop/SESASR/lab05/install/landmark_msgs/include/landmark_msgs/landmark_msgs
[35.973s] -- Installing: /home/s2c2/Desktop/SESASR/lab05/install/landmark_msgs/include/landmark_msgs/landmark_msgs/msg
[35.975s] -- Installing: /home/s2c2/Desktop/SESASR/lab05/install/landmark_msgs/include/landmark_msgs/landmark_msgs/msg/rosidl_generator_c__visibility_control.h
[35.975s] -- Installing: /home/s2c2/Desktop/SESASR/lab05/install/landmark_msgs/include/landmark_msgs/landmark_msgs/msg/detail
[35.976s] -- Installing: /home/s2c2/Desktop/SESASR/lab05/install/landmark_msgs/include/landmark_msgs/landmark_msgs/msg/detail/landmark__type_support.h
[35.978s] -- Installing: /home/s2c2/Desktop/SESASR/lab05/install/landmark_msgs/include/landmark_msgs/landmark_msgs/msg/detail/landmark_array__struct.h
[35.980s] -- Installing: /home/s2c2/Desktop/SESASR/lab05/install/landmark_msgs/include/landmark_msgs/landmark_msgs/msg/detail/landmark__functions.c
[35.981s] -- Installing: /home/s2c2/Desktop/SESASR/lab05/install/landmark_msgs/include/landmark_msgs/landmark_msgs/msg/detail/landmark_array__functions.c
[35.982s] -- Installing: /home/s2c2/Desktop/SESASR/lab05/install/landmark_msgs/include/landmark_msgs/landmark_msgs/msg/detail/landmark__struct.h
[35.982s] -- Installing: /home/s2c2/Desktop/SESASR/lab05/install/landmark_msgs/include/landmark_msgs/landmark_msgs/msg/detail/landmark_array__functions.h
[35.983s] -- Installing: /home/s2c2/Desktop/SESASR/lab05/install/landmark_msgs/include/landmark_msgs/landmark_msgs/msg/detail/landmark__functions.h
[35.984s] -- Installing: /home/s2c2/Desktop/SESASR/lab05/install/landmark_msgs/include/landmark_msgs/landmark_msgs/msg/detail/landmark_array__type_support.h
[35.985s] -- Installing: /home/s2c2/Desktop/SESASR/lab05/install/landmark_msgs/include/landmark_msgs/landmark_msgs/msg/landmark.h
[35.986s] -- Installing: /home/s2c2/Desktop/SESASR/lab05/install/landmark_msgs/include/landmark_msgs/landmark_msgs/msg/landmark_array.h
[35.989s] -- Installing: /home/s2c2/Desktop/SESASR/lab05/install/landmark_msgs/share/landmark_msgs/environment/library_path.sh
[35.989s] -- Installing: /home/s2c2/Desktop/SESASR/lab05/install/landmark_msgs/share/landmark_msgs/environment/library_path.dsv
[35.995s] -- Installing: /home/s2c2/Desktop/SESASR/lab05/install/landmark_msgs/lib/liblandmark_msgs__rosidl_generator_c.so
[35.997s] -- Set runtime path of "/home/s2c2/Desktop/SESASR/lab05/install/landmark_msgs/lib/liblandmark_msgs__rosidl_generator_c.so" to ""
[35.997s] -- Up-to-date: /home/s2c2/Desktop/SESASR/lab05/install/landmark_msgs/include/landmark_msgs/landmark_msgs
[35.999s] -- Up-to-date: /home/s2c2/Desktop/SESASR/lab05/install/landmark_msgs/include/landmark_msgs/landmark_msgs/msg
[36.001s] -- Installing: /home/s2c2/Desktop/SESASR/lab05/install/landmark_msgs/include/landmark_msgs/landmark_msgs/msg/rosidl_typesupport_fastrtps_c__visibility_control.h
[36.003s] -- Up-to-date: /home/s2c2/Desktop/SESASR/lab05/install/landmark_msgs/include/landmark_msgs/landmark_msgs/msg/detail
[36.004s] -- Installing: /home/s2c2/Desktop/SESASR/lab05/install/landmark_msgs/include/landmark_msgs/landmark_msgs/msg/detail/landmark_array__rosidl_typesupport_fastrtps_c.h
[36.004s] -- Installing: /home/s2c2/Desktop/SESASR/lab05/install/landmark_msgs/include/landmark_msgs/landmark_msgs/msg/detail/landmark__rosidl_typesupport_fastrtps_c.h
[36.006s] -- Installing: /home/s2c2/Desktop/SESASR/lab05/install/landmark_msgs/lib/liblandmark_msgs__rosidl_typesupport_fastrtps_c.so
[36.015s] -- Set runtime path of "/home/s2c2/Desktop/SESASR/lab05/install/landmark_msgs/lib/liblandmark_msgs__rosidl_typesupport_fastrtps_c.so" to ""
[36.015s] -- Up-to-date: /home/s2c2/Desktop/SESASR/lab05/install/landmark_msgs/include/landmark_msgs/landmark_msgs
[36.016s] -- Up-to-date: /home/s2c2/Desktop/SESASR/lab05/install/landmark_msgs/include/landmark_msgs/landmark_msgs/msg
[36.016s] -- Up-to-date: /home/s2c2/Desktop/SESASR/lab05/install/landmark_msgs/include/landmark_msgs/landmark_msgs/msg/detail
[36.016s] -- Installing: /home/s2c2/Desktop/SESASR/lab05/install/landmark_msgs/include/landmark_msgs/landmark_msgs/msg/detail/landmark_array__type_support.c
[36.016s] -- Installing: /home/s2c2/Desktop/SESASR/lab05/install/landmark_msgs/include/landmark_msgs/landmark_msgs/msg/detail/landmark__rosidl_typesupport_introspection_c.h
[36.016s] -- Installing: /home/s2c2/Desktop/SESASR/lab05/install/landmark_msgs/include/landmark_msgs/landmark_msgs/msg/detail/landmark__type_support.c
[36.016s] -- Installing: /home/s2c2/Desktop/SESASR/lab05/install/landmark_msgs/include/landmark_msgs/landmark_msgs/msg/detail/landmark_array__rosidl_typesupport_introspection_c.h
[36.016s] -- Installing: /home/s2c2/Desktop/SESASR/lab05/install/landmark_msgs/include/landmark_msgs/landmark_msgs/msg/rosidl_typesupport_introspection_c__visibility_control.h
[36.022s] -- Installing: /home/s2c2/Desktop/SESASR/lab05/install/landmark_msgs/lib/liblandmark_msgs__rosidl_typesupport_introspection_c.so
[36.022s] -- Set runtime path of "/home/s2c2/Desktop/SESASR/lab05/install/landmark_msgs/lib/liblandmark_msgs__rosidl_typesupport_introspection_c.so" to ""
[36.026s] -- Installing: /home/s2c2/Desktop/SESASR/lab05/install/landmark_msgs/lib/liblandmark_msgs__rosidl_typesupport_c.so
[36.030s] -- Set runtime path of "/home/s2c2/Desktop/SESASR/lab05/install/landmark_msgs/lib/liblandmark_msgs__rosidl_typesupport_c.so" to ""
[36.031s] -- Up-to-date: /home/s2c2/Desktop/SESASR/lab05/install/landmark_msgs/include/landmark_msgs/landmark_msgs
[36.036s] -- Up-to-date: /home/s2c2/Desktop/SESASR/lab05/install/landmark_msgs/include/landmark_msgs/landmark_msgs/msg
[36.036s] -- Up-to-date: /home/s2c2/Desktop/SESASR/lab05/install/landmark_msgs/include/landmark_msgs/landmark_msgs/msg/detail
[36.036s] -- Installing: /home/s2c2/Desktop/SESASR/lab05/install/landmark_msgs/include/landmark_msgs/landmark_msgs/msg/detail/landmark__struct.hpp
[36.037s] -- Installing: /home/s2c2/Desktop/SESASR/lab05/install/landmark_msgs/include/landmark_msgs/landmark_msgs/msg/detail/landmark__type_support.hpp
[36.039s] -- Installing: /home/s2c2/Desktop/SESASR/lab05/install/landmark_msgs/include/landmark_msgs/landmark_msgs/msg/detail/landmark__builder.hpp
[36.039s] -- Installing: /home/s2c2/Desktop/SESASR/lab05/install/landmark_msgs/include/landmark_msgs/landmark_msgs/msg/detail/landmark_array__traits.hpp
[36.039s] -- Installing: /home/s2c2/Desktop/SESASR/lab05/install/landmark_msgs/include/landmark_msgs/landmark_msgs/msg/detail/landmark__traits.hpp
[36.039s] -- Installing: /home/s2c2/Desktop/SESASR/lab05/install/landmark_msgs/include/landmark_msgs/landmark_msgs/msg/detail/landmark_array__struct.hpp
[36.039s] -- Installing: /home/s2c2/Desktop/SESASR/lab05/install/landmark_msgs/include/landmark_msgs/landmark_msgs/msg/detail/landmark_array__type_support.hpp
[36.039s] -- Installing: /home/s2c2/Desktop/SESASR/lab05/install/landmark_msgs/include/landmark_msgs/landmark_msgs/msg/detail/landmark_array__builder.hpp
[36.039s] -- Installing: /home/s2c2/Desktop/SESASR/lab05/install/landmark_msgs/include/landmark_msgs/landmark_msgs/msg/rosidl_generator_cpp__visibility_control.hpp
[36.039s] -- Installing: /home/s2c2/Desktop/SESASR/lab05/install/landmark_msgs/include/landmark_msgs/landmark_msgs/msg/landmark_array.hpp
[36.040s] -- Installing: /home/s2c2/Desktop/SESASR/lab05/install/landmark_msgs/include/landmark_msgs/landmark_msgs/msg/landmark.hpp
[36.040s] -- Up-to-date: /home/s2c2/Desktop/SESASR/lab05/install/landmark_msgs/include/landmark_msgs/landmark_msgs
[36.045s] -- Up-to-date: /home/s2c2/Desktop/SESASR/lab05/install/landmark_msgs/include/landmark_msgs/landmark_msgs/msg
[36.045s] -- Installing: /home/s2c2/Desktop/SESASR/lab05/install/landmark_msgs/include/landmark_msgs/landmark_msgs/msg/rosidl_typesupport_fastrtps_cpp__visibility_control.h
[36.048s] -- Up-to-date: /home/s2c2/Desktop/SESASR/lab05/install/landmark_msgs/include/landmark_msgs/landmark_msgs/msg/detail
[36.048s] -- Installing: /home/s2c2/Desktop/SESASR/lab05/install/landmark_msgs/include/landmark_msgs/landmark_msgs/msg/detail/landmark__rosidl_typesupport_fastrtps_cpp.hpp
[36.048s] -- Installing: /home/s2c2/Desktop/SESASR/lab05/install/landmark_msgs/include/landmark_msgs/landmark_msgs/msg/detail/dds_fastrtps
[36.051s] -- Installing: /home/s2c2/Desktop/SESASR/lab05/install/landmark_msgs/include/landmark_msgs/landmark_msgs/msg/detail/landmark_array__rosidl_typesupport_fastrtps_cpp.hpp
[36.052s] -- Installing: /home/s2c2/Desktop/SESASR/lab05/install/landmark_msgs/lib/liblandmark_msgs__rosidl_typesupport_fastrtps_cpp.so
[36.058s] -- Set runtime path of "/home/s2c2/Desktop/SESASR/lab05/install/landmark_msgs/lib/liblandmark_msgs__rosidl_typesupport_fastrtps_cpp.so" to ""
[36.059s] -- Up-to-date: /home/s2c2/Desktop/SESASR/lab05/install/landmark_msgs/include/landmark_msgs/landmark_msgs
[36.059s] -- Up-to-date: /home/s2c2/Desktop/SESASR/lab05/install/landmark_msgs/include/landmark_msgs/landmark_msgs/msg
[36.059s] -- Up-to-date: /home/s2c2/Desktop/SESASR/lab05/install/landmark_msgs/include/landmark_msgs/landmark_msgs/msg/detail
[36.060s] -- Installing: /home/s2c2/Desktop/SESASR/lab05/install/landmark_msgs/include/landmark_msgs/landmark_msgs/msg/detail/landmark_array__rosidl_typesupport_introspection_cpp.hpp
[36.063s] -- Installing: /home/s2c2/Desktop/SESASR/lab05/install/landmark_msgs/include/landmark_msgs/landmark_msgs/msg/detail/landmark__rosidl_typesupport_introspection_cpp.hpp
[36.064s] -- Installing: /home/s2c2/Desktop/SESASR/lab05/install/landmark_msgs/include/landmark_msgs/landmark_msgs/msg/detail/landmark__type_support.cpp
[36.064s] -- Installing: /home/s2c2/Desktop/SESASR/lab05/install/landmark_msgs/include/landmark_msgs/landmark_msgs/msg/detail/landmark_array__type_support.cpp
[36.064s] -- Installing: /home/s2c2/Desktop/SESASR/lab05/install/landmark_msgs/lib/liblandmark_msgs__rosidl_typesupport_introspection_cpp.so
[36.065s] -- Set runtime path of "/home/s2c2/Desktop/SESASR/lab05/install/landmark_msgs/lib/liblandmark_msgs__rosidl_typesupport_introspection_cpp.so" to ""
[36.065s] -- Installing: /home/s2c2/Desktop/SESASR/lab05/install/landmark_msgs/lib/liblandmark_msgs__rosidl_typesupport_cpp.so
[36.072s] -- Set runtime path of "/home/s2c2/Desktop/SESASR/lab05/install/landmark_msgs/lib/liblandmark_msgs__rosidl_typesupport_cpp.so" to ""
[36.073s] -- Installing: /home/s2c2/Desktop/SESASR/lab05/install/landmark_msgs/share/landmark_msgs/environment/pythonpath.sh
[36.073s] -- Installing: /home/s2c2/Desktop/SESASR/lab05/install/landmark_msgs/share/landmark_msgs/environment/pythonpath.dsv
[36.073s] -- Installing: /home/s2c2/Desktop/SESASR/lab05/install/landmark_msgs/local/lib/python3.10/dist-packages/landmark_msgs-0.0.0-py3.10.egg-info
[36.075s] -- Installing: /home/s2c2/Desktop/SESASR/lab05/install/landmark_msgs/local/lib/python3.10/dist-packages/landmark_msgs-0.0.0-py3.10.egg-info/PKG-INFO
[36.077s] -- Installing: /home/s2c2/Desktop/SESASR/lab05/install/landmark_msgs/local/lib/python3.10/dist-packages/landmark_msgs-0.0.0-py3.10.egg-info/top_level.txt
[36.081s] -- Installing: /home/s2c2/Desktop/SESASR/lab05/install/landmark_msgs/local/lib/python3.10/dist-packages/landmark_msgs-0.0.0-py3.10.egg-info/SOURCES.txt
[36.083s] -- Installing: /home/s2c2/Desktop/SESASR/lab05/install/landmark_msgs/local/lib/python3.10/dist-packages/landmark_msgs-0.0.0-py3.10.egg-info/dependency_links.txt
[36.083s] -- Installing: /home/s2c2/Desktop/SESASR/lab05/install/landmark_msgs/local/lib/python3.10/dist-packages/landmark_msgs
[36.085s] -- Installing: /home/s2c2/Desktop/SESASR/lab05/install/landmark_msgs/local/lib/python3.10/dist-packages/landmark_msgs/liblandmark_msgs__rosidl_generator_py.so
[36.086s] -- Installing: /home/s2c2/Desktop/SESASR/lab05/install/landmark_msgs/local/lib/python3.10/dist-packages/landmark_msgs/landmark_msgs_s__rosidl_typesupport_introspection_c.cpython-310-x86_64-linux-gnu.so
[36.088s] -- Installing: /home/s2c2/Desktop/SESASR/lab05/install/landmark_msgs/local/lib/python3.10/dist-packages/landmark_msgs/_landmark_msgs_s.ep.rosidl_typesupport_fastrtps_c.c
[36.088s] -- Installing: /home/s2c2/Desktop/SESASR/lab05/install/landmark_msgs/local/lib/python3.10/dist-packages/landmark_msgs/__init__.py
[36.088s] -- Installing: /home/s2c2/Desktop/SESASR/lab05/install/landmark_msgs/local/lib/python3.10/dist-packages/landmark_msgs/landmark_msgs_s__rosidl_typesupport_fastrtps_c.cpython-310-x86_64-linux-gnu.so
[36.088s] -- Installing: /home/s2c2/Desktop/SESASR/lab05/install/landmark_msgs/local/lib/python3.10/dist-packages/landmark_msgs/_landmark_msgs_s.ep.rosidl_typesupport_c.c
[36.091s] -- Installing: /home/s2c2/Desktop/SESASR/lab05/install/landmark_msgs/local/lib/python3.10/dist-packages/landmark_msgs/msg
[36.092s] -- Installing: /home/s2c2/Desktop/SESASR/lab05/install/landmark_msgs/local/lib/python3.10/dist-packages/landmark_msgs/msg/__init__.py
[36.095s] -- Installing: /home/s2c2/Desktop/SESASR/lab05/install/landmark_msgs/local/lib/python3.10/dist-packages/landmark_msgs/msg/_landmark.py
[36.097s] -- Installing: /home/s2c2/Desktop/SESASR/lab05/install/landmark_msgs/local/lib/python3.10/dist-packages/landmark_msgs/msg/_landmark_array_s.c
[36.097s] -- Installing: /home/s2c2/Desktop/SESASR/lab05/install/landmark_msgs/local/lib/python3.10/dist-packages/landmark_msgs/msg/_landmark_s.c
[36.098s] -- Installing: /home/s2c2/Desktop/SESASR/lab05/install/landmark_msgs/local/lib/python3.10/dist-packages/landmark_msgs/msg/_landmark_array.py
[36.098s] -- Installing: /home/s2c2/Desktop/SESASR/lab05/install/landmark_msgs/local/lib/python3.10/dist-packages/landmark_msgs/_landmark_msgs_s.ep.rosidl_typesupport_introspection_c.c
[36.098s] -- Installing: /home/s2c2/Desktop/SESASR/lab05/install/landmark_msgs/local/lib/python3.10/dist-packages/landmark_msgs/landmark_msgs_s__rosidl_typesupport_c.cpython-310-x86_64-linux-gnu.so
[36.316s] Listing '/home/s2c2/Desktop/SESASR/lab05/install/landmark_msgs/local/lib/python3.10/dist-packages/landmark_msgs'...
[36.316s] Compiling '/home/s2c2/Desktop/SESASR/lab05/install/landmark_msgs/local/lib/python3.10/dist-packages/landmark_msgs/__init__.py'...
[36.316s] Listing '/home/s2c2/Desktop/SESASR/lab05/install/landmark_msgs/local/lib/python3.10/dist-packages/landmark_msgs/msg'...
[36.319s] Compiling '/home/s2c2/Desktop/SESASR/lab05/install/landmark_msgs/local/lib/python3.10/dist-packages/landmark_msgs/msg/__init__.py'...
[36.319s] Compiling '/home/s2c2/Desktop/SESASR/lab05/install/landmark_msgs/local/lib/python3.10/dist-packages/landmark_msgs/msg/_landmark.py'...
[36.319s] Compiling '/home/s2c2/Desktop/SESASR/lab05/install/landmark_msgs/local/lib/python3.10/dist-packages/landmark_msgs/msg/_landmark_array.py'...
[36.343s] -- Installing: /home/s2c2/Desktop/SESASR/lab05/install/landmark_msgs/local/lib/python3.10/dist-packages/landmark_msgs/landmark_msgs_s__rosidl_typesupport_fastrtps_c.cpython-310-x86_64-linux-gnu.so
[36.349s] -- Set runtime path of "/home/s2c2/Desktop/SESASR/lab05/install/landmark_msgs/local/lib/python3.10/dist-packages/landmark_msgs/landmark_msgs_s__rosidl_typesupport_fastrtps_c.cpython-310-x86_64-linux-gnu.so" to ""
[36.353s] -- Installing: /home/s2c2/Desktop/SESASR/lab05/install/landmark_msgs/local/lib/python3.10/dist-packages/landmark_msgs/landmark_msgs_s__rosidl_typesupport_introspection_c.cpython-310-x86_64-linux-gnu.so
[36.354s] -- Set runtime path of "/home/s2c2/Desktop/SESASR/lab05/install/landmark_msgs/local/lib/python3.10/dist-packages/landmark_msgs/landmark_msgs_s__rosidl_typesupport_introspection_c.cpython-310-x86_64-linux-gnu.so" to ""
[36.361s] -- Installing: /home/s2c2/Desktop/SESASR/lab05/install/landmark_msgs/local/lib/python3.10/dist-packages/landmark_msgs/landmark_msgs_s__rosidl_typesupport_c.cpython-310-x86_64-linux-gnu.so
[36.369s] -- Set runtime path of "/home/s2c2/Desktop/SESASR/lab05/install/landmark_msgs/local/lib/python3.10/dist-packages/landmark_msgs/landmark_msgs_s__rosidl_typesupport_c.cpython-310-x86_64-linux-gnu.so" to ""
[36.369s] -- Installing: /home/s2c2/Desktop/SESASR/lab05/install/landmark_msgs/lib/liblandmark_msgs__rosidl_generator_py.so
[36.371s] -- Set runtime path of "/home/s2c2/Desktop/SESASR/lab05/install/landmark_msgs/lib/liblandmark_msgs__rosidl_generator_py.so" to ""
[36.372s] -- Installing: /home/s2c2/Desktop/SESASR/lab05/install/landmark_msgs/share/landmark_msgs/msg/Landmark.idl
[36.372s] -- Installing: /home/s2c2/Desktop/SESASR/lab05/install/landmark_msgs/share/landmark_msgs/msg/LandmarkArray.idl
[36.377s] -- Installing: /home/s2c2/Desktop/SESASR/lab05/install/landmark_msgs/share/landmark_msgs/msg/Landmark.msg
[36.378s] -- Installing: /home/s2c2/Desktop/SESASR/lab05/install/landmark_msgs/share/landmark_msgs/msg/LandmarkArray.msg
[36.381s] -- Installing: /home/s2c2/Desktop/SESASR/lab05/install/landmark_msgs/share/ament_index/resource_index/package_run_dependencies/landmark_msgs
[36.385s] -- Installing: /home/s2c2/Desktop/SESASR/lab05/install/landmark_msgs/share/ament_index/resource_index/parent_prefix_path/landmark_msgs
[36.388s] -- Installing: /home/s2c2/Desktop/SESASR/lab05/install/landmark_msgs/share/landmark_msgs/environment/ament_prefix_path.sh
[36.388s] -- Installing: /home/s2c2/Desktop/SESASR/lab05/install/landmark_msgs/share/landmark_msgs/environment/ament_prefix_path.dsv
[36.392s] -- Installing: /home/s2c2/Desktop/SESASR/lab05/install/landmark_msgs/share/landmark_msgs/environment/path.sh
[36.392s] -- Installing: /home/s2c2/Desktop/SESASR/lab05/install/landmark_msgs/share/landmark_msgs/environment/path.dsv
[36.398s] -- Installing: /home/s2c2/Desktop/SESASR/lab05/install/landmark_msgs/share/landmark_msgs/local_setup.bash
[36.398s] -- Installing: /home/s2c2/Desktop/SESASR/lab05/install/landmark_msgs/share/landmark_msgs/local_setup.sh
[36.398s] -- Installing: /home/s2c2/Desktop/SESASR/lab05/install/landmark_msgs/share/landmark_msgs/local_setup.zsh
[36.400s] -- Installing: /home/s2c2/Desktop/SESASR/lab05/install/landmark_msgs/share/landmark_msgs/local_setup.dsv
[36.404s] -- Installing: /home/s2c2/Desktop/SESASR/lab05/install/landmark_msgs/share/landmark_msgs/package.dsv
[36.404s] -- Installing: /home/s2c2/Desktop/SESASR/lab05/install/landmark_msgs/share/ament_index/resource_index/packages/landmark_msgs
[36.407s] -- Installing: /home/s2c2/Desktop/SESASR/lab05/install/landmark_msgs/share/landmark_msgs/cmake/export_landmark_msgs__rosidl_generator_cExport.cmake
[36.410s] -- Installing: /home/s2c2/Desktop/SESASR/lab05/install/landmark_msgs/share/landmark_msgs/cmake/export_landmark_msgs__rosidl_generator_cExport-noconfig.cmake
[36.411s] -- Installing: /home/s2c2/Desktop/SESASR/lab05/install/landmark_msgs/share/landmark_msgs/cmake/export_landmark_msgs__rosidl_typesupport_fastrtps_cExport.cmake
[36.412s] -- Installing: /home/s2c2/Desktop/SESASR/lab05/install/landmark_msgs/share/landmark_msgs/cmake/export_landmark_msgs__rosidl_typesupport_fastrtps_cExport-noconfig.cmake
[36.421s] -- Installing: /home/s2c2/Desktop/SESASR/lab05/install/landmark_msgs/share/landmark_msgs/cmake/landmark_msgs__rosidl_typesupport_introspection_cExport.cmake
[36.422s] -- Installing: /home/s2c2/Desktop/SESASR/lab05/install/landmark_msgs/share/landmark_msgs/cmake/landmark_msgs__rosidl_typesupport_introspection_cExport-noconfig.cmake
[36.422s] -- Installing: /home/s2c2/Desktop/SESASR/lab05/install/landmark_msgs/share/landmark_msgs/cmake/landmark_msgs__rosidl_typesupport_cExport.cmake
[36.422s] -- Installing: /home/s2c2/Desktop/SESASR/lab05/install/landmark_msgs/share/landmark_msgs/cmake/landmark_msgs__rosidl_typesupport_cExport-noconfig.cmake
[36.422s] -- Installing: /home/s2c2/Desktop/SESASR/lab05/install/landmark_msgs/share/landmark_msgs/cmake/export_landmark_msgs__rosidl_generator_cppExport.cmake
[36.422s] -- Installing: /home/s2c2/Desktop/SESASR/lab05/install/landmark_msgs/share/landmark_msgs/cmake/export_landmark_msgs__rosidl_typesupport_fastrtps_cppExport.cmake
[36.423s] -- Installing: /home/s2c2/Desktop/SESASR/lab05/install/landmark_msgs/share/landmark_msgs/cmake/export_landmark_msgs__rosidl_typesupport_fastrtps_cppExport-noconfig.cmake
[36.427s] -- Installing: /home/s2c2/Desktop/SESASR/lab05/install/landmark_msgs/share/landmark_msgs/cmake/landmark_msgs__rosidl_typesupport_introspection_cppExport.cmake
[36.427s] -- Installing: /home/s2c2/Desktop/SESASR/lab05/install/landmark_msgs/share/landmark_msgs/cmake/landmark_msgs__rosidl_typesupport_introspection_cppExport-noconfig.cmake
[36.427s] -- Installing: /home/s2c2/Desktop/SESASR/lab05/install/landmark_msgs/share/landmark_msgs/cmake/landmark_msgs__rosidl_typesupport_cppExport.cmake
[36.431s] -- Installing: /home/s2c2/Desktop/SESASR/lab05/install/landmark_msgs/share/landmark_msgs/cmake/landmark_msgs__rosidl_typesupport_cppExport-noconfig.cmake
[36.435s] -- Installing: /home/s2c2/Desktop/SESASR/lab05/install/landmark_msgs/share/landmark_msgs/cmake/export_landmark_msgs__rosidl_generator_pyExport.cmake
[36.435s] -- Installing: /home/s2c2/Desktop/SESASR/lab05/install/landmark_msgs/share/landmark_msgs/cmake/export_landmark_msgs__rosidl_generator_pyExport-noconfig.cmake
[36.435s] -- Installing: /home/s2c2/Desktop/SESASR/lab05/install/landmark_msgs/share/landmark_msgs/cmake/rosidl_cmake-extras.cmake
[36.440s] -- Installing: /home/s2c2/Desktop/SESASR/lab05/install/landmark_msgs/share/landmark_msgs/cmake/ament_cmake_export_dependencies-extras.cmake
[36.440s] -- Installing: /home/s2c2/Desktop/SESASR/lab05/install/landmark_msgs/share/landmark_msgs/cmake/ament_cmake_export_include_directories-extras.cmake
[36.441s] -- Installing: /home/s2c2/Desktop/SESASR/lab05/install/landmark_msgs/share/landmark_msgs/cmake/ament_cmake_export_libraries-extras.cmake
[36.441s] -- Installing: /home/s2c2/Desktop/SESASR/lab05/install/landmark_msgs/share/landmark_msgs/cmake/ament_cmake_export_targets-extras.cmake
[36.443s] -- Installing: /home/s2c2/Desktop/SESASR/lab05/install/landmark_msgs/share/landmark_msgs/cmake/rosidl_cmake_export_typesupport_targets-extras.cmake
[36.443s] -- Installing: /home/s2c2/Desktop/SESASR/lab05/install/landmark_msgs/share/landmark_msgs/cmake/rosidl_cmake_export_typesupport_libraries-extras.cmake
[36.448s] -- Installing: /home/s2c2/Desktop/SESASR/lab05/install/landmark_msgs/share/landmark_msgs/cmake/landmark_msgsConfig.cmake
[36.449s] -- Installing: /home/s2c2/Desktop/SESASR/lab05/install/landmark_msgs/share/landmark_msgs/cmake/landmark_msgsConfig-version.cmake
[36.449s] -- Installing: /home/s2c2/Desktop/SESASR/lab05/install/landmark_msgs/share/landmark_msgs/package.xml
[36.458s] Invoked command in '/home/s2c2/Desktop/SESASR/lab05/build/landmark_msgs' returned '0': CMAKE_PREFIX_PATH=${CMAKE_PREFIX_PATH}:/home/s2c2/Desktop/SESASR/lab05/install/turtlebot3_perception:/home/s2c2/Desktop/SESASR/lab05/install/pf_pkg:/opt/ros/humble /usr/bin/cmake --install /home/s2c2/Desktop/SESASR/lab05/build/landmark_msgs
