[0.168s] Invoking command in '/home/s2c2/Desktop/SESASR/lab05/build/turtlebot3_fake_node': CMAKE_PREFIX_PATH=${CMAKE_PREFIX_PATH}:/home/s2c2/Desktop/SESASR/lab05/install/turtlebot3_perception:/home/s2c2/Desktop/SESASR/lab05/install/pf_pkg:/opt/ros/humble /usr/bin/cmake /home/s2c2/Desktop/SESASR/lab05/src/turtlebot3_simulations/turtlebot3_fake_node -DCMAKE_INSTALL_PREFIX=/home/s2c2/Desktop/SESASR/lab05/install/turtlebot3_fake_node
[1.556s] -- The C compiler identification is GNU 11.4.0
[1.556s] -- The CXX compiler identification is GNU 11.4.0
[1.556s] -- Detecting C compiler ABI info
[1.557s] -- Detecting C compiler ABI info - done
[1.557s] -- Check for working C compiler: /usr/bin/cc - skipped
[1.557s] -- Detecting C compile features
[1.557s] -- Detecting C compile features - done
[1.557s] -- Detecting CXX compiler ABI info
[1.945s] -- Detecting CXX compiler ABI info - done
[1.998s] -- Check for working CXX compiler: /usr/bin/c++ - skipped
[1.999s] -- Detecting CXX compile features
[1.999s] -- Detecting CXX compile features - done
[2.010s] -- Found ament_cmake: 1.3.11 (/opt/ros/humble/share/ament_cmake/cmake)
[2.685s] -- Found Python3: /usr/bin/python3 (found version "3.10.12") found components: Interpreter 
[3.119s] -- Found geometry_msgs: 4.2.4 (/opt/ros/humble/share/geometry_msgs/cmake)
[3.348s] -- Found rosidl_generator_c: 3.1.6 (/opt/ros/humble/share/rosidl_generator_c/cmake)
[3.374s] -- Found rosidl_adapter: 3.1.6 (/opt/ros/humble/share/rosidl_adapter/cmake)
[3.464s] -- Found rosidl_generator_cpp: 3.1.6 (/opt/ros/humble/share/rosidl_generator_cpp/cmake)
[3.628s] -- Using all available rosidl_typesupport_c: rosidl_typesupport_fastrtps_c;rosidl_typesupport_introspection_c
[3.836s] -- Using all available rosidl_typesupport_cpp: rosidl_typesupport_fastrtps_cpp;rosidl_typesupport_introspection_cpp
[4.094s] -- Found nav_msgs: 4.2.4 (/opt/ros/humble/share/nav_msgs/cmake)
[4.239s] -- Found rclcpp: 16.0.11 (/opt/ros/humble/share/rclcpp/cmake)
[4.549s] -- Found rmw_implementation_cmake: 6.1.2 (/opt/ros/humble/share/rmw_implementation_cmake/cmake)
[4.580s] -- Found rmw_fastrtps_cpp: 6.2.7 (/opt/ros/humble/share/rmw_fastrtps_cpp/cmake)
[5.173s] -- Found OpenSSL: /usr/lib/x86_64-linux-gnu/libcrypto.so (found version "3.0.2")  
[5.288s] -- Found FastRTPS: /opt/ros/humble/include  
[5.435s] -- Using RMW implementation 'rmw_fastrtps_cpp' as default
[5.529s] -- Looking for pthread.h
[5.893s] -- Looking for pthread.h - found
[5.894s] -- Performing Test CMAKE_HAVE_LIBC_PTHREAD
[6.436s] -- Performing Test CMAKE_HAVE_LIBC_PTHREAD - Success
[6.441s] -- Found Threads: TRUE  
[6.646s] -- Found sensor_msgs: 4.2.4 (/opt/ros/humble/share/sensor_msgs/cmake)
[6.733s] -- Found tf2: 0.25.9 (/opt/ros/humble/share/tf2/cmake)
[6.780s] -- Found tf2_msgs: 0.25.9 (/opt/ros/humble/share/tf2_msgs/cmake)
[6.959s] -- Found turtlebot3_msgs: 2.2.3 (/opt/ros/humble/share/turtlebot3_msgs/cmake)
[7.340s] -- Configuring done
[7.402s] -- Generating done
[7.415s] -- Build files have been written to: /home/s2c2/Desktop/SESASR/lab05/build/turtlebot3_fake_node
[7.452s] Invoked command in '/home/s2c2/Desktop/SESASR/lab05/build/turtlebot3_fake_node' returned '0': CMAKE_PREFIX_PATH=${CMAKE_PREFIX_PATH}:/home/s2c2/Desktop/SESASR/lab05/install/turtlebot3_perception:/home/s2c2/Desktop/SESASR/lab05/install/pf_pkg:/opt/ros/humble /usr/bin/cmake /home/s2c2/Desktop/SESASR/lab05/src/turtlebot3_simulations/turtlebot3_fake_node -DCMAKE_INSTALL_PREFIX=/home/s2c2/Desktop/SESASR/lab05/install/turtlebot3_fake_node
[7.460s] Invoking command in '/home/s2c2/Desktop/SESASR/lab05/build/turtlebot3_fake_node': CMAKE_PREFIX_PATH=${CMAKE_PREFIX_PATH}:/home/s2c2/Desktop/SESASR/lab05/install/turtlebot3_perception:/home/s2c2/Desktop/SESASR/lab05/install/pf_pkg:/opt/ros/humble /usr/bin/cmake --build /home/s2c2/Desktop/SESASR/lab05/build/turtlebot3_fake_node -- -j4 -l4
[7.666s] [ 50%] [32mBuilding CXX object CMakeFiles/turtlebot3_fake_node.dir/src/turtlebot3_fake_node.cpp.o[0m
[42.913s] [100%] [32m[1mLinking CXX executable turtlebot3_fake_node[0m
[45.586s] [100%] Built target turtlebot3_fake_node
[45.637s] Invoked command in '/home/s2c2/Desktop/SESASR/lab05/build/turtlebot3_fake_node' returned '0': CMAKE_PREFIX_PATH=${CMAKE_PREFIX_PATH}:/home/s2c2/Desktop/SESASR/lab05/install/turtlebot3_perception:/home/s2c2/Desktop/SESASR/lab05/install/pf_pkg:/opt/ros/humble /usr/bin/cmake --build /home/s2c2/Desktop/SESASR/lab05/build/turtlebot3_fake_node -- -j4 -l4
[45.648s] Invoking command in '/home/s2c2/Desktop/SESASR/lab05/build/turtlebot3_fake_node': CMAKE_PREFIX_PATH=${CMAKE_PREFIX_PATH}:/home/s2c2/Desktop/SESASR/lab05/install/turtlebot3_perception:/home/s2c2/Desktop/SESASR/lab05/install/pf_pkg:/opt/ros/humble /usr/bin/cmake --install /home/s2c2/Desktop/SESASR/lab05/build/turtlebot3_fake_node
[45.685s] -- Install configuration: ""
[45.685s] -- Installing: /home/s2c2/Desktop/SESASR/lab05/install/turtlebot3_fake_node/lib/turtlebot3_fake_node/turtlebot3_fake_node
[45.700s] -- Set runtime path of "/home/s2c2/Desktop/SESASR/lab05/install/turtlebot3_fake_node/lib/turtlebot3_fake_node/turtlebot3_fake_node" to ""
[45.701s] -- Installing: /home/s2c2/Desktop/SESASR/lab05/install/turtlebot3_fake_node/share/turtlebot3_fake_node/launch
[45.701s] -- Installing: /home/s2c2/Desktop/SESASR/lab05/install/turtlebot3_fake_node/share/turtlebot3_fake_node/launch/rviz2.launch.py
[45.701s] -- Installing: /home/s2c2/Desktop/SESASR/lab05/install/turtlebot3_fake_node/share/turtlebot3_fake_node/launch/turtlebot3_fake_node.launch.py
[45.701s] -- Installing: /home/s2c2/Desktop/SESASR/lab05/install/turtlebot3_fake_node/share/turtlebot3_fake_node/param
[45.702s] -- Installing: /home/s2c2/Desktop/SESASR/lab05/install/turtlebot3_fake_node/share/turtlebot3_fake_node/param/burger.yaml
[45.702s] -- Installing: /home/s2c2/Desktop/SESASR/lab05/install/turtlebot3_fake_node/share/turtlebot3_fake_node/param/waffle.yaml
[45.712s] -- Installing: /home/s2c2/Desktop/SESASR/lab05/install/turtlebot3_fake_node/share/turtlebot3_fake_node/param/waffle_pi.yaml
[45.712s] -- Installing: /home/s2c2/Desktop/SESASR/lab05/install/turtlebot3_fake_node/include/
[45.712s] -- Installing: /home/s2c2/Desktop/SESASR/lab05/install/turtlebot3_fake_node/include//turtlebot3_fake_node
[45.712s] -- Installing: /home/s2c2/Desktop/SESASR/lab05/install/turtlebot3_fake_node/include//turtlebot3_fake_node/turtlebot3_fake_node.hpp
[45.715s] -- Installing: /home/s2c2/Desktop/SESASR/lab05/install/turtlebot3_fake_node/share/ament_index/resource_index/package_run_dependencies/turtlebot3_fake_node
[45.719s] -- Installing: /home/s2c2/Desktop/SESASR/lab05/install/turtlebot3_fake_node/share/ament_index/resource_index/parent_prefix_path/turtlebot3_fake_node
[45.719s] -- Installing: /home/s2c2/Desktop/SESASR/lab05/install/turtlebot3_fake_node/share/turtlebot3_fake_node/environment/ament_prefix_path.sh
[45.719s] -- Installing: /home/s2c2/Desktop/SESASR/lab05/install/turtlebot3_fake_node/share/turtlebot3_fake_node/environment/ament_prefix_path.dsv
[45.721s] -- Installing: /home/s2c2/Desktop/SESASR/lab05/install/turtlebot3_fake_node/share/turtlebot3_fake_node/environment/path.sh
[45.725s] -- Installing: /home/s2c2/Desktop/SESASR/lab05/install/turtlebot3_fake_node/share/turtlebot3_fake_node/environment/path.dsv
[45.725s] -- Installing: /home/s2c2/Desktop/SESASR/lab05/install/turtlebot3_fake_node/share/turtlebot3_fake_node/local_setup.bash
[45.729s] -- Installing: /home/s2c2/Desktop/SESASR/lab05/install/turtlebot3_fake_node/share/turtlebot3_fake_node/local_setup.sh
[45.731s] -- Installing: /home/s2c2/Desktop/SESASR/lab05/install/turtlebot3_fake_node/share/turtlebot3_fake_node/local_setup.zsh
[45.735s] -- Installing: /home/s2c2/Desktop/SESASR/lab05/install/turtlebot3_fake_node/share/turtlebot3_fake_node/local_setup.dsv
[45.738s] -- Installing: /home/s2c2/Desktop/SESASR/lab05/install/turtlebot3_fake_node/share/turtlebot3_fake_node/package.dsv
[45.741s] -- Installing: /home/s2c2/Desktop/SESASR/lab05/install/turtlebot3_fake_node/share/ament_index/resource_index/packages/turtlebot3_fake_node
[45.741s] -- Installing: /home/s2c2/Desktop/SESASR/lab05/install/turtlebot3_fake_node/share/turtlebot3_fake_node/cmake/ament_cmake_export_include_directories-extras.cmake
[45.749s] -- Installing: /home/s2c2/Desktop/SESASR/lab05/install/turtlebot3_fake_node/share/turtlebot3_fake_node/cmake/ament_cmake_export_dependencies-extras.cmake
[45.749s] -- Installing: /home/s2c2/Desktop/SESASR/lab05/install/turtlebot3_fake_node/share/turtlebot3_fake_node/cmake/turtlebot3_fake_nodeConfig.cmake
[45.750s] -- Installing: /home/s2c2/Desktop/SESASR/lab05/install/turtlebot3_fake_node/share/turtlebot3_fake_node/cmake/turtlebot3_fake_nodeConfig-version.cmake
[45.751s] -- Installing: /home/s2c2/Desktop/SESASR/lab05/install/turtlebot3_fake_node/share/turtlebot3_fake_node/package.xml
[45.765s] Invoked command in '/home/s2c2/Desktop/SESASR/lab05/build/turtlebot3_fake_node' returned '0': CMAKE_PREFIX_PATH=${CMAKE_PREFIX_PATH}:/home/s2c2/Desktop/SESASR/lab05/install/turtlebot3_perception:/home/s2c2/Desktop/SESASR/lab05/install/pf_pkg:/opt/ros/humble /usr/bin/cmake --install /home/s2c2/Desktop/SESASR/lab05/build/turtlebot3_fake_node
