[0.088s] Invoking command in '/home/s2c2/Desktop/SESASR/lab05/build/landmark_msgs': CMAKE_PREFIX_PATH=${CMAKE_PREFIX_PATH}:/home/s2c2/Desktop/SESASR/lab05/install/turtlebot3_perception:/home/s2c2/Desktop/SESASR/lab05/install/pf_pkg:/opt/ros/humble /usr/bin/cmake --build /home/s2c2/Desktop/SESASR/lab05/build/landmark_msgs -- -j4 -l4
[1.109s] [  2%] Built target landmark_msgs__cpp
[1.109s] [ 12%] Built target landmark_msgs__rosidl_generator_c
[1.109s] [ 12%] Built target ament_cmake_python_copy_landmark_msgs
[1.109s] [ 23%] Built target landmark_msgs__rosidl_typesupport_fastrtps_cpp
[1.109s] [ 33%] Built target landmark_msgs__rosidl_typesupport_cpp
[1.110s] [ 43%] Built target landmark_msgs__rosidl_typesupport_introspection_cpp
[1.110s] [ 53%] Built target landmark_msgs__rosidl_typesupport_fastrtps_c
[1.110s] [ 64%] Built target landmark_msgs__rosidl_typesupport_introspection_c
[1.110s] [ 74%] Built target landmark_msgs__rosidl_typesupport_c
[1.110s] [ 74%] Built target landmark_msgs
[1.110s] [ 76%] Built target landmark_msgs__py
[1.110s] [ 84%] Built target landmark_msgs__rosidl_generator_py
[1.111s] [ 89%] Built target landmark_msgs__rosidl_typesupport_fastrtps_c__pyext
[1.111s] [ 94%] Built target landmark_msgs__rosidl_typesupport_introspection_c__pyext
[1.111s] [100%] Built target landmark_msgs__rosidl_typesupport_c__pyext
[1.147s] running egg_info
[1.147s] writing landmark_msgs.egg-info/PKG-INFO
[1.148s] writing dependency_links to landmark_msgs.egg-info/dependency_links.txt
[1.148s] writing top-level names to landmark_msgs.egg-info/top_level.txt
[1.162s] reading manifest file 'landmark_msgs.egg-info/SOURCES.txt'
[1.163s] writing manifest file 'landmark_msgs.egg-info/SOURCES.txt'
[1.284s] [100%] Built target ament_cmake_python_build_landmark_msgs_egg
[1.330s] Invoked command in '/home/s2c2/Desktop/SESASR/lab05/build/landmark_msgs' returned '0': CMAKE_PREFIX_PATH=${CMAKE_PREFIX_PATH}:/home/s2c2/Desktop/SESASR/lab05/install/turtlebot3_perception:/home/s2c2/Desktop/SESASR/lab05/install/pf_pkg:/opt/ros/humble /usr/bin/cmake --build /home/s2c2/Desktop/SESASR/lab05/build/landmark_msgs -- -j4 -l4
[1.331s] Invoking command in '/home/s2c2/Desktop/SESASR/lab05/build/landmark_msgs': CMAKE_PREFIX_PATH=${CMAKE_PREFIX_PATH}:/home/s2c2/Desktop/SESASR/lab05/install/turtlebot3_perception:/home/s2c2/Desktop/SESASR/lab05/install/pf_pkg:/opt/ros/humble /usr/bin/cmake --install /home/s2c2/Desktop/SESASR/lab05/build/landmark_msgs
[1.383s] -- Install configuration: ""
[1.383s] -- Up-to-date: /home/s2c2/Desktop/SESASR/lab05/install/landmark_msgs/share/ament_index/resource_index/rosidl_interfaces/landmark_msgs
[1.383s] -- Up-to-date: /home/s2c2/Desktop/SESASR/lab05/install/landmark_msgs/include/landmark_msgs/landmark_msgs
[1.383s] -- Up-to-date: /home/s2c2/Desktop/SESASR/lab05/install/landmark_msgs/include/landmark_msgs/landmark_msgs/msg
[1.383s] -- Up-to-date: /home/s2c2/Desktop/SESASR/lab05/install/landmark_msgs/include/landmark_msgs/landmark_msgs/msg/rosidl_generator_c__visibility_control.h
[1.384s] -- Up-to-date: /home/s2c2/Desktop/SESASR/lab05/install/landmark_msgs/include/landmark_msgs/landmark_msgs/msg/detail
[1.384s] -- Up-to-date: /home/s2c2/Desktop/SESASR/lab05/install/landmark_msgs/include/landmark_msgs/landmark_msgs/msg/detail/landmark__type_support.h
[1.384s] -- Up-to-date: /home/s2c2/Desktop/SESASR/lab05/install/landmark_msgs/include/landmark_msgs/landmark_msgs/msg/detail/landmark_array__struct.h
[1.384s] -- Up-to-date: /home/s2c2/Desktop/SESASR/lab05/install/landmark_msgs/include/landmark_msgs/landmark_msgs/msg/detail/landmark__functions.c
[1.384s] -- Up-to-date: /home/s2c2/Desktop/SESASR/lab05/install/landmark_msgs/include/landmark_msgs/landmark_msgs/msg/detail/landmark_array__functions.c
[1.384s] -- Up-to-date: /home/s2c2/Desktop/SESASR/lab05/install/landmark_msgs/include/landmark_msgs/landmark_msgs/msg/detail/landmark__struct.h
[1.384s] -- Up-to-date: /home/s2c2/Desktop/SESASR/lab05/install/landmark_msgs/include/landmark_msgs/landmark_msgs/msg/detail/landmark_array__functions.h
[1.385s] -- Up-to-date: /home/s2c2/Desktop/SESASR/lab05/install/landmark_msgs/include/landmark_msgs/landmark_msgs/msg/detail/landmark__functions.h
[1.385s] -- Up-to-date: /home/s2c2/Desktop/SESASR/lab05/install/landmark_msgs/include/landmark_msgs/landmark_msgs/msg/detail/landmark_array__type_support.h
[1.385s] -- Up-to-date: /home/s2c2/Desktop/SESASR/lab05/install/landmark_msgs/include/landmark_msgs/landmark_msgs/msg/landmark.h
[1.385s] -- Up-to-date: /home/s2c2/Desktop/SESASR/lab05/install/landmark_msgs/include/landmark_msgs/landmark_msgs/msg/landmark_array.h
[1.385s] -- Up-to-date: /home/s2c2/Desktop/SESASR/lab05/install/landmark_msgs/share/landmark_msgs/environment/library_path.sh
[1.385s] -- Up-to-date: /home/s2c2/Desktop/SESASR/lab05/install/landmark_msgs/share/landmark_msgs/environment/library_path.dsv
[1.385s] -- Up-to-date: /home/s2c2/Desktop/SESASR/lab05/install/landmark_msgs/lib/liblandmark_msgs__rosidl_generator_c.so
[1.386s] -- Up-to-date: /home/s2c2/Desktop/SESASR/lab05/install/landmark_msgs/include/landmark_msgs/landmark_msgs
[1.393s] -- Up-to-date: /home/s2c2/Desktop/SESASR/lab05/install/landmark_msgs/include/landmark_msgs/landmark_msgs/msg
[1.393s] -- Up-to-date: /home/s2c2/Desktop/SESASR/lab05/install/landmark_msgs/include/landmark_msgs/landmark_msgs/msg/rosidl_typesupport_fastrtps_c__visibility_control.h
[1.393s] -- Up-to-date: /home/s2c2/Desktop/SESASR/lab05/install/landmark_msgs/include/landmark_msgs/landmark_msgs/msg/detail
[1.393s] -- Up-to-date: /home/s2c2/Desktop/SESASR/lab05/install/landmark_msgs/include/landmark_msgs/landmark_msgs/msg/detail/landmark_array__rosidl_typesupport_fastrtps_c.h
[1.393s] -- Up-to-date: /home/s2c2/Desktop/SESASR/lab05/install/landmark_msgs/include/landmark_msgs/landmark_msgs/msg/detail/landmark__rosidl_typesupport_fastrtps_c.h
[1.401s] -- Up-to-date: /home/s2c2/Desktop/SESASR/lab05/install/landmark_msgs/lib/liblandmark_msgs__rosidl_typesupport_fastrtps_c.so
[1.401s] -- Up-to-date: /home/s2c2/Desktop/SESASR/lab05/install/landmark_msgs/include/landmark_msgs/landmark_msgs
[1.401s] -- Up-to-date: /home/s2c2/Desktop/SESASR/lab05/install/landmark_msgs/include/landmark_msgs/landmark_msgs/msg
[1.401s] -- Up-to-date: /home/s2c2/Desktop/SESASR/lab05/install/landmark_msgs/include/landmark_msgs/landmark_msgs/msg/detail
[1.402s] -- Up-to-date: /home/s2c2/Desktop/SESASR/lab05/install/landmark_msgs/include/landmark_msgs/landmark_msgs/msg/detail/landmark_array__type_support.c
[1.402s] -- Up-to-date: /home/s2c2/Desktop/SESASR/lab05/install/landmark_msgs/include/landmark_msgs/landmark_msgs/msg/detail/landmark__rosidl_typesupport_introspection_c.h
[1.402s] -- Up-to-date: /home/s2c2/Desktop/SESASR/lab05/install/landmark_msgs/include/landmark_msgs/landmark_msgs/msg/detail/landmark__type_support.c
[1.402s] -- Up-to-date: /home/s2c2/Desktop/SESASR/lab05/install/landmark_msgs/include/landmark_msgs/landmark_msgs/msg/detail/landmark_array__rosidl_typesupport_introspection_c.h
[1.402s] -- Up-to-date: /home/s2c2/Desktop/SESASR/lab05/install/landmark_msgs/include/landmark_msgs/landmark_msgs/msg/rosidl_typesupport_introspection_c__visibility_control.h
[1.402s] -- Up-to-date: /home/s2c2/Desktop/SESASR/lab05/install/landmark_msgs/lib/liblandmark_msgs__rosidl_typesupport_introspection_c.so
[1.402s] -- Up-to-date: /home/s2c2/Desktop/SESASR/lab05/install/landmark_msgs/lib/liblandmark_msgs__rosidl_typesupport_c.so
[1.402s] -- Up-to-date: /home/s2c2/Desktop/SESASR/lab05/install/landmark_msgs/include/landmark_msgs/landmark_msgs
[1.402s] -- Up-to-date: /home/s2c2/Desktop/SESASR/lab05/install/landmark_msgs/include/landmark_msgs/landmark_msgs/msg
[1.402s] -- Up-to-date: /home/s2c2/Desktop/SESASR/lab05/install/landmark_msgs/include/landmark_msgs/landmark_msgs/msg/detail
[1.403s] -- Up-to-date: /home/s2c2/Desktop/SESASR/lab05/install/landmark_msgs/include/landmark_msgs/landmark_msgs/msg/detail/landmark__struct.hpp
[1.403s] -- Up-to-date: /home/s2c2/Desktop/SESASR/lab05/install/landmark_msgs/include/landmark_msgs/landmark_msgs/msg/detail/landmark__type_support.hpp
[1.403s] -- Up-to-date: /home/s2c2/Desktop/SESASR/lab05/install/landmark_msgs/include/landmark_msgs/landmark_msgs/msg/detail/landmark__builder.hpp
[1.403s] -- Up-to-date: /home/s2c2/Desktop/SESASR/lab05/install/landmark_msgs/include/landmark_msgs/landmark_msgs/msg/detail/landmark_array__traits.hpp
[1.403s] -- Up-to-date: /home/s2c2/Desktop/SESASR/lab05/install/landmark_msgs/include/landmark_msgs/landmark_msgs/msg/detail/landmark__traits.hpp
[1.403s] -- Up-to-date: /home/s2c2/Desktop/SESASR/lab05/install/landmark_msgs/include/landmark_msgs/landmark_msgs/msg/detail/landmark_array__struct.hpp
[1.403s] -- Up-to-date: /home/s2c2/Desktop/SESASR/lab05/install/landmark_msgs/include/landmark_msgs/landmark_msgs/msg/detail/landmark_array__type_support.hpp
[1.403s] -- Up-to-date: /home/s2c2/Desktop/SESASR/lab05/install/landmark_msgs/include/landmark_msgs/landmark_msgs/msg/detail/landmark_array__builder.hpp
[1.403s] -- Up-to-date: /home/s2c2/Desktop/SESASR/lab05/install/landmark_msgs/include/landmark_msgs/landmark_msgs/msg/rosidl_generator_cpp__visibility_control.hpp
[1.403s] -- Up-to-date: /home/s2c2/Desktop/SESASR/lab05/install/landmark_msgs/include/landmark_msgs/landmark_msgs/msg/landmark_array.hpp
[1.403s] -- Up-to-date: /home/s2c2/Desktop/SESASR/lab05/install/landmark_msgs/include/landmark_msgs/landmark_msgs/msg/landmark.hpp
[1.404s] -- Up-to-date: /home/s2c2/Desktop/SESASR/lab05/install/landmark_msgs/include/landmark_msgs/landmark_msgs
[1.404s] -- Up-to-date: /home/s2c2/Desktop/SESASR/lab05/install/landmark_msgs/include/landmark_msgs/landmark_msgs/msg
[1.404s] -- Up-to-date: /home/s2c2/Desktop/SESASR/lab05/install/landmark_msgs/include/landmark_msgs/landmark_msgs/msg/rosidl_typesupport_fastrtps_cpp__visibility_control.h
[1.404s] -- Up-to-date: /home/s2c2/Desktop/SESASR/lab05/install/landmark_msgs/include/landmark_msgs/landmark_msgs/msg/detail
[1.404s] -- Up-to-date: /home/s2c2/Desktop/SESASR/lab05/install/landmark_msgs/include/landmark_msgs/landmark_msgs/msg/detail/landmark__rosidl_typesupport_fastrtps_cpp.hpp
[1.404s] -- Up-to-date: /home/s2c2/Desktop/SESASR/lab05/install/landmark_msgs/include/landmark_msgs/landmark_msgs/msg/detail/dds_fastrtps
[1.404s] -- Up-to-date: /home/s2c2/Desktop/SESASR/lab05/install/landmark_msgs/include/landmark_msgs/landmark_msgs/msg/detail/landmark_array__rosidl_typesupport_fastrtps_cpp.hpp
[1.410s] -- Up-to-date: /home/s2c2/Desktop/SESASR/lab05/install/landmark_msgs/lib/liblandmark_msgs__rosidl_typesupport_fastrtps_cpp.so
[1.411s] -- Up-to-date: /home/s2c2/Desktop/SESASR/lab05/install/landmark_msgs/include/landmark_msgs/landmark_msgs
[1.411s] -- Up-to-date: /home/s2c2/Desktop/SESASR/lab05/install/landmark_msgs/include/landmark_msgs/landmark_msgs/msg
[1.412s] -- Up-to-date: /home/s2c2/Desktop/SESASR/lab05/install/landmark_msgs/include/landmark_msgs/landmark_msgs/msg/detail
[1.412s] -- Up-to-date: /home/s2c2/Desktop/SESASR/lab05/install/landmark_msgs/include/landmark_msgs/landmark_msgs/msg/detail/landmark_array__rosidl_typesupport_introspection_cpp.hpp
[1.412s] -- Up-to-date: /home/s2c2/Desktop/SESASR/lab05/install/landmark_msgs/include/landmark_msgs/landmark_msgs/msg/detail/landmark__rosidl_typesupport_introspection_cpp.hpp
[1.412s] -- Up-to-date: /home/s2c2/Desktop/SESASR/lab05/install/landmark_msgs/include/landmark_msgs/landmark_msgs/msg/detail/landmark__type_support.cpp
[1.412s] -- Up-to-date: /home/s2c2/Desktop/SESASR/lab05/install/landmark_msgs/include/landmark_msgs/landmark_msgs/msg/detail/landmark_array__type_support.cpp
[1.413s] -- Up-to-date: /home/s2c2/Desktop/SESASR/lab05/install/landmark_msgs/lib/liblandmark_msgs__rosidl_typesupport_introspection_cpp.so
[1.413s] -- Up-to-date: /home/s2c2/Desktop/SESASR/lab05/install/landmark_msgs/lib/liblandmark_msgs__rosidl_typesupport_cpp.so
[1.413s] -- Up-to-date: /home/s2c2/Desktop/SESASR/lab05/install/landmark_msgs/share/landmark_msgs/environment/pythonpath.sh
[1.413s] -- Up-to-date: /home/s2c2/Desktop/SESASR/lab05/install/landmark_msgs/share/landmark_msgs/environment/pythonpath.dsv
[1.413s] -- Up-to-date: /home/s2c2/Desktop/SESASR/lab05/install/landmark_msgs/local/lib/python3.10/dist-packages/landmark_msgs-0.0.0-py3.10.egg-info
[1.413s] -- Installing: /home/s2c2/Desktop/SESASR/lab05/install/landmark_msgs/local/lib/python3.10/dist-packages/landmark_msgs-0.0.0-py3.10.egg-info/PKG-INFO
[1.417s] -- Installing: /home/s2c2/Desktop/SESASR/lab05/install/landmark_msgs/local/lib/python3.10/dist-packages/landmark_msgs-0.0.0-py3.10.egg-info/top_level.txt
[1.417s] -- Installing: /home/s2c2/Desktop/SESASR/lab05/install/landmark_msgs/local/lib/python3.10/dist-packages/landmark_msgs-0.0.0-py3.10.egg-info/SOURCES.txt
[1.418s] -- Installing: /home/s2c2/Desktop/SESASR/lab05/install/landmark_msgs/local/lib/python3.10/dist-packages/landmark_msgs-0.0.0-py3.10.egg-info/dependency_links.txt
[1.419s] -- Up-to-date: /home/s2c2/Desktop/SESASR/lab05/install/landmark_msgs/local/lib/python3.10/dist-packages/landmark_msgs
[1.419s] -- Up-to-date: /home/s2c2/Desktop/SESASR/lab05/install/landmark_msgs/local/lib/python3.10/dist-packages/landmark_msgs/liblandmark_msgs__rosidl_generator_py.so
[1.421s] -- Up-to-date: /home/s2c2/Desktop/SESASR/lab05/install/landmark_msgs/local/lib/python3.10/dist-packages/landmark_msgs/landmark_msgs_s__rosidl_typesupport_introspection_c.cpython-310-x86_64-linux-gnu.so
[1.421s] -- Up-to-date: /home/s2c2/Desktop/SESASR/lab05/install/landmark_msgs/local/lib/python3.10/dist-packages/landmark_msgs/_landmark_msgs_s.ep.rosidl_typesupport_fastrtps_c.c
[1.422s] -- Up-to-date: /home/s2c2/Desktop/SESASR/lab05/install/landmark_msgs/local/lib/python3.10/dist-packages/landmark_msgs/__init__.py
[1.422s] -- Up-to-date: /home/s2c2/Desktop/SESASR/lab05/install/landmark_msgs/local/lib/python3.10/dist-packages/landmark_msgs/landmark_msgs_s__rosidl_typesupport_fastrtps_c.cpython-310-x86_64-linux-gnu.so
[1.422s] -- Up-to-date: /home/s2c2/Desktop/SESASR/lab05/install/landmark_msgs/local/lib/python3.10/dist-packages/landmark_msgs/_landmark_msgs_s.ep.rosidl_typesupport_c.c
[1.422s] -- Up-to-date: /home/s2c2/Desktop/SESASR/lab05/install/landmark_msgs/local/lib/python3.10/dist-packages/landmark_msgs/msg
[1.424s] -- Up-to-date: /home/s2c2/Desktop/SESASR/lab05/install/landmark_msgs/local/lib/python3.10/dist-packages/landmark_msgs/msg/__init__.py
[1.424s] -- Up-to-date: /home/s2c2/Desktop/SESASR/lab05/install/landmark_msgs/local/lib/python3.10/dist-packages/landmark_msgs/msg/_landmark.py
[1.424s] -- Up-to-date: /home/s2c2/Desktop/SESASR/lab05/install/landmark_msgs/local/lib/python3.10/dist-packages/landmark_msgs/msg/_landmark_array_s.c
[1.424s] -- Up-to-date: /home/s2c2/Desktop/SESASR/lab05/install/landmark_msgs/local/lib/python3.10/dist-packages/landmark_msgs/msg/_landmark_s.c
[1.424s] -- Up-to-date: /home/s2c2/Desktop/SESASR/lab05/install/landmark_msgs/local/lib/python3.10/dist-packages/landmark_msgs/msg/_landmark_array.py
[1.425s] -- Up-to-date: /home/s2c2/Desktop/SESASR/lab05/install/landmark_msgs/local/lib/python3.10/dist-packages/landmark_msgs/_landmark_msgs_s.ep.rosidl_typesupport_introspection_c.c
[1.425s] -- Up-to-date: /home/s2c2/Desktop/SESASR/lab05/install/landmark_msgs/local/lib/python3.10/dist-packages/landmark_msgs/landmark_msgs_s__rosidl_typesupport_c.cpython-310-x86_64-linux-gnu.so
[1.635s] Listing '/home/s2c2/Desktop/SESASR/lab05/install/landmark_msgs/local/lib/python3.10/dist-packages/landmark_msgs'...
[1.635s] Listing '/home/s2c2/Desktop/SESASR/lab05/install/landmark_msgs/local/lib/python3.10/dist-packages/landmark_msgs/msg'...
[1.660s] -- Up-to-date: /home/s2c2/Desktop/SESASR/lab05/install/landmark_msgs/local/lib/python3.10/dist-packages/landmark_msgs/landmark_msgs_s__rosidl_typesupport_fastrtps_c.cpython-310-x86_64-linux-gnu.so
[1.661s] -- Up-to-date: /home/s2c2/Desktop/SESASR/lab05/install/landmark_msgs/local/lib/python3.10/dist-packages/landmark_msgs/landmark_msgs_s__rosidl_typesupport_introspection_c.cpython-310-x86_64-linux-gnu.so
[1.664s] -- Up-to-date: /home/s2c2/Desktop/SESASR/lab05/install/landmark_msgs/local/lib/python3.10/dist-packages/landmark_msgs/landmark_msgs_s__rosidl_typesupport_c.cpython-310-x86_64-linux-gnu.so
[1.666s] -- Up-to-date: /home/s2c2/Desktop/SESASR/lab05/install/landmark_msgs/lib/liblandmark_msgs__rosidl_generator_py.so
[1.666s] -- Up-to-date: /home/s2c2/Desktop/SESASR/lab05/install/landmark_msgs/share/landmark_msgs/msg/Landmark.idl
[1.666s] -- Up-to-date: /home/s2c2/Desktop/SESASR/lab05/install/landmark_msgs/share/landmark_msgs/msg/LandmarkArray.idl
[1.666s] -- Up-to-date: /home/s2c2/Desktop/SESASR/lab05/install/landmark_msgs/share/landmark_msgs/msg/Landmark.msg
[1.666s] -- Up-to-date: /home/s2c2/Desktop/SESASR/lab05/install/landmark_msgs/share/landmark_msgs/msg/LandmarkArray.msg
[1.667s] -- Up-to-date: /home/s2c2/Desktop/SESASR/lab05/install/landmark_msgs/share/ament_index/resource_index/package_run_dependencies/landmark_msgs
[1.667s] -- Up-to-date: /home/s2c2/Desktop/SESASR/lab05/install/landmark_msgs/share/ament_index/resource_index/parent_prefix_path/landmark_msgs
[1.671s] -- Up-to-date: /home/s2c2/Desktop/SESASR/lab05/install/landmark_msgs/share/landmark_msgs/environment/ament_prefix_path.sh
[1.671s] -- Up-to-date: /home/s2c2/Desktop/SESASR/lab05/install/landmark_msgs/share/landmark_msgs/environment/ament_prefix_path.dsv
[1.671s] -- Up-to-date: /home/s2c2/Desktop/SESASR/lab05/install/landmark_msgs/share/landmark_msgs/environment/path.sh
[1.671s] -- Up-to-date: /home/s2c2/Desktop/SESASR/lab05/install/landmark_msgs/share/landmark_msgs/environment/path.dsv
[1.671s] -- Up-to-date: /home/s2c2/Desktop/SESASR/lab05/install/landmark_msgs/share/landmark_msgs/local_setup.bash
[1.671s] -- Up-to-date: /home/s2c2/Desktop/SESASR/lab05/install/landmark_msgs/share/landmark_msgs/local_setup.sh
[1.672s] -- Up-to-date: /home/s2c2/Desktop/SESASR/lab05/install/landmark_msgs/share/landmark_msgs/local_setup.zsh
[1.672s] -- Up-to-date: /home/s2c2/Desktop/SESASR/lab05/install/landmark_msgs/share/landmark_msgs/local_setup.dsv
[1.672s] -- Installing: /home/s2c2/Desktop/SESASR/lab05/install/landmark_msgs/share/landmark_msgs/package.dsv
[1.676s] -- Up-to-date: /home/s2c2/Desktop/SESASR/lab05/install/landmark_msgs/share/ament_index/resource_index/packages/landmark_msgs
[1.676s] -- Up-to-date: /home/s2c2/Desktop/SESASR/lab05/install/landmark_msgs/share/landmark_msgs/cmake/export_landmark_msgs__rosidl_generator_cExport.cmake
[1.676s] -- Up-to-date: /home/s2c2/Desktop/SESASR/lab05/install/landmark_msgs/share/landmark_msgs/cmake/export_landmark_msgs__rosidl_generator_cExport-noconfig.cmake
[1.677s] -- Up-to-date: /home/s2c2/Desktop/SESASR/lab05/install/landmark_msgs/share/landmark_msgs/cmake/export_landmark_msgs__rosidl_typesupport_fastrtps_cExport.cmake
[1.677s] -- Up-to-date: /home/s2c2/Desktop/SESASR/lab05/install/landmark_msgs/share/landmark_msgs/cmake/export_landmark_msgs__rosidl_typesupport_fastrtps_cExport-noconfig.cmake
[1.677s] -- Up-to-date: /home/s2c2/Desktop/SESASR/lab05/install/landmark_msgs/share/landmark_msgs/cmake/landmark_msgs__rosidl_typesupport_introspection_cExport.cmake
[1.681s] -- Up-to-date: /home/s2c2/Desktop/SESASR/lab05/install/landmark_msgs/share/landmark_msgs/cmake/landmark_msgs__rosidl_typesupport_introspection_cExport-noconfig.cmake
[1.681s] -- Up-to-date: /home/s2c2/Desktop/SESASR/lab05/install/landmark_msgs/share/landmark_msgs/cmake/landmark_msgs__rosidl_typesupport_cExport.cmake
[1.682s] -- Up-to-date: /home/s2c2/Desktop/SESASR/lab05/install/landmark_msgs/share/landmark_msgs/cmake/landmark_msgs__rosidl_typesupport_cExport-noconfig.cmake
[1.682s] -- Up-to-date: /home/s2c2/Desktop/SESASR/lab05/install/landmark_msgs/share/landmark_msgs/cmake/export_landmark_msgs__rosidl_generator_cppExport.cmake
[1.682s] -- Up-to-date: /home/s2c2/Desktop/SESASR/lab05/install/landmark_msgs/share/landmark_msgs/cmake/export_landmark_msgs__rosidl_typesupport_fastrtps_cppExport.cmake
[1.682s] -- Up-to-date: /home/s2c2/Desktop/SESASR/lab05/install/landmark_msgs/share/landmark_msgs/cmake/export_landmark_msgs__rosidl_typesupport_fastrtps_cppExport-noconfig.cmake
[1.682s] -- Up-to-date: /home/s2c2/Desktop/SESASR/lab05/install/landmark_msgs/share/landmark_msgs/cmake/landmark_msgs__rosidl_typesupport_introspection_cppExport.cmake
[1.682s] -- Up-to-date: /home/s2c2/Desktop/SESASR/lab05/install/landmark_msgs/share/landmark_msgs/cmake/landmark_msgs__rosidl_typesupport_introspection_cppExport-noconfig.cmake
[1.682s] -- Up-to-date: /home/s2c2/Desktop/SESASR/lab05/install/landmark_msgs/share/landmark_msgs/cmake/landmark_msgs__rosidl_typesupport_cppExport.cmake
[1.683s] -- Up-to-date: /home/s2c2/Desktop/SESASR/lab05/install/landmark_msgs/share/landmark_msgs/cmake/landmark_msgs__rosidl_typesupport_cppExport-noconfig.cmake
[1.683s] -- Up-to-date: /home/s2c2/Desktop/SESASR/lab05/install/landmark_msgs/share/landmark_msgs/cmake/export_landmark_msgs__rosidl_generator_pyExport.cmake
[1.683s] -- Up-to-date: /home/s2c2/Desktop/SESASR/lab05/install/landmark_msgs/share/landmark_msgs/cmake/export_landmark_msgs__rosidl_generator_pyExport-noconfig.cmake
[1.683s] -- Up-to-date: /home/s2c2/Desktop/SESASR/lab05/install/landmark_msgs/share/landmark_msgs/cmake/rosidl_cmake-extras.cmake
[1.684s] -- Up-to-date: /home/s2c2/Desktop/SESASR/lab05/install/landmark_msgs/share/landmark_msgs/cmake/ament_cmake_export_dependencies-extras.cmake
[1.687s] -- Up-to-date: /home/s2c2/Desktop/SESASR/lab05/install/landmark_msgs/share/landmark_msgs/cmake/ament_cmake_export_include_directories-extras.cmake
[1.688s] -- Up-to-date: /home/s2c2/Desktop/SESASR/lab05/install/landmark_msgs/share/landmark_msgs/cmake/ament_cmake_export_libraries-extras.cmake
[1.688s] -- Up-to-date: /home/s2c2/Desktop/SESASR/lab05/install/landmark_msgs/share/landmark_msgs/cmake/ament_cmake_export_targets-extras.cmake
[1.688s] -- Up-to-date: /home/s2c2/Desktop/SESASR/lab05/install/landmark_msgs/share/landmark_msgs/cmake/rosidl_cmake_export_typesupport_targets-extras.cmake
[1.688s] -- Up-to-date: /home/s2c2/Desktop/SESASR/lab05/install/landmark_msgs/share/landmark_msgs/cmake/rosidl_cmake_export_typesupport_libraries-extras.cmake
[1.688s] -- Up-to-date: /home/s2c2/Desktop/SESASR/lab05/install/landmark_msgs/share/landmark_msgs/cmake/landmark_msgsConfig.cmake
[1.688s] -- Up-to-date: /home/s2c2/Desktop/SESASR/lab05/install/landmark_msgs/share/landmark_msgs/cmake/landmark_msgsConfig-version.cmake
[1.688s] -- Up-to-date: /home/s2c2/Desktop/SESASR/lab05/install/landmark_msgs/share/landmark_msgs/package.xml
[1.722s] Invoked command in '/home/s2c2/Desktop/SESASR/lab05/build/landmark_msgs' returned '0': CMAKE_PREFIX_PATH=${CMAKE_PREFIX_PATH}:/home/s2c2/Desktop/SESASR/lab05/install/turtlebot3_perception:/home/s2c2/Desktop/SESASR/lab05/install/pf_pkg:/opt/ros/humble /usr/bin/cmake --install /home/s2c2/Desktop/SESASR/lab05/build/landmark_msgs
