[0.434s] Invoking command in '/home/lincunha/lab01/build/turtlesim': CMAKE_PREFIX_PATH=${CMAKE_PREFIX_PATH}:/home/lincunha/lab01/install/lab01_pkg:/opt/ros/humble /usr/bin/cmake --build /home/lincunha/lab01/build/turtlesim -- -j8 -l8
[0.511s] [  1%] Built target turtlesim__cpp
[0.516s] [ 11%] Built target turtlesim__rosidl_generator_c
[0.534s] [ 11%] Built target ament_cmake_python_copy_turtlesim
[0.559s] [ 22%] Built target turtlesim__rosidl_typesupport_fastrtps_cpp
[0.560s] [ 32%] Built target turtlesim__rosidl_typesupport_introspection_cpp
[0.562s] [ 42%] Built target turtlesim__rosidl_typesupport_introspection_c
[0.564s] [ 51%] Built target turtlesim__rosidl_typesupport_cpp
[0.567s] [ 61%] Built target turtlesim__rosidl_typesupport_c
[0.571s] [ 71%] Built target turtlesim__rosidl_typesupport_fastrtps_c
[0.608s] [ 71%] Built target turtlesim
[0.611s] [ 74%] Built target draw_square
[0.612s] [ 75%] Built target turtle_teleop_key
[0.618s] [ 77%] Built target mimic
[0.638s] [ 83%] Built target turtlesim_node
[0.673s] [ 84%] Built target turtlesim__py
[0.746s] [ 93%] Built target turtlesim__rosidl_generator_py
[0.801s] [ 95%] Built target turtlesim__rosidl_typesupport_introspection_c__pyext
[0.819s] [ 97%] Built target turtlesim__rosidl_typesupport_fastrtps_c__pyext
[0.824s] [100%] Built target turtlesim__rosidl_typesupport_c__pyext
[1.134s] running egg_info
[1.136s] writing turtlesim.egg-info/PKG-INFO
[1.137s] writing dependency_links to turtlesim.egg-info/dependency_links.txt
[1.138s] writing top-level names to turtlesim.egg-info/top_level.txt
[1.145s] reading manifest file 'turtlesim.egg-info/SOURCES.txt'
[1.147s] writing manifest file 'turtlesim.egg-info/SOURCES.txt'
[1.208s] [100%] Built target ament_cmake_python_build_turtlesim_egg
[1.236s] Invoked command in '/home/lincunha/lab01/build/turtlesim' returned '0': CMAKE_PREFIX_PATH=${CMAKE_PREFIX_PATH}:/home/lincunha/lab01/install/lab01_pkg:/opt/ros/humble /usr/bin/cmake --build /home/lincunha/lab01/build/turtlesim -- -j8 -l8
[1.656s] Invoking command in '/home/lincunha/lab01/build/turtlesim': CMAKE_PREFIX_PATH=${CMAKE_PREFIX_PATH}:/home/lincunha/lab01/install/lab01_pkg:/opt/ros/humble /usr/bin/cmake --install /home/lincunha/lab01/build/turtlesim
[1.668s] -- Install configuration: ""
[1.668s] -- Up-to-date: /home/lincunha/lab01/install/turtlesim/share/ament_index/resource_index/rosidl_interfaces/turtlesim
[1.669s] -- Up-to-date: /home/lincunha/lab01/install/turtlesim/include/turtlesim/turtlesim
[1.670s] -- Up-to-date: /home/lincunha/lab01/install/turtlesim/include/turtlesim/turtlesim/action
[1.671s] -- Up-to-date: /home/lincunha/lab01/install/turtlesim/include/turtlesim/turtlesim/action/detail
[1.671s] -- Up-to-date: /home/lincunha/lab01/install/turtlesim/include/turtlesim/turtlesim/action/detail/rotate_absolute__functions.h
[1.672s] -- Up-to-date: /home/lincunha/lab01/install/turtlesim/include/turtlesim/turtlesim/action/detail/rotate_absolute__struct.h
[1.672s] -- Up-to-date: /home/lincunha/lab01/install/turtlesim/include/turtlesim/turtlesim/action/detail/rotate_absolute__functions.c
[1.673s] -- Up-to-date: /home/lincunha/lab01/install/turtlesim/include/turtlesim/turtlesim/action/detail/rotate_absolute__type_support.h
[1.673s] -- Up-to-date: /home/lincunha/lab01/install/turtlesim/include/turtlesim/turtlesim/action/rotate_absolute.h
[1.673s] -- Up-to-date: /home/lincunha/lab01/install/turtlesim/include/turtlesim/turtlesim/srv
[1.674s] -- Up-to-date: /home/lincunha/lab01/install/turtlesim/include/turtlesim/turtlesim/srv/teleport_relative.h
[1.674s] -- Up-to-date: /home/lincunha/lab01/install/turtlesim/include/turtlesim/turtlesim/srv/detail
[1.674s] -- Up-to-date: /home/lincunha/lab01/install/turtlesim/include/turtlesim/turtlesim/srv/detail/set_pen__functions.h
[1.675s] -- Up-to-date: /home/lincunha/lab01/install/turtlesim/include/turtlesim/turtlesim/srv/detail/set_pen__type_support.h
[1.675s] -- Up-to-date: /home/lincunha/lab01/install/turtlesim/include/turtlesim/turtlesim/srv/detail/kill__functions.c
[1.675s] -- Up-to-date: /home/lincunha/lab01/install/turtlesim/include/turtlesim/turtlesim/srv/detail/teleport_relative__type_support.h
[1.676s] -- Up-to-date: /home/lincunha/lab01/install/turtlesim/include/turtlesim/turtlesim/srv/detail/kill__functions.h
[1.676s] -- Up-to-date: /home/lincunha/lab01/install/turtlesim/include/turtlesim/turtlesim/srv/detail/spawn__functions.c
[1.676s] -- Up-to-date: /home/lincunha/lab01/install/turtlesim/include/turtlesim/turtlesim/srv/detail/set_pen__functions.c
[1.677s] -- Up-to-date: /home/lincunha/lab01/install/turtlesim/include/turtlesim/turtlesim/srv/detail/teleport_relative__struct.h
[1.677s] -- Up-to-date: /home/lincunha/lab01/install/turtlesim/include/turtlesim/turtlesim/srv/detail/spawn__struct.h
[1.678s] -- Up-to-date: /home/lincunha/lab01/install/turtlesim/include/turtlesim/turtlesim/srv/detail/teleport_absolute__type_support.h
[1.679s] -- Up-to-date: /home/lincunha/lab01/install/turtlesim/include/turtlesim/turtlesim/srv/detail/teleport_absolute__functions.h
[1.679s] -- Up-to-date: /home/lincunha/lab01/install/turtlesim/include/turtlesim/turtlesim/srv/detail/teleport_relative__functions.h
[1.680s] -- Up-to-date: /home/lincunha/lab01/install/turtlesim/include/turtlesim/turtlesim/srv/detail/spawn__type_support.h
[1.681s] -- Up-to-date: /home/lincunha/lab01/install/turtlesim/include/turtlesim/turtlesim/srv/detail/kill__type_support.h
[1.682s] -- Up-to-date: /home/lincunha/lab01/install/turtlesim/include/turtlesim/turtlesim/srv/detail/set_pen__struct.h
[1.682s] -- Up-to-date: /home/lincunha/lab01/install/turtlesim/include/turtlesim/turtlesim/srv/detail/teleport_absolute__functions.c
[1.682s] -- Up-to-date: /home/lincunha/lab01/install/turtlesim/include/turtlesim/turtlesim/srv/detail/teleport_relative__functions.c
[1.682s] -- Up-to-date: /home/lincunha/lab01/install/turtlesim/include/turtlesim/turtlesim/srv/detail/kill__struct.h
[1.683s] -- Up-to-date: /home/lincunha/lab01/install/turtlesim/include/turtlesim/turtlesim/srv/detail/spawn__functions.h
[1.683s] -- Up-to-date: /home/lincunha/lab01/install/turtlesim/include/turtlesim/turtlesim/srv/detail/teleport_absolute__struct.h
[1.684s] -- Up-to-date: /home/lincunha/lab01/install/turtlesim/include/turtlesim/turtlesim/srv/kill.h
[1.684s] -- Up-to-date: /home/lincunha/lab01/install/turtlesim/include/turtlesim/turtlesim/srv/spawn.h
[1.685s] -- Up-to-date: /home/lincunha/lab01/install/turtlesim/include/turtlesim/turtlesim/srv/teleport_absolute.h
[1.685s] -- Up-to-date: /home/lincunha/lab01/install/turtlesim/include/turtlesim/turtlesim/srv/set_pen.h
[1.686s] -- Up-to-date: /home/lincunha/lab01/install/turtlesim/include/turtlesim/turtlesim/msg
[1.686s] -- Up-to-date: /home/lincunha/lab01/install/turtlesim/include/turtlesim/turtlesim/msg/color.h
[1.687s] -- Up-to-date: /home/lincunha/lab01/install/turtlesim/include/turtlesim/turtlesim/msg/rosidl_generator_c__visibility_control.h
[1.687s] -- Up-to-date: /home/lincunha/lab01/install/turtlesim/include/turtlesim/turtlesim/msg/detail
[1.687s] -- Up-to-date: /home/lincunha/lab01/install/turtlesim/include/turtlesim/turtlesim/msg/detail/color__struct.h
[1.688s] -- Up-to-date: /home/lincunha/lab01/install/turtlesim/include/turtlesim/turtlesim/msg/detail/color__type_support.h
[1.688s] -- Up-to-date: /home/lincunha/lab01/install/turtlesim/include/turtlesim/turtlesim/msg/detail/color__functions.c
[1.688s] -- Up-to-date: /home/lincunha/lab01/install/turtlesim/include/turtlesim/turtlesim/msg/detail/color__functions.h
[1.689s] -- Up-to-date: /home/lincunha/lab01/install/turtlesim/include/turtlesim/turtlesim/msg/detail/pose__struct.h
[1.689s] -- Up-to-date: /home/lincunha/lab01/install/turtlesim/include/turtlesim/turtlesim/msg/detail/pose__functions.h
[1.689s] -- Up-to-date: /home/lincunha/lab01/install/turtlesim/include/turtlesim/turtlesim/msg/detail/pose__type_support.h
[1.690s] -- Up-to-date: /home/lincunha/lab01/install/turtlesim/include/turtlesim/turtlesim/msg/detail/pose__functions.c
[1.690s] -- Up-to-date: /home/lincunha/lab01/install/turtlesim/include/turtlesim/turtlesim/msg/pose.h
[1.690s] -- Up-to-date: /home/lincunha/lab01/install/turtlesim/share/turtlesim/environment/library_path.sh
[1.691s] -- Up-to-date: /home/lincunha/lab01/install/turtlesim/share/turtlesim/environment/library_path.dsv
[1.691s] -- Up-to-date: /home/lincunha/lab01/install/turtlesim/lib/libturtlesim__rosidl_generator_c.so
[1.692s] -- Up-to-date: /home/lincunha/lab01/install/turtlesim/include/turtlesim/turtlesim
[1.692s] -- Up-to-date: /home/lincunha/lab01/install/turtlesim/include/turtlesim/turtlesim/action
[1.692s] -- Up-to-date: /home/lincunha/lab01/install/turtlesim/include/turtlesim/turtlesim/action/detail
[1.693s] -- Up-to-date: /home/lincunha/lab01/install/turtlesim/include/turtlesim/turtlesim/action/detail/rotate_absolute__rosidl_typesupport_fastrtps_c.h
[1.694s] -- Up-to-date: /home/lincunha/lab01/install/turtlesim/include/turtlesim/turtlesim/srv
[1.694s] -- Up-to-date: /home/lincunha/lab01/install/turtlesim/include/turtlesim/turtlesim/srv/detail
[1.695s] -- Up-to-date: /home/lincunha/lab01/install/turtlesim/include/turtlesim/turtlesim/srv/detail/teleport_relative__rosidl_typesupport_fastrtps_c.h
[1.695s] -- Up-to-date: /home/lincunha/lab01/install/turtlesim/include/turtlesim/turtlesim/srv/detail/kill__rosidl_typesupport_fastrtps_c.h
[1.695s] -- Up-to-date: /home/lincunha/lab01/install/turtlesim/include/turtlesim/turtlesim/srv/detail/spawn__rosidl_typesupport_fastrtps_c.h
[1.695s] -- Up-to-date: /home/lincunha/lab01/install/turtlesim/include/turtlesim/turtlesim/srv/detail/teleport_absolute__rosidl_typesupport_fastrtps_c.h
[1.695s] -- Up-to-date: /home/lincunha/lab01/install/turtlesim/include/turtlesim/turtlesim/srv/detail/set_pen__rosidl_typesupport_fastrtps_c.h
[1.695s] -- Up-to-date: /home/lincunha/lab01/install/turtlesim/include/turtlesim/turtlesim/msg
[1.695s] -- Up-to-date: /home/lincunha/lab01/install/turtlesim/include/turtlesim/turtlesim/msg/detail
[1.695s] -- Up-to-date: /home/lincunha/lab01/install/turtlesim/include/turtlesim/turtlesim/msg/detail/pose__rosidl_typesupport_fastrtps_c.h
[1.695s] -- Up-to-date: /home/lincunha/lab01/install/turtlesim/include/turtlesim/turtlesim/msg/detail/color__rosidl_typesupport_fastrtps_c.h
[1.696s] -- Up-to-date: /home/lincunha/lab01/install/turtlesim/include/turtlesim/turtlesim/msg/rosidl_typesupport_fastrtps_c__visibility_control.h
[1.696s] -- Up-to-date: /home/lincunha/lab01/install/turtlesim/lib/libturtlesim__rosidl_typesupport_fastrtps_c.so
[1.696s] -- Up-to-date: /home/lincunha/lab01/install/turtlesim/include/turtlesim/turtlesim
[1.696s] -- Up-to-date: /home/lincunha/lab01/install/turtlesim/include/turtlesim/turtlesim/action
[1.696s] -- Up-to-date: /home/lincunha/lab01/install/turtlesim/include/turtlesim/turtlesim/action/detail
[1.696s] -- Up-to-date: /home/lincunha/lab01/install/turtlesim/include/turtlesim/turtlesim/action/detail/rotate_absolute__traits.hpp
[1.696s] -- Up-to-date: /home/lincunha/lab01/install/turtlesim/include/turtlesim/turtlesim/action/detail/rotate_absolute__builder.hpp
[1.696s] -- Up-to-date: /home/lincunha/lab01/install/turtlesim/include/turtlesim/turtlesim/action/detail/rotate_absolute__struct.hpp
[1.696s] -- Up-to-date: /home/lincunha/lab01/install/turtlesim/include/turtlesim/turtlesim/action/rotate_absolute.hpp
[1.696s] -- Up-to-date: /home/lincunha/lab01/install/turtlesim/include/turtlesim/turtlesim/srv
[1.696s] -- Up-to-date: /home/lincunha/lab01/install/turtlesim/include/turtlesim/turtlesim/srv/detail
[1.696s] -- Up-to-date: /home/lincunha/lab01/install/turtlesim/include/turtlesim/turtlesim/srv/detail/kill__traits.hpp
[1.697s] -- Up-to-date: /home/lincunha/lab01/install/turtlesim/include/turtlesim/turtlesim/srv/detail/set_pen__traits.hpp
[1.697s] -- Up-to-date: /home/lincunha/lab01/install/turtlesim/include/turtlesim/turtlesim/srv/detail/teleport_absolute__builder.hpp
[1.697s] -- Up-to-date: /home/lincunha/lab01/install/turtlesim/include/turtlesim/turtlesim/srv/detail/kill__builder.hpp
[1.697s] -- Up-to-date: /home/lincunha/lab01/install/turtlesim/include/turtlesim/turtlesim/srv/detail/set_pen__struct.hpp
[1.697s] -- Up-to-date: /home/lincunha/lab01/install/turtlesim/include/turtlesim/turtlesim/srv/detail/teleport_relative__struct.hpp
[1.697s] -- Up-to-date: /home/lincunha/lab01/install/turtlesim/include/turtlesim/turtlesim/srv/detail/spawn__builder.hpp
[1.697s] -- Up-to-date: /home/lincunha/lab01/install/turtlesim/include/turtlesim/turtlesim/srv/detail/spawn__traits.hpp
[1.697s] -- Up-to-date: /home/lincunha/lab01/install/turtlesim/include/turtlesim/turtlesim/srv/detail/spawn__struct.hpp
[1.698s] -- Up-to-date: /home/lincunha/lab01/install/turtlesim/include/turtlesim/turtlesim/srv/detail/kill__struct.hpp
[1.698s] -- Up-to-date: /home/lincunha/lab01/install/turtlesim/include/turtlesim/turtlesim/srv/detail/teleport_absolute__struct.hpp
[1.698s] -- Up-to-date: /home/lincunha/lab01/install/turtlesim/include/turtlesim/turtlesim/srv/detail/teleport_relative__builder.hpp
[1.698s] -- Up-to-date: /home/lincunha/lab01/install/turtlesim/include/turtlesim/turtlesim/srv/detail/teleport_relative__traits.hpp
[1.698s] -- Up-to-date: /home/lincunha/lab01/install/turtlesim/include/turtlesim/turtlesim/srv/detail/set_pen__builder.hpp
[1.698s] -- Up-to-date: /home/lincunha/lab01/install/turtlesim/include/turtlesim/turtlesim/srv/detail/teleport_absolute__traits.hpp
[1.699s] -- Up-to-date: /home/lincunha/lab01/install/turtlesim/include/turtlesim/turtlesim/srv/teleport_relative.hpp
[1.699s] -- Up-to-date: /home/lincunha/lab01/install/turtlesim/include/turtlesim/turtlesim/srv/spawn.hpp
[1.699s] -- Up-to-date: /home/lincunha/lab01/install/turtlesim/include/turtlesim/turtlesim/srv/set_pen.hpp
[1.699s] -- Up-to-date: /home/lincunha/lab01/install/turtlesim/include/turtlesim/turtlesim/srv/kill.hpp
[1.699s] -- Up-to-date: /home/lincunha/lab01/install/turtlesim/include/turtlesim/turtlesim/srv/teleport_absolute.hpp
[1.699s] -- Up-to-date: /home/lincunha/lab01/install/turtlesim/include/turtlesim/turtlesim/msg
[1.700s] -- Up-to-date: /home/lincunha/lab01/install/turtlesim/include/turtlesim/turtlesim/msg/detail
[1.700s] -- Up-to-date: /home/lincunha/lab01/install/turtlesim/include/turtlesim/turtlesim/msg/detail/pose__builder.hpp
[1.701s] -- Up-to-date: /home/lincunha/lab01/install/turtlesim/include/turtlesim/turtlesim/msg/detail/color__builder.hpp
[1.701s] -- Up-to-date: /home/lincunha/lab01/install/turtlesim/include/turtlesim/turtlesim/msg/detail/pose__traits.hpp
[1.701s] -- Up-to-date: /home/lincunha/lab01/install/turtlesim/include/turtlesim/turtlesim/msg/detail/color__struct.hpp
[1.701s] -- Up-to-date: /home/lincunha/lab01/install/turtlesim/include/turtlesim/turtlesim/msg/detail/pose__struct.hpp
[1.701s] -- Up-to-date: /home/lincunha/lab01/install/turtlesim/include/turtlesim/turtlesim/msg/detail/color__traits.hpp
[1.701s] -- Up-to-date: /home/lincunha/lab01/install/turtlesim/include/turtlesim/turtlesim/msg/color.hpp
[1.702s] -- Up-to-date: /home/lincunha/lab01/install/turtlesim/include/turtlesim/turtlesim/msg/pose.hpp
[1.702s] -- Up-to-date: /home/lincunha/lab01/install/turtlesim/include/turtlesim/turtlesim
[1.703s] -- Up-to-date: /home/lincunha/lab01/install/turtlesim/include/turtlesim/turtlesim/action
[1.703s] -- Up-to-date: /home/lincunha/lab01/install/turtlesim/include/turtlesim/turtlesim/action/detail
[1.703s] -- Up-to-date: /home/lincunha/lab01/install/turtlesim/include/turtlesim/turtlesim/action/detail/dds_fastrtps
[1.703s] -- Up-to-date: /home/lincunha/lab01/install/turtlesim/include/turtlesim/turtlesim/action/detail/rotate_absolute__rosidl_typesupport_fastrtps_cpp.hpp
[1.703s] -- Up-to-date: /home/lincunha/lab01/install/turtlesim/include/turtlesim/turtlesim/srv
[1.704s] -- Up-to-date: /home/lincunha/lab01/install/turtlesim/include/turtlesim/turtlesim/srv/detail
[1.704s] -- Up-to-date: /home/lincunha/lab01/install/turtlesim/include/turtlesim/turtlesim/srv/detail/teleport_absolute__rosidl_typesupport_fastrtps_cpp.hpp
[1.704s] -- Up-to-date: /home/lincunha/lab01/install/turtlesim/include/turtlesim/turtlesim/srv/detail/kill__rosidl_typesupport_fastrtps_cpp.hpp
[1.704s] -- Up-to-date: /home/lincunha/lab01/install/turtlesim/include/turtlesim/turtlesim/srv/detail/teleport_relative__rosidl_typesupport_fastrtps_cpp.hpp
[1.704s] -- Up-to-date: /home/lincunha/lab01/install/turtlesim/include/turtlesim/turtlesim/srv/detail/dds_fastrtps
[1.704s] -- Up-to-date: /home/lincunha/lab01/install/turtlesim/include/turtlesim/turtlesim/srv/detail/set_pen__rosidl_typesupport_fastrtps_cpp.hpp
[1.705s] -- Up-to-date: /home/lincunha/lab01/install/turtlesim/include/turtlesim/turtlesim/srv/detail/spawn__rosidl_typesupport_fastrtps_cpp.hpp
[1.705s] -- Up-to-date: /home/lincunha/lab01/install/turtlesim/include/turtlesim/turtlesim/msg
[1.705s] -- Up-to-date: /home/lincunha/lab01/install/turtlesim/include/turtlesim/turtlesim/msg/detail
[1.705s] -- Up-to-date: /home/lincunha/lab01/install/turtlesim/include/turtlesim/turtlesim/msg/detail/pose__rosidl_typesupport_fastrtps_cpp.hpp
[1.705s] -- Up-to-date: /home/lincunha/lab01/install/turtlesim/include/turtlesim/turtlesim/msg/detail/color__rosidl_typesupport_fastrtps_cpp.hpp
[1.705s] -- Up-to-date: /home/lincunha/lab01/install/turtlesim/include/turtlesim/turtlesim/msg/detail/dds_fastrtps
[1.705s] -- Up-to-date: /home/lincunha/lab01/install/turtlesim/include/turtlesim/turtlesim/msg/rosidl_typesupport_fastrtps_cpp__visibility_control.h
[1.705s] -- Up-to-date: /home/lincunha/lab01/install/turtlesim/lib/libturtlesim__rosidl_typesupport_fastrtps_cpp.so
[1.705s] -- Up-to-date: /home/lincunha/lab01/install/turtlesim/include/turtlesim/turtlesim
[1.705s] -- Up-to-date: /home/lincunha/lab01/install/turtlesim/include/turtlesim/turtlesim/action
[1.705s] -- Up-to-date: /home/lincunha/lab01/install/turtlesim/include/turtlesim/turtlesim/action/detail
[1.706s] -- Up-to-date: /home/lincunha/lab01/install/turtlesim/include/turtlesim/turtlesim/action/detail/rotate_absolute__type_support.c
[1.706s] -- Up-to-date: /home/lincunha/lab01/install/turtlesim/include/turtlesim/turtlesim/action/detail/rotate_absolute__rosidl_typesupport_introspection_c.h
[1.706s] -- Up-to-date: /home/lincunha/lab01/install/turtlesim/include/turtlesim/turtlesim/srv
[1.706s] -- Up-to-date: /home/lincunha/lab01/install/turtlesim/include/turtlesim/turtlesim/srv/detail
[1.706s] -- Up-to-date: /home/lincunha/lab01/install/turtlesim/include/turtlesim/turtlesim/srv/detail/teleport_absolute__rosidl_typesupport_introspection_c.h
[1.706s] -- Up-to-date: /home/lincunha/lab01/install/turtlesim/include/turtlesim/turtlesim/srv/detail/kill__rosidl_typesupport_introspection_c.h
[1.706s] -- Up-to-date: /home/lincunha/lab01/install/turtlesim/include/turtlesim/turtlesim/srv/detail/spawn__type_support.c
[1.706s] -- Up-to-date: /home/lincunha/lab01/install/turtlesim/include/turtlesim/turtlesim/srv/detail/set_pen__type_support.c
[1.706s] -- Up-to-date: /home/lincunha/lab01/install/turtlesim/include/turtlesim/turtlesim/srv/detail/spawn__rosidl_typesupport_introspection_c.h
[1.706s] -- Up-to-date: /home/lincunha/lab01/install/turtlesim/include/turtlesim/turtlesim/srv/detail/teleport_absolute__type_support.c
[1.707s] -- Up-to-date: /home/lincunha/lab01/install/turtlesim/include/turtlesim/turtlesim/srv/detail/teleport_relative__type_support.c
[1.707s] -- Up-to-date: /home/lincunha/lab01/install/turtlesim/include/turtlesim/turtlesim/srv/detail/kill__type_support.c
[1.707s] -- Up-to-date: /home/lincunha/lab01/install/turtlesim/include/turtlesim/turtlesim/srv/detail/teleport_relative__rosidl_typesupport_introspection_c.h
[1.707s] -- Up-to-date: /home/lincunha/lab01/install/turtlesim/include/turtlesim/turtlesim/srv/detail/set_pen__rosidl_typesupport_introspection_c.h
[1.707s] -- Up-to-date: /home/lincunha/lab01/install/turtlesim/include/turtlesim/turtlesim/msg
[1.707s] -- Up-to-date: /home/lincunha/lab01/install/turtlesim/include/turtlesim/turtlesim/msg/detail
[1.707s] -- Up-to-date: /home/lincunha/lab01/install/turtlesim/include/turtlesim/turtlesim/msg/detail/color__type_support.c
[1.707s] -- Up-to-date: /home/lincunha/lab01/install/turtlesim/include/turtlesim/turtlesim/msg/detail/color__rosidl_typesupport_introspection_c.h
[1.707s] -- Up-to-date: /home/lincunha/lab01/install/turtlesim/include/turtlesim/turtlesim/msg/detail/pose__type_support.c
[1.707s] -- Up-to-date: /home/lincunha/lab01/install/turtlesim/include/turtlesim/turtlesim/msg/detail/pose__rosidl_typesupport_introspection_c.h
[1.707s] -- Up-to-date: /home/lincunha/lab01/install/turtlesim/include/turtlesim/turtlesim/msg/rosidl_typesupport_introspection_c__visibility_control.h
[1.708s] -- Up-to-date: /home/lincunha/lab01/install/turtlesim/lib/libturtlesim__rosidl_typesupport_introspection_c.so
[1.708s] -- Up-to-date: /home/lincunha/lab01/install/turtlesim/lib/libturtlesim__rosidl_typesupport_c.so
[1.708s] -- Up-to-date: /home/lincunha/lab01/install/turtlesim/include/turtlesim/turtlesim
[1.708s] -- Up-to-date: /home/lincunha/lab01/install/turtlesim/include/turtlesim/turtlesim/action
[1.708s] -- Up-to-date: /home/lincunha/lab01/install/turtlesim/include/turtlesim/turtlesim/action/detail
[1.708s] -- Up-to-date: /home/lincunha/lab01/install/turtlesim/include/turtlesim/turtlesim/action/detail/rotate_absolute__type_support.cpp
[1.708s] -- Up-to-date: /home/lincunha/lab01/install/turtlesim/include/turtlesim/turtlesim/action/detail/rotate_absolute__rosidl_typesupport_introspection_cpp.hpp
[1.708s] -- Up-to-date: /home/lincunha/lab01/install/turtlesim/include/turtlesim/turtlesim/srv
[1.708s] -- Up-to-date: /home/lincunha/lab01/install/turtlesim/include/turtlesim/turtlesim/srv/detail
[1.708s] -- Up-to-date: /home/lincunha/lab01/install/turtlesim/include/turtlesim/turtlesim/srv/detail/set_pen__rosidl_typesupport_introspection_cpp.hpp
[1.708s] -- Up-to-date: /home/lincunha/lab01/install/turtlesim/include/turtlesim/turtlesim/srv/detail/kill__rosidl_typesupport_introspection_cpp.hpp
[1.709s] -- Up-to-date: /home/lincunha/lab01/install/turtlesim/include/turtlesim/turtlesim/srv/detail/teleport_relative__rosidl_typesupport_introspection_cpp.hpp
[1.709s] -- Up-to-date: /home/lincunha/lab01/install/turtlesim/include/turtlesim/turtlesim/srv/detail/kill__type_support.cpp
[1.709s] -- Up-to-date: /home/lincunha/lab01/install/turtlesim/include/turtlesim/turtlesim/srv/detail/set_pen__type_support.cpp
[1.709s] -- Up-to-date: /home/lincunha/lab01/install/turtlesim/include/turtlesim/turtlesim/srv/detail/teleport_relative__type_support.cpp
[1.709s] -- Up-to-date: /home/lincunha/lab01/install/turtlesim/include/turtlesim/turtlesim/srv/detail/teleport_absolute__type_support.cpp
[1.709s] -- Up-to-date: /home/lincunha/lab01/install/turtlesim/include/turtlesim/turtlesim/srv/detail/spawn__type_support.cpp
[1.709s] -- Up-to-date: /home/lincunha/lab01/install/turtlesim/include/turtlesim/turtlesim/srv/detail/teleport_absolute__rosidl_typesupport_introspection_cpp.hpp
[1.709s] -- Up-to-date: /home/lincunha/lab01/install/turtlesim/include/turtlesim/turtlesim/srv/detail/spawn__rosidl_typesupport_introspection_cpp.hpp
[1.709s] -- Up-to-date: /home/lincunha/lab01/install/turtlesim/include/turtlesim/turtlesim/msg
[1.709s] -- Up-to-date: /home/lincunha/lab01/install/turtlesim/include/turtlesim/turtlesim/msg/detail
[1.709s] -- Up-to-date: /home/lincunha/lab01/install/turtlesim/include/turtlesim/turtlesim/msg/detail/pose__rosidl_typesupport_introspection_cpp.hpp
[1.710s] -- Up-to-date: /home/lincunha/lab01/install/turtlesim/include/turtlesim/turtlesim/msg/detail/color__type_support.cpp
[1.710s] -- Up-to-date: /home/lincunha/lab01/install/turtlesim/include/turtlesim/turtlesim/msg/detail/color__rosidl_typesupport_introspection_cpp.hpp
[1.710s] -- Up-to-date: /home/lincunha/lab01/install/turtlesim/include/turtlesim/turtlesim/msg/detail/pose__type_support.cpp
[1.710s] -- Up-to-date: /home/lincunha/lab01/install/turtlesim/lib/libturtlesim__rosidl_typesupport_introspection_cpp.so
[1.710s] -- Up-to-date: /home/lincunha/lab01/install/turtlesim/lib/libturtlesim__rosidl_typesupport_cpp.so
[1.710s] -- Up-to-date: /home/lincunha/lab01/install/turtlesim/share/turtlesim/environment/pythonpath.sh
[1.710s] -- Up-to-date: /home/lincunha/lab01/install/turtlesim/share/turtlesim/environment/pythonpath.dsv
[1.710s] -- Up-to-date: /home/lincunha/lab01/install/turtlesim/local/lib/python3.10/dist-packages/turtlesim-1.4.2-py3.10.egg-info
[1.711s] -- Installing: /home/lincunha/lab01/install/turtlesim/local/lib/python3.10/dist-packages/turtlesim-1.4.2-py3.10.egg-info/dependency_links.txt
[1.711s] -- Installing: /home/lincunha/lab01/install/turtlesim/local/lib/python3.10/dist-packages/turtlesim-1.4.2-py3.10.egg-info/top_level.txt
[1.711s] -- Installing: /home/lincunha/lab01/install/turtlesim/local/lib/python3.10/dist-packages/turtlesim-1.4.2-py3.10.egg-info/SOURCES.txt
[1.711s] -- Installing: /home/lincunha/lab01/install/turtlesim/local/lib/python3.10/dist-packages/turtlesim-1.4.2-py3.10.egg-info/PKG-INFO
[1.711s] -- Up-to-date: /home/lincunha/lab01/install/turtlesim/local/lib/python3.10/dist-packages/turtlesim
[1.711s] -- Up-to-date: /home/lincunha/lab01/install/turtlesim/local/lib/python3.10/dist-packages/turtlesim/_turtlesim_s.ep.rosidl_typesupport_c.c
[1.711s] -- Up-to-date: /home/lincunha/lab01/install/turtlesim/local/lib/python3.10/dist-packages/turtlesim/turtlesim_s__rosidl_typesupport_fastrtps_c.cpython-310-x86_64-linux-gnu.so
[1.712s] -- Up-to-date: /home/lincunha/lab01/install/turtlesim/local/lib/python3.10/dist-packages/turtlesim/action
[1.712s] -- Up-to-date: /home/lincunha/lab01/install/turtlesim/local/lib/python3.10/dist-packages/turtlesim/action/_rotate_absolute_s.c
[1.712s] -- Up-to-date: /home/lincunha/lab01/install/turtlesim/local/lib/python3.10/dist-packages/turtlesim/action/_rotate_absolute.py
[1.712s] -- Up-to-date: /home/lincunha/lab01/install/turtlesim/local/lib/python3.10/dist-packages/turtlesim/action/__init__.py
[1.712s] -- Up-to-date: /home/lincunha/lab01/install/turtlesim/local/lib/python3.10/dist-packages/turtlesim/srv
[1.712s] -- Up-to-date: /home/lincunha/lab01/install/turtlesim/local/lib/python3.10/dist-packages/turtlesim/srv/_kill.py
[1.712s] -- Up-to-date: /home/lincunha/lab01/install/turtlesim/local/lib/python3.10/dist-packages/turtlesim/srv/_spawn.py
[1.712s] -- Up-to-date: /home/lincunha/lab01/install/turtlesim/local/lib/python3.10/dist-packages/turtlesim/srv/_set_pen.py
[1.712s] -- Up-to-date: /home/lincunha/lab01/install/turtlesim/local/lib/python3.10/dist-packages/turtlesim/srv/_teleport_absolute_s.c
[1.712s] -- Up-to-date: /home/lincunha/lab01/install/turtlesim/local/lib/python3.10/dist-packages/turtlesim/srv/_set_pen_s.c
[1.712s] -- Up-to-date: /home/lincunha/lab01/install/turtlesim/local/lib/python3.10/dist-packages/turtlesim/srv/__init__.py
[1.713s] -- Up-to-date: /home/lincunha/lab01/install/turtlesim/local/lib/python3.10/dist-packages/turtlesim/srv/_teleport_absolute.py
[1.713s] -- Up-to-date: /home/lincunha/lab01/install/turtlesim/local/lib/python3.10/dist-packages/turtlesim/srv/_kill_s.c
[1.713s] -- Up-to-date: /home/lincunha/lab01/install/turtlesim/local/lib/python3.10/dist-packages/turtlesim/srv/_teleport_relative.py
[1.713s] -- Up-to-date: /home/lincunha/lab01/install/turtlesim/local/lib/python3.10/dist-packages/turtlesim/srv/_spawn_s.c
[1.713s] -- Up-to-date: /home/lincunha/lab01/install/turtlesim/local/lib/python3.10/dist-packages/turtlesim/srv/_teleport_relative_s.c
[1.713s] -- Up-to-date: /home/lincunha/lab01/install/turtlesim/local/lib/python3.10/dist-packages/turtlesim/libturtlesim__rosidl_generator_py.so
[1.713s] -- Up-to-date: /home/lincunha/lab01/install/turtlesim/local/lib/python3.10/dist-packages/turtlesim/_turtlesim_s.ep.rosidl_typesupport_introspection_c.c
[1.713s] -- Up-to-date: /home/lincunha/lab01/install/turtlesim/local/lib/python3.10/dist-packages/turtlesim/turtlesim_s__rosidl_typesupport_introspection_c.cpython-310-x86_64-linux-gnu.so
[1.713s] -- Up-to-date: /home/lincunha/lab01/install/turtlesim/local/lib/python3.10/dist-packages/turtlesim/_turtlesim_s.ep.rosidl_typesupport_fastrtps_c.c
[1.713s] -- Up-to-date: /home/lincunha/lab01/install/turtlesim/local/lib/python3.10/dist-packages/turtlesim/__init__.py
[1.714s] -- Up-to-date: /home/lincunha/lab01/install/turtlesim/local/lib/python3.10/dist-packages/turtlesim/turtlesim_s__rosidl_typesupport_c.cpython-310-x86_64-linux-gnu.so
[1.714s] -- Up-to-date: /home/lincunha/lab01/install/turtlesim/local/lib/python3.10/dist-packages/turtlesim/msg
[1.714s] -- Up-to-date: /home/lincunha/lab01/install/turtlesim/local/lib/python3.10/dist-packages/turtlesim/msg/_pose.py
[1.714s] -- Up-to-date: /home/lincunha/lab01/install/turtlesim/local/lib/python3.10/dist-packages/turtlesim/msg/_pose_s.c
[1.714s] -- Up-to-date: /home/lincunha/lab01/install/turtlesim/local/lib/python3.10/dist-packages/turtlesim/msg/_color_s.c
[1.714s] -- Up-to-date: /home/lincunha/lab01/install/turtlesim/local/lib/python3.10/dist-packages/turtlesim/msg/__init__.py
[1.714s] -- Up-to-date: /home/lincunha/lab01/install/turtlesim/local/lib/python3.10/dist-packages/turtlesim/msg/_color.py
[1.750s] Listing '/home/lincunha/lab01/install/turtlesim/local/lib/python3.10/dist-packages/turtlesim'...
[1.751s] Listing '/home/lincunha/lab01/install/turtlesim/local/lib/python3.10/dist-packages/turtlesim/action'...
[1.751s] Listing '/home/lincunha/lab01/install/turtlesim/local/lib/python3.10/dist-packages/turtlesim/msg'...
[1.751s] Listing '/home/lincunha/lab01/install/turtlesim/local/lib/python3.10/dist-packages/turtlesim/srv'...
[1.759s] -- Up-to-date: /home/lincunha/lab01/install/turtlesim/local/lib/python3.10/dist-packages/turtlesim/turtlesim_s__rosidl_typesupport_fastrtps_c.cpython-310-x86_64-linux-gnu.so
[1.760s] -- Up-to-date: /home/lincunha/lab01/install/turtlesim/local/lib/python3.10/dist-packages/turtlesim/turtlesim_s__rosidl_typesupport_introspection_c.cpython-310-x86_64-linux-gnu.so
[1.761s] -- Up-to-date: /home/lincunha/lab01/install/turtlesim/local/lib/python3.10/dist-packages/turtlesim/turtlesim_s__rosidl_typesupport_c.cpython-310-x86_64-linux-gnu.so
[1.762s] -- Up-to-date: /home/lincunha/lab01/install/turtlesim/lib/libturtlesim__rosidl_generator_py.so
[1.763s] -- Up-to-date: /home/lincunha/lab01/install/turtlesim/share/turtlesim/action/RotateAbsolute.idl
[1.764s] -- Up-to-date: /home/lincunha/lab01/install/turtlesim/share/turtlesim/msg/Color.idl
[1.764s] -- Up-to-date: /home/lincunha/lab01/install/turtlesim/share/turtlesim/msg/Pose.idl
[1.765s] -- Up-to-date: /home/lincunha/lab01/install/turtlesim/share/turtlesim/srv/Kill.idl
[1.765s] -- Up-to-date: /home/lincunha/lab01/install/turtlesim/share/turtlesim/srv/SetPen.idl
[1.765s] -- Up-to-date: /home/lincunha/lab01/install/turtlesim/share/turtlesim/srv/Spawn.idl
[1.766s] -- Up-to-date: /home/lincunha/lab01/install/turtlesim/share/turtlesim/srv/TeleportAbsolute.idl
[1.766s] -- Up-to-date: /home/lincunha/lab01/install/turtlesim/share/turtlesim/srv/TeleportRelative.idl
[1.767s] -- Up-to-date: /home/lincunha/lab01/install/turtlesim/share/turtlesim/action/RotateAbsolute.action
[1.767s] -- Up-to-date: /home/lincunha/lab01/install/turtlesim/share/turtlesim/msg/Color.msg
[1.767s] -- Up-to-date: /home/lincunha/lab01/install/turtlesim/share/turtlesim/msg/Pose.msg
[1.768s] -- Up-to-date: /home/lincunha/lab01/install/turtlesim/share/turtlesim/srv/Kill.srv
[1.768s] -- Up-to-date: /home/lincunha/lab01/install/turtlesim/share/turtlesim/srv/Kill_Request.msg
[1.768s] -- Up-to-date: /home/lincunha/lab01/install/turtlesim/share/turtlesim/srv/Kill_Response.msg
[1.768s] -- Up-to-date: /home/lincunha/lab01/install/turtlesim/share/turtlesim/srv/SetPen.srv
[1.768s] -- Up-to-date: /home/lincunha/lab01/install/turtlesim/share/turtlesim/srv/SetPen_Request.msg
[1.768s] -- Up-to-date: /home/lincunha/lab01/install/turtlesim/share/turtlesim/srv/SetPen_Response.msg
[1.769s] -- Up-to-date: /home/lincunha/lab01/install/turtlesim/share/turtlesim/srv/Spawn.srv
[1.769s] -- Up-to-date: /home/lincunha/lab01/install/turtlesim/share/turtlesim/srv/Spawn_Request.msg
[1.769s] -- Up-to-date: /home/lincunha/lab01/install/turtlesim/share/turtlesim/srv/Spawn_Response.msg
[1.769s] -- Up-to-date: /home/lincunha/lab01/install/turtlesim/share/turtlesim/srv/TeleportAbsolute.srv
[1.770s] -- Up-to-date: /home/lincunha/lab01/install/turtlesim/share/turtlesim/srv/TeleportAbsolute_Request.msg
[1.770s] -- Up-to-date: /home/lincunha/lab01/install/turtlesim/share/turtlesim/srv/TeleportAbsolute_Response.msg
[1.771s] -- Up-to-date: /home/lincunha/lab01/install/turtlesim/share/turtlesim/srv/TeleportRelative.srv
[1.771s] -- Up-to-date: /home/lincunha/lab01/install/turtlesim/share/turtlesim/srv/TeleportRelative_Request.msg
[1.771s] -- Up-to-date: /home/lincunha/lab01/install/turtlesim/share/turtlesim/srv/TeleportRelative_Response.msg
[1.772s] -- Up-to-date: /home/lincunha/lab01/install/turtlesim/lib/turtlesim/turtlesim_node
[1.772s] -- Up-to-date: /home/lincunha/lab01/install/turtlesim/lib/turtlesim/turtle_teleop_key
[1.773s] -- Up-to-date: /home/lincunha/lab01/install/turtlesim/lib/turtlesim/draw_square
[1.773s] -- Up-to-date: /home/lincunha/lab01/install/turtlesim/lib/turtlesim/mimic
[1.773s] -- Up-to-date: /home/lincunha/lab01/install/turtlesim/share/turtlesim/images
[1.774s] -- Up-to-date: /home/lincunha/lab01/install/turtlesim/share/turtlesim/images/galactic.png
[1.774s] -- Up-to-date: /home/lincunha/lab01/install/turtlesim/share/turtlesim/images/crystal.png
[1.775s] -- Up-to-date: /home/lincunha/lab01/install/turtlesim/share/turtlesim/images/dashing.png
[1.776s] -- Up-to-date: /home/lincunha/lab01/install/turtlesim/share/turtlesim/images/humble.png
[1.776s] -- Up-to-date: /home/lincunha/lab01/install/turtlesim/share/turtlesim/images/bouncy.png
[1.776s] -- Up-to-date: /home/lincunha/lab01/install/turtlesim/share/turtlesim/images/rolling.png
[1.777s] -- Up-to-date: /home/lincunha/lab01/install/turtlesim/share/turtlesim/images/ardent.png
[1.777s] -- Up-to-date: /home/lincunha/lab01/install/turtlesim/share/turtlesim/images/foxy.png
[1.778s] -- Up-to-date: /home/lincunha/lab01/install/turtlesim/share/turtlesim/images/eloquent.png
[1.778s] -- Up-to-date: /home/lincunha/lab01/install/turtlesim/share/turtlesim/launch
[1.779s] -- Up-to-date: /home/lincunha/lab01/install/turtlesim/share/turtlesim/launch/multisim.launch.py
[1.779s] -- Up-to-date: /home/lincunha/lab01/install/turtlesim/share/ament_index/resource_index/package_run_dependencies/turtlesim
[1.779s] -- Up-to-date: /home/lincunha/lab01/install/turtlesim/share/ament_index/resource_index/parent_prefix_path/turtlesim
[1.780s] -- Up-to-date: /home/lincunha/lab01/install/turtlesim/share/turtlesim/environment/ament_prefix_path.sh
[1.780s] -- Up-to-date: /home/lincunha/lab01/install/turtlesim/share/turtlesim/environment/ament_prefix_path.dsv
[1.781s] -- Up-to-date: /home/lincunha/lab01/install/turtlesim/share/turtlesim/environment/path.sh
[1.781s] -- Up-to-date: /home/lincunha/lab01/install/turtlesim/share/turtlesim/environment/path.dsv
[1.782s] -- Up-to-date: /home/lincunha/lab01/install/turtlesim/share/turtlesim/local_setup.bash
[1.782s] -- Up-to-date: /home/lincunha/lab01/install/turtlesim/share/turtlesim/local_setup.sh
[1.782s] -- Up-to-date: /home/lincunha/lab01/install/turtlesim/share/turtlesim/local_setup.zsh
[1.783s] -- Up-to-date: /home/lincunha/lab01/install/turtlesim/share/turtlesim/local_setup.dsv
[1.783s] -- Installing: /home/lincunha/lab01/install/turtlesim/share/turtlesim/package.dsv
[1.783s] -- Up-to-date: /home/lincunha/lab01/install/turtlesim/share/ament_index/resource_index/packages/turtlesim
[1.783s] -- Up-to-date: /home/lincunha/lab01/install/turtlesim/share/turtlesim/cmake/export_turtlesim__rosidl_generator_cExport.cmake
[1.784s] -- Up-to-date: /home/lincunha/lab01/install/turtlesim/share/turtlesim/cmake/export_turtlesim__rosidl_generator_cExport-noconfig.cmake
[1.784s] -- Up-to-date: /home/lincunha/lab01/install/turtlesim/share/turtlesim/cmake/export_turtlesim__rosidl_typesupport_fastrtps_cExport.cmake
[1.785s] -- Up-to-date: /home/lincunha/lab01/install/turtlesim/share/turtlesim/cmake/export_turtlesim__rosidl_typesupport_fastrtps_cExport-noconfig.cmake
[1.785s] -- Up-to-date: /home/lincunha/lab01/install/turtlesim/share/turtlesim/cmake/export_turtlesim__rosidl_generator_cppExport.cmake
[1.785s] -- Up-to-date: /home/lincunha/lab01/install/turtlesim/share/turtlesim/cmake/export_turtlesim__rosidl_typesupport_fastrtps_cppExport.cmake
[1.786s] -- Up-to-date: /home/lincunha/lab01/install/turtlesim/share/turtlesim/cmake/export_turtlesim__rosidl_typesupport_fastrtps_cppExport-noconfig.cmake
[1.786s] -- Up-to-date: /home/lincunha/lab01/install/turtlesim/share/turtlesim/cmake/turtlesim__rosidl_typesupport_introspection_cExport.cmake
[1.786s] -- Up-to-date: /home/lincunha/lab01/install/turtlesim/share/turtlesim/cmake/turtlesim__rosidl_typesupport_introspection_cExport-noconfig.cmake
[1.787s] -- Up-to-date: /home/lincunha/lab01/install/turtlesim/share/turtlesim/cmake/turtlesim__rosidl_typesupport_cExport.cmake
[1.787s] -- Up-to-date: /home/lincunha/lab01/install/turtlesim/share/turtlesim/cmake/turtlesim__rosidl_typesupport_cExport-noconfig.cmake
[1.788s] -- Up-to-date: /home/lincunha/lab01/install/turtlesim/share/turtlesim/cmake/turtlesim__rosidl_typesupport_introspection_cppExport.cmake
[1.788s] -- Up-to-date: /home/lincunha/lab01/install/turtlesim/share/turtlesim/cmake/turtlesim__rosidl_typesupport_introspection_cppExport-noconfig.cmake
[1.788s] -- Up-to-date: /home/lincunha/lab01/install/turtlesim/share/turtlesim/cmake/turtlesim__rosidl_typesupport_cppExport.cmake
[1.789s] -- Up-to-date: /home/lincunha/lab01/install/turtlesim/share/turtlesim/cmake/turtlesim__rosidl_typesupport_cppExport-noconfig.cmake
[1.789s] -- Up-to-date: /home/lincunha/lab01/install/turtlesim/share/turtlesim/cmake/export_turtlesim__rosidl_generator_pyExport.cmake
[1.790s] -- Up-to-date: /home/lincunha/lab01/install/turtlesim/share/turtlesim/cmake/export_turtlesim__rosidl_generator_pyExport-noconfig.cmake
[1.791s] -- Up-to-date: /home/lincunha/lab01/install/turtlesim/share/turtlesim/cmake/rosidl_cmake-extras.cmake
[1.791s] -- Up-to-date: /home/lincunha/lab01/install/turtlesim/share/turtlesim/cmake/ament_cmake_export_dependencies-extras.cmake
[1.792s] -- Up-to-date: /home/lincunha/lab01/install/turtlesim/share/turtlesim/cmake/ament_cmake_export_include_directories-extras.cmake
[1.792s] -- Up-to-date: /home/lincunha/lab01/install/turtlesim/share/turtlesim/cmake/ament_cmake_export_libraries-extras.cmake
[1.793s] -- Up-to-date: /home/lincunha/lab01/install/turtlesim/share/turtlesim/cmake/ament_cmake_export_targets-extras.cmake
[1.794s] -- Up-to-date: /home/lincunha/lab01/install/turtlesim/share/turtlesim/cmake/rosidl_cmake_export_typesupport_targets-extras.cmake
[1.796s] -- Up-to-date: /home/lincunha/lab01/install/turtlesim/share/turtlesim/cmake/rosidl_cmake_export_typesupport_libraries-extras.cmake
[1.797s] -- Up-to-date: /home/lincunha/lab01/install/turtlesim/share/turtlesim/cmake/turtlesimConfig.cmake
[1.798s] -- Up-to-date: /home/lincunha/lab01/install/turtlesim/share/turtlesim/cmake/turtlesimConfig-version.cmake
[1.799s] -- Up-to-date: /home/lincunha/lab01/install/turtlesim/share/turtlesim/package.xml
[1.820s] Invoked command in '/home/lincunha/lab01/build/turtlesim' returned '0': CMAKE_PREFIX_PATH=${CMAKE_PREFIX_PATH}:/home/lincunha/lab01/install/lab01_pkg:/opt/ros/humble /usr/bin/cmake --install /home/lincunha/lab01/build/turtlesim
