[0.062s] Invoking command in '/home/thilevin/sesasr/SESASR/lab05/build/landmark_msgs': CMAKE_PREFIX_PATH=${CMAKE_PREFIX_PATH}:/home/thilevin/sesasr/SESASR/lab05/install/turtlebot3_perception:/home/thilevin/sesasr/SESASR/lab05/install/pf_pkg:/home/thilevin/sesasr/SESASR/lab02/install/lab02_pkg:/opt/ros/humble /usr/bin/cmake --build /home/thilevin/sesasr/SESASR/lab05/build/landmark_msgs -- -j12 -l12
[0.610s] [35m[1mConsolidate compiler generated dependencies of target landmark_msgs__rosidl_generator_c[0m
[0.611s] [  2%] Built target landmark_msgs__cpp
[0.611s] [ 12%] Built target landmark_msgs__rosidl_generator_c
[0.611s] [ 12%] Built target ament_cmake_python_copy_landmark_msgs
[0.613s] [35m[1mConsolidate compiler generated dependencies of target landmark_msgs__rosidl_typesupport_cpp[0m
[0.614s] [35m[1mConsolidate compiler generated dependencies of target landmark_msgs__rosidl_typesupport_introspection_cpp[0m
[0.614s] [35m[1mConsolidate compiler generated dependencies of target landmark_msgs__rosidl_typesupport_fastrtps_cpp[0m
[0.615s] [35m[1mConsolidate compiler generated dependencies of target landmark_msgs__rosidl_typesupport_introspection_c[0m
[0.615s] [35m[1mConsolidate compiler generated dependencies of target landmark_msgs__rosidl_typesupport_fastrtps_c[0m
[0.616s] [35m[1mConsolidate compiler generated dependencies of target landmark_msgs__rosidl_typesupport_c[0m
[0.616s] [ 23%] Built target landmark_msgs__rosidl_typesupport_cpp
[0.616s] [ 33%] Built target landmark_msgs__rosidl_typesupport_introspection_cpp
[0.616s] [ 43%] Built target landmark_msgs__rosidl_typesupport_fastrtps_cpp
[0.617s] [ 53%] Built target landmark_msgs__rosidl_typesupport_introspection_c
[0.618s] [ 74%] Built target landmark_msgs__rosidl_typesupport_fastrtps_c
[0.618s] [ 74%] Built target landmark_msgs__rosidl_typesupport_c
[0.619s] [ 74%] Built target landmark_msgs
[0.619s] [ 76%] Built target landmark_msgs__py
[0.619s] [35m[1mConsolidate compiler generated dependencies of target landmark_msgs__rosidl_generator_py[0m
[0.619s] [ 84%] Built target landmark_msgs__rosidl_generator_py
[0.619s] [35m[1mConsolidate compiler generated dependencies of target landmark_msgs__rosidl_typesupport_c__pyext[0m
[0.620s] [35m[1mConsolidate compiler generated dependencies of target landmark_msgs__rosidl_typesupport_introspection_c__pyext[0m
[0.620s] [35m[1mConsolidate compiler generated dependencies of target landmark_msgs__rosidl_typesupport_fastrtps_c__pyext[0m
[0.620s] [ 89%] Built target landmark_msgs__rosidl_typesupport_c__pyext
[0.621s] [ 94%] Built target landmark_msgs__rosidl_typesupport_introspection_c__pyext
[0.621s] [100%] Built target landmark_msgs__rosidl_typesupport_fastrtps_c__pyext
[0.724s] running egg_info
[0.726s] writing landmark_msgs.egg-info/PKG-INFO
[0.727s] writing dependency_links to landmark_msgs.egg-info/dependency_links.txt
[0.728s] writing top-level names to landmark_msgs.egg-info/top_level.txt
[0.739s] reading manifest file 'landmark_msgs.egg-info/SOURCES.txt'
[0.739s] writing manifest file 'landmark_msgs.egg-info/SOURCES.txt'
[0.798s] [100%] Built target ament_cmake_python_build_landmark_msgs_egg
[0.822s] Invoked command in '/home/thilevin/sesasr/SESASR/lab05/build/landmark_msgs' returned '0': CMAKE_PREFIX_PATH=${CMAKE_PREFIX_PATH}:/home/thilevin/sesasr/SESASR/lab05/install/turtlebot3_perception:/home/thilevin/sesasr/SESASR/lab05/install/pf_pkg:/home/thilevin/sesasr/SESASR/lab02/install/lab02_pkg:/opt/ros/humble /usr/bin/cmake --build /home/thilevin/sesasr/SESASR/lab05/build/landmark_msgs -- -j12 -l12
[0.986s] Invoking command in '/home/thilevin/sesasr/SESASR/lab05/build/landmark_msgs': CMAKE_PREFIX_PATH=${CMAKE_PREFIX_PATH}:/home/thilevin/sesasr/SESASR/lab05/install/turtlebot3_perception:/home/thilevin/sesasr/SESASR/lab05/install/pf_pkg:/home/thilevin/sesasr/SESASR/lab02/install/lab02_pkg:/opt/ros/humble /usr/bin/cmake --install /home/thilevin/sesasr/SESASR/lab05/build/landmark_msgs
[0.998s] -- Install configuration: ""
[0.999s] -- Up-to-date: /home/thilevin/sesasr/SESASR/lab05/install/landmark_msgs/share/ament_index/resource_index/rosidl_interfaces/landmark_msgs
[0.999s] -- Up-to-date: /home/thilevin/sesasr/SESASR/lab05/install/landmark_msgs/include/landmark_msgs/landmark_msgs
[1.000s] -- Up-to-date: /home/thilevin/sesasr/SESASR/lab05/install/landmark_msgs/include/landmark_msgs/landmark_msgs/msg
[1.000s] -- Up-to-date: /home/thilevin/sesasr/SESASR/lab05/install/landmark_msgs/include/landmark_msgs/landmark_msgs/msg/rosidl_generator_c__visibility_control.h
[1.001s] -- Up-to-date: /home/thilevin/sesasr/SESASR/lab05/install/landmark_msgs/include/landmark_msgs/landmark_msgs/msg/detail
[1.001s] -- Up-to-date: /home/thilevin/sesasr/SESASR/lab05/install/landmark_msgs/include/landmark_msgs/landmark_msgs/msg/detail/landmark_array__functions.c
[1.002s] -- Up-to-date: /home/thilevin/sesasr/SESASR/lab05/install/landmark_msgs/include/landmark_msgs/landmark_msgs/msg/detail/landmark__type_support.h
[1.002s] -- Up-to-date: /home/thilevin/sesasr/SESASR/lab05/install/landmark_msgs/include/landmark_msgs/landmark_msgs/msg/detail/landmark__struct.h
[1.002s] -- Up-to-date: /home/thilevin/sesasr/SESASR/lab05/install/landmark_msgs/include/landmark_msgs/landmark_msgs/msg/detail/landmark_array__functions.h
[1.002s] -- Up-to-date: /home/thilevin/sesasr/SESASR/lab05/install/landmark_msgs/include/landmark_msgs/landmark_msgs/msg/detail/landmark__functions.c
[1.003s] -- Up-to-date: /home/thilevin/sesasr/SESASR/lab05/install/landmark_msgs/include/landmark_msgs/landmark_msgs/msg/detail/landmark_array__struct.h
[1.003s] -- Up-to-date: /home/thilevin/sesasr/SESASR/lab05/install/landmark_msgs/include/landmark_msgs/landmark_msgs/msg/detail/landmark__functions.h
[1.004s] -- Up-to-date: /home/thilevin/sesasr/SESASR/lab05/install/landmark_msgs/include/landmark_msgs/landmark_msgs/msg/detail/landmark_array__type_support.h
[1.005s] -- Up-to-date: /home/thilevin/sesasr/SESASR/lab05/install/landmark_msgs/include/landmark_msgs/landmark_msgs/msg/landmark_array.h
[1.005s] -- Up-to-date: /home/thilevin/sesasr/SESASR/lab05/install/landmark_msgs/include/landmark_msgs/landmark_msgs/msg/landmark.h
[1.006s] -- Up-to-date: /home/thilevin/sesasr/SESASR/lab05/install/landmark_msgs/share/landmark_msgs/environment/library_path.sh
[1.006s] -- Up-to-date: /home/thilevin/sesasr/SESASR/lab05/install/landmark_msgs/share/landmark_msgs/environment/library_path.dsv
[1.006s] -- Up-to-date: /home/thilevin/sesasr/SESASR/lab05/install/landmark_msgs/lib/liblandmark_msgs__rosidl_generator_c.so
[1.006s] -- Up-to-date: /home/thilevin/sesasr/SESASR/lab05/install/landmark_msgs/include/landmark_msgs/landmark_msgs
[1.007s] -- Up-to-date: /home/thilevin/sesasr/SESASR/lab05/install/landmark_msgs/include/landmark_msgs/landmark_msgs/msg
[1.007s] -- Up-to-date: /home/thilevin/sesasr/SESASR/lab05/install/landmark_msgs/include/landmark_msgs/landmark_msgs/msg/rosidl_typesupport_fastrtps_c__visibility_control.h
[1.008s] -- Up-to-date: /home/thilevin/sesasr/SESASR/lab05/install/landmark_msgs/include/landmark_msgs/landmark_msgs/msg/detail
[1.008s] -- Up-to-date: /home/thilevin/sesasr/SESASR/lab05/install/landmark_msgs/include/landmark_msgs/landmark_msgs/msg/detail/landmark_array__rosidl_typesupport_fastrtps_c.h
[1.008s] -- Up-to-date: /home/thilevin/sesasr/SESASR/lab05/install/landmark_msgs/include/landmark_msgs/landmark_msgs/msg/detail/landmark__rosidl_typesupport_fastrtps_c.h
[1.010s] -- Up-to-date: /home/thilevin/sesasr/SESASR/lab05/install/landmark_msgs/lib/liblandmark_msgs__rosidl_typesupport_fastrtps_c.so
[1.011s] -- Up-to-date: /home/thilevin/sesasr/SESASR/lab05/install/landmark_msgs/include/landmark_msgs/landmark_msgs
[1.013s] -- Up-to-date: /home/thilevin/sesasr/SESASR/lab05/install/landmark_msgs/include/landmark_msgs/landmark_msgs/msg
[1.015s] -- Up-to-date: /home/thilevin/sesasr/SESASR/lab05/install/landmark_msgs/include/landmark_msgs/landmark_msgs/msg/detail
[1.015s] -- Up-to-date: /home/thilevin/sesasr/SESASR/lab05/install/landmark_msgs/include/landmark_msgs/landmark_msgs/msg/detail/landmark_array__rosidl_typesupport_introspection_c.h
[1.017s] -- Up-to-date: /home/thilevin/sesasr/SESASR/lab05/install/landmark_msgs/include/landmark_msgs/landmark_msgs/msg/detail/landmark__type_support.c
[1.020s] -- Up-to-date: /home/thilevin/sesasr/SESASR/lab05/install/landmark_msgs/include/landmark_msgs/landmark_msgs/msg/detail/landmark_array__type_support.c
[1.020s] -- Up-to-date: /home/thilevin/sesasr/SESASR/lab05/install/landmark_msgs/include/landmark_msgs/landmark_msgs/msg/detail/landmark__rosidl_typesupport_introspection_c.h
[1.020s] -- Up-to-date: /home/thilevin/sesasr/SESASR/lab05/install/landmark_msgs/include/landmark_msgs/landmark_msgs/msg/rosidl_typesupport_introspection_c__visibility_control.h
[1.020s] -- Up-to-date: /home/thilevin/sesasr/SESASR/lab05/install/landmark_msgs/lib/liblandmark_msgs__rosidl_typesupport_introspection_c.so
[1.020s] -- Up-to-date: /home/thilevin/sesasr/SESASR/lab05/install/landmark_msgs/lib/liblandmark_msgs__rosidl_typesupport_c.so
[1.020s] -- Up-to-date: /home/thilevin/sesasr/SESASR/lab05/install/landmark_msgs/include/landmark_msgs/landmark_msgs
[1.020s] -- Up-to-date: /home/thilevin/sesasr/SESASR/lab05/install/landmark_msgs/include/landmark_msgs/landmark_msgs/msg
[1.020s] -- Up-to-date: /home/thilevin/sesasr/SESASR/lab05/install/landmark_msgs/include/landmark_msgs/landmark_msgs/msg/landmark_array.hpp
[1.020s] -- Up-to-date: /home/thilevin/sesasr/SESASR/lab05/install/landmark_msgs/include/landmark_msgs/landmark_msgs/msg/detail
[1.021s] -- Up-to-date: /home/thilevin/sesasr/SESASR/lab05/install/landmark_msgs/include/landmark_msgs/landmark_msgs/msg/detail/landmark_array__struct.hpp
[1.021s] -- Up-to-date: /home/thilevin/sesasr/SESASR/lab05/install/landmark_msgs/include/landmark_msgs/landmark_msgs/msg/detail/landmark_array__builder.hpp
[1.021s] -- Up-to-date: /home/thilevin/sesasr/SESASR/lab05/install/landmark_msgs/include/landmark_msgs/landmark_msgs/msg/detail/landmark__traits.hpp
[1.021s] -- Up-to-date: /home/thilevin/sesasr/SESASR/lab05/install/landmark_msgs/include/landmark_msgs/landmark_msgs/msg/detail/landmark_array__traits.hpp
[1.021s] -- Up-to-date: /home/thilevin/sesasr/SESASR/lab05/install/landmark_msgs/include/landmark_msgs/landmark_msgs/msg/detail/landmark__struct.hpp
[1.021s] -- Up-to-date: /home/thilevin/sesasr/SESASR/lab05/install/landmark_msgs/include/landmark_msgs/landmark_msgs/msg/detail/landmark__builder.hpp
[1.021s] -- Up-to-date: /home/thilevin/sesasr/SESASR/lab05/install/landmark_msgs/include/landmark_msgs/landmark_msgs/msg/landmark.hpp
[1.022s] -- Up-to-date: /home/thilevin/sesasr/SESASR/lab05/install/landmark_msgs/include/landmark_msgs/landmark_msgs
[1.022s] -- Up-to-date: /home/thilevin/sesasr/SESASR/lab05/install/landmark_msgs/include/landmark_msgs/landmark_msgs/msg
[1.022s] -- Up-to-date: /home/thilevin/sesasr/SESASR/lab05/install/landmark_msgs/include/landmark_msgs/landmark_msgs/msg/rosidl_typesupport_fastrtps_cpp__visibility_control.h
[1.022s] -- Up-to-date: /home/thilevin/sesasr/SESASR/lab05/install/landmark_msgs/include/landmark_msgs/landmark_msgs/msg/detail
[1.022s] -- Up-to-date: /home/thilevin/sesasr/SESASR/lab05/install/landmark_msgs/include/landmark_msgs/landmark_msgs/msg/detail/landmark__rosidl_typesupport_fastrtps_cpp.hpp
[1.022s] -- Up-to-date: /home/thilevin/sesasr/SESASR/lab05/install/landmark_msgs/include/landmark_msgs/landmark_msgs/msg/detail/landmark_array__rosidl_typesupport_fastrtps_cpp.hpp
[1.023s] -- Up-to-date: /home/thilevin/sesasr/SESASR/lab05/install/landmark_msgs/include/landmark_msgs/landmark_msgs/msg/detail/dds_fastrtps
[1.023s] -- Up-to-date: /home/thilevin/sesasr/SESASR/lab05/install/landmark_msgs/lib/liblandmark_msgs__rosidl_typesupport_fastrtps_cpp.so
[1.023s] -- Up-to-date: /home/thilevin/sesasr/SESASR/lab05/install/landmark_msgs/include/landmark_msgs/landmark_msgs
[1.023s] -- Up-to-date: /home/thilevin/sesasr/SESASR/lab05/install/landmark_msgs/include/landmark_msgs/landmark_msgs/msg
[1.023s] -- Up-to-date: /home/thilevin/sesasr/SESASR/lab05/install/landmark_msgs/include/landmark_msgs/landmark_msgs/msg/detail
[1.023s] -- Up-to-date: /home/thilevin/sesasr/SESASR/lab05/install/landmark_msgs/include/landmark_msgs/landmark_msgs/msg/detail/landmark_array__rosidl_typesupport_introspection_cpp.hpp
[1.023s] -- Up-to-date: /home/thilevin/sesasr/SESASR/lab05/install/landmark_msgs/include/landmark_msgs/landmark_msgs/msg/detail/landmark__rosidl_typesupport_introspection_cpp.hpp
[1.023s] -- Up-to-date: /home/thilevin/sesasr/SESASR/lab05/install/landmark_msgs/include/landmark_msgs/landmark_msgs/msg/detail/landmark__type_support.cpp
[1.023s] -- Up-to-date: /home/thilevin/sesasr/SESASR/lab05/install/landmark_msgs/include/landmark_msgs/landmark_msgs/msg/detail/landmark_array__type_support.cpp
[1.023s] -- Up-to-date: /home/thilevin/sesasr/SESASR/lab05/install/landmark_msgs/lib/liblandmark_msgs__rosidl_typesupport_introspection_cpp.so
[1.024s] -- Up-to-date: /home/thilevin/sesasr/SESASR/lab05/install/landmark_msgs/lib/liblandmark_msgs__rosidl_typesupport_cpp.so
[1.024s] -- Up-to-date: /home/thilevin/sesasr/SESASR/lab05/install/landmark_msgs/share/landmark_msgs/environment/pythonpath.sh
[1.025s] -- Up-to-date: /home/thilevin/sesasr/SESASR/lab05/install/landmark_msgs/share/landmark_msgs/environment/pythonpath.dsv
[1.025s] -- Up-to-date: /home/thilevin/sesasr/SESASR/lab05/install/landmark_msgs/local/lib/python3.10/dist-packages/landmark_msgs-0.0.0-py3.10.egg-info
[1.025s] -- Installing: /home/thilevin/sesasr/SESASR/lab05/install/landmark_msgs/local/lib/python3.10/dist-packages/landmark_msgs-0.0.0-py3.10.egg-info/PKG-INFO
[1.025s] -- Installing: /home/thilevin/sesasr/SESASR/lab05/install/landmark_msgs/local/lib/python3.10/dist-packages/landmark_msgs-0.0.0-py3.10.egg-info/SOURCES.txt
[1.025s] -- Installing: /home/thilevin/sesasr/SESASR/lab05/install/landmark_msgs/local/lib/python3.10/dist-packages/landmark_msgs-0.0.0-py3.10.egg-info/top_level.txt
[1.026s] -- Installing: /home/thilevin/sesasr/SESASR/lab05/install/landmark_msgs/local/lib/python3.10/dist-packages/landmark_msgs-0.0.0-py3.10.egg-info/dependency_links.txt
[1.026s] -- Up-to-date: /home/thilevin/sesasr/SESASR/lab05/install/landmark_msgs/local/lib/python3.10/dist-packages/landmark_msgs
[1.026s] -- Up-to-date: /home/thilevin/sesasr/SESASR/lab05/install/landmark_msgs/local/lib/python3.10/dist-packages/landmark_msgs/liblandmark_msgs__rosidl_generator_py.so
[1.026s] -- Up-to-date: /home/thilevin/sesasr/SESASR/lab05/install/landmark_msgs/local/lib/python3.10/dist-packages/landmark_msgs/landmark_msgs_s__rosidl_typesupport_c.cpython-310-x86_64-linux-gnu.so
[1.026s] -- Up-to-date: /home/thilevin/sesasr/SESASR/lab05/install/landmark_msgs/local/lib/python3.10/dist-packages/landmark_msgs/_landmark_msgs_s.ep.rosidl_typesupport_fastrtps_c.c
[1.026s] -- Up-to-date: /home/thilevin/sesasr/SESASR/lab05/install/landmark_msgs/local/lib/python3.10/dist-packages/landmark_msgs/msg
[1.027s] -- Up-to-date: /home/thilevin/sesasr/SESASR/lab05/install/landmark_msgs/local/lib/python3.10/dist-packages/landmark_msgs/msg/_landmark.py
[1.027s] -- Up-to-date: /home/thilevin/sesasr/SESASR/lab05/install/landmark_msgs/local/lib/python3.10/dist-packages/landmark_msgs/msg/_landmark_s.c
[1.027s] -- Up-to-date: /home/thilevin/sesasr/SESASR/lab05/install/landmark_msgs/local/lib/python3.10/dist-packages/landmark_msgs/msg/_landmark_array.py
[1.027s] -- Up-to-date: /home/thilevin/sesasr/SESASR/lab05/install/landmark_msgs/local/lib/python3.10/dist-packages/landmark_msgs/msg/_landmark_array_s.c
[1.027s] -- Up-to-date: /home/thilevin/sesasr/SESASR/lab05/install/landmark_msgs/local/lib/python3.10/dist-packages/landmark_msgs/msg/__init__.py
[1.027s] -- Up-to-date: /home/thilevin/sesasr/SESASR/lab05/install/landmark_msgs/local/lib/python3.10/dist-packages/landmark_msgs/landmark_msgs_s__rosidl_typesupport_introspection_c.cpython-310-x86_64-linux-gnu.so
[1.028s] -- Up-to-date: /home/thilevin/sesasr/SESASR/lab05/install/landmark_msgs/local/lib/python3.10/dist-packages/landmark_msgs/_landmark_msgs_s.ep.rosidl_typesupport_introspection_c.c
[1.028s] -- Up-to-date: /home/thilevin/sesasr/SESASR/lab05/install/landmark_msgs/local/lib/python3.10/dist-packages/landmark_msgs/landmark_msgs_s__rosidl_typesupport_fastrtps_c.cpython-310-x86_64-linux-gnu.so
[1.028s] -- Up-to-date: /home/thilevin/sesasr/SESASR/lab05/install/landmark_msgs/local/lib/python3.10/dist-packages/landmark_msgs/_landmark_msgs_s.ep.rosidl_typesupport_c.c
[1.028s] -- Up-to-date: /home/thilevin/sesasr/SESASR/lab05/install/landmark_msgs/local/lib/python3.10/dist-packages/landmark_msgs/__init__.py
[1.085s] Listing '/home/thilevin/sesasr/SESASR/lab05/install/landmark_msgs/local/lib/python3.10/dist-packages/landmark_msgs'...
[1.086s] Listing '/home/thilevin/sesasr/SESASR/lab05/install/landmark_msgs/local/lib/python3.10/dist-packages/landmark_msgs/msg'...
[1.086s] -- Up-to-date: /home/thilevin/sesasr/SESASR/lab05/install/landmark_msgs/local/lib/python3.10/dist-packages/landmark_msgs/landmark_msgs_s__rosidl_typesupport_fastrtps_c.cpython-310-x86_64-linux-gnu.so
[1.087s] -- Up-to-date: /home/thilevin/sesasr/SESASR/lab05/install/landmark_msgs/local/lib/python3.10/dist-packages/landmark_msgs/landmark_msgs_s__rosidl_typesupport_introspection_c.cpython-310-x86_64-linux-gnu.so
[1.087s] -- Up-to-date: /home/thilevin/sesasr/SESASR/lab05/install/landmark_msgs/local/lib/python3.10/dist-packages/landmark_msgs/landmark_msgs_s__rosidl_typesupport_c.cpython-310-x86_64-linux-gnu.so
[1.088s] -- Up-to-date: /home/thilevin/sesasr/SESASR/lab05/install/landmark_msgs/lib/liblandmark_msgs__rosidl_generator_py.so
[1.089s] -- Up-to-date: /home/thilevin/sesasr/SESASR/lab05/install/landmark_msgs/share/landmark_msgs/msg/Landmark.idl
[1.090s] -- Up-to-date: /home/thilevin/sesasr/SESASR/lab05/install/landmark_msgs/share/landmark_msgs/msg/LandmarkArray.idl
[1.090s] -- Up-to-date: /home/thilevin/sesasr/SESASR/lab05/install/landmark_msgs/share/landmark_msgs/msg/Landmark.msg
[1.091s] -- Up-to-date: /home/thilevin/sesasr/SESASR/lab05/install/landmark_msgs/share/landmark_msgs/msg/LandmarkArray.msg
[1.093s] -- Up-to-date: /home/thilevin/sesasr/SESASR/lab05/install/landmark_msgs/share/ament_index/resource_index/package_run_dependencies/landmark_msgs
[1.094s] -- Up-to-date: /home/thilevin/sesasr/SESASR/lab05/install/landmark_msgs/share/ament_index/resource_index/parent_prefix_path/landmark_msgs
[1.095s] -- Up-to-date: /home/thilevin/sesasr/SESASR/lab05/install/landmark_msgs/share/landmark_msgs/environment/ament_prefix_path.sh
[1.097s] -- Up-to-date: /home/thilevin/sesasr/SESASR/lab05/install/landmark_msgs/share/landmark_msgs/environment/ament_prefix_path.dsv
[1.100s] -- Up-to-date: /home/thilevin/sesasr/SESASR/lab05/install/landmark_msgs/share/landmark_msgs/environment/path.sh
[1.100s] -- Up-to-date: /home/thilevin/sesasr/SESASR/lab05/install/landmark_msgs/share/landmark_msgs/environment/path.dsv
[1.100s] -- Up-to-date: /home/thilevin/sesasr/SESASR/lab05/install/landmark_msgs/share/landmark_msgs/local_setup.bash
[1.101s] -- Up-to-date: /home/thilevin/sesasr/SESASR/lab05/install/landmark_msgs/share/landmark_msgs/local_setup.sh
[1.101s] -- Up-to-date: /home/thilevin/sesasr/SESASR/lab05/install/landmark_msgs/share/landmark_msgs/local_setup.zsh
[1.102s] -- Up-to-date: /home/thilevin/sesasr/SESASR/lab05/install/landmark_msgs/share/landmark_msgs/local_setup.dsv
[1.102s] -- Installing: /home/thilevin/sesasr/SESASR/lab05/install/landmark_msgs/share/landmark_msgs/package.dsv
[1.104s] -- Up-to-date: /home/thilevin/sesasr/SESASR/lab05/install/landmark_msgs/share/ament_index/resource_index/packages/landmark_msgs
[1.104s] -- Up-to-date: /home/thilevin/sesasr/SESASR/lab05/install/landmark_msgs/share/landmark_msgs/cmake/export_landmark_msgs__rosidl_generator_cExport.cmake
[1.106s] -- Up-to-date: /home/thilevin/sesasr/SESASR/lab05/install/landmark_msgs/share/landmark_msgs/cmake/export_landmark_msgs__rosidl_generator_cExport-noconfig.cmake
[1.106s] -- Up-to-date: /home/thilevin/sesasr/SESASR/lab05/install/landmark_msgs/share/landmark_msgs/cmake/export_landmark_msgs__rosidl_typesupport_fastrtps_cExport.cmake
[1.107s] -- Up-to-date: /home/thilevin/sesasr/SESASR/lab05/install/landmark_msgs/share/landmark_msgs/cmake/export_landmark_msgs__rosidl_typesupport_fastrtps_cExport-noconfig.cmake
[1.107s] -- Up-to-date: /home/thilevin/sesasr/SESASR/lab05/install/landmark_msgs/share/landmark_msgs/cmake/landmark_msgs__rosidl_typesupport_introspection_cExport.cmake
[1.108s] -- Up-to-date: /home/thilevin/sesasr/SESASR/lab05/install/landmark_msgs/share/landmark_msgs/cmake/landmark_msgs__rosidl_typesupport_introspection_cExport-noconfig.cmake
[1.108s] -- Up-to-date: /home/thilevin/sesasr/SESASR/lab05/install/landmark_msgs/share/landmark_msgs/cmake/landmark_msgs__rosidl_typesupport_cExport.cmake
[1.109s] -- Up-to-date: /home/thilevin/sesasr/SESASR/lab05/install/landmark_msgs/share/landmark_msgs/cmake/landmark_msgs__rosidl_typesupport_cExport-noconfig.cmake
[1.110s] -- Up-to-date: /home/thilevin/sesasr/SESASR/lab05/install/landmark_msgs/share/landmark_msgs/cmake/export_landmark_msgs__rosidl_generator_cppExport.cmake
[1.110s] -- Up-to-date: /home/thilevin/sesasr/SESASR/lab05/install/landmark_msgs/share/landmark_msgs/cmake/export_landmark_msgs__rosidl_typesupport_fastrtps_cppExport.cmake
[1.111s] -- Up-to-date: /home/thilevin/sesasr/SESASR/lab05/install/landmark_msgs/share/landmark_msgs/cmake/export_landmark_msgs__rosidl_typesupport_fastrtps_cppExport-noconfig.cmake
[1.111s] -- Up-to-date: /home/thilevin/sesasr/SESASR/lab05/install/landmark_msgs/share/landmark_msgs/cmake/landmark_msgs__rosidl_typesupport_introspection_cppExport.cmake
[1.112s] -- Up-to-date: /home/thilevin/sesasr/SESASR/lab05/install/landmark_msgs/share/landmark_msgs/cmake/landmark_msgs__rosidl_typesupport_introspection_cppExport-noconfig.cmake
[1.112s] -- Up-to-date: /home/thilevin/sesasr/SESASR/lab05/install/landmark_msgs/share/landmark_msgs/cmake/landmark_msgs__rosidl_typesupport_cppExport.cmake
[1.112s] -- Up-to-date: /home/thilevin/sesasr/SESASR/lab05/install/landmark_msgs/share/landmark_msgs/cmake/landmark_msgs__rosidl_typesupport_cppExport-noconfig.cmake
[1.113s] -- Up-to-date: /home/thilevin/sesasr/SESASR/lab05/install/landmark_msgs/share/landmark_msgs/cmake/export_landmark_msgs__rosidl_generator_pyExport.cmake
[1.113s] -- Up-to-date: /home/thilevin/sesasr/SESASR/lab05/install/landmark_msgs/share/landmark_msgs/cmake/export_landmark_msgs__rosidl_generator_pyExport-noconfig.cmake
[1.114s] -- Up-to-date: /home/thilevin/sesasr/SESASR/lab05/install/landmark_msgs/share/landmark_msgs/cmake/rosidl_cmake-extras.cmake
[1.114s] -- Up-to-date: /home/thilevin/sesasr/SESASR/lab05/install/landmark_msgs/share/landmark_msgs/cmake/ament_cmake_export_dependencies-extras.cmake
[1.114s] -- Up-to-date: /home/thilevin/sesasr/SESASR/lab05/install/landmark_msgs/share/landmark_msgs/cmake/ament_cmake_export_include_directories-extras.cmake
[1.115s] -- Up-to-date: /home/thilevin/sesasr/SESASR/lab05/install/landmark_msgs/share/landmark_msgs/cmake/ament_cmake_export_libraries-extras.cmake
[1.115s] -- Up-to-date: /home/thilevin/sesasr/SESASR/lab05/install/landmark_msgs/share/landmark_msgs/cmake/ament_cmake_export_targets-extras.cmake
[1.116s] -- Up-to-date: /home/thilevin/sesasr/SESASR/lab05/install/landmark_msgs/share/landmark_msgs/cmake/rosidl_cmake_export_typesupport_targets-extras.cmake
[1.116s] -- Up-to-date: /home/thilevin/sesasr/SESASR/lab05/install/landmark_msgs/share/landmark_msgs/cmake/rosidl_cmake_export_typesupport_libraries-extras.cmake
[1.116s] -- Up-to-date: /home/thilevin/sesasr/SESASR/lab05/install/landmark_msgs/share/landmark_msgs/cmake/landmark_msgsConfig.cmake
[1.117s] -- Up-to-date: /home/thilevin/sesasr/SESASR/lab05/install/landmark_msgs/share/landmark_msgs/cmake/landmark_msgsConfig-version.cmake
[1.117s] -- Up-to-date: /home/thilevin/sesasr/SESASR/lab05/install/landmark_msgs/share/landmark_msgs/package.xml
[1.118s] Invoked command in '/home/thilevin/sesasr/SESASR/lab05/build/landmark_msgs' returned '0': CMAKE_PREFIX_PATH=${CMAKE_PREFIX_PATH}:/home/thilevin/sesasr/SESASR/lab05/install/turtlebot3_perception:/home/thilevin/sesasr/SESASR/lab05/install/pf_pkg:/home/thilevin/sesasr/SESASR/lab02/install/lab02_pkg:/opt/ros/humble /usr/bin/cmake --install /home/thilevin/sesasr/SESASR/lab05/build/landmark_msgs
