[0.041s] Invoking command in '/home/lincunha/SESASR/lab02/build/turtlebot3_gazebo': CMAKE_PREFIX_PATH=/opt/ros/humble /usr/bin/cmake /home/lincunha/SESASR/lab02/src/turtlebot3_simulations/turtlebot3_gazebo -DCMAKE_INSTALL_PREFIX=/home/lincunha/SESASR/lab02/install/turtlebot3_gazebo
[0.059s] -- Found ament_cmake: 1.3.10 (/opt/ros/humble/share/ament_cmake/cmake)
[0.294s] -- Override CMake install command with custom implementation using symlinks instead of copying resources
[0.315s] [33mCMake Warning (dev) at /usr/share/cmake-3.22/Modules/FindPackageHandleStandardArgs.cmake:438 (message):
[0.315s]   The package name passed to `find_package_handle_standard_args` (PkgConfig)
[0.315s]   does not match the name of the calling package (gazebo).  This can lead to
[0.315s]   problems in calling code that expects `find_package` result variables
[0.315s]   (e.g., `_FOUND`) to follow a certain pattern.
[0.316s] Call Stack (most recent call first):
[0.316s]   /usr/share/cmake-3.22/Modules/FindPkgConfig.cmake:99 (find_package_handle_standard_args)
[0.316s]   /usr/lib/x86_64-linux-gnu/cmake/gazebo/gazebo-config.cmake:72 (include)
[0.316s]   CMakeLists.txt:23 (find_package)
[0.316s] This warning is for project developers.  Use -Wno-dev to suppress it.
[0.316s] [0m
[0.367s] -- Found DART: /usr/include (Required is at least version "6.6") found components: dart 
[0.423s] -- Found Protobuf: /usr/lib/x86_64-linux-gnu/libprotobuf.so (found version "3.12.4") 
[0.427s] -- Looking for ignition-math6 -- found version 6.15.1
[0.434s] -- Searching for dependencies of ignition-math6
[0.437s] -- Looking for OGRE...
[0.447s] -- Found Ogre Ghadamon (1.9.0)
[0.448s] -- Found OGRE: optimized;/usr/lib/x86_64-linux-gnu/libOgreMain.so;debug;/usr/lib/x86_64-linux-gnu/libOgreMain.so
[0.465s] -- Looking for OGRE_Paging...
[0.466s] -- Found OGRE_Paging: optimized;/usr/lib/x86_64-linux-gnu/libOgrePaging.so;debug;/usr/lib/x86_64-linux-gnu/libOgrePaging.so
[0.466s] -- Looking for OGRE_Terrain...
[0.467s] -- Found OGRE_Terrain: optimized;/usr/lib/x86_64-linux-gnu/libOgreTerrain.so;debug;/usr/lib/x86_64-linux-gnu/libOgreTerrain.so
[0.467s] -- Looking for OGRE_Property...
[0.468s] -- Found OGRE_Property: optimized;/usr/lib/x86_64-linux-gnu/libOgreProperty.so;debug;/usr/lib/x86_64-linux-gnu/libOgreProperty.so
[0.468s] -- Looking for OGRE_RTShaderSystem...
[0.468s] -- Found OGRE_RTShaderSystem: optimized;/usr/lib/x86_64-linux-gnu/libOgreRTShaderSystem.so;debug;/usr/lib/x86_64-linux-gnu/libOgreRTShaderSystem.so
[0.468s] -- Looking for OGRE_Volume...
[0.468s] -- Found OGRE_Volume: optimized;/usr/lib/x86_64-linux-gnu/libOgreVolume.so;debug;/usr/lib/x86_64-linux-gnu/libOgreVolume.so
[0.468s] -- Looking for OGRE_Overlay...
[0.468s] -- Found OGRE_Overlay: optimized;/usr/lib/x86_64-linux-gnu/libOgreOverlay.so;debug;/usr/lib/x86_64-linux-gnu/libOgreOverlay.so
[20.220s] -- Looking for ignition-math6 -- found version 6.15.1
[20.223s] -- Looking for ignition-transport8 -- found version 8.2.1
[20.225s] -- Searching for dependencies of ignition-transport8
[21.340s] -- Found Protobuf: /usr/lib/x86_64-linux-gnu/libprotobuf.so (found suitable version "3.12.4", minimum required is "3") 
[22.638s] -- Config-file not installed for ZeroMQ -- checking for pkg-config
[22.645s] -- Checking for module 'libzmq >= 4'
[22.668s] --   Found libzmq , version 4.3.4
[22.733s] -- Checking for module 'uuid'
[22.751s] --   Found uuid, version 2.37.2
[22.802s] -- Looking for ignition-msgs5 -- found version 5.8.1
[22.803s] -- Searching for dependencies of ignition-msgs5
[24.098s] -- Looking for ignition-math6 -- found version 6.15.1
[24.105s] -- Checking for module 'tinyxml2'
[24.124s] --   Found tinyxml2, version 9.0.0
[24.177s] -- Looking for ignition-msgs5 -- found version 5.8.1
[24.180s] -- Looking for ignition-common3 -- found version 3.14.0
[24.181s] -- Searching for dependencies of ignition-common3
[24.181s] -- Looking for dlfcn.h - found
[24.182s] -- Looking for libdl - found
[24.265s] -- Searching for <ignition-common3> component [graphics]
[24.269s] -- Looking for ignition-common3-graphics -- found version 3.14.0
[24.270s] -- Searching for dependencies of ignition-common3-graphics
[24.270s] -- Looking for ignition-math6 -- found version 6.15.1
[24.274s] -- Looking for ignition-fuel_tools4 -- found version 4.4.0
[24.275s] -- Searching for dependencies of ignition-fuel_tools4
[25.422s] -- Checking for module 'jsoncpp'
[25.440s] --   Found jsoncpp, version 1.9.5
[25.496s] -- Checking for module 'libzip'
[25.515s] --   Found libzip, version 1.7.3
[25.562s] -- Looking for ignition-common3 -- found version 3.14.0
[25.563s] -- Looking for ignition-math6 -- found version 6.15.1
[25.564s] -- Looking for ignition-msgs5 -- found version 5.8.1
[25.567s] -- Found gazebo_ros_pkgs: 3.7.0 (/opt/ros/humble/share/gazebo_ros_pkgs/cmake)
[25.568s] -- Found geometry_msgs: 4.2.4 (/opt/ros/humble/share/geometry_msgs/cmake)
[25.635s] -- Found rosidl_generator_c: 3.1.5 (/opt/ros/humble/share/rosidl_generator_c/cmake)
[25.640s] -- Found rosidl_adapter: 3.1.5 (/opt/ros/humble/share/rosidl_adapter/cmake)
[25.649s] -- Found rosidl_generator_cpp: 3.1.5 (/opt/ros/humble/share/rosidl_generator_cpp/cmake)
[25.663s] -- Using all available rosidl_typesupport_c: rosidl_typesupport_fastrtps_c;rosidl_typesupport_introspection_c
[25.686s] -- Using all available rosidl_typesupport_cpp: rosidl_typesupport_fastrtps_cpp;rosidl_typesupport_introspection_cpp
[25.738s] -- Found nav_msgs: 4.2.4 (/opt/ros/humble/share/nav_msgs/cmake)
[25.760s] -- Found rclcpp: 16.0.10 (/opt/ros/humble/share/rclcpp/cmake)
[25.805s] -- Found rmw_implementation_cmake: 6.1.2 (/opt/ros/humble/share/rmw_implementation_cmake/cmake)
[25.808s] -- Found rmw_fastrtps_cpp: 6.2.7 (/opt/ros/humble/share/rmw_fastrtps_cpp/cmake)
[31.214s] -- Using RMW implementation 'rmw_fastrtps_cpp' as default
[31.272s] -- Found sensor_msgs: 4.2.4 (/opt/ros/humble/share/sensor_msgs/cmake)
[31.297s] -- Found tf2: 0.25.8 (/opt/ros/humble/share/tf2/cmake)
[31.407s] -- Configuring done
[31.462s] -- Generating done
[31.468s] -- Build files have been written to: /home/lincunha/SESASR/lab02/build/turtlebot3_gazebo
[31.483s] Invoked command in '/home/lincunha/SESASR/lab02/build/turtlebot3_gazebo' returned '0': CMAKE_PREFIX_PATH=/opt/ros/humble /usr/bin/cmake /home/lincunha/SESASR/lab02/src/turtlebot3_simulations/turtlebot3_gazebo -DCMAKE_INSTALL_PREFIX=/home/lincunha/SESASR/lab02/install/turtlebot3_gazebo
[31.487s] Invoking command in '/home/lincunha/SESASR/lab02/build/turtlebot3_gazebo': CMAKE_PREFIX_PATH=/opt/ros/humble /usr/bin/cmake --build /home/lincunha/SESASR/lab02/build/turtlebot3_gazebo -- -j8 -l8
[31.549s] [35m[1mConsolidate compiler generated dependencies of target turtlebot3_drive[0m
[31.551s] [35m[1mConsolidate compiler generated dependencies of target obstacle2[0m
[31.552s] [35m[1mConsolidate compiler generated dependencies of target obstacles[0m
[31.554s] [35m[1mConsolidate compiler generated dependencies of target obstacle1[0m
[31.580s] [ 25%] Built target turtlebot3_drive
[31.620s] [ 50%] Built target obstacles
[31.620s] [ 75%] Built target obstacle2
[31.626s] [100%] Built target obstacle1
[31.645s] Invoked command in '/home/lincunha/SESASR/lab02/build/turtlebot3_gazebo' returned '0': CMAKE_PREFIX_PATH=/opt/ros/humble /usr/bin/cmake --build /home/lincunha/SESASR/lab02/build/turtlebot3_gazebo -- -j8 -l8
[31.709s] Invoking command in '/home/lincunha/SESASR/lab02/build/turtlebot3_gazebo': CMAKE_PREFIX_PATH=/opt/ros/humble /usr/bin/cmake --install /home/lincunha/SESASR/lab02/build/turtlebot3_gazebo
[31.718s] -- Install configuration: ""
[31.719s] -- Execute custom install script
[31.719s] -- Up-to-date symlink: /home/lincunha/SESASR/lab02/install/turtlebot3_gazebo/lib/turtlebot3_gazebo/turtlebot3_drive
[31.721s] -- Up-to-date symlink: /home/lincunha/SESASR/lab02/install/turtlebot3_gazebo/share/turtlebot3_gazebo//launch/empty_world.launch.py
[31.722s] -- Up-to-date symlink: /home/lincunha/SESASR/lab02/install/turtlebot3_gazebo/share/turtlebot3_gazebo//launch/lab02.launch.py
[31.722s] -- Up-to-date symlink: /home/lincunha/SESASR/lab02/install/turtlebot3_gazebo/share/turtlebot3_gazebo//launch/robot_state_publisher.launch.py
[31.723s] -- Up-to-date symlink: /home/lincunha/SESASR/lab02/install/turtlebot3_gazebo/share/turtlebot3_gazebo//launch/spawn_turtlebot3.launch.py
[31.724s] -- Up-to-date symlink: /home/lincunha/SESASR/lab02/install/turtlebot3_gazebo/share/turtlebot3_gazebo//launch/turtlebot3_dqn_stage1.launch.py
[31.724s] -- Up-to-date symlink: /home/lincunha/SESASR/lab02/install/turtlebot3_gazebo/share/turtlebot3_gazebo//launch/turtlebot3_dqn_stage2.launch.py
[31.724s] -- Up-to-date symlink: /home/lincunha/SESASR/lab02/install/turtlebot3_gazebo/share/turtlebot3_gazebo//launch/turtlebot3_dqn_stage3.launch.py
[31.724s] -- Up-to-date symlink: /home/lincunha/SESASR/lab02/install/turtlebot3_gazebo/share/turtlebot3_gazebo//launch/turtlebot3_dqn_stage4.launch.py
[31.725s] -- Up-to-date symlink: /home/lincunha/SESASR/lab02/install/turtlebot3_gazebo/share/turtlebot3_gazebo//launch/turtlebot3_house.launch.py
[31.725s] -- Up-to-date symlink: /home/lincunha/SESASR/lab02/install/turtlebot3_gazebo/share/turtlebot3_gazebo//launch/turtlebot3_world.launch.py
[31.726s] -- Up-to-date symlink: /home/lincunha/SESASR/lab02/install/turtlebot3_gazebo/share/turtlebot3_gazebo//models/turtlebot3_burger/model-1_4.sdf
[31.727s] -- Up-to-date symlink: /home/lincunha/SESASR/lab02/install/turtlebot3_gazebo/share/turtlebot3_gazebo//models/turtlebot3_burger/model.config
[31.728s] -- Up-to-date symlink: /home/lincunha/SESASR/lab02/install/turtlebot3_gazebo/share/turtlebot3_gazebo//models/turtlebot3_burger/model.sdf
[31.728s] -- Up-to-date symlink: /home/lincunha/SESASR/lab02/install/turtlebot3_gazebo/share/turtlebot3_gazebo//models/turtlebot3_common/meshes/burger_base.dae
[31.729s] -- Up-to-date symlink: /home/lincunha/SESASR/lab02/install/turtlebot3_gazebo/share/turtlebot3_gazebo//models/turtlebot3_common/meshes/lds.dae
[31.729s] -- Up-to-date symlink: /home/lincunha/SESASR/lab02/install/turtlebot3_gazebo/share/turtlebot3_gazebo//models/turtlebot3_common/meshes/r200.dae
[31.730s] -- Up-to-date symlink: /home/lincunha/SESASR/lab02/install/turtlebot3_gazebo/share/turtlebot3_gazebo//models/turtlebot3_common/meshes/tire.dae
[31.731s] -- Up-to-date symlink: /home/lincunha/SESASR/lab02/install/turtlebot3_gazebo/share/turtlebot3_gazebo//models/turtlebot3_common/meshes/waffle_base.dae
[31.733s] -- Up-to-date symlink: /home/lincunha/SESASR/lab02/install/turtlebot3_gazebo/share/turtlebot3_gazebo//models/turtlebot3_common/meshes/waffle_pi_base.dae
[31.735s] -- Up-to-date symlink: /home/lincunha/SESASR/lab02/install/turtlebot3_gazebo/share/turtlebot3_gazebo//models/turtlebot3_common/model.config
[31.735s] -- Up-to-date symlink: /home/lincunha/SESASR/lab02/install/turtlebot3_gazebo/share/turtlebot3_gazebo//models/turtlebot3_dqn_world/goal_box/model.config
[31.736s] -- Up-to-date symlink: /home/lincunha/SESASR/lab02/install/turtlebot3_gazebo/share/turtlebot3_gazebo//models/turtlebot3_dqn_world/goal_box/model.sdf
[31.737s] -- Up-to-date symlink: /home/lincunha/SESASR/lab02/install/turtlebot3_gazebo/share/turtlebot3_gazebo//models/turtlebot3_dqn_world/inner_walls/model.config
[31.737s] -- Up-to-date symlink: /home/lincunha/SESASR/lab02/install/turtlebot3_gazebo/share/turtlebot3_gazebo//models/turtlebot3_dqn_world/inner_walls/model.sdf
[31.738s] -- Up-to-date symlink: /home/lincunha/SESASR/lab02/install/turtlebot3_gazebo/share/turtlebot3_gazebo//models/turtlebot3_dqn_world/model.config
[31.738s] -- Up-to-date symlink: /home/lincunha/SESASR/lab02/install/turtlebot3_gazebo/share/turtlebot3_gazebo//models/turtlebot3_dqn_world/model.sdf
[31.738s] -- Up-to-date symlink: /home/lincunha/SESASR/lab02/install/turtlebot3_gazebo/share/turtlebot3_gazebo//models/turtlebot3_dqn_world/obstacle1/model.config
[31.739s] -- Up-to-date symlink: /home/lincunha/SESASR/lab02/install/turtlebot3_gazebo/share/turtlebot3_gazebo//models/turtlebot3_dqn_world/obstacle1/model.sdf
[31.739s] -- Up-to-date symlink: /home/lincunha/SESASR/lab02/install/turtlebot3_gazebo/share/turtlebot3_gazebo//models/turtlebot3_dqn_world/obstacle2/model.config
[31.739s] -- Up-to-date symlink: /home/lincunha/SESASR/lab02/install/turtlebot3_gazebo/share/turtlebot3_gazebo//models/turtlebot3_dqn_world/obstacle2/model.sdf
[31.740s] -- Up-to-date symlink: /home/lincunha/SESASR/lab02/install/turtlebot3_gazebo/share/turtlebot3_gazebo//models/turtlebot3_dqn_world/obstacle_plugin/CMakeLists.txt
[31.740s] -- Up-to-date symlink: /home/lincunha/SESASR/lab02/install/turtlebot3_gazebo/share/turtlebot3_gazebo//models/turtlebot3_dqn_world/obstacle_plugin/obstacle1.cc
[31.740s] -- Up-to-date symlink: /home/lincunha/SESASR/lab02/install/turtlebot3_gazebo/share/turtlebot3_gazebo//models/turtlebot3_dqn_world/obstacle_plugin/obstacle2.cc
[31.740s] -- Up-to-date symlink: /home/lincunha/SESASR/lab02/install/turtlebot3_gazebo/share/turtlebot3_gazebo//models/turtlebot3_dqn_world/obstacle_plugin/obstacles.cc
[31.740s] -- Up-to-date symlink: /home/lincunha/SESASR/lab02/install/turtlebot3_gazebo/share/turtlebot3_gazebo//models/turtlebot3_dqn_world/obstacles/model.config
[31.740s] -- Up-to-date symlink: /home/lincunha/SESASR/lab02/install/turtlebot3_gazebo/share/turtlebot3_gazebo//models/turtlebot3_dqn_world/obstacles/model.sdf
[31.741s] -- Up-to-date symlink: /home/lincunha/SESASR/lab02/install/turtlebot3_gazebo/share/turtlebot3_gazebo//models/turtlebot3_house/model.config
[31.741s] -- Up-to-date symlink: /home/lincunha/SESASR/lab02/install/turtlebot3_gazebo/share/turtlebot3_gazebo//models/turtlebot3_house/model.sdf
[31.741s] -- Up-to-date symlink: /home/lincunha/SESASR/lab02/install/turtlebot3_gazebo/share/turtlebot3_gazebo//models/turtlebot3_waffle/model-1_4.sdf
[31.741s] -- Up-to-date symlink: /home/lincunha/SESASR/lab02/install/turtlebot3_gazebo/share/turtlebot3_gazebo//models/turtlebot3_waffle/model.config
[31.741s] -- Up-to-date symlink: /home/lincunha/SESASR/lab02/install/turtlebot3_gazebo/share/turtlebot3_gazebo//models/turtlebot3_waffle/model.sdf
[31.742s] -- Up-to-date symlink: /home/lincunha/SESASR/lab02/install/turtlebot3_gazebo/share/turtlebot3_gazebo//models/turtlebot3_waffle_pi/model-1_4_.sdf
[31.742s] -- Up-to-date symlink: /home/lincunha/SESASR/lab02/install/turtlebot3_gazebo/share/turtlebot3_gazebo//models/turtlebot3_waffle_pi/model.config
[31.742s] -- Up-to-date symlink: /home/lincunha/SESASR/lab02/install/turtlebot3_gazebo/share/turtlebot3_gazebo//models/turtlebot3_waffle_pi/model.sdf
[31.743s] -- Up-to-date symlink: /home/lincunha/SESASR/lab02/install/turtlebot3_gazebo/share/turtlebot3_gazebo//models/turtlebot3_world/meshes/hexagon.dae
[31.743s] -- Up-to-date symlink: /home/lincunha/SESASR/lab02/install/turtlebot3_gazebo/share/turtlebot3_gazebo//models/turtlebot3_world/meshes/wall.dae
[31.743s] -- Up-to-date symlink: /home/lincunha/SESASR/lab02/install/turtlebot3_gazebo/share/turtlebot3_gazebo//models/turtlebot3_world/model-1_4.sdf
[31.744s] -- Up-to-date symlink: /home/lincunha/SESASR/lab02/install/turtlebot3_gazebo/share/turtlebot3_gazebo//models/turtlebot3_world/model.config
[31.744s] -- Up-to-date symlink: /home/lincunha/SESASR/lab02/install/turtlebot3_gazebo/share/turtlebot3_gazebo//models/turtlebot3_world/model.sdf
[31.745s] -- Up-to-date symlink: /home/lincunha/SESASR/lab02/install/turtlebot3_gazebo/share/turtlebot3_gazebo//rviz/tb3_gazebo.rviz
[31.745s] -- Up-to-date symlink: /home/lincunha/SESASR/lab02/install/turtlebot3_gazebo/share/turtlebot3_gazebo//urdf/common_properties.urdf
[31.745s] -- Up-to-date symlink: /home/lincunha/SESASR/lab02/install/turtlebot3_gazebo/share/turtlebot3_gazebo//urdf/turtlebot3_burger.urdf
[31.746s] -- Up-to-date symlink: /home/lincunha/SESASR/lab02/install/turtlebot3_gazebo/share/turtlebot3_gazebo//urdf/turtlebot3_waffle.urdf
[31.746s] -- Up-to-date symlink: /home/lincunha/SESASR/lab02/install/turtlebot3_gazebo/share/turtlebot3_gazebo//urdf/turtlebot3_waffle_pi.urdf
[31.746s] -- Up-to-date symlink: /home/lincunha/SESASR/lab02/install/turtlebot3_gazebo/share/turtlebot3_gazebo//worlds/empty_world.world
[31.747s] -- Up-to-date symlink: /home/lincunha/SESASR/lab02/install/turtlebot3_gazebo/share/turtlebot3_gazebo//worlds/maze.world
[31.747s] -- Up-to-date symlink: /home/lincunha/SESASR/lab02/install/turtlebot3_gazebo/share/turtlebot3_gazebo//worlds/turtlebot3_dqn_stage1.world
[31.748s] -- Up-to-date symlink: /home/lincunha/SESASR/lab02/install/turtlebot3_gazebo/share/turtlebot3_gazebo//worlds/turtlebot3_dqn_stage2.world
[31.748s] -- Up-to-date symlink: /home/lincunha/SESASR/lab02/install/turtlebot3_gazebo/share/turtlebot3_gazebo//worlds/turtlebot3_dqn_stage3.world
[31.748s] -- Up-to-date symlink: /home/lincunha/SESASR/lab02/install/turtlebot3_gazebo/share/turtlebot3_gazebo//worlds/turtlebot3_dqn_stage4.world
[31.749s] -- Up-to-date symlink: /home/lincunha/SESASR/lab02/install/turtlebot3_gazebo/share/turtlebot3_gazebo//worlds/turtlebot3_house.world
[31.749s] -- Up-to-date symlink: /home/lincunha/SESASR/lab02/install/turtlebot3_gazebo/share/turtlebot3_gazebo//worlds/turtlebot3_world.world
[31.750s] -- Up-to-date symlink: /home/lincunha/SESASR/lab02/install/turtlebot3_gazebo/include//turtlebot3_gazebo/turtlebot3_drive.hpp
[31.750s] -- Up-to-date symlink: /home/lincunha/SESASR/lab02/install/turtlebot3_gazebo/share/turtlebot3_gazebo/environment/turtlebot3_gazebo.dsv
[31.750s] -- Up-to-date symlink: /home/lincunha/SESASR/lab02/install/turtlebot3_gazebo/share/ament_index/resource_index/package_run_dependencies/turtlebot3_gazebo
[31.750s] -- Up-to-date symlink: /home/lincunha/SESASR/lab02/install/turtlebot3_gazebo/share/ament_index/resource_index/parent_prefix_path/turtlebot3_gazebo
[31.751s] -- Up-to-date symlink: /home/lincunha/SESASR/lab02/install/turtlebot3_gazebo/share/turtlebot3_gazebo/environment/ament_prefix_path.sh
[31.751s] -- Up-to-date symlink: /home/lincunha/SESASR/lab02/install/turtlebot3_gazebo/share/turtlebot3_gazebo/environment/ament_prefix_path.dsv
[31.751s] -- Up-to-date symlink: /home/lincunha/SESASR/lab02/install/turtlebot3_gazebo/share/turtlebot3_gazebo/environment/path.sh
[31.751s] -- Up-to-date symlink: /home/lincunha/SESASR/lab02/install/turtlebot3_gazebo/share/turtlebot3_gazebo/environment/path.dsv
[31.751s] -- Up-to-date symlink: /home/lincunha/SESASR/lab02/install/turtlebot3_gazebo/share/turtlebot3_gazebo/local_setup.bash
[31.751s] -- Up-to-date symlink: /home/lincunha/SESASR/lab02/install/turtlebot3_gazebo/share/turtlebot3_gazebo/local_setup.sh
[31.751s] -- Up-to-date symlink: /home/lincunha/SESASR/lab02/install/turtlebot3_gazebo/share/turtlebot3_gazebo/local_setup.zsh
[31.751s] -- Up-to-date symlink: /home/lincunha/SESASR/lab02/install/turtlebot3_gazebo/share/turtlebot3_gazebo/local_setup.dsv
[31.751s] -- Symlinking: /home/lincunha/SESASR/lab02/install/turtlebot3_gazebo/share/turtlebot3_gazebo/package.dsv
[31.762s] -- Up-to-date symlink: /home/lincunha/SESASR/lab02/install/turtlebot3_gazebo/share/ament_index/resource_index/packages/turtlebot3_gazebo
[31.762s] -- Up-to-date symlink: /home/lincunha/SESASR/lab02/install/turtlebot3_gazebo/share/turtlebot3_gazebo/cmake/ament_cmake_export_include_directories-extras.cmake
[31.763s] -- Up-to-date symlink: /home/lincunha/SESASR/lab02/install/turtlebot3_gazebo/share/turtlebot3_gazebo/cmake/ament_cmake_export_dependencies-extras.cmake
[31.763s] -- Up-to-date symlink: /home/lincunha/SESASR/lab02/install/turtlebot3_gazebo/share/turtlebot3_gazebo/cmake/turtlebot3_gazeboConfig.cmake
[31.763s] -- Up-to-date symlink: /home/lincunha/SESASR/lab02/install/turtlebot3_gazebo/share/turtlebot3_gazebo/cmake/turtlebot3_gazeboConfig-version.cmake
[31.764s] -- Up-to-date symlink: /home/lincunha/SESASR/lab02/install/turtlebot3_gazebo/share/turtlebot3_gazebo/package.xml
[31.767s] Invoked command in '/home/lincunha/SESASR/lab02/build/turtlebot3_gazebo' returned '0': CMAKE_PREFIX_PATH=/opt/ros/humble /usr/bin/cmake --install /home/lincunha/SESASR/lab02/build/turtlebot3_gazebo
