[0.087s] Invoking command in '/home/s2c2/Desktop/SESASR/lab05/build/landmark_msgs': CMAKE_PREFIX_PATH=${CMAKE_PREFIX_PATH}:/home/s2c2/Desktop/SESASR/lab05/install/turtlebot3_perception:/home/s2c2/Desktop/SESASR/lab05/install/pf_pkg:/opt/ros/humble /usr/bin/cmake --build /home/s2c2/Desktop/SESASR/lab05/build/landmark_msgs -- -j4 -l4
[0.957s] [  2%] Built target landmark_msgs__cpp
[0.958s] [ 12%] Built target landmark_msgs__rosidl_generator_c
[0.958s] [ 23%] Built target landmark_msgs__rosidl_typesupport_fastrtps_cpp
[0.958s] [ 23%] Built target ament_cmake_python_copy_landmark_msgs
[0.958s] [ 33%] Built target landmark_msgs__rosidl_typesupport_introspection_cpp
[0.958s] [ 43%] Built target landmark_msgs__rosidl_typesupport_fastrtps_c
[0.958s] [ 53%] Built target landmark_msgs__rosidl_typesupport_introspection_c
[0.958s] [ 64%] Built target landmark_msgs__rosidl_typesupport_c
[0.958s] [ 74%] Built target landmark_msgs__rosidl_typesupport_cpp
[0.958s] [ 74%] Built target landmark_msgs
[0.959s] [ 76%] Built target landmark_msgs__py
[1.054s] [ 84%] Built target landmark_msgs__rosidl_generator_py
[1.202s] [ 89%] Built target landmark_msgs__rosidl_typesupport_fastrtps_c__pyext
[1.343s] [ 94%] Built target landmark_msgs__rosidl_typesupport_c__pyext
[1.498s] [100%] Built target landmark_msgs__rosidl_typesupport_introspection_c__pyext
[1.734s] running egg_info
[1.735s] writing landmark_msgs.egg-info/PKG-INFO
[1.738s] writing dependency_links to landmark_msgs.egg-info/dependency_links.txt
[1.738s] writing top-level names to landmark_msgs.egg-info/top_level.txt
[1.745s] reading manifest file 'landmark_msgs.egg-info/SOURCES.txt'
[1.749s] writing manifest file 'landmark_msgs.egg-info/SOURCES.txt'
[1.833s] [100%] Built target ament_cmake_python_build_landmark_msgs_egg
[1.879s] Invoked command in '/home/s2c2/Desktop/SESASR/lab05/build/landmark_msgs' returned '0': CMAKE_PREFIX_PATH=${CMAKE_PREFIX_PATH}:/home/s2c2/Desktop/SESASR/lab05/install/turtlebot3_perception:/home/s2c2/Desktop/SESASR/lab05/install/pf_pkg:/opt/ros/humble /usr/bin/cmake --build /home/s2c2/Desktop/SESASR/lab05/build/landmark_msgs -- -j4 -l4
[1.885s] Invoking command in '/home/s2c2/Desktop/SESASR/lab05/build/landmark_msgs': CMAKE_PREFIX_PATH=${CMAKE_PREFIX_PATH}:/home/s2c2/Desktop/SESASR/lab05/install/turtlebot3_perception:/home/s2c2/Desktop/SESASR/lab05/install/pf_pkg:/opt/ros/humble /usr/bin/cmake --install /home/s2c2/Desktop/SESASR/lab05/build/landmark_msgs
[1.914s] -- Install configuration: ""
[1.915s] -- Up-to-date: /home/s2c2/Desktop/SESASR/lab05/install/landmark_msgs/share/ament_index/resource_index/rosidl_interfaces/landmark_msgs
[1.915s] -- Up-to-date: /home/s2c2/Desktop/SESASR/lab05/install/landmark_msgs/include/landmark_msgs/landmark_msgs
[1.916s] -- Up-to-date: /home/s2c2/Desktop/SESASR/lab05/install/landmark_msgs/include/landmark_msgs/landmark_msgs/msg
[1.917s] -- Up-to-date: /home/s2c2/Desktop/SESASR/lab05/install/landmark_msgs/include/landmark_msgs/landmark_msgs/msg/rosidl_generator_c__visibility_control.h
[1.917s] -- Up-to-date: /home/s2c2/Desktop/SESASR/lab05/install/landmark_msgs/include/landmark_msgs/landmark_msgs/msg/detail
[1.917s] -- Up-to-date: /home/s2c2/Desktop/SESASR/lab05/install/landmark_msgs/include/landmark_msgs/landmark_msgs/msg/detail/landmark__type_support.h
[1.918s] -- Up-to-date: /home/s2c2/Desktop/SESASR/lab05/install/landmark_msgs/include/landmark_msgs/landmark_msgs/msg/detail/landmark_array__struct.h
[1.919s] -- Up-to-date: /home/s2c2/Desktop/SESASR/lab05/install/landmark_msgs/include/landmark_msgs/landmark_msgs/msg/detail/landmark__functions.c
[1.919s] -- Up-to-date: /home/s2c2/Desktop/SESASR/lab05/install/landmark_msgs/include/landmark_msgs/landmark_msgs/msg/detail/landmark_array__functions.c
[1.920s] -- Up-to-date: /home/s2c2/Desktop/SESASR/lab05/install/landmark_msgs/include/landmark_msgs/landmark_msgs/msg/detail/landmark__struct.h
[1.920s] -- Up-to-date: /home/s2c2/Desktop/SESASR/lab05/install/landmark_msgs/include/landmark_msgs/landmark_msgs/msg/detail/landmark_array__functions.h
[1.921s] -- Up-to-date: /home/s2c2/Desktop/SESASR/lab05/install/landmark_msgs/include/landmark_msgs/landmark_msgs/msg/detail/landmark__functions.h
[1.921s] -- Up-to-date: /home/s2c2/Desktop/SESASR/lab05/install/landmark_msgs/include/landmark_msgs/landmark_msgs/msg/detail/landmark_array__type_support.h
[1.922s] -- Up-to-date: /home/s2c2/Desktop/SESASR/lab05/install/landmark_msgs/include/landmark_msgs/landmark_msgs/msg/landmark.h
[1.922s] -- Up-to-date: /home/s2c2/Desktop/SESASR/lab05/install/landmark_msgs/include/landmark_msgs/landmark_msgs/msg/landmark_array.h
[1.924s] -- Up-to-date: /home/s2c2/Desktop/SESASR/lab05/install/landmark_msgs/share/landmark_msgs/environment/library_path.sh
[1.924s] -- Up-to-date: /home/s2c2/Desktop/SESASR/lab05/install/landmark_msgs/share/landmark_msgs/environment/library_path.dsv
[1.924s] -- Up-to-date: /home/s2c2/Desktop/SESASR/lab05/install/landmark_msgs/lib/liblandmark_msgs__rosidl_generator_c.so
[1.925s] -- Up-to-date: /home/s2c2/Desktop/SESASR/lab05/install/landmark_msgs/include/landmark_msgs/landmark_msgs
[1.926s] -- Up-to-date: /home/s2c2/Desktop/SESASR/lab05/install/landmark_msgs/include/landmark_msgs/landmark_msgs/msg
[1.926s] -- Up-to-date: /home/s2c2/Desktop/SESASR/lab05/install/landmark_msgs/include/landmark_msgs/landmark_msgs/msg/rosidl_typesupport_fastrtps_c__visibility_control.h
[1.927s] -- Up-to-date: /home/s2c2/Desktop/SESASR/lab05/install/landmark_msgs/include/landmark_msgs/landmark_msgs/msg/detail
[1.927s] -- Up-to-date: /home/s2c2/Desktop/SESASR/lab05/install/landmark_msgs/include/landmark_msgs/landmark_msgs/msg/detail/landmark_array__rosidl_typesupport_fastrtps_c.h
[1.928s] -- Up-to-date: /home/s2c2/Desktop/SESASR/lab05/install/landmark_msgs/include/landmark_msgs/landmark_msgs/msg/detail/landmark__rosidl_typesupport_fastrtps_c.h
[1.928s] -- Up-to-date: /home/s2c2/Desktop/SESASR/lab05/install/landmark_msgs/lib/liblandmark_msgs__rosidl_typesupport_fastrtps_c.so
[1.929s] -- Up-to-date: /home/s2c2/Desktop/SESASR/lab05/install/landmark_msgs/include/landmark_msgs/landmark_msgs
[1.932s] -- Up-to-date: /home/s2c2/Desktop/SESASR/lab05/install/landmark_msgs/include/landmark_msgs/landmark_msgs/msg
[1.932s] -- Up-to-date: /home/s2c2/Desktop/SESASR/lab05/install/landmark_msgs/include/landmark_msgs/landmark_msgs/msg/detail
[1.932s] -- Up-to-date: /home/s2c2/Desktop/SESASR/lab05/install/landmark_msgs/include/landmark_msgs/landmark_msgs/msg/detail/landmark_array__type_support.c
[1.935s] -- Up-to-date: /home/s2c2/Desktop/SESASR/lab05/install/landmark_msgs/include/landmark_msgs/landmark_msgs/msg/detail/landmark__rosidl_typesupport_introspection_c.h
[1.935s] -- Up-to-date: /home/s2c2/Desktop/SESASR/lab05/install/landmark_msgs/include/landmark_msgs/landmark_msgs/msg/detail/landmark__type_support.c
[1.935s] -- Up-to-date: /home/s2c2/Desktop/SESASR/lab05/install/landmark_msgs/include/landmark_msgs/landmark_msgs/msg/detail/landmark_array__rosidl_typesupport_introspection_c.h
[1.936s] -- Up-to-date: /home/s2c2/Desktop/SESASR/lab05/install/landmark_msgs/include/landmark_msgs/landmark_msgs/msg/rosidl_typesupport_introspection_c__visibility_control.h
[1.936s] -- Up-to-date: /home/s2c2/Desktop/SESASR/lab05/install/landmark_msgs/lib/liblandmark_msgs__rosidl_typesupport_introspection_c.so
[1.936s] -- Up-to-date: /home/s2c2/Desktop/SESASR/lab05/install/landmark_msgs/lib/liblandmark_msgs__rosidl_typesupport_c.so
[1.936s] -- Up-to-date: /home/s2c2/Desktop/SESASR/lab05/install/landmark_msgs/include/landmark_msgs/landmark_msgs
[1.936s] -- Up-to-date: /home/s2c2/Desktop/SESASR/lab05/install/landmark_msgs/include/landmark_msgs/landmark_msgs/msg
[1.937s] -- Up-to-date: /home/s2c2/Desktop/SESASR/lab05/install/landmark_msgs/include/landmark_msgs/landmark_msgs/msg/detail
[1.937s] -- Up-to-date: /home/s2c2/Desktop/SESASR/lab05/install/landmark_msgs/include/landmark_msgs/landmark_msgs/msg/detail/landmark__struct.hpp
[1.941s] -- Up-to-date: /home/s2c2/Desktop/SESASR/lab05/install/landmark_msgs/include/landmark_msgs/landmark_msgs/msg/detail/landmark__type_support.hpp
[1.941s] -- Up-to-date: /home/s2c2/Desktop/SESASR/lab05/install/landmark_msgs/include/landmark_msgs/landmark_msgs/msg/detail/landmark__builder.hpp
[1.942s] -- Up-to-date: /home/s2c2/Desktop/SESASR/lab05/install/landmark_msgs/include/landmark_msgs/landmark_msgs/msg/detail/landmark_array__traits.hpp
[1.944s] -- Up-to-date: /home/s2c2/Desktop/SESASR/lab05/install/landmark_msgs/include/landmark_msgs/landmark_msgs/msg/detail/landmark__traits.hpp
[1.944s] -- Up-to-date: /home/s2c2/Desktop/SESASR/lab05/install/landmark_msgs/include/landmark_msgs/landmark_msgs/msg/detail/landmark_array__struct.hpp
[1.944s] -- Up-to-date: /home/s2c2/Desktop/SESASR/lab05/install/landmark_msgs/include/landmark_msgs/landmark_msgs/msg/detail/landmark_array__type_support.hpp
[1.944s] -- Up-to-date: /home/s2c2/Desktop/SESASR/lab05/install/landmark_msgs/include/landmark_msgs/landmark_msgs/msg/detail/landmark_array__builder.hpp
[1.944s] -- Up-to-date: /home/s2c2/Desktop/SESASR/lab05/install/landmark_msgs/include/landmark_msgs/landmark_msgs/msg/rosidl_generator_cpp__visibility_control.hpp
[1.945s] -- Up-to-date: /home/s2c2/Desktop/SESASR/lab05/install/landmark_msgs/include/landmark_msgs/landmark_msgs/msg/landmark_array.hpp
[1.945s] -- Up-to-date: /home/s2c2/Desktop/SESASR/lab05/install/landmark_msgs/include/landmark_msgs/landmark_msgs/msg/landmark.hpp
[1.945s] -- Up-to-date: /home/s2c2/Desktop/SESASR/lab05/install/landmark_msgs/include/landmark_msgs/landmark_msgs
[1.945s] -- Up-to-date: /home/s2c2/Desktop/SESASR/lab05/install/landmark_msgs/include/landmark_msgs/landmark_msgs/msg
[1.945s] -- Up-to-date: /home/s2c2/Desktop/SESASR/lab05/install/landmark_msgs/include/landmark_msgs/landmark_msgs/msg/rosidl_typesupport_fastrtps_cpp__visibility_control.h
[1.945s] -- Up-to-date: /home/s2c2/Desktop/SESASR/lab05/install/landmark_msgs/include/landmark_msgs/landmark_msgs/msg/detail
[1.945s] -- Up-to-date: /home/s2c2/Desktop/SESASR/lab05/install/landmark_msgs/include/landmark_msgs/landmark_msgs/msg/detail/landmark__rosidl_typesupport_fastrtps_cpp.hpp
[1.946s] -- Up-to-date: /home/s2c2/Desktop/SESASR/lab05/install/landmark_msgs/include/landmark_msgs/landmark_msgs/msg/detail/dds_fastrtps
[1.947s] -- Up-to-date: /home/s2c2/Desktop/SESASR/lab05/install/landmark_msgs/include/landmark_msgs/landmark_msgs/msg/detail/landmark_array__rosidl_typesupport_fastrtps_cpp.hpp
[1.949s] -- Up-to-date: /home/s2c2/Desktop/SESASR/lab05/install/landmark_msgs/lib/liblandmark_msgs__rosidl_typesupport_fastrtps_cpp.so
[1.949s] -- Up-to-date: /home/s2c2/Desktop/SESASR/lab05/install/landmark_msgs/include/landmark_msgs/landmark_msgs
[1.950s] -- Up-to-date: /home/s2c2/Desktop/SESASR/lab05/install/landmark_msgs/include/landmark_msgs/landmark_msgs/msg
[1.950s] -- Up-to-date: /home/s2c2/Desktop/SESASR/lab05/install/landmark_msgs/include/landmark_msgs/landmark_msgs/msg/detail
[1.950s] -- Up-to-date: /home/s2c2/Desktop/SESASR/lab05/install/landmark_msgs/include/landmark_msgs/landmark_msgs/msg/detail/landmark_array__rosidl_typesupport_introspection_cpp.hpp
[1.950s] -- Up-to-date: /home/s2c2/Desktop/SESASR/lab05/install/landmark_msgs/include/landmark_msgs/landmark_msgs/msg/detail/landmark__rosidl_typesupport_introspection_cpp.hpp
[1.950s] -- Up-to-date: /home/s2c2/Desktop/SESASR/lab05/install/landmark_msgs/include/landmark_msgs/landmark_msgs/msg/detail/landmark__type_support.cpp
[1.951s] -- Up-to-date: /home/s2c2/Desktop/SESASR/lab05/install/landmark_msgs/include/landmark_msgs/landmark_msgs/msg/detail/landmark_array__type_support.cpp
[1.951s] -- Up-to-date: /home/s2c2/Desktop/SESASR/lab05/install/landmark_msgs/lib/liblandmark_msgs__rosidl_typesupport_introspection_cpp.so
[1.951s] -- Up-to-date: /home/s2c2/Desktop/SESASR/lab05/install/landmark_msgs/lib/liblandmark_msgs__rosidl_typesupport_cpp.so
[1.951s] -- Up-to-date: /home/s2c2/Desktop/SESASR/lab05/install/landmark_msgs/share/landmark_msgs/environment/pythonpath.sh
[1.951s] -- Up-to-date: /home/s2c2/Desktop/SESASR/lab05/install/landmark_msgs/share/landmark_msgs/environment/pythonpath.dsv
[1.951s] -- Up-to-date: /home/s2c2/Desktop/SESASR/lab05/install/landmark_msgs/local/lib/python3.10/dist-packages/landmark_msgs-0.0.0-py3.10.egg-info
[1.953s] -- Installing: /home/s2c2/Desktop/SESASR/lab05/install/landmark_msgs/local/lib/python3.10/dist-packages/landmark_msgs-0.0.0-py3.10.egg-info/PKG-INFO
[1.954s] -- Installing: /home/s2c2/Desktop/SESASR/lab05/install/landmark_msgs/local/lib/python3.10/dist-packages/landmark_msgs-0.0.0-py3.10.egg-info/top_level.txt
[1.954s] -- Installing: /home/s2c2/Desktop/SESASR/lab05/install/landmark_msgs/local/lib/python3.10/dist-packages/landmark_msgs-0.0.0-py3.10.egg-info/SOURCES.txt
[1.955s] -- Installing: /home/s2c2/Desktop/SESASR/lab05/install/landmark_msgs/local/lib/python3.10/dist-packages/landmark_msgs-0.0.0-py3.10.egg-info/dependency_links.txt
[1.956s] -- Up-to-date: /home/s2c2/Desktop/SESASR/lab05/install/landmark_msgs/local/lib/python3.10/dist-packages/landmark_msgs
[1.956s] -- Up-to-date: /home/s2c2/Desktop/SESASR/lab05/install/landmark_msgs/local/lib/python3.10/dist-packages/landmark_msgs/liblandmark_msgs__rosidl_generator_py.so
[1.957s] -- Up-to-date: /home/s2c2/Desktop/SESASR/lab05/install/landmark_msgs/local/lib/python3.10/dist-packages/landmark_msgs/landmark_msgs_s__rosidl_typesupport_introspection_c.cpython-310-x86_64-linux-gnu.so
[1.957s] -- Up-to-date: /home/s2c2/Desktop/SESASR/lab05/install/landmark_msgs/local/lib/python3.10/dist-packages/landmark_msgs/_landmark_msgs_s.ep.rosidl_typesupport_fastrtps_c.c
[1.957s] -- Up-to-date: /home/s2c2/Desktop/SESASR/lab05/install/landmark_msgs/local/lib/python3.10/dist-packages/landmark_msgs/__init__.py
[1.958s] -- Up-to-date: /home/s2c2/Desktop/SESASR/lab05/install/landmark_msgs/local/lib/python3.10/dist-packages/landmark_msgs/landmark_msgs_s__rosidl_typesupport_fastrtps_c.cpython-310-x86_64-linux-gnu.so
[1.958s] -- Up-to-date: /home/s2c2/Desktop/SESASR/lab05/install/landmark_msgs/local/lib/python3.10/dist-packages/landmark_msgs/_landmark_msgs_s.ep.rosidl_typesupport_c.c
[1.961s] -- Up-to-date: /home/s2c2/Desktop/SESASR/lab05/install/landmark_msgs/local/lib/python3.10/dist-packages/landmark_msgs/msg
[1.961s] -- Up-to-date: /home/s2c2/Desktop/SESASR/lab05/install/landmark_msgs/local/lib/python3.10/dist-packages/landmark_msgs/msg/__init__.py
[1.961s] -- Up-to-date: /home/s2c2/Desktop/SESASR/lab05/install/landmark_msgs/local/lib/python3.10/dist-packages/landmark_msgs/msg/_landmark.py
[1.961s] -- Up-to-date: /home/s2c2/Desktop/SESASR/lab05/install/landmark_msgs/local/lib/python3.10/dist-packages/landmark_msgs/msg/_landmark_array_s.c
[1.961s] -- Up-to-date: /home/s2c2/Desktop/SESASR/lab05/install/landmark_msgs/local/lib/python3.10/dist-packages/landmark_msgs/msg/_landmark_s.c
[1.961s] -- Up-to-date: /home/s2c2/Desktop/SESASR/lab05/install/landmark_msgs/local/lib/python3.10/dist-packages/landmark_msgs/msg/_landmark_array.py
[1.961s] -- Up-to-date: /home/s2c2/Desktop/SESASR/lab05/install/landmark_msgs/local/lib/python3.10/dist-packages/landmark_msgs/_landmark_msgs_s.ep.rosidl_typesupport_introspection_c.c
[1.961s] -- Up-to-date: /home/s2c2/Desktop/SESASR/lab05/install/landmark_msgs/local/lib/python3.10/dist-packages/landmark_msgs/landmark_msgs_s__rosidl_typesupport_c.cpython-310-x86_64-linux-gnu.so
[2.063s] Listing '/home/s2c2/Desktop/SESASR/lab05/install/landmark_msgs/local/lib/python3.10/dist-packages/landmark_msgs'...
[2.063s] Listing '/home/s2c2/Desktop/SESASR/lab05/install/landmark_msgs/local/lib/python3.10/dist-packages/landmark_msgs/msg'...
[2.069s] -- Up-to-date: /home/s2c2/Desktop/SESASR/lab05/install/landmark_msgs/local/lib/python3.10/dist-packages/landmark_msgs/landmark_msgs_s__rosidl_typesupport_fastrtps_c.cpython-310-x86_64-linux-gnu.so
[2.074s] -- Up-to-date: /home/s2c2/Desktop/SESASR/lab05/install/landmark_msgs/local/lib/python3.10/dist-packages/landmark_msgs/landmark_msgs_s__rosidl_typesupport_introspection_c.cpython-310-x86_64-linux-gnu.so
[2.075s] -- Up-to-date: /home/s2c2/Desktop/SESASR/lab05/install/landmark_msgs/local/lib/python3.10/dist-packages/landmark_msgs/landmark_msgs_s__rosidl_typesupport_c.cpython-310-x86_64-linux-gnu.so
[2.075s] -- Up-to-date: /home/s2c2/Desktop/SESASR/lab05/install/landmark_msgs/lib/liblandmark_msgs__rosidl_generator_py.so
[2.079s] -- Up-to-date: /home/s2c2/Desktop/SESASR/lab05/install/landmark_msgs/share/landmark_msgs/msg/Landmark.idl
[2.080s] -- Up-to-date: /home/s2c2/Desktop/SESASR/lab05/install/landmark_msgs/share/landmark_msgs/msg/LandmarkArray.idl
[2.081s] -- Up-to-date: /home/s2c2/Desktop/SESASR/lab05/install/landmark_msgs/share/landmark_msgs/msg/Landmark.msg
[2.081s] -- Up-to-date: /home/s2c2/Desktop/SESASR/lab05/install/landmark_msgs/share/landmark_msgs/msg/LandmarkArray.msg
[2.084s] -- Up-to-date: /home/s2c2/Desktop/SESASR/lab05/install/landmark_msgs/share/ament_index/resource_index/package_run_dependencies/landmark_msgs
[2.088s] -- Up-to-date: /home/s2c2/Desktop/SESASR/lab05/install/landmark_msgs/share/ament_index/resource_index/parent_prefix_path/landmark_msgs
[2.089s] -- Up-to-date: /home/s2c2/Desktop/SESASR/lab05/install/landmark_msgs/share/landmark_msgs/environment/ament_prefix_path.sh
[2.090s] -- Up-to-date: /home/s2c2/Desktop/SESASR/lab05/install/landmark_msgs/share/landmark_msgs/environment/ament_prefix_path.dsv
[2.091s] -- Up-to-date: /home/s2c2/Desktop/SESASR/lab05/install/landmark_msgs/share/landmark_msgs/environment/path.sh
[2.091s] -- Up-to-date: /home/s2c2/Desktop/SESASR/lab05/install/landmark_msgs/share/landmark_msgs/environment/path.dsv
[2.092s] -- Up-to-date: /home/s2c2/Desktop/SESASR/lab05/install/landmark_msgs/share/landmark_msgs/local_setup.bash
[2.092s] -- Up-to-date: /home/s2c2/Desktop/SESASR/lab05/install/landmark_msgs/share/landmark_msgs/local_setup.sh
[2.093s] -- Up-to-date: /home/s2c2/Desktop/SESASR/lab05/install/landmark_msgs/share/landmark_msgs/local_setup.zsh
[2.093s] -- Up-to-date: /home/s2c2/Desktop/SESASR/lab05/install/landmark_msgs/share/landmark_msgs/local_setup.dsv
[2.094s] -- Installing: /home/s2c2/Desktop/SESASR/lab05/install/landmark_msgs/share/landmark_msgs/package.dsv
[2.096s] -- Up-to-date: /home/s2c2/Desktop/SESASR/lab05/install/landmark_msgs/share/ament_index/resource_index/packages/landmark_msgs
[2.098s] -- Up-to-date: /home/s2c2/Desktop/SESASR/lab05/install/landmark_msgs/share/landmark_msgs/cmake/export_landmark_msgs__rosidl_generator_cExport.cmake
[2.100s] -- Up-to-date: /home/s2c2/Desktop/SESASR/lab05/install/landmark_msgs/share/landmark_msgs/cmake/export_landmark_msgs__rosidl_generator_cExport-noconfig.cmake
[2.105s] -- Up-to-date: /home/s2c2/Desktop/SESASR/lab05/install/landmark_msgs/share/landmark_msgs/cmake/export_landmark_msgs__rosidl_typesupport_fastrtps_cExport.cmake
[2.106s] -- Up-to-date: /home/s2c2/Desktop/SESASR/lab05/install/landmark_msgs/share/landmark_msgs/cmake/export_landmark_msgs__rosidl_typesupport_fastrtps_cExport-noconfig.cmake
[2.108s] -- Up-to-date: /home/s2c2/Desktop/SESASR/lab05/install/landmark_msgs/share/landmark_msgs/cmake/landmark_msgs__rosidl_typesupport_introspection_cExport.cmake
[2.108s] -- Up-to-date: /home/s2c2/Desktop/SESASR/lab05/install/landmark_msgs/share/landmark_msgs/cmake/landmark_msgs__rosidl_typesupport_introspection_cExport-noconfig.cmake
[2.110s] -- Up-to-date: /home/s2c2/Desktop/SESASR/lab05/install/landmark_msgs/share/landmark_msgs/cmake/landmark_msgs__rosidl_typesupport_cExport.cmake
[2.111s] -- Up-to-date: /home/s2c2/Desktop/SESASR/lab05/install/landmark_msgs/share/landmark_msgs/cmake/landmark_msgs__rosidl_typesupport_cExport-noconfig.cmake
[2.111s] -- Up-to-date: /home/s2c2/Desktop/SESASR/lab05/install/landmark_msgs/share/landmark_msgs/cmake/export_landmark_msgs__rosidl_generator_cppExport.cmake
[2.114s] -- Up-to-date: /home/s2c2/Desktop/SESASR/lab05/install/landmark_msgs/share/landmark_msgs/cmake/export_landmark_msgs__rosidl_typesupport_fastrtps_cppExport.cmake
[2.114s] -- Up-to-date: /home/s2c2/Desktop/SESASR/lab05/install/landmark_msgs/share/landmark_msgs/cmake/export_landmark_msgs__rosidl_typesupport_fastrtps_cppExport-noconfig.cmake
[2.115s] -- Up-to-date: /home/s2c2/Desktop/SESASR/lab05/install/landmark_msgs/share/landmark_msgs/cmake/landmark_msgs__rosidl_typesupport_introspection_cppExport.cmake
[2.116s] -- Up-to-date: /home/s2c2/Desktop/SESASR/lab05/install/landmark_msgs/share/landmark_msgs/cmake/landmark_msgs__rosidl_typesupport_introspection_cppExport-noconfig.cmake
[2.117s] -- Up-to-date: /home/s2c2/Desktop/SESASR/lab05/install/landmark_msgs/share/landmark_msgs/cmake/landmark_msgs__rosidl_typesupport_cppExport.cmake
[2.118s] -- Up-to-date: /home/s2c2/Desktop/SESASR/lab05/install/landmark_msgs/share/landmark_msgs/cmake/landmark_msgs__rosidl_typesupport_cppExport-noconfig.cmake
[2.120s] -- Up-to-date: /home/s2c2/Desktop/SESASR/lab05/install/landmark_msgs/share/landmark_msgs/cmake/export_landmark_msgs__rosidl_generator_pyExport.cmake
[2.120s] -- Up-to-date: /home/s2c2/Desktop/SESASR/lab05/install/landmark_msgs/share/landmark_msgs/cmake/export_landmark_msgs__rosidl_generator_pyExport-noconfig.cmake
[2.121s] -- Up-to-date: /home/s2c2/Desktop/SESASR/lab05/install/landmark_msgs/share/landmark_msgs/cmake/rosidl_cmake-extras.cmake
[2.121s] -- Up-to-date: /home/s2c2/Desktop/SESASR/lab05/install/landmark_msgs/share/landmark_msgs/cmake/ament_cmake_export_dependencies-extras.cmake
[2.122s] -- Up-to-date: /home/s2c2/Desktop/SESASR/lab05/install/landmark_msgs/share/landmark_msgs/cmake/ament_cmake_export_include_directories-extras.cmake
[2.122s] -- Up-to-date: /home/s2c2/Desktop/SESASR/lab05/install/landmark_msgs/share/landmark_msgs/cmake/ament_cmake_export_libraries-extras.cmake
[2.122s] -- Up-to-date: /home/s2c2/Desktop/SESASR/lab05/install/landmark_msgs/share/landmark_msgs/cmake/ament_cmake_export_targets-extras.cmake
[2.123s] -- Up-to-date: /home/s2c2/Desktop/SESASR/lab05/install/landmark_msgs/share/landmark_msgs/cmake/rosidl_cmake_export_typesupport_targets-extras.cmake
[2.123s] -- Up-to-date: /home/s2c2/Desktop/SESASR/lab05/install/landmark_msgs/share/landmark_msgs/cmake/rosidl_cmake_export_typesupport_libraries-extras.cmake
[2.123s] -- Up-to-date: /home/s2c2/Desktop/SESASR/lab05/install/landmark_msgs/share/landmark_msgs/cmake/landmark_msgsConfig.cmake
[2.123s] -- Up-to-date: /home/s2c2/Desktop/SESASR/lab05/install/landmark_msgs/share/landmark_msgs/cmake/landmark_msgsConfig-version.cmake
[2.123s] -- Up-to-date: /home/s2c2/Desktop/SESASR/lab05/install/landmark_msgs/share/landmark_msgs/package.xml
[2.132s] Invoked command in '/home/s2c2/Desktop/SESASR/lab05/build/landmark_msgs' returned '0': CMAKE_PREFIX_PATH=${CMAKE_PREFIX_PATH}:/home/s2c2/Desktop/SESASR/lab05/install/turtlebot3_perception:/home/s2c2/Desktop/SESASR/lab05/install/pf_pkg:/opt/ros/humble /usr/bin/cmake --install /home/s2c2/Desktop/SESASR/lab05/build/landmark_msgs
