[1.212s] Invoking command in '/home/lincunha/SESASR/lab02/src/lab02_pkg': PYTHONPATH=/home/lincunha/SESASR/lab02/build/lab02_pkg/prefix_override:/usr/lib/python3/dist-packages/colcon_core/task/python/colcon_distutils_commands:/home/lincunha/SESASR/lab02/install/lab02_pkg/lib/python3.10/site-packages:${PYTHONPATH} /usr/bin/python3 -W ignore:setup.py install is deprecated setup.py egg_info --egg-base ../../build/lab02_pkg build --build-base /home/lincunha/SESASR/lab02/build/lab02_pkg/build install --record /home/lincunha/SESASR/lab02/build/lab02_pkg/install.log --single-version-externally-managed install_data
[1.553s] running egg_info
[1.555s] writing ../../build/lab02_pkg/lab02_pkg.egg-info/PKG-INFO
[1.555s] writing dependency_links to ../../build/lab02_pkg/lab02_pkg.egg-info/dependency_links.txt
[1.556s] writing entry points to ../../build/lab02_pkg/lab02_pkg.egg-info/entry_points.txt
[1.556s] writing requirements to ../../build/lab02_pkg/lab02_pkg.egg-info/requires.txt
[1.556s] writing top-level names to ../../build/lab02_pkg/lab02_pkg.egg-info/top_level.txt
[1.559s] reading manifest file '../../build/lab02_pkg/lab02_pkg.egg-info/SOURCES.txt'
[1.559s] adding license file 'LICENSE'
[1.560s] writing manifest file '../../build/lab02_pkg/lab02_pkg.egg-info/SOURCES.txt'
[1.560s] running build
[1.561s] running build_py
[1.561s] copying lab02_pkg/controller.py -> /home/lincunha/SESASR/lab02/build/lab02_pkg/build/lib/lab02_pkg
[1.562s] running install
[1.562s] running install_lib
[1.564s] copying /home/lincunha/SESASR/lab02/build/lab02_pkg/build/lib/lab02_pkg/controller.py -> /home/lincunha/SESASR/lab02/install/lab02_pkg/lib/python3.10/site-packages/lab02_pkg
[1.565s] byte-compiling /home/lincunha/SESASR/lab02/install/lab02_pkg/lib/python3.10/site-packages/lab02_pkg/controller.py to controller.cpython-310.pyc
[1.566s] running install_data
[1.566s] running install_egg_info
[1.570s] removing '/home/lincunha/SESASR/lab02/install/lab02_pkg/lib/python3.10/site-packages/lab02_pkg-0.0.0-py3.10.egg-info' (and everything under it)
[1.570s] Copying ../../build/lab02_pkg/lab02_pkg.egg-info to /home/lincunha/SESASR/lab02/install/lab02_pkg/lib/python3.10/site-packages/lab02_pkg-0.0.0-py3.10.egg-info
[1.572s] running install_scripts
[1.601s] Installing controller script to /home/lincunha/SESASR/lab02/install/lab02_pkg/lib/lab02_pkg
[1.602s] Installing listener script to /home/lincunha/SESASR/lab02/install/lab02_pkg/lib/lab02_pkg
[1.602s] Installing talker script to /home/lincunha/SESASR/lab02/install/lab02_pkg/lib/lab02_pkg
[1.602s] writing list of installed files to '/home/lincunha/SESASR/lab02/build/lab02_pkg/install.log'
[1.649s] Invoked command in '/home/lincunha/SESASR/lab02/src/lab02_pkg' returned '0': PYTHONPATH=/home/lincunha/SESASR/lab02/build/lab02_pkg/prefix_override:/usr/lib/python3/dist-packages/colcon_core/task/python/colcon_distutils_commands:/home/lincunha/SESASR/lab02/install/lab02_pkg/lib/python3.10/site-packages:${PYTHONPATH} /usr/bin/python3 -W ignore:setup.py install is deprecated setup.py egg_info --egg-base ../../build/lab02_pkg build --build-base /home/lincunha/SESASR/lab02/build/lab02_pkg/build install --record /home/lincunha/SESASR/lab02/build/lab02_pkg/install.log --single-version-externally-managed install_data
