[1.431s] Invoking command in '/home/lincunha/SESASR/lab02/src/lab02_pkg': PYTHONPATH=/home/lincunha/SESASR/lab02/build/lab02_pkg/prefix_override:/usr/lib/python3/dist-packages/colcon_core/task/python/colcon_distutils_commands:/home/lincunha/SESASR/lab02/install/lab02_pkg/lib/python3.10/site-packages:${PYTHONPATH} /usr/bin/python3 -W ignore:setup.py install is deprecated setup.py egg_info --egg-base ../../build/lab02_pkg build --build-base /home/lincunha/SESASR/lab02/build/lab02_pkg/build install --record /home/lincunha/SESASR/lab02/build/lab02_pkg/install.log --single-version-externally-managed install_data
[1.753s] running egg_info
[1.754s] writing ../../build/lab02_pkg/lab02_pkg.egg-info/PKG-INFO
[1.755s] writing dependency_links to ../../build/lab02_pkg/lab02_pkg.egg-info/dependency_links.txt
[1.756s] writing entry points to ../../build/lab02_pkg/lab02_pkg.egg-info/entry_points.txt
[1.756s] writing requirements to ../../build/lab02_pkg/lab02_pkg.egg-info/requires.txt
[1.756s] writing top-level names to ../../build/lab02_pkg/lab02_pkg.egg-info/top_level.txt
[1.758s] reading manifest file '../../build/lab02_pkg/lab02_pkg.egg-info/SOURCES.txt'
[1.759s] adding license file 'LICENSE'
[1.760s] writing manifest file '../../build/lab02_pkg/lab02_pkg.egg-info/SOURCES.txt'
[1.760s] running build
[1.761s] running build_py
[1.761s] copying lab02_pkg/controller.py -> /home/lincunha/SESASR/lab02/build/lab02_pkg/build/lib/lab02_pkg
[1.761s] running install
[1.762s] running install_lib
[1.764s] copying /home/lincunha/SESASR/lab02/build/lab02_pkg/build/lib/lab02_pkg/controller.py -> /home/lincunha/SESASR/lab02/install/lab02_pkg/lib/python3.10/site-packages/lab02_pkg
[1.765s] byte-compiling /home/lincunha/SESASR/lab02/install/lab02_pkg/lib/python3.10/site-packages/lab02_pkg/controller.py to controller.cpython-310.pyc
[1.768s] running install_data
[1.768s] running install_egg_info
[1.770s] removing '/home/lincunha/SESASR/lab02/install/lab02_pkg/lib/python3.10/site-packages/lab02_pkg-0.0.0-py3.10.egg-info' (and everything under it)
[1.770s] Copying ../../build/lab02_pkg/lab02_pkg.egg-info to /home/lincunha/SESASR/lab02/install/lab02_pkg/lib/python3.10/site-packages/lab02_pkg-0.0.0-py3.10.egg-info
[1.773s] running install_scripts
[1.797s] Installing controller script to /home/lincunha/SESASR/lab02/install/lab02_pkg/lib/lab02_pkg
[1.799s] Installing listener script to /home/lincunha/SESASR/lab02/install/lab02_pkg/lib/lab02_pkg
[1.799s] Installing talker script to /home/lincunha/SESASR/lab02/install/lab02_pkg/lib/lab02_pkg
[1.800s] writing list of installed files to '/home/lincunha/SESASR/lab02/build/lab02_pkg/install.log'
[1.844s] Invoked command in '/home/lincunha/SESASR/lab02/src/lab02_pkg' returned '0': PYTHONPATH=/home/lincunha/SESASR/lab02/build/lab02_pkg/prefix_override:/usr/lib/python3/dist-packages/colcon_core/task/python/colcon_distutils_commands:/home/lincunha/SESASR/lab02/install/lab02_pkg/lib/python3.10/site-packages:${PYTHONPATH} /usr/bin/python3 -W ignore:setup.py install is deprecated setup.py egg_info --egg-base ../../build/lab02_pkg build --build-base /home/lincunha/SESASR/lab02/build/lab02_pkg/build install --record /home/lincunha/SESASR/lab02/build/lab02_pkg/install.log --single-version-externally-managed install_data
