[0.322s] DEBUG:colcon:Command line arguments: ['/usr/bin/colcon', 'build']
[0.322s] DEBUG:colcon:Parsed command line arguments: Namespace(log_base=None, log_level=None, verb_name='build', build_base='build', install_base='install', merge_install=False, symlink_install=False, test_result_base=None, continue_on_error=False, executor='parallel', parallel_workers=4, event_handlers=None, ignore_user_meta=False, metas=['./colcon.meta'], base_paths=['.'], packages_ignore=None, packages_ignore_regex=None, paths=None, packages_up_to=None, packages_up_to_regex=None, packages_above=None, packages_above_and_dependencies=None, packages_above_depth=None, packages_select_by_dep=None, packages_skip_by_dep=None, packages_skip_up_to=None, packages_select_build_failed=False, packages_skip_build_finished=False, packages_select_test_failures=False, packages_skip_test_passed=False, packages_select=None, packages_skip=None, packages_select_regex=None, packages_skip_regex=None, packages_start=None, packages_end=None, allow_overriding=[], cmake_args=None, cmake_target=None, cmake_target_skip_unavailable=False, cmake_clean_cache=False, cmake_clean_first=False, cmake_force_configure=False, ament_cmake_args=None, catkin_cmake_args=None, catkin_skip_building_tests=False, mixin_files=None, mixin=None, verb_parser=<colcon_mixin.mixin.mixin_argument.MixinArgumentDecorator object at 0x7d5ec35437f0>, verb_extension=<colcon_core.verb.build.BuildVerb object at 0x7d5ec3542b90>, main=<bound method BuildVerb.main of <colcon_core.verb.build.BuildVerb object at 0x7d5ec3542b90>>, mixin_verb=('build',))
[0.763s] Level 1:colcon.colcon_core.package_discovery:discover_packages(colcon_meta) check parameters
[0.764s] Level 1:colcon.colcon_core.package_discovery:discover_packages(recursive) check parameters
[0.764s] Level 1:colcon.colcon_core.package_discovery:discover_packages(ignore) check parameters
[0.764s] Level 1:colcon.colcon_core.package_discovery:discover_packages(path) check parameters
[0.764s] Level 1:colcon.colcon_core.package_discovery:discover_packages(colcon_meta) discover
[0.764s] Level 1:colcon.colcon_core.package_discovery:discover_packages(recursive) discover
[0.764s] INFO:colcon.colcon_core.package_discovery:Crawling recursively for packages in '/home/s2c2/Desktop/SESASR/lab05'
[0.764s] Level 1:colcon.colcon_core.package_identification:_identify(.) by extensions ['ignore', 'ignore_ament_install']
[0.764s] Level 1:colcon.colcon_core.package_identification:_identify(.) by extension 'ignore'
[0.764s] Level 1:colcon.colcon_core.package_identification:_identify(.) by extension 'ignore_ament_install'
[0.764s] Level 1:colcon.colcon_core.package_identification:_identify(.) by extensions ['colcon_pkg']
[0.765s] Level 1:colcon.colcon_core.package_identification:_identify(.) by extension 'colcon_pkg'
[0.765s] Level 1:colcon.colcon_core.package_identification:_identify(.) by extensions ['colcon_meta']
[0.765s] Level 1:colcon.colcon_core.package_identification:_identify(.) by extension 'colcon_meta'
[0.765s] Level 1:colcon.colcon_core.package_identification:_identify(.) by extensions ['ros']
[0.765s] Level 1:colcon.colcon_core.package_identification:_identify(.) by extension 'ros'
[0.782s] Level 1:colcon.colcon_core.package_identification:_identify(.) by extensions ['cmake', 'python']
[0.782s] Level 1:colcon.colcon_core.package_identification:_identify(.) by extension 'cmake'
[0.783s] Level 1:colcon.colcon_core.package_identification:_identify(.) by extension 'python'
[0.783s] Level 1:colcon.colcon_core.package_identification:_identify(.) by extensions ['python_setup_py']
[0.783s] Level 1:colcon.colcon_core.package_identification:_identify(.) by extension 'python_setup_py'
[0.783s] Level 1:colcon.colcon_core.package_identification:_identify(build) by extensions ['ignore', 'ignore_ament_install']
[0.783s] Level 1:colcon.colcon_core.package_identification:_identify(build) by extension 'ignore'
[0.784s] Level 1:colcon.colcon_core.package_identification:_identify(build) ignored
[0.784s] Level 1:colcon.colcon_core.package_identification:_identify(install) by extensions ['ignore', 'ignore_ament_install']
[0.784s] Level 1:colcon.colcon_core.package_identification:_identify(install) by extension 'ignore'
[0.784s] Level 1:colcon.colcon_core.package_identification:_identify(install) ignored
[0.784s] Level 1:colcon.colcon_core.package_identification:_identify(log) by extensions ['ignore', 'ignore_ament_install']
[0.785s] Level 1:colcon.colcon_core.package_identification:_identify(log) by extension 'ignore'
[0.785s] Level 1:colcon.colcon_core.package_identification:_identify(log) ignored
[0.785s] Level 1:colcon.colcon_core.package_identification:_identify(src) by extensions ['ignore', 'ignore_ament_install']
[0.785s] Level 1:colcon.colcon_core.package_identification:_identify(src) by extension 'ignore'
[0.785s] Level 1:colcon.colcon_core.package_identification:_identify(src) by extension 'ignore_ament_install'
[0.785s] Level 1:colcon.colcon_core.package_identification:_identify(src) by extensions ['colcon_pkg']
[0.785s] Level 1:colcon.colcon_core.package_identification:_identify(src) by extension 'colcon_pkg'
[0.786s] Level 1:colcon.colcon_core.package_identification:_identify(src) by extensions ['colcon_meta']
[0.786s] Level 1:colcon.colcon_core.package_identification:_identify(src) by extension 'colcon_meta'
[0.786s] Level 1:colcon.colcon_core.package_identification:_identify(src) by extensions ['ros']
[0.786s] Level 1:colcon.colcon_core.package_identification:_identify(src) by extension 'ros'
[0.786s] Level 1:colcon.colcon_core.package_identification:_identify(src) by extensions ['cmake', 'python']
[0.786s] Level 1:colcon.colcon_core.package_identification:_identify(src) by extension 'cmake'
[0.786s] Level 1:colcon.colcon_core.package_identification:_identify(src) by extension 'python'
[0.786s] Level 1:colcon.colcon_core.package_identification:_identify(src) by extensions ['python_setup_py']
[0.786s] Level 1:colcon.colcon_core.package_identification:_identify(src) by extension 'python_setup_py'
[0.787s] Level 1:colcon.colcon_core.package_identification:_identify(src/pf_pkg) by extensions ['ignore', 'ignore_ament_install']
[0.787s] Level 1:colcon.colcon_core.package_identification:_identify(src/pf_pkg) by extension 'ignore'
[0.787s] Level 1:colcon.colcon_core.package_identification:_identify(src/pf_pkg) by extension 'ignore_ament_install'
[0.787s] Level 1:colcon.colcon_core.package_identification:_identify(src/pf_pkg) by extensions ['colcon_pkg']
[0.787s] Level 1:colcon.colcon_core.package_identification:_identify(src/pf_pkg) by extension 'colcon_pkg'
[0.787s] Level 1:colcon.colcon_core.package_identification:_identify(src/pf_pkg) by extensions ['colcon_meta']
[0.787s] Level 1:colcon.colcon_core.package_identification:_identify(src/pf_pkg) by extension 'colcon_meta'
[0.788s] Level 1:colcon.colcon_core.package_identification:_identify(src/pf_pkg) by extensions ['ros']
[0.788s] Level 1:colcon.colcon_core.package_identification:_identify(src/pf_pkg) by extension 'ros'
[0.795s] DEBUG:colcon.colcon_core.package_identification:Package 'src/pf_pkg' with type 'ros.ament_python' and name 'pf_pkg'
[0.795s] Level 1:colcon.colcon_core.package_identification:_identify(src/turtlebot3_perception) by extensions ['ignore', 'ignore_ament_install']
[0.795s] Level 1:colcon.colcon_core.package_identification:_identify(src/turtlebot3_perception) by extension 'ignore'
[0.795s] Level 1:colcon.colcon_core.package_identification:_identify(src/turtlebot3_perception) by extension 'ignore_ament_install'
[0.796s] Level 1:colcon.colcon_core.package_identification:_identify(src/turtlebot3_perception) by extensions ['colcon_pkg']
[0.796s] Level 1:colcon.colcon_core.package_identification:_identify(src/turtlebot3_perception) by extension 'colcon_pkg'
[0.796s] Level 1:colcon.colcon_core.package_identification:_identify(src/turtlebot3_perception) by extensions ['colcon_meta']
[0.796s] Level 1:colcon.colcon_core.package_identification:_identify(src/turtlebot3_perception) by extension 'colcon_meta'
[0.796s] Level 1:colcon.colcon_core.package_identification:_identify(src/turtlebot3_perception) by extensions ['ros']
[0.796s] Level 1:colcon.colcon_core.package_identification:_identify(src/turtlebot3_perception) by extension 'ros'
[0.796s] Level 1:colcon.colcon_core.package_identification:_identify(src/turtlebot3_perception) by extensions ['cmake', 'python']
[0.796s] Level 1:colcon.colcon_core.package_identification:_identify(src/turtlebot3_perception) by extension 'cmake'
[0.796s] Level 1:colcon.colcon_core.package_identification:_identify(src/turtlebot3_perception) by extension 'python'
[0.796s] Level 1:colcon.colcon_core.package_identification:_identify(src/turtlebot3_perception) by extensions ['python_setup_py']
[0.796s] Level 1:colcon.colcon_core.package_identification:_identify(src/turtlebot3_perception) by extension 'python_setup_py'
[0.797s] Level 1:colcon.colcon_core.package_identification:_identify(src/turtlebot3_perception/landmark_msgs) by extensions ['ignore', 'ignore_ament_install']
[0.797s] Level 1:colcon.colcon_core.package_identification:_identify(src/turtlebot3_perception/landmark_msgs) by extension 'ignore'
[0.797s] Level 1:colcon.colcon_core.package_identification:_identify(src/turtlebot3_perception/landmark_msgs) by extension 'ignore_ament_install'
[0.797s] Level 1:colcon.colcon_core.package_identification:_identify(src/turtlebot3_perception/landmark_msgs) by extensions ['colcon_pkg']
[0.797s] Level 1:colcon.colcon_core.package_identification:_identify(src/turtlebot3_perception/landmark_msgs) by extension 'colcon_pkg'
[0.797s] Level 1:colcon.colcon_core.package_identification:_identify(src/turtlebot3_perception/landmark_msgs) by extensions ['colcon_meta']
[0.797s] Level 1:colcon.colcon_core.package_identification:_identify(src/turtlebot3_perception/landmark_msgs) by extension 'colcon_meta'
[0.797s] Level 1:colcon.colcon_core.package_identification:_identify(src/turtlebot3_perception/landmark_msgs) by extensions ['ros']
[0.798s] Level 1:colcon.colcon_core.package_identification:_identify(src/turtlebot3_perception/landmark_msgs) by extension 'ros'
[0.799s] DEBUG:colcon.colcon_core.package_identification:Package 'src/turtlebot3_perception/landmark_msgs' with type 'ros.ament_cmake' and name 'landmark_msgs'
[0.799s] Level 1:colcon.colcon_core.package_identification:_identify(src/turtlebot3_perception/turtlebot3_perception) by extensions ['ignore', 'ignore_ament_install']
[0.800s] Level 1:colcon.colcon_core.package_identification:_identify(src/turtlebot3_perception/turtlebot3_perception) by extension 'ignore'
[0.800s] Level 1:colcon.colcon_core.package_identification:_identify(src/turtlebot3_perception/turtlebot3_perception) by extension 'ignore_ament_install'
[0.800s] Level 1:colcon.colcon_core.package_identification:_identify(src/turtlebot3_perception/turtlebot3_perception) by extensions ['colcon_pkg']
[0.800s] Level 1:colcon.colcon_core.package_identification:_identify(src/turtlebot3_perception/turtlebot3_perception) by extension 'colcon_pkg'
[0.800s] Level 1:colcon.colcon_core.package_identification:_identify(src/turtlebot3_perception/turtlebot3_perception) by extensions ['colcon_meta']
[0.800s] Level 1:colcon.colcon_core.package_identification:_identify(src/turtlebot3_perception/turtlebot3_perception) by extension 'colcon_meta'
[0.800s] Level 1:colcon.colcon_core.package_identification:_identify(src/turtlebot3_perception/turtlebot3_perception) by extensions ['ros']
[0.800s] Level 1:colcon.colcon_core.package_identification:_identify(src/turtlebot3_perception/turtlebot3_perception) by extension 'ros'
[0.803s] DEBUG:colcon.colcon_core.package_identification:Package 'src/turtlebot3_perception/turtlebot3_perception' with type 'ros.ament_python' and name 'turtlebot3_perception'
[0.803s] Level 1:colcon.colcon_core.package_identification:_identify(src/turtlebot3_simulations) by extensions ['ignore', 'ignore_ament_install']
[0.804s] Level 1:colcon.colcon_core.package_identification:_identify(src/turtlebot3_simulations) by extension 'ignore'
[0.804s] Level 1:colcon.colcon_core.package_identification:_identify(src/turtlebot3_simulations) by extension 'ignore_ament_install'
[0.804s] Level 1:colcon.colcon_core.package_identification:_identify(src/turtlebot3_simulations) by extensions ['colcon_pkg']
[0.804s] Level 1:colcon.colcon_core.package_identification:_identify(src/turtlebot3_simulations) by extension 'colcon_pkg'
[0.804s] Level 1:colcon.colcon_core.package_identification:_identify(src/turtlebot3_simulations) by extensions ['colcon_meta']
[0.804s] Level 1:colcon.colcon_core.package_identification:_identify(src/turtlebot3_simulations) by extension 'colcon_meta'
[0.804s] Level 1:colcon.colcon_core.package_identification:_identify(src/turtlebot3_simulations) by extensions ['ros']
[0.804s] Level 1:colcon.colcon_core.package_identification:_identify(src/turtlebot3_simulations) by extension 'ros'
[0.804s] Level 1:colcon.colcon_core.package_identification:_identify(src/turtlebot3_simulations) by extensions ['cmake', 'python']
[0.804s] Level 1:colcon.colcon_core.package_identification:_identify(src/turtlebot3_simulations) by extension 'cmake'
[0.804s] Level 1:colcon.colcon_core.package_identification:_identify(src/turtlebot3_simulations) by extension 'python'
[0.805s] Level 1:colcon.colcon_core.package_identification:_identify(src/turtlebot3_simulations) by extensions ['python_setup_py']
[0.805s] Level 1:colcon.colcon_core.package_identification:_identify(src/turtlebot3_simulations) by extension 'python_setup_py'
[0.805s] Level 1:colcon.colcon_core.package_identification:_identify(src/turtlebot3_simulations/turtlebot3_fake_node) by extensions ['ignore', 'ignore_ament_install']
[0.807s] Level 1:colcon.colcon_core.package_identification:_identify(src/turtlebot3_simulations/turtlebot3_fake_node) by extension 'ignore'
[0.807s] Level 1:colcon.colcon_core.package_identification:_identify(src/turtlebot3_simulations/turtlebot3_fake_node) by extension 'ignore_ament_install'
[0.807s] Level 1:colcon.colcon_core.package_identification:_identify(src/turtlebot3_simulations/turtlebot3_fake_node) by extensions ['colcon_pkg']
[0.807s] Level 1:colcon.colcon_core.package_identification:_identify(src/turtlebot3_simulations/turtlebot3_fake_node) by extension 'colcon_pkg'
[0.807s] Level 1:colcon.colcon_core.package_identification:_identify(src/turtlebot3_simulations/turtlebot3_fake_node) by extensions ['colcon_meta']
[0.807s] Level 1:colcon.colcon_core.package_identification:_identify(src/turtlebot3_simulations/turtlebot3_fake_node) by extension 'colcon_meta'
[0.807s] Level 1:colcon.colcon_core.package_identification:_identify(src/turtlebot3_simulations/turtlebot3_fake_node) by extensions ['ros']
[0.807s] Level 1:colcon.colcon_core.package_identification:_identify(src/turtlebot3_simulations/turtlebot3_fake_node) by extension 'ros'
[0.810s] DEBUG:colcon.colcon_core.package_identification:Package 'src/turtlebot3_simulations/turtlebot3_fake_node' with type 'ros.ament_cmake' and name 'turtlebot3_fake_node'
[0.810s] Level 1:colcon.colcon_core.package_identification:_identify(src/turtlebot3_simulations/turtlebot3_gazebo) by extensions ['ignore', 'ignore_ament_install']
[0.810s] Level 1:colcon.colcon_core.package_identification:_identify(src/turtlebot3_simulations/turtlebot3_gazebo) by extension 'ignore'
[0.810s] Level 1:colcon.colcon_core.package_identification:_identify(src/turtlebot3_simulations/turtlebot3_gazebo) by extension 'ignore_ament_install'
[0.811s] Level 1:colcon.colcon_core.package_identification:_identify(src/turtlebot3_simulations/turtlebot3_gazebo) by extensions ['colcon_pkg']
[0.811s] Level 1:colcon.colcon_core.package_identification:_identify(src/turtlebot3_simulations/turtlebot3_gazebo) by extension 'colcon_pkg'
[0.811s] Level 1:colcon.colcon_core.package_identification:_identify(src/turtlebot3_simulations/turtlebot3_gazebo) by extensions ['colcon_meta']
[0.811s] Level 1:colcon.colcon_core.package_identification:_identify(src/turtlebot3_simulations/turtlebot3_gazebo) by extension 'colcon_meta'
[0.811s] Level 1:colcon.colcon_core.package_identification:_identify(src/turtlebot3_simulations/turtlebot3_gazebo) by extensions ['ros']
[0.811s] Level 1:colcon.colcon_core.package_identification:_identify(src/turtlebot3_simulations/turtlebot3_gazebo) by extension 'ros'
[0.813s] DEBUG:colcon.colcon_core.package_identification:Package 'src/turtlebot3_simulations/turtlebot3_gazebo' with type 'ros.ament_cmake' and name 'turtlebot3_gazebo'
[0.813s] Level 1:colcon.colcon_core.package_identification:_identify(src/turtlebot3_simulations/turtlebot3_ignition) by extensions ['ignore', 'ignore_ament_install']
[0.814s] Level 1:colcon.colcon_core.package_identification:_identify(src/turtlebot3_simulations/turtlebot3_ignition) by extension 'ignore'
[0.814s] Level 1:colcon.colcon_core.package_identification:_identify(src/turtlebot3_simulations/turtlebot3_ignition) ignored
[0.814s] Level 1:colcon.colcon_core.package_identification:_identify(src/turtlebot3_simulations/turtlebot3_simulations) by extensions ['ignore', 'ignore_ament_install']
[0.814s] Level 1:colcon.colcon_core.package_identification:_identify(src/turtlebot3_simulations/turtlebot3_simulations) by extension 'ignore'
[0.814s] Level 1:colcon.colcon_core.package_identification:_identify(src/turtlebot3_simulations/turtlebot3_simulations) by extension 'ignore_ament_install'
[0.814s] Level 1:colcon.colcon_core.package_identification:_identify(src/turtlebot3_simulations/turtlebot3_simulations) by extensions ['colcon_pkg']
[0.814s] Level 1:colcon.colcon_core.package_identification:_identify(src/turtlebot3_simulations/turtlebot3_simulations) by extension 'colcon_pkg'
[0.814s] Level 1:colcon.colcon_core.package_identification:_identify(src/turtlebot3_simulations/turtlebot3_simulations) by extensions ['colcon_meta']
[0.814s] Level 1:colcon.colcon_core.package_identification:_identify(src/turtlebot3_simulations/turtlebot3_simulations) by extension 'colcon_meta'
[0.814s] Level 1:colcon.colcon_core.package_identification:_identify(src/turtlebot3_simulations/turtlebot3_simulations) by extensions ['ros']
[0.815s] Level 1:colcon.colcon_core.package_identification:_identify(src/turtlebot3_simulations/turtlebot3_simulations) by extension 'ros'
[0.816s] DEBUG:colcon.colcon_core.package_identification:Package 'src/turtlebot3_simulations/turtlebot3_simulations' with type 'ros.ament_cmake' and name 'turtlebot3_simulations'
[0.817s] Level 1:colcon.colcon_core.package_discovery:discover_packages(recursive) using defaults
[0.817s] Level 1:colcon.colcon_core.package_discovery:discover_packages(ignore) discover
[0.817s] Level 1:colcon.colcon_core.package_discovery:discover_packages(ignore) using defaults
[0.817s] Level 1:colcon.colcon_core.package_discovery:discover_packages(path) discover
[0.817s] Level 1:colcon.colcon_core.package_discovery:discover_packages(path) using defaults
[0.889s] Level 1:colcon.colcon_core.package_discovery:discover_packages(prefix_path) check parameters
[0.889s] Level 1:colcon.colcon_core.package_discovery:discover_packages(prefix_path) discover
[0.897s] DEBUG:colcon.colcon_installed_package_information.package_discovery:Found 6 installed packages in /home/s2c2/Desktop/SESASR/lab05/install
[0.900s] DEBUG:colcon.colcon_installed_package_information.package_discovery:Found 373 installed packages in /opt/ros/humble
[0.905s] Level 1:colcon.colcon_core.package_discovery:discover_packages(prefix_path) using defaults
[0.998s] Level 5:colcon.colcon_core.verb:set package 'landmark_msgs' build argument 'cmake_args' from command line to 'None'
[0.998s] Level 5:colcon.colcon_core.verb:set package 'landmark_msgs' build argument 'cmake_target' from command line to 'None'
[0.998s] Level 5:colcon.colcon_core.verb:set package 'landmark_msgs' build argument 'cmake_target_skip_unavailable' from command line to 'False'
[0.998s] Level 5:colcon.colcon_core.verb:set package 'landmark_msgs' build argument 'cmake_clean_cache' from command line to 'False'
[0.998s] Level 5:colcon.colcon_core.verb:set package 'landmark_msgs' build argument 'cmake_clean_first' from command line to 'False'
[0.998s] Level 5:colcon.colcon_core.verb:set package 'landmark_msgs' build argument 'cmake_force_configure' from command line to 'False'
[0.998s] Level 5:colcon.colcon_core.verb:set package 'landmark_msgs' build argument 'ament_cmake_args' from command line to 'None'
[0.998s] Level 5:colcon.colcon_core.verb:set package 'landmark_msgs' build argument 'catkin_cmake_args' from command line to 'None'
[0.999s] Level 5:colcon.colcon_core.verb:set package 'landmark_msgs' build argument 'catkin_skip_building_tests' from command line to 'False'
[0.999s] DEBUG:colcon.colcon_core.verb:Building package 'landmark_msgs' with the following arguments: {'ament_cmake_args': None, 'build_base': '/home/s2c2/Desktop/SESASR/lab05/build/landmark_msgs', 'catkin_cmake_args': None, 'catkin_skip_building_tests': False, 'cmake_args': None, 'cmake_clean_cache': False, 'cmake_clean_first': False, 'cmake_force_configure': False, 'cmake_target': None, 'cmake_target_skip_unavailable': False, 'install_base': '/home/s2c2/Desktop/SESASR/lab05/install/landmark_msgs', 'merge_install': False, 'path': '/home/s2c2/Desktop/SESASR/lab05/src/turtlebot3_perception/landmark_msgs', 'symlink_install': False, 'test_result_base': None}
[1.000s] Level 5:colcon.colcon_core.verb:set package 'pf_pkg' build argument 'cmake_args' from command line to 'None'
[1.000s] Level 5:colcon.colcon_core.verb:set package 'pf_pkg' build argument 'cmake_target' from command line to 'None'
[1.000s] Level 5:colcon.colcon_core.verb:set package 'pf_pkg' build argument 'cmake_target_skip_unavailable' from command line to 'False'
[1.000s] Level 5:colcon.colcon_core.verb:set package 'pf_pkg' build argument 'cmake_clean_cache' from command line to 'False'
[1.000s] Level 5:colcon.colcon_core.verb:set package 'pf_pkg' build argument 'cmake_clean_first' from command line to 'False'
[1.000s] Level 5:colcon.colcon_core.verb:set package 'pf_pkg' build argument 'cmake_force_configure' from command line to 'False'
[1.000s] Level 5:colcon.colcon_core.verb:set package 'pf_pkg' build argument 'ament_cmake_args' from command line to 'None'
[1.000s] Level 5:colcon.colcon_core.verb:set package 'pf_pkg' build argument 'catkin_cmake_args' from command line to 'None'
[1.000s] Level 5:colcon.colcon_core.verb:set package 'pf_pkg' build argument 'catkin_skip_building_tests' from command line to 'False'
[1.000s] DEBUG:colcon.colcon_core.verb:Building package 'pf_pkg' with the following arguments: {'ament_cmake_args': None, 'build_base': '/home/s2c2/Desktop/SESASR/lab05/build/pf_pkg', 'catkin_cmake_args': None, 'catkin_skip_building_tests': False, 'cmake_args': None, 'cmake_clean_cache': False, 'cmake_clean_first': False, 'cmake_force_configure': False, 'cmake_target': None, 'cmake_target_skip_unavailable': False, 'install_base': '/home/s2c2/Desktop/SESASR/lab05/install/pf_pkg', 'merge_install': False, 'path': '/home/s2c2/Desktop/SESASR/lab05/src/pf_pkg', 'symlink_install': False, 'test_result_base': None}
[1.001s] Level 5:colcon.colcon_core.verb:set package 'turtlebot3_fake_node' build argument 'cmake_args' from command line to 'None'
[1.001s] Level 5:colcon.colcon_core.verb:set package 'turtlebot3_fake_node' build argument 'cmake_target' from command line to 'None'
[1.001s] Level 5:colcon.colcon_core.verb:set package 'turtlebot3_fake_node' build argument 'cmake_target_skip_unavailable' from command line to 'False'
[1.002s] Level 5:colcon.colcon_core.verb:set package 'turtlebot3_fake_node' build argument 'cmake_clean_cache' from command line to 'False'
[1.002s] Level 5:colcon.colcon_core.verb:set package 'turtlebot3_fake_node' build argument 'cmake_clean_first' from command line to 'False'
[1.002s] Level 5:colcon.colcon_core.verb:set package 'turtlebot3_fake_node' build argument 'cmake_force_configure' from command line to 'False'
[1.002s] Level 5:colcon.colcon_core.verb:set package 'turtlebot3_fake_node' build argument 'ament_cmake_args' from command line to 'None'
[1.002s] Level 5:colcon.colcon_core.verb:set package 'turtlebot3_fake_node' build argument 'catkin_cmake_args' from command line to 'None'
[1.002s] Level 5:colcon.colcon_core.verb:set package 'turtlebot3_fake_node' build argument 'catkin_skip_building_tests' from command line to 'False'
[1.002s] DEBUG:colcon.colcon_core.verb:Building package 'turtlebot3_fake_node' with the following arguments: {'ament_cmake_args': None, 'build_base': '/home/s2c2/Desktop/SESASR/lab05/build/turtlebot3_fake_node', 'catkin_cmake_args': None, 'catkin_skip_building_tests': False, 'cmake_args': None, 'cmake_clean_cache': False, 'cmake_clean_first': False, 'cmake_force_configure': False, 'cmake_target': None, 'cmake_target_skip_unavailable': False, 'install_base': '/home/s2c2/Desktop/SESASR/lab05/install/turtlebot3_fake_node', 'merge_install': False, 'path': '/home/s2c2/Desktop/SESASR/lab05/src/turtlebot3_simulations/turtlebot3_fake_node', 'symlink_install': False, 'test_result_base': None}
[1.003s] Level 5:colcon.colcon_core.verb:set package 'turtlebot3_gazebo' build argument 'cmake_args' from command line to 'None'
[1.003s] Level 5:colcon.colcon_core.verb:set package 'turtlebot3_gazebo' build argument 'cmake_target' from command line to 'None'
[1.003s] Level 5:colcon.colcon_core.verb:set package 'turtlebot3_gazebo' build argument 'cmake_target_skip_unavailable' from command line to 'False'
[1.003s] Level 5:colcon.colcon_core.verb:set package 'turtlebot3_gazebo' build argument 'cmake_clean_cache' from command line to 'False'
[1.003s] Level 5:colcon.colcon_core.verb:set package 'turtlebot3_gazebo' build argument 'cmake_clean_first' from command line to 'False'
[1.003s] Level 5:colcon.colcon_core.verb:set package 'turtlebot3_gazebo' build argument 'cmake_force_configure' from command line to 'False'
[1.003s] Level 5:colcon.colcon_core.verb:set package 'turtlebot3_gazebo' build argument 'ament_cmake_args' from command line to 'None'
[1.003s] Level 5:colcon.colcon_core.verb:set package 'turtlebot3_gazebo' build argument 'catkin_cmake_args' from command line to 'None'
[1.003s] Level 5:colcon.colcon_core.verb:set package 'turtlebot3_gazebo' build argument 'catkin_skip_building_tests' from command line to 'False'
[1.003s] DEBUG:colcon.colcon_core.verb:Building package 'turtlebot3_gazebo' with the following arguments: {'ament_cmake_args': None, 'build_base': '/home/s2c2/Desktop/SESASR/lab05/build/turtlebot3_gazebo', 'catkin_cmake_args': None, 'catkin_skip_building_tests': False, 'cmake_args': None, 'cmake_clean_cache': False, 'cmake_clean_first': False, 'cmake_force_configure': False, 'cmake_target': None, 'cmake_target_skip_unavailable': False, 'install_base': '/home/s2c2/Desktop/SESASR/lab05/install/turtlebot3_gazebo', 'merge_install': False, 'path': '/home/s2c2/Desktop/SESASR/lab05/src/turtlebot3_simulations/turtlebot3_gazebo', 'symlink_install': False, 'test_result_base': None}
[1.004s] Level 5:colcon.colcon_core.verb:set package 'turtlebot3_perception' build argument 'cmake_args' from command line to 'None'
[1.005s] Level 5:colcon.colcon_core.verb:set package 'turtlebot3_perception' build argument 'cmake_target' from command line to 'None'
[1.005s] Level 5:colcon.colcon_core.verb:set package 'turtlebot3_perception' build argument 'cmake_target_skip_unavailable' from command line to 'False'
[1.005s] Level 5:colcon.colcon_core.verb:set package 'turtlebot3_perception' build argument 'cmake_clean_cache' from command line to 'False'
[1.005s] Level 5:colcon.colcon_core.verb:set package 'turtlebot3_perception' build argument 'cmake_clean_first' from command line to 'False'
[1.005s] Level 5:colcon.colcon_core.verb:set package 'turtlebot3_perception' build argument 'cmake_force_configure' from command line to 'False'
[1.005s] Level 5:colcon.colcon_core.verb:set package 'turtlebot3_perception' build argument 'ament_cmake_args' from command line to 'None'
[1.005s] Level 5:colcon.colcon_core.verb:set package 'turtlebot3_perception' build argument 'catkin_cmake_args' from command line to 'None'
[1.005s] Level 5:colcon.colcon_core.verb:set package 'turtlebot3_perception' build argument 'catkin_skip_building_tests' from command line to 'False'
[1.005s] DEBUG:colcon.colcon_core.verb:Building package 'turtlebot3_perception' with the following arguments: {'ament_cmake_args': None, 'build_base': '/home/s2c2/Desktop/SESASR/lab05/build/turtlebot3_perception', 'catkin_cmake_args': None, 'catkin_skip_building_tests': False, 'cmake_args': None, 'cmake_clean_cache': False, 'cmake_clean_first': False, 'cmake_force_configure': False, 'cmake_target': None, 'cmake_target_skip_unavailable': False, 'install_base': '/home/s2c2/Desktop/SESASR/lab05/install/turtlebot3_perception', 'merge_install': False, 'path': '/home/s2c2/Desktop/SESASR/lab05/src/turtlebot3_perception/turtlebot3_perception', 'symlink_install': False, 'test_result_base': None}
[1.006s] Level 5:colcon.colcon_core.verb:set package 'turtlebot3_simulations' build argument 'cmake_args' from command line to 'None'
[1.006s] Level 5:colcon.colcon_core.verb:set package 'turtlebot3_simulations' build argument 'cmake_target' from command line to 'None'
[1.006s] Level 5:colcon.colcon_core.verb:set package 'turtlebot3_simulations' build argument 'cmake_target_skip_unavailable' from command line to 'False'
[1.006s] Level 5:colcon.colcon_core.verb:set package 'turtlebot3_simulations' build argument 'cmake_clean_cache' from command line to 'False'
[1.006s] Level 5:colcon.colcon_core.verb:set package 'turtlebot3_simulations' build argument 'cmake_clean_first' from command line to 'False'
[1.007s] Level 5:colcon.colcon_core.verb:set package 'turtlebot3_simulations' build argument 'cmake_force_configure' from command line to 'False'
[1.007s] Level 5:colcon.colcon_core.verb:set package 'turtlebot3_simulations' build argument 'ament_cmake_args' from command line to 'None'
[1.007s] Level 5:colcon.colcon_core.verb:set package 'turtlebot3_simulations' build argument 'catkin_cmake_args' from command line to 'None'
[1.007s] Level 5:colcon.colcon_core.verb:set package 'turtlebot3_simulations' build argument 'catkin_skip_building_tests' from command line to 'False'
[1.007s] DEBUG:colcon.colcon_core.verb:Building package 'turtlebot3_simulations' with the following arguments: {'ament_cmake_args': None, 'build_base': '/home/s2c2/Desktop/SESASR/lab05/build/turtlebot3_simulations', 'catkin_cmake_args': None, 'catkin_skip_building_tests': False, 'cmake_args': None, 'cmake_clean_cache': False, 'cmake_clean_first': False, 'cmake_force_configure': False, 'cmake_target': None, 'cmake_target_skip_unavailable': False, 'install_base': '/home/s2c2/Desktop/SESASR/lab05/install/turtlebot3_simulations', 'merge_install': False, 'path': '/home/s2c2/Desktop/SESASR/lab05/src/turtlebot3_simulations/turtlebot3_simulations', 'symlink_install': False, 'test_result_base': None}
[1.007s] INFO:colcon.colcon_core.executor:Executing jobs using 'parallel' executor
[1.009s] DEBUG:colcon.colcon_parallel_executor.executor.parallel:run_until_complete
[1.010s] INFO:colcon.colcon_ros.task.ament_cmake.build:Building ROS package in '/home/s2c2/Desktop/SESASR/lab05/src/turtlebot3_perception/landmark_msgs' with build type 'ament_cmake'
[1.010s] INFO:colcon.colcon_cmake.task.cmake.build:Building CMake package in '/home/s2c2/Desktop/SESASR/lab05/src/turtlebot3_perception/landmark_msgs'
[1.023s] INFO:colcon.colcon_core.plugin_system:Skipping extension 'colcon_core.shell.bat': Not used on non-Windows systems
[1.024s] INFO:colcon.colcon_core.shell:Skip shell extension 'powershell' for command environment: Not usable outside of PowerShell
[1.024s] DEBUG:colcon.colcon_core.shell:Skip shell extension 'dsv' for command environment
[1.035s] INFO:colcon.colcon_ros.task.ament_cmake.build:Building ROS package in '/home/s2c2/Desktop/SESASR/lab05/src/turtlebot3_simulations/turtlebot3_fake_node' with build type 'ament_cmake'
[1.035s] INFO:colcon.colcon_cmake.task.cmake.build:Building CMake package in '/home/s2c2/Desktop/SESASR/lab05/src/turtlebot3_simulations/turtlebot3_fake_node'
[1.036s] INFO:colcon.colcon_core.shell:Skip shell extension 'powershell' for command environment: Not usable outside of PowerShell
[1.036s] DEBUG:colcon.colcon_core.shell:Skip shell extension 'dsv' for command environment
[1.047s] INFO:colcon.colcon_ros.task.ament_python.build:Building ROS package in '/home/s2c2/Desktop/SESASR/lab05/src/pf_pkg' with build type 'ament_python'
[1.048s] Level 1:colcon.colcon_core.shell:create_environment_hook('pf_pkg', 'ament_prefix_path')
[1.049s] INFO:colcon.colcon_core.shell:Creating environment hook '/home/s2c2/Desktop/SESASR/lab05/install/pf_pkg/share/pf_pkg/hook/ament_prefix_path.ps1'
[1.052s] INFO:colcon.colcon_core.shell:Creating environment descriptor '/home/s2c2/Desktop/SESASR/lab05/install/pf_pkg/share/pf_pkg/hook/ament_prefix_path.dsv'
[1.054s] INFO:colcon.colcon_core.shell:Creating environment hook '/home/s2c2/Desktop/SESASR/lab05/install/pf_pkg/share/pf_pkg/hook/ament_prefix_path.sh'
[1.057s] INFO:colcon.colcon_core.shell:Skip shell extension 'powershell' for command environment: Not usable outside of PowerShell
[1.058s] DEBUG:colcon.colcon_core.shell:Skip shell extension 'dsv' for command environment
[1.073s] INFO:colcon.colcon_ros.task.ament_cmake.build:Building ROS package in '/home/s2c2/Desktop/SESASR/lab05/src/turtlebot3_simulations/turtlebot3_gazebo' with build type 'ament_cmake'
[1.074s] INFO:colcon.colcon_cmake.task.cmake.build:Building CMake package in '/home/s2c2/Desktop/SESASR/lab05/src/turtlebot3_simulations/turtlebot3_gazebo'
[1.075s] INFO:colcon.colcon_core.shell:Skip shell extension 'powershell' for command environment: Not usable outside of PowerShell
[1.075s] DEBUG:colcon.colcon_core.shell:Skip shell extension 'dsv' for command environment
[1.101s] DEBUG:colcon.colcon_core.event_handler.log_command:Invoking command in '/home/s2c2/Desktop/SESASR/lab05/build/landmark_msgs': CMAKE_PREFIX_PATH=${CMAKE_PREFIX_PATH}:/home/s2c2/Desktop/SESASR/lab05/install/turtlebot3_perception:/home/s2c2/Desktop/SESASR/lab05/install/pf_pkg:/opt/ros/humble /usr/bin/cmake --build /home/s2c2/Desktop/SESASR/lab05/build/landmark_msgs -- -j4 -l4
[1.120s] DEBUG:colcon.colcon_core.event_handler.log_command:Invoking command in '/home/s2c2/Desktop/SESASR/lab05/build/turtlebot3_fake_node': CMAKE_PREFIX_PATH=${CMAKE_PREFIX_PATH}:/home/s2c2/Desktop/SESASR/lab05/install/turtlebot3_perception:/home/s2c2/Desktop/SESASR/lab05/install/pf_pkg:/opt/ros/humble /usr/bin/cmake --build /home/s2c2/Desktop/SESASR/lab05/build/turtlebot3_fake_node -- -j4 -l4
[1.965s] INFO:colcon.colcon_core.task.python.build:Building Python package in '/home/s2c2/Desktop/SESASR/lab05/src/pf_pkg'
[1.967s] INFO:colcon.colcon_core.shell:Skip shell extension 'powershell' for command environment: Not usable outside of PowerShell
[1.968s] DEBUG:colcon.colcon_core.shell:Skip shell extension 'dsv' for command environment
[2.017s] DEBUG:colcon.colcon_core.event_handler.log_command:Invoking command in '/home/s2c2/Desktop/SESASR/lab05/build/turtlebot3_gazebo': CMAKE_PREFIX_PATH=${CMAKE_PREFIX_PATH}:/home/s2c2/Desktop/SESASR/lab05/install/turtlebot3_perception:/home/s2c2/Desktop/SESASR/lab05/install/pf_pkg:/opt/ros/humble /usr/bin/cmake --build /home/s2c2/Desktop/SESASR/lab05/build/turtlebot3_gazebo -- -j4 -l4
[2.019s] DEBUG:colcon.colcon_core.event_handler.log_command:Invoked command in '/home/s2c2/Desktop/SESASR/lab05/build/turtlebot3_fake_node' returned '0': CMAKE_PREFIX_PATH=${CMAKE_PREFIX_PATH}:/home/s2c2/Desktop/SESASR/lab05/install/turtlebot3_perception:/home/s2c2/Desktop/SESASR/lab05/install/pf_pkg:/opt/ros/humble /usr/bin/cmake --build /home/s2c2/Desktop/SESASR/lab05/build/turtlebot3_fake_node -- -j4 -l4
[2.058s] DEBUG:colcon.colcon_core.event_handler.log_command:Invoking command in '/home/s2c2/Desktop/SESASR/lab05/build/turtlebot3_fake_node': CMAKE_PREFIX_PATH=${CMAKE_PREFIX_PATH}:/home/s2c2/Desktop/SESASR/lab05/install/turtlebot3_perception:/home/s2c2/Desktop/SESASR/lab05/install/pf_pkg:/opt/ros/humble /usr/bin/cmake --install /home/s2c2/Desktop/SESASR/lab05/build/turtlebot3_fake_node
[2.114s] Level 1:colcon.colcon_core.environment:create_environment_scripts_only(turtlebot3_fake_node)
[2.116s] DEBUG:colcon.colcon_core.event_handler.log_command:Invoked command in '/home/s2c2/Desktop/SESASR/lab05/build/turtlebot3_fake_node' returned '0': CMAKE_PREFIX_PATH=${CMAKE_PREFIX_PATH}:/home/s2c2/Desktop/SESASR/lab05/install/turtlebot3_perception:/home/s2c2/Desktop/SESASR/lab05/install/pf_pkg:/opt/ros/humble /usr/bin/cmake --install /home/s2c2/Desktop/SESASR/lab05/build/turtlebot3_fake_node
[2.138s] Level 1:colcon.colcon_core.environment:checking '/home/s2c2/Desktop/SESASR/lab05/install/turtlebot3_fake_node' for CMake module files
[2.141s] Level 1:colcon.colcon_core.environment:checking '/home/s2c2/Desktop/SESASR/lab05/install/turtlebot3_fake_node' for CMake config files
[2.143s] Level 1:colcon.colcon_core.shell:create_environment_hook('turtlebot3_fake_node', 'cmake_prefix_path')
[2.144s] INFO:colcon.colcon_core.shell:Creating environment hook '/home/s2c2/Desktop/SESASR/lab05/install/turtlebot3_fake_node/share/turtlebot3_fake_node/hook/cmake_prefix_path.ps1'
[2.147s] INFO:colcon.colcon_core.shell:Creating environment descriptor '/home/s2c2/Desktop/SESASR/lab05/install/turtlebot3_fake_node/share/turtlebot3_fake_node/hook/cmake_prefix_path.dsv'
[2.150s] INFO:colcon.colcon_core.shell:Creating environment hook '/home/s2c2/Desktop/SESASR/lab05/install/turtlebot3_fake_node/share/turtlebot3_fake_node/hook/cmake_prefix_path.sh'
[2.152s] Level 1:colcon.colcon_core.environment:checking '/home/s2c2/Desktop/SESASR/lab05/install/turtlebot3_fake_node/lib'
[2.152s] Level 1:colcon.colcon_core.environment:checking '/home/s2c2/Desktop/SESASR/lab05/install/turtlebot3_fake_node/bin'
[2.153s] Level 1:colcon.colcon_core.environment:checking '/home/s2c2/Desktop/SESASR/lab05/install/turtlebot3_fake_node/lib/pkgconfig/turtlebot3_fake_node.pc'
[2.153s] Level 1:colcon.colcon_core.environment:checking '/home/s2c2/Desktop/SESASR/lab05/install/turtlebot3_fake_node/lib/python3.10/site-packages'
[2.155s] Level 1:colcon.colcon_core.environment:checking '/home/s2c2/Desktop/SESASR/lab05/install/turtlebot3_fake_node/bin'
[2.156s] INFO:colcon.colcon_core.shell:Creating package script '/home/s2c2/Desktop/SESASR/lab05/install/turtlebot3_fake_node/share/turtlebot3_fake_node/package.ps1'
[2.159s] INFO:colcon.colcon_core.shell:Creating package descriptor '/home/s2c2/Desktop/SESASR/lab05/install/turtlebot3_fake_node/share/turtlebot3_fake_node/package.dsv'
[2.162s] INFO:colcon.colcon_core.shell:Creating package script '/home/s2c2/Desktop/SESASR/lab05/install/turtlebot3_fake_node/share/turtlebot3_fake_node/package.sh'
[2.165s] INFO:colcon.colcon_core.shell:Creating package script '/home/s2c2/Desktop/SESASR/lab05/install/turtlebot3_fake_node/share/turtlebot3_fake_node/package.bash'
[2.169s] INFO:colcon.colcon_core.shell:Creating package script '/home/s2c2/Desktop/SESASR/lab05/install/turtlebot3_fake_node/share/turtlebot3_fake_node/package.zsh'
[2.174s] Level 1:colcon.colcon_core.environment:create_file_with_runtime_dependencies(/home/s2c2/Desktop/SESASR/lab05/install/turtlebot3_fake_node/share/colcon-core/packages/turtlebot3_fake_node)
[2.176s] Level 1:colcon.colcon_core.environment:create_environment_scripts_only(turtlebot3_fake_node)
[2.177s] Level 1:colcon.colcon_core.environment:checking '/home/s2c2/Desktop/SESASR/lab05/install/turtlebot3_fake_node' for CMake module files
[2.180s] Level 1:colcon.colcon_core.environment:checking '/home/s2c2/Desktop/SESASR/lab05/install/turtlebot3_fake_node' for CMake config files
[2.181s] Level 1:colcon.colcon_core.shell:create_environment_hook('turtlebot3_fake_node', 'cmake_prefix_path')
[2.182s] INFO:colcon.colcon_core.shell:Creating environment hook '/home/s2c2/Desktop/SESASR/lab05/install/turtlebot3_fake_node/share/turtlebot3_fake_node/hook/cmake_prefix_path.ps1'
[2.184s] INFO:colcon.colcon_core.shell:Creating environment descriptor '/home/s2c2/Desktop/SESASR/lab05/install/turtlebot3_fake_node/share/turtlebot3_fake_node/hook/cmake_prefix_path.dsv'
[2.186s] INFO:colcon.colcon_core.shell:Creating environment hook '/home/s2c2/Desktop/SESASR/lab05/install/turtlebot3_fake_node/share/turtlebot3_fake_node/hook/cmake_prefix_path.sh'
[2.189s] Level 1:colcon.colcon_core.environment:checking '/home/s2c2/Desktop/SESASR/lab05/install/turtlebot3_fake_node/lib'
[2.190s] Level 1:colcon.colcon_core.environment:checking '/home/s2c2/Desktop/SESASR/lab05/install/turtlebot3_fake_node/bin'
[2.190s] Level 1:colcon.colcon_core.environment:checking '/home/s2c2/Desktop/SESASR/lab05/install/turtlebot3_fake_node/lib/pkgconfig/turtlebot3_fake_node.pc'
[2.191s] Level 1:colcon.colcon_core.environment:checking '/home/s2c2/Desktop/SESASR/lab05/install/turtlebot3_fake_node/lib/python3.10/site-packages'
[2.191s] Level 1:colcon.colcon_core.environment:checking '/home/s2c2/Desktop/SESASR/lab05/install/turtlebot3_fake_node/bin'
[2.192s] INFO:colcon.colcon_core.shell:Creating package script '/home/s2c2/Desktop/SESASR/lab05/install/turtlebot3_fake_node/share/turtlebot3_fake_node/package.ps1'
[2.194s] INFO:colcon.colcon_core.shell:Creating package descriptor '/home/s2c2/Desktop/SESASR/lab05/install/turtlebot3_fake_node/share/turtlebot3_fake_node/package.dsv'
[2.199s] INFO:colcon.colcon_core.shell:Creating package script '/home/s2c2/Desktop/SESASR/lab05/install/turtlebot3_fake_node/share/turtlebot3_fake_node/package.sh'
[2.201s] INFO:colcon.colcon_core.shell:Creating package script '/home/s2c2/Desktop/SESASR/lab05/install/turtlebot3_fake_node/share/turtlebot3_fake_node/package.bash'
[2.203s] INFO:colcon.colcon_core.shell:Creating package script '/home/s2c2/Desktop/SESASR/lab05/install/turtlebot3_fake_node/share/turtlebot3_fake_node/package.zsh'
[2.204s] Level 1:colcon.colcon_core.environment:create_file_with_runtime_dependencies(/home/s2c2/Desktop/SESASR/lab05/install/turtlebot3_fake_node/share/colcon-core/packages/turtlebot3_fake_node)
[2.205s] INFO:colcon.colcon_ros.task.ament_cmake.build:Building ROS package in '/home/s2c2/Desktop/SESASR/lab05/src/turtlebot3_simulations/turtlebot3_simulations' with build type 'ament_cmake'
[2.206s] INFO:colcon.colcon_cmake.task.cmake.build:Building CMake package in '/home/s2c2/Desktop/SESASR/lab05/src/turtlebot3_simulations/turtlebot3_simulations'
[2.206s] INFO:colcon.colcon_core.shell:Skip shell extension 'powershell' for command environment: Not usable outside of PowerShell
[2.206s] DEBUG:colcon.colcon_core.shell:Skip shell extension 'dsv' for command environment
[2.273s] DEBUG:colcon.colcon_core.event_handler.log_command:Invoking command in '/home/s2c2/Desktop/SESASR/lab05/build/turtlebot3_simulations': CMAKE_PREFIX_PATH=/home/s2c2/Desktop/SESASR/lab05/install/turtlebot3_fake_node:/home/s2c2/Desktop/SESASR/lab05/install/turtlebot3_simulations:/home/s2c2/Desktop/SESASR/lab05/install/turtlebot3_gazebo:/home/s2c2/Desktop/SESASR/lab05/install/landmark_msgs:/home/s2c2/Desktop/SESASR/lab05/install/turtlebot3_perception:/home/s2c2/Desktop/SESASR/lab05/install/pf_pkg:/opt/ros/humble /usr/bin/cmake --build /home/s2c2/Desktop/SESASR/lab05/build/turtlebot3_simulations -- -j4 -l4
[2.636s] DEBUG:colcon.colcon_core.event_handler.log_command:Invoked command in '/home/s2c2/Desktop/SESASR/lab05/build/turtlebot3_simulations' returned '0': CMAKE_PREFIX_PATH=/home/s2c2/Desktop/SESASR/lab05/install/turtlebot3_fake_node:/home/s2c2/Desktop/SESASR/lab05/install/turtlebot3_simulations:/home/s2c2/Desktop/SESASR/lab05/install/turtlebot3_gazebo:/home/s2c2/Desktop/SESASR/lab05/install/landmark_msgs:/home/s2c2/Desktop/SESASR/lab05/install/turtlebot3_perception:/home/s2c2/Desktop/SESASR/lab05/install/pf_pkg:/opt/ros/humble /usr/bin/cmake --build /home/s2c2/Desktop/SESASR/lab05/build/turtlebot3_simulations -- -j4 -l4
[2.652s] DEBUG:colcon.colcon_core.event_handler.log_command:Invoking command in '/home/s2c2/Desktop/SESASR/lab05/build/turtlebot3_simulations': CMAKE_PREFIX_PATH=/home/s2c2/Desktop/SESASR/lab05/install/turtlebot3_fake_node:/home/s2c2/Desktop/SESASR/lab05/install/turtlebot3_simulations:/home/s2c2/Desktop/SESASR/lab05/install/turtlebot3_gazebo:/home/s2c2/Desktop/SESASR/lab05/install/landmark_msgs:/home/s2c2/Desktop/SESASR/lab05/install/turtlebot3_perception:/home/s2c2/Desktop/SESASR/lab05/install/pf_pkg:/opt/ros/humble /usr/bin/cmake --install /home/s2c2/Desktop/SESASR/lab05/build/turtlebot3_simulations
[2.736s] Level 1:colcon.colcon_core.environment:create_environment_scripts_only(turtlebot3_simulations)
[2.736s] Level 1:colcon.colcon_core.environment:checking '/home/s2c2/Desktop/SESASR/lab05/install/turtlebot3_simulations' for CMake module files
[2.738s] Level 1:colcon.colcon_core.environment:checking '/home/s2c2/Desktop/SESASR/lab05/install/turtlebot3_simulations' for CMake config files
[2.738s] Level 1:colcon.colcon_core.shell:create_environment_hook('turtlebot3_simulations', 'cmake_prefix_path')
[2.742s] INFO:colcon.colcon_core.shell:Creating environment hook '/home/s2c2/Desktop/SESASR/lab05/install/turtlebot3_simulations/share/turtlebot3_simulations/hook/cmake_prefix_path.ps1'
[2.742s] DEBUG:colcon.colcon_core.event_handler.log_command:Invoked command in '/home/s2c2/Desktop/SESASR/lab05/build/turtlebot3_simulations' returned '0': CMAKE_PREFIX_PATH=/home/s2c2/Desktop/SESASR/lab05/install/turtlebot3_fake_node:/home/s2c2/Desktop/SESASR/lab05/install/turtlebot3_simulations:/home/s2c2/Desktop/SESASR/lab05/install/turtlebot3_gazebo:/home/s2c2/Desktop/SESASR/lab05/install/landmark_msgs:/home/s2c2/Desktop/SESASR/lab05/install/turtlebot3_perception:/home/s2c2/Desktop/SESASR/lab05/install/pf_pkg:/opt/ros/humble /usr/bin/cmake --install /home/s2c2/Desktop/SESASR/lab05/build/turtlebot3_simulations
[2.746s] INFO:colcon.colcon_core.shell:Creating environment descriptor '/home/s2c2/Desktop/SESASR/lab05/install/turtlebot3_simulations/share/turtlebot3_simulations/hook/cmake_prefix_path.dsv'
[2.748s] INFO:colcon.colcon_core.shell:Creating environment hook '/home/s2c2/Desktop/SESASR/lab05/install/turtlebot3_simulations/share/turtlebot3_simulations/hook/cmake_prefix_path.sh'
[2.750s] Level 1:colcon.colcon_core.environment:checking '/home/s2c2/Desktop/SESASR/lab05/install/turtlebot3_simulations/bin'
[2.750s] Level 1:colcon.colcon_core.environment:checking '/home/s2c2/Desktop/SESASR/lab05/install/turtlebot3_simulations/lib/pkgconfig/turtlebot3_simulations.pc'
[2.750s] Level 1:colcon.colcon_core.environment:checking '/home/s2c2/Desktop/SESASR/lab05/install/turtlebot3_simulations/lib/python3.10/site-packages'
[2.751s] Level 1:colcon.colcon_core.environment:checking '/home/s2c2/Desktop/SESASR/lab05/install/turtlebot3_simulations/bin'
[2.752s] INFO:colcon.colcon_core.shell:Creating package script '/home/s2c2/Desktop/SESASR/lab05/install/turtlebot3_simulations/share/turtlebot3_simulations/package.ps1'
[2.756s] INFO:colcon.colcon_core.shell:Creating package descriptor '/home/s2c2/Desktop/SESASR/lab05/install/turtlebot3_simulations/share/turtlebot3_simulations/package.dsv'
[2.757s] INFO:colcon.colcon_core.shell:Creating package script '/home/s2c2/Desktop/SESASR/lab05/install/turtlebot3_simulations/share/turtlebot3_simulations/package.sh'
[2.759s] INFO:colcon.colcon_core.shell:Creating package script '/home/s2c2/Desktop/SESASR/lab05/install/turtlebot3_simulations/share/turtlebot3_simulations/package.bash'
[2.760s] INFO:colcon.colcon_core.shell:Creating package script '/home/s2c2/Desktop/SESASR/lab05/install/turtlebot3_simulations/share/turtlebot3_simulations/package.zsh'
[2.762s] Level 1:colcon.colcon_core.environment:create_file_with_runtime_dependencies(/home/s2c2/Desktop/SESASR/lab05/install/turtlebot3_simulations/share/colcon-core/packages/turtlebot3_simulations)
[2.764s] Level 1:colcon.colcon_core.environment:create_environment_scripts_only(turtlebot3_simulations)
[2.765s] Level 1:colcon.colcon_core.environment:checking '/home/s2c2/Desktop/SESASR/lab05/install/turtlebot3_simulations' for CMake module files
[2.766s] Level 1:colcon.colcon_core.environment:checking '/home/s2c2/Desktop/SESASR/lab05/install/turtlebot3_simulations' for CMake config files
[2.767s] Level 1:colcon.colcon_core.shell:create_environment_hook('turtlebot3_simulations', 'cmake_prefix_path')
[2.768s] INFO:colcon.colcon_core.shell:Creating environment hook '/home/s2c2/Desktop/SESASR/lab05/install/turtlebot3_simulations/share/turtlebot3_simulations/hook/cmake_prefix_path.ps1'
[2.769s] INFO:colcon.colcon_core.shell:Creating environment descriptor '/home/s2c2/Desktop/SESASR/lab05/install/turtlebot3_simulations/share/turtlebot3_simulations/hook/cmake_prefix_path.dsv'
[2.770s] INFO:colcon.colcon_core.shell:Creating environment hook '/home/s2c2/Desktop/SESASR/lab05/install/turtlebot3_simulations/share/turtlebot3_simulations/hook/cmake_prefix_path.sh'
[2.772s] Level 1:colcon.colcon_core.environment:checking '/home/s2c2/Desktop/SESASR/lab05/install/turtlebot3_simulations/bin'
[2.772s] Level 1:colcon.colcon_core.environment:checking '/home/s2c2/Desktop/SESASR/lab05/install/turtlebot3_simulations/lib/pkgconfig/turtlebot3_simulations.pc'
[2.773s] Level 1:colcon.colcon_core.environment:checking '/home/s2c2/Desktop/SESASR/lab05/install/turtlebot3_simulations/lib/python3.10/site-packages'
[2.773s] Level 1:colcon.colcon_core.environment:checking '/home/s2c2/Desktop/SESASR/lab05/install/turtlebot3_simulations/bin'
[2.774s] INFO:colcon.colcon_core.shell:Creating package script '/home/s2c2/Desktop/SESASR/lab05/install/turtlebot3_simulations/share/turtlebot3_simulations/package.ps1'
[2.776s] INFO:colcon.colcon_core.shell:Creating package descriptor '/home/s2c2/Desktop/SESASR/lab05/install/turtlebot3_simulations/share/turtlebot3_simulations/package.dsv'
[2.777s] INFO:colcon.colcon_core.shell:Creating package script '/home/s2c2/Desktop/SESASR/lab05/install/turtlebot3_simulations/share/turtlebot3_simulations/package.sh'
[2.778s] INFO:colcon.colcon_core.shell:Creating package script '/home/s2c2/Desktop/SESASR/lab05/install/turtlebot3_simulations/share/turtlebot3_simulations/package.bash'
[2.780s] INFO:colcon.colcon_core.shell:Creating package script '/home/s2c2/Desktop/SESASR/lab05/install/turtlebot3_simulations/share/turtlebot3_simulations/package.zsh'
[2.782s] Level 1:colcon.colcon_core.environment:create_file_with_runtime_dependencies(/home/s2c2/Desktop/SESASR/lab05/install/turtlebot3_simulations/share/colcon-core/packages/turtlebot3_simulations)
[2.793s] DEBUG:colcon.colcon_core.event_handler.log_command:Invoked command in '/home/s2c2/Desktop/SESASR/lab05/build/landmark_msgs' returned '0': CMAKE_PREFIX_PATH=${CMAKE_PREFIX_PATH}:/home/s2c2/Desktop/SESASR/lab05/install/turtlebot3_perception:/home/s2c2/Desktop/SESASR/lab05/install/pf_pkg:/opt/ros/humble /usr/bin/cmake --build /home/s2c2/Desktop/SESASR/lab05/build/landmark_msgs -- -j4 -l4
[2.800s] DEBUG:colcon.colcon_core.event_handler.log_command:Invoking command in '/home/s2c2/Desktop/SESASR/lab05/build/landmark_msgs': CMAKE_PREFIX_PATH=${CMAKE_PREFIX_PATH}:/home/s2c2/Desktop/SESASR/lab05/install/turtlebot3_perception:/home/s2c2/Desktop/SESASR/lab05/install/pf_pkg:/opt/ros/humble /usr/bin/cmake --install /home/s2c2/Desktop/SESASR/lab05/build/landmark_msgs
[2.812s] DEBUG:colcon.colcon_core.event_handler.log_command:Invoked command in '/home/s2c2/Desktop/SESASR/lab05/build/turtlebot3_gazebo' returned '0': CMAKE_PREFIX_PATH=${CMAKE_PREFIX_PATH}:/home/s2c2/Desktop/SESASR/lab05/install/turtlebot3_perception:/home/s2c2/Desktop/SESASR/lab05/install/pf_pkg:/opt/ros/humble /usr/bin/cmake --build /home/s2c2/Desktop/SESASR/lab05/build/turtlebot3_gazebo -- -j4 -l4
[2.831s] DEBUG:colcon.colcon_core.event_handler.log_command:Invoking command in '/home/s2c2/Desktop/SESASR/lab05/build/turtlebot3_gazebo': CMAKE_PREFIX_PATH=${CMAKE_PREFIX_PATH}:/home/s2c2/Desktop/SESASR/lab05/install/turtlebot3_perception:/home/s2c2/Desktop/SESASR/lab05/install/pf_pkg:/opt/ros/humble /usr/bin/cmake --install /home/s2c2/Desktop/SESASR/lab05/build/turtlebot3_gazebo
[2.928s] Level 1:colcon.colcon_core.environment:create_environment_scripts_only(turtlebot3_gazebo)
[2.928s] Level 1:colcon.colcon_core.environment:checking '/home/s2c2/Desktop/SESASR/lab05/install/turtlebot3_gazebo' for CMake module files
[2.930s] Level 1:colcon.colcon_core.environment:checking '/home/s2c2/Desktop/SESASR/lab05/install/turtlebot3_gazebo' for CMake config files
[2.945s] Level 1:colcon.colcon_core.shell:create_environment_hook('turtlebot3_gazebo', 'cmake_prefix_path')
[2.946s] INFO:colcon.colcon_core.shell:Creating environment hook '/home/s2c2/Desktop/SESASR/lab05/install/turtlebot3_gazebo/share/turtlebot3_gazebo/hook/cmake_prefix_path.ps1'
[2.950s] INFO:colcon.colcon_core.shell:Creating environment descriptor '/home/s2c2/Desktop/SESASR/lab05/install/turtlebot3_gazebo/share/turtlebot3_gazebo/hook/cmake_prefix_path.dsv'
[2.961s] INFO:colcon.colcon_core.shell:Creating environment hook '/home/s2c2/Desktop/SESASR/lab05/install/turtlebot3_gazebo/share/turtlebot3_gazebo/hook/cmake_prefix_path.sh'
[2.963s] Level 1:colcon.colcon_core.environment:checking '/home/s2c2/Desktop/SESASR/lab05/install/turtlebot3_gazebo/lib'
[2.963s] Level 1:colcon.colcon_core.environment:checking '/home/s2c2/Desktop/SESASR/lab05/install/turtlebot3_gazebo/bin'
[2.964s] Level 1:colcon.colcon_core.environment:checking '/home/s2c2/Desktop/SESASR/lab05/install/turtlebot3_gazebo/lib/pkgconfig/turtlebot3_gazebo.pc'
[2.964s] Level 1:colcon.colcon_core.environment:checking '/home/s2c2/Desktop/SESASR/lab05/install/turtlebot3_gazebo/lib/python3.10/site-packages'
[2.965s] Level 1:colcon.colcon_core.environment:checking '/home/s2c2/Desktop/SESASR/lab05/install/turtlebot3_gazebo/bin'
[2.965s] INFO:colcon.colcon_core.shell:Creating package script '/home/s2c2/Desktop/SESASR/lab05/install/turtlebot3_gazebo/share/turtlebot3_gazebo/package.ps1'
[2.969s] DEBUG:colcon.colcon_core.event_handler.log_command:Invoked command in '/home/s2c2/Desktop/SESASR/lab05/build/turtlebot3_gazebo' returned '0': CMAKE_PREFIX_PATH=${CMAKE_PREFIX_PATH}:/home/s2c2/Desktop/SESASR/lab05/install/turtlebot3_perception:/home/s2c2/Desktop/SESASR/lab05/install/pf_pkg:/opt/ros/humble /usr/bin/cmake --install /home/s2c2/Desktop/SESASR/lab05/build/turtlebot3_gazebo
[2.969s] INFO:colcon.colcon_core.shell:Creating package descriptor '/home/s2c2/Desktop/SESASR/lab05/install/turtlebot3_gazebo/share/turtlebot3_gazebo/package.dsv'
[2.971s] INFO:colcon.colcon_core.shell:Creating package script '/home/s2c2/Desktop/SESASR/lab05/install/turtlebot3_gazebo/share/turtlebot3_gazebo/package.sh'
[2.972s] INFO:colcon.colcon_core.shell:Creating package script '/home/s2c2/Desktop/SESASR/lab05/install/turtlebot3_gazebo/share/turtlebot3_gazebo/package.bash'
[2.973s] INFO:colcon.colcon_core.shell:Creating package script '/home/s2c2/Desktop/SESASR/lab05/install/turtlebot3_gazebo/share/turtlebot3_gazebo/package.zsh'
[2.976s] Level 1:colcon.colcon_core.environment:create_file_with_runtime_dependencies(/home/s2c2/Desktop/SESASR/lab05/install/turtlebot3_gazebo/share/colcon-core/packages/turtlebot3_gazebo)
[2.978s] Level 1:colcon.colcon_core.environment:create_environment_scripts_only(turtlebot3_gazebo)
[2.979s] Level 1:colcon.colcon_core.environment:checking '/home/s2c2/Desktop/SESASR/lab05/install/turtlebot3_gazebo' for CMake module files
[2.980s] Level 1:colcon.colcon_core.environment:checking '/home/s2c2/Desktop/SESASR/lab05/install/turtlebot3_gazebo' for CMake config files
[2.982s] Level 1:colcon.colcon_core.shell:create_environment_hook('turtlebot3_gazebo', 'cmake_prefix_path')
[2.982s] INFO:colcon.colcon_core.shell:Creating environment hook '/home/s2c2/Desktop/SESASR/lab05/install/turtlebot3_gazebo/share/turtlebot3_gazebo/hook/cmake_prefix_path.ps1'
[2.988s] INFO:colcon.colcon_core.shell:Creating environment descriptor '/home/s2c2/Desktop/SESASR/lab05/install/turtlebot3_gazebo/share/turtlebot3_gazebo/hook/cmake_prefix_path.dsv'
[2.989s] INFO:colcon.colcon_core.shell:Creating environment hook '/home/s2c2/Desktop/SESASR/lab05/install/turtlebot3_gazebo/share/turtlebot3_gazebo/hook/cmake_prefix_path.sh'
[2.992s] Level 1:colcon.colcon_core.environment:checking '/home/s2c2/Desktop/SESASR/lab05/install/turtlebot3_gazebo/lib'
[2.997s] Level 1:colcon.colcon_core.environment:checking '/home/s2c2/Desktop/SESASR/lab05/install/turtlebot3_gazebo/bin'
[2.997s] Level 1:colcon.colcon_core.environment:checking '/home/s2c2/Desktop/SESASR/lab05/install/turtlebot3_gazebo/lib/pkgconfig/turtlebot3_gazebo.pc'
[2.997s] Level 1:colcon.colcon_core.environment:checking '/home/s2c2/Desktop/SESASR/lab05/install/turtlebot3_gazebo/lib/python3.10/site-packages'
[2.998s] Level 1:colcon.colcon_core.environment:checking '/home/s2c2/Desktop/SESASR/lab05/install/turtlebot3_gazebo/bin'
[3.012s] INFO:colcon.colcon_core.shell:Creating package script '/home/s2c2/Desktop/SESASR/lab05/install/turtlebot3_gazebo/share/turtlebot3_gazebo/package.ps1'
[3.013s] INFO:colcon.colcon_core.shell:Creating package descriptor '/home/s2c2/Desktop/SESASR/lab05/install/turtlebot3_gazebo/share/turtlebot3_gazebo/package.dsv'
[3.016s] INFO:colcon.colcon_core.shell:Creating package script '/home/s2c2/Desktop/SESASR/lab05/install/turtlebot3_gazebo/share/turtlebot3_gazebo/package.sh'
[3.018s] INFO:colcon.colcon_core.shell:Creating package script '/home/s2c2/Desktop/SESASR/lab05/install/turtlebot3_gazebo/share/turtlebot3_gazebo/package.bash'
[3.020s] INFO:colcon.colcon_core.shell:Creating package script '/home/s2c2/Desktop/SESASR/lab05/install/turtlebot3_gazebo/share/turtlebot3_gazebo/package.zsh'
[3.022s] Level 1:colcon.colcon_core.environment:create_file_with_runtime_dependencies(/home/s2c2/Desktop/SESASR/lab05/install/turtlebot3_gazebo/share/colcon-core/packages/turtlebot3_gazebo)
[3.129s] Level 1:colcon.colcon_core.environment:create_environment_scripts_only(landmark_msgs)
[3.130s] Level 1:colcon.colcon_core.environment:checking '/home/s2c2/Desktop/SESASR/lab05/install/landmark_msgs' for CMake module files
[3.134s] DEBUG:colcon.colcon_core.event_handler.log_command:Invoked command in '/home/s2c2/Desktop/SESASR/lab05/build/landmark_msgs' returned '0': CMAKE_PREFIX_PATH=${CMAKE_PREFIX_PATH}:/home/s2c2/Desktop/SESASR/lab05/install/turtlebot3_perception:/home/s2c2/Desktop/SESASR/lab05/install/pf_pkg:/opt/ros/humble /usr/bin/cmake --install /home/s2c2/Desktop/SESASR/lab05/build/landmark_msgs
[3.136s] Level 1:colcon.colcon_core.environment:checking '/home/s2c2/Desktop/SESASR/lab05/install/landmark_msgs' for CMake config files
[3.142s] Level 1:colcon.colcon_core.shell:create_environment_hook('landmark_msgs', 'cmake_prefix_path')
[3.143s] INFO:colcon.colcon_core.shell:Creating environment hook '/home/s2c2/Desktop/SESASR/lab05/install/landmark_msgs/share/landmark_msgs/hook/cmake_prefix_path.ps1'
[3.149s] INFO:colcon.colcon_core.shell:Creating environment descriptor '/home/s2c2/Desktop/SESASR/lab05/install/landmark_msgs/share/landmark_msgs/hook/cmake_prefix_path.dsv'
[3.150s] INFO:colcon.colcon_core.shell:Creating environment hook '/home/s2c2/Desktop/SESASR/lab05/install/landmark_msgs/share/landmark_msgs/hook/cmake_prefix_path.sh'
[3.156s] Level 1:colcon.colcon_core.environment:checking '/home/s2c2/Desktop/SESASR/lab05/install/landmark_msgs/lib'
[3.156s] Level 1:colcon.colcon_core.shell:create_environment_hook('landmark_msgs', 'ld_library_path_lib')
[3.157s] INFO:colcon.colcon_core.shell:Creating environment hook '/home/s2c2/Desktop/SESASR/lab05/install/landmark_msgs/share/landmark_msgs/hook/ld_library_path_lib.ps1'
[3.158s] INFO:colcon.colcon_core.shell:Creating environment descriptor '/home/s2c2/Desktop/SESASR/lab05/install/landmark_msgs/share/landmark_msgs/hook/ld_library_path_lib.dsv'
[3.160s] INFO:colcon.colcon_core.shell:Creating environment hook '/home/s2c2/Desktop/SESASR/lab05/install/landmark_msgs/share/landmark_msgs/hook/ld_library_path_lib.sh'
[3.161s] Level 1:colcon.colcon_core.environment:checking '/home/s2c2/Desktop/SESASR/lab05/install/landmark_msgs/bin'
[3.162s] Level 1:colcon.colcon_core.environment:checking '/home/s2c2/Desktop/SESASR/lab05/install/landmark_msgs/lib/pkgconfig/landmark_msgs.pc'
[3.162s] Level 1:colcon.colcon_core.environment:checking '/home/s2c2/Desktop/SESASR/lab05/install/landmark_msgs/lib/python3.10/site-packages'
[3.163s] Level 1:colcon.colcon_core.environment:checking '/home/s2c2/Desktop/SESASR/lab05/install/landmark_msgs/bin'
[3.164s] INFO:colcon.colcon_core.shell:Creating package script '/home/s2c2/Desktop/SESASR/lab05/install/landmark_msgs/share/landmark_msgs/package.ps1'
[3.166s] INFO:colcon.colcon_core.shell:Creating package descriptor '/home/s2c2/Desktop/SESASR/lab05/install/landmark_msgs/share/landmark_msgs/package.dsv'
[3.168s] INFO:colcon.colcon_core.shell:Creating package script '/home/s2c2/Desktop/SESASR/lab05/install/landmark_msgs/share/landmark_msgs/package.sh'
[3.170s] INFO:colcon.colcon_core.shell:Creating package script '/home/s2c2/Desktop/SESASR/lab05/install/landmark_msgs/share/landmark_msgs/package.bash'
[3.171s] INFO:colcon.colcon_core.shell:Creating package script '/home/s2c2/Desktop/SESASR/lab05/install/landmark_msgs/share/landmark_msgs/package.zsh'
[3.172s] Level 1:colcon.colcon_core.environment:create_file_with_runtime_dependencies(/home/s2c2/Desktop/SESASR/lab05/install/landmark_msgs/share/colcon-core/packages/landmark_msgs)
[3.175s] Level 1:colcon.colcon_core.environment:create_environment_scripts_only(landmark_msgs)
[3.175s] Level 1:colcon.colcon_core.environment:checking '/home/s2c2/Desktop/SESASR/lab05/install/landmark_msgs' for CMake module files
[3.177s] Level 1:colcon.colcon_core.environment:checking '/home/s2c2/Desktop/SESASR/lab05/install/landmark_msgs' for CMake config files
[3.179s] Level 1:colcon.colcon_core.shell:create_environment_hook('landmark_msgs', 'cmake_prefix_path')
[3.179s] INFO:colcon.colcon_core.shell:Creating environment hook '/home/s2c2/Desktop/SESASR/lab05/install/landmark_msgs/share/landmark_msgs/hook/cmake_prefix_path.ps1'
[3.181s] INFO:colcon.colcon_core.shell:Creating environment descriptor '/home/s2c2/Desktop/SESASR/lab05/install/landmark_msgs/share/landmark_msgs/hook/cmake_prefix_path.dsv'
[3.183s] INFO:colcon.colcon_core.shell:Creating environment hook '/home/s2c2/Desktop/SESASR/lab05/install/landmark_msgs/share/landmark_msgs/hook/cmake_prefix_path.sh'
[3.185s] Level 1:colcon.colcon_core.environment:checking '/home/s2c2/Desktop/SESASR/lab05/install/landmark_msgs/lib'
[3.185s] Level 1:colcon.colcon_core.shell:create_environment_hook('landmark_msgs', 'ld_library_path_lib')
[3.186s] INFO:colcon.colcon_core.shell:Creating environment hook '/home/s2c2/Desktop/SESASR/lab05/install/landmark_msgs/share/landmark_msgs/hook/ld_library_path_lib.ps1'
[3.187s] INFO:colcon.colcon_core.shell:Creating environment descriptor '/home/s2c2/Desktop/SESASR/lab05/install/landmark_msgs/share/landmark_msgs/hook/ld_library_path_lib.dsv'
[3.189s] INFO:colcon.colcon_core.shell:Creating environment hook '/home/s2c2/Desktop/SESASR/lab05/install/landmark_msgs/share/landmark_msgs/hook/ld_library_path_lib.sh'
[3.190s] Level 1:colcon.colcon_core.environment:checking '/home/s2c2/Desktop/SESASR/lab05/install/landmark_msgs/bin'
[3.190s] Level 1:colcon.colcon_core.environment:checking '/home/s2c2/Desktop/SESASR/lab05/install/landmark_msgs/lib/pkgconfig/landmark_msgs.pc'
[3.191s] Level 1:colcon.colcon_core.environment:checking '/home/s2c2/Desktop/SESASR/lab05/install/landmark_msgs/lib/python3.10/site-packages'
[3.191s] Level 1:colcon.colcon_core.environment:checking '/home/s2c2/Desktop/SESASR/lab05/install/landmark_msgs/bin'
[3.192s] INFO:colcon.colcon_core.shell:Creating package script '/home/s2c2/Desktop/SESASR/lab05/install/landmark_msgs/share/landmark_msgs/package.ps1'
[3.194s] INFO:colcon.colcon_core.shell:Creating package descriptor '/home/s2c2/Desktop/SESASR/lab05/install/landmark_msgs/share/landmark_msgs/package.dsv'
[3.196s] INFO:colcon.colcon_core.shell:Creating package script '/home/s2c2/Desktop/SESASR/lab05/install/landmark_msgs/share/landmark_msgs/package.sh'
[3.198s] INFO:colcon.colcon_core.shell:Creating package script '/home/s2c2/Desktop/SESASR/lab05/install/landmark_msgs/share/landmark_msgs/package.bash'
[3.200s] INFO:colcon.colcon_core.shell:Creating package script '/home/s2c2/Desktop/SESASR/lab05/install/landmark_msgs/share/landmark_msgs/package.zsh'
[3.202s] Level 1:colcon.colcon_core.environment:create_file_with_runtime_dependencies(/home/s2c2/Desktop/SESASR/lab05/install/landmark_msgs/share/colcon-core/packages/landmark_msgs)
[3.203s] INFO:colcon.colcon_ros.task.ament_python.build:Building ROS package in '/home/s2c2/Desktop/SESASR/lab05/src/turtlebot3_perception/turtlebot3_perception' with build type 'ament_python'
[3.205s] Level 1:colcon.colcon_core.shell:create_environment_hook('turtlebot3_perception', 'ament_prefix_path')
[3.205s] INFO:colcon.colcon_core.shell:Creating environment hook '/home/s2c2/Desktop/SESASR/lab05/install/turtlebot3_perception/share/turtlebot3_perception/hook/ament_prefix_path.ps1'
[3.209s] INFO:colcon.colcon_core.shell:Creating environment descriptor '/home/s2c2/Desktop/SESASR/lab05/install/turtlebot3_perception/share/turtlebot3_perception/hook/ament_prefix_path.dsv'
[3.215s] INFO:colcon.colcon_core.shell:Creating environment hook '/home/s2c2/Desktop/SESASR/lab05/install/turtlebot3_perception/share/turtlebot3_perception/hook/ament_prefix_path.sh'
[3.217s] INFO:colcon.colcon_core.shell:Skip shell extension 'powershell' for command environment: Not usable outside of PowerShell
[3.218s] DEBUG:colcon.colcon_core.shell:Skip shell extension 'dsv' for command environment
[4.156s] INFO:colcon.colcon_core.task.python.build:Building Python package in '/home/s2c2/Desktop/SESASR/lab05/src/turtlebot3_perception/turtlebot3_perception'
[4.157s] INFO:colcon.colcon_core.shell:Skip shell extension 'powershell' for command environment: Not usable outside of PowerShell
[4.157s] DEBUG:colcon.colcon_core.shell:Skip shell extension 'dsv' for command environment
[4.173s] DEBUG:colcon.colcon_core.event_handler.log_command:Invoking command in '/home/s2c2/Desktop/SESASR/lab05/src/pf_pkg': PYTHONPATH=/home/s2c2/Desktop/SESASR/lab05/build/pf_pkg/prefix_override:/usr/lib/python3/dist-packages/colcon_core/task/python/colcon_distutils_commands:/home/s2c2/Desktop/SESASR/lab05/install/pf_pkg/lib/python3.10/site-packages:${PYTHONPATH} /usr/bin/python3 -W ignore:setup.py install is deprecated -W ignore:easy_install command is deprecated setup.py egg_info --egg-base ../../build/pf_pkg build --build-base /home/s2c2/Desktop/SESASR/lab05/build/pf_pkg/build install --record /home/s2c2/Desktop/SESASR/lab05/build/pf_pkg/install.log --single-version-externally-managed install_data
[5.412s] Level 1:colcon.colcon_core.environment:checking '/home/s2c2/Desktop/SESASR/lab05/install/pf_pkg' for CMake module files
[5.413s] DEBUG:colcon.colcon_core.event_handler.log_command:Invoked command in '/home/s2c2/Desktop/SESASR/lab05/src/pf_pkg' returned '0': PYTHONPATH=/home/s2c2/Desktop/SESASR/lab05/build/pf_pkg/prefix_override:/usr/lib/python3/dist-packages/colcon_core/task/python/colcon_distutils_commands:/home/s2c2/Desktop/SESASR/lab05/install/pf_pkg/lib/python3.10/site-packages:${PYTHONPATH} /usr/bin/python3 -W ignore:setup.py install is deprecated -W ignore:easy_install command is deprecated setup.py egg_info --egg-base ../../build/pf_pkg build --build-base /home/s2c2/Desktop/SESASR/lab05/build/pf_pkg/build install --record /home/s2c2/Desktop/SESASR/lab05/build/pf_pkg/install.log --single-version-externally-managed install_data
[5.417s] Level 1:colcon.colcon_core.environment:checking '/home/s2c2/Desktop/SESASR/lab05/install/pf_pkg' for CMake config files
[5.419s] Level 1:colcon.colcon_core.environment:checking '/home/s2c2/Desktop/SESASR/lab05/install/pf_pkg/lib'
[5.420s] Level 1:colcon.colcon_core.environment:checking '/home/s2c2/Desktop/SESASR/lab05/install/pf_pkg/bin'
[5.421s] Level 1:colcon.colcon_core.environment:checking '/home/s2c2/Desktop/SESASR/lab05/install/pf_pkg/lib/pkgconfig/pf_pkg.pc'
[5.421s] Level 1:colcon.colcon_core.environment:checking '/home/s2c2/Desktop/SESASR/lab05/install/pf_pkg/lib/python3.10/site-packages'
[5.422s] Level 1:colcon.colcon_core.shell:create_environment_hook('pf_pkg', 'pythonpath')
[5.423s] INFO:colcon.colcon_core.shell:Creating environment hook '/home/s2c2/Desktop/SESASR/lab05/install/pf_pkg/share/pf_pkg/hook/pythonpath.ps1'
[5.426s] INFO:colcon.colcon_core.shell:Creating environment descriptor '/home/s2c2/Desktop/SESASR/lab05/install/pf_pkg/share/pf_pkg/hook/pythonpath.dsv'
[5.428s] INFO:colcon.colcon_core.shell:Creating environment hook '/home/s2c2/Desktop/SESASR/lab05/install/pf_pkg/share/pf_pkg/hook/pythonpath.sh'
[5.430s] Level 1:colcon.colcon_core.environment:checking '/home/s2c2/Desktop/SESASR/lab05/install/pf_pkg/bin'
[5.430s] Level 1:colcon.colcon_core.environment:create_environment_scripts_only(pf_pkg)
[5.431s] INFO:colcon.colcon_core.shell:Creating package script '/home/s2c2/Desktop/SESASR/lab05/install/pf_pkg/share/pf_pkg/package.ps1'
[5.435s] INFO:colcon.colcon_core.shell:Creating package descriptor '/home/s2c2/Desktop/SESASR/lab05/install/pf_pkg/share/pf_pkg/package.dsv'
[5.437s] INFO:colcon.colcon_core.shell:Creating package script '/home/s2c2/Desktop/SESASR/lab05/install/pf_pkg/share/pf_pkg/package.sh'
[5.440s] INFO:colcon.colcon_core.shell:Creating package script '/home/s2c2/Desktop/SESASR/lab05/install/pf_pkg/share/pf_pkg/package.bash'
[5.442s] INFO:colcon.colcon_core.shell:Creating package script '/home/s2c2/Desktop/SESASR/lab05/install/pf_pkg/share/pf_pkg/package.zsh'
[5.444s] Level 1:colcon.colcon_core.environment:create_file_with_runtime_dependencies(/home/s2c2/Desktop/SESASR/lab05/install/pf_pkg/share/colcon-core/packages/pf_pkg)
[5.735s] DEBUG:colcon.colcon_core.event_handler.log_command:Invoking command in '/home/s2c2/Desktop/SESASR/lab05/src/turtlebot3_perception/turtlebot3_perception': CMAKE_PREFIX_PATH=/home/s2c2/Desktop/SESASR/lab05/install/landmark_msgs:/home/s2c2/Desktop/SESASR/lab05/install/turtlebot3_simulations:/home/s2c2/Desktop/SESASR/lab05/install/turtlebot3_gazebo:/home/s2c2/Desktop/SESASR/lab05/install/turtlebot3_fake_node LD_LIBRARY_PATH=/home/s2c2/Desktop/SESASR/lab05/install/landmark_msgs/lib:/usr/lib/x86_64-linux-gnu/gazebo-11/plugins:/opt/ros/humble/opt/rviz_ogre_vendor/lib:/opt/ros/humble/lib/x86_64-linux-gnu:/opt/ros/humble/lib:/usr/share/gazebo/../../lib/x86_64-linux-gnu/gazebo-11/plugins:/usr/share/gazebo/../../lib/x86_64-linux-gnu/gazebo-11/plugins:/usr/share/gazebo/../../lib/x86_64-linux-gnu/gazebo-11/plugins PYTHONPATH=/home/s2c2/Desktop/SESASR/lab05/build/turtlebot3_perception/prefix_override:/usr/lib/python3/dist-packages/colcon_core/task/python/colcon_distutils_commands:/home/s2c2/Desktop/SESASR/lab05/install/turtlebot3_perception/lib/python3.10/site-packages:${PYTHONPATH} /usr/bin/python3 -W ignore:setup.py install is deprecated -W ignore:easy_install command is deprecated setup.py egg_info --egg-base ../../../build/turtlebot3_perception build --build-base /home/s2c2/Desktop/SESASR/lab05/build/turtlebot3_perception/build install --record /home/s2c2/Desktop/SESASR/lab05/build/turtlebot3_perception/install.log --single-version-externally-managed install_data
[6.707s] Level 1:colcon.colcon_core.environment:checking '/home/s2c2/Desktop/SESASR/lab05/install/turtlebot3_perception' for CMake module files
[6.709s] Level 1:colcon.colcon_core.environment:checking '/home/s2c2/Desktop/SESASR/lab05/install/turtlebot3_perception' for CMake config files
[6.715s] Level 1:colcon.colcon_core.environment:checking '/home/s2c2/Desktop/SESASR/lab05/install/turtlebot3_perception/lib'
[6.715s] Level 1:colcon.colcon_core.environment:checking '/home/s2c2/Desktop/SESASR/lab05/install/turtlebot3_perception/bin'
[6.715s] Level 1:colcon.colcon_core.environment:checking '/home/s2c2/Desktop/SESASR/lab05/install/turtlebot3_perception/lib/pkgconfig/turtlebot3_perception.pc'
[6.720s] Level 1:colcon.colcon_core.environment:checking '/home/s2c2/Desktop/SESASR/lab05/install/turtlebot3_perception/lib/python3.10/site-packages'
[6.723s] Level 1:colcon.colcon_core.shell:create_environment_hook('turtlebot3_perception', 'pythonpath')
[6.724s] INFO:colcon.colcon_core.shell:Creating environment hook '/home/s2c2/Desktop/SESASR/lab05/install/turtlebot3_perception/share/turtlebot3_perception/hook/pythonpath.ps1'
[6.722s] DEBUG:colcon.colcon_core.event_handler.log_command:Invoked command in '/home/s2c2/Desktop/SESASR/lab05/src/turtlebot3_perception/turtlebot3_perception' returned '0': CMAKE_PREFIX_PATH=/home/s2c2/Desktop/SESASR/lab05/install/landmark_msgs:/home/s2c2/Desktop/SESASR/lab05/install/turtlebot3_simulations:/home/s2c2/Desktop/SESASR/lab05/install/turtlebot3_gazebo:/home/s2c2/Desktop/SESASR/lab05/install/turtlebot3_fake_node LD_LIBRARY_PATH=/home/s2c2/Desktop/SESASR/lab05/install/landmark_msgs/lib:/usr/lib/x86_64-linux-gnu/gazebo-11/plugins:/opt/ros/humble/opt/rviz_ogre_vendor/lib:/opt/ros/humble/lib/x86_64-linux-gnu:/opt/ros/humble/lib:/usr/share/gazebo/../../lib/x86_64-linux-gnu/gazebo-11/plugins:/usr/share/gazebo/../../lib/x86_64-linux-gnu/gazebo-11/plugins:/usr/share/gazebo/../../lib/x86_64-linux-gnu/gazebo-11/plugins PYTHONPATH=/home/s2c2/Desktop/SESASR/lab05/build/turtlebot3_perception/prefix_override:/usr/lib/python3/dist-packages/colcon_core/task/python/colcon_distutils_commands:/home/s2c2/Desktop/SESASR/lab05/install/turtlebot3_perception/lib/python3.10/site-packages:${PYTHONPATH} /usr/bin/python3 -W ignore:setup.py install is deprecated -W ignore:easy_install command is deprecated setup.py egg_info --egg-base ../../../build/turtlebot3_perception build --build-base /home/s2c2/Desktop/SESASR/lab05/build/turtlebot3_perception/build install --record /home/s2c2/Desktop/SESASR/lab05/build/turtlebot3_perception/install.log --single-version-externally-managed install_data
[6.731s] INFO:colcon.colcon_core.shell:Creating environment descriptor '/home/s2c2/Desktop/SESASR/lab05/install/turtlebot3_perception/share/turtlebot3_perception/hook/pythonpath.dsv'
[6.733s] INFO:colcon.colcon_core.shell:Creating environment hook '/home/s2c2/Desktop/SESASR/lab05/install/turtlebot3_perception/share/turtlebot3_perception/hook/pythonpath.sh'
[6.735s] Level 1:colcon.colcon_core.environment:checking '/home/s2c2/Desktop/SESASR/lab05/install/turtlebot3_perception/bin'
[6.735s] Level 1:colcon.colcon_core.environment:create_environment_scripts_only(turtlebot3_perception)
[6.736s] INFO:colcon.colcon_core.shell:Creating package script '/home/s2c2/Desktop/SESASR/lab05/install/turtlebot3_perception/share/turtlebot3_perception/package.ps1'
[6.743s] INFO:colcon.colcon_core.shell:Creating package descriptor '/home/s2c2/Desktop/SESASR/lab05/install/turtlebot3_perception/share/turtlebot3_perception/package.dsv'
[6.749s] INFO:colcon.colcon_core.shell:Creating package script '/home/s2c2/Desktop/SESASR/lab05/install/turtlebot3_perception/share/turtlebot3_perception/package.sh'
[6.753s] INFO:colcon.colcon_core.shell:Creating package script '/home/s2c2/Desktop/SESASR/lab05/install/turtlebot3_perception/share/turtlebot3_perception/package.bash'
[6.757s] INFO:colcon.colcon_core.shell:Creating package script '/home/s2c2/Desktop/SESASR/lab05/install/turtlebot3_perception/share/turtlebot3_perception/package.zsh'
[6.760s] Level 1:colcon.colcon_core.environment:create_file_with_runtime_dependencies(/home/s2c2/Desktop/SESASR/lab05/install/turtlebot3_perception/share/colcon-core/packages/turtlebot3_perception)
[6.765s] DEBUG:colcon.colcon_parallel_executor.executor.parallel:closing loop
[6.766s] DEBUG:colcon.colcon_parallel_executor.executor.parallel:loop closed
[6.767s] DEBUG:colcon.colcon_parallel_executor.executor.parallel:run_until_complete finished with '0'
[6.767s] DEBUG:colcon.colcon_core.event_reactor:joining thread
[6.798s] INFO:colcon.colcon_core.plugin_system:Skipping extension 'colcon_notification.desktop_notification.terminal_notifier': Not used on non-Darwin systems
[6.799s] INFO:colcon.colcon_core.plugin_system:Skipping extension 'colcon_notification.desktop_notification.win32': Not used on non-Windows systems
[6.800s] INFO:colcon.colcon_notification.desktop_notification:Sending desktop notification using 'notify2'
[6.875s] DEBUG:colcon.colcon_core.event_reactor:joined thread
[6.876s] INFO:colcon.colcon_core.shell:Creating prefix script '/home/s2c2/Desktop/SESASR/lab05/install/local_setup.ps1'
[6.881s] INFO:colcon.colcon_core.shell:Creating prefix util module '/home/s2c2/Desktop/SESASR/lab05/install/_local_setup_util_ps1.py'
[6.887s] INFO:colcon.colcon_core.shell:Creating prefix chain script '/home/s2c2/Desktop/SESASR/lab05/install/setup.ps1'
[6.893s] INFO:colcon.colcon_core.shell:Creating prefix script '/home/s2c2/Desktop/SESASR/lab05/install/local_setup.sh'
[6.897s] INFO:colcon.colcon_core.shell:Creating prefix util module '/home/s2c2/Desktop/SESASR/lab05/install/_local_setup_util_sh.py'
[6.901s] INFO:colcon.colcon_core.shell:Creating prefix chain script '/home/s2c2/Desktop/SESASR/lab05/install/setup.sh'
[6.906s] INFO:colcon.colcon_core.shell:Creating prefix script '/home/s2c2/Desktop/SESASR/lab05/install/local_setup.bash'
[6.909s] INFO:colcon.colcon_core.shell:Creating prefix chain script '/home/s2c2/Desktop/SESASR/lab05/install/setup.bash'
[6.915s] INFO:colcon.colcon_core.shell:Creating prefix script '/home/s2c2/Desktop/SESASR/lab05/install/local_setup.zsh'
[6.918s] INFO:colcon.colcon_core.shell:Creating prefix chain script '/home/s2c2/Desktop/SESASR/lab05/install/setup.zsh'
