[0.083s] Invoking command in '/home/s2c2/Desktop/SESASR/lab05/build/turtlebot3_fake_node': CMAKE_PREFIX_PATH=${CMAKE_PREFIX_PATH}:/home/s2c2/Desktop/SESASR/lab05/install/turtlebot3_perception:/home/s2c2/Desktop/SESASR/lab05/install/pf_pkg:/opt/ros/humble /usr/bin/cmake --build /home/s2c2/Desktop/SESASR/lab05/build/turtlebot3_fake_node -- -j4 -l4
[1.106s] [100%] Built target turtlebot3_fake_node
[1.116s] Invoked command in '/home/s2c2/Desktop/SESASR/lab05/build/turtlebot3_fake_node' returned '0': CMAKE_PREFIX_PATH=${CMAKE_PREFIX_PATH}:/home/s2c2/Desktop/SESASR/lab05/install/turtlebot3_perception:/home/s2c2/Desktop/SESASR/lab05/install/pf_pkg:/opt/ros/humble /usr/bin/cmake --build /home/s2c2/Desktop/SESASR/lab05/build/turtlebot3_fake_node -- -j4 -l4
[1.142s] Invoking command in '/home/s2c2/Desktop/SESASR/lab05/build/turtlebot3_fake_node': CMAKE_PREFIX_PATH=${CMAKE_PREFIX_PATH}:/home/s2c2/Desktop/SESASR/lab05/install/turtlebot3_perception:/home/s2c2/Desktop/SESASR/lab05/install/pf_pkg:/opt/ros/humble /usr/bin/cmake --install /home/s2c2/Desktop/SESASR/lab05/build/turtlebot3_fake_node
[1.170s] -- Install configuration: ""
[1.170s] -- Up-to-date: /home/s2c2/Desktop/SESASR/lab05/install/turtlebot3_fake_node/lib/turtlebot3_fake_node/turtlebot3_fake_node
[1.171s] -- Up-to-date: /home/s2c2/Desktop/SESASR/lab05/install/turtlebot3_fake_node/share/turtlebot3_fake_node/launch
[1.171s] -- Up-to-date: /home/s2c2/Desktop/SESASR/lab05/install/turtlebot3_fake_node/share/turtlebot3_fake_node/launch/rviz2.launch.py
[1.173s] -- Up-to-date: /home/s2c2/Desktop/SESASR/lab05/install/turtlebot3_fake_node/share/turtlebot3_fake_node/launch/turtlebot3_fake_node.launch.py
[1.174s] -- Up-to-date: /home/s2c2/Desktop/SESASR/lab05/install/turtlebot3_fake_node/share/turtlebot3_fake_node/param
[1.174s] -- Up-to-date: /home/s2c2/Desktop/SESASR/lab05/install/turtlebot3_fake_node/share/turtlebot3_fake_node/param/burger.yaml
[1.174s] -- Up-to-date: /home/s2c2/Desktop/SESASR/lab05/install/turtlebot3_fake_node/share/turtlebot3_fake_node/param/waffle.yaml
[1.174s] -- Up-to-date: /home/s2c2/Desktop/SESASR/lab05/install/turtlebot3_fake_node/share/turtlebot3_fake_node/param/waffle_pi.yaml
[1.174s] -- Up-to-date: /home/s2c2/Desktop/SESASR/lab05/install/turtlebot3_fake_node/include/
[1.174s] -- Up-to-date: /home/s2c2/Desktop/SESASR/lab05/install/turtlebot3_fake_node/include//turtlebot3_fake_node
[1.174s] -- Up-to-date: /home/s2c2/Desktop/SESASR/lab05/install/turtlebot3_fake_node/include//turtlebot3_fake_node/turtlebot3_fake_node.hpp
[1.174s] -- Up-to-date: /home/s2c2/Desktop/SESASR/lab05/install/turtlebot3_fake_node/share/ament_index/resource_index/package_run_dependencies/turtlebot3_fake_node
[1.175s] -- Up-to-date: /home/s2c2/Desktop/SESASR/lab05/install/turtlebot3_fake_node/share/ament_index/resource_index/parent_prefix_path/turtlebot3_fake_node
[1.175s] -- Up-to-date: /home/s2c2/Desktop/SESASR/lab05/install/turtlebot3_fake_node/share/turtlebot3_fake_node/environment/ament_prefix_path.sh
[1.175s] -- Up-to-date: /home/s2c2/Desktop/SESASR/lab05/install/turtlebot3_fake_node/share/turtlebot3_fake_node/environment/ament_prefix_path.dsv
[1.175s] -- Up-to-date: /home/s2c2/Desktop/SESASR/lab05/install/turtlebot3_fake_node/share/turtlebot3_fake_node/environment/path.sh
[1.175s] -- Up-to-date: /home/s2c2/Desktop/SESASR/lab05/install/turtlebot3_fake_node/share/turtlebot3_fake_node/environment/path.dsv
[1.176s] -- Up-to-date: /home/s2c2/Desktop/SESASR/lab05/install/turtlebot3_fake_node/share/turtlebot3_fake_node/local_setup.bash
[1.180s] -- Up-to-date: /home/s2c2/Desktop/SESASR/lab05/install/turtlebot3_fake_node/share/turtlebot3_fake_node/local_setup.sh
[1.180s] -- Up-to-date: /home/s2c2/Desktop/SESASR/lab05/install/turtlebot3_fake_node/share/turtlebot3_fake_node/local_setup.zsh
[1.180s] -- Up-to-date: /home/s2c2/Desktop/SESASR/lab05/install/turtlebot3_fake_node/share/turtlebot3_fake_node/local_setup.dsv
[1.181s] -- Installing: /home/s2c2/Desktop/SESASR/lab05/install/turtlebot3_fake_node/share/turtlebot3_fake_node/package.dsv
[1.181s] -- Up-to-date: /home/s2c2/Desktop/SESASR/lab05/install/turtlebot3_fake_node/share/ament_index/resource_index/packages/turtlebot3_fake_node
[1.181s] -- Up-to-date: /home/s2c2/Desktop/SESASR/lab05/install/turtlebot3_fake_node/share/turtlebot3_fake_node/cmake/ament_cmake_export_include_directories-extras.cmake
[1.181s] -- Up-to-date: /home/s2c2/Desktop/SESASR/lab05/install/turtlebot3_fake_node/share/turtlebot3_fake_node/cmake/ament_cmake_export_dependencies-extras.cmake
[1.181s] -- Up-to-date: /home/s2c2/Desktop/SESASR/lab05/install/turtlebot3_fake_node/share/turtlebot3_fake_node/cmake/turtlebot3_fake_nodeConfig.cmake
[1.182s] -- Up-to-date: /home/s2c2/Desktop/SESASR/lab05/install/turtlebot3_fake_node/share/turtlebot3_fake_node/cmake/turtlebot3_fake_nodeConfig-version.cmake
[1.182s] -- Up-to-date: /home/s2c2/Desktop/SESASR/lab05/install/turtlebot3_fake_node/share/turtlebot3_fake_node/package.xml
[1.195s] Invoked command in '/home/s2c2/Desktop/SESASR/lab05/build/turtlebot3_fake_node' returned '0': CMAKE_PREFIX_PATH=${CMAKE_PREFIX_PATH}:/home/s2c2/Desktop/SESASR/lab05/install/turtlebot3_perception:/home/s2c2/Desktop/SESASR/lab05/install/pf_pkg:/opt/ros/humble /usr/bin/cmake --install /home/s2c2/Desktop/SESASR/lab05/build/turtlebot3_fake_node
