[0.460s] Invoking command in '/home/lincunha/lab01/build/turtlesim': CMAKE_PREFIX_PATH=${CMAKE_PREFIX_PATH}:/home/lincunha/lab01/install/lab01_pkg:/opt/ros/humble /usr/bin/cmake --build /home/lincunha/lab01/build/turtlesim -- -j8 -l8
[0.533s] [  1%] Built target turtlesim__cpp
[0.539s] [ 11%] Built target turtlesim__rosidl_generator_c
[0.562s] [ 11%] Built target ament_cmake_python_copy_turtlesim
[0.580s] [ 22%] Built target turtlesim__rosidl_typesupport_fastrtps_cpp
[0.580s] [ 32%] Built target turtlesim__rosidl_typesupport_introspection_c
[0.586s] [ 41%] Built target turtlesim__rosidl_typesupport_cpp
[0.587s] [ 51%] Built target turtlesim__rosidl_typesupport_introspection_cpp
[0.597s] [ 61%] Built target turtlesim__rosidl_typesupport_c
[0.605s] [ 71%] Built target turtlesim__rosidl_typesupport_fastrtps_c
[0.641s] [ 73%] Built target draw_square
[0.643s] [ 75%] Built target turtle_teleop_key
[0.650s] [ 77%] Built target mimic
[0.656s] [ 77%] Built target turtlesim
[0.670s] [ 83%] Built target turtlesim_node
[0.724s] [ 84%] Built target turtlesim__py
[0.764s] [ 93%] Built target turtlesim__rosidl_generator_py
[0.800s] [ 95%] Built target turtlesim__rosidl_typesupport_fastrtps_c__pyext
[0.804s] [ 97%] Built target turtlesim__rosidl_typesupport_introspection_c__pyext
[0.807s] [100%] Built target turtlesim__rosidl_typesupport_c__pyext
[1.096s] running egg_info
[1.098s] writing turtlesim.egg-info/PKG-INFO
[1.099s] writing dependency_links to turtlesim.egg-info/dependency_links.txt
[1.099s] writing top-level names to turtlesim.egg-info/top_level.txt
[1.106s] reading manifest file 'turtlesim.egg-info/SOURCES.txt'
[1.107s] writing manifest file 'turtlesim.egg-info/SOURCES.txt'
[1.171s] [100%] Built target ament_cmake_python_build_turtlesim_egg
[1.193s] Invoked command in '/home/lincunha/lab01/build/turtlesim' returned '0': CMAKE_PREFIX_PATH=${CMAKE_PREFIX_PATH}:/home/lincunha/lab01/install/lab01_pkg:/opt/ros/humble /usr/bin/cmake --build /home/lincunha/lab01/build/turtlesim -- -j8 -l8
[1.625s] Invoking command in '/home/lincunha/lab01/build/turtlesim': CMAKE_PREFIX_PATH=${CMAKE_PREFIX_PATH}:/home/lincunha/lab01/install/lab01_pkg:/opt/ros/humble /usr/bin/cmake --install /home/lincunha/lab01/build/turtlesim
[1.636s] -- Install configuration: ""
[1.636s] -- Up-to-date: /home/lincunha/lab01/install/turtlesim/share/ament_index/resource_index/rosidl_interfaces/turtlesim
[1.636s] -- Up-to-date: /home/lincunha/lab01/install/turtlesim/include/turtlesim/turtlesim
[1.637s] -- Up-to-date: /home/lincunha/lab01/install/turtlesim/include/turtlesim/turtlesim/action
[1.638s] -- Up-to-date: /home/lincunha/lab01/install/turtlesim/include/turtlesim/turtlesim/action/detail
[1.639s] -- Up-to-date: /home/lincunha/lab01/install/turtlesim/include/turtlesim/turtlesim/action/detail/rotate_absolute__functions.h
[1.639s] -- Up-to-date: /home/lincunha/lab01/install/turtlesim/include/turtlesim/turtlesim/action/detail/rotate_absolute__struct.h
[1.640s] -- Up-to-date: /home/lincunha/lab01/install/turtlesim/include/turtlesim/turtlesim/action/detail/rotate_absolute__functions.c
[1.640s] -- Up-to-date: /home/lincunha/lab01/install/turtlesim/include/turtlesim/turtlesim/action/detail/rotate_absolute__type_support.h
[1.640s] -- Up-to-date: /home/lincunha/lab01/install/turtlesim/include/turtlesim/turtlesim/action/rotate_absolute.h
[1.641s] -- Up-to-date: /home/lincunha/lab01/install/turtlesim/include/turtlesim/turtlesim/srv
[1.641s] -- Up-to-date: /home/lincunha/lab01/install/turtlesim/include/turtlesim/turtlesim/srv/teleport_relative.h
[1.641s] -- Up-to-date: /home/lincunha/lab01/install/turtlesim/include/turtlesim/turtlesim/srv/detail
[1.641s] -- Up-to-date: /home/lincunha/lab01/install/turtlesim/include/turtlesim/turtlesim/srv/detail/set_pen__functions.h
[1.641s] -- Up-to-date: /home/lincunha/lab01/install/turtlesim/include/turtlesim/turtlesim/srv/detail/set_pen__type_support.h
[1.642s] -- Up-to-date: /home/lincunha/lab01/install/turtlesim/include/turtlesim/turtlesim/srv/detail/kill__functions.c
[1.642s] -- Up-to-date: /home/lincunha/lab01/install/turtlesim/include/turtlesim/turtlesim/srv/detail/teleport_relative__type_support.h
[1.643s] -- Up-to-date: /home/lincunha/lab01/install/turtlesim/include/turtlesim/turtlesim/srv/detail/kill__functions.h
[1.643s] -- Up-to-date: /home/lincunha/lab01/install/turtlesim/include/turtlesim/turtlesim/srv/detail/spawn__functions.c
[1.644s] -- Up-to-date: /home/lincunha/lab01/install/turtlesim/include/turtlesim/turtlesim/srv/detail/set_pen__functions.c
[1.644s] -- Up-to-date: /home/lincunha/lab01/install/turtlesim/include/turtlesim/turtlesim/srv/detail/teleport_relative__struct.h
[1.644s] -- Up-to-date: /home/lincunha/lab01/install/turtlesim/include/turtlesim/turtlesim/srv/detail/spawn__struct.h
[1.645s] -- Up-to-date: /home/lincunha/lab01/install/turtlesim/include/turtlesim/turtlesim/srv/detail/teleport_absolute__type_support.h
[1.645s] -- Up-to-date: /home/lincunha/lab01/install/turtlesim/include/turtlesim/turtlesim/srv/detail/teleport_absolute__functions.h
[1.645s] -- Up-to-date: /home/lincunha/lab01/install/turtlesim/include/turtlesim/turtlesim/srv/detail/teleport_relative__functions.h
[1.645s] -- Up-to-date: /home/lincunha/lab01/install/turtlesim/include/turtlesim/turtlesim/srv/detail/spawn__type_support.h
[1.646s] -- Up-to-date: /home/lincunha/lab01/install/turtlesim/include/turtlesim/turtlesim/srv/detail/kill__type_support.h
[1.646s] -- Up-to-date: /home/lincunha/lab01/install/turtlesim/include/turtlesim/turtlesim/srv/detail/set_pen__struct.h
[1.646s] -- Up-to-date: /home/lincunha/lab01/install/turtlesim/include/turtlesim/turtlesim/srv/detail/teleport_absolute__functions.c
[1.647s] -- Up-to-date: /home/lincunha/lab01/install/turtlesim/include/turtlesim/turtlesim/srv/detail/teleport_relative__functions.c
[1.647s] -- Up-to-date: /home/lincunha/lab01/install/turtlesim/include/turtlesim/turtlesim/srv/detail/kill__struct.h
[1.647s] -- Up-to-date: /home/lincunha/lab01/install/turtlesim/include/turtlesim/turtlesim/srv/detail/spawn__functions.h
[1.647s] -- Up-to-date: /home/lincunha/lab01/install/turtlesim/include/turtlesim/turtlesim/srv/detail/teleport_absolute__struct.h
[1.648s] -- Up-to-date: /home/lincunha/lab01/install/turtlesim/include/turtlesim/turtlesim/srv/kill.h
[1.648s] -- Up-to-date: /home/lincunha/lab01/install/turtlesim/include/turtlesim/turtlesim/srv/spawn.h
[1.648s] -- Up-to-date: /home/lincunha/lab01/install/turtlesim/include/turtlesim/turtlesim/srv/teleport_absolute.h
[1.648s] -- Up-to-date: /home/lincunha/lab01/install/turtlesim/include/turtlesim/turtlesim/srv/set_pen.h
[1.649s] -- Up-to-date: /home/lincunha/lab01/install/turtlesim/include/turtlesim/turtlesim/msg
[1.649s] -- Up-to-date: /home/lincunha/lab01/install/turtlesim/include/turtlesim/turtlesim/msg/color.h
[1.649s] -- Up-to-date: /home/lincunha/lab01/install/turtlesim/include/turtlesim/turtlesim/msg/rosidl_generator_c__visibility_control.h
[1.649s] -- Up-to-date: /home/lincunha/lab01/install/turtlesim/include/turtlesim/turtlesim/msg/detail
[1.649s] -- Up-to-date: /home/lincunha/lab01/install/turtlesim/include/turtlesim/turtlesim/msg/detail/color__struct.h
[1.649s] -- Up-to-date: /home/lincunha/lab01/install/turtlesim/include/turtlesim/turtlesim/msg/detail/color__type_support.h
[1.649s] -- Up-to-date: /home/lincunha/lab01/install/turtlesim/include/turtlesim/turtlesim/msg/detail/color__functions.c
[1.649s] -- Up-to-date: /home/lincunha/lab01/install/turtlesim/include/turtlesim/turtlesim/msg/detail/color__functions.h
[1.649s] -- Up-to-date: /home/lincunha/lab01/install/turtlesim/include/turtlesim/turtlesim/msg/detail/pose__struct.h
[1.649s] -- Up-to-date: /home/lincunha/lab01/install/turtlesim/include/turtlesim/turtlesim/msg/detail/pose__functions.h
[1.650s] -- Up-to-date: /home/lincunha/lab01/install/turtlesim/include/turtlesim/turtlesim/msg/detail/pose__type_support.h
[1.650s] -- Up-to-date: /home/lincunha/lab01/install/turtlesim/include/turtlesim/turtlesim/msg/detail/pose__functions.c
[1.650s] -- Up-to-date: /home/lincunha/lab01/install/turtlesim/include/turtlesim/turtlesim/msg/pose.h
[1.650s] -- Up-to-date: /home/lincunha/lab01/install/turtlesim/share/turtlesim/environment/library_path.sh
[1.650s] -- Up-to-date: /home/lincunha/lab01/install/turtlesim/share/turtlesim/environment/library_path.dsv
[1.650s] -- Up-to-date: /home/lincunha/lab01/install/turtlesim/lib/libturtlesim__rosidl_generator_c.so
[1.650s] -- Up-to-date: /home/lincunha/lab01/install/turtlesim/include/turtlesim/turtlesim
[1.650s] -- Up-to-date: /home/lincunha/lab01/install/turtlesim/include/turtlesim/turtlesim/action
[1.650s] -- Up-to-date: /home/lincunha/lab01/install/turtlesim/include/turtlesim/turtlesim/action/detail
[1.650s] -- Up-to-date: /home/lincunha/lab01/install/turtlesim/include/turtlesim/turtlesim/action/detail/rotate_absolute__rosidl_typesupport_fastrtps_c.h
[1.650s] -- Up-to-date: /home/lincunha/lab01/install/turtlesim/include/turtlesim/turtlesim/srv
[1.651s] -- Up-to-date: /home/lincunha/lab01/install/turtlesim/include/turtlesim/turtlesim/srv/detail
[1.651s] -- Up-to-date: /home/lincunha/lab01/install/turtlesim/include/turtlesim/turtlesim/srv/detail/teleport_relative__rosidl_typesupport_fastrtps_c.h
[1.651s] -- Up-to-date: /home/lincunha/lab01/install/turtlesim/include/turtlesim/turtlesim/srv/detail/kill__rosidl_typesupport_fastrtps_c.h
[1.651s] -- Up-to-date: /home/lincunha/lab01/install/turtlesim/include/turtlesim/turtlesim/srv/detail/spawn__rosidl_typesupport_fastrtps_c.h
[1.651s] -- Up-to-date: /home/lincunha/lab01/install/turtlesim/include/turtlesim/turtlesim/srv/detail/teleport_absolute__rosidl_typesupport_fastrtps_c.h
[1.651s] -- Up-to-date: /home/lincunha/lab01/install/turtlesim/include/turtlesim/turtlesim/srv/detail/set_pen__rosidl_typesupport_fastrtps_c.h
[1.651s] -- Up-to-date: /home/lincunha/lab01/install/turtlesim/include/turtlesim/turtlesim/msg
[1.652s] -- Up-to-date: /home/lincunha/lab01/install/turtlesim/include/turtlesim/turtlesim/msg/detail
[1.652s] -- Up-to-date: /home/lincunha/lab01/install/turtlesim/include/turtlesim/turtlesim/msg/detail/pose__rosidl_typesupport_fastrtps_c.h
[1.653s] -- Up-to-date: /home/lincunha/lab01/install/turtlesim/include/turtlesim/turtlesim/msg/detail/color__rosidl_typesupport_fastrtps_c.h
[1.653s] -- Up-to-date: /home/lincunha/lab01/install/turtlesim/include/turtlesim/turtlesim/msg/rosidl_typesupport_fastrtps_c__visibility_control.h
[1.654s] -- Up-to-date: /home/lincunha/lab01/install/turtlesim/lib/libturtlesim__rosidl_typesupport_fastrtps_c.so
[1.654s] -- Up-to-date: /home/lincunha/lab01/install/turtlesim/include/turtlesim/turtlesim
[1.655s] -- Up-to-date: /home/lincunha/lab01/install/turtlesim/include/turtlesim/turtlesim/action
[1.655s] -- Up-to-date: /home/lincunha/lab01/install/turtlesim/include/turtlesim/turtlesim/action/detail
[1.656s] -- Up-to-date: /home/lincunha/lab01/install/turtlesim/include/turtlesim/turtlesim/action/detail/rotate_absolute__traits.hpp
[1.656s] -- Up-to-date: /home/lincunha/lab01/install/turtlesim/include/turtlesim/turtlesim/action/detail/rotate_absolute__builder.hpp
[1.657s] -- Up-to-date: /home/lincunha/lab01/install/turtlesim/include/turtlesim/turtlesim/action/detail/rotate_absolute__struct.hpp
[1.657s] -- Up-to-date: /home/lincunha/lab01/install/turtlesim/include/turtlesim/turtlesim/action/rotate_absolute.hpp
[1.657s] -- Up-to-date: /home/lincunha/lab01/install/turtlesim/include/turtlesim/turtlesim/srv
[1.658s] -- Up-to-date: /home/lincunha/lab01/install/turtlesim/include/turtlesim/turtlesim/srv/detail
[1.659s] -- Up-to-date: /home/lincunha/lab01/install/turtlesim/include/turtlesim/turtlesim/srv/detail/kill__traits.hpp
[1.659s] -- Up-to-date: /home/lincunha/lab01/install/turtlesim/include/turtlesim/turtlesim/srv/detail/set_pen__traits.hpp
[1.660s] -- Up-to-date: /home/lincunha/lab01/install/turtlesim/include/turtlesim/turtlesim/srv/detail/teleport_absolute__builder.hpp
[1.660s] -- Up-to-date: /home/lincunha/lab01/install/turtlesim/include/turtlesim/turtlesim/srv/detail/kill__builder.hpp
[1.661s] -- Up-to-date: /home/lincunha/lab01/install/turtlesim/include/turtlesim/turtlesim/srv/detail/set_pen__struct.hpp
[1.661s] -- Up-to-date: /home/lincunha/lab01/install/turtlesim/include/turtlesim/turtlesim/srv/detail/teleport_relative__struct.hpp
[1.661s] -- Up-to-date: /home/lincunha/lab01/install/turtlesim/include/turtlesim/turtlesim/srv/detail/spawn__builder.hpp
[1.662s] -- Up-to-date: /home/lincunha/lab01/install/turtlesim/include/turtlesim/turtlesim/srv/detail/spawn__traits.hpp
[1.662s] -- Up-to-date: /home/lincunha/lab01/install/turtlesim/include/turtlesim/turtlesim/srv/detail/spawn__struct.hpp
[1.663s] -- Up-to-date: /home/lincunha/lab01/install/turtlesim/include/turtlesim/turtlesim/srv/detail/kill__struct.hpp
[1.663s] -- Up-to-date: /home/lincunha/lab01/install/turtlesim/include/turtlesim/turtlesim/srv/detail/teleport_absolute__struct.hpp
[1.664s] -- Up-to-date: /home/lincunha/lab01/install/turtlesim/include/turtlesim/turtlesim/srv/detail/teleport_relative__builder.hpp
[1.664s] -- Up-to-date: /home/lincunha/lab01/install/turtlesim/include/turtlesim/turtlesim/srv/detail/teleport_relative__traits.hpp
[1.664s] -- Up-to-date: /home/lincunha/lab01/install/turtlesim/include/turtlesim/turtlesim/srv/detail/set_pen__builder.hpp
[1.665s] -- Up-to-date: /home/lincunha/lab01/install/turtlesim/include/turtlesim/turtlesim/srv/detail/teleport_absolute__traits.hpp
[1.665s] -- Up-to-date: /home/lincunha/lab01/install/turtlesim/include/turtlesim/turtlesim/srv/teleport_relative.hpp
[1.666s] -- Up-to-date: /home/lincunha/lab01/install/turtlesim/include/turtlesim/turtlesim/srv/spawn.hpp
[1.666s] -- Up-to-date: /home/lincunha/lab01/install/turtlesim/include/turtlesim/turtlesim/srv/set_pen.hpp
[1.666s] -- Up-to-date: /home/lincunha/lab01/install/turtlesim/include/turtlesim/turtlesim/srv/kill.hpp
[1.666s] -- Up-to-date: /home/lincunha/lab01/install/turtlesim/include/turtlesim/turtlesim/srv/teleport_absolute.hpp
[1.666s] -- Up-to-date: /home/lincunha/lab01/install/turtlesim/include/turtlesim/turtlesim/msg
[1.667s] -- Up-to-date: /home/lincunha/lab01/install/turtlesim/include/turtlesim/turtlesim/msg/detail
[1.667s] -- Up-to-date: /home/lincunha/lab01/install/turtlesim/include/turtlesim/turtlesim/msg/detail/pose__builder.hpp
[1.667s] -- Up-to-date: /home/lincunha/lab01/install/turtlesim/include/turtlesim/turtlesim/msg/detail/color__builder.hpp
[1.667s] -- Up-to-date: /home/lincunha/lab01/install/turtlesim/include/turtlesim/turtlesim/msg/detail/pose__traits.hpp
[1.667s] -- Up-to-date: /home/lincunha/lab01/install/turtlesim/include/turtlesim/turtlesim/msg/detail/color__struct.hpp
[1.668s] -- Up-to-date: /home/lincunha/lab01/install/turtlesim/include/turtlesim/turtlesim/msg/detail/pose__struct.hpp
[1.668s] -- Up-to-date: /home/lincunha/lab01/install/turtlesim/include/turtlesim/turtlesim/msg/detail/color__traits.hpp
[1.668s] -- Up-to-date: /home/lincunha/lab01/install/turtlesim/include/turtlesim/turtlesim/msg/color.hpp
[1.668s] -- Up-to-date: /home/lincunha/lab01/install/turtlesim/include/turtlesim/turtlesim/msg/pose.hpp
[1.668s] -- Up-to-date: /home/lincunha/lab01/install/turtlesim/include/turtlesim/turtlesim
[1.668s] -- Up-to-date: /home/lincunha/lab01/install/turtlesim/include/turtlesim/turtlesim/action
[1.669s] -- Up-to-date: /home/lincunha/lab01/install/turtlesim/include/turtlesim/turtlesim/action/detail
[1.669s] -- Up-to-date: /home/lincunha/lab01/install/turtlesim/include/turtlesim/turtlesim/action/detail/dds_fastrtps
[1.669s] -- Up-to-date: /home/lincunha/lab01/install/turtlesim/include/turtlesim/turtlesim/action/detail/rotate_absolute__rosidl_typesupport_fastrtps_cpp.hpp
[1.669s] -- Up-to-date: /home/lincunha/lab01/install/turtlesim/include/turtlesim/turtlesim/srv
[1.669s] -- Up-to-date: /home/lincunha/lab01/install/turtlesim/include/turtlesim/turtlesim/srv/detail
[1.669s] -- Up-to-date: /home/lincunha/lab01/install/turtlesim/include/turtlesim/turtlesim/srv/detail/teleport_absolute__rosidl_typesupport_fastrtps_cpp.hpp
[1.669s] -- Up-to-date: /home/lincunha/lab01/install/turtlesim/include/turtlesim/turtlesim/srv/detail/kill__rosidl_typesupport_fastrtps_cpp.hpp
[1.670s] -- Up-to-date: /home/lincunha/lab01/install/turtlesim/include/turtlesim/turtlesim/srv/detail/teleport_relative__rosidl_typesupport_fastrtps_cpp.hpp
[1.670s] -- Up-to-date: /home/lincunha/lab01/install/turtlesim/include/turtlesim/turtlesim/srv/detail/dds_fastrtps
[1.670s] -- Up-to-date: /home/lincunha/lab01/install/turtlesim/include/turtlesim/turtlesim/srv/detail/set_pen__rosidl_typesupport_fastrtps_cpp.hpp
[1.670s] -- Up-to-date: /home/lincunha/lab01/install/turtlesim/include/turtlesim/turtlesim/srv/detail/spawn__rosidl_typesupport_fastrtps_cpp.hpp
[1.670s] -- Up-to-date: /home/lincunha/lab01/install/turtlesim/include/turtlesim/turtlesim/msg
[1.670s] -- Up-to-date: /home/lincunha/lab01/install/turtlesim/include/turtlesim/turtlesim/msg/detail
[1.671s] -- Up-to-date: /home/lincunha/lab01/install/turtlesim/include/turtlesim/turtlesim/msg/detail/pose__rosidl_typesupport_fastrtps_cpp.hpp
[1.671s] -- Up-to-date: /home/lincunha/lab01/install/turtlesim/include/turtlesim/turtlesim/msg/detail/color__rosidl_typesupport_fastrtps_cpp.hpp
[1.671s] -- Up-to-date: /home/lincunha/lab01/install/turtlesim/include/turtlesim/turtlesim/msg/detail/dds_fastrtps
[1.671s] -- Up-to-date: /home/lincunha/lab01/install/turtlesim/include/turtlesim/turtlesim/msg/rosidl_typesupport_fastrtps_cpp__visibility_control.h
[1.671s] -- Up-to-date: /home/lincunha/lab01/install/turtlesim/lib/libturtlesim__rosidl_typesupport_fastrtps_cpp.so
[1.671s] -- Up-to-date: /home/lincunha/lab01/install/turtlesim/include/turtlesim/turtlesim
[1.672s] -- Up-to-date: /home/lincunha/lab01/install/turtlesim/include/turtlesim/turtlesim/action
[1.672s] -- Up-to-date: /home/lincunha/lab01/install/turtlesim/include/turtlesim/turtlesim/action/detail
[1.672s] -- Up-to-date: /home/lincunha/lab01/install/turtlesim/include/turtlesim/turtlesim/action/detail/rotate_absolute__type_support.c
[1.672s] -- Up-to-date: /home/lincunha/lab01/install/turtlesim/include/turtlesim/turtlesim/action/detail/rotate_absolute__rosidl_typesupport_introspection_c.h
[1.672s] -- Up-to-date: /home/lincunha/lab01/install/turtlesim/include/turtlesim/turtlesim/srv
[1.673s] -- Up-to-date: /home/lincunha/lab01/install/turtlesim/include/turtlesim/turtlesim/srv/detail
[1.673s] -- Up-to-date: /home/lincunha/lab01/install/turtlesim/include/turtlesim/turtlesim/srv/detail/teleport_absolute__rosidl_typesupport_introspection_c.h
[1.673s] -- Up-to-date: /home/lincunha/lab01/install/turtlesim/include/turtlesim/turtlesim/srv/detail/kill__rosidl_typesupport_introspection_c.h
[1.673s] -- Up-to-date: /home/lincunha/lab01/install/turtlesim/include/turtlesim/turtlesim/srv/detail/spawn__type_support.c
[1.673s] -- Up-to-date: /home/lincunha/lab01/install/turtlesim/include/turtlesim/turtlesim/srv/detail/set_pen__type_support.c
[1.673s] -- Up-to-date: /home/lincunha/lab01/install/turtlesim/include/turtlesim/turtlesim/srv/detail/spawn__rosidl_typesupport_introspection_c.h
[1.674s] -- Up-to-date: /home/lincunha/lab01/install/turtlesim/include/turtlesim/turtlesim/srv/detail/teleport_absolute__type_support.c
[1.674s] -- Up-to-date: /home/lincunha/lab01/install/turtlesim/include/turtlesim/turtlesim/srv/detail/teleport_relative__type_support.c
[1.674s] -- Up-to-date: /home/lincunha/lab01/install/turtlesim/include/turtlesim/turtlesim/srv/detail/kill__type_support.c
[1.674s] -- Up-to-date: /home/lincunha/lab01/install/turtlesim/include/turtlesim/turtlesim/srv/detail/teleport_relative__rosidl_typesupport_introspection_c.h
[1.674s] -- Up-to-date: /home/lincunha/lab01/install/turtlesim/include/turtlesim/turtlesim/srv/detail/set_pen__rosidl_typesupport_introspection_c.h
[1.674s] -- Up-to-date: /home/lincunha/lab01/install/turtlesim/include/turtlesim/turtlesim/msg
[1.675s] -- Up-to-date: /home/lincunha/lab01/install/turtlesim/include/turtlesim/turtlesim/msg/detail
[1.675s] -- Up-to-date: /home/lincunha/lab01/install/turtlesim/include/turtlesim/turtlesim/msg/detail/color__type_support.c
[1.675s] -- Up-to-date: /home/lincunha/lab01/install/turtlesim/include/turtlesim/turtlesim/msg/detail/color__rosidl_typesupport_introspection_c.h
[1.675s] -- Up-to-date: /home/lincunha/lab01/install/turtlesim/include/turtlesim/turtlesim/msg/detail/pose__type_support.c
[1.676s] -- Up-to-date: /home/lincunha/lab01/install/turtlesim/include/turtlesim/turtlesim/msg/detail/pose__rosidl_typesupport_introspection_c.h
[1.676s] -- Up-to-date: /home/lincunha/lab01/install/turtlesim/include/turtlesim/turtlesim/msg/rosidl_typesupport_introspection_c__visibility_control.h
[1.676s] -- Up-to-date: /home/lincunha/lab01/install/turtlesim/lib/libturtlesim__rosidl_typesupport_introspection_c.so
[1.676s] -- Up-to-date: /home/lincunha/lab01/install/turtlesim/lib/libturtlesim__rosidl_typesupport_c.so
[1.676s] -- Up-to-date: /home/lincunha/lab01/install/turtlesim/include/turtlesim/turtlesim
[1.676s] -- Up-to-date: /home/lincunha/lab01/install/turtlesim/include/turtlesim/turtlesim/action
[1.677s] -- Up-to-date: /home/lincunha/lab01/install/turtlesim/include/turtlesim/turtlesim/action/detail
[1.677s] -- Up-to-date: /home/lincunha/lab01/install/turtlesim/include/turtlesim/turtlesim/action/detail/rotate_absolute__type_support.cpp
[1.677s] -- Up-to-date: /home/lincunha/lab01/install/turtlesim/include/turtlesim/turtlesim/action/detail/rotate_absolute__rosidl_typesupport_introspection_cpp.hpp
[1.677s] -- Up-to-date: /home/lincunha/lab01/install/turtlesim/include/turtlesim/turtlesim/srv
[1.677s] -- Up-to-date: /home/lincunha/lab01/install/turtlesim/include/turtlesim/turtlesim/srv/detail
[1.677s] -- Up-to-date: /home/lincunha/lab01/install/turtlesim/include/turtlesim/turtlesim/srv/detail/set_pen__rosidl_typesupport_introspection_cpp.hpp
[1.678s] -- Up-to-date: /home/lincunha/lab01/install/turtlesim/include/turtlesim/turtlesim/srv/detail/kill__rosidl_typesupport_introspection_cpp.hpp
[1.678s] -- Up-to-date: /home/lincunha/lab01/install/turtlesim/include/turtlesim/turtlesim/srv/detail/teleport_relative__rosidl_typesupport_introspection_cpp.hpp
[1.678s] -- Up-to-date: /home/lincunha/lab01/install/turtlesim/include/turtlesim/turtlesim/srv/detail/kill__type_support.cpp
[1.678s] -- Up-to-date: /home/lincunha/lab01/install/turtlesim/include/turtlesim/turtlesim/srv/detail/set_pen__type_support.cpp
[1.678s] -- Up-to-date: /home/lincunha/lab01/install/turtlesim/include/turtlesim/turtlesim/srv/detail/teleport_relative__type_support.cpp
[1.678s] -- Up-to-date: /home/lincunha/lab01/install/turtlesim/include/turtlesim/turtlesim/srv/detail/teleport_absolute__type_support.cpp
[1.679s] -- Up-to-date: /home/lincunha/lab01/install/turtlesim/include/turtlesim/turtlesim/srv/detail/spawn__type_support.cpp
[1.679s] -- Up-to-date: /home/lincunha/lab01/install/turtlesim/include/turtlesim/turtlesim/srv/detail/teleport_absolute__rosidl_typesupport_introspection_cpp.hpp
[1.679s] -- Up-to-date: /home/lincunha/lab01/install/turtlesim/include/turtlesim/turtlesim/srv/detail/spawn__rosidl_typesupport_introspection_cpp.hpp
[1.679s] -- Up-to-date: /home/lincunha/lab01/install/turtlesim/include/turtlesim/turtlesim/msg
[1.679s] -- Up-to-date: /home/lincunha/lab01/install/turtlesim/include/turtlesim/turtlesim/msg/detail
[1.680s] -- Up-to-date: /home/lincunha/lab01/install/turtlesim/include/turtlesim/turtlesim/msg/detail/pose__rosidl_typesupport_introspection_cpp.hpp
[1.680s] -- Up-to-date: /home/lincunha/lab01/install/turtlesim/include/turtlesim/turtlesim/msg/detail/color__type_support.cpp
[1.680s] -- Up-to-date: /home/lincunha/lab01/install/turtlesim/include/turtlesim/turtlesim/msg/detail/color__rosidl_typesupport_introspection_cpp.hpp
[1.680s] -- Up-to-date: /home/lincunha/lab01/install/turtlesim/include/turtlesim/turtlesim/msg/detail/pose__type_support.cpp
[1.680s] -- Up-to-date: /home/lincunha/lab01/install/turtlesim/lib/libturtlesim__rosidl_typesupport_introspection_cpp.so
[1.680s] -- Up-to-date: /home/lincunha/lab01/install/turtlesim/lib/libturtlesim__rosidl_typesupport_cpp.so
[1.681s] -- Up-to-date: /home/lincunha/lab01/install/turtlesim/share/turtlesim/environment/pythonpath.sh
[1.681s] -- Up-to-date: /home/lincunha/lab01/install/turtlesim/share/turtlesim/environment/pythonpath.dsv
[1.681s] -- Up-to-date: /home/lincunha/lab01/install/turtlesim/local/lib/python3.10/dist-packages/turtlesim-1.4.2-py3.10.egg-info
[1.681s] -- Installing: /home/lincunha/lab01/install/turtlesim/local/lib/python3.10/dist-packages/turtlesim-1.4.2-py3.10.egg-info/dependency_links.txt
[1.681s] -- Installing: /home/lincunha/lab01/install/turtlesim/local/lib/python3.10/dist-packages/turtlesim-1.4.2-py3.10.egg-info/top_level.txt
[1.682s] -- Installing: /home/lincunha/lab01/install/turtlesim/local/lib/python3.10/dist-packages/turtlesim-1.4.2-py3.10.egg-info/SOURCES.txt
[1.682s] -- Installing: /home/lincunha/lab01/install/turtlesim/local/lib/python3.10/dist-packages/turtlesim-1.4.2-py3.10.egg-info/PKG-INFO
[1.683s] -- Up-to-date: /home/lincunha/lab01/install/turtlesim/local/lib/python3.10/dist-packages/turtlesim
[1.683s] -- Up-to-date: /home/lincunha/lab01/install/turtlesim/local/lib/python3.10/dist-packages/turtlesim/_turtlesim_s.ep.rosidl_typesupport_c.c
[1.683s] -- Up-to-date: /home/lincunha/lab01/install/turtlesim/local/lib/python3.10/dist-packages/turtlesim/turtlesim_s__rosidl_typesupport_fastrtps_c.cpython-310-x86_64-linux-gnu.so
[1.683s] -- Up-to-date: /home/lincunha/lab01/install/turtlesim/local/lib/python3.10/dist-packages/turtlesim/action
[1.684s] -- Up-to-date: /home/lincunha/lab01/install/turtlesim/local/lib/python3.10/dist-packages/turtlesim/action/_rotate_absolute_s.c
[1.684s] -- Up-to-date: /home/lincunha/lab01/install/turtlesim/local/lib/python3.10/dist-packages/turtlesim/action/_rotate_absolute.py
[1.684s] -- Up-to-date: /home/lincunha/lab01/install/turtlesim/local/lib/python3.10/dist-packages/turtlesim/action/__init__.py
[1.684s] -- Up-to-date: /home/lincunha/lab01/install/turtlesim/local/lib/python3.10/dist-packages/turtlesim/srv
[1.684s] -- Up-to-date: /home/lincunha/lab01/install/turtlesim/local/lib/python3.10/dist-packages/turtlesim/srv/_kill.py
[1.685s] -- Up-to-date: /home/lincunha/lab01/install/turtlesim/local/lib/python3.10/dist-packages/turtlesim/srv/_spawn.py
[1.685s] -- Up-to-date: /home/lincunha/lab01/install/turtlesim/local/lib/python3.10/dist-packages/turtlesim/srv/_set_pen.py
[1.685s] -- Up-to-date: /home/lincunha/lab01/install/turtlesim/local/lib/python3.10/dist-packages/turtlesim/srv/_teleport_absolute_s.c
[1.685s] -- Up-to-date: /home/lincunha/lab01/install/turtlesim/local/lib/python3.10/dist-packages/turtlesim/srv/_set_pen_s.c
[1.685s] -- Up-to-date: /home/lincunha/lab01/install/turtlesim/local/lib/python3.10/dist-packages/turtlesim/srv/__init__.py
[1.686s] -- Up-to-date: /home/lincunha/lab01/install/turtlesim/local/lib/python3.10/dist-packages/turtlesim/srv/_teleport_absolute.py
[1.686s] -- Up-to-date: /home/lincunha/lab01/install/turtlesim/local/lib/python3.10/dist-packages/turtlesim/srv/_kill_s.c
[1.686s] -- Up-to-date: /home/lincunha/lab01/install/turtlesim/local/lib/python3.10/dist-packages/turtlesim/srv/_teleport_relative.py
[1.686s] -- Up-to-date: /home/lincunha/lab01/install/turtlesim/local/lib/python3.10/dist-packages/turtlesim/srv/_spawn_s.c
[1.686s] -- Up-to-date: /home/lincunha/lab01/install/turtlesim/local/lib/python3.10/dist-packages/turtlesim/srv/_teleport_relative_s.c
[1.686s] -- Up-to-date: /home/lincunha/lab01/install/turtlesim/local/lib/python3.10/dist-packages/turtlesim/libturtlesim__rosidl_generator_py.so
[1.687s] -- Up-to-date: /home/lincunha/lab01/install/turtlesim/local/lib/python3.10/dist-packages/turtlesim/_turtlesim_s.ep.rosidl_typesupport_introspection_c.c
[1.687s] -- Up-to-date: /home/lincunha/lab01/install/turtlesim/local/lib/python3.10/dist-packages/turtlesim/turtlesim_s__rosidl_typesupport_introspection_c.cpython-310-x86_64-linux-gnu.so
[1.687s] -- Up-to-date: /home/lincunha/lab01/install/turtlesim/local/lib/python3.10/dist-packages/turtlesim/_turtlesim_s.ep.rosidl_typesupport_fastrtps_c.c
[1.687s] -- Up-to-date: /home/lincunha/lab01/install/turtlesim/local/lib/python3.10/dist-packages/turtlesim/__init__.py
[1.687s] -- Up-to-date: /home/lincunha/lab01/install/turtlesim/local/lib/python3.10/dist-packages/turtlesim/turtlesim_s__rosidl_typesupport_c.cpython-310-x86_64-linux-gnu.so
[1.687s] -- Up-to-date: /home/lincunha/lab01/install/turtlesim/local/lib/python3.10/dist-packages/turtlesim/msg
[1.688s] -- Up-to-date: /home/lincunha/lab01/install/turtlesim/local/lib/python3.10/dist-packages/turtlesim/msg/_pose.py
[1.688s] -- Up-to-date: /home/lincunha/lab01/install/turtlesim/local/lib/python3.10/dist-packages/turtlesim/msg/_pose_s.c
[1.688s] -- Up-to-date: /home/lincunha/lab01/install/turtlesim/local/lib/python3.10/dist-packages/turtlesim/msg/_color_s.c
[1.688s] -- Up-to-date: /home/lincunha/lab01/install/turtlesim/local/lib/python3.10/dist-packages/turtlesim/msg/__init__.py
[1.688s] -- Up-to-date: /home/lincunha/lab01/install/turtlesim/local/lib/python3.10/dist-packages/turtlesim/msg/_color.py
[1.710s] Listing '/home/lincunha/lab01/install/turtlesim/local/lib/python3.10/dist-packages/turtlesim'...
[1.710s] Listing '/home/lincunha/lab01/install/turtlesim/local/lib/python3.10/dist-packages/turtlesim/action'...
[1.710s] Listing '/home/lincunha/lab01/install/turtlesim/local/lib/python3.10/dist-packages/turtlesim/msg'...
[1.710s] Listing '/home/lincunha/lab01/install/turtlesim/local/lib/python3.10/dist-packages/turtlesim/srv'...
[1.720s] -- Up-to-date: /home/lincunha/lab01/install/turtlesim/local/lib/python3.10/dist-packages/turtlesim/turtlesim_s__rosidl_typesupport_fastrtps_c.cpython-310-x86_64-linux-gnu.so
[1.721s] -- Up-to-date: /home/lincunha/lab01/install/turtlesim/local/lib/python3.10/dist-packages/turtlesim/turtlesim_s__rosidl_typesupport_introspection_c.cpython-310-x86_64-linux-gnu.so
[1.722s] -- Up-to-date: /home/lincunha/lab01/install/turtlesim/local/lib/python3.10/dist-packages/turtlesim/turtlesim_s__rosidl_typesupport_c.cpython-310-x86_64-linux-gnu.so
[1.723s] -- Up-to-date: /home/lincunha/lab01/install/turtlesim/lib/libturtlesim__rosidl_generator_py.so
[1.724s] -- Up-to-date: /home/lincunha/lab01/install/turtlesim/share/turtlesim/action/RotateAbsolute.idl
[1.724s] -- Up-to-date: /home/lincunha/lab01/install/turtlesim/share/turtlesim/msg/Color.idl
[1.725s] -- Up-to-date: /home/lincunha/lab01/install/turtlesim/share/turtlesim/msg/Pose.idl
[1.725s] -- Up-to-date: /home/lincunha/lab01/install/turtlesim/share/turtlesim/srv/Kill.idl
[1.726s] -- Up-to-date: /home/lincunha/lab01/install/turtlesim/share/turtlesim/srv/SetPen.idl
[1.726s] -- Up-to-date: /home/lincunha/lab01/install/turtlesim/share/turtlesim/srv/Spawn.idl
[1.727s] -- Up-to-date: /home/lincunha/lab01/install/turtlesim/share/turtlesim/srv/TeleportAbsolute.idl
[1.727s] -- Up-to-date: /home/lincunha/lab01/install/turtlesim/share/turtlesim/srv/TeleportRelative.idl
[1.728s] -- Up-to-date: /home/lincunha/lab01/install/turtlesim/share/turtlesim/action/RotateAbsolute.action
[1.728s] -- Up-to-date: /home/lincunha/lab01/install/turtlesim/share/turtlesim/msg/Color.msg
[1.729s] -- Up-to-date: /home/lincunha/lab01/install/turtlesim/share/turtlesim/msg/Pose.msg
[1.729s] -- Up-to-date: /home/lincunha/lab01/install/turtlesim/share/turtlesim/srv/Kill.srv
[1.729s] -- Up-to-date: /home/lincunha/lab01/install/turtlesim/share/turtlesim/srv/Kill_Request.msg
[1.730s] -- Up-to-date: /home/lincunha/lab01/install/turtlesim/share/turtlesim/srv/Kill_Response.msg
[1.730s] -- Up-to-date: /home/lincunha/lab01/install/turtlesim/share/turtlesim/srv/SetPen.srv
[1.731s] -- Up-to-date: /home/lincunha/lab01/install/turtlesim/share/turtlesim/srv/SetPen_Request.msg
[1.732s] -- Up-to-date: /home/lincunha/lab01/install/turtlesim/share/turtlesim/srv/SetPen_Response.msg
[1.732s] -- Up-to-date: /home/lincunha/lab01/install/turtlesim/share/turtlesim/srv/Spawn.srv
[1.733s] -- Up-to-date: /home/lincunha/lab01/install/turtlesim/share/turtlesim/srv/Spawn_Request.msg
[1.733s] -- Up-to-date: /home/lincunha/lab01/install/turtlesim/share/turtlesim/srv/Spawn_Response.msg
[1.733s] -- Up-to-date: /home/lincunha/lab01/install/turtlesim/share/turtlesim/srv/TeleportAbsolute.srv
[1.734s] -- Up-to-date: /home/lincunha/lab01/install/turtlesim/share/turtlesim/srv/TeleportAbsolute_Request.msg
[1.734s] -- Up-to-date: /home/lincunha/lab01/install/turtlesim/share/turtlesim/srv/TeleportAbsolute_Response.msg
[1.734s] -- Up-to-date: /home/lincunha/lab01/install/turtlesim/share/turtlesim/srv/TeleportRelative.srv
[1.735s] -- Up-to-date: /home/lincunha/lab01/install/turtlesim/share/turtlesim/srv/TeleportRelative_Request.msg
[1.735s] -- Up-to-date: /home/lincunha/lab01/install/turtlesim/share/turtlesim/srv/TeleportRelative_Response.msg
[1.736s] -- Up-to-date: /home/lincunha/lab01/install/turtlesim/lib/turtlesim/turtlesim_node
[1.736s] -- Up-to-date: /home/lincunha/lab01/install/turtlesim/lib/turtlesim/turtle_teleop_key
[1.737s] -- Up-to-date: /home/lincunha/lab01/install/turtlesim/lib/turtlesim/draw_square
[1.737s] -- Up-to-date: /home/lincunha/lab01/install/turtlesim/lib/turtlesim/mimic
[1.737s] -- Up-to-date: /home/lincunha/lab01/install/turtlesim/share/turtlesim/images
[1.737s] -- Up-to-date: /home/lincunha/lab01/install/turtlesim/share/turtlesim/images/galactic.png
[1.738s] -- Up-to-date: /home/lincunha/lab01/install/turtlesim/share/turtlesim/images/crystal.png
[1.739s] -- Up-to-date: /home/lincunha/lab01/install/turtlesim/share/turtlesim/images/dashing.png
[1.739s] -- Up-to-date: /home/lincunha/lab01/install/turtlesim/share/turtlesim/images/humble.png
[1.739s] -- Up-to-date: /home/lincunha/lab01/install/turtlesim/share/turtlesim/images/bouncy.png
[1.739s] -- Up-to-date: /home/lincunha/lab01/install/turtlesim/share/turtlesim/images/rolling.png
[1.739s] -- Up-to-date: /home/lincunha/lab01/install/turtlesim/share/turtlesim/images/ardent.png
[1.739s] -- Up-to-date: /home/lincunha/lab01/install/turtlesim/share/turtlesim/images/foxy.png
[1.740s] -- Up-to-date: /home/lincunha/lab01/install/turtlesim/share/turtlesim/images/eloquent.png
[1.740s] -- Up-to-date: /home/lincunha/lab01/install/turtlesim/share/turtlesim/launch
[1.740s] -- Up-to-date: /home/lincunha/lab01/install/turtlesim/share/turtlesim/launch/multisim.launch.py
[1.740s] -- Up-to-date: /home/lincunha/lab01/install/turtlesim/share/ament_index/resource_index/package_run_dependencies/turtlesim
[1.741s] -- Up-to-date: /home/lincunha/lab01/install/turtlesim/share/ament_index/resource_index/parent_prefix_path/turtlesim
[1.743s] -- Up-to-date: /home/lincunha/lab01/install/turtlesim/share/turtlesim/environment/ament_prefix_path.sh
[1.744s] -- Up-to-date: /home/lincunha/lab01/install/turtlesim/share/turtlesim/environment/ament_prefix_path.dsv
[1.744s] -- Up-to-date: /home/lincunha/lab01/install/turtlesim/share/turtlesim/environment/path.sh
[1.745s] -- Up-to-date: /home/lincunha/lab01/install/turtlesim/share/turtlesim/environment/path.dsv
[1.745s] -- Up-to-date: /home/lincunha/lab01/install/turtlesim/share/turtlesim/local_setup.bash
[1.745s] -- Up-to-date: /home/lincunha/lab01/install/turtlesim/share/turtlesim/local_setup.sh
[1.746s] -- Up-to-date: /home/lincunha/lab01/install/turtlesim/share/turtlesim/local_setup.zsh
[1.746s] -- Up-to-date: /home/lincunha/lab01/install/turtlesim/share/turtlesim/local_setup.dsv
[1.746s] -- Installing: /home/lincunha/lab01/install/turtlesim/share/turtlesim/package.dsv
[1.747s] -- Up-to-date: /home/lincunha/lab01/install/turtlesim/share/ament_index/resource_index/packages/turtlesim
[1.747s] -- Up-to-date: /home/lincunha/lab01/install/turtlesim/share/turtlesim/cmake/export_turtlesim__rosidl_generator_cExport.cmake
[1.747s] -- Up-to-date: /home/lincunha/lab01/install/turtlesim/share/turtlesim/cmake/export_turtlesim__rosidl_generator_cExport-noconfig.cmake
[1.748s] -- Up-to-date: /home/lincunha/lab01/install/turtlesim/share/turtlesim/cmake/export_turtlesim__rosidl_typesupport_fastrtps_cExport.cmake
[1.748s] -- Up-to-date: /home/lincunha/lab01/install/turtlesim/share/turtlesim/cmake/export_turtlesim__rosidl_typesupport_fastrtps_cExport-noconfig.cmake
[1.748s] -- Up-to-date: /home/lincunha/lab01/install/turtlesim/share/turtlesim/cmake/export_turtlesim__rosidl_generator_cppExport.cmake
[1.749s] -- Up-to-date: /home/lincunha/lab01/install/turtlesim/share/turtlesim/cmake/export_turtlesim__rosidl_typesupport_fastrtps_cppExport.cmake
[1.749s] -- Up-to-date: /home/lincunha/lab01/install/turtlesim/share/turtlesim/cmake/export_turtlesim__rosidl_typesupport_fastrtps_cppExport-noconfig.cmake
[1.750s] -- Up-to-date: /home/lincunha/lab01/install/turtlesim/share/turtlesim/cmake/turtlesim__rosidl_typesupport_introspection_cExport.cmake
[1.750s] -- Up-to-date: /home/lincunha/lab01/install/turtlesim/share/turtlesim/cmake/turtlesim__rosidl_typesupport_introspection_cExport-noconfig.cmake
[1.750s] -- Up-to-date: /home/lincunha/lab01/install/turtlesim/share/turtlesim/cmake/turtlesim__rosidl_typesupport_cExport.cmake
[1.751s] -- Up-to-date: /home/lincunha/lab01/install/turtlesim/share/turtlesim/cmake/turtlesim__rosidl_typesupport_cExport-noconfig.cmake
[1.751s] -- Up-to-date: /home/lincunha/lab01/install/turtlesim/share/turtlesim/cmake/turtlesim__rosidl_typesupport_introspection_cppExport.cmake
[1.752s] -- Up-to-date: /home/lincunha/lab01/install/turtlesim/share/turtlesim/cmake/turtlesim__rosidl_typesupport_introspection_cppExport-noconfig.cmake
[1.752s] -- Up-to-date: /home/lincunha/lab01/install/turtlesim/share/turtlesim/cmake/turtlesim__rosidl_typesupport_cppExport.cmake
[1.753s] -- Up-to-date: /home/lincunha/lab01/install/turtlesim/share/turtlesim/cmake/turtlesim__rosidl_typesupport_cppExport-noconfig.cmake
[1.754s] -- Up-to-date: /home/lincunha/lab01/install/turtlesim/share/turtlesim/cmake/export_turtlesim__rosidl_generator_pyExport.cmake
[1.755s] -- Up-to-date: /home/lincunha/lab01/install/turtlesim/share/turtlesim/cmake/export_turtlesim__rosidl_generator_pyExport-noconfig.cmake
[1.755s] -- Up-to-date: /home/lincunha/lab01/install/turtlesim/share/turtlesim/cmake/rosidl_cmake-extras.cmake
[1.757s] -- Up-to-date: /home/lincunha/lab01/install/turtlesim/share/turtlesim/cmake/ament_cmake_export_dependencies-extras.cmake
[1.759s] -- Up-to-date: /home/lincunha/lab01/install/turtlesim/share/turtlesim/cmake/ament_cmake_export_include_directories-extras.cmake
[1.762s] -- Up-to-date: /home/lincunha/lab01/install/turtlesim/share/turtlesim/cmake/ament_cmake_export_libraries-extras.cmake
[1.764s] -- Up-to-date: /home/lincunha/lab01/install/turtlesim/share/turtlesim/cmake/ament_cmake_export_targets-extras.cmake
[1.764s] -- Up-to-date: /home/lincunha/lab01/install/turtlesim/share/turtlesim/cmake/rosidl_cmake_export_typesupport_targets-extras.cmake
[1.765s] -- Up-to-date: /home/lincunha/lab01/install/turtlesim/share/turtlesim/cmake/rosidl_cmake_export_typesupport_libraries-extras.cmake
[1.765s] -- Up-to-date: /home/lincunha/lab01/install/turtlesim/share/turtlesim/cmake/turtlesimConfig.cmake
[1.765s] -- Up-to-date: /home/lincunha/lab01/install/turtlesim/share/turtlesim/cmake/turtlesimConfig-version.cmake
[1.766s] -- Up-to-date: /home/lincunha/lab01/install/turtlesim/share/turtlesim/package.xml
[1.779s] Invoked command in '/home/lincunha/lab01/build/turtlesim' returned '0': CMAKE_PREFIX_PATH=${CMAKE_PREFIX_PATH}:/home/lincunha/lab01/install/lab01_pkg:/opt/ros/humble /usr/bin/cmake --install /home/lincunha/lab01/build/turtlesim
