[0.105s] Invoking command in '/home/lincunha/SESASR/lab02/build/turtlebot3_fake_node': CMAKE_PREFIX_PATH=${CMAKE_PREFIX_PATH}:/home/lincunha/SESASR/lab02/install/lab02_pkg:/opt/ros/humble /usr/bin/cmake --build /home/lincunha/SESASR/lab02/build/turtlebot3_fake_node -- -j8 -l8
[1.570s] [100%] Built target turtlebot3_fake_node
[1.590s] Invoked command in '/home/lincunha/SESASR/lab02/build/turtlebot3_fake_node' returned '0': CMAKE_PREFIX_PATH=${CMAKE_PREFIX_PATH}:/home/lincunha/SESASR/lab02/install/lab02_pkg:/opt/ros/humble /usr/bin/cmake --build /home/lincunha/SESASR/lab02/build/turtlebot3_fake_node -- -j8 -l8
[1.729s] Invoking command in '/home/lincunha/SESASR/lab02/build/turtlebot3_fake_node': CMAKE_PREFIX_PATH=${CMAKE_PREFIX_PATH}:/home/lincunha/SESASR/lab02/install/lab02_pkg:/opt/ros/humble /usr/bin/cmake --install /home/lincunha/SESASR/lab02/build/turtlebot3_fake_node
[1.763s] -- Install configuration: ""
[1.771s] -- Execute custom install script
[1.771s] -- Up-to-date symlink: /home/lincunha/SESASR/lab02/install/turtlebot3_fake_node/lib/turtlebot3_fake_node/turtlebot3_fake_node
[1.771s] -- Up-to-date symlink: /home/lincunha/SESASR/lab02/install/turtlebot3_fake_node/share/turtlebot3_fake_node/launch/rviz2.launch.py
[1.772s] -- Up-to-date symlink: /home/lincunha/SESASR/lab02/install/turtlebot3_fake_node/share/turtlebot3_fake_node/launch/turtlebot3_fake_node.launch.py
[1.776s] -- Up-to-date symlink: /home/lincunha/SESASR/lab02/install/turtlebot3_fake_node/share/turtlebot3_fake_node/param/burger.yaml
[1.777s] -- Up-to-date symlink: /home/lincunha/SESASR/lab02/install/turtlebot3_fake_node/share/turtlebot3_fake_node/param/waffle.yaml
[1.777s] -- Up-to-date symlink: /home/lincunha/SESASR/lab02/install/turtlebot3_fake_node/share/turtlebot3_fake_node/param/waffle_pi.yaml
[1.778s] -- Up-to-date symlink: /home/lincunha/SESASR/lab02/install/turtlebot3_fake_node/include//turtlebot3_fake_node/turtlebot3_fake_node.hpp
[1.778s] -- Up-to-date symlink: /home/lincunha/SESASR/lab02/install/turtlebot3_fake_node/share/ament_index/resource_index/package_run_dependencies/turtlebot3_fake_node
[1.779s] -- Up-to-date symlink: /home/lincunha/SESASR/lab02/install/turtlebot3_fake_node/share/ament_index/resource_index/parent_prefix_path/turtlebot3_fake_node
[1.780s] -- Up-to-date symlink: /home/lincunha/SESASR/lab02/install/turtlebot3_fake_node/share/turtlebot3_fake_node/environment/ament_prefix_path.sh
[1.780s] -- Up-to-date symlink: /home/lincunha/SESASR/lab02/install/turtlebot3_fake_node/share/turtlebot3_fake_node/environment/ament_prefix_path.dsv
[1.783s] -- Up-to-date symlink: /home/lincunha/SESASR/lab02/install/turtlebot3_fake_node/share/turtlebot3_fake_node/environment/path.sh
[1.784s] -- Up-to-date symlink: /home/lincunha/SESASR/lab02/install/turtlebot3_fake_node/share/turtlebot3_fake_node/environment/path.dsv
[1.785s] -- Up-to-date symlink: /home/lincunha/SESASR/lab02/install/turtlebot3_fake_node/share/turtlebot3_fake_node/local_setup.bash
[1.786s] -- Up-to-date symlink: /home/lincunha/SESASR/lab02/install/turtlebot3_fake_node/share/turtlebot3_fake_node/local_setup.sh
[1.789s] -- Up-to-date symlink: /home/lincunha/SESASR/lab02/install/turtlebot3_fake_node/share/turtlebot3_fake_node/local_setup.zsh
[1.790s] -- Up-to-date symlink: /home/lincunha/SESASR/lab02/install/turtlebot3_fake_node/share/turtlebot3_fake_node/local_setup.dsv
[1.790s] -- Symlinking: /home/lincunha/SESASR/lab02/install/turtlebot3_fake_node/share/turtlebot3_fake_node/package.dsv
[1.841s] -- Up-to-date symlink: /home/lincunha/SESASR/lab02/install/turtlebot3_fake_node/share/ament_index/resource_index/packages/turtlebot3_fake_node
[1.849s] -- Up-to-date symlink: /home/lincunha/SESASR/lab02/install/turtlebot3_fake_node/share/turtlebot3_fake_node/cmake/ament_cmake_export_include_directories-extras.cmake
[1.861s] -- Up-to-date symlink: /home/lincunha/SESASR/lab02/install/turtlebot3_fake_node/share/turtlebot3_fake_node/cmake/ament_cmake_export_dependencies-extras.cmake
[1.900s] -- Up-to-date symlink: /home/lincunha/SESASR/lab02/install/turtlebot3_fake_node/share/turtlebot3_fake_node/cmake/turtlebot3_fake_nodeConfig.cmake
[1.913s] -- Up-to-date symlink: /home/lincunha/SESASR/lab02/install/turtlebot3_fake_node/share/turtlebot3_fake_node/cmake/turtlebot3_fake_nodeConfig-version.cmake
[1.914s] -- Up-to-date symlink: /home/lincunha/SESASR/lab02/install/turtlebot3_fake_node/share/turtlebot3_fake_node/package.xml
[1.927s] Invoked command in '/home/lincunha/SESASR/lab02/build/turtlebot3_fake_node' returned '0': CMAKE_PREFIX_PATH=${CMAKE_PREFIX_PATH}:/home/lincunha/SESASR/lab02/install/lab02_pkg:/opt/ros/humble /usr/bin/cmake --install /home/lincunha/SESASR/lab02/build/turtlebot3_fake_node
