[0.073s] Invoking command in '/home/s2c2/Desktop/SESASR/lab05/build/landmark_msgs': CMAKE_PREFIX_PATH=/opt/ros/humble /usr/bin/cmake --build /home/s2c2/Desktop/SESASR/lab05/build/landmark_msgs -- -j4 -l4
[0.781s] [  2%] Built target landmark_msgs__cpp
[0.781s] [ 12%] Built target landmark_msgs__rosidl_generator_c
[0.781s] [ 12%] Built target ament_cmake_python_copy_landmark_msgs
[0.781s] [ 23%] Built target landmark_msgs__rosidl_typesupport_cpp
[0.781s] [ 33%] Built target landmark_msgs__rosidl_typesupport_fastrtps_cpp
[0.781s] [ 43%] Built target landmark_msgs__rosidl_typesupport_introspection_cpp
[0.781s] [ 53%] Built target landmark_msgs__rosidl_typesupport_fastrtps_c
[0.781s] [ 64%] Built target landmark_msgs__rosidl_typesupport_introspection_c
[0.781s] [ 74%] Built target landmark_msgs__rosidl_typesupport_c
[0.781s] [ 74%] Built target landmark_msgs
[0.782s] [ 76%] Built target landmark_msgs__py
[0.782s] [ 84%] Built target landmark_msgs__rosidl_generator_py
[0.801s] [ 89%] Built target landmark_msgs__rosidl_typesupport_c__pyext
[0.801s] [ 94%] Built target landmark_msgs__rosidl_typesupport_introspection_c__pyext
[0.801s] [100%] Built target landmark_msgs__rosidl_typesupport_fastrtps_c__pyext
[1.119s] running egg_info
[1.126s] writing landmark_msgs.egg-info/PKG-INFO
[1.126s] writing dependency_links to landmark_msgs.egg-info/dependency_links.txt
[1.126s] writing top-level names to landmark_msgs.egg-info/top_level.txt
[1.150s] reading manifest file 'landmark_msgs.egg-info/SOURCES.txt'
[1.158s] writing manifest file 'landmark_msgs.egg-info/SOURCES.txt'
[1.282s] [100%] Built target ament_cmake_python_build_landmark_msgs_egg
[1.425s] Invoked command in '/home/s2c2/Desktop/SESASR/lab05/build/landmark_msgs' returned '0': CMAKE_PREFIX_PATH=/opt/ros/humble /usr/bin/cmake --build /home/s2c2/Desktop/SESASR/lab05/build/landmark_msgs -- -j4 -l4
[1.434s] Invoking command in '/home/s2c2/Desktop/SESASR/lab05/build/landmark_msgs': CMAKE_PREFIX_PATH=/opt/ros/humble /usr/bin/cmake --install /home/s2c2/Desktop/SESASR/lab05/build/landmark_msgs
[1.459s] -- Install configuration: ""
[1.460s] -- Up-to-date: /home/s2c2/Desktop/SESASR/lab05/install/landmark_msgs/share/ament_index/resource_index/rosidl_interfaces/landmark_msgs
[1.461s] -- Up-to-date: /home/s2c2/Desktop/SESASR/lab05/install/landmark_msgs/include/landmark_msgs/landmark_msgs
[1.463s] -- Up-to-date: /home/s2c2/Desktop/SESASR/lab05/install/landmark_msgs/include/landmark_msgs/landmark_msgs/msg
[1.464s] -- Up-to-date: /home/s2c2/Desktop/SESASR/lab05/install/landmark_msgs/include/landmark_msgs/landmark_msgs/msg/rosidl_generator_c__visibility_control.h
[1.464s] -- Up-to-date: /home/s2c2/Desktop/SESASR/lab05/install/landmark_msgs/include/landmark_msgs/landmark_msgs/msg/detail
[1.468s] -- Up-to-date: /home/s2c2/Desktop/SESASR/lab05/install/landmark_msgs/include/landmark_msgs/landmark_msgs/msg/detail/landmark__type_support.h
[1.469s] -- Up-to-date: /home/s2c2/Desktop/SESASR/lab05/install/landmark_msgs/include/landmark_msgs/landmark_msgs/msg/detail/landmark_array__struct.h
[1.469s] -- Up-to-date: /home/s2c2/Desktop/SESASR/lab05/install/landmark_msgs/include/landmark_msgs/landmark_msgs/msg/detail/landmark__functions.c
[1.470s] -- Up-to-date: /home/s2c2/Desktop/SESASR/lab05/install/landmark_msgs/include/landmark_msgs/landmark_msgs/msg/detail/landmark_array__functions.c
[1.471s] -- Up-to-date: /home/s2c2/Desktop/SESASR/lab05/install/landmark_msgs/include/landmark_msgs/landmark_msgs/msg/detail/landmark__struct.h
[1.471s] -- Up-to-date: /home/s2c2/Desktop/SESASR/lab05/install/landmark_msgs/include/landmark_msgs/landmark_msgs/msg/detail/landmark_array__functions.h
[1.471s] -- Up-to-date: /home/s2c2/Desktop/SESASR/lab05/install/landmark_msgs/include/landmark_msgs/landmark_msgs/msg/detail/landmark__functions.h
[1.471s] -- Up-to-date: /home/s2c2/Desktop/SESASR/lab05/install/landmark_msgs/include/landmark_msgs/landmark_msgs/msg/detail/landmark_array__type_support.h
[1.471s] -- Up-to-date: /home/s2c2/Desktop/SESASR/lab05/install/landmark_msgs/include/landmark_msgs/landmark_msgs/msg/landmark.h
[1.472s] -- Up-to-date: /home/s2c2/Desktop/SESASR/lab05/install/landmark_msgs/include/landmark_msgs/landmark_msgs/msg/landmark_array.h
[1.472s] -- Up-to-date: /home/s2c2/Desktop/SESASR/lab05/install/landmark_msgs/share/landmark_msgs/environment/library_path.sh
[1.472s] -- Up-to-date: /home/s2c2/Desktop/SESASR/lab05/install/landmark_msgs/share/landmark_msgs/environment/library_path.dsv
[1.481s] -- Up-to-date: /home/s2c2/Desktop/SESASR/lab05/install/landmark_msgs/lib/liblandmark_msgs__rosidl_generator_c.so
[1.482s] -- Up-to-date: /home/s2c2/Desktop/SESASR/lab05/install/landmark_msgs/include/landmark_msgs/landmark_msgs
[1.482s] -- Up-to-date: /home/s2c2/Desktop/SESASR/lab05/install/landmark_msgs/include/landmark_msgs/landmark_msgs/msg
[1.482s] -- Up-to-date: /home/s2c2/Desktop/SESASR/lab05/install/landmark_msgs/include/landmark_msgs/landmark_msgs/msg/rosidl_typesupport_fastrtps_c__visibility_control.h
[1.482s] -- Up-to-date: /home/s2c2/Desktop/SESASR/lab05/install/landmark_msgs/include/landmark_msgs/landmark_msgs/msg/detail
[1.482s] -- Up-to-date: /home/s2c2/Desktop/SESASR/lab05/install/landmark_msgs/include/landmark_msgs/landmark_msgs/msg/detail/landmark_array__rosidl_typesupport_fastrtps_c.h
[1.483s] -- Up-to-date: /home/s2c2/Desktop/SESASR/lab05/install/landmark_msgs/include/landmark_msgs/landmark_msgs/msg/detail/landmark__rosidl_typesupport_fastrtps_c.h
[1.502s] -- Up-to-date: /home/s2c2/Desktop/SESASR/lab05/install/landmark_msgs/lib/liblandmark_msgs__rosidl_typesupport_fastrtps_c.so
[1.506s] -- Up-to-date: /home/s2c2/Desktop/SESASR/lab05/install/landmark_msgs/include/landmark_msgs/landmark_msgs
[1.507s] -- Up-to-date: /home/s2c2/Desktop/SESASR/lab05/install/landmark_msgs/include/landmark_msgs/landmark_msgs/msg
[1.507s] -- Up-to-date: /home/s2c2/Desktop/SESASR/lab05/install/landmark_msgs/include/landmark_msgs/landmark_msgs/msg/detail
[1.507s] -- Up-to-date: /home/s2c2/Desktop/SESASR/lab05/install/landmark_msgs/include/landmark_msgs/landmark_msgs/msg/detail/landmark_array__type_support.c
[1.508s] -- Up-to-date: /home/s2c2/Desktop/SESASR/lab05/install/landmark_msgs/include/landmark_msgs/landmark_msgs/msg/detail/landmark__rosidl_typesupport_introspection_c.h
[1.508s] -- Up-to-date: /home/s2c2/Desktop/SESASR/lab05/install/landmark_msgs/include/landmark_msgs/landmark_msgs/msg/detail/landmark__type_support.c
[1.508s] -- Up-to-date: /home/s2c2/Desktop/SESASR/lab05/install/landmark_msgs/include/landmark_msgs/landmark_msgs/msg/detail/landmark_array__rosidl_typesupport_introspection_c.h
[1.508s] -- Up-to-date: /home/s2c2/Desktop/SESASR/lab05/install/landmark_msgs/include/landmark_msgs/landmark_msgs/msg/rosidl_typesupport_introspection_c__visibility_control.h
[1.526s] -- Up-to-date: /home/s2c2/Desktop/SESASR/lab05/install/landmark_msgs/lib/liblandmark_msgs__rosidl_typesupport_introspection_c.so
[1.526s] -- Up-to-date: /home/s2c2/Desktop/SESASR/lab05/install/landmark_msgs/lib/liblandmark_msgs__rosidl_typesupport_c.so
[1.526s] -- Up-to-date: /home/s2c2/Desktop/SESASR/lab05/install/landmark_msgs/include/landmark_msgs/landmark_msgs
[1.526s] -- Up-to-date: /home/s2c2/Desktop/SESASR/lab05/install/landmark_msgs/include/landmark_msgs/landmark_msgs/msg
[1.526s] -- Up-to-date: /home/s2c2/Desktop/SESASR/lab05/install/landmark_msgs/include/landmark_msgs/landmark_msgs/msg/detail
[1.526s] -- Up-to-date: /home/s2c2/Desktop/SESASR/lab05/install/landmark_msgs/include/landmark_msgs/landmark_msgs/msg/detail/landmark__struct.hpp
[1.526s] -- Up-to-date: /home/s2c2/Desktop/SESASR/lab05/install/landmark_msgs/include/landmark_msgs/landmark_msgs/msg/detail/landmark__type_support.hpp
[1.534s] -- Up-to-date: /home/s2c2/Desktop/SESASR/lab05/install/landmark_msgs/include/landmark_msgs/landmark_msgs/msg/detail/landmark__builder.hpp
[1.534s] -- Up-to-date: /home/s2c2/Desktop/SESASR/lab05/install/landmark_msgs/include/landmark_msgs/landmark_msgs/msg/detail/landmark_array__traits.hpp
[1.535s] -- Up-to-date: /home/s2c2/Desktop/SESASR/lab05/install/landmark_msgs/include/landmark_msgs/landmark_msgs/msg/detail/landmark__traits.hpp
[1.535s] -- Up-to-date: /home/s2c2/Desktop/SESASR/lab05/install/landmark_msgs/include/landmark_msgs/landmark_msgs/msg/detail/landmark_array__struct.hpp
[1.535s] -- Up-to-date: /home/s2c2/Desktop/SESASR/lab05/install/landmark_msgs/include/landmark_msgs/landmark_msgs/msg/detail/landmark_array__type_support.hpp
[1.535s] -- Up-to-date: /home/s2c2/Desktop/SESASR/lab05/install/landmark_msgs/include/landmark_msgs/landmark_msgs/msg/detail/landmark_array__builder.hpp
[1.535s] -- Up-to-date: /home/s2c2/Desktop/SESASR/lab05/install/landmark_msgs/include/landmark_msgs/landmark_msgs/msg/rosidl_generator_cpp__visibility_control.hpp
[1.537s] -- Up-to-date: /home/s2c2/Desktop/SESASR/lab05/install/landmark_msgs/include/landmark_msgs/landmark_msgs/msg/landmark_array.hpp
[1.537s] -- Up-to-date: /home/s2c2/Desktop/SESASR/lab05/install/landmark_msgs/include/landmark_msgs/landmark_msgs/msg/landmark.hpp
[1.540s] -- Up-to-date: /home/s2c2/Desktop/SESASR/lab05/install/landmark_msgs/include/landmark_msgs/landmark_msgs
[1.540s] -- Up-to-date: /home/s2c2/Desktop/SESASR/lab05/install/landmark_msgs/include/landmark_msgs/landmark_msgs/msg
[1.542s] -- Up-to-date: /home/s2c2/Desktop/SESASR/lab05/install/landmark_msgs/include/landmark_msgs/landmark_msgs/msg/rosidl_typesupport_fastrtps_cpp__visibility_control.h
[1.542s] -- Up-to-date: /home/s2c2/Desktop/SESASR/lab05/install/landmark_msgs/include/landmark_msgs/landmark_msgs/msg/detail
[1.542s] -- Up-to-date: /home/s2c2/Desktop/SESASR/lab05/install/landmark_msgs/include/landmark_msgs/landmark_msgs/msg/detail/landmark__rosidl_typesupport_fastrtps_cpp.hpp
[1.542s] -- Up-to-date: /home/s2c2/Desktop/SESASR/lab05/install/landmark_msgs/include/landmark_msgs/landmark_msgs/msg/detail/dds_fastrtps
[1.542s] -- Up-to-date: /home/s2c2/Desktop/SESASR/lab05/install/landmark_msgs/include/landmark_msgs/landmark_msgs/msg/detail/landmark_array__rosidl_typesupport_fastrtps_cpp.hpp
[1.553s] -- Up-to-date: /home/s2c2/Desktop/SESASR/lab05/install/landmark_msgs/lib/liblandmark_msgs__rosidl_typesupport_fastrtps_cpp.so
[1.553s] -- Up-to-date: /home/s2c2/Desktop/SESASR/lab05/install/landmark_msgs/include/landmark_msgs/landmark_msgs
[1.553s] -- Up-to-date: /home/s2c2/Desktop/SESASR/lab05/install/landmark_msgs/include/landmark_msgs/landmark_msgs/msg
[1.553s] -- Up-to-date: /home/s2c2/Desktop/SESASR/lab05/install/landmark_msgs/include/landmark_msgs/landmark_msgs/msg/detail
[1.553s] -- Up-to-date: /home/s2c2/Desktop/SESASR/lab05/install/landmark_msgs/include/landmark_msgs/landmark_msgs/msg/detail/landmark_array__rosidl_typesupport_introspection_cpp.hpp
[1.554s] -- Up-to-date: /home/s2c2/Desktop/SESASR/lab05/install/landmark_msgs/include/landmark_msgs/landmark_msgs/msg/detail/landmark__rosidl_typesupport_introspection_cpp.hpp
[1.558s] -- Up-to-date: /home/s2c2/Desktop/SESASR/lab05/install/landmark_msgs/include/landmark_msgs/landmark_msgs/msg/detail/landmark__type_support.cpp
[1.558s] -- Up-to-date: /home/s2c2/Desktop/SESASR/lab05/install/landmark_msgs/include/landmark_msgs/landmark_msgs/msg/detail/landmark_array__type_support.cpp
[1.561s] -- Up-to-date: /home/s2c2/Desktop/SESASR/lab05/install/landmark_msgs/lib/liblandmark_msgs__rosidl_typesupport_introspection_cpp.so
[1.561s] -- Up-to-date: /home/s2c2/Desktop/SESASR/lab05/install/landmark_msgs/lib/liblandmark_msgs__rosidl_typesupport_cpp.so
[1.562s] -- Up-to-date: /home/s2c2/Desktop/SESASR/lab05/install/landmark_msgs/share/landmark_msgs/environment/pythonpath.sh
[1.562s] -- Up-to-date: /home/s2c2/Desktop/SESASR/lab05/install/landmark_msgs/share/landmark_msgs/environment/pythonpath.dsv
[1.562s] -- Up-to-date: /home/s2c2/Desktop/SESASR/lab05/install/landmark_msgs/local/lib/python3.10/dist-packages/landmark_msgs-0.0.0-py3.10.egg-info
[1.562s] -- Installing: /home/s2c2/Desktop/SESASR/lab05/install/landmark_msgs/local/lib/python3.10/dist-packages/landmark_msgs-0.0.0-py3.10.egg-info/PKG-INFO
[1.562s] -- Installing: /home/s2c2/Desktop/SESASR/lab05/install/landmark_msgs/local/lib/python3.10/dist-packages/landmark_msgs-0.0.0-py3.10.egg-info/top_level.txt
[1.562s] -- Installing: /home/s2c2/Desktop/SESASR/lab05/install/landmark_msgs/local/lib/python3.10/dist-packages/landmark_msgs-0.0.0-py3.10.egg-info/SOURCES.txt
[1.562s] -- Installing: /home/s2c2/Desktop/SESASR/lab05/install/landmark_msgs/local/lib/python3.10/dist-packages/landmark_msgs-0.0.0-py3.10.egg-info/dependency_links.txt
[1.562s] -- Up-to-date: /home/s2c2/Desktop/SESASR/lab05/install/landmark_msgs/local/lib/python3.10/dist-packages/landmark_msgs
[1.567s] -- Up-to-date: /home/s2c2/Desktop/SESASR/lab05/install/landmark_msgs/local/lib/python3.10/dist-packages/landmark_msgs/liblandmark_msgs__rosidl_generator_py.so
[1.568s] -- Up-to-date: /home/s2c2/Desktop/SESASR/lab05/install/landmark_msgs/local/lib/python3.10/dist-packages/landmark_msgs/landmark_msgs_s__rosidl_typesupport_introspection_c.cpython-310-x86_64-linux-gnu.so
[1.569s] -- Up-to-date: /home/s2c2/Desktop/SESASR/lab05/install/landmark_msgs/local/lib/python3.10/dist-packages/landmark_msgs/_landmark_msgs_s.ep.rosidl_typesupport_fastrtps_c.c
[1.570s] -- Up-to-date: /home/s2c2/Desktop/SESASR/lab05/install/landmark_msgs/local/lib/python3.10/dist-packages/landmark_msgs/__init__.py
[1.570s] -- Up-to-date: /home/s2c2/Desktop/SESASR/lab05/install/landmark_msgs/local/lib/python3.10/dist-packages/landmark_msgs/landmark_msgs_s__rosidl_typesupport_fastrtps_c.cpython-310-x86_64-linux-gnu.so
[1.572s] -- Up-to-date: /home/s2c2/Desktop/SESASR/lab05/install/landmark_msgs/local/lib/python3.10/dist-packages/landmark_msgs/_landmark_msgs_s.ep.rosidl_typesupport_c.c
[1.572s] -- Up-to-date: /home/s2c2/Desktop/SESASR/lab05/install/landmark_msgs/local/lib/python3.10/dist-packages/landmark_msgs/msg
[1.572s] -- Up-to-date: /home/s2c2/Desktop/SESASR/lab05/install/landmark_msgs/local/lib/python3.10/dist-packages/landmark_msgs/msg/__init__.py
[1.576s] -- Up-to-date: /home/s2c2/Desktop/SESASR/lab05/install/landmark_msgs/local/lib/python3.10/dist-packages/landmark_msgs/msg/_landmark.py
[1.576s] -- Up-to-date: /home/s2c2/Desktop/SESASR/lab05/install/landmark_msgs/local/lib/python3.10/dist-packages/landmark_msgs/msg/_landmark_array_s.c
[1.576s] -- Up-to-date: /home/s2c2/Desktop/SESASR/lab05/install/landmark_msgs/local/lib/python3.10/dist-packages/landmark_msgs/msg/_landmark_s.c
[1.576s] -- Up-to-date: /home/s2c2/Desktop/SESASR/lab05/install/landmark_msgs/local/lib/python3.10/dist-packages/landmark_msgs/msg/_landmark_array.py
[1.576s] -- Up-to-date: /home/s2c2/Desktop/SESASR/lab05/install/landmark_msgs/local/lib/python3.10/dist-packages/landmark_msgs/_landmark_msgs_s.ep.rosidl_typesupport_introspection_c.c
[1.576s] -- Up-to-date: /home/s2c2/Desktop/SESASR/lab05/install/landmark_msgs/local/lib/python3.10/dist-packages/landmark_msgs/landmark_msgs_s__rosidl_typesupport_c.cpython-310-x86_64-linux-gnu.so
[1.639s] Listing '/home/s2c2/Desktop/SESASR/lab05/install/landmark_msgs/local/lib/python3.10/dist-packages/landmark_msgs'...
[1.639s] Listing '/home/s2c2/Desktop/SESASR/lab05/install/landmark_msgs/local/lib/python3.10/dist-packages/landmark_msgs/msg'...
[1.655s] -- Up-to-date: /home/s2c2/Desktop/SESASR/lab05/install/landmark_msgs/local/lib/python3.10/dist-packages/landmark_msgs/landmark_msgs_s__rosidl_typesupport_fastrtps_c.cpython-310-x86_64-linux-gnu.so
[1.659s] -- Up-to-date: /home/s2c2/Desktop/SESASR/lab05/install/landmark_msgs/local/lib/python3.10/dist-packages/landmark_msgs/landmark_msgs_s__rosidl_typesupport_introspection_c.cpython-310-x86_64-linux-gnu.so
[1.663s] -- Up-to-date: /home/s2c2/Desktop/SESASR/lab05/install/landmark_msgs/local/lib/python3.10/dist-packages/landmark_msgs/landmark_msgs_s__rosidl_typesupport_c.cpython-310-x86_64-linux-gnu.so
[1.664s] -- Up-to-date: /home/s2c2/Desktop/SESASR/lab05/install/landmark_msgs/lib/liblandmark_msgs__rosidl_generator_py.so
[1.666s] -- Up-to-date: /home/s2c2/Desktop/SESASR/lab05/install/landmark_msgs/share/landmark_msgs/msg/Landmark.idl
[1.668s] -- Up-to-date: /home/s2c2/Desktop/SESASR/lab05/install/landmark_msgs/share/landmark_msgs/msg/LandmarkArray.idl
[1.669s] -- Up-to-date: /home/s2c2/Desktop/SESASR/lab05/install/landmark_msgs/share/landmark_msgs/msg/Landmark.msg
[1.669s] -- Up-to-date: /home/s2c2/Desktop/SESASR/lab05/install/landmark_msgs/share/landmark_msgs/msg/LandmarkArray.msg
[1.669s] -- Up-to-date: /home/s2c2/Desktop/SESASR/lab05/install/landmark_msgs/share/ament_index/resource_index/package_run_dependencies/landmark_msgs
[1.671s] -- Up-to-date: /home/s2c2/Desktop/SESASR/lab05/install/landmark_msgs/share/ament_index/resource_index/parent_prefix_path/landmark_msgs
[1.672s] -- Up-to-date: /home/s2c2/Desktop/SESASR/lab05/install/landmark_msgs/share/landmark_msgs/environment/ament_prefix_path.sh
[1.672s] -- Up-to-date: /home/s2c2/Desktop/SESASR/lab05/install/landmark_msgs/share/landmark_msgs/environment/ament_prefix_path.dsv
[1.672s] -- Up-to-date: /home/s2c2/Desktop/SESASR/lab05/install/landmark_msgs/share/landmark_msgs/environment/path.sh
[1.672s] -- Up-to-date: /home/s2c2/Desktop/SESASR/lab05/install/landmark_msgs/share/landmark_msgs/environment/path.dsv
[1.673s] -- Up-to-date: /home/s2c2/Desktop/SESASR/lab05/install/landmark_msgs/share/landmark_msgs/local_setup.bash
[1.673s] -- Up-to-date: /home/s2c2/Desktop/SESASR/lab05/install/landmark_msgs/share/landmark_msgs/local_setup.sh
[1.673s] -- Up-to-date: /home/s2c2/Desktop/SESASR/lab05/install/landmark_msgs/share/landmark_msgs/local_setup.zsh
[1.674s] -- Up-to-date: /home/s2c2/Desktop/SESASR/lab05/install/landmark_msgs/share/landmark_msgs/local_setup.dsv
[1.674s] -- Installing: /home/s2c2/Desktop/SESASR/lab05/install/landmark_msgs/share/landmark_msgs/package.dsv
[1.680s] -- Up-to-date: /home/s2c2/Desktop/SESASR/lab05/install/landmark_msgs/share/ament_index/resource_index/packages/landmark_msgs
[1.680s] -- Up-to-date: /home/s2c2/Desktop/SESASR/lab05/install/landmark_msgs/share/landmark_msgs/cmake/export_landmark_msgs__rosidl_generator_cExport.cmake
[1.680s] -- Up-to-date: /home/s2c2/Desktop/SESASR/lab05/install/landmark_msgs/share/landmark_msgs/cmake/export_landmark_msgs__rosidl_generator_cExport-noconfig.cmake
[1.680s] -- Up-to-date: /home/s2c2/Desktop/SESASR/lab05/install/landmark_msgs/share/landmark_msgs/cmake/export_landmark_msgs__rosidl_typesupport_fastrtps_cExport.cmake
[1.681s] -- Up-to-date: /home/s2c2/Desktop/SESASR/lab05/install/landmark_msgs/share/landmark_msgs/cmake/export_landmark_msgs__rosidl_typesupport_fastrtps_cExport-noconfig.cmake
[1.681s] -- Up-to-date: /home/s2c2/Desktop/SESASR/lab05/install/landmark_msgs/share/landmark_msgs/cmake/landmark_msgs__rosidl_typesupport_introspection_cExport.cmake
[1.683s] -- Up-to-date: /home/s2c2/Desktop/SESASR/lab05/install/landmark_msgs/share/landmark_msgs/cmake/landmark_msgs__rosidl_typesupport_introspection_cExport-noconfig.cmake
[1.685s] -- Up-to-date: /home/s2c2/Desktop/SESASR/lab05/install/landmark_msgs/share/landmark_msgs/cmake/landmark_msgs__rosidl_typesupport_cExport.cmake
[1.687s] -- Up-to-date: /home/s2c2/Desktop/SESASR/lab05/install/landmark_msgs/share/landmark_msgs/cmake/landmark_msgs__rosidl_typesupport_cExport-noconfig.cmake
[1.687s] -- Up-to-date: /home/s2c2/Desktop/SESASR/lab05/install/landmark_msgs/share/landmark_msgs/cmake/export_landmark_msgs__rosidl_generator_cppExport.cmake
[1.688s] -- Up-to-date: /home/s2c2/Desktop/SESASR/lab05/install/landmark_msgs/share/landmark_msgs/cmake/export_landmark_msgs__rosidl_typesupport_fastrtps_cppExport.cmake
[1.688s] -- Up-to-date: /home/s2c2/Desktop/SESASR/lab05/install/landmark_msgs/share/landmark_msgs/cmake/export_landmark_msgs__rosidl_typesupport_fastrtps_cppExport-noconfig.cmake
[1.690s] -- Up-to-date: /home/s2c2/Desktop/SESASR/lab05/install/landmark_msgs/share/landmark_msgs/cmake/landmark_msgs__rosidl_typesupport_introspection_cppExport.cmake
[1.690s] -- Up-to-date: /home/s2c2/Desktop/SESASR/lab05/install/landmark_msgs/share/landmark_msgs/cmake/landmark_msgs__rosidl_typesupport_introspection_cppExport-noconfig.cmake
[1.691s] -- Up-to-date: /home/s2c2/Desktop/SESASR/lab05/install/landmark_msgs/share/landmark_msgs/cmake/landmark_msgs__rosidl_typesupport_cppExport.cmake
[1.691s] -- Up-to-date: /home/s2c2/Desktop/SESASR/lab05/install/landmark_msgs/share/landmark_msgs/cmake/landmark_msgs__rosidl_typesupport_cppExport-noconfig.cmake
[1.692s] -- Up-to-date: /home/s2c2/Desktop/SESASR/lab05/install/landmark_msgs/share/landmark_msgs/cmake/export_landmark_msgs__rosidl_generator_pyExport.cmake
[1.692s] -- Up-to-date: /home/s2c2/Desktop/SESASR/lab05/install/landmark_msgs/share/landmark_msgs/cmake/export_landmark_msgs__rosidl_generator_pyExport-noconfig.cmake
[1.695s] -- Up-to-date: /home/s2c2/Desktop/SESASR/lab05/install/landmark_msgs/share/landmark_msgs/cmake/rosidl_cmake-extras.cmake
[1.697s] -- Up-to-date: /home/s2c2/Desktop/SESASR/lab05/install/landmark_msgs/share/landmark_msgs/cmake/ament_cmake_export_dependencies-extras.cmake
[1.697s] -- Up-to-date: /home/s2c2/Desktop/SESASR/lab05/install/landmark_msgs/share/landmark_msgs/cmake/ament_cmake_export_include_directories-extras.cmake
[1.697s] -- Up-to-date: /home/s2c2/Desktop/SESASR/lab05/install/landmark_msgs/share/landmark_msgs/cmake/ament_cmake_export_libraries-extras.cmake
[1.697s] -- Up-to-date: /home/s2c2/Desktop/SESASR/lab05/install/landmark_msgs/share/landmark_msgs/cmake/ament_cmake_export_targets-extras.cmake
[1.697s] -- Up-to-date: /home/s2c2/Desktop/SESASR/lab05/install/landmark_msgs/share/landmark_msgs/cmake/rosidl_cmake_export_typesupport_targets-extras.cmake
[1.698s] -- Up-to-date: /home/s2c2/Desktop/SESASR/lab05/install/landmark_msgs/share/landmark_msgs/cmake/rosidl_cmake_export_typesupport_libraries-extras.cmake
[1.698s] -- Up-to-date: /home/s2c2/Desktop/SESASR/lab05/install/landmark_msgs/share/landmark_msgs/cmake/landmark_msgsConfig.cmake
[1.698s] -- Up-to-date: /home/s2c2/Desktop/SESASR/lab05/install/landmark_msgs/share/landmark_msgs/cmake/landmark_msgsConfig-version.cmake
[1.698s] -- Up-to-date: /home/s2c2/Desktop/SESASR/lab05/install/landmark_msgs/share/landmark_msgs/package.xml
[1.703s] Invoked command in '/home/s2c2/Desktop/SESASR/lab05/build/landmark_msgs' returned '0': CMAKE_PREFIX_PATH=/opt/ros/humble /usr/bin/cmake --install /home/s2c2/Desktop/SESASR/lab05/build/landmark_msgs
