[0.618s] DEBUG:colcon:Command line arguments: ['/usr/bin/colcon', 'build']
[0.618s] DEBUG:colcon:Parsed command line arguments: Namespace(log_base=None, log_level=None, verb_name='build', build_base='build', install_base='install', merge_install=False, symlink_install=False, test_result_base=None, continue_on_error=False, executor='parallel', parallel_workers=8, event_handlers=None, ignore_user_meta=False, metas=['./colcon.meta'], base_paths=['.'], packages_ignore=None, packages_ignore_regex=None, paths=None, packages_up_to=None, packages_up_to_regex=None, packages_above=None, packages_above_and_dependencies=None, packages_above_depth=None, packages_select_by_dep=None, packages_skip_by_dep=None, packages_skip_up_to=None, packages_select_build_failed=False, packages_skip_build_finished=False, packages_select_test_failures=False, packages_skip_test_passed=False, packages_select=None, packages_skip=None, packages_select_regex=None, packages_skip_regex=None, packages_start=None, packages_end=None, allow_overriding=[], cmake_args=None, cmake_target=None, cmake_target_skip_unavailable=False, cmake_clean_cache=False, cmake_clean_first=False, cmake_force_configure=False, ament_cmake_args=None, catkin_cmake_args=None, catkin_skip_building_tests=False, mixin_files=None, mixin=None, verb_parser=<colcon_mixin.mixin.mixin_argument.MixinArgumentDecorator object at 0x7fae917760b0>, verb_extension=<colcon_core.verb.build.BuildVerb object at 0x7fae9187e710>, main=<bound method BuildVerb.main of <colcon_core.verb.build.BuildVerb object at 0x7fae9187e710>>, mixin_verb=('build',))
[1.522s] Level 1:colcon.colcon_core.package_discovery:discover_packages(colcon_meta) check parameters
[1.523s] Level 1:colcon.colcon_core.package_discovery:discover_packages(recursive) check parameters
[1.523s] Level 1:colcon.colcon_core.package_discovery:discover_packages(ignore) check parameters
[1.523s] Level 1:colcon.colcon_core.package_discovery:discover_packages(path) check parameters
[1.523s] Level 1:colcon.colcon_core.package_discovery:discover_packages(colcon_meta) discover
[1.524s] Level 1:colcon.colcon_core.package_discovery:discover_packages(recursive) discover
[1.524s] INFO:colcon.colcon_core.package_discovery:Crawling recursively for packages in '/home/lincunha/SESASR/lab02'
[1.524s] Level 1:colcon.colcon_core.package_identification:_identify(.) by extensions ['ignore', 'ignore_ament_install']
[1.524s] Level 1:colcon.colcon_core.package_identification:_identify(.) by extension 'ignore'
[1.525s] Level 1:colcon.colcon_core.package_identification:_identify(.) by extension 'ignore_ament_install'
[1.525s] Level 1:colcon.colcon_core.package_identification:_identify(.) by extensions ['colcon_pkg']
[1.525s] Level 1:colcon.colcon_core.package_identification:_identify(.) by extension 'colcon_pkg'
[1.525s] Level 1:colcon.colcon_core.package_identification:_identify(.) by extensions ['colcon_meta']
[1.526s] Level 1:colcon.colcon_core.package_identification:_identify(.) by extension 'colcon_meta'
[1.526s] Level 1:colcon.colcon_core.package_identification:_identify(.) by extensions ['ros']
[1.526s] Level 1:colcon.colcon_core.package_identification:_identify(.) by extension 'ros'
[1.566s] Level 1:colcon.colcon_core.package_identification:_identify(.) by extensions ['cmake', 'python']
[1.567s] Level 1:colcon.colcon_core.package_identification:_identify(.) by extension 'cmake'
[1.567s] Level 1:colcon.colcon_core.package_identification:_identify(.) by extension 'python'
[1.567s] Level 1:colcon.colcon_core.package_identification:_identify(.) by extensions ['python_setup_py']
[1.568s] Level 1:colcon.colcon_core.package_identification:_identify(.) by extension 'python_setup_py'
[1.568s] Level 1:colcon.colcon_core.package_identification:_identify(build) by extensions ['ignore', 'ignore_ament_install']
[1.569s] Level 1:colcon.colcon_core.package_identification:_identify(build) by extension 'ignore'
[1.569s] Level 1:colcon.colcon_core.package_identification:_identify(build) ignored
[1.570s] Level 1:colcon.colcon_core.package_identification:_identify(install) by extensions ['ignore', 'ignore_ament_install']
[1.570s] Level 1:colcon.colcon_core.package_identification:_identify(install) by extension 'ignore'
[1.571s] Level 1:colcon.colcon_core.package_identification:_identify(install) ignored
[1.571s] Level 1:colcon.colcon_core.package_identification:_identify(log) by extensions ['ignore', 'ignore_ament_install']
[1.572s] Level 1:colcon.colcon_core.package_identification:_identify(log) by extension 'ignore'
[1.572s] Level 1:colcon.colcon_core.package_identification:_identify(log) ignored
[1.573s] Level 1:colcon.colcon_core.package_identification:_identify(src) by extensions ['ignore', 'ignore_ament_install']
[1.574s] Level 1:colcon.colcon_core.package_identification:_identify(src) by extension 'ignore'
[1.574s] Level 1:colcon.colcon_core.package_identification:_identify(src) by extension 'ignore_ament_install'
[1.574s] Level 1:colcon.colcon_core.package_identification:_identify(src) by extensions ['colcon_pkg']
[1.575s] Level 1:colcon.colcon_core.package_identification:_identify(src) by extension 'colcon_pkg'
[1.575s] Level 1:colcon.colcon_core.package_identification:_identify(src) by extensions ['colcon_meta']
[1.575s] Level 1:colcon.colcon_core.package_identification:_identify(src) by extension 'colcon_meta'
[1.576s] Level 1:colcon.colcon_core.package_identification:_identify(src) by extensions ['ros']
[1.576s] Level 1:colcon.colcon_core.package_identification:_identify(src) by extension 'ros'
[1.576s] Level 1:colcon.colcon_core.package_identification:_identify(src) by extensions ['cmake', 'python']
[1.577s] Level 1:colcon.colcon_core.package_identification:_identify(src) by extension 'cmake'
[1.577s] Level 1:colcon.colcon_core.package_identification:_identify(src) by extension 'python'
[1.578s] Level 1:colcon.colcon_core.package_identification:_identify(src) by extensions ['python_setup_py']
[1.578s] Level 1:colcon.colcon_core.package_identification:_identify(src) by extension 'python_setup_py'
[1.579s] Level 1:colcon.colcon_core.package_identification:_identify(src/lab02_pkg) by extensions ['ignore', 'ignore_ament_install']
[1.580s] Level 1:colcon.colcon_core.package_identification:_identify(src/lab02_pkg) by extension 'ignore'
[1.580s] Level 1:colcon.colcon_core.package_identification:_identify(src/lab02_pkg) by extension 'ignore_ament_install'
[1.580s] Level 1:colcon.colcon_core.package_identification:_identify(src/lab02_pkg) by extensions ['colcon_pkg']
[1.581s] Level 1:colcon.colcon_core.package_identification:_identify(src/lab02_pkg) by extension 'colcon_pkg'
[1.581s] Level 1:colcon.colcon_core.package_identification:_identify(src/lab02_pkg) by extensions ['colcon_meta']
[1.581s] Level 1:colcon.colcon_core.package_identification:_identify(src/lab02_pkg) by extension 'colcon_meta'
[1.581s] Level 1:colcon.colcon_core.package_identification:_identify(src/lab02_pkg) by extensions ['ros']
[1.581s] Level 1:colcon.colcon_core.package_identification:_identify(src/lab02_pkg) by extension 'ros'
[1.590s] DEBUG:colcon.colcon_core.package_identification:Package 'src/lab02_pkg' with type 'ros.ament_python' and name 'lab02_pkg'
[1.591s] Level 1:colcon.colcon_core.package_identification:_identify(src/turtlebot3_simulations) by extensions ['ignore', 'ignore_ament_install']
[1.592s] Level 1:colcon.colcon_core.package_identification:_identify(src/turtlebot3_simulations) by extension 'ignore'
[1.592s] Level 1:colcon.colcon_core.package_identification:_identify(src/turtlebot3_simulations) by extension 'ignore_ament_install'
[1.593s] Level 1:colcon.colcon_core.package_identification:_identify(src/turtlebot3_simulations) by extensions ['colcon_pkg']
[1.593s] Level 1:colcon.colcon_core.package_identification:_identify(src/turtlebot3_simulations) by extension 'colcon_pkg'
[1.594s] Level 1:colcon.colcon_core.package_identification:_identify(src/turtlebot3_simulations) by extensions ['colcon_meta']
[1.594s] Level 1:colcon.colcon_core.package_identification:_identify(src/turtlebot3_simulations) by extension 'colcon_meta'
[1.594s] Level 1:colcon.colcon_core.package_identification:_identify(src/turtlebot3_simulations) by extensions ['ros']
[1.595s] Level 1:colcon.colcon_core.package_identification:_identify(src/turtlebot3_simulations) by extension 'ros'
[1.595s] Level 1:colcon.colcon_core.package_identification:_identify(src/turtlebot3_simulations) by extensions ['cmake', 'python']
[1.595s] Level 1:colcon.colcon_core.package_identification:_identify(src/turtlebot3_simulations) by extension 'cmake'
[1.595s] Level 1:colcon.colcon_core.package_identification:_identify(src/turtlebot3_simulations) by extension 'python'
[1.596s] Level 1:colcon.colcon_core.package_identification:_identify(src/turtlebot3_simulations) by extensions ['python_setup_py']
[1.596s] Level 1:colcon.colcon_core.package_identification:_identify(src/turtlebot3_simulations) by extension 'python_setup_py'
[1.596s] Level 1:colcon.colcon_core.package_identification:_identify(src/turtlebot3_simulations/turtlebot3_fake_node) by extensions ['ignore', 'ignore_ament_install']
[1.597s] Level 1:colcon.colcon_core.package_identification:_identify(src/turtlebot3_simulations/turtlebot3_fake_node) by extension 'ignore'
[1.597s] Level 1:colcon.colcon_core.package_identification:_identify(src/turtlebot3_simulations/turtlebot3_fake_node) by extension 'ignore_ament_install'
[1.598s] Level 1:colcon.colcon_core.package_identification:_identify(src/turtlebot3_simulations/turtlebot3_fake_node) by extensions ['colcon_pkg']
[1.598s] Level 1:colcon.colcon_core.package_identification:_identify(src/turtlebot3_simulations/turtlebot3_fake_node) by extension 'colcon_pkg'
[1.599s] Level 1:colcon.colcon_core.package_identification:_identify(src/turtlebot3_simulations/turtlebot3_fake_node) by extensions ['colcon_meta']
[1.599s] Level 1:colcon.colcon_core.package_identification:_identify(src/turtlebot3_simulations/turtlebot3_fake_node) by extension 'colcon_meta'
[1.600s] Level 1:colcon.colcon_core.package_identification:_identify(src/turtlebot3_simulations/turtlebot3_fake_node) by extensions ['ros']
[1.600s] Level 1:colcon.colcon_core.package_identification:_identify(src/turtlebot3_simulations/turtlebot3_fake_node) by extension 'ros'
[1.608s] DEBUG:colcon.colcon_core.package_identification:Package 'src/turtlebot3_simulations/turtlebot3_fake_node' with type 'ros.ament_cmake' and name 'turtlebot3_fake_node'
[1.609s] Level 1:colcon.colcon_core.package_identification:_identify(src/turtlebot3_simulations/turtlebot3_gazebo) by extensions ['ignore', 'ignore_ament_install']
[1.609s] Level 1:colcon.colcon_core.package_identification:_identify(src/turtlebot3_simulations/turtlebot3_gazebo) by extension 'ignore'
[1.610s] Level 1:colcon.colcon_core.package_identification:_identify(src/turtlebot3_simulations/turtlebot3_gazebo) by extension 'ignore_ament_install'
[1.610s] Level 1:colcon.colcon_core.package_identification:_identify(src/turtlebot3_simulations/turtlebot3_gazebo) by extensions ['colcon_pkg']
[1.610s] Level 1:colcon.colcon_core.package_identification:_identify(src/turtlebot3_simulations/turtlebot3_gazebo) by extension 'colcon_pkg'
[1.610s] Level 1:colcon.colcon_core.package_identification:_identify(src/turtlebot3_simulations/turtlebot3_gazebo) by extensions ['colcon_meta']
[1.610s] Level 1:colcon.colcon_core.package_identification:_identify(src/turtlebot3_simulations/turtlebot3_gazebo) by extension 'colcon_meta'
[1.611s] Level 1:colcon.colcon_core.package_identification:_identify(src/turtlebot3_simulations/turtlebot3_gazebo) by extensions ['ros']
[1.611s] Level 1:colcon.colcon_core.package_identification:_identify(src/turtlebot3_simulations/turtlebot3_gazebo) by extension 'ros'
[1.616s] DEBUG:colcon.colcon_core.package_identification:Package 'src/turtlebot3_simulations/turtlebot3_gazebo' with type 'ros.ament_cmake' and name 'turtlebot3_gazebo'
[1.616s] Level 1:colcon.colcon_core.package_identification:_identify(src/turtlebot3_simulations/turtlebot3_ignition) by extensions ['ignore', 'ignore_ament_install']
[1.617s] Level 1:colcon.colcon_core.package_identification:_identify(src/turtlebot3_simulations/turtlebot3_ignition) by extension 'ignore'
[1.617s] Level 1:colcon.colcon_core.package_identification:_identify(src/turtlebot3_simulations/turtlebot3_ignition) ignored
[1.617s] Level 1:colcon.colcon_core.package_identification:_identify(src/turtlebot3_simulations/turtlebot3_simulations) by extensions ['ignore', 'ignore_ament_install']
[1.617s] Level 1:colcon.colcon_core.package_identification:_identify(src/turtlebot3_simulations/turtlebot3_simulations) by extension 'ignore'
[1.618s] Level 1:colcon.colcon_core.package_identification:_identify(src/turtlebot3_simulations/turtlebot3_simulations) by extension 'ignore_ament_install'
[1.618s] Level 1:colcon.colcon_core.package_identification:_identify(src/turtlebot3_simulations/turtlebot3_simulations) by extensions ['colcon_pkg']
[1.618s] Level 1:colcon.colcon_core.package_identification:_identify(src/turtlebot3_simulations/turtlebot3_simulations) by extension 'colcon_pkg'
[1.619s] Level 1:colcon.colcon_core.package_identification:_identify(src/turtlebot3_simulations/turtlebot3_simulations) by extensions ['colcon_meta']
[1.619s] Level 1:colcon.colcon_core.package_identification:_identify(src/turtlebot3_simulations/turtlebot3_simulations) by extension 'colcon_meta'
[1.619s] Level 1:colcon.colcon_core.package_identification:_identify(src/turtlebot3_simulations/turtlebot3_simulations) by extensions ['ros']
[1.619s] Level 1:colcon.colcon_core.package_identification:_identify(src/turtlebot3_simulations/turtlebot3_simulations) by extension 'ros'
[1.621s] DEBUG:colcon.colcon_core.package_identification:Package 'src/turtlebot3_simulations/turtlebot3_simulations' with type 'ros.ament_cmake' and name 'turtlebot3_simulations'
[1.622s] Level 1:colcon.colcon_core.package_discovery:discover_packages(recursive) using defaults
[1.622s] Level 1:colcon.colcon_core.package_discovery:discover_packages(ignore) discover
[1.622s] Level 1:colcon.colcon_core.package_discovery:discover_packages(ignore) using defaults
[1.622s] Level 1:colcon.colcon_core.package_discovery:discover_packages(path) discover
[1.622s] Level 1:colcon.colcon_core.package_discovery:discover_packages(path) using defaults
[1.739s] Level 1:colcon.colcon_core.package_discovery:discover_packages(prefix_path) check parameters
[1.739s] Level 1:colcon.colcon_core.package_discovery:discover_packages(prefix_path) discover
[1.756s] DEBUG:colcon.colcon_installed_package_information.package_discovery:Found 4 installed packages in /home/lincunha/SESASR/lab02/install
[1.762s] DEBUG:colcon.colcon_installed_package_information.package_discovery:Found 336 installed packages in /opt/ros/humble
[1.789s] Level 1:colcon.colcon_core.package_discovery:discover_packages(prefix_path) using defaults
[2.015s] Level 5:colcon.colcon_core.verb:set package 'lab02_pkg' build argument 'cmake_args' from command line to 'None'
[2.015s] Level 5:colcon.colcon_core.verb:set package 'lab02_pkg' build argument 'cmake_target' from command line to 'None'
[2.015s] Level 5:colcon.colcon_core.verb:set package 'lab02_pkg' build argument 'cmake_target_skip_unavailable' from command line to 'False'
[2.015s] Level 5:colcon.colcon_core.verb:set package 'lab02_pkg' build argument 'cmake_clean_cache' from command line to 'False'
[2.015s] Level 5:colcon.colcon_core.verb:set package 'lab02_pkg' build argument 'cmake_clean_first' from command line to 'False'
[2.015s] Level 5:colcon.colcon_core.verb:set package 'lab02_pkg' build argument 'cmake_force_configure' from command line to 'False'
[2.015s] Level 5:colcon.colcon_core.verb:set package 'lab02_pkg' build argument 'ament_cmake_args' from command line to 'None'
[2.015s] Level 5:colcon.colcon_core.verb:set package 'lab02_pkg' build argument 'catkin_cmake_args' from command line to 'None'
[2.015s] Level 5:colcon.colcon_core.verb:set package 'lab02_pkg' build argument 'catkin_skip_building_tests' from command line to 'False'
[2.016s] DEBUG:colcon.colcon_core.verb:Building package 'lab02_pkg' with the following arguments: {'ament_cmake_args': None, 'build_base': '/home/lincunha/SESASR/lab02/build/lab02_pkg', 'catkin_cmake_args': None, 'catkin_skip_building_tests': False, 'cmake_args': None, 'cmake_clean_cache': False, 'cmake_clean_first': False, 'cmake_force_configure': False, 'cmake_target': None, 'cmake_target_skip_unavailable': False, 'install_base': '/home/lincunha/SESASR/lab02/install/lab02_pkg', 'merge_install': False, 'path': '/home/lincunha/SESASR/lab02/src/lab02_pkg', 'symlink_install': False, 'test_result_base': None}
[2.018s] Level 5:colcon.colcon_core.verb:set package 'turtlebot3_fake_node' build argument 'cmake_args' from command line to 'None'
[2.018s] Level 5:colcon.colcon_core.verb:set package 'turtlebot3_fake_node' build argument 'cmake_target' from command line to 'None'
[2.018s] Level 5:colcon.colcon_core.verb:set package 'turtlebot3_fake_node' build argument 'cmake_target_skip_unavailable' from command line to 'False'
[2.018s] Level 5:colcon.colcon_core.verb:set package 'turtlebot3_fake_node' build argument 'cmake_clean_cache' from command line to 'False'
[2.018s] Level 5:colcon.colcon_core.verb:set package 'turtlebot3_fake_node' build argument 'cmake_clean_first' from command line to 'False'
[2.019s] Level 5:colcon.colcon_core.verb:set package 'turtlebot3_fake_node' build argument 'cmake_force_configure' from command line to 'False'
[2.019s] Level 5:colcon.colcon_core.verb:set package 'turtlebot3_fake_node' build argument 'ament_cmake_args' from command line to 'None'
[2.019s] Level 5:colcon.colcon_core.verb:set package 'turtlebot3_fake_node' build argument 'catkin_cmake_args' from command line to 'None'
[2.019s] Level 5:colcon.colcon_core.verb:set package 'turtlebot3_fake_node' build argument 'catkin_skip_building_tests' from command line to 'False'
[2.019s] DEBUG:colcon.colcon_core.verb:Building package 'turtlebot3_fake_node' with the following arguments: {'ament_cmake_args': None, 'build_base': '/home/lincunha/SESASR/lab02/build/turtlebot3_fake_node', 'catkin_cmake_args': None, 'catkin_skip_building_tests': False, 'cmake_args': None, 'cmake_clean_cache': False, 'cmake_clean_first': False, 'cmake_force_configure': False, 'cmake_target': None, 'cmake_target_skip_unavailable': False, 'install_base': '/home/lincunha/SESASR/lab02/install/turtlebot3_fake_node', 'merge_install': False, 'path': '/home/lincunha/SESASR/lab02/src/turtlebot3_simulations/turtlebot3_fake_node', 'symlink_install': False, 'test_result_base': None}
[2.021s] Level 5:colcon.colcon_core.verb:set package 'turtlebot3_gazebo' build argument 'cmake_args' from command line to 'None'
[2.021s] Level 5:colcon.colcon_core.verb:set package 'turtlebot3_gazebo' build argument 'cmake_target' from command line to 'None'
[2.021s] Level 5:colcon.colcon_core.verb:set package 'turtlebot3_gazebo' build argument 'cmake_target_skip_unavailable' from command line to 'False'
[2.021s] Level 5:colcon.colcon_core.verb:set package 'turtlebot3_gazebo' build argument 'cmake_clean_cache' from command line to 'False'
[2.021s] Level 5:colcon.colcon_core.verb:set package 'turtlebot3_gazebo' build argument 'cmake_clean_first' from command line to 'False'
[2.021s] Level 5:colcon.colcon_core.verb:set package 'turtlebot3_gazebo' build argument 'cmake_force_configure' from command line to 'False'
[2.021s] Level 5:colcon.colcon_core.verb:set package 'turtlebot3_gazebo' build argument 'ament_cmake_args' from command line to 'None'
[2.021s] Level 5:colcon.colcon_core.verb:set package 'turtlebot3_gazebo' build argument 'catkin_cmake_args' from command line to 'None'
[2.022s] Level 5:colcon.colcon_core.verb:set package 'turtlebot3_gazebo' build argument 'catkin_skip_building_tests' from command line to 'False'
[2.022s] DEBUG:colcon.colcon_core.verb:Building package 'turtlebot3_gazebo' with the following arguments: {'ament_cmake_args': None, 'build_base': '/home/lincunha/SESASR/lab02/build/turtlebot3_gazebo', 'catkin_cmake_args': None, 'catkin_skip_building_tests': False, 'cmake_args': None, 'cmake_clean_cache': False, 'cmake_clean_first': False, 'cmake_force_configure': False, 'cmake_target': None, 'cmake_target_skip_unavailable': False, 'install_base': '/home/lincunha/SESASR/lab02/install/turtlebot3_gazebo', 'merge_install': False, 'path': '/home/lincunha/SESASR/lab02/src/turtlebot3_simulations/turtlebot3_gazebo', 'symlink_install': False, 'test_result_base': None}
[2.023s] Level 5:colcon.colcon_core.verb:set package 'turtlebot3_simulations' build argument 'cmake_args' from command line to 'None'
[2.023s] Level 5:colcon.colcon_core.verb:set package 'turtlebot3_simulations' build argument 'cmake_target' from command line to 'None'
[2.023s] Level 5:colcon.colcon_core.verb:set package 'turtlebot3_simulations' build argument 'cmake_target_skip_unavailable' from command line to 'False'
[2.024s] Level 5:colcon.colcon_core.verb:set package 'turtlebot3_simulations' build argument 'cmake_clean_cache' from command line to 'False'
[2.024s] Level 5:colcon.colcon_core.verb:set package 'turtlebot3_simulations' build argument 'cmake_clean_first' from command line to 'False'
[2.024s] Level 5:colcon.colcon_core.verb:set package 'turtlebot3_simulations' build argument 'cmake_force_configure' from command line to 'False'
[2.024s] Level 5:colcon.colcon_core.verb:set package 'turtlebot3_simulations' build argument 'ament_cmake_args' from command line to 'None'
[2.024s] Level 5:colcon.colcon_core.verb:set package 'turtlebot3_simulations' build argument 'catkin_cmake_args' from command line to 'None'
[2.024s] Level 5:colcon.colcon_core.verb:set package 'turtlebot3_simulations' build argument 'catkin_skip_building_tests' from command line to 'False'
[2.024s] DEBUG:colcon.colcon_core.verb:Building package 'turtlebot3_simulations' with the following arguments: {'ament_cmake_args': None, 'build_base': '/home/lincunha/SESASR/lab02/build/turtlebot3_simulations', 'catkin_cmake_args': None, 'catkin_skip_building_tests': False, 'cmake_args': None, 'cmake_clean_cache': False, 'cmake_clean_first': False, 'cmake_force_configure': False, 'cmake_target': None, 'cmake_target_skip_unavailable': False, 'install_base': '/home/lincunha/SESASR/lab02/install/turtlebot3_simulations', 'merge_install': False, 'path': '/home/lincunha/SESASR/lab02/src/turtlebot3_simulations/turtlebot3_simulations', 'symlink_install': False, 'test_result_base': None}
[2.025s] INFO:colcon.colcon_core.executor:Executing jobs using 'parallel' executor
[2.029s] DEBUG:colcon.colcon_parallel_executor.executor.parallel:run_until_complete
[2.030s] INFO:colcon.colcon_ros.task.ament_cmake.build:Building ROS package in '/home/lincunha/SESASR/lab02/src/turtlebot3_simulations/turtlebot3_fake_node' with build type 'ament_cmake'
[2.031s] INFO:colcon.colcon_cmake.task.cmake.build:Building CMake package in '/home/lincunha/SESASR/lab02/src/turtlebot3_simulations/turtlebot3_fake_node'
[2.038s] INFO:colcon.colcon_core.plugin_system:Skipping extension 'colcon_core.shell.bat': Not used on non-Windows systems
[2.039s] INFO:colcon.colcon_core.shell:Skip shell extension 'powershell' for command environment: Not usable outside of PowerShell
[2.040s] DEBUG:colcon.colcon_core.shell:Skip shell extension 'dsv' for command environment
[2.063s] INFO:colcon.colcon_ros.task.ament_cmake.build:Building ROS package in '/home/lincunha/SESASR/lab02/src/turtlebot3_simulations/turtlebot3_gazebo' with build type 'ament_cmake'
[2.064s] INFO:colcon.colcon_cmake.task.cmake.build:Building CMake package in '/home/lincunha/SESASR/lab02/src/turtlebot3_simulations/turtlebot3_gazebo'
[2.066s] INFO:colcon.colcon_core.shell:Skip shell extension 'powershell' for command environment: Not usable outside of PowerShell
[2.069s] DEBUG:colcon.colcon_core.shell:Skip shell extension 'dsv' for command environment
[2.084s] INFO:colcon.colcon_ros.task.ament_python.build:Building ROS package in '/home/lincunha/SESASR/lab02/src/lab02_pkg' with build type 'ament_python'
[2.086s] Level 1:colcon.colcon_core.shell:create_environment_hook('lab02_pkg', 'ament_prefix_path')
[2.090s] INFO:colcon.colcon_core.shell:Creating environment hook '/home/lincunha/SESASR/lab02/install/lab02_pkg/share/lab02_pkg/hook/ament_prefix_path.ps1'
[2.095s] INFO:colcon.colcon_core.shell:Creating environment descriptor '/home/lincunha/SESASR/lab02/install/lab02_pkg/share/lab02_pkg/hook/ament_prefix_path.dsv'
[2.097s] INFO:colcon.colcon_core.shell:Creating environment hook '/home/lincunha/SESASR/lab02/install/lab02_pkg/share/lab02_pkg/hook/ament_prefix_path.sh'
[2.100s] INFO:colcon.colcon_core.shell:Skip shell extension 'powershell' for command environment: Not usable outside of PowerShell
[2.101s] DEBUG:colcon.colcon_core.shell:Skip shell extension 'dsv' for command environment
[2.152s] DEBUG:colcon.colcon_core.event_handler.log_command:Invoking command in '/home/lincunha/SESASR/lab02/build/turtlebot3_fake_node': CMAKE_PREFIX_PATH=${CMAKE_PREFIX_PATH}:/home/lincunha/SESASR/lab02/install/lab02_pkg:/opt/ros/humble /usr/bin/cmake --build /home/lincunha/SESASR/lab02/build/turtlebot3_fake_node -- -j8 -l8
[2.193s] DEBUG:colcon.colcon_core.event_handler.log_command:Invoking command in '/home/lincunha/SESASR/lab02/build/turtlebot3_gazebo': CMAKE_PREFIX_PATH=${CMAKE_PREFIX_PATH}:/home/lincunha/SESASR/lab02/install/lab02_pkg:/opt/ros/humble /usr/bin/cmake --build /home/lincunha/SESASR/lab02/build/turtlebot3_gazebo -- -j8 -l8
[3.830s] INFO:colcon.colcon_core.task.python.build:Building Python package in '/home/lincunha/SESASR/lab02/src/lab02_pkg'
[3.832s] INFO:colcon.colcon_core.shell:Skip shell extension 'powershell' for command environment: Not usable outside of PowerShell
[3.833s] DEBUG:colcon.colcon_core.shell:Skip shell extension 'dsv' for command environment
[3.863s] DEBUG:colcon.colcon_core.event_handler.log_command:Invoked command in '/home/lincunha/SESASR/lab02/build/turtlebot3_fake_node' returned '0': CMAKE_PREFIX_PATH=${CMAKE_PREFIX_PATH}:/home/lincunha/SESASR/lab02/install/lab02_pkg:/opt/ros/humble /usr/bin/cmake --build /home/lincunha/SESASR/lab02/build/turtlebot3_fake_node -- -j8 -l8
[3.869s] DEBUG:colcon.colcon_core.event_handler.log_command:Invoked command in '/home/lincunha/SESASR/lab02/build/turtlebot3_gazebo' returned '0': CMAKE_PREFIX_PATH=${CMAKE_PREFIX_PATH}:/home/lincunha/SESASR/lab02/install/lab02_pkg:/opt/ros/humble /usr/bin/cmake --build /home/lincunha/SESASR/lab02/build/turtlebot3_gazebo -- -j8 -l8
[4.040s] DEBUG:colcon.colcon_core.event_handler.log_command:Invoking command in '/home/lincunha/SESASR/lab02/build/turtlebot3_fake_node': CMAKE_PREFIX_PATH=${CMAKE_PREFIX_PATH}:/home/lincunha/SESASR/lab02/install/lab02_pkg:/opt/ros/humble /usr/bin/cmake --install /home/lincunha/SESASR/lab02/build/turtlebot3_fake_node
[4.050s] DEBUG:colcon.colcon_core.event_handler.log_command:Invoking command in '/home/lincunha/SESASR/lab02/build/turtlebot3_gazebo': CMAKE_PREFIX_PATH=${CMAKE_PREFIX_PATH}:/home/lincunha/SESASR/lab02/install/lab02_pkg:/opt/ros/humble /usr/bin/cmake --install /home/lincunha/SESASR/lab02/build/turtlebot3_gazebo
[4.141s] Level 1:colcon.colcon_core.environment:create_environment_scripts_only(turtlebot3_fake_node)
[4.164s] Level 1:colcon.colcon_core.environment:checking '/home/lincunha/SESASR/lab02/install/turtlebot3_fake_node' for CMake module files
[4.177s] Level 1:colcon.colcon_core.environment:checking '/home/lincunha/SESASR/lab02/install/turtlebot3_fake_node' for CMake config files
[4.183s] Level 1:colcon.colcon_core.shell:create_environment_hook('turtlebot3_fake_node', 'cmake_prefix_path')
[4.189s] INFO:colcon.colcon_core.shell:Creating environment hook '/home/lincunha/SESASR/lab02/install/turtlebot3_fake_node/share/turtlebot3_fake_node/hook/cmake_prefix_path.ps1'
[4.199s] INFO:colcon.colcon_core.shell:Creating environment descriptor '/home/lincunha/SESASR/lab02/install/turtlebot3_fake_node/share/turtlebot3_fake_node/hook/cmake_prefix_path.dsv'
[4.201s] INFO:colcon.colcon_core.shell:Creating environment hook '/home/lincunha/SESASR/lab02/install/turtlebot3_fake_node/share/turtlebot3_fake_node/hook/cmake_prefix_path.sh'
[4.206s] DEBUG:colcon.colcon_core.event_handler.log_command:Invoked command in '/home/lincunha/SESASR/lab02/build/turtlebot3_fake_node' returned '0': CMAKE_PREFIX_PATH=${CMAKE_PREFIX_PATH}:/home/lincunha/SESASR/lab02/install/lab02_pkg:/opt/ros/humble /usr/bin/cmake --install /home/lincunha/SESASR/lab02/build/turtlebot3_fake_node
[4.208s] Level 1:colcon.colcon_core.environment:checking '/home/lincunha/SESASR/lab02/install/turtlebot3_fake_node/lib'
[4.222s] Level 1:colcon.colcon_core.environment:checking '/home/lincunha/SESASR/lab02/install/turtlebot3_fake_node/bin'
[4.222s] Level 1:colcon.colcon_core.environment:checking '/home/lincunha/SESASR/lab02/install/turtlebot3_fake_node/lib/pkgconfig/turtlebot3_fake_node.pc'
[4.223s] Level 1:colcon.colcon_core.environment:checking '/home/lincunha/SESASR/lab02/install/turtlebot3_fake_node/lib/python3.10/site-packages'
[4.224s] Level 1:colcon.colcon_core.environment:checking '/home/lincunha/SESASR/lab02/install/turtlebot3_fake_node/bin'
[4.228s] INFO:colcon.colcon_core.shell:Creating package script '/home/lincunha/SESASR/lab02/install/turtlebot3_fake_node/share/turtlebot3_fake_node/package.ps1'
[4.255s] INFO:colcon.colcon_core.shell:Creating package descriptor '/home/lincunha/SESASR/lab02/install/turtlebot3_fake_node/share/turtlebot3_fake_node/package.dsv'
[4.257s] INFO:colcon.colcon_core.shell:Creating package script '/home/lincunha/SESASR/lab02/install/turtlebot3_fake_node/share/turtlebot3_fake_node/package.sh'
[4.270s] INFO:colcon.colcon_core.shell:Creating package script '/home/lincunha/SESASR/lab02/install/turtlebot3_fake_node/share/turtlebot3_fake_node/package.bash'
[4.283s] INFO:colcon.colcon_core.shell:Creating package script '/home/lincunha/SESASR/lab02/install/turtlebot3_fake_node/share/turtlebot3_fake_node/package.zsh'
[4.286s] Level 1:colcon.colcon_core.environment:create_file_with_runtime_dependencies(/home/lincunha/SESASR/lab02/install/turtlebot3_fake_node/share/colcon-core/packages/turtlebot3_fake_node)
[4.304s] Level 1:colcon.colcon_core.environment:create_environment_scripts_only(turtlebot3_gazebo)
[4.305s] DEBUG:colcon.colcon_core.event_handler.log_command:Invoked command in '/home/lincunha/SESASR/lab02/build/turtlebot3_gazebo' returned '0': CMAKE_PREFIX_PATH=${CMAKE_PREFIX_PATH}:/home/lincunha/SESASR/lab02/install/lab02_pkg:/opt/ros/humble /usr/bin/cmake --install /home/lincunha/SESASR/lab02/build/turtlebot3_gazebo
[4.307s] Level 1:colcon.colcon_core.environment:checking '/home/lincunha/SESASR/lab02/install/turtlebot3_gazebo' for CMake module files
[4.318s] Level 1:colcon.colcon_core.environment:checking '/home/lincunha/SESASR/lab02/install/turtlebot3_gazebo' for CMake config files
[4.320s] Level 1:colcon.colcon_core.shell:create_environment_hook('turtlebot3_gazebo', 'cmake_prefix_path')
[4.321s] INFO:colcon.colcon_core.shell:Creating environment hook '/home/lincunha/SESASR/lab02/install/turtlebot3_gazebo/share/turtlebot3_gazebo/hook/cmake_prefix_path.ps1'
[4.323s] INFO:colcon.colcon_core.shell:Creating environment descriptor '/home/lincunha/SESASR/lab02/install/turtlebot3_gazebo/share/turtlebot3_gazebo/hook/cmake_prefix_path.dsv'
[4.325s] INFO:colcon.colcon_core.shell:Creating environment hook '/home/lincunha/SESASR/lab02/install/turtlebot3_gazebo/share/turtlebot3_gazebo/hook/cmake_prefix_path.sh'
[4.328s] Level 1:colcon.colcon_core.environment:checking '/home/lincunha/SESASR/lab02/install/turtlebot3_gazebo/lib'
[4.329s] Level 1:colcon.colcon_core.environment:checking '/home/lincunha/SESASR/lab02/install/turtlebot3_gazebo/bin'
[4.329s] Level 1:colcon.colcon_core.environment:checking '/home/lincunha/SESASR/lab02/install/turtlebot3_gazebo/lib/pkgconfig/turtlebot3_gazebo.pc'
[4.331s] Level 1:colcon.colcon_core.environment:checking '/home/lincunha/SESASR/lab02/install/turtlebot3_gazebo/lib/python3.10/site-packages'
[4.333s] Level 1:colcon.colcon_core.environment:checking '/home/lincunha/SESASR/lab02/install/turtlebot3_gazebo/bin'
[4.336s] INFO:colcon.colcon_core.shell:Creating package script '/home/lincunha/SESASR/lab02/install/turtlebot3_gazebo/share/turtlebot3_gazebo/package.ps1'
[4.340s] INFO:colcon.colcon_core.shell:Creating package descriptor '/home/lincunha/SESASR/lab02/install/turtlebot3_gazebo/share/turtlebot3_gazebo/package.dsv'
[4.352s] INFO:colcon.colcon_core.shell:Creating package script '/home/lincunha/SESASR/lab02/install/turtlebot3_gazebo/share/turtlebot3_gazebo/package.sh'
[4.355s] INFO:colcon.colcon_core.shell:Creating package script '/home/lincunha/SESASR/lab02/install/turtlebot3_gazebo/share/turtlebot3_gazebo/package.bash'
[4.357s] INFO:colcon.colcon_core.shell:Creating package script '/home/lincunha/SESASR/lab02/install/turtlebot3_gazebo/share/turtlebot3_gazebo/package.zsh'
[4.358s] Level 1:colcon.colcon_core.environment:create_file_with_runtime_dependencies(/home/lincunha/SESASR/lab02/install/turtlebot3_gazebo/share/colcon-core/packages/turtlebot3_gazebo)
[4.420s] Level 1:colcon.colcon_core.environment:create_environment_scripts_only(turtlebot3_fake_node)
[4.421s] Level 1:colcon.colcon_core.environment:checking '/home/lincunha/SESASR/lab02/install/turtlebot3_fake_node' for CMake module files
[4.424s] Level 1:colcon.colcon_core.environment:checking '/home/lincunha/SESASR/lab02/install/turtlebot3_fake_node' for CMake config files
[4.425s] Level 1:colcon.colcon_core.shell:create_environment_hook('turtlebot3_fake_node', 'cmake_prefix_path')
[4.426s] INFO:colcon.colcon_core.shell:Creating environment hook '/home/lincunha/SESASR/lab02/install/turtlebot3_fake_node/share/turtlebot3_fake_node/hook/cmake_prefix_path.ps1'
[4.428s] INFO:colcon.colcon_core.shell:Creating environment descriptor '/home/lincunha/SESASR/lab02/install/turtlebot3_fake_node/share/turtlebot3_fake_node/hook/cmake_prefix_path.dsv'
[4.430s] INFO:colcon.colcon_core.shell:Creating environment hook '/home/lincunha/SESASR/lab02/install/turtlebot3_fake_node/share/turtlebot3_fake_node/hook/cmake_prefix_path.sh'
[4.434s] Level 1:colcon.colcon_core.environment:checking '/home/lincunha/SESASR/lab02/install/turtlebot3_fake_node/lib'
[4.435s] Level 1:colcon.colcon_core.environment:checking '/home/lincunha/SESASR/lab02/install/turtlebot3_fake_node/bin'
[4.437s] Level 1:colcon.colcon_core.environment:checking '/home/lincunha/SESASR/lab02/install/turtlebot3_fake_node/lib/pkgconfig/turtlebot3_fake_node.pc'
[4.439s] Level 1:colcon.colcon_core.environment:checking '/home/lincunha/SESASR/lab02/install/turtlebot3_fake_node/lib/python3.10/site-packages'
[4.440s] Level 1:colcon.colcon_core.environment:checking '/home/lincunha/SESASR/lab02/install/turtlebot3_fake_node/bin'
[4.442s] INFO:colcon.colcon_core.shell:Creating package script '/home/lincunha/SESASR/lab02/install/turtlebot3_fake_node/share/turtlebot3_fake_node/package.ps1'
[4.444s] INFO:colcon.colcon_core.shell:Creating package descriptor '/home/lincunha/SESASR/lab02/install/turtlebot3_fake_node/share/turtlebot3_fake_node/package.dsv'
[4.446s] INFO:colcon.colcon_core.shell:Creating package script '/home/lincunha/SESASR/lab02/install/turtlebot3_fake_node/share/turtlebot3_fake_node/package.sh'
[4.452s] INFO:colcon.colcon_core.shell:Creating package script '/home/lincunha/SESASR/lab02/install/turtlebot3_fake_node/share/turtlebot3_fake_node/package.bash'
[4.459s] INFO:colcon.colcon_core.shell:Creating package script '/home/lincunha/SESASR/lab02/install/turtlebot3_fake_node/share/turtlebot3_fake_node/package.zsh'
[4.461s] Level 1:colcon.colcon_core.environment:create_file_with_runtime_dependencies(/home/lincunha/SESASR/lab02/install/turtlebot3_fake_node/share/colcon-core/packages/turtlebot3_fake_node)
[4.616s] Level 1:colcon.colcon_core.environment:create_environment_scripts_only(turtlebot3_gazebo)
[4.617s] Level 1:colcon.colcon_core.environment:checking '/home/lincunha/SESASR/lab02/install/turtlebot3_gazebo' for CMake module files
[4.619s] Level 1:colcon.colcon_core.environment:checking '/home/lincunha/SESASR/lab02/install/turtlebot3_gazebo' for CMake config files
[4.620s] Level 1:colcon.colcon_core.shell:create_environment_hook('turtlebot3_gazebo', 'cmake_prefix_path')
[4.632s] INFO:colcon.colcon_core.shell:Creating environment hook '/home/lincunha/SESASR/lab02/install/turtlebot3_gazebo/share/turtlebot3_gazebo/hook/cmake_prefix_path.ps1'
[4.633s] INFO:colcon.colcon_core.shell:Creating environment descriptor '/home/lincunha/SESASR/lab02/install/turtlebot3_gazebo/share/turtlebot3_gazebo/hook/cmake_prefix_path.dsv'
[4.643s] INFO:colcon.colcon_core.shell:Creating environment hook '/home/lincunha/SESASR/lab02/install/turtlebot3_gazebo/share/turtlebot3_gazebo/hook/cmake_prefix_path.sh'
[4.647s] Level 1:colcon.colcon_core.environment:checking '/home/lincunha/SESASR/lab02/install/turtlebot3_gazebo/lib'
[4.648s] Level 1:colcon.colcon_core.environment:checking '/home/lincunha/SESASR/lab02/install/turtlebot3_gazebo/bin'
[4.648s] Level 1:colcon.colcon_core.environment:checking '/home/lincunha/SESASR/lab02/install/turtlebot3_gazebo/lib/pkgconfig/turtlebot3_gazebo.pc'
[4.649s] Level 1:colcon.colcon_core.environment:checking '/home/lincunha/SESASR/lab02/install/turtlebot3_gazebo/lib/python3.10/site-packages'
[4.650s] Level 1:colcon.colcon_core.environment:checking '/home/lincunha/SESASR/lab02/install/turtlebot3_gazebo/bin'
[4.651s] INFO:colcon.colcon_core.shell:Creating package script '/home/lincunha/SESASR/lab02/install/turtlebot3_gazebo/share/turtlebot3_gazebo/package.ps1'
[4.654s] INFO:colcon.colcon_core.shell:Creating package descriptor '/home/lincunha/SESASR/lab02/install/turtlebot3_gazebo/share/turtlebot3_gazebo/package.dsv'
[4.663s] INFO:colcon.colcon_core.shell:Creating package script '/home/lincunha/SESASR/lab02/install/turtlebot3_gazebo/share/turtlebot3_gazebo/package.sh'
[4.666s] INFO:colcon.colcon_core.shell:Creating package script '/home/lincunha/SESASR/lab02/install/turtlebot3_gazebo/share/turtlebot3_gazebo/package.bash'
[4.668s] INFO:colcon.colcon_core.shell:Creating package script '/home/lincunha/SESASR/lab02/install/turtlebot3_gazebo/share/turtlebot3_gazebo/package.zsh'
[4.681s] Level 1:colcon.colcon_core.environment:create_file_with_runtime_dependencies(/home/lincunha/SESASR/lab02/install/turtlebot3_gazebo/share/colcon-core/packages/turtlebot3_gazebo)
[4.682s] INFO:colcon.colcon_ros.task.ament_cmake.build:Building ROS package in '/home/lincunha/SESASR/lab02/src/turtlebot3_simulations/turtlebot3_simulations' with build type 'ament_cmake'
[4.682s] INFO:colcon.colcon_cmake.task.cmake.build:Building CMake package in '/home/lincunha/SESASR/lab02/src/turtlebot3_simulations/turtlebot3_simulations'
[4.683s] INFO:colcon.colcon_core.shell:Skip shell extension 'powershell' for command environment: Not usable outside of PowerShell
[4.685s] DEBUG:colcon.colcon_core.shell:Skip shell extension 'dsv' for command environment
[5.085s] DEBUG:colcon.colcon_core.event_handler.log_command:Invoking command in '/home/lincunha/SESASR/lab02/build/turtlebot3_simulations': CMAKE_PREFIX_PATH=/home/lincunha/SESASR/lab02/install/turtlebot3_gazebo:/home/lincunha/SESASR/lab02/install/turtlebot3_fake_node:/home/lincunha/SESASR/lab02/install/turtlebot3_simulations:/home/lincunha/SESASR/lab02/install/lab02_pkg:/opt/ros/humble /usr/bin/cmake --build /home/lincunha/SESASR/lab02/build/turtlebot3_simulations -- -j8 -l8
[5.277s] DEBUG:colcon.colcon_core.event_handler.log_command:Invoked command in '/home/lincunha/SESASR/lab02/build/turtlebot3_simulations' returned '0': CMAKE_PREFIX_PATH=/home/lincunha/SESASR/lab02/install/turtlebot3_gazebo:/home/lincunha/SESASR/lab02/install/turtlebot3_fake_node:/home/lincunha/SESASR/lab02/install/turtlebot3_simulations:/home/lincunha/SESASR/lab02/install/lab02_pkg:/opt/ros/humble /usr/bin/cmake --build /home/lincunha/SESASR/lab02/build/turtlebot3_simulations -- -j8 -l8
[5.379s] DEBUG:colcon.colcon_core.event_handler.log_command:Invoking command in '/home/lincunha/SESASR/lab02/build/turtlebot3_simulations': CMAKE_PREFIX_PATH=/home/lincunha/SESASR/lab02/install/turtlebot3_gazebo:/home/lincunha/SESASR/lab02/install/turtlebot3_fake_node:/home/lincunha/SESASR/lab02/install/turtlebot3_simulations:/home/lincunha/SESASR/lab02/install/lab02_pkg:/opt/ros/humble /usr/bin/cmake --install /home/lincunha/SESASR/lab02/build/turtlebot3_simulations
[5.479s] Level 1:colcon.colcon_core.environment:create_environment_scripts_only(turtlebot3_simulations)
[5.480s] Level 1:colcon.colcon_core.environment:checking '/home/lincunha/SESASR/lab02/install/turtlebot3_simulations' for CMake module files
[5.484s] DEBUG:colcon.colcon_core.event_handler.log_command:Invoked command in '/home/lincunha/SESASR/lab02/build/turtlebot3_simulations' returned '0': CMAKE_PREFIX_PATH=/home/lincunha/SESASR/lab02/install/turtlebot3_gazebo:/home/lincunha/SESASR/lab02/install/turtlebot3_fake_node:/home/lincunha/SESASR/lab02/install/turtlebot3_simulations:/home/lincunha/SESASR/lab02/install/lab02_pkg:/opt/ros/humble /usr/bin/cmake --install /home/lincunha/SESASR/lab02/build/turtlebot3_simulations
[5.488s] Level 1:colcon.colcon_core.environment:checking '/home/lincunha/SESASR/lab02/install/turtlebot3_simulations' for CMake config files
[5.489s] Level 1:colcon.colcon_core.shell:create_environment_hook('turtlebot3_simulations', 'cmake_prefix_path')
[5.490s] INFO:colcon.colcon_core.shell:Creating environment hook '/home/lincunha/SESASR/lab02/install/turtlebot3_simulations/share/turtlebot3_simulations/hook/cmake_prefix_path.ps1'
[5.492s] INFO:colcon.colcon_core.shell:Creating environment descriptor '/home/lincunha/SESASR/lab02/install/turtlebot3_simulations/share/turtlebot3_simulations/hook/cmake_prefix_path.dsv'
[5.493s] INFO:colcon.colcon_core.shell:Creating environment hook '/home/lincunha/SESASR/lab02/install/turtlebot3_simulations/share/turtlebot3_simulations/hook/cmake_prefix_path.sh'
[5.496s] Level 1:colcon.colcon_core.environment:checking '/home/lincunha/SESASR/lab02/install/turtlebot3_simulations/bin'
[5.496s] Level 1:colcon.colcon_core.environment:checking '/home/lincunha/SESASR/lab02/install/turtlebot3_simulations/lib/pkgconfig/turtlebot3_simulations.pc'
[5.498s] Level 1:colcon.colcon_core.environment:checking '/home/lincunha/SESASR/lab02/install/turtlebot3_simulations/lib/python3.10/site-packages'
[5.499s] Level 1:colcon.colcon_core.environment:checking '/home/lincunha/SESASR/lab02/install/turtlebot3_simulations/bin'
[5.501s] INFO:colcon.colcon_core.shell:Creating package script '/home/lincunha/SESASR/lab02/install/turtlebot3_simulations/share/turtlebot3_simulations/package.ps1'
[5.502s] INFO:colcon.colcon_core.shell:Creating package descriptor '/home/lincunha/SESASR/lab02/install/turtlebot3_simulations/share/turtlebot3_simulations/package.dsv'
[5.504s] INFO:colcon.colcon_core.shell:Creating package script '/home/lincunha/SESASR/lab02/install/turtlebot3_simulations/share/turtlebot3_simulations/package.sh'
[5.506s] INFO:colcon.colcon_core.shell:Creating package script '/home/lincunha/SESASR/lab02/install/turtlebot3_simulations/share/turtlebot3_simulations/package.bash'
[5.509s] INFO:colcon.colcon_core.shell:Creating package script '/home/lincunha/SESASR/lab02/install/turtlebot3_simulations/share/turtlebot3_simulations/package.zsh'
[5.513s] Level 1:colcon.colcon_core.environment:create_file_with_runtime_dependencies(/home/lincunha/SESASR/lab02/install/turtlebot3_simulations/share/colcon-core/packages/turtlebot3_simulations)
[5.620s] Level 1:colcon.colcon_core.environment:create_environment_scripts_only(turtlebot3_simulations)
[5.621s] Level 1:colcon.colcon_core.environment:checking '/home/lincunha/SESASR/lab02/install/turtlebot3_simulations' for CMake module files
[5.632s] Level 1:colcon.colcon_core.environment:checking '/home/lincunha/SESASR/lab02/install/turtlebot3_simulations' for CMake config files
[5.634s] Level 1:colcon.colcon_core.shell:create_environment_hook('turtlebot3_simulations', 'cmake_prefix_path')
[5.635s] INFO:colcon.colcon_core.shell:Creating environment hook '/home/lincunha/SESASR/lab02/install/turtlebot3_simulations/share/turtlebot3_simulations/hook/cmake_prefix_path.ps1'
[5.646s] INFO:colcon.colcon_core.shell:Creating environment descriptor '/home/lincunha/SESASR/lab02/install/turtlebot3_simulations/share/turtlebot3_simulations/hook/cmake_prefix_path.dsv'
[5.648s] INFO:colcon.colcon_core.shell:Creating environment hook '/home/lincunha/SESASR/lab02/install/turtlebot3_simulations/share/turtlebot3_simulations/hook/cmake_prefix_path.sh'
[5.651s] Level 1:colcon.colcon_core.environment:checking '/home/lincunha/SESASR/lab02/install/turtlebot3_simulations/bin'
[5.651s] Level 1:colcon.colcon_core.environment:checking '/home/lincunha/SESASR/lab02/install/turtlebot3_simulations/lib/pkgconfig/turtlebot3_simulations.pc'
[5.652s] Level 1:colcon.colcon_core.environment:checking '/home/lincunha/SESASR/lab02/install/turtlebot3_simulations/lib/python3.10/site-packages'
[5.653s] Level 1:colcon.colcon_core.environment:checking '/home/lincunha/SESASR/lab02/install/turtlebot3_simulations/bin'
[5.665s] INFO:colcon.colcon_core.shell:Creating package script '/home/lincunha/SESASR/lab02/install/turtlebot3_simulations/share/turtlebot3_simulations/package.ps1'
[5.671s] INFO:colcon.colcon_core.shell:Creating package descriptor '/home/lincunha/SESASR/lab02/install/turtlebot3_simulations/share/turtlebot3_simulations/package.dsv'
[5.677s] INFO:colcon.colcon_core.shell:Creating package script '/home/lincunha/SESASR/lab02/install/turtlebot3_simulations/share/turtlebot3_simulations/package.sh'
[5.680s] INFO:colcon.colcon_core.shell:Creating package script '/home/lincunha/SESASR/lab02/install/turtlebot3_simulations/share/turtlebot3_simulations/package.bash'
[5.682s] INFO:colcon.colcon_core.shell:Creating package script '/home/lincunha/SESASR/lab02/install/turtlebot3_simulations/share/turtlebot3_simulations/package.zsh'
[5.685s] Level 1:colcon.colcon_core.environment:create_file_with_runtime_dependencies(/home/lincunha/SESASR/lab02/install/turtlebot3_simulations/share/colcon-core/packages/turtlebot3_simulations)
[6.279s] DEBUG:colcon.colcon_core.event_handler.log_command:Invoking command in '/home/lincunha/SESASR/lab02/src/lab02_pkg': PYTHONPATH=/home/lincunha/SESASR/lab02/build/lab02_pkg/prefix_override:/usr/lib/python3/dist-packages/colcon_core/task/python/colcon_distutils_commands:/home/lincunha/SESASR/lab02/install/lab02_pkg/lib/python3.10/site-packages:${PYTHONPATH} /usr/bin/python3 -W ignore:setup.py install is deprecated setup.py egg_info --egg-base ../../build/lab02_pkg build --build-base /home/lincunha/SESASR/lab02/build/lab02_pkg/build install --record /home/lincunha/SESASR/lab02/build/lab02_pkg/install.log --single-version-externally-managed install_data
[7.500s] Level 1:colcon.colcon_core.environment:checking '/home/lincunha/SESASR/lab02/install/lab02_pkg' for CMake module files
[7.502s] DEBUG:colcon.colcon_core.event_handler.log_command:Invoked command in '/home/lincunha/SESASR/lab02/src/lab02_pkg' returned '0': PYTHONPATH=/home/lincunha/SESASR/lab02/build/lab02_pkg/prefix_override:/usr/lib/python3/dist-packages/colcon_core/task/python/colcon_distutils_commands:/home/lincunha/SESASR/lab02/install/lab02_pkg/lib/python3.10/site-packages:${PYTHONPATH} /usr/bin/python3 -W ignore:setup.py install is deprecated setup.py egg_info --egg-base ../../build/lab02_pkg build --build-base /home/lincunha/SESASR/lab02/build/lab02_pkg/build install --record /home/lincunha/SESASR/lab02/build/lab02_pkg/install.log --single-version-externally-managed install_data
[7.503s] Level 1:colcon.colcon_core.environment:checking '/home/lincunha/SESASR/lab02/install/lab02_pkg' for CMake config files
[7.505s] Level 1:colcon.colcon_core.environment:checking '/home/lincunha/SESASR/lab02/install/lab02_pkg/lib'
[7.506s] Level 1:colcon.colcon_core.environment:checking '/home/lincunha/SESASR/lab02/install/lab02_pkg/bin'
[7.506s] Level 1:colcon.colcon_core.environment:checking '/home/lincunha/SESASR/lab02/install/lab02_pkg/lib/pkgconfig/lab02_pkg.pc'
[7.507s] Level 1:colcon.colcon_core.environment:checking '/home/lincunha/SESASR/lab02/install/lab02_pkg/lib/python3.10/site-packages'
[7.508s] Level 1:colcon.colcon_core.shell:create_environment_hook('lab02_pkg', 'pythonpath')
[7.509s] INFO:colcon.colcon_core.shell:Creating environment hook '/home/lincunha/SESASR/lab02/install/lab02_pkg/share/lab02_pkg/hook/pythonpath.ps1'
[7.511s] INFO:colcon.colcon_core.shell:Creating environment descriptor '/home/lincunha/SESASR/lab02/install/lab02_pkg/share/lab02_pkg/hook/pythonpath.dsv'
[7.512s] INFO:colcon.colcon_core.shell:Creating environment hook '/home/lincunha/SESASR/lab02/install/lab02_pkg/share/lab02_pkg/hook/pythonpath.sh'
[7.515s] Level 1:colcon.colcon_core.environment:checking '/home/lincunha/SESASR/lab02/install/lab02_pkg/bin'
[7.515s] Level 1:colcon.colcon_core.environment:create_environment_scripts_only(lab02_pkg)
[7.517s] INFO:colcon.colcon_core.shell:Creating package script '/home/lincunha/SESASR/lab02/install/lab02_pkg/share/lab02_pkg/package.ps1'
[7.520s] INFO:colcon.colcon_core.shell:Creating package descriptor '/home/lincunha/SESASR/lab02/install/lab02_pkg/share/lab02_pkg/package.dsv'
[7.522s] INFO:colcon.colcon_core.shell:Creating package script '/home/lincunha/SESASR/lab02/install/lab02_pkg/share/lab02_pkg/package.sh'
[7.523s] INFO:colcon.colcon_core.shell:Creating package script '/home/lincunha/SESASR/lab02/install/lab02_pkg/share/lab02_pkg/package.bash'
[7.524s] INFO:colcon.colcon_core.shell:Creating package script '/home/lincunha/SESASR/lab02/install/lab02_pkg/share/lab02_pkg/package.zsh'
[7.525s] Level 1:colcon.colcon_core.environment:create_file_with_runtime_dependencies(/home/lincunha/SESASR/lab02/install/lab02_pkg/share/colcon-core/packages/lab02_pkg)
[7.527s] DEBUG:colcon.colcon_parallel_executor.executor.parallel:closing loop
[7.530s] DEBUG:colcon.colcon_parallel_executor.executor.parallel:loop closed
[7.530s] DEBUG:colcon.colcon_parallel_executor.executor.parallel:run_until_complete finished with '0'
[7.531s] DEBUG:colcon.colcon_core.event_reactor:joining thread
[7.639s] INFO:colcon.colcon_core.plugin_system:Skipping extension 'colcon_notification.desktop_notification.notify_send': Could not find 'notify-send'
[7.640s] INFO:colcon.colcon_core.plugin_system:Skipping extension 'colcon_notification.desktop_notification.terminal_notifier': Not used on non-Darwin systems
[7.640s] INFO:colcon.colcon_core.plugin_system:Skipping extension 'colcon_notification.desktop_notification.win32': Not used on non-Windows systems
[7.640s] INFO:colcon.colcon_notification.desktop_notification:Sending desktop notification using 'notify2'
[7.641s] DEBUG:colcon.colcon_notification.desktop_notification.notify2:Failed to initialize notify2: org.freedesktop.DBus.Error.FileNotFound: Failed to connect to socket /run/user/1000/bus: No such file or directory
[7.641s] DEBUG:colcon.colcon_core.event_reactor:joined thread
[7.642s] INFO:colcon.colcon_core.shell:Creating prefix script '/home/lincunha/SESASR/lab02/install/local_setup.ps1'
[7.645s] INFO:colcon.colcon_core.shell:Creating prefix util module '/home/lincunha/SESASR/lab02/install/_local_setup_util_ps1.py'
[7.650s] INFO:colcon.colcon_core.shell:Creating prefix chain script '/home/lincunha/SESASR/lab02/install/setup.ps1'
[7.654s] INFO:colcon.colcon_core.shell:Creating prefix script '/home/lincunha/SESASR/lab02/install/local_setup.sh'
[7.656s] INFO:colcon.colcon_core.shell:Creating prefix util module '/home/lincunha/SESASR/lab02/install/_local_setup_util_sh.py'
[7.657s] INFO:colcon.colcon_core.shell:Creating prefix chain script '/home/lincunha/SESASR/lab02/install/setup.sh'
[7.662s] INFO:colcon.colcon_core.shell:Creating prefix script '/home/lincunha/SESASR/lab02/install/local_setup.bash'
[7.663s] INFO:colcon.colcon_core.shell:Creating prefix chain script '/home/lincunha/SESASR/lab02/install/setup.bash'
[7.667s] INFO:colcon.colcon_core.shell:Creating prefix script '/home/lincunha/SESASR/lab02/install/local_setup.zsh'
[7.670s] INFO:colcon.colcon_core.shell:Creating prefix chain script '/home/lincunha/SESASR/lab02/install/setup.zsh'
